0.0   0   -0.36072836372803685   0.24946899771418127
129.52   1   -0.36072800604685484   0.19905288045259079
163.4   2   -0.3607276935938528   0.017813790583511964
200.02   3   -0.3607550774679793   0.18741240750434865
236.33   4   -0.36075494201608327   0.24051747468607929
249.5   5   -0.36075553063619675   0.173413562994263
280.12   6   -0.36084184519044427   0.024985703267929347
297.37   7   -0.36152731774344277   0.016469502767891053
314.67   8   -0.36175176666958175   0.009151196843779895
333.03   9   -0.36216015149169795   0.01285516924061321
346.4   10   -0.36265288452856437   0.009263448491330633
355.81   11   -0.3628331449785359   0.006034054498146796
369.4   12   -0.36292577580555085   0.0045377195727980555
382.48   13   -0.3629935935286106   0.004620445720005991
396.21   14   -0.36303615699660297   0.0024007322051378716
409.22   15   -0.3630623191559182   0.001253755626432252
446.01   16   -0.3630730697346617   0.18179505365220383
485.4   17   -0.3630730187752738   0.2027200571662403
525.91   18   -0.36307296794234467   0.001863876772814294
599.53   19   -0.3630726710708976   0.19119551155525402
660.98   20   -0.3630726710700707   0.21490157613679617
740.91   21   -0.36307244539463474   0.2465502814015171
754.1   22   -0.363072286619567   0.22179308503497572
788.71   23   -0.36307200594181416   0.21707660646928845
805.9   24   -0.363071902751698   0.22789450526143162
831.43   25   -0.3630718712762997   0.21744804217649355
838.51   26   -0.363071869235792   0.0019395428746875904
863.07   27   -0.3630718703060421   0.18628287115960063
878.27   28   -0.3630718698019053   0.1771570265407
904.88   29   -0.3630717642591824   0.0019207646990549807
933.48   30   -0.3630717787136665   0.22564725480876605
941.65   31   -0.36307177284886905   0.0019459934521019234
954.48   32   -0.3630717775339482   0.16076220967996033
966.38   33   -0.3630717735011771   0.001945663612818294
983.0   34   -0.3630718191099521   0.20360693793690396
991.41   35   -0.3630718262883714   0.21825217627514235
1022.51   36   -0.3630762449428791   0.26465339715076724
1049.69   37   -0.36307673496353277   0.0025535838856393296
1071.85   38   -0.3630768842666027   0.0015600523747095712
1081.15   39   -0.36307934326897434   0.217370432292603
1142.75   40   -0.36307899562934476   0.22729304748873375
1182.02   41   -0.3630786996173037   0.25344211773326597
1202.85   42   -0.36307877209944456   0.19998298036331602
1222.78   43   -0.3630786000222937   0.0016074501726508295
1246.03   44   -0.36307860220988464   0.24741719084476715
1253.9   45   -0.36307860888769006   0.1970381289047251
1262.29   46   -0.3630787442018779   0.23996217603080627
1276.83   47   -0.36308012540980694   0.001099877807339124
1432.39   48   -0.36308068793029935   0.2228638423465477
1532.82   49   -0.3630806841704724   0.21551792693020638
1556.45   50   -0.3630804824278451   0.2200657859897821
1608.34   51   -0.3630804428958685   0.18007451432720162
1615.99   52   -0.36308042531890844   0.002504190966389655
1671.84   53   -0.3630809648769236   0.21767086061060675
1716.55   54   -0.3630806459846436   0.2427948817291468
1746.91   55   -0.36308039234193973   0.002522020319162281
1763.15   56   -0.3630811995297321   0.22562429489404368
1793.28   57   -0.36308119897922536   0.002228668368218682
1809.23   58   -0.36308122394085635   0.22028354352861537
1821.28   59   -0.3630812292381682   0.20403492704744108
1836.7   60   -0.36308114286674253   0.20904830758888468
1856.82   61   -0.3630816322096877   0.26222863501464516
1864.5   62   -0.3630815548472418   0.2230389492950434
1888.36   63   -0.36308188555780835   0.22240852300798306
1900.0   64   -0.3630817114399586   0.18937368372456784
1977.63   65   -0.36308165805278597   0.0020409716896325216
1985.86   66   -0.36308165872807274   0.2335198047679298
2033.52   67   -0.3630816469334943   0.22317828495591036
2049.52   68   -0.36308180955616237   0.20249960975512418
2057.44   69   -0.36308167387668633   0.24038938527532597
2069.46   70   -0.3630816491054167   0.001297867464788297
2092.86   71   -0.3630816520119833   0.20125889340407316
2109.54   72   -0.3630816429488151   0.2151177536915706
2130.44   73   -0.36308172580353815   0.24556373362966197
2146.38   74   -0.3630815421003025   0.20133637254072434
2162.39   75   -0.36308148974259113   0.20133197942817457
2170.52   76   -0.3630815288167007   0.22157854280511793
2183.65   77   -0.36308152881757705   0.18199562310285958
