0.0   0   -0.31530515515509533   0.07029574727047802
18.62   1   -0.32428644323051053   0.009095235933660137
39.41   2   -0.325174928502094   0.017332963535214106
54.89   3   -0.32698609293280345   0.011928464954081746
69.19   4   -0.3279781050732404   0.007752509089009423
84.06   5   -0.328329563995117   0.006600847334777424
111.82   6   -0.32875251897310215   0.008593230892661065
122.84   7   -0.3292107205229091   0.010914755753832576
138.86   8   -0.3298621852555268   0.007816053932364099
155.53   9   -0.3302773185619028   0.003131924016348727
170.86   10   -0.3303833210474311   0.0031253833622151006
185.84   11   -0.33045994789100386   0.001491786512653741
200.17   12   -0.3304802289199033   0.00129075391729179
222.76   13   -0.3305429449884727   0.0019347886547541409
238.27   14   -0.33058058556185493   0.0015089938391905301
253.32   15   -0.33059580788121   0.0011020064388437506
275.13   16   -0.3306235885763474   0.0019742383539837443
291.79   17   -0.33065195240897594   0.0010868422193397321
306.37   18   -0.3306615460410688   0.0008299899924279446
320.78   19   -0.3306745590280664   0.0009133375461853765
336.95   20   -0.33070033836174406   0.0013105937599301155
352.9   21   -0.3307445168688393   0.0017140205677871813
369.22   22   -0.3307669886286652   0.0009757594279159508
384.77   23   -0.3307735645158082   0.0008240001849766742
401.14   24   -0.3307807031955524   0.0007491461731755879
416.88   25   -0.33080308379254686   0.0016001172636924772
426.84   26   -0.33082063316166843   0.0007505997208447161
443.1   27   -0.330826271969763   0.0004496468145652471
465.27   28   -0.33085393196159696   0.0010422233003110932
480.62   29   -0.33086974002560693   0.0006540879378894028
494.92   30   -0.33088105961673986   0.0009790009878224539
511.17   31   -0.3308963126509378   0.0004724251496468213
525.95   32   -0.33090418757501755   0.0005400525747084735
540.79   33   -0.3309098243725519   0.0007305083651863198
556.93   34   -0.3309214635799703   0.000954649280654386
572.64   35   -0.33092828392670093   0.00032106312948497934
587.69   36   -0.33092962240244705   0.0003268514486604596
607.96   37   -0.3309490813707219   0.0004299456543496273
620.11   38   -0.33095160582188105   0.000549460902106487
636.5   39   -0.33095474767414507   0.0003231354205912664
651.87   40   -0.33095857544540747   0.0005437807665844128
666.66   41   -0.33097391247596286   0.0006414804286665808
676.84   42   -0.33098379289900515   0.0007993268362204485
687.3   43   -0.33098894659697065   0.0005274175902178936
697.6   44   -0.3309903187846955   0.0003008661336030108
712.24   45   -0.33099165757518084   0.0002660933615487242
727.91   46   -0.3309953567000372   0.0006588344825525741
743.69   47   -0.3310039423809278   0.0005653440294990722
758.82   48   -0.3310073925305082   0.0002669758402976669
773.84   49   -0.3310092551000659   0.00030051369074269533
790.88   50   -0.33101108087882547   0.00028832038942605754
807.42   51   -0.33101620085325734   0.0005813027126782006
823.47   52   -0.3310216183776771   0.00030258279736374683
839.38   53   -0.33102369232265816   0.00020411431501627932
855.88   54   -0.3310249811668793   0.00030986548609304634
869.93   55   -0.33102892211204327   0.00039070575586466446
885.0   56   -0.33103466016184036   0.00042600415287460383
894.65   57   -0.33103791278624145   0.000322201466424241
910.66   58   -0.3310398528302331   0.00019726535775469839
925.56   59   -0.33104055468143123   0.00023669586152614565
940.17   60   -0.33104117215632645   0.0002150623520534003
959.86   61   -0.33104293423262665   0.0003715981234466204
974.3   62   -0.3310447470801766   0.0001365089373040537
989.07   63   -0.3310451178374729   0.00010108312766423064
1003.25   64   -0.33104602677042105   0.00027369128938486997
1019.04   65   -0.331046674671292   0.00017065378265215987
1032.96   66   -0.33104743956472127   0.0002211581153463385
1043.0   67   -0.3310483630780455   0.00015908059829286341
1053.62   68   -0.33104899408530286   0.0001271112843960911
1068.44   69   -0.33104980338747036   0.00017876953467607713
1083.69   70   -0.3310515997303545   0.0001660964697315881
1099.3   71   -0.33105337441558286   0.00022821162785853779
1115.36   72   -0.33105432238275107   0.00011110478057723767
1125.38   73   -0.3310545517591876   0.00014794926002265443
1140.05   74   -0.33105514601004793   0.00015846230695456623
1160.03   75   -0.33105795534917337   0.00026776349705738274
1171.08   76   -0.33105865241768084   0.0002529795655509455
1186.64   77   -0.3310594673666678   0.00021640485142177028
1202.28   78   -0.3310608390263531   0.00020545361270411254
1212.56   79   -0.33106134768787415   0.0002552187793506219
1223.71   80   -0.331061570723492   0.00010170879656162441
1239.46   81   -0.3310616867824331   8.505627075367487e-5
1260.98   82   -0.3310624881858647   0.0003872580208230003
1276.69   83   -0.331063288193679   0.0001064443077019455
1293.75   84   -0.3310635020514347   8.380527528612072e-5
1309.91   85   -0.33106391234888755   0.00011882713677291597
1325.28   86   -0.3310645952287895   0.0002795083265341997
1336.31   87   -0.33106569842423983   0.0001793288407640896
1352.75   88   -0.3310662973581122   0.00014164970672257877
1367.45   89   -0.3310668141233279   0.0001537560430772852
1381.54   90   -0.33106741532969697   0.0002362223141584715
1397.48   91   -0.33106774136914024   0.0001079542159477408
1411.63   92   -0.33106802124169193   0.00013026087383874964
1425.34   93   -0.33106833041765316   6.526368310822275e-5
1440.15   94   -0.331068700738954   9.293874972519566e-5
1455.83   95   -0.33106939363465043   0.00012506335708247057
1465.3   96   -0.33107009257452646   0.00022267145748589424
1479.48   97   -0.33107088870329376   0.00015790132146205688
1494.96   98   -0.3310712283756046   0.00012523370571229173
1510.09   99   -0.33107178102722024   0.00030433307650478135
1525.71   100   -0.3310722521155026   8.680433142041682e-5
0.0   0   -0.3310722520971814   0.0001135327873372675
16.76   1   -0.3310723576335705   0.00023205682155733615
31.72   2   -0.3310725765525826   0.00015800668514429097
47.42   3   -0.33107265363202004   0.00014120092150009134
66.17   4   -0.3310728961412594   0.00019948811776468754
80.65   5   -0.33107333918118204   0.00011284243606719368
95.99   6   -0.331073666990663   0.00012799654037258572
109.72   7   -0.3310742327084414   0.0001519719522246941
124.31   8   -0.3310745928879653   0.00010811004675664658
140.23   9   -0.33107493608272937   0.00011220948367028974
156.44   10   -0.33107538489507204   7.653561355252779e-5
171.67   11   -0.3310762179448138   0.00011472239758436612
181.52   12   -0.3310766614583145   8.647133634946882e-5
196.94   13   -0.3310770372234917   0.00014098282073088768
211.68   14   -0.33107753108979704   6.363527820185749e-5
224.88   15   -0.33107785876399953   0.00010690745007777939
243.27   16   -0.33107860563639646   0.00011349495825419574
257.86   17   -0.33107878845284844   6.174233688676618e-5
275.11   18   -0.3310791010417475   0.00014437213357777363
288.4   19   -0.33107983654436474   0.00012174944774453276
302.53   20   -0.33108017663358597   9.308287530828374e-5
316.41   21   -0.33108086671621506   0.000338982424509038
330.37   22   -0.33108109202171465   0.00018653942510066653
339.63   23   -0.3310811981483021   9.91715536124017e-5
353.22   24   -0.3310812585224981   9.413527007818014e-5
367.03   25   -0.3310815465260446   0.00019538801356564777
381.78   26   -0.33108229008770196   0.00010722742229023371
390.86   27   -0.3310824042595693   7.043616156133872e-5
405.77   28   -0.3310825646362874   0.00015373428054265935
420.1   29   -0.331083088314611   0.00013525494512620808
434.41   30   -0.33108322202003543   6.706792613661339e-5
454.56   31   -0.3310833882103389   0.00013612397278443694
474.67   32   -0.33108440725454624   0.00011649280966917011
484.55   33   -0.331084740590152   0.00011453392046844637
499.62   34   -0.33108499954172765   6.926322649290792e-5
513.41   35   -0.3310852361843745   0.00017835651992320988
527.56   36   -0.33108576242019827   9.309883895328061e-5
542.48   37   -0.3310861398538161   6.371619141897483e-5
553.25   38   -0.3310862606377693   7.635053132351674e-5
562.77   39   -0.33108635044437174   5.880672124253192e-5
576.47   40   -0.3310864947216179   0.00011482417361040861
591.28   41   -0.3310867092279747   0.00010842044044021689
606.89   42   -0.33108683350990886   5.969256329914905e-5
621.6   43   -0.3310869060342436   6.454119980874507e-5
631.36   44   -0.33108694656968407   0.0001360886874730517
644.6   45   -0.3310870345950812   5.991091750163936e-5
659.32   46   -0.33108711493494936   7.183889823065919e-5
673.66   47   -0.33108716670382987   9.857465337698672e-5
687.15   48   -0.33108723061085243   9.066423670696994e-5
702.12   49   -0.3310872995467872   5.125014825683438e-5
716.26   50   -0.3310873687425993   5.92793166762713e-5
725.24   51   -0.3310874294473922   6.35105355756533e-5
738.74   52   -0.3310875648201577   4.767116222931308e-5
753.53   53   -0.3310876551141889   6.370947042577183e-5
766.93   54   -0.3310877121094365   4.1457736426870805e-5
780.38   55   -0.33108778214315066   6.551538789018372e-5
794.41   56   -0.33108790274877853   4.092581878538602e-5
809.48   57   -0.3310879315818088   3.110689317390777e-5
823.19   58   -0.3310879917681869   5.20710394789872e-5
837.5   59   -0.3310881454813315   8.89999674100108e-5
852.44   60   -0.3310882233228121   5.2663710798829464e-5
867.6   61   -0.33108825350522675   2.991753593065373e-5
881.4   62   -0.3310882985679464   3.87384039893195e-5
895.29   63   -0.3310883995123787   0.00012996650493726132
909.68   64   -0.3310885015943662   7.590667341055543e-5
923.71   65   -0.33108854201963595   8.276555721906035e-5
937.6   66   -0.3310885901247353   8.032479700125552e-5
952.42   67   -0.3310886182600578   5.043760210598776e-5
966.51   68   -0.3310886653483697   7.332022506121153e-5
980.52   69   -0.3310887060505552   5.634111273418739e-5
994.51   70   -0.33108873159606067   3.545771555515397e-5
1009.2   71   -0.33108880061954643   6.756172566158394e-5
1023.92   72   -0.3310888640898915   4.188185165535119e-5
1037.98   73   -0.3310889024843307   3.738163971795218e-5
1052.71   74   -0.33108895483749706   4.4821523442760467e-5
1062.8   75   -0.3310889891508873   4.5243548383367945e-5
1076.65   76   -0.33108902393757356   4.1772924745998187e-5
1089.95   77   -0.3310891018953652   4.862962708628824e-5
1104.41   78   -0.33108916759646145   8.225002534325746e-5
1119.01   79   -0.33108923886268726   4.2000100053633535e-5
1132.44   80   -0.3310893003555054   4.839988754639423e-5
1146.15   81   -0.3310893628318756   5.837598435573107e-5
1160.76   82   -0.33108946773122994   8.039165998628377e-5
1174.99   83   -0.33108950267481296   2.8499397931024564e-5
1187.49   84   -0.3310895164167932   3.0300947840425946e-5
1201.37   85   -0.3310895343137338   2.8954810212165717e-5
1214.48   86   -0.33108955296596193   3.569108854016779e-5
1223.11   87   -0.33108955985946853   3.546295625398219e-5
1234.93   88   -0.33108957647319665   3.58075184505467e-5
1246.79   89   -0.33108962068718306   4.995686296568705e-5
1255.06   90   -0.3310896294810795   2.8704222355124698e-5
1267.21   91   -0.33108963491111315   2.0141094231120356e-5
1279.23   92   -0.33108965285426417   2.619477699031427e-5
1292.18   93   -0.3310896736821558   3.937772004437061e-5
1304.82   94   -0.3310897012543446   4.7869475788251366e-5
1316.86   95   -0.33108977147291435   5.9087646938696406e-5
1329.57   96   -0.331089805791675   2.6610547672129233e-5
1342.19   97   -0.3310898172535205   4.098462741848963e-5
1359.08   98   -0.331089854195565   4.8720938384241664e-5
1371.79   99   -0.3310899020672219   4.2674839406573463e-5
1384.95   100   -0.33108992851749014   3.6481921536884e-5
0.0   0   -0.33108992851738683   3.8590993569876473e-5
47.75   1   -0.33108993424255084   5.299195453631007e-5
119.65   2   -0.3310899391137525   3.643958741116518e-5
195.33   3   -0.3310899437377175   4.265353362330988e-5
279.89   4   -0.3310899470504773   3.953533160400414e-5
375.59   5   -0.3310899667430303   2.203186839163027e-5
448.25   6   -0.3310899743225175   1.3773112858156746e-5
552.83   7   -0.3310899841737104   1.9988876228297767e-5
627.39   8   -0.33108999636427294   1.386566945374677e-5
700.24   9   -0.3310900079117852   1.6981151048449274e-5
776.37   10   -0.3310900164653949   1.3986198553222281e-5
851.41   11   -0.3310900347128737   1.66254143633585e-5
900.39   12   -0.3310900411473231   1.0571605399350589e-5
974.32   13   -0.33109004848660967   2.5739083248199613e-5
1048.36   14   -0.3310900712693963   1.477928129414395e-5
1126.99   15   -0.33109008594858375   2.254146270299539e-5
1206.08   16   -0.33109011243702063   1.5526510930528856e-5
1310.99   17   -0.33109014722274216   3.903458379223932e-5
1391.53   18   -0.33109015451889945   1.8024793732058072e-5
1512.48   19   -0.3310901734644348   2.841448954814606e-5
1583.54   20   -0.331090179489849   8.722309158095492e-6
1693.82   21   -0.331090196277363   2.9130156405225093e-5
1734.21   22   -0.3310901979869596   2.561176399945106e-5
1779.71   23   -0.3310902005798685   1.211826414747128e-5
1829.04   24   -0.3310902012627378   1.271596678857989e-5
1899.34   25   -0.3310902020125479   1.597358702388469e-5
1996.81   26   -0.33109021427583174   3.15658354288102e-5
2074.26   27   -0.3310902304364598   1.274050851348934e-5
2139.8   28   -0.3310902359215629   1.106496851826515e-5
2234.07   29   -0.3310902616412694   1.9027203971938517e-5
2276.41   30   -0.3310902668961663   1.4183253318303918e-5
2352.18   31   -0.33109027517128997   2.088806875509438e-5
2420.66   32   -0.33109028664667745   1.2599534883383102e-5
2474.73   33   -0.3310902905825212   1.0656014941442898e-5
2556.13   34   -0.3310902980839123   1.1585992118279864e-5
2618.63   35   -0.33109030310208665   1.6207932173723525e-5
2678.11   36   -0.33109031038953235   9.835828095184233e-6
2726.22   37   -0.3310903181031711   1.2046215423559707e-5
2751.99   38   -0.33109032106866404   1.1306606260075465e-5
2778.07   39   -0.331090322174242   1.6246890816425027e-5
2827.89   40   -0.33109032734199517   1.2372492287689806e-5
2846.67   41   -0.3310903310843249   1.4668205721054706e-5
2866.34   42   -0.3310903379052382   2.347589815478086e-5
2884.3   43   -0.3310903450814898   1.388162854556632e-5
2899.24   44   -0.33109034654189406   1.7049169339309772e-5
2914.9   45   -0.3310903487169805   2.5853124558404218e-5
2932.7   46   -0.33109035271915105   2.057483076967525e-5
2949.59   47   -0.3310903551257869   1.5559129494525757e-5
2970.3   48   -0.33109036228588173   1.1015619631477005e-5
2986.64   49   -0.3310903650130611   1.211400370031636e-5
3006.97   50   -0.3310903718583294   2.3345554448785696e-5
3021.98   51   -0.3310903827357272   1.4206303507062943e-5
3039.55   52   -0.3310903887480219   9.615415914273469e-6
3055.23   53   -0.33109039204504326   9.380501226094106e-6
3072.33   54   -0.33109039672505775   1.6207910260006028e-5
3081.96   55   -0.3310904018194434   1.1552416966943968e-5
3098.04   56   -0.3310904043103558   1.034420924880763e-5
3120.51   57   -0.3310904080406553   1.0324121375247643e-5
3136.64   58   -0.3310904090293917   1.0473358369230053e-5
3159.08   59   -0.33109041075453965   7.370785100682025e-6
3175.33   60   -0.3310904132786705   1.5058445410115187e-5
3185.92   61   -0.3310904154144758   9.344944075537617e-6
3201.6   62   -0.3310904180795867   8.854356129086809e-6
3217.91   63   -0.33109041958948715   1.4661677792000301e-5
3233.49   64   -0.3310904203271097   8.171292862968157e-6
3249.81   65   -0.33109042122802795   2.0034852524409792e-5
3265.53   66   -0.33109042318082627   1.3382929028130614e-5
3282.1   67   -0.33109042464779015   1.2528032333424403e-5
3298.59   68   -0.3310904269392971   9.017826387471882e-6
3313.95   69   -0.3310904290497498   8.84360147409688e-6
3328.82   70   -0.3310904305274405   1.1466692276665709e-5
3345.2   71   -0.33109043137090444   6.569990408315565e-6
3367.17   72   -0.3310904324003652   6.983077960945627e-6
3387.44   73   -0.3310904364022077   1.2742772708878241e-5
3405.43   74   -0.33109043943697136   7.518194515416684e-6
3422.21   75   -0.33109044410049887   8.695684556704529e-6
3432.64   76   -0.3310904454925513   8.560706282879469e-6
3448.68   77   -0.3310904469842475   8.704665746137406e-6
3460.93   78   -0.33109044816131067   1.2527903947358922e-5
3471.69   79   -0.3310904492705524   6.654702365073509e-6
3494.31   80   -0.3310904504266684   7.754260253868593e-6
3509.98   81   -0.33109045344908994   6.465487011981521e-6
3527.22   82   -0.3310904546391702   8.136749145631925e-6
3537.35   83   -0.33109045542758647   8.380362400600151e-6
3552.22   84   -0.33109045658613895   1.6822076229776044e-5
3566.05   85   -0.33109045807517334   1.1023503453497156e-5
3581.77   86   -0.33109045940351184   2.2073401918670265e-5
3598.09   87   -0.3310904603376904   8.540961063425161e-6
3612.24   88   -0.3310904613081934   1.0561950697202985e-5
3627.71   89   -0.3310904629581337   1.0908680334940253e-5
3644.82   90   -0.33109046518832874   1.0376867344906075e-5
3654.69   91   -0.3310904663002922   7.333502535333442e-6
3670.16   92   -0.33109046705024936   9.208902917524064e-6
3686.72   93   -0.3310904678519754   5.091398833071567e-6
3703.11   94   -0.3310904686334467   7.820084187621548e-6
3720.06   95   -0.33109047233605604   1.0746567254934936e-5
3736.92   96   -0.3310904757061709   1.2320564616247642e-5
3755.08   97   -0.3310904783991909   7.4321595291649756e-6
3770.49   98   -0.3310904814203715   8.386170759115782e-6
3785.43   99   -0.33109048529581125   1.2406415753920348e-5
3795.05   100   -0.3310904868949589   1.0889947163945664e-5
