0.0   0   -0.32447651446721915   0.008320595346368755
63.34   1   -0.32587382756432476   0.0027514858783172936
148.82   2   -0.32603163446177913   0.0032589383404615954
274.02   3   -0.3279906077609163   0.0038325079756109104
338.43   4   -0.32840831400555176   0.0024313632427255456
397.86   5   -0.3288562078312015   0.0033619147985836343
452.18   6   -0.3291910090613967   0.0029579601465603354
533.34   7   -0.32948916103145554   0.0010272201008264855
613.66   8   -0.3295555911214225   0.0015705881742828515
730.19   9   -0.3300006518306697   0.003395728440590774
795.21   10   -0.3300704247732678   0.0034634851053147796
855.08   11   -0.33038877008841616   0.002700995772543678
946.09   12   -0.33058217173606597   0.0012269011205039444
1035.44   13   -0.33059888333338905   0.0004781120305282721
1125.33   14   -0.3306056799435229   0.00040216402275963445
1247.87   15   -0.3306259216326176   0.0005436936799580423
1370.12   16   -0.33075624269028675   0.0013175923124270914
1432.2   17   -0.3308071689322878   0.0013862183235062954
1495.19   18   -0.33089869958766827   0.0009117832062458989
1553.77   19   -0.33092966122001316   0.00040355381915805206
1646.58   20   -0.33096059010248446   0.0005990076148076768
1744.92   21   -0.3309926254313825   0.0005063435821646395
1836.36   22   -0.33103400553256895   0.000720489531404074
1927.17   23   -0.331068025058374   0.0006805013585814846
1980.7   24   -0.3310829361059801   0.0004156093617600204
2059.92   25   -0.3310935008124839   0.00041316929107940923
2139.81   26   -0.3311041676681744   0.000490172874737917
2225.35   27   -0.33112473300300244   0.0005330573935722356
2282.38   28   -0.3311315258917289   0.0004511240766243729
2371.33   29   -0.3311342094207085   0.0003013713069269623
2488.57   30   -0.33115081779058   0.0004306655253007866
2588.7   31   -0.33117086473234997   0.00039223943885472725
2683.22   32   -0.3311750626802041   0.0001867158579447521
2772.43   33   -0.33117672362812733   0.0001834412466540597
2858.69   34   -0.3311797154610064   0.0004348768262114793
2954.22   35   -0.3311871150208313   0.0002908815014674398
3040.87   36   -0.3311929791445736   0.00023668532172028557
3133.15   37   -0.3311956732910051   0.0001836031759904181
3222.6   38   -0.3311970717983383   0.0002186541545654611
3348.61   39   -0.3312019584739686   0.0003365073532643959
3444.77   40   -0.33121064267826483   0.00021335163862391625
3549.86   41   -0.3312126490771379   0.00015532900660227036
3668.88   42   -0.33122154514560304   0.00035351520484498217
3763.4   43   -0.3312284498255701   0.0001487959875392664
3851.44   44   -0.33123108713005367   0.00014710191490828085
3943.31   45   -0.3312341640565625   0.00015513275383088765
4032.51   46   -0.33123658583979454   0.000259312399066868
4126.02   47   -0.33123895336354836   0.00010375467994557712
4213.6   48   -0.33124012253916035   0.00011749853045957972
4303.4   49   -0.33124152575345606   0.00013912109435830602
4396.05   50   -0.33124446954673853   0.00015877813862149454
4456.62   51   -0.33124519256266516   0.00016055825550923754
4542.07   52   -0.33124590064908394   0.00012254210107342213
4629.85   53   -0.33124622112665114   9.296157538962854e-5
4687.77   54   -0.3312470188558   0.00014357772164905547
4783.03   55   -0.33124863135581983   0.00017890119184532972
4885.28   56   -0.33124977943308154   0.00013140418283294172
4991.11   57   -0.33125036446869655   8.930280197535027e-5
5090.8   58   -0.33125140339091436   9.636162215681663e-5
5160.17   59   -0.33125286138096766   0.00013511179549661543
5271.95   60   -0.33125453794292714   0.00010168150031042741
5372.05   61   -0.3312556043243311   0.00014475339501848379
5470.28   62   -0.33125691141778396   8.886155639949458e-5
5575.04   63   -0.3312575947149329   8.422897333837624e-5
5718.36   64   -0.3312601040668489   9.459921643105375e-5
5784.19   65   -0.331261014385331   0.00017051783765520856
5842.45   66   -0.33126188420270547   0.00011498413467948562
5932.54   67   -0.3312623688859824   9.166023830017293e-5
6020.03   68   -0.3312630528442533   8.998680316349768e-5
6106.3   69   -0.3312648540496609   0.00011680764404504095
6196.21   70   -0.3312662280967588   0.00016483839074617673
6290.39   71   -0.3312671357177226   6.945484000185161e-5
6383.61   72   -0.33126837357824507   0.00013766067973203371
6445.92   73   -0.3312692845875937   0.00012910914595122964
6534.3   74   -0.3312701900711461   9.24606436279762e-5
6625.82   75   -0.33127053224357667   6.218151478190481e-5
6714.65   76   -0.33127107696914215   0.00010025550546599187
6802.58   77   -0.331272223236424   0.0001211642982805431
6865.84   78   -0.3312726806531873   7.723288312246118e-5
6943.42   79   -0.3312728877409368   8.511449576140846e-5
7039.05   80   -0.33127313516079887   6.325413070346437e-5
7123.73   81   -0.3312733916947873   8.230207427568594e-5
7212.85   82   -0.33127382718903786   6.0885783154858784e-5
7299.36   83   -0.33127462044615674   9.878543876914878e-5
7355.89   84   -0.33127505206656477   7.853707256382199e-5
7441.36   85   -0.33127545161167377   7.263825734500685e-5
7535.7   86   -0.3312761444370984   8.232638618575118e-5
7638.13   87   -0.33127664050368866   0.00011605263278050334
7704.64   88   -0.33127699381710574   5.512310710759641e-5
7823.23   89   -0.33127738694125763   6.628798876528906e-5
7921.38   90   -0.33127811371454424   8.919557021658176e-5
8046.25   91   -0.3312787035296622   5.996516373144128e-5
8139.89   92   -0.33127965388555636   7.136787613131718e-5
8201.79   93   -0.3312805322120581   7.608684030607883e-5
8259.85   94   -0.331280923614193   6.856508894080499e-5
8354.34   95   -0.3312811395395368   4.992428807698016e-5
8437.42   96   -0.3312812871907057   6.639956588148032e-5
8510.52   97   -0.3312814909055586   6.1502510985075e-5
8589.37   98   -0.3312823000371336   4.979110684203689e-5
8644.33   99   -0.33128244251487726   4.5529748108220104e-5
8718.73   100   -0.33128260186544856   5.2598929290590836e-5
