0.0   0   0.44025029090778894   0.11215085424511045
17.07   1   -0.06841777320941522   0.17113970649929477
31.11   2   -0.30548383452182715   0.11257228079409513
45.67   3   -0.40846750743122306   0.07235678689581249
58.61   4   -0.47239780083484206   0.04851346712609204
72.02   5   -0.527523674509453   0.04105037433080436
86.79   6   -0.5476526333407666   0.053018160055377676
100.96   7   -0.5882540188239526   0.042300565875389294
115.27   8   -0.6127754049741666   0.02801966230742652
128.76   9   -0.6300030177798445   0.013997115353020005
144.64   10   -0.6350113860120287   0.014302382063923287
158.44   11   -0.6387426087647368   0.006715922108625248
173.08   12   -0.640722707007981   0.0034079363728736164
188.18   13   -0.6411054555772069   0.002098654193578863
202.66   14   -0.6416397612891542   0.0014939774275582664
217.34   15   -0.6420565992784399   0.0016278004667426786
226.55   16   -0.6421243579259788   0.001030603709224501
241.65   17   -0.6421908182284913   0.0008969380401093313
256.13   18   -0.6422954468914049   0.0009434394744413229
270.23   19   -0.6424034248579312   0.0010953355860190055
283.76   20   -0.6424688663210967   0.0006952717288608807
297.82   21   -0.6425079512188063   0.0003897095790179371
311.97   22   -0.6425194076394856   0.0003536533539390687
325.55   23   -0.642530368559699   0.00040748355076777637
338.43   24   -0.6425419915055304   0.0003959092665924458
353.21   25   -0.6425593292189979   0.000559876129633034
367.92   26   -0.6426095074178698   0.0013463666219557513
382.17   27   -0.6426890806036513   0.0007521613151147538
397.32   28   -0.642734808436231   0.0007103271123663547
417.0   29   -0.6428322078308214   0.2108284100975827
432.75   30   -0.6428321283757181   0.0006255886321996222
442.19   31   -0.6428566309671104   0.0005672243340898316
453.6   32   -0.6428650362881067   0.0006357182626731972
463.16   33   -0.6429380798955907   0.0006929752128293952
477.51   34   -0.6429880036521701   0.0009025041626024169
487.0   35   -0.6429909596383196   0.2482634491097398
498.12   36   -0.6430658426851582   0.0006090313976520116
508.9   37   -0.6430958882916288   0.23271282153731118
523.39   38   -0.643100405197675   0.000963978741973447
533.35   39   -0.6431172110257601   0.0006229543357070658
562.59   40   -0.6431244614077896   0.23792871733100648
661.27   41   -0.643124461407794   0.0015225546551453574
675.52   42   -0.6431748584224914   0.0010461550068265838
684.97   43   -0.6432000683687742   0.0010098410091418527
705.25   44   -0.6432379677311467   0.0008105327030947799
721.75   45   -0.6433014411080766   0.28427819009474026
784.25   46   -0.6433008278654682   0.0014163032777107837
794.55   47   -0.6433043410084508   0.24548482340972863
809.68   48   -0.6433043523552936   0.001036111557483288
864.75   49   -0.6433056146974023   0.0014739016063156497
875.15   50   -0.6433089409083587   0.0012967780527009495
886.71   51   -0.6433160265683636   0.001138580069686544
897.56   52   -0.6433324193425219   0.00100463551271986
912.44   53   -0.6434046314725046   0.0005709500545232753
922.96   54   -0.6434121312937823   0.0005930609886553221
968.22   55   -0.6434218605126764   0.000960425966449757
980.18   56   -0.6434223204115331   0.000950841703954442
1021.62   57   -0.6434482668709959   0.001386356717682758
1037.09   58   -0.6434896964362626   0.0006846854357872178
1048.83   59   -0.6434998769230881   0.0006498612426273536
1082.67   60   -0.6435314697360695   0.0013098183190626228
1094.72   61   -0.6435350866499375   0.0013364976100156722
1105.27   62   -0.6435643938748791   0.0012338481628579138
1120.34   63   -0.6437038982902816   0.00077820303633292
1135.17   64   -0.6437692878415583   0.0007342258775810067
1277.64   65   -0.6437874076832865   0.2553264606077526
1331.09   66   -0.6437870022038089   0.2631595836202646
1356.5   67   -0.6437885787298131   0.0016844244274103744
1373.24   68   -0.6437932208414718   0.26622070302110684
1391.32   69   -0.643797266591927   0.33593674790860667
1447.93   70   -0.6437966376554377   0.0015447902189622427
1501.1   71   -0.6438141103044631   0.0021812667326528293
1519.08   72   -0.6438749378971725   0.0005926814452886639
1533.58   73   -0.6438943351685532   0.20082603660239906
1569.21   74   -0.6439048491544315   0.24889654625853608
1611.4   75   -0.6439043252916742   0.2543168634103921
1661.71   76   -0.6439037983539164   0.0018213644179326403
1675.42   77   -0.6439224892747579   0.001288727435215429
1685.72   78   -0.6439277734831621   0.0014082682436777933
1745.39   79   -0.6439441685858831   0.0021183931182606236
1759.21   80   -0.6440208769355604   0.25413919406973995
1819.01   81   -0.6440204572113746   0.0008959121555074004
1833.48   82   -0.6440238448719646   0.000730076986958334
1847.58   83   -0.6440530543600594   0.0011845648457467928
1861.33   84   -0.6441028402909547   0.0005427713771213932
1870.79   85   -0.6441036889266889   0.25594589982174876
1880.21   86   -0.6441087167883577   0.0007706677811783546
1893.41   87   -0.6441088755804426   0.000706146701562384
1911.48   88   -0.644119342726794   0.001153196382165689
1939.37   89   -0.6441388263987204   0.26547511122594053
1966.05   90   -0.644139102839455   0.0009920248952311425
1975.79   91   -0.6441529576162721   0.000571901893295797
1985.83   92   -0.6441537922078288   0.0005288495143391135
1995.38   93   -0.6441726952051833   0.0005674059493870443
2009.95   94   -0.6441989182006088   0.19456509962058077
2033.92   95   -0.6441988315861698   0.0005600315278009585
2065.16   96   -0.6442039649398817   0.21092657038010737
2074.6   97   -0.6442055125388377   0.0007401970807821745
2137.61   98   -0.6442048713492774   0.2580206832116915
2309.5   99   -0.6442048709147996   0.0007478876263446014
2327.96   100   -0.6442057334838944   0.2735747098550593
0.0   0   -0.6442057334857215   0.28993622513711986
56.19   1   -0.6442053204896914   0.005577348090993896
79.21   2   -0.6442177782243411   0.2175396402805298
100.74   3   -0.6442253512817315   0.22207340987907903
127.94   4   -0.6442250590203642   0.0025050665501719347
151.89   5   -0.644225215160265   0.0024337977413173466
166.09   6   -0.6442381595411196   0.0023998025773022437
191.89   7   -0.6442521594469802   0.2447678385604035
226.27   8   -0.6442520176668505   0.0035649665195460036
236.82   9   -0.6442528502099174   0.002945630608529372
251.52   10   -0.6442587895391154   0.0020662805712264513
266.98   11   -0.6442722147641542   0.002775699900450243
283.48   12   -0.6442978579694156   0.0035528711754897243
306.16   13   -0.6443044646909094   0.003138033385219537
327.77   14   -0.64432340133221   0.004951654223995873
370.31   15   -0.644345796937444   0.2424435688923468
387.15   16   -0.6443465316575206   0.004543861773263019
402.46   17   -0.6443674983614701   0.001606190917988488
422.76   18   -0.6443724702984484   0.2564166567186675
437.37   19   -0.6443729171770574   0.002780958541601205
447.76   20   -0.6443760397488518   0.0013925150668215951
462.57   21   -0.6443872416505082   0.003093177424093302
482.46   22   -0.6443983268218851   0.002207228845181257
498.92   23   -0.6444316991731678   0.0023209819614270696
515.88   24   -0.6444523185940144   0.002126112085347719
527.23   25   -0.6444567473747809   0.0011744048232512647
543.82   26   -0.6444680731916841   0.0024870542924590264
560.56   27   -0.6444768739688647   0.002333346415944764
583.29   28   -0.6444858052822154   0.0012909665810657222
594.91   29   -0.6444859174192321   0.2535422035449058
636.92   30   -0.6444884178618113   0.0013622601851544945
654.28   31   -0.6444894843132447   0.0017034598159148754
669.72   32   -0.6444985801735119   0.0018814001971471565
685.6   33   -0.644509556290767   0.0022049040562831354
701.21   34   -0.6445178662381149   0.0016381885498695128
732.59   35   -0.6445246132464801   0.001839814074481969
754.81   36   -0.6445341349809011   0.0021286752634994926
771.41   37   -0.6445531260945232   0.0019108108604936106
781.91   38   -0.644563813885427   0.18986704282117575
799.28   39   -0.6445637345118901   0.001507978445167005
897.32   40   -0.6445632513868266   0.23660596878731757
980.02   41   -0.6445626843649064   0.2353296136968922
1009.66   42   -0.6445623887745882   0.0014314513122436132
1025.3   43   -0.644562434990368   0.3065243326160686
1150.12   44   -0.6445622621547007   0.0018329110181008643
1160.94   45   -0.6445622632589507   0.24448972899101923
1175.93   46   -0.6445622616857686   0.0018330701154550765
1194.92   47   -0.6445622617958238   0.23650451783446844
1275.83   48   -0.6445622359055869   0.0014263705521691612
1298.26   49   -0.644562264284008   0.2800116131209363
1320.03   50   -0.644563822278327   0.0012020854607310949
1384.25   51   -0.64456353081947   0.003659291735454047
1401.78   52   -0.644570333444234   0.21972372533435247
1436.11   53   -0.6445708334842204   0.214465246060785
1459.32   54   -0.6445707502593028   0.001569303471753328
1482.83   55   -0.6445707629958266   0.24793345334549227
1499.82   56   -0.644570761110964   0.31706314453544343
1522.15   57   -0.6445703829165841   0.25069573306036874
1560.6   58   -0.6445700017116579   0.31344023733915116
1629.3   59   -0.6445695610811367   0.27447249985441774
1640.86   60   -0.6445695957418015   0.21836506500100972
1688.18   61   -0.644570698275772   0.2847201858691344
1715.7   62   -0.644570585972742   0.0014947273492571024
1739.0   63   -0.6445705891311267   0.24480197501152542
1840.9   64   -0.6445714643128917   0.23265981315576154
1859.73   65   -0.644570826603312   0.23331435601846817
1877.35   66   -0.6445703445390222   0.20964911230791683
1890.19   67   -0.6445702845255147   0.26393331831154504
1908.78   68   -0.6445702300880654   0.22542106740786114
1920.82   69   -0.6445711430517006   0.2855283664298546
1945.25   70   -0.6445720756067149   0.17791842081226114
1970.11   71   -0.6445719863351673   0.22437429135391343
2031.03   72   -0.6445714704571888   0.23588799698614626
2069.05   73   -0.644571366594418   0.20936513739818702
2093.62   74   -0.6445710650925649   0.23374691288037142
2105.19   75   -0.6445712212367055   0.23745747311819881
2122.53   76   -0.6445705868838059   0.23026224071069626
2180.5   77   -0.6445704465677656   0.20102549879415424
2240.87   78   -0.6445698950978085   0.2075683567130887
2404.5   79   -0.6445692517322836   0.22836306212070143
2534.51   80   -0.644568607490141   0.2496701607873214
2612.98   81   -0.6445695704034599   0.26597718206044235
2657.29   82   -0.6445692326499778   0.25879650556340966
2727.45   83   -0.6445685909519655   0.2673804030969876
2769.95   84   -0.6445683264227113   0.2364640767964003
2811.95   85   -0.6445681796183054   0.24641082326194044
2828.51   86   -0.6445681064097427   0.258009956805461
2883.11   87   -0.6445677128743325   0.28236855497041746
2894.92   88   -0.6445676798547835   0.2826385397657899
2912.52   89   -0.6445682994346251   0.2762500764070294
2972.92   90   -0.6445676621298768   0.0022095410500029477
2999.89   91   -0.6445676770442063   0.23967763932341365
3029.16   92   -0.6445737886551313   0.19288024408111126
3110.54   93   -0.6445736750541311   0.26249425155030753
3134.01   94   -0.6445734909442642   0.2676688142817922
3173.93   95   -0.6445730480510632   0.0023599963319907873
3198.16   96   -0.6445730724440981   0.2424624955586846
3353.26   97   -0.6445724688276165   0.0025488106990018346
3382.45   98   -0.6445724896329518   0.22029194273966302
3398.74   99   -0.6445761496453696   0.0009698946861509377
3409.9   100   -0.6445761496493048   0.28977720527767453
0.0   0   -0.6445761496484943   0.21296997354634772
123.83   1   -0.6445759817109514   0.26184698421884267
135.86   2   -0.6445761627236798   0.0011302987400867684
182.25   3   -0.6445761653434996   0.2738561388688594
230.97   4   -0.6445773428578032   0.0007244002035615413
267.5   5   -0.644577355324367   0.25244988181906153
285.67   6   -0.6445773553278495   0.2069572507643851
