0.0   0   0.44694085948645657   0.013374971136378378
103.28   1   0.24619733083976478   0.19837814844746737
681.7   2   0.2461974425000723   0.2037849195873764
726.85   3   0.20266119134998106   0.13961854450664168
773.75   4   0.17030963823560114   0.18403041223058345
915.66   5   0.06902472552239107   0.15026957782007264
1254.22   6   0.049088204091721974   0.18850629765173038
1299.92   7   -0.004153127820825858   0.19765660953154837
2018.26   8   -0.004153125568034766   0.17598653504707149
2344.23   9   -0.00415312424475868   0.19948351071761686
2693.76   10   -0.004153122318452537   0.1697250567807927
2848.22   11   -0.004153118336222256   0.23589833952476671
2887.69   12   -0.004153119475656414   0.23242290982398955
2925.67   13   -0.004153117406971343   0.20069231347705083
2983.92   14   -0.004153116093777567   0.28979975779486467
3179.83   15   -0.004153115436993315   0.21064452229637937
3218.57   16   -0.004153114876316005   0.30772764871451824
3257.61   17   -0.004153113361226757   0.23804503353069478
3450.52   18   -0.0041531122125397085   0.2856450862295375
3564.99   19   -0.0041531112945816795   0.23570043739144395
3698.34   20   -0.00415311169179941   0.16673222994345618
3755.36   21   -0.004153111129485881   0.1742102296665176
3792.47   22   -0.004153111185522973   0.18115342280797614
3850.16   23   -0.00415311221089168   0.18774291868339496
3944.95   24   -0.004153241234704591   0.16342700027143164
4126.35   25   -0.004153237297920678   0.1920870500766715
4351.38   26   -0.004153235117417636   0.23751140063360365
4554.02   27   -0.004153232063834722   0.2792382836988586
4710.06   28   -0.0041532320206808665   0.1692897433474461
4767.79   29   -0.004153233941316489   0.27290000589668806
4826.28   30   -0.004153229810949122   0.29857514874572066
4903.36   31   -0.0041532593674040025   0.2928496462756265
5015.57   32   -0.004153257004223032   0.18511070965632476
5150.53   33   -0.00415325682052195   0.14420203336003748
5248.79   34   -0.00415334928551786   0.2844897813812895
5403.09   35   -0.015026717778219775   0.30397215141384737
5903.93   36   -0.01502671155132515   0.27026583397490356
6312.69   37   -0.015026700327835055   0.23754670172200928
6467.62   38   -0.015026698519053666   0.287163832512166
6544.18   39   -0.015026692900368677   0.2749945367461858
6684.85   40   -0.01502667913565868   0.29055726305372115
6754.63   41   -0.015026734039754894   0.3085006674149986
6818.49   42   -0.015026728931339842   0.21579619965283886
6874.19   43   -0.01502673519356533   0.24168758524889286
6949.52   44   -0.01502675200931744   0.3085456652621933
7548.49   45   -0.015026739602033018   0.20079575185773413
7607.91   46   -0.015026740713147024   0.34526343078957294
7663.73   47   -0.015026732944653703   0.29762660468363555
7744.25   48   -0.015026761915844136   0.19887652728252955
7822.65   49   -0.01502675336817344   0.2540405180256917
8457.16   50   -0.015026739434183395   0.2780417556846414
8494.63   51   -0.015026743751431315   0.34581350662007215
8552.25   52   -0.015026804667793686   0.30152809089528787
8798.62   53   -0.015026793020941981   0.3324745751485831
8935.88   54   -0.015026789243349242   0.2981040129603263
8974.45   55   -0.015026795960410608   0.25328079068183545
9033.0   56   -0.015026813635796055   0.26354289939214043
9106.16   57   -0.16113201737337804   0.2660477694348424
9238.85   58   -0.16451809593484884   0.20326928475611677
9281.83   59   -0.1667973666312305   0.26021792481476497
9566.72   60   -0.1668033652259417   0.19393586151089326
9609.14   61   -0.16826253299522492   0.2573153271302759
9717.69   62   -0.1851479787649479   0.24544150531258932
9784.38   63   -0.21149523330829423   0.2764321074185578
10281.22   64   -0.2114950218362479   0.13561900427039436
10343.25   65   -0.212093024151967   0.27235578016923767
10592.17   66   -0.21209290260391642   0.2598703043912042
11057.25   67   -0.21209273367578352   0.2514955401472624
11137.74   68   -0.21302672306054485   0.09551864433269393
11176.1   69   -0.2994157792895262   0.08619942995621825
11235.74   70   -0.5105632200214485   0.14847328789279848
11344.05   71   -0.5145581556055017   0.048216983341354394
11405.76   72   -0.5448385355810071   0.03373393024379342
11469.56   73   -0.5723286584195761   0.02911576501718846
11525.28   74   -0.5984215075914372   0.018255315997357267
11620.43   75   -0.6066043891191958   0.021681513895034907
11680.63   76   -0.6178139674910682   0.01135516982575764
11718.61   77   -0.6198645588039653   0.004426089909929768
11778.09   78   -0.6233510607645046   0.013176709634508997
11844.79   79   -0.6294075267537816   0.011411284466424775
11909.65   80   -0.6347432877483542   0.012475919984605607
11951.32   81   -0.6356853534209543   0.009467144063162148
12016.43   82   -0.6398745592371555   0.005120285561649966
12058.36   83   -0.6410103161773356   0.0035368500745744666
12123.0   84   -0.6422072370960218   0.002992636600687556
12187.22   85   -0.6427451540548983   0.002278413748996916
12252.19   86   -0.6430173001355173   0.0020320153155056714
12316.65   87   -0.6434894277317924   0.003787763246176877
12381.77   88   -0.6439628852050071   0.0033178936116954557
12448.22   89   -0.6443094961987506   0.001755673377589284
12511.87   90   -0.6444668434059159   0.0017135543474951188
12575.8   91   -0.6446889758486228   0.0032084979038804855
12637.74   92   -0.6449887764596116   0.001549647414648688
12700.21   93   -0.6452234730900517   0.0015435964337626273
12748.32   94   -0.6454525552640844   0.0016156734849627212
12808.02   95   -0.6458804108814675   0.0020074442371066535
12869.81   96   -0.6464361971076543   0.001803204577292748
12922.74   97   -0.6469388286958774   0.002330605058271296
12963.25   98   -0.6474246643865543   0.003501066498006116
13019.4   99   -0.6479642867029799   0.002403051077229666
13082.74   100   -0.6482253438231474   0.0013982583299275303
0.0   0   -0.6482253429587468   0.005286213391801311
372.12   1   -0.6483523938956561   0.007629188782441679
898.63   2   -0.6484791468461909   0.00566349061766185
1421.94   3   -0.6486004474028552   0.004105220828953582
2538.42   4   -0.6486870534147074   0.21659192213165154
3005.73   5   -0.6486877032661835   0.012099707544509243
3601.27   6   -0.648697641815333   0.010539791501800249
4052.94   7   -0.6487501373960227   0.005071438129429873
4557.41   8   -0.6490591121912266   0.005283079743415353
5105.9   9   -0.6491975871679005   0.007989844806188428
5564.52   10   -0.6493164069117432   0.003361292113645471
5975.66   11   -0.6494287762755989   0.00424137233997326
6417.28   12   -0.6495350851517655   0.003315710672139421
6909.77   13   -0.649637107489667   0.0039545705527369275
7416.24   14   -0.6497364974938525   0.0031654431563375805
7923.32   15   -0.6498602906057278   0.003120330408680434
8429.65   16   -0.6499857697456494   0.0027332689957712103
8915.79   17   -0.6501119429217338   0.004233380417585495
9333.25   18   -0.6502289137601516   0.002395192512038574
9856.58   19   -0.6503394044694089   0.0024209316313771575
10459.09   20   -0.6504625565700134   0.0042340038662921214
10972.41   21   -0.6505266426579507   0.0023492772184841816
11497.92   22   -0.650568696127085   0.0020193657674543956
12009.34   23   -0.650669556361088   0.002450879232006065
12567.73   24   -0.6507595772402062   0.0031289418042520618
13041.39   25   -0.650800646848674   0.0033683541626333556
13485.19   26   -0.6508681293748569   0.0025005301052701367
13997.01   27   -0.6509218954556376   0.0020383133280707953
14489.1   28   -0.6509657493608002   0.0018989384816274896
14974.06   29   -0.6510084558844502   0.0023510343517303624
15480.32   30   -0.6510423647495817   0.003118425334026775
15975.83   31   -0.651079246830813   0.0016740035471726636
16414.15   32   -0.6511189768649462   0.0013158117502594423
16860.9   33   -0.651163684857088   0.0022929010095869744
17324.07   34   -0.6511999422480463   0.0014386573587928434
17804.32   35   -0.6512300869129262   0.002898254317072414
18308.37   36   -0.6512680864301924   0.0016470653023729007
18791.75   37   -0.6512979419663756   0.001305490408886486
19287.05   38   -0.6513258029755064   0.0017472106156162287
19781.39   39   -0.6513517597213331   0.001457562035736802
20278.16   40   -0.6513801586324954   0.0014474296366723154
20768.9   41   -0.6514046222030003   0.0016496147818577745
21275.25   42   -0.6514272014153276   0.0010342948855710265
21771.95   43   -0.6514515621259195   0.0014924909759408578
22106.67   44   -0.6514691809404769   0.13603725563762367
24425.32   45   -0.6514689145607375   0.002400452511941416
24704.1   46   -0.6514694675034769   0.0020502592642878356
25152.13   47   -0.6514848640506217   0.00128377121092112
25576.37   48   -0.6514933571286516   0.001136838565894528
26078.82   49   -0.6515056086627894   0.0010648452990927985
26777.73   50   -0.6515257072892745   0.0013833352081273032
27148.82   51   -0.6515382279905051   0.1269923029627244
29094.88   52   -0.6515375964114531   0.1269713038330917
32002.1   53   -0.6515371922626664   0.19114047765295542
35506.83   54   -0.6515366825856692   0.1393790614237122
35642.81   55   -0.6515363565612847   0.16130992495470436
35801.18   56   -0.6515361427025937   0.00304240938696219
35835.51   57   -0.651537748856493   0.002308876607970547
35880.21   58   -0.6515397103256642   0.012484591599844328
35976.25   59   -0.651539329189782   0.001218412980198528
36029.42   60   -0.6515399552471631   0.0012115310358307054
36064.05   61   -0.6515430657434904   0.0009430372882212928
36098.83   62   -0.6515456950420958   0.0009109535684070998
36151.68   63   -0.6515495694513713   0.0007028846794330741
36203.26   64   -0.6515544144698935   0.0011285787694978843
36238.5   65   -0.6515556962612188   0.000963950823902312
36287.46   66   -0.6515617077514302   0.001283558296280081
36322.07   67   -0.651568809194148   0.0009462826711319757
36374.98   68   -0.6515766615822862   0.0008419585144677086
36410.17   69   -0.6515831010755971   0.18612109616793882
36462.19   70   -0.6515831690884045   0.001468060652999869
36496.45   71   -0.6515839993146586   0.001240583284397178
36560.6   72   -0.6515919566866338   0.0007202820827864318
36620.43   73   -0.6515924948667444   0.0007406344415625823
36674.51   74   -0.6515927907814093   0.0012695297124184237
36731.23   75   -0.6515941036519722   0.003821841912439696
36816.06   76   -0.6515934987919542   0.001562248565748617
36898.47   77   -0.6515963846574789   0.0010921587857557163
36953.58   78   -0.6515970122144018   0.0011253273982499245
37006.71   79   -0.6515978350376862   0.0011400356260328891
37055.53   80   -0.6516036916130354   0.0016590770542041055
37106.29   81   -0.6516105341497097   0.001078817902445907
37162.4   82   -0.6516187120302892   0.0035479352369495207
37223.68   83   -0.651618872141124   0.0010632099887714517
37278.92   84   -0.6516228810335302   0.0012765448879065058
37337.14   85   -0.6516347223787529   0.001227465204841053
37395.21   86   -0.6516436797688432   0.0009329442996938791
37450.92   87   -0.6516517183196585   0.0008617682571234932
37508.54   88   -0.6516598338568987   0.0013023193421326763
37566.76   89   -0.651668323902865   0.0019166059404242112
37604.63   90   -0.6516688891721386   0.0021197617119237374
37641.08   91   -0.6516779260103203   0.0011239866287083495
37700.61   92   -0.6516873081972259   0.0011477468084369006
37755.89   93   -0.6516981993301456   0.0012802515066766525
37811.82   94   -0.6517126219949815   0.0009937242078895934
37867.93   95   -0.6517235535616331   0.0008042784134353683
37904.49   96   -0.6517244751404262   0.0009187086211925038
37957.15   97   -0.6517364692410933   0.0011438457871784736
37992.75   98   -0.6517421223105849   0.0013788476942253774
38048.54   99   -0.6517522064518477   0.0011264148041927708
38102.97   100   -0.6517636481487217   0.0007780982004661909
0.0   0   -0.6517636475140443   0.16072369207812387
2349.3   1   -0.6517631977573802   0.11478241972859436
2926.77   2   -0.6517632505168379   0.19860195628804278
3507.4   3   -0.6517633388214947   0.19856472906279235
3800.62   4   -0.6517635564545445   0.1577730516766014
4194.97   5   -0.6517641780945698   0.21729081269959627
4263.66   6   -0.6517641534749523   0.18889853010371754
4489.68   7   -0.6517640406309251   0.17753830887795027
4552.15   8   -0.6517639055907929   0.14360302739582706
4741.62   9   -0.6517638034113024   0.13503643444340344
4801.89   10   -0.6517638210655704   0.23921584445502225
4930.13   11   -0.6517632665526598   0.12234974599927409
5378.06   12   -0.6517632126046176   0.16297815278628006
5653.83   13   -0.6517631771942051   0.1414280385064434
5750.04   14   -0.6517631809646185   0.10825147214688535
5878.02   15   -0.6517632410789844   0.22549787072736283
5975.6   16   -0.6517641275859012   0.19065861957111105
6078.22   17   -0.6517640545826899   0.0009655159548182798
6260.15   18   -0.6517640581459162   0.13700559741797602
6367.7   19   -0.6517640575689261   0.11067396483494939
6504.49   20   -0.6517640084204467   0.1923134039506756
6953.05   21   -0.6517639785246567   0.1839954976241661
7191.87   22   -0.6517639491670643   0.15120205828354105
8152.6   23   -0.6517633054793199   0.19888192927508802
8289.23   24   -0.6517647349722524   0.0009075652621251413
8364.44   25   -0.6517647350149104   0.15619092864110554
8432.8   26   -0.6517648876291543   0.16009873226199142
8563.45   27   -0.6517676950743728   0.0009555585028455665
8802.66   28   -0.651767291218397   0.1854783145214408
9585.8   29   -0.6517666587534593   0.2023402209186101
9798.9   30   -0.6517662664457124   0.14251065789232908
10114.48   31   -0.6517656176371909   0.12457770271969079
10264.71   32   -0.6517654053067455   0.15847101876001124
10313.15   33   -0.6517653825532456   0.2654536955019008
10364.36   34   -0.6517655680544503   0.0023859514485249558
10414.16   35   -0.6517655682195768   0.21101463641600077
10496.47   36   -0.6517656687186818   0.18183711534770064
10545.11   37   -0.6517656625210083   0.21296481211089624
10652.69   38   -0.6517656824354526   0.2519569617109722
10826.39   39   -0.6517657073572862   0.22796088918274363
11348.07   40   -0.6517666291174705   0.13488109709404264
11864.31   41   -0.6517659861733743   0.19496634180325978
11993.43   42   -0.6517657368903492   0.15653450817335413
12048.19   43   -0.6517658516531976   0.13271943605723086
12237.0   44   -0.6517671022823406   0.22644204541370014
12689.25   45   -0.6517664698143396   0.10585567581796153
12851.36   46   -0.6517664358902269   0.23238401591004984
13362.75   47   -0.6517660151831601   0.23150851197767264
13715.52   48   -0.6517660144259556   0.14638388912161548
13881.32   49   -0.651765862845693   0.12494685420679823
13990.75   50   -0.6517655340449937   0.1920419482687104
14381.84   51   -0.6517653076062115   0.1568828624584197
14430.79   52   -0.6517653025979139   0.2245545331569298
14939.08   53   -0.6517651824683466   0.17644481527273162
15063.98   54   -0.6517651835893186   0.22432618766885848
15114.63   55   -0.6517651831955212   0.20041076428845256
15391.75   56   -0.6517651827733321   0.25033224192759135
15471.68   57   -0.6517651493370138   0.1472995981598484
16180.07   58   -0.6517651328086558   0.2039255654123179
16755.62   59   -0.6517646015926777   0.14057291752608703
16837.01   60   -0.6517663072302954   0.15655219759244463
16922.25   61   -0.6517659736466105   0.001964242060962417
17042.19   62   -0.6517691664722151   0.15695089560838213
17542.85   63   -0.6517687298900073   0.14804357184792583
17646.19   64   -0.6517685389163838   0.12961483878963848
17687.55   65   -0.6517688773204591   0.1606620133493633
17732.93   66   -0.6517687109448362   0.19804935416710617
17919.12   67   -0.6517681856236166   0.22608308774204158
17990.15   68   -0.6517676239904886   0.1354274268386235
18184.81   69   -0.6517675103632732   0.1533780493932404
18425.19   70   -0.6517674715001276   0.21976862392549612
18664.11   71   -0.6517668291894806   0.1394012513549645
19016.92   72   -0.6517689573512165   0.0008770946840913235
19109.42   73   -0.6517706805982785   0.14454171277456035
19253.58   74   -0.65177029876424   0.13324387886678773
19737.03   75   -0.6517702062174417   0.14044795775896582
20106.92   76   -0.6517696214936999   0.0017981018559966682
20142.23   77   -0.6517696251793691   0.13022176094979868
20242.46   78   -0.6517723976086247   0.000527036272425922
21285.77   79   -0.6517717769105468   0.18749502501946386
21553.48   80   -0.6517713579953452   0.002026058659944634
21591.09   81   -0.6517713597400876   0.21571665896110337
22152.91   82   -0.651771814640566   0.16120350973305997
22535.46   83   -0.6517717317430135   0.18519745249021086
22594.68   84   -0.6517713215294854   0.15608571711635086
22654.29   85   -0.6517711507253544   0.12794497914601205
22698.96   86   -0.6517717089039681   0.0016947635436036718
22772.78   87   -0.6517741028735204   0.13050227154082986
22831.27   88   -0.6517739642495308   0.13269815435229823
22912.83   89   -0.651773433841173   0.20832721909498209
23324.12   90   -0.6517727821093087   0.1764834194373962
23482.12   91   -0.651772150676516   0.2547036425254381
23621.72   92   -0.6517715480259499   0.24359495819523722
23764.87   93   -0.6517714256671905   0.15878043581488482
23845.65   94   -0.6517713892542042   0.28109639785172474
23924.41   95   -0.6517728443748815   0.22788743863357894
24032.49   96   -0.6517723320705546   0.15050194920765367
24110.3   97   -0.6517717496734546   0.12628517243239362
24313.44   98   -0.6517711807061142   0.1376130894658744
24344.4   99   -0.6517714460137374   0.14524979984708497
24406.59   100   -0.6517721948261069   0.2536063467496046
