0.0   0   -1.999978371310974   0.02733392275591342
12.87   1   -2.0008358865161924   0.01722583194042128
62.55   2   -2.47845836772669   0.22140097342562837
83.81   3   -2.483239844515433   0.20912205138029388
97.06   4   -2.5049887857779507   0.045881772081103514
124.51   5   -2.5093615268620892   0.03082946976147683
143.81   6   -2.5102945299727404   0.00530502278417878
163.53   7   -2.5104751381313526   0.01346043663093174
189.41   8   -2.510896998718932   0.0030402691117027893
208.21   9   -2.5109513180873173   0.002755075203584309
228.04   10   -2.5109601588613346   0.0012158013729853434
246.8   11   -2.5109619089242106   0.0009434757076304875
279.48   12   -2.5109826151514154   0.0015062051924008917
305.99   13   -2.5110890588179653   0.002367401217385356
325.83   14   -2.511115507999914   0.0016123037344893199
345.39   15   -2.5111267417968612   0.0016350040506058127
364.81   16   -2.5111429234321956   0.003620759068318135
383.46   17   -2.511156996324455   0.0009637882852007278
403.26   18   -2.5111762033715523   0.003415753045595031
421.86   19   -2.511233241681677   0.001967373606971047
442.9   20   -2.511254582052684   0.0003997220756757335
455.77   21   -2.5112558167293932   0.0003293443855148723
483.21   22   -2.511264249300792   0.0017854537584976043
502.34   23   -2.5112758954533443   0.0010231738587938894
522.55   24   -2.5112792902441   0.0002688784935503894
541.55   25   -2.51127946217362   0.0002708312960202249
574.79   26   -2.5112858608008155   0.0005228512961388489
595.53   27   -2.5112892536344975   0.00019560407666205883
615.85   28   -2.5112894320258845   7.558588028766251e-5
641.72   29   -2.5112900355560255   0.00019131198347709335
0.0   0   -2.5112900355560246   0.005684788899208109
21.08   1   -2.511290037184577   0.00027004489240257576
52.75   2   -2.511290068564707   0.00027913666664330385
0.0   0   -2.511290068564704   0.005778594156464281
21.21   1   -2.5112900811496885   0.0003600364416279061
44.69   2   -2.51129010035104   0.00016936021169978882
