0.0   0   -0.35725676118559946   0.3653667450023108
141.1   1   -0.3572565055636847   0.07833736448777164
166.36   2   -0.3573128295917525   0.07824070038921407
175.86   3   -0.3714248939705908   0.3613600549168882
199.29   4   -0.37152280441326396   0.012667940259222321
213.31   5   -0.37177471833629533   0.36555836684396115
278.33   6   -0.37177446312230394   0.013792719542824027
330.28   7   -0.37180681576866154   0.43806860636903
348.1   8   -0.37183764531864866   0.015316979317222881
357.2   9   -0.3718380584825154   0.42271132275227735
375.24   10   -0.3718556468753747   0.014476657638625223
388.06   11   -0.3719095786884095   0.41569858352509975
404.94   12   -0.37191933939188265   0.011848793513278054
423.12   13   -0.37206294386779126   0.011147127833944021
507.13   14   -0.3720746769500912   0.29778871713393584
674.38   15   -0.3720746718957556   0.31590135232611555
719.63   16   -0.37207444596034056   0.01420095643008811
736.94   17   -0.3721068373393409   0.020005238102338663
745.62   18   -0.3722549377239381   0.015018595870555424
755.41   19   -0.3731595463735147   0.30969378602201075
815.15   20   -0.3731592543791042   0.018862861040660022
852.64   21   -0.37318258476462246   0.3348700580824003
940.88   22   -0.3731825121215168   0.31066848636753724
1075.85   23   -0.37318250355928356   0.03709685903821834
1088.26   24   -0.37318631946276626   0.26248902367339144
1096.61   25   -0.373187016820113   0.26281375896605713
1125.04   26   -0.37318686082346575   0.03682973972180857
1145.04   27   -0.3731893743532617   0.4124149572453342
1152.65   28   -0.3731915468109574   0.41950536050434534
1161.08   29   -0.37319170427554216   0.4141908727483396
1169.89   30   -0.37319154269564137   0.4053298321916402
1178.1   31   -0.37319161894081615   0.03647176953224789
1197.92   32   -0.3731991934761836   0.3697095263938689
1215.44   33   -0.37319990704502837   0.2781579499353267
1228.16   34   -0.3731999070448562   0.3242730850816048
