0.0   0   -0.2973552811014717   0.011019698002721401
33.86   1   -0.29876631848784524   0.003576880163622663
65.06   2   -0.29881169955028697   0.0020264753468149516
96.9   3   -0.2988246506035941   0.0009401995603148233
143.01   4   -0.29883022028081974   0.0006861346898314706
172.3   5   -0.29883160933080477   0.00036385351076588773
215.15   6   -0.29883250528291827   0.00021877137313872384
274.23   7   -0.2988352172703139   0.00033346278127603174
303.34   8   -0.29883664613024524   0.00020654395455558914
348.6   9   -0.2988376062307988   0.0001564824508921775
408.63   10   -0.2988405114201488   0.0002180923407068668
438.4   11   -0.2988412235953983   0.0001567242780783164
481.79   12   -0.29884205949005327   0.0002654493228224314
525.94   13   -0.2988432703725369   0.00025802032907621775
586.62   14   -0.29884561113467717   0.00012649331146853232
646.51   15   -0.29884752313326324   0.0003409418855129666
691.99   16   -0.29885225760757556   0.00021133961806468236
736.54   17   -0.29885404688650513   0.0004523201322327169
782.48   18   -0.298856994930872   0.00024600031345777256
828.69   19   -0.2988591025510927   0.0002056964862155924
873.24   20   -0.2988632501282962   0.00034751361479098394
918.81   21   -0.29886639029261997   0.00031305550179376866
963.95   22   -0.29886780429858895   0.0001942061638786911
1025.91   23   -0.2988696404450271   0.00035405611602999713
1073.73   24   -0.29887180830817117   0.0003253232816856135
1104.12   25   -0.2988726553489474   0.00018033997309224403
1147.71   26   -0.2988731933770437   0.0003740542416183719
1208.45   27   -0.298875422704261   0.00040361691401331304
1254.17   28   -0.29887758790832175   0.0002550702288101112
1284.51   29   -0.29887823213045395   0.00017226018139155332
1330.81   30   -0.29887869998166916   0.00019449155008023107
1393.14   31   -0.29888060705761077   0.00042837546727247017
1438.2   32   -0.2988826988009546   0.00021394847827773016
1466.85   33   -0.29888352529116713   0.0002528585231610318
1494.7   34   -0.2988840389649988   0.0002008542576117566
1536.25   35   -0.2988848840174061   0.00021375497600530834
1577.84   36   -0.298886171881249   0.0001634317944473415
1622.57   37   -0.29888829844629666   0.00023503834770536268
1666.63   38   -0.2988903520492271   0.0003018410103905484
1710.58   39   -0.2988930583427034   0.00035706367375068005
1755.82   40   -0.29889676181542735   0.00037384067119486066
1802.23   41   -0.29890044325269705   0.0003111591001936675
1847.32   42   -0.2989033357852079   0.0005398663131122941
1876.21   43   -0.2989061634626008   0.00031470095711479097
1921.84   44   -0.29890998132505764   0.00044489326031332566
1951.47   45   -0.2989135142725889   0.0006411037692408642
1997.85   46   -0.2989176848965961   0.0008099700862042047
2044.47   47   -0.2989212747282938   0.0002536348867686722
2091.84   48   -0.29892302503208296   0.000279557741428875
2140.94   49   -0.29892678737649336   0.000249695737310882
2174.39   50   -0.2989283096252239   0.000454297218786518
2221.51   51   -0.2989310800577044   0.0002724829901847314
2268.25   52   -0.2989364985195836   0.00036822494690313625
2299.61   53   -0.2989384503086202   0.00043182129905819003
2348.07   54   -0.29894132490519965   0.0003298235042193551
2378.32   55   -0.2989442477581753   0.0005292983335428123
2408.23   56   -0.2989453578575909   0.00036104326994507846
2456.65   57   -0.2989462795292885   0.000200219826719246
2504.08   58   -0.29894788198893096   0.00025443205801827483
2553.83   59   -0.2989497156903204   0.0004130764184922281
2604.81   60   -0.2989526047802873   0.00035276202555318143
2654.8   61   -0.2989548161729111   0.0002896422262388882
2704.74   62   -0.29895711894981675   0.00025045682820454447
2751.62   63   -0.2989590226540595   0.0002659798303683366
2798.47   64   -0.29896204733796794   0.0001580671974307982
2849.15   65   -0.2989642554984647   0.00022790363310161042
2883.01   66   -0.2989656489343343   0.0004427841985530954
2932.79   67   -0.2989680749320548   0.0002982304962885874
2982.46   68   -0.29896919132512007   0.0004078928213338239
3030.6   69   -0.29897082419817017   0.00022146951153202617
3080.06   70   -0.29897396344351784   0.0002962234645304911
3113.29   71   -0.2989754833060728   0.0002352399574070597
3162.69   72   -0.2989768208665436   0.00019067919961165711
3208.91   73   -0.29897865695203285   0.00022103939775844583
3241.21   74   -0.29898021814372694   0.00047554518332281
3292.11   75   -0.2989827445238855   0.00020781201824988685
3324.24   76   -0.29898353507791187   0.0002555010811999454
3372.88   77   -0.29898453013218707   0.00019478382987008237
3420.39   78   -0.29898564316681286   0.00021879111792272036
3450.58   79   -0.2989862102835332   0.00016738564427502486
3496.4   80   -0.2989867566032284   0.00019944002961738542
3543.29   81   -0.29898845258997453   0.00022044478866829493
3573.62   82   -0.29898949508453987   0.00021174072449730547
3620.65   83   -0.2989907581974237   0.0002352532580508201
3667.5   84   -0.29899223835649597   0.00022756091388436933
3698.71   85   -0.2989932013664921   0.000319947851382358
3745.68   86   -0.2989942268289089   0.00016612973981980808
3793.47   87   -0.29899517595329234   0.0002202855692863897
3841.19   88   -0.29899584739758805   0.0002308283604470631
3885.99   89   -0.29899635157599874   0.0002972050666557507
3929.59   90   -0.29899755707588666   0.00019131040740367594
3973.09   91   -0.2989986626150385   0.0002443663659621915
4016.32   92   -0.29899984081103087   0.00017475297551303021
4060.83   93   -0.2990009478311963   0.0002803398047389171
4104.4   94   -0.29900189223429785   0.00016402329694766165
4148.05   95   -0.29900262660079735   0.00018317442572942587
4191.21   96   -0.2990036492302053   0.00019514888200623684
4236.33   97   -0.29900444693900313   0.0001627058477102932
4278.71   98   -0.29900503926243843   0.00011946477485216319
4321.52   99   -0.2990062013301459   0.00034317874565600534
4349.12   100   -0.2990066636566844   0.00025357025392724924
