0.0   0   -0.03490179689981451   0.05439042334831313
20.67   1   -0.1469800809487006   0.21932220830858296
31.32   2   -0.14768890459262363   0.21801899683496176
134.27   3   -0.14768886474793724   0.46369033157281003
302.38   4   -0.1476888107914179   0.4077474363724964
312.25   5   -0.14769165237675103   0.30310639815803747
376.4   6   -0.14769156433633251   0.4132012016749838
403.47   7   -0.147691438374213   0.1542673949831604
445.45   8   -0.1484956364703483   0.3339688109400903
455.47   9   -0.14992960131236996   0.25409996200527774
487.49   10   -0.16413866085725504   0.19646415807944426
505.17   11   -0.16936896476285507   0.37707712669714455
635.13   12   -0.1693689334124689   0.2725614772962081
731.33   13   -0.1693687988293832   0.4222108982581652
758.55   14   -0.1693687704880735   0.3560350132572125
809.67   15   -0.1693687199407341   0.29916783751621007
869.93   16   -0.16936862559339813   0.3117569339471875
888.64   17   -0.16936857436459568   0.42482916825694417
898.25   18   -0.16936859265950693   0.08599761963695567
912.27   19   -0.1693705867706336   0.3092391104028787
947.61   20   -0.16937048116774828   0.2722479227852745
965.17   21   -0.169370343636512   0.36081136003640973
973.85   22   -0.1693702439404962   0.3012377220942893
982.14   23   -0.16937015818953088   0.08600247520055355
991.38   24   -0.16937016545972816   0.36561673712307835
1005.26   25   -0.16937014289603208   0.3757896368991304
1046.56   26   -0.16936998379791668   0.3733393836340321
1073.37   27   -0.16939112817084795   0.42345669676857667
1112.3   28   -0.16939105429798051   0.3334413226526048
1129.18   29   -0.1693909317915397   0.4130839326548068
1299.74   30   -0.16939077448730844   0.248790802310418
1414.88   31   -0.16939061236982425   0.45045669686978385
1439.5   32   -0.169390522468922   0.2662857989059246
1462.84   33   -0.16939037583662442   0.26900966524389247
1472.33   34   -0.16939033354535854   0.4039506444660393
1505.34   35   -0.16939017796202227   0.44743631120981114
1524.72   36   -0.1693909107466658   0.28707129573348106
1540.56   37   -0.16939091074695523   0.45383391831595266
0.0   0   -0.16939091074589935   0.15603146367124898
15.26   1   -0.21512774836679888   0.2796223685099878
181.05   2   -0.2151276339952537   0.232965271777909
294.2   3   -0.21512763398307508   0.23002925174753153
304.19   4   -0.2151276438971917   0.2304815237793942
329.67   5   -0.22358887175935382   0.2982354149384243
450.45   6   -0.22358867477777783   0.25646482450821373
585.17   7   -0.22358845673039743   0.40391488092450073
602.02   8   -0.22358841599665036   0.31457048933999043
653.26   9   -0.2235882296165687   0.28741521592166014
686.86   10   -0.22358820610419705   0.2960566282579861
755.45   11   -0.2235880000089757   0.25009321683510893
768.29   12   -0.2235880279207662   0.3548402991660995
795.92   13   -0.22359116001604362   0.27728971620691556
823.94   14   -0.22433753044021829   0.2495574380589595
942.97   15   -0.2243373167038943   0.2544877119085793
968.24   16   -0.2243371353137954   0.28219049683150577
978.82   17   -0.2243371874088682   0.28117715728155945
989.12   18   -0.22433726975678986   0.4147637274035729
1014.95   19   -0.22433822000959858   0.37387354063520106
1052.41   20   -0.22433804312139397   0.25878159647799776
1095.57   21   -0.22433791871307215   0.2565856122396873
1115.9   22   -0.22433864555671557   0.37011644189453674
1126.27   23   -0.22433954015416377   0.2498831813021252
1141.57   24   -0.2243394857467217   0.4151401913120483
1234.99   25   -0.22433948193218278   0.3493610256337463
1244.99   26   -0.22433948037905196   0.28399502628649875
1255.58   27   -0.22433953771832474   0.2547854038771843
1306.72   28   -0.22433939592700514   0.41092543916103674
1316.03   29   -0.22433934488903612   0.3812122734403353
1342.13   30   -0.2243399688421938   0.29727683199722105
1356.92   31   -0.22435418395369777   0.3124148217671774
1407.26   32   -0.22435405923792825   0.3285428323776452
1442.37   33   -0.22435384136348058   0.26238495801119194
1452.23   34   -0.22435386943783187   0.4006913837626807
1465.47   35   -0.22435386504518146   0.26976570404700767
1479.21   36   -0.22435374196681573   0.3295320947805571
1492.77   37   -0.22435360247163538   0.25591082202783666
1502.9   38   -0.22435362556115113   0.3562672205383978
1527.18   39   -0.2243535435742846   0.25231646718487727
1562.54   40   -0.22435352777798226   0.25344523058538937
1572.18   41   -0.22435352878525827   0.26870113206145013
1582.33   42   -0.2243535380962155   0.43356482123000106
1590.91   43   -0.22435353976084   0.27142027675634406
1600.16   44   -0.22435353876455275   0.27422685392006757
1624.64   45   -0.2243535248627021   0.4064545298626621
1670.39   46   -0.22473209440511144   0.29232869624786556
1680.45   47   -0.22473991270679577   0.28612419547440765
1753.53   48   -0.2247398327616565   0.2858503989596892
1838.66   49   -0.22473960928578982   0.25355845266706595
1865.05   50   -0.22700835131838695   0.281572880612509
2014.43   51   -0.22700812728600617   0.19468039492609554
2034.32   52   -0.27368396945872636   0.10890453286342386
2049.09   53   -0.2830057800111855   0.0570866849338376
2058.7   54   -0.286604810573005   0.2958529680787469
2137.88   55   -0.28660453852862927   0.46837695571922555
2207.62   56   -0.2866043824873359   0.33134414539967355
2298.04   57   -0.2866041374268582   0.38415882303799875
2312.56   58   -0.2866196492183183   0.022483388403001323
2336.56   59   -0.2866526733910996   0.023392416688503566
2351.86   60   -0.28717409470351785   0.023565111526333584
2365.84   61   -0.2877474115641759   0.29261328426307925
2419.45   62   -0.2877473577718328   0.01773813015582317
2739.86   63   -0.2877478529150283   0.0195359099431
2748.47   64   -0.2881767776477626   0.33759285576813647
2762.04   65   -0.288177471793688   0.2787847446964955
2802.88   66   -0.28817741033423255   0.009638388649539703
2829.64   67   -0.2881816483601179   0.010379773674776216
2843.32   68   -0.2883651402187563   0.3702688815753754
2872.51   69   -0.2883650205156165   0.28474505534864425
2909.84   70   -0.2883647865629457   0.011375020454915912
2918.74   71   -0.288365021301213   0.488530254321853
2927.9   72   -0.2883651189960283   0.33642518241771074
2941.44   73   -0.28836521225857026   0.011347799524131544
2968.88   74   -0.288371625344018   0.2568814851232903
3032.9   75   -0.28837141292860236   0.4585959046835341
3073.65   76   -0.2883711274067901   0.01134952456437966
3082.47   77   -0.28837149847252963   0.3448377708255622
3097.27   78   -0.2883746169929674   0.29240975384825957
3156.23   79   -0.28837441487206783   0.2699991020348939
3182.1   80   -0.2883741780369325   0.011010303446404256
3204.68   81   -0.28837462740597464   0.2702888822034924
3213.35   82   -0.2883746605696288   0.011097037033163863
3231.8   83   -0.2883752283377925   0.3095297263189312
3250.11   84   -0.2883760866348123   0.011156386825023646
3296.27   85   -0.288376423160412   0.38648869173207046
3532.05   86   -0.2883763181725941   0.012248837064001277
3541.27   87   -0.2883774936873109   0.26755638209740495
3560.08   88   -0.28837807816372046   0.30582338806308584
3610.45   89   -0.2883778627570431   0.011709927359261336
3622.96   90   -0.2883788888849905   0.2731246028822701
3644.46   91   -0.28837895094572   0.4940477583398921
3680.51   92   -0.28837869449782105   0.011846314416756222
3693.48   93   -0.2883796996784206   0.011849120869770087
3705.86   94   -0.2883812899543657   0.011788026605375198
3722.01   95   -0.28838286547412173   0.3585113202724465
3730.5   96   -0.2883834454648925   0.33891665979894586
3751.09   97   -0.2883831582716817   0.2917880353978067
3758.9   98   -0.28838297707342814   0.2645065761243559
3787.63   99   -0.2883827790769401   0.262579123997512
3807.67   100   -0.2883826737012053   0.43852094556381843
0.0   0   -0.2883826737019677   0.013391975285949298
87.33   1   -0.2884472957543971   0.01552648696031018
133.8   2   -0.28849961068552427   0.3381553104723599
341.54   3   -0.2884994815943656   0.4062895336788967
428.97   4   -0.288499196588907   0.012178049282154697
511.04   5   -0.28850261317260767   0.01112062574697277
631.17   6   -0.2886083969821766   0.006814029645665133
684.64   7   -0.28883839418903384   0.2991520951423064
880.3   8   -0.2888381347658995   0.015770091614948765
999.14   9   -0.2888525119338645   0.01710515612823502
1033.9   10   -0.28895494993170323   0.016875078668466513
1068.54   11   -0.28918161172586854   0.014815296157249646
1123.99   12   -0.28954281115277514   0.018651271977291908
1188.58   13   -0.2899091180401635   0.02659620038472448
1306.78   14   -0.2900411689642822   0.039545354189595275
1389.59   15   -0.2907610534603215   0.037549355935269875
1422.27   16   -0.29118495190953886   0.029363434127514375
1472.19   17   -0.29235569545351087   0.3790464835180344
1760.39   18   -0.292355522948167   0.04251058535108337
1791.91   19   -0.2925966278312415   0.3425471962171262
1999.9   20   -0.2925964192187104   0.32057719347782104
2214.41   21   -0.2925962672981657   0.279673290511676
2292.97   22   -0.2926002814373423   0.27663695813230005
2368.76   23   -0.29260021633309496   0.013251190435929825
2468.6   24   -0.29261765079100693   0.3391136081454778
2587.61   25   -0.29261761837425876   0.4878969747882016
3113.77   26   -0.29261761837295425   0.3219630858730807
3213.58   27   -0.29261759712579577   0.4197461583323398
3281.55   28   -0.29261742724935197   0.34629686698334694
3342.78   29   -0.2926238755972324   0.3024160135036339
3429.62   30   -0.29262984582554474   0.020366817708997516
3479.96   31   -0.29263226126802544   0.01973713162620316
3530.09   32   -0.29267346119124804   0.345495841333977
3567.25   33   -0.2926734714842085   0.025079161812801492
3641.27   34   -0.2926804389482278   0.019346693201862122
3759.36   35   -0.2926912781905202   0.32043288193473174
3881.72   36   -0.29269100028516537   0.010236084823943392
3917.91   37   -0.2926966076358793   0.32614100615317165
3965.74   38   -0.29269653703454657   0.3738621577919417
4016.15   39   -0.292696325776022   0.4401045393915423
4083.71   40   -0.2926963653876058   0.011683469188939033
4113.76   41   -0.29269705426506476   0.47501758795560844
4137.02   42   -0.2926981413967355   0.011691871407213375
4156.24   43   -0.2926988872282959   0.011840991452599557
4404.07   44   -0.29269859700947376   0.3379618493931982
4424.18   45   -0.29270184556002365   0.3229007547263424
4471.28   46   -0.2927024659447125   0.3207784955331887
4493.45   47   -0.29270258355381246   0.014621003442147968
4545.45   48   -0.29271326520427843   0.2837513667998624
4616.99   49   -0.29271309310809684   0.014206145125836244
4637.36   50   -0.29271466716145067   0.34513577152124353
4656.72   51   -0.2927167080202846   0.016864015008888684
4717.42   52   -0.29271722249416077   0.48600904536873013
4834.97   53   -0.2927169946006202   0.34175922904971123
4887.17   54   -0.2927168515140627   0.3524764372329459
4946.21   55   -0.29271683548361593   0.3898801327291554
5173.0   56   -0.2927168193658058   0.38135336092127553
5320.5   57   -0.2927168063811213   0.33245669043676845
5444.71   58   -0.2927167296208328   0.33310129384652054
5500.53   59   -0.2927223851546835   0.01765837546242526
5519.36   60   -0.29272262356454837   0.016282062670023693
5570.56   61   -0.2927329239520401   0.29210811629283495
5628.2   62   -0.2927327695242893   0.010436305066247578
5712.22   63   -0.29273281567327397   0.2980103913664352
5792.75   64   -0.29273279921740336   0.3493207938075938
5880.96   65   -0.29273273764141877   0.3585573638608833
5899.54   66   -0.29273263901864915   0.01505868941775442
5928.35   67   -0.29273340870086273   0.014434655636944549
5980.92   68   -0.2927334900019011   0.014167328998143953
6021.34   69   -0.29273660121914924   0.012560029145647893
6038.67   70   -0.2927398883595052   0.32752101227576774
6079.59   71   -0.292739647726889   0.01086941379293844
6100.24   72   -0.29274099231641176   0.378455731075806
6120.48   73   -0.2927408655543437   0.460841380970821
6151.0   74   -0.29274060930541845   0.010462422246558903
6171.03   75   -0.292741166701185   0.01049058918381634
6234.13   76   -0.2927414167664143   0.010386383996523444
6277.75   77   -0.2928436622246445   0.2171392243329331
6329.86   78   -0.29294592641662254   0.2836245715998471
6480.22   79   -0.2929458365468659   0.4770270536375598
6533.34   80   -0.29294753588431865   0.338223478910582
6563.88   81   -0.29297635557281704   0.32161886317775296
6676.25   82   -0.29297606721090896   0.4600572761191185
6825.0   83   -0.2929759510202427   0.27546534379227744
6960.88   84   -0.2929756613502057   0.4804866583417994
7032.22   85   -0.292975398160591   0.4190209085309689
7052.36   86   -0.2929759608879817   0.48110626524791694
7081.54   87   -0.29297595161453027   0.2717120981401342
7142.88   88   -0.29297566023845223   0.3487829879629767
7245.86   89   -0.2929755747986293   0.3647943653727829
7307.39   90   -0.2929753097122933   0.28545727754363037
7433.02   91   -0.2929750204007727   0.37694646600392107
7581.8   92   -0.29297473947562863   0.2814054105610073
7735.36   93   -0.29297457995899423   0.35353703085054183
7909.0   94   -0.2929744564814435   0.4394919553323764
8093.01   95   -0.29297439912934087   0.2528764980874345
8113.7   96   -0.29297436049096554   0.34675223084918116
8165.79   97   -0.2929741272157034   0.33838700039256764
8207.61   98   -0.29297530054557275   0.3019491725438483
8332.55   99   -0.29297736687923437   0.2579120670936835
8497.98   100   -0.29297718647230336   0.4753964636284797
