0.0   0   -0.3364340028750608   0.09408146400613691
17.24   1   -0.3514701292550017   0.05209262689913833
37.41   2   -0.3916634714049165   0.11539109741336923
64.84   3   -0.3960552617505139   0.08906523094608605
74.9   4   -0.40787799805179387   0.04936818072414132
85.57   5   -0.42014883840703693   0.03971776499168442
100.7   6   -0.42474558792829603   0.039539052135920294
117.25   7   -0.4275767241662029   0.014977985299042736
127.81   8   -0.4280169491479232   0.008399020631937693
143.8   9   -0.4284929589940544   0.16988539562501342
235.61   10   -0.42849259625115316   0.17664253382011313
324.45   11   -0.4284922158123471   0.010461751856194487
340.08   12   -0.4285161251091981   0.011545576971772432
349.85   13   -0.42855271472372836   0.012331212104477922
364.09   14   -0.4288535271021654   0.012502248283338572
373.95   15   -0.42896460178163703   0.011023098814831649
390.18   16   -0.4295519502304812   0.005424840480235308
401.1   17   -0.4295754035690019   0.27974544749905284
414.31   18   -0.4296591094437966   0.00460559587410398
437.3   19   -0.4297574149969592   0.20404341757278913
478.65   20   -0.42975737266524144   0.005615768177072656
486.96   21   -0.4297937289757508   0.004430379488615164
501.45   22   -0.4300115039724641   0.27510822727964657
562.9   23   -0.43001117286708274   0.004901828500147765
576.78   24   -0.4300662971237946   0.2605258894246842
606.18   25   -0.4300660040177142   0.004739991705468912
624.7   26   -0.4300869938605747   0.2730041062550285
643.54   27   -0.43008660467486204   0.004803661149346386
675.81   28   -0.43009030584689245   0.004319868360914599
685.92   29   -0.4300923211772629   0.004383300118323963
742.93   30   -0.430092568754772   0.004631799137106588
753.02   31   -0.4300945417030241   0.00513959021216588
777.9   32   -0.43010871999808337   0.004558180676004984
793.04   33   -0.4301375686039264   0.0049828524573350495
817.88   34   -0.4302299555155234   0.26978766224580647
886.82   35   -0.43024210196882284   0.1514218708476533
951.94   36   -0.4302418987397802   0.19254955938876536
993.01   37   -0.4302416745020876   0.18045807652288154
1002.64   38   -0.4302425867749246   0.22836926420858594
1041.72   39   -0.4302426173088454   0.005142783595908284
1051.49   40   -0.43024289094165785   0.20031182012027773
1085.54   41   -0.4304388385828733   0.19306141794895462
1131.76   42   -0.4304384635124493   0.1813092574793709
1191.93   43   -0.4304382653293111   0.005581365988804947
1206.26   44   -0.43043828802706474   0.23571741480100636
1220.51   45   -0.43043832655265324   0.27870238139670983
1246.3   46   -0.43043866636235756   0.2486733276833309
1256.21   47   -0.43043921828632536   0.2082508729166344
1318.18   48   -0.43043914953788154   0.00575936856839492
1341.89   49   -0.4305109714726834   0.004008038988785547
1356.4   50   -0.4305977768493534   0.19008189324102473
1389.81   51   -0.43059752526623646   0.003931390418458524
1402.9   52   -0.43059759243868945   0.0038746336309535005
1463.71   53   -0.4305997847291808   0.006188363930271737
1473.42   54   -0.4307764536755307   0.006447422832586286
1493.14   55   -0.43130762540398615   0.17152834634774083
1515.87   56   -0.4313105221173755   0.00817255856093245
1529.09   57   -0.43134385938667913   0.008457850988374276
1543.41   58   -0.4314523302938195   0.0031582935891526455
1592.04   59   -0.43167000476841794   0.19342530838510003
1602.19   60   -0.43172702863500956   0.005997397953586368
1617.72   61   -0.43181100066769285   0.21597267845292342
1731.63   62   -0.43181057486070396   0.17270326996011653
1799.81   63   -0.4318102590032213   0.004498667446066004
1809.09   64   -0.4318132763753455   0.004442593596156217
2090.47   65   -0.43182861977782594   0.012887747073701208
2107.84   66   -0.43207747069919933   0.004431531317037435
2122.03   67   -0.43227730807682446   0.2294395241789249
2171.7   68   -0.4322771620475573   0.1501119717212573
2184.39   69   -0.4322774934863938   0.006441920758174645
2197.26   70   -0.4323465067148564   0.005352175622845141
2205.53   71   -0.43241178769826333   0.0060248687507081546
2215.54   72   -0.43254200367259016   0.16788414341991675
2257.41   73   -0.4325416105985019   0.21226801733659528
2270.83   74   -0.4325416320431911   0.007720186842154996
2283.11   75   -0.4325807738453688   0.006003241230763419
2296.11   76   -0.43264564245304116   0.21286831254394886
2380.59   77   -0.4326452117460007   0.0044493290815445855
2392.76   78   -0.43264679927932226   0.004473581648329245
2415.65   79   -0.4326481022022534   0.249513533589184
2701.01   80   -0.43264775674127337   0.005699914913933811
2715.07   81   -0.43265378815372757   0.005129430260977109
2725.21   82   -0.4326595033341196   0.13561157870679394
2774.42   83   -0.4326591010795734   0.0044376725236990495
2786.08   84   -0.43266001340037846   0.1987155371580991
2795.98   85   -0.4326606067789609   0.004566668931395556
2806.13   86   -0.4326608830725982   0.1559410833598773
2815.9   87   -0.432665148285967   0.003511474150782951
2825.43   88   -0.4326670022876103   0.18854208437379288
2842.08   89   -0.4326729689573279   0.0042788458165919415
2868.74   90   -0.43267928812679396   0.0046823606708512626
2911.31   91   -0.4326862327356141   0.25941091616729484
2947.24   92   -0.43268582747485557   0.2082268534023723
2984.76   93   -0.4326857466843896   0.209942889011653
3021.27   94   -0.43268560078279084   0.20841944372702653
3088.94   95   -0.4326853911374375   0.16802016799703876
3099.04   96   -0.432685027245816   0.1776703173379792
3119.2   97   -0.43268623395442524   0.23961556163089942
3129.17   98   -0.4326865547189052   0.1658395891545986
3149.52   99   -0.43268623147968793   0.004658032967511089
3158.98   100   -0.4326878573391936   0.1802903007035505
0.0   0   -0.43268785733929277   0.15547759204329778
76.37   1   -0.4326876492016663   0.005904259324763926
91.92   2   -0.43269610494472704   0.005658066838127681
122.05   3   -0.4327471438939316   0.006540275814953459
158.41   4   -0.4328112187003844   0.004676770965121716
181.91   5   -0.43284726624224884   0.165236156158669
233.49   6   -0.43284704720295925   0.0055246959613086885
242.66   7   -0.432865990596724   0.0031042863611981894
257.62   8   -0.4329847317788563   0.006053882017181045
267.38   9   -0.4330488172380382   0.0048214851307938275
310.6   10   -0.4331276970349491   0.0065462734217679
346.06   11   -0.433239456107521   0.004042954163324301
382.28   12   -0.4332561690682591   0.15736814329357768
434.33   13   -0.4332561467039776   0.005848686491613543
447.45   14   -0.4332915154010438   0.002810694121620777
456.99   15   -0.43331501321810306   0.0014914617912816553
475.91   16   -0.43337323679310724   0.002403040902842271
484.92   17   -0.4333949820442895   0.001737790974850453
508.8   18   -0.43340196759499905   0.0014505065744266638
551.81   19   -0.4334119116172782   0.001998561755644598
566.18   20   -0.43342211912518064   0.001485275643617216
575.76   21   -0.4334245174010467   0.2041688882876579
585.86   22   -0.43342969902563755   0.0012446102999289696
594.26   23   -0.4334313210513624   0.0017664018349164278
608.97   24   -0.43343356670934496   0.0019072982700595437
646.39   25   -0.43343324433487584   0.17388187077276357
774.22   26   -0.43343318676697395   0.17911372609045068
830.77   27   -0.4334330063562428   0.19063116636266855
886.09   28   -0.4334325886613423   0.21219123306396478
936.56   29   -0.4334322066924938   0.1906409572227715
991.48   30   -0.43343179025853434   0.17822643168273014
1071.71   31   -0.4334319818392688   0.002692415840165034
1085.78   32   -0.4334321651049662   0.2014198404465102
1095.7   33   -0.4334323040069058   0.2326036413124779
1105.44   34   -0.4334321813946802   0.0026602285819846486
1138.65   35   -0.4334418135291611   0.0014351898229970775
1153.41   36   -0.43344501037725824   0.0009472497842099079
1180.1   37   -0.43344613341275   0.0007596939651581602
1200.36   38   -0.43345052570522474   0.19954962198948223
1220.05   39   -0.43345092340877545   0.1563214455635618
1289.64   40   -0.4334510449067861   0.000995480387841168
1356.57   41   -0.4334506608011927   0.0013217960857279892
1382.08   42   -0.43345182580230973   0.19227480934393745
1450.54   43   -0.43345165209755165   0.24616805023805838
1666.17   44   -0.43345137445230153   0.19033846486287684
1692.01   45   -0.4334512325475723   0.19410084404940695
1757.23   46   -0.4334512413679918   0.001546771577112363
1787.78   47   -0.4334533629054383   0.22223213311162207
1802.06   48   -0.43345354966626326   0.2208352639223328
1823.09   49   -0.43345335994418427   0.0007686599811673252
1842.56   50   -0.43345352565319845   0.19738543203460782
1892.68   51   -0.43345339837640245   0.0007656426454706613
1927.86   52   -0.43345349779733205   0.0007210534633691863
2170.74   53   -0.43345349808437006   0.0009661088095053109
2297.6   54   -0.43345357973883386   0.2507824860818732
2382.39   55   -0.43345358177630167   0.0010237736785442433
2398.23   56   -0.43345358700917086   0.20297419013446194
2408.46   57   -0.43345457828935563   0.0004182208785707031
2428.61   58   -0.43345457830779455   0.0004179062691363579
2450.64   59   -0.4334546431023368   0.20988881837281573
2466.5   60   -0.4334546404626185   0.00042171466868654175
2481.16   61   -0.433454642002776   0.00042541215191535113
2519.34   62   -0.4334553049511133   0.17249367533412951
2539.09   63   -0.43345612430609437   0.0007068260046642205
2579.75   64   -0.43345612857809723   0.0007256235099368389
2594.66   65   -0.4334578103689872   0.0005968327510051079
2605.85   66   -0.43346201824458985   0.17340438207274372
2626.86   67   -0.43346201945906393   0.18872357980419913
2676.19   68   -0.4334619821023901   0.000822547422788542
2693.53   69   -0.4334619868792159   0.22543645214205826
2703.44   70   -0.4334619587305083   0.0008873230991756624
2713.8   71   -0.433461997302334   0.0008416048721586447
2980.19   72   -0.4334619941832964   0.0011735344431220544
2992.55   73   -0.4334627340976829   0.2516800215339302
3010.11   74   -0.4334642155264281   0.20347093172587646
3031.35   75   -0.4334642237319516   0.21066094876564254
3052.9   76   -0.4334642524459625   0.00048322553277214037
3063.72   77   -0.43346426082559664   0.17144667768439503
3084.64   78   -0.43346428678746307   0.21833062752386212
3106.54   79   -0.4334641848560895   0.18373744273514017
3132.59   80   -0.43346401556772735   0.22608614135992267
3148.91   81   -0.43346379423439535   0.196766863171932
3214.66   82   -0.4334635433591119   0.15041609359628727
3253.56   83   -0.43346337110091304   0.16325412257580743
3292.71   84   -0.4334633674430854   0.18928874158056788
3347.26   85   -0.43346294464147667   0.2079586815934494
3369.53   86   -0.4334625690437414   0.1764622866054344
3391.28   87   -0.4334627581669353   0.15519310742584674
3508.4   88   -0.43346250884421655   0.001760653753796873
3519.68   89   -0.43346262017353154   0.17960156403641134
3553.94   90   -0.43346356192670654   0.17153732216998846
3564.45   91   -0.4334632981699224   0.21348791752781107
3585.76   92   -0.43346296094592396   0.177195999387982
3596.69   93   -0.43346298881962475   0.23026438290058437
3607.24   94   -0.4334629650940691   0.0014981665963004862
3617.96   95   -0.43346298887980295   0.001500126081677883
3835.85   96   -0.43346256816495976   0.0004832163068490494
3846.92   97   -0.4334635422925871   0.0008833053560207191
3870.95   98   -0.43346362180245995   0.0008323345923703989
3903.4   99   -0.433465344763934   0.21437266397197
3913.61   100   -0.43346522639556795   0.00037688642864396873
0.0   0   -0.43346522639675156   0.16206465682486695
359.41   1   -0.43346506908339943   0.00046335497122207626
419.74   2   -0.4334650722012898   0.18052493213043636
540.56   3   -0.43346567575074796   0.0005409442002489418
584.59   4   -0.43346567575221195   0.2521157413324782
644.93   5   -0.4334656757525772   0.21515272544074998
