0.0   0   -0.3382676214949235   0.012312348415474607
101.26   1   -0.35018395677523045   0.035805989470933546
202.11   2   -0.3637274330331933   0.04492219215919476
298.25   3   -0.3752827531772516   0.06739055037288004
353.48   4   -0.40569771860889686   0.026681228820369655
435.66   5   -0.4130416837621994   0.016154957983297722
525.52   6   -0.41937536517526003   0.022669835993373952
584.98   7   -0.42575331623302265   0.019881700427849102
643.69   8   -0.42862056506512514   0.009285268582321598
700.96   9   -0.4290260964708322   0.0030089885552536284
789.47   10   -0.42918781451118604   0.003589412075855271
881.23   11   -0.42941960951106095   0.002041229524073091
974.12   12   -0.42948637308541626   0.0017201717658852274
1064.12   13   -0.4295605848968735   0.001879542393321205
1156.44   14   -0.4296825512713098   0.0025807981681702356
1251.44   15   -0.4298521246747255   0.002369412007539177
1373.93   16   -0.4301386715087392   0.0031124154394016734
1464.71   17   -0.4304543235996331   0.003623086358147345
1524.57   18   -0.43078213852383407   0.004055818446371201
1614.89   19   -0.4314297690948582   0.006154056708163029
1708.77   20   -0.43207775250956454   0.0053988909670430775
1770.17   21   -0.43255089448472367   0.003735732051015458
1862.1   22   -0.4330125156511493   0.002471230491914236
1953.19   23   -0.43322636692468813   0.0022904130676886297
2010.98   24   -0.43336384518193954   0.0015031760296799054
2101.5   25   -0.4334372274101155   0.0013328895779313597
2193.45   26   -0.4335349064408352   0.0012513563322194524
2285.97   27   -0.4336227947178222   0.001267342967528358
2378.09   28   -0.4336744002455909   0.0008188916145805689
2467.75   29   -0.4336997673575909   0.001322870513095079
2561.26   30   -0.43373627481504884   0.0011628048040497156
2657.87   31   -0.43378605692650263   0.0011126281744556173
2733.34   32   -0.4338012038898421   0.0009617613379104277
2832.94   33   -0.43383439097715765   0.0013773309697418376
2930.13   34   -0.4338809202516334   0.0009379712841438
3022.08   35   -0.43390992380939364   0.001068975306533399
3110.41   36   -0.43393343149504865   0.0012326157666244176
3201.78   37   -0.4339897416145531   0.0010670761118618149
3291.94   38   -0.43408131945964956   0.0012601856178705581
3382.02   39   -0.4341528244844294   0.0009412015940709454
3472.39   40   -0.4341989266698191   0.0011206061959971546
3553.81   41   -0.43425390708976835   0.0007906810482455747
3632.99   42   -0.4342955497314444   0.0006760662669238111
3684.07   43   -0.43432623963468553   0.0008548322065118179
3766.66   44   -0.43436915160800244   0.0008740373790531284
3851.62   45   -0.43439728613858836   0.0011719176415577277
3941.63   46   -0.43443322495508   0.0013351633117549928
4034.57   47   -0.43448046365166537   0.0009212362964515696
4124.97   48   -0.4345108784996945   0.0008619411785905813
4215.9   49   -0.4345455402293001   0.0007640491257520381
4307.33   50   -0.43457094079970476   0.0008079667364916998
4401.72   51   -0.4345931559036407   0.000763155337264814
4485.49   52   -0.4346232683014576   0.0007199045626756568
4561.33   53   -0.4346507967489113   0.0008233120525147096
4637.87   54   -0.4346734344084806   0.0007132465820945639
4690.27   55   -0.4346835780093692   0.0006823308192621222
4765.61   56   -0.4346961960894991   0.0005739094917911844
4854.32   57   -0.43471602123053144   0.0006921110662502487
4907.6   58   -0.4347276623139217   0.000523881934444835
4997.99   59   -0.43473578516145317   0.0004434030530467331
5087.22   60   -0.4347477779430355   0.0005658402588078026
5182.47   61   -0.43475891836649416   0.0004997583282921912
5271.71   62   -0.4347676885670513   0.00045423010299783196
5359.94   63   -0.43477690308420064   0.00040956357877281754
5449.69   64   -0.43478759206216455   0.0005231289321627741
5533.73   65   -0.4347960846121039   0.0003262205081492765
5620.08   66   -0.43480739284671194   0.00037339415457086195
5691.5   67   -0.4348170856655361   0.0002696924071556912
5739.76   68   -0.43482168129422155   0.00035478994087956425
5812.61   69   -0.4348298934729842   0.0005018578775664356
5882.67   70   -0.4348354742444971   0.0002659174126898994
5951.59   71   -0.43484310786645947   0.0005245686009974974
6022.36   72   -0.43485210521862727   0.00032417387251610605
6103.96   73   -0.4348570869058932   0.0003281179110732413
6191.9   74   -0.43486279097751634   0.00029705474044867166
6280.74   75   -0.43486926915688795   0.0003313579964440082
6370.12   76   -0.4348740501045589   0.00032830582145424445
6455.19   77   -0.4348776536034542   0.0004434566289876918
6535.54   78   -0.43488216297210136   0.000269982623068567
6617.56   79   -0.4348866122893513   0.0002000110220509116
6704.62   80   -0.43488984299449673   0.000296524534338771
6762.86   81   -0.43489178576845705   0.00021899224525319286
6850.01   82   -0.4348937134974107   0.0001762466571163215
6939.17   83   -0.43489745787100265   0.00018942964332184463
7029.88   84   -0.43489931708713797   0.00024388901507759085
7117.76   85   -0.4349014946144617   0.00018503842769628117
7204.73   86   -0.43490337110661864   0.00021800214479638443
7290.04   87   -0.43490549542985013   0.0001495026084365093
7368.97   88   -0.4349072720291097   0.00014653318986275864
7456.44   89   -0.43490899143949846   0.0002573152311407782
7544.13   90   -0.4349114176093412   0.00021820631944189712
7604.46   91   -0.43491238129786414   0.00015391654674421366
7691.28   92   -0.43491355796068987   0.00015720678119693108
7767.09   93   -0.43491588376401974   0.00018218116461333426
7830.9   94   -0.43491702430803403   0.00018555880251040684
7901.54   95   -0.4349184115309984   0.00018885734571941836
7972.94   96   -0.43492044044129363   0.00014652903112106924
8041.91   97   -0.43492164884402035   9.78644202876888e-5
8112.46   98   -0.43492291014871154   0.00016347501941079958
8182.57   99   -0.43492387524834514   0.00018030906833746847
8261.02   100   -0.4349244409791992   0.00011702274445441187
