0.0   0   -0.39395741595429684   0.009599921481760396
89.76   1   -0.39531056547636634   0.002197085861099686
179.1   2   -0.3953535627570592   0.0014423452701920233
360.36   3   -0.3954857835564562   0.0024385980449334738
478.02   4   -0.3959587376450512   0.0009327657406214153
588.61   5   -0.39598353903020206   0.0008845367454645952
689.37   6   -0.3960500758685712   0.000821508691929254
777.02   7   -0.3961083747657274   0.0006999898092737905
867.54   8   -0.3961620752315791   0.0007621796966260764
966.49   9   -0.39622525805584813   0.0007047989390664559
1047.8   10   -0.396233611992423   0.0002824478501298156
1097.01   11   -0.3962346139558556   0.00010862846745532429
1180.63   12   -0.3962348443455942   9.37314925584016e-5
1300.33   13   -0.3962365200278729   0.0001246075972016628
1428.31   14   -0.39624207706397757   0.00016510414645355597
1525.06   15   -0.3962463418886807   0.00024384149175632412
1579.38   16   -0.39624775462457323   0.0001298397151094623
1667.45   17   -0.39624862045237225   0.0001289684922991025
1757.03   18   -0.39625101219822645   0.00016505228937750723
1856.02   19   -0.39625237300939486   0.00012885483883808577
1941.6   20   -0.3962534293853826   0.00017610195254844167
2039.5   21   -0.3962541914655532   0.0001432864114723148
2118.89   22   -0.39625459949895936   0.0001473030507966398
2236.16   23   -0.39625815375898593   0.00019223127720153634
2297.95   24   -0.3962620888785702   0.00020451589139150396
2357.83   25   -0.39626531778413177   0.00011742432083875422
2415.26   26   -0.396266363118993   0.00015839495553563108
2498.76   27   -0.3962672461327065   0.0001574292797662726
2580.25   28   -0.39626966251831164   0.00025566038153013366
2634.33   29   -0.3962730550390309   0.00029026270592658976
2724.81   30   -0.39627702217991323   0.00029716793357517516
2817.69   31   -0.39627888062685757   0.00017422192133560604
2937.51   32   -0.3962816300682393   0.0002454662095791094
2999.46   33   -0.39628290326912907   0.0001744408080445836
3088.11   34   -0.3962846989113215   0.00016482202497254103
3171.28   35   -0.39628942944557644   0.0001880620826631071
3259.21   36   -0.3962909195869036   0.00012751553737346701
3347.16   37   -0.39629133706933156   5.609035050353542e-5
3436.6   38   -0.3962914849366917   6.965108203258717e-5
3548.37   39   -0.3962943432416458   0.00023345854088323395
3629.59   40   -0.3962993242988122   0.00013093651585612592
3682.16   41   -0.3963015312087035   6.604235064647555e-5
3728.24   42   -0.3963020445134475   0.00010546234122770932
3799.1   43   -0.396302377871001   5.13122402184083e-5
3871.35   44   -0.39630274787459163   0.00010586208414899899
3946.13   45   -0.3963039410572916   0.00013772444361725273
4030.6   46   -0.3963061508067381   0.00025240831853947927
4084.72   47   -0.39630744641349924   0.00012681501331028445
4174.04   48   -0.3963084007066474   8.152419284580402e-5
4263.25   49   -0.396308817745369   6.105302118570644e-5
4321.08   50   -0.39630892913464044   3.376851640207293e-5
4407.17   51   -0.39630897333325743   3.2807065586739076e-5
4461.64   52   -0.3963090346919285   5.5882645665409394e-5
4577.98   53   -0.39630947980833614   7.867258558122401e-5
4638.62   54   -0.3963096792531078   8.869158883024068e-5
4724.63   55   -0.39631059845548816   5.9673581676848055e-5
4808.49   56   -0.39631084070799216   2.31732287598808e-5
4886.51   57   -0.39631088456462094   1.8718190577889894e-5
4993.46   58   -0.39631098263885506   4.221695946039227e-5
5106.81   59   -0.39631170622281503   9.127303374279852e-5
5195.84   60   -0.39631227242516226   3.287922588403846e-5
5284.75   61   -0.3963125100005035   3.9920298307352335e-5
5370.31   62   -0.396312586165811   2.717318368183746e-5
5452.59   63   -0.3963126551644825   2.764055437284345e-5
5566.04   64   -0.39631336014067153   0.00010777958971418157
5652.09   65   -0.39631509813801347   0.00010569362852556282
5711.15   66   -0.3963153760678378   5.0958596447008884e-5
5798.14   67   -0.3963154615205541   3.21496081185405e-5
5877.89   68   -0.3963155289121452   2.9511107407774097e-5
5958.04   69   -0.3963156973038145   3.536275659751945e-5
6040.67   70   -0.39631585786140405   6.592488374071864e-5
6124.03   71   -0.39631609640670107   4.5089008436251936e-5
6213.8   72   -0.3963165476750855   8.811306894544635e-5
6303.72   73   -0.396316954731402   7.431916539294365e-5
6386.24   74   -0.3963174268906044   4.8668800202652826e-5
6441.19   75   -0.396317996497926   6.526286448533298e-5
6500.05   76   -0.396318287491775   6.765795765585663e-5
6554.28   77   -0.39631840720282996   2.74610893266981e-5
6635.87   78   -0.3963184613506403   3.726977655731907e-5
6721.47   79   -0.3963185183889253   3.200795799762345e-5
6804.98   80   -0.39631860527782803   3.446971855869642e-5
6884.65   81   -0.3963187229363346   4.080080385765672e-5
6966.53   82   -0.39631891725685375   6.687670749273138e-5
7052.38   83   -0.3963193445867985   8.230786524248925e-5
7142.84   84   -0.3963198401482893   5.710524553164419e-5
7218.75   85   -0.39632019499453947   5.368578311789281e-5
7295.79   86   -0.3963204566528717   4.183691265543373e-5
7345.47   87   -0.3963205678728875   3.5388216911964784e-5
7419.13   88   -0.3963206199848605   1.5643401935521378e-5
7493.4   89   -0.39632064122877725   2.325643349013959e-5
7555.63   90   -0.3963207424797426   2.668054646318963e-5
7623.14   91   -0.3963209247440792   9.391380710499145e-5
7683.86   92   -0.3963212275051826   4.233959750777697e-5
7748.95   93   -0.3963213891142226   6.769318041480154e-5
7788.5   94   -0.3963214849882749   4.809387059387311e-5
7857.64   95   -0.39632162491316203   3.679050559480497e-5
7929.44   96   -0.396321718227471   2.6696099613390558e-5
8010.05   97   -0.39632175494906546   3.67928867500834e-5
8097.66   98   -0.3963217903146407   2.1230044429374816e-5
8181.74   99   -0.3963218444175679   3.4056852000284127e-5
8267.55   100   -0.3963219073123613   2.9001704650255035e-5
