0.0   0   -0.3848298487168164   0.0896557390414954
18.88   1   -0.3954492689219496   0.012756518021723628
33.8   2   -0.39574299610163555   0.005102554314128828
47.46   3   -0.3958099529000634   0.002143952982237438
67.82   4   -0.39590928038049394   0.0046159203946348
82.37   5   -0.39604220764299136   0.00169939453376736
96.64   6   -0.3960639043826846   0.0019314463354129826
116.36   7   -0.39616253961852077   0.001585545610616946
125.41   8   -0.39619015053411644   0.0013109616341109953
139.71   9   -0.3962107856701991   0.0005314285173098742
153.79   10   -0.3962147094653946   0.0005203734195246935
172.02   11   -0.3962248822176836   0.0011212921976335802
184.98   12   -0.3962353715221062   0.0005874256613510698
197.46   13   -0.3962365101464207   0.00028927330472357346
214.82   14   -0.3962380376978867   0.00026206639174093573
227.44   15   -0.3962412938997064   0.00018939340996212934
245.43   16   -0.396248429185552   0.0003963487937442672
259.15   17   -0.3962506242219047   0.00012149651813834454
272.18   18   -0.3962509682452222   0.0001168287213394069
290.73   19   -0.3962523702121843   0.0003326555024241858
304.3   20   -0.39625391919482955   0.00017048956754638986
317.38   21   -0.39625499403210507   0.00015966318044413397
329.72   22   -0.3962552747410486   0.00010431151759749968
347.5   23   -0.39625706405219335   0.0006575695746679868
360.86   24   -0.39626194377197055   0.00033105862762193415
369.44   25   -0.39626373740825327   0.00031258325743461585
378.09   26   -0.39626450340130287   0.00022813234670246522
386.87   27   -0.39626479752175947   0.00021222100028338314
400.35   28   -0.39626530683777117   0.0002359125785459918
413.34   29   -0.39626648235005135   0.0002813861269052217
425.98   30   -0.39626877358732726   0.0002893990466204676
439.64   31   -0.39627105973343096   0.00026823560763744884
452.94   32   -0.3962717774155642   0.0001079772453517536
466.27   33   -0.3962724638461656   0.00028240606300951624
479.59   34   -0.39627486024893543   0.0004920008922996147
489.23   35   -0.3962755765770036   0.000315896896589539
504.12   36   -0.3962779157764144   0.00021785304213752565
512.75   37   -0.3962783228028523   0.00014577069488113772
525.68   38   -0.3962784737446513   5.477358000289529e-5
539.31   39   -0.39627862729198926   0.00019462080417469009
557.95   40   -0.39627964027750495   0.0001755902779396135
567.32   41   -0.39628030260629665   0.00029275752381598315
581.74   42   -0.39628099486525115   4.785495152446752e-5
596.86   43   -0.3962810458316487   6.500609921170623e-5
615.57   44   -0.3962815324190964   0.00010999701078629366
629.65   45   -0.39628275069799646   0.0001715161274260455
644.47   46   -0.3962841397726468   0.00023274768173843488
653.83   47   -0.39628512718189046   0.0001886464866673392
668.39   48   -0.3962858761722593   0.0002609600256998986
682.64   49   -0.3962870066603871   0.0003644384558676293
698.6   50   -0.39628816997074623   0.0003077943522840543
708.67   51   -0.39628919648165584   0.00022924354287931216
718.71   52   -0.39628965564363344   0.00014593696369843734
733.81   53   -0.3962898438354141   9.868166685284272e-5
748.5   54   -0.3962899647480121   8.648527586603174e-5
763.21   55   -0.3962904500503485   0.00015125516172902225
778.35   56   -0.3962917505668989   0.00036507897290653427
793.15   57   -0.3962934455604724   0.00024230500027835035
803.77   58   -0.3962937322249739   7.829531636070296e-5
813.76   59   -0.3962939108915218   8.922082624411798e-5
828.86   60   -0.396294001243089   7.52270238690876e-5
842.05   61   -0.3962940971669066   7.536676578811216e-5
856.16   62   -0.3962941685753647   7.591975461404519e-5
871.7   63   -0.39629430361270973   8.514953253231151e-5
886.85   64   -0.396294491780994   0.00010009966571515091
901.21   65   -0.39629468251143163   6.955674224527704e-5
917.79   66   -0.39629496311481643   9.170067179874774e-5
927.98   67   -0.39629519418919623   7.603073804955377e-5
942.1   68   -0.3962953147535798   4.765131469696791e-5
956.46   69   -0.3962954313464745   4.922218632517054e-5
971.51   70   -0.396295477565558   3.9380440038280654e-5
992.97   71   -0.3962955598910044   3.864309081796749e-5
1002.82   72   -0.39629560172578815   7.498070655365292e-5
1016.94   73   -0.3962956782561454   4.061722345204929e-5
1031.95   74   -0.3962957229314068   6.968181675298827e-5
1052.31   75   -0.3962958955970339   0.00013228062582578987
1066.92   76   -0.39629629666634747   3.9921891451111476e-5
1081.79   77   -0.396296378241696   5.679679923857406e-5
1096.23   78   -0.396296408387714   3.571930567715159e-5
1110.77   79   -0.3962964262240225   2.3641405987402326e-5
1125.2   80   -0.3962964580280775   2.3410986403539867e-5
1135.25   81   -0.39629648353907754   4.366141356124849e-5
1155.79   82   -0.39629671388781507   0.0001050171651726123
1170.9   83   -0.3962969217286831   6.796609620127345e-5
1185.35   84   -0.3962970455762375   2.189936183654424e-5
1199.67   85   -0.39629706509368423   3.218822871561856e-5
1209.28   86   -0.3962970850267773   5.3704409724973255e-5
1227.72   87   -0.39629717929858965   8.364154050394254e-5
1242.24   88   -0.3962973238208062   7.675163660299873e-5
1261.18   89   -0.3962978113691318   8.296741378219131e-5
1270.59   90   -0.3962978628212785   5.199385264358246e-5
1284.57   91   -0.39629813430773897   7.375212244511547e-5
1298.27   92   -0.3962982114266268   3.895833841671638e-5
1311.1   93   -0.3962982373702322   2.5233406693272386e-5
1324.74   94   -0.3962982611292105   4.977592502916772e-5
1339.24   95   -0.3962983714878635   6.34409646147678e-5
1353.17   96   -0.3962984560560352   8.399593957468114e-5
1366.33   97   -0.3962985722825814   6.491025240177427e-5
1379.56   98   -0.39629868166722826   6.436583587031059e-5
1392.88   99   -0.3962989439300179   0.0001244471371323801
1406.37   100   -0.3962992397191972   0.00011231423059397082
0.0   0   -0.39629923971920267   0.00012534773764928626
12.75   1   -0.39629925718826997   5.136380993283809e-5
31.92   2   -0.39629928420764876   9.614417661446077e-5
47.47   3   -0.39629933035139364   6.435762360111296e-5
60.53   4   -0.396299354325491   5.74649384491971e-5
77.46   5   -0.3962994414309809   3.2524104370080404e-5
92.19   6   -0.3962995292821964   3.383707319561318e-5
105.24   7   -0.39629966262974914   2.7999338947450657e-5
118.39   8   -0.39629974862543765   3.0056050435883373e-5
131.45   9   -0.39629994583147665   2.4647235855967772e-5
146.86   10   -0.3963000914694348   3.3753129215554984e-5
160.63   11   -0.3963002722050929   2.5195135031740023e-5
174.24   12   -0.396300441592669   3.5633498820869615e-5
189.71   13   -0.3963007008430241   4.3656972665135355e-5
204.19   14   -0.39630087988579044   4.539211811012541e-5
218.03   15   -0.39630095781112834   2.878809488597846e-5
237.05   16   -0.396301059201412   7.85113075529017e-5
252.12   17   -0.396301221039931   3.5257394483870176e-5
266.09   18   -0.3963012636232169   3.1610334262958333e-5
279.84   19   -0.396301278995302   3.6622481519354794e-5
299.26   20   -0.39630134560796876   6.248963198418495e-5
313.44   21   -0.39630155004413103   2.9979342724027223e-5
322.32   22   -0.396301555021745   4.954746069979753e-5
336.39   23   -0.39630156699626573   2.604444517731145e-5
351.55   24   -0.39630158995774156   5.765829881595447e-5
365.96   25   -0.39630172083102067   7.266156916283159e-5
375.27   26   -0.3963017633694179   3.294871514002903e-5
388.56   27   -0.39630178019796436   1.5178436354466865e-5
409.4   28   -0.39630181270364095   3.360554925238203e-5
424.31   29   -0.39630195570814797   3.1647767126174064e-5
439.86   30   -0.3963020138983809   1.8278037861342486e-5
455.43   31   -0.3963020353595148   1.9168202398549777e-5
470.75   32   -0.3963020728659337   3.551909022104122e-5
485.45   33   -0.3963021087951609   2.459409415167695e-5
507.04   34   -0.39630217980021376   3.156616965748115e-5
522.71   35   -0.3963022257157721   8.493665019762347e-6
538.35   36   -0.3963022366620399   1.441512467271438e-5
553.62   37   -0.396302246230648   3.421400989825215e-5
573.78   38   -0.39630227157820663   3.60075956433864e-5
588.11   39   -0.3963023041419155   2.362661136585674e-5
602.02   40   -0.3963023476259794   2.8035546717182934e-5
612.7   41   -0.39630237473805163   2.709024725177444e-5
627.96   42   -0.3963023832640597   1.834610666936196e-5
638.29   43   -0.39630238412898294   1.3666298435933297e-5
652.9   44   -0.39630238606419044   1.4496526534349305e-5
667.54   45   -0.39630239204583456   2.2782200580270844e-5
682.69   46   -0.3963024035854569   1.8376069503553993e-5
703.75   47   -0.3963024404028679   6.217201823460309e-5
719.45   48   -0.3963025506560128   4.7758880279571444e-5
735.46   49   -0.3963025898046244   2.870031112443798e-5
749.02   50   -0.3963026020837721   2.2477409281750396e-5
763.44   51   -0.3963026198954289   1.329864657422656e-5
778.53   52   -0.39630262914279635   1.3128483774154937e-5
788.77   53   -0.3963026384346363   1.3072952861329387e-5
803.97   54   -0.3963026480874664   2.144016811008407e-5
823.27   55   -0.3963026929147266   5.1700291523591355e-5
840.33   56   -0.39630272167224956   2.7008372305438448e-5
855.64   57   -0.39630274969163626   1.665383781128077e-5
870.99   58   -0.39630284765589385   5.592239811984832e-5
887.44   59   -0.3963029609526485   5.220125833745528e-5
897.53   60   -0.3963029811483012   3.9925533880131525e-5
912.83   61   -0.39630301163185194   1.7397113728527548e-5
927.3   62   -0.39630303301145603   2.4872532414813095e-5
941.99   63   -0.39630304762088664   3.5828646203881485e-5
957.59   64   -0.39630308082079924   3.560735671939753e-5
967.21   65   -0.39630309817396775   3.6555113001984294e-5
981.28   66   -0.39630313084651336   4.395939920495999e-5
996.55   67   -0.3963031680973759   3.194242542497579e-5
1006.58   68   -0.39630318481860705   3.885014405217613e-5
1022.2   69   -0.39630321753126435   3.9478157137159306e-5
1037.05   70   -0.39630326918885583   8.773906688728755e-5
1054.01   71   -0.39630334804892775   3.237211524164417e-5
1068.62   72   -0.39630339576872636   4.932771130523889e-5
1083.91   73   -0.39630350783456747   8.463446061657654e-5
1100.44   74   -0.39630364703181326   3.54729500872968e-5
1110.5   75   -0.39630366945928996   2.4536390440164236e-5
1125.45   76   -0.3963036879023466   3.2010153443899676e-5
1140.29   77   -0.3963037423182573   2.529746290946091e-5
1155.18   78   -0.3963039421766703   9.56225797963317e-5
1169.94   79   -0.3963040351696944   2.9894750762629638e-5
1184.22   80   -0.396304048782327   2.8400579950560617e-5
1198.12   81   -0.39630406532548323   4.0937760723716724e-5
1213.29   82   -0.39630409733186717   2.426761684464558e-5
1227.6   83   -0.3963041116092076   2.3998019326378063e-5
1243.02   84   -0.396304120659509   2.7017190615445275e-5
1258.15   85   -0.39630413577807   1.9585701324299914e-5
1272.07   86   -0.39630417785418753   3.218607532708501e-5
1282.37   87   -0.39630419378131876   4.322309529545386e-5
1297.26   88   -0.3963042244176826   2.388289951644933e-5
1313.28   89   -0.39630424329378966   3.845251646060811e-5
1328.18   90   -0.3963042718312898   3.833770832757054e-5
1342.97   91   -0.39630429817789814   2.570785606594965e-5
1358.54   92   -0.3963043234436735   2.0047026636906537e-5
1374.44   93   -0.3963043579841317   3.2665516938228585e-5
1389.4   94   -0.3963043879687482   3.1110182188359246e-5
1403.86   95   -0.3963044056907571   2.3798767720167835e-5
1419.17   96   -0.3963044264054648   2.433859786636696e-5
1434.81   97   -0.3963044710538359   1.822040713169577e-5
1445.33   98   -0.3963044978297092   4.810368938307043e-5
1460.81   99   -0.39630452763354584   2.004103064455835e-5
1476.78   100   -0.3963045356674254   2.8993786479326355e-5
0.0   0   -0.3963045356674308   3.0076054861741043e-5
40.66   1   -0.39630453744741184   1.6058195302755384e-5
105.91   2   -0.3963045405138188   2.761445497611764e-5
157.64   3   -0.396304547954864   4.1825903906554695e-5
190.52   4   -0.39630455247965934   1.734012872477994e-5
282.17   5   -0.39630457697101223   1.766864368908387e-5
349.77   6   -0.3963045904223946   1.2622897388380721e-5
420.3   7   -0.39630461182072235   1.9307590799556345e-5
487.78   8   -0.39630464735804305   1.2601371089487228e-5
553.46   9   -0.39630466236625606   1.0660505618883716e-5
630.28   10   -0.39630467487290594   1.207188707400801e-5
705.75   11   -0.39630469676388247   6.917902379903487e-6
809.04   12   -0.39630472724923554   2.3123643114158616e-5
883.73   13   -0.3963047488088744   3.0749255262380975e-5
956.94   14   -0.3963047726869835   7.380551069938899e-6
1061.09   15   -0.3963047798666123   2.9765068855796523e-5
1133.29   16   -0.39630480076329805   9.839151009206762e-6
1232.27   17   -0.39630481451386634   3.7011176059185895e-5
1307.43   18   -0.3963048499073821   8.629261563037678e-6
1384.35   19   -0.3963048517143245   9.353737181717437e-6
1481.99   20   -0.39630485767737833   4.708836321417509e-6
1572.04   21   -0.3963048686156485   1.4349407905178709e-5
1620.98   22   -0.39630487511353774   5.833598406042508e-5
1688.58   23   -0.3963048990175157   1.543642881921087e-5
1730.41   24   -0.39630489954137627   7.0358496857042945e-6
1789.27   25   -0.39630489995508095   8.654135253335977e-6
1854.52   26   -0.3963049014195852   1.8109518474744202e-5
1947.05   27   -0.3963049131367504   1.4214657815817214e-5
2011.34   28   -0.39630492413211393   7.648820803843203e-6
2074.19   29   -0.39630492782614807   8.349227633632046e-6
2137.47   30   -0.39630493360672225   1.0418420375375729e-5
2228.04   31   -0.39630494593167864   1.2157692808882773e-5
2293.42   32   -0.396304962246003   6.400932780164819e-6
2355.86   33   -0.39630496489767386   7.02880960327376e-6
2416.34   34   -0.39630496888378564   1.6748991724372714e-5
2483.25   35   -0.3963049737988492   1.2470445045511461e-5
2554.89   36   -0.39630498434904843   2.4419391972206152e-5
2627.1   37   -0.39630500324819373   1.829903994964676e-5
2702.81   38   -0.3963050075529041   7.021963328424068e-6
2777.81   39   -0.3963050082939465   6.846461474214084e-6
2854.91   40   -0.39630500984901895   1.0886639133887396e-5
2957.99   41   -0.3963050144801214   8.723699043230257e-6
3029.02   42   -0.39630501942550367   2.1203992391072232e-5
3077.2   43   -0.396305024481724   2.4536812258365308e-5
3132.78   44   -0.3963050332484954   4.2470799294634784e-5
3184.38   45   -0.39630504173726666   3.253594108614726e-5
3212.34   46   -0.3963050471219481   1.860046898279775e-5
3231.25   47   -0.3963050504743026   9.165156486639767e-6
3249.97   48   -0.396305053070973   1.6514288418712576e-5
3267.11   49   -0.3963050583423374   1.2198327958694067e-5
3288.58   50   -0.3963050671340157   1.1820708724091868e-5
3305.16   51   -0.39630507874562027   8.571185884420135e-6
3321.45   52   -0.3963050853571735   8.718959089317361e-6
3335.54   53   -0.39630509305647266   1.474202075118522e-5
3352.08   54   -0.3963051056430811   9.99242518273922e-6
3362.89   55   -0.3963051125702011   1.3917902389621813e-5
3378.89   56   -0.396305117660997   1.174760230383131e-5
3395.11   57   -0.3963051198458324   5.167463523379596e-6
3412.05   58   -0.39630512060266276   5.744639079618999e-6
3428.54   59   -0.39630512150318425   9.950441648706262e-6
3445.02   60   -0.3963051234710819   7.345151879532891e-6
3461.28   61   -0.39630512527543427   7.113098374964314e-6
3476.76   62   -0.3963051273491063   7.289423477177013e-6
3486.44   63   -0.3963051285339766   9.7050433396471e-6
3502.19   64   -0.39630513017932656   1.5791399295815828e-5
3519.94   65   -0.39630513294447745   1.4178275118723722e-5
3537.14   66   -0.39630514057182753   1.3460506546649103e-5
3547.91   67   -0.3963051414898628   1.1236986705090638e-5
3563.45   68   -0.39630514232678254   6.729790256156965e-6
3579.95   69   -0.39630514350810864   9.748052693326482e-6
3595.54   70   -0.3963051449142156   4.558351461845816e-6
3605.78   71   -0.39630514551793466   3.96801275808745e-6
3620.59   72   -0.3963051463611971   2.218221719475681e-6
3635.97   73   -0.39630514774769127   6.597105230250717e-6
3653.01   74   -0.3963051490183517   4.429147963603663e-6
3669.35   75   -0.39630515280459766   1.3086422407347744e-5
3685.7   76   -0.3963051633707917   1.8645602453761315e-5
3702.53   77   -0.39630516666127324   7.960440079335549e-6
3718.97   78   -0.3963051676705707   7.717213253019448e-6
3734.06   79   -0.3963051705520626   9.394306546714633e-6
3752.05   80   -0.39630517199832055   8.109853768773127e-6
3769.26   81   -0.3963051741628308   9.113384957787602e-6
3780.2   82   -0.3963051747637261   6.880063666294414e-6
3796.21   83   -0.3963051752176534   5.094988459019395e-6
3820.74   84   -0.39630517628206646   4.972952922471992e-6
3831.78   85   -0.39630517702574436   1.0238655102285582e-5
3848.25   86   -0.3963051780611814   1.0956318841956216e-5
3865.0   87   -0.39630517940589616   7.529706402306196e-6
3882.12   88   -0.39630518064909   1.4076847017036837e-5
3898.4   89   -0.396305183095249   1.0524693989373431e-5
3912.88   90   -0.3963051843640347   1.01920185260643e-5
3928.72   91   -0.39630518781541835   1.2049497363614982e-5
3944.49   92   -0.39630519413966137   8.153472563378495e-6
3959.22   93   -0.3963051979076244   6.334819518614289e-6
3975.44   94   -0.3963052008279024   9.428067561820195e-6
3985.35   95   -0.3963052024126943   4.669265549771931e-6
3999.92   96   -0.3963052030431091   5.930734623963838e-6
4020.03   97   -0.39630520541452363   5.781186418872222e-6
4031.26   98   -0.39630520606346475   1.4488971750327198e-5
4046.5   99   -0.39630520761014376   5.374230626293296e-6
4060.87   100   -0.3963052093060885   5.574996790753647e-6
