0.0   0   0.1902180236518181   0.050653179636678085
16.33   1   -0.12109553296048335   0.07226132698409686
29.31   2   -0.15273919327556298   0.07477623869084954
37.73   3   -0.23205879438301777   0.02677155394813504
51.28   4   -0.2609171194085074   0.02644527745338239
71.65   5   -0.27278712447233533   0.01739776804297621
80.93   6   -0.27521877751395935   0.310747712038863
94.77   7   -0.278261267620059   0.0132816321969842
112.66   8   -0.27901536834010077   0.009341524461185836
121.98   9   -0.28014313775489963   0.011611014957136592
131.37   10   -0.28192107683086143   0.007669944837146105
153.39   11   -0.2855624494081306   0.28095533849109855
177.14   12   -0.28561686244946194   0.009038062995999368
191.24   13   -0.2866512117349221   0.004741908666336372
257.83   14   -0.28700627905089704   0.005399837132848385
295.66   15   -0.28784537883482864   0.007783838498920768
325.14   16   -0.28961961532745173   0.003494591344224294
343.29   17   -0.289841190775339   0.002200423259274509
356.88   18   -0.28998304930274243   0.000807948997987634
369.98   19   -0.2900864907236876   0.001345080590486197
378.66   20   -0.290148397490599   0.0006728363692552761
392.15   21   -0.2901682770236911   0.0005453606298462424
405.16   22   -0.2901963995425799   0.00043288640155628676
418.8   23   -0.2902164079984842   0.0002821609623474556
432.14   24   -0.2902289034910794   0.00029722483201209915
446.92   25   -0.29023901922944007   0.0002914985348007336
460.31   26   -0.2902679602999567   0.0003343677565732849
468.69   27   -0.2902699773470646   0.0003965468789269429
481.8   28   -0.2902821654954738   0.0005717675794791864
496.3   29   -0.2903134735863142   0.0006872616063918235
510.04   30   -0.29036776826731653   0.0005133968443829669
524.55   31   -0.29047483065144086   0.0007786274532150583
533.91   32   -0.2905495742032048   0.0007944445367125813
548.83   33   -0.2906589507074322   0.0005873667633228137
563.3   34   -0.29070260154460426   0.0007158905488196236
572.63   35   -0.290733240389946   0.0006585338090326999
582.24   36   -0.2907582449870889   0.0007287612508932952
597.2   37   -0.2908080239909831   0.0006088357446567384
611.84   38   -0.29084771405003695   0.0004510148538512411
626.4   39   -0.29088200932386016   0.0003824615937237483
641.28   40   -0.29092172650583903   0.0004727107053127343
656.28   41   -0.2909463106411187   0.000803702693977395
670.88   42   -0.2909777396144194   0.0005216738530588232
685.15   43   -0.2909934886975414   0.0002966012554811419
701.33   44   -0.2910117622471465   0.00034956214731100783
716.3   45   -0.29103669568667323   0.00034457698238937165
731.28   46   -0.29105792621854204   0.00035724230930516174
747.09   47   -0.29107672269017393   0.0003256676556120763
762.25   48   -0.29109041126930985   0.0004066632670247102
777.38   49   -0.29110219628652145   0.00034128151826789206
791.95   50   -0.2911166820680249   0.0003249373558073007
808.41   51   -0.29112723171651755   0.00031085873687662353
823.34   52   -0.2911393673520592   0.000255591513496276
837.4   53   -0.29116127281044135   0.0003404867928121571
852.77   54   -0.2912076910007693   0.00046000834153721976
869.2   55   -0.29126598374566737   0.000504186607448897
884.9   56   -0.29133739923668817   0.0008614431860779844
895.51   57   -0.29139817796655915   0.0006494553639588503
910.9   58   -0.29149626933867595   0.0007125112230088782
920.56   59   -0.2915357464627549   0.0007729596329498793
930.55   60   -0.29156952288495885   0.000709355660222276
940.58   61   -0.2915991949840799   0.0005298400521956299
956.0   62   -0.29165763266275596   0.0008610833226225936
967.1   63   -0.29169873421894355   0.0007547631346438658
982.69   64   -0.29173541593189034   0.0005468604631908733
997.64   65   -0.2917869419388435   0.0005793718592506433
1012.9   66   -0.2918382476438625   0.0004175783670588252
1028.92   67   -0.2918728663573914   0.0006743204042683126
1043.59   68   -0.2919219355749433   0.0009048257366448987
1059.03   69   -0.291958252653015   0.29985247933310016
1105.14   70   -0.2919581525410357   0.3293074913720474
1239.89   71   -0.2919581108982773   0.0007333936041443469
1250.08   72   -0.2919615117691568   0.0005565254062960296
1264.88   73   -0.29199572429481535   0.000475253351163072
1279.62   74   -0.2920287660729384   0.0007072801425618968
1289.04   75   -0.2920469491306914   0.00045557221494347454
1302.95   76   -0.2920701148218049   0.0007721233598889087
1317.32   77   -0.2921064534075504   0.0004322811325048319
1337.64   78   -0.2921245296187573   0.28993707224678344
1400.31   79   -0.29212440250437854   0.3073948154483421
1487.41   80   -0.29212426148002224   0.2761549068524132
1587.88   81   -0.29212404687402577   0.27330456109201157
1668.76   82   -0.29212403178815666   0.0005231389705539935
1688.46   83   -0.29212501721659967   0.00042755446280120303
1697.83   84   -0.29212611429167074   0.22126609893067778
1707.42   85   -0.29212732879422015   0.0005488233563053572
1716.59   86   -0.2921275469488016   0.0005427076963826952
1730.71   87   -0.2921346097790188   0.0003687613723459776
1757.38   88   -0.29214069520442354   0.0007147141760026411
1798.48   89   -0.2921488444912508   0.000673894367535446
1807.19   90   -0.2921633143175315   0.35632676941589886
1848.32   91   -0.2921631652791348   0.33417235050895144
1933.64   92   -0.2921628754857878   0.3516691132446518
1994.8   93   -0.29216261012893774   0.0004120631544327099
2003.18   94   -0.29216391481959675   0.0002514474011682423
2015.43   95   -0.29216593134323887   0.0003533100366586623
2029.06   96   -0.29217334329473765   0.000359902636339351
2037.78   97   -0.2921774782006191   0.00032304707705289377
2047.6   98   -0.29218307538327365   0.25044484275245216
2106.09   99   -0.29218285073930467   0.0003754877734380418
2131.14   100   -0.2921831760967525   0.0003072817176228123
0.0   0   -0.2921831760968919   0.2706903853187131
66.72   1   -0.29218881623339643   0.0014245043791208034
88.26   2   -0.2921888561110554   0.28486989440782345
99.31   3   -0.29219440735781965   0.0014855440414888264
131.97   4   -0.2921943973221119   0.23905199104399014
216.01   5   -0.2921945345786999   0.0009989889141328037
279.57   6   -0.2921965930489869   0.0009034377961133
293.34   7   -0.2922004541783636   0.0015813158135637403
440.46   8   -0.2922019246836873   0.2964224983879492
571.38   9   -0.29220191380757027   0.3241496749054808
602.31   10   -0.2922016850805425   0.2992788620729352
616.9   11   -0.29220166462021896   0.0025022433302760447
626.86   12   -0.2922016792556713   0.2960601854576374
678.95   13   -0.29220164508116353   0.30810841927888843
746.29   14   -0.2922022343335007   0.3462387352780151
760.08   15   -0.29220373099344654   0.002092488824887832
774.39   16   -0.2922039204558574   0.2900706604576242
794.56   17   -0.2922039135971647   0.34329091550130214
892.98   18   -0.29220366557720545   0.29834675176259434
940.35   19   -0.292203621811476   0.3816468940836042
964.8   20   -0.29220341186105714   0.3276885385513513
1016.38   21   -0.29220312037483803   0.31535350726595796
1040.22   22   -0.29220581255480127   0.32201743842228414
1151.25   23   -0.2922057190149786   0.3098079145765328
1165.18   24   -0.29220583332636163   0.3681909087749231
1193.48   25   -0.2922070448762135   0.23785708993944824
1212.48   26   -0.29220690707585006   0.2767309077740171
1226.82   27   -0.29220682964604106   0.3476738775129541
1369.89   28   -0.29220662265766206   0.3531803649070981
1454.97   29   -0.2922065037373314   0.22803280348760913
1477.98   30   -0.292206268771258   0.4064717223259076
1507.15   31   -0.2922060326208956   0.39714533751271847
1540.31   32   -0.2922057742787004   0.37102197375339263
1554.2   33   -0.2922056910604058   0.311855247214829
1563.21   34   -0.2922056701503305   0.34567867647148925
1661.49   35   -0.2922053883604279   0.3269522508357754
1670.01   36   -0.29220520023013613   0.0017739688811612797
1678.88   37   -0.29220520040557496   0.2783384453298344
1697.15   38   -0.29220519968289566   0.3399330504945659
1714.85   39   -0.29220519142016904   0.3275342690034976
1754.64   40   -0.29220492481101334   0.35594764620121727
1841.49   41   -0.2922048239651056   0.34787517934245477
1854.07   42   -0.2922049184846904   0.32732221658786376
1930.61   43   -0.29220490967026136   0.2659375549650709
1943.99   44   -0.29220490967309204   0.28836625804357724
0.0   0   -0.29220490967614254   0.2763368186433007
179.46   1   -0.29220482341516557   0.33571980733244206
206.69   2   -0.29220479252139564   0.33165547685548247
296.99   3   -0.29220450037520157   0.2863188279620815
329.34   4   -0.29220429881805576   0.28921046446680526
381.03   5   -0.29220574994773396   0.3097683603622604
430.2   6   -0.29220569484285974   0.0017379346730514449
440.98   7   -0.2922056988150186   0.2563687158755952
451.74   8   -0.29220592711725435   0.2839939183903063
488.66   9   -0.2922072317865441   0.34986621534722334
505.39   10   -0.29220962563286157   0.34847900328442816
521.28   11   -0.292210021027625   0.001199050751621761
697.81   12   -0.292209729935168   0.2888334280250007
785.26   13   -0.29221087965484915   0.2678743838527575
795.3   14   -0.29221131400815703   0.0027789502076782232
805.69   15   -0.29221132379779774   0.3712779644853586
821.72   16   -0.292213906279855   0.24798803008075476
842.52   17   -0.29221375416596757   0.283742053565131
873.42   18   -0.2922135982244146   0.37670390305664786
967.02   19   -0.29221358819692433   0.30397228588334463
984.4   20   -0.29221349323556867   0.2947721513225908
995.45   21   -0.29221349856039985   0.3471968342287437
1010.41   22   -0.2922134983295957   0.3684520754144315
1050.89   23   -0.2922134968181149   0.3378934848485254
1065.91   24   -0.29221351005211466   0.3880052194459862
1155.64   25   -0.29221342046908166   0.322602903819649
1176.81   26   -0.29221320040767557   0.30008643589420697
1198.78   27   -0.2922131038644388   0.21702090715383654
1219.91   28   -0.2922128684522218   0.37429225237337865
1253.47   29   -0.29221270640529984   0.3254797947013564
1264.43   30   -0.29221272322337827   0.2732661046012966
1287.48   31   -0.29221247844825937   0.3238319646657847
1383.29   32   -0.29221233508228106   0.0012722333614242688
1432.2   33   -0.29221257283400986   0.3477249507734574
1451.81   34   -0.2922153365666701   0.35036274841588483
1491.04   35   -0.29221507556023496   0.0008376676409711519
1505.71   36   -0.29221538973566563   0.32882527137173945
1525.32   37   -0.29221538703210204   0.2704111241438933
1535.07   38   -0.2922153847698655   0.2921925818999558
1573.31   39   -0.2922152224302197   0.32643408983798194
1608.6   40   -0.292215356931887   0.3811035103647975
1647.87   41   -0.29221531408976364   0.000939257108806226
1671.48   42   -0.2922153156006005   0.3064162627147576
1719.21   43   -0.29221531433895265   0.3403198997291174
1833.53   44   -0.2922150224372281   0.34531369157257286
1842.98   45   -0.29221499199749085   0.0007699951734720936
1852.81   46   -0.2922149921569232   0.3593789635861091
1866.78   47   -0.29221499846734794   0.0007702765141022515
1880.84   48   -0.2922150042361989   0.345538680071913
1890.86   49   -0.2922150034654926   0.30045291324798956
1923.77   50   -0.2922150034420348   0.3366857472418951
1936.95   51   -0.2922150009992555   0.0007703591030507011
1956.05   52   -0.29221500431957687   0.28819650786314077
1973.68   53   -0.29221500281377716   0.0007704504078806194
1992.56   54   -0.29221500421527075   0.24847425958422054
2001.83   55   -0.2922150032358205   0.0007704690941175941
2011.48   56   -0.2922150032443143   0.35116638527385763
2070.44   57   -0.2922153210067307   0.36289793387591973
2126.47   58   -0.29221515937237696   0.0007910617321883177
2160.64   59   -0.29221542090359265   0.0008347181239927074
2184.38   60   -0.29221903527588255   0.0009204634483876482
2196.01   61   -0.2922203914862311   0.28656245463080593
2212.58   62   -0.2922203915521945   0.2922745214770754
2261.74   63   -0.29222017229820463   0.3308984086212816
2346.78   64   -0.29221988043970887   0.3489514686216521
2362.26   65   -0.292219642687666   0.24625964938407288
2404.13   66   -0.29221940918349204   0.23749494438259858
2445.0   67   -0.2922191896620766   0.27462167663472525
2460.95   68   -0.29221912220369906   0.2788222855127165
2520.88   69   -0.29221883091502737   0.37478964139395193
2566.17   70   -0.2922185431801832   0.35159606000430627
2586.31   71   -0.29221852844907964   0.32117519481444357
2601.97   72   -0.29221830316455616   0.23134159103556895
2612.23   73   -0.2922183126971716   0.2972974801351814
2627.4   74   -0.2922184978462833   0.385559601346692
2724.73   75   -0.2922192248654708   0.28790680054797013
2747.89   76   -0.2922193596074988   0.3723790568434807
2806.29   77   -0.29221933109760584   0.3823559941481463
2820.38   78   -0.2922196894591717   0.0016496890631598241
2853.85   79   -0.29222205605690155   0.0005145797699883065
2874.3   80   -0.29222401436427925   0.0008761131349197873
2889.01   81   -0.2922264444737371   0.3491167064333204
2903.79   82   -0.29222658191792805   0.0012173762789082364
2950.19   83   -0.29222731016193465   0.35747872991527607
2965.28   84   -0.29222759591403663   0.4035444340227329
3036.08   85   -0.29222759287827343   0.3255958110723523
3060.88   86   -0.2922275204215663   0.0015921022291631405
3142.09   87   -0.29222754742230045   0.2831220560737693
3273.4   88   -0.29222754374434656   0.2500997517279536
3281.29   89   -0.2922275613908534   0.30720392908999056
3293.12   90   -0.29222757513617276   0.0020871685297967975
3302.24   91   -0.2922275751683079   0.2643673336904435
3318.67   92   -0.2922275752455721   0.3262121991060929
3334.69   93   -0.2922275748776413   0.29913343768886574
3347.17   94   -0.2922273807368941   0.002262697055257552
3388.02   95   -0.29222747692677853   0.2893212339623439
3424.8   96   -0.29222754029020137   0.3409023646391911
3445.31   97   -0.2922275387691105   0.28010622494820503
3457.51   98   -0.29222753923944994   0.365286013782879
3465.37   99   -0.2922275367665077   0.3031026504576417
3474.61   100   -0.2922275357130033   0.3054193286645854
