0.0   0   0.19848118579708482   0.01003810079258555
131.53   1   0.031158393874813162   0.04797974721603774
211.16   2   -0.10449654571419849   0.025760034600164006
287.82   3   -0.1787998020059818   0.01038949103844658
357.71   4   -0.243365759144283   0.00295272656503685
422.77   5   -0.2496304526922338   0.0033076112616067122
495.78   6   -0.258152802310567   0.002729401428573113
542.34   7   -0.2624898324378538   0.0015974515242258428
585.6   8   -0.26385850526674715   0.0011312731447628511
654.28   9   -0.2646864222265979   0.00044312286981621407
726.83   10   -0.2648418487981536   0.0002601640454602995
827.59   11   -0.2652393067957357   0.00048043258175771815
912.09   12   -0.2657663834345752   0.0005708723694354837
968.63   13   -0.26623004963342617   0.00046117328969243285
1065.17   14   -0.26693221565369607   0.0008222853918948119
1158.23   15   -0.2680296715649325   0.0007313197307558928
1254.98   16   -0.2691259231973459   0.0006720452645005472
1325.03   17   -0.2696258383884301   0.000573171833922614
1441.64   18   -0.27050645963237163   0.0004776751929927112
1537.72   19   -0.2717233866943403   0.0012159728707422152
1604.46   20   -0.2731119908518274   0.0017386079925249404
1725.86   21   -0.277851045881174   0.002698098388032315
1797.08   22   -0.2803901091742296   0.0028915910162124804
1858.96   23   -0.2849825131727519   0.0021064966686850655
1955.05   24   -0.2883378651912901   0.0007733797187616788
2052.0   25   -0.28994039002395544   0.0006375730146958346
2147.58   26   -0.29072004684642627   0.0005982981251166369
2239.6   27   -0.2911422038997606   0.0006517497468098053
2329.3   28   -0.29136191574128906   0.0003659600309964097
2417.42   29   -0.2915546506018121   0.00035132992820503784
2509.03   30   -0.2917264952366668   0.00020805119139587607
2598.79   31   -0.2918555354956945   0.0001713194026978929
2690.12   32   -0.29195190377891594   0.00019737075407249695
2778.15   33   -0.2920340569875435   0.00017716061754909692
2869.77   34   -0.2921018724673215   0.00018764145982321211
2957.06   35   -0.29219134657674073   0.00018848481311973853
3039.09   36   -0.2923130695296305   0.00021916063317821487
3120.99   37   -0.29258841847504496   0.0002622445268809317
3180.88   38   -0.29282704431146545   0.0002610825156386488
3233.88   39   -0.2931044660031283   0.00030722418977332307
3319.31   40   -0.29340707922525794   0.00022795728154058226
3399.95   41   -0.2935912061037683   0.00015266660814944327
3454.77   42   -0.2937646976074103   0.0002912879420643484
3532.05   43   -0.29394482977046144   0.00018933568698170468
3574.85   44   -0.29402117301649894   0.00015183903859726738
3635.8   45   -0.2940627680361312   0.00012347129807259506
3701.59   46   -0.2941223837389321   9.905441369424374e-5
3773.56   47   -0.2941802369090023   9.740004330750444e-5
3842.72   48   -0.2942264711344612   0.00021458679642056376
3913.24   49   -0.294278931725125   0.00012364684696895424
3979.33   50   -0.29434391006558464   0.00010933946536833393
4049.23   51   -0.2944298193477497   0.00016309054153796702
4096.09   52   -0.2944763565530014   0.00010659922530421384
4163.74   53   -0.29450755440087456   8.257047839950967e-5
4226.44   54   -0.29454540599980983   0.00011217476859133966
4285.39   55   -0.2945839481204282   8.424148290962293e-5
4342.26   56   -0.2946215228823749   8.809697139051707e-5
4400.8   57   -0.2946605767335855   0.00013161409290563626
4466.91   58   -0.2946860063272198   6.755606697363415e-5
4531.83   59   -0.2947108519358722   6.034885363836551e-5
4593.58   60   -0.2947378667005711   7.062544034132057e-5
4636.53   61   -0.29475371428425856   6.563467107064491e-5
4695.55   62   -0.2947688021433592   5.4749416083673294e-5
4758.45   63   -0.29479149263031285   8.530110495744356e-5
4821.22   64   -0.29481329286673197   7.802836316854261e-5
4878.63   65   -0.2948429866562202   7.169343580993577e-5
4948.66   66   -0.2948752774502914   4.944565573217266e-5
5012.21   67   -0.29489287686206284   7.284647343079469e-5
5079.55   68   -0.2949088145975826   5.6401537695252314e-5
5140.3   69   -0.2949235266761252   6.512192982963592e-5
5177.75   70   -0.29492784227063557   3.6219467403901614e-5
5238.23   71   -0.29493091906719454   3.145831707688932e-5
5302.84   72   -0.29493968643950214   3.344168166272276e-5
5370.55   73   -0.2949499964983937   3.096236910022835e-5
5431.78   74   -0.29495963708494854   4.4045413238627605e-5
5489.08   75   -0.2949677597167544   5.9477563630464587e-5
5547.77   76   -0.29497432860522715   3.0419838611642214e-5
5606.97   77   -0.2949822667888836   3.146385947634043e-5
5652.34   78   -0.2949857615074531   5.2293098909499835e-5
5736.58   79   -0.294989720724412   2.05809410949923e-5
5809.63   80   -0.29499411642079365   3.0050864443628094e-5
5872.36   81   -0.2949971995376003   4.005652486020527e-5
5943.23   82   -0.2949997523185489   2.628004015618565e-5
6004.44   83   -0.29500237479961716   2.201818182074654e-5
6065.12   84   -0.2950041115248823   2.238507097475738e-5
6126.52   85   -0.29500625765114963   2.3368599408934184e-5
6184.45   86   -0.29500796477765506   2.7041433439930595e-5
6243.88   87   -0.295010287879647   3.139812338219659e-5
6301.94   88   -0.2950124433191749   2.248049899788785e-5
6360.29   89   -0.2950143107909358   1.852742951532592e-5
6420.08   90   -0.29501624865118486   1.4037703604740336e-5
6486.93   91   -0.2950184495851071   2.979924064902385e-5
6526.75   92   -0.2950194875170269   2.4924003232686678e-5
6586.5   93   -0.2950206676402361   1.2156958257550194e-5
6643.83   94   -0.29502199914145405   1.6788706485794023e-5
6706.36   95   -0.2950235638865737   1.2500042671292925e-5
6774.68   96   -0.2950253007507158   1.686095718286185e-5
6815.08   97   -0.29502592769288144   2.1949561467239234e-5
6872.6   98   -0.2950274280124364   1.3088200537787938e-5
6925.04   99   -0.2950290564546604   1.2078874211172096e-5
6978.74   100   -0.2950302044461242   2.2774441993079485e-5
