0.0   0   -0.47914729290065006   0.0732587192145911
3.38   1   -0.4938267951568999   0.04197154365588519
7.56   2   -0.49664397652228587   0.024161482976617993
11.03   3   -0.5001950444338811   0.007444168789620268
18.57   4   -0.6217477309615238   0.07787637667075323
22.83   5   -0.622246745123255   0.0765760422130794
26.3   6   -0.6572795749778728   0.01337374506950308
29.18   7   -0.6582623384496988   0.01631825499827579
32.06   8   -0.6590206288804691   0.012899849060922404
37.6   9   -0.6596371747321438   0.009803988884902432
41.1   10   -0.6597792274557831   0.004148211403835075
48.41   11   -0.6599492749845159   0.0037082347174161355
54.9   12   -0.6600653289034907   0.0012729491325131478
61.94   13   -0.660093325849161   0.0018467858188393298
69.63   14   -0.6601177296210863   0.0010555448808844087
77.87   15   -0.6601571865777702   0.0012826947109612523
84.05   16   -0.6601818814684983   0.0008017428402738806
90.59   17   -0.660196571562336   0.000904943727326398
97.68   18   -0.6602108166532636   0.0007805470729017043
105.23   19   -0.6602187681327278   0.0002479326858152796
112.28   20   -0.6602202096018253   0.00023093915977971509
122.17   21   -0.6602231616877555   0.0003224028214517944
129.72   22   -0.660224364074523   0.0002576631107131591
137.39   23   -0.6602257798768754   0.00023863876829241612
142.46   24   -0.6602263868306428   0.00011296603500172476
150.11   25   -0.6602266335163833   9.051090577398327e-5
