0.0   0   -0.49806722490409683   0.011463248422196433
11.99   1   -0.49967372240647484   0.006834944456233317
37.52   2   -0.5022803886319508   0.01687853439650322
81.26   3   -0.6194682289626923   0.11615921675125293
98.34   4   -0.652123062598836   0.028412860630307034
130.93   5   -0.6550206661607787   0.02299003007720854
157.22   6   -0.6583424533528773   0.031396799580721245
188.35   7   -0.659336285902288   0.008483287817822534
226.91   8   -0.6599949382167539   0.0070039035533550065
274.19   9   -0.6604662905093456   0.006767949371021886
328.85   10   -0.6607981429963714   0.006381895222916772
0.0   0   -0.4980672249040969   0.011463248423860425
25.65   1   -0.4996737224064914   0.006834944456935454
89.16   2   -0.5022803886326599   0.016878534438559176
196.77   3   -0.6194681808317385   0.11615943220072741
249.34   4   -0.6521230356902241   0.028412833710310018
353.56   5   -0.6550206048041829   0.02299024932686086
422.68   6   -0.658342449155882   0.031396840103276626
502.85   7   -0.6593362808206759   0.008483331337172249
621.96   8   -0.659994926584129   0.007003880234506161
740.65   9   -0.660466281102818   0.006767995134010186
905.13   10   -0.6607981347496573   0.00638190271738236
