0.0   0   -0.47914729289545127   0.07325872416881701
16.95   1   -0.49382679521541584   0.04197154432266649
42.16   2   -0.4966439765476033   0.024161482557493223
66.42   3   -0.500195044435417   0.00744416897800371
156.96   4   -0.6217478992430875   0.07790925819069985
331.17   5   -0.6222479736887794   0.07665513233468171
424.95   6   -0.6572716754295658   0.014670998849308425
485.53   7   -0.6582782565446299   0.014901843620995659
520.96   8   -0.6590034310348962   0.012414611831775411
557.15   9   -0.6596415939481723   0.010408370301686596
591.56   10   -0.6597907370962883   0.004392210385016818
640.55   11   -0.6599656410566969   0.003804486089286193
676.11   12   -0.6600659416816729   0.0010418975686905037
709.73   13   -0.6600936855938863   0.0017008596920854578
739.93   14   -0.6601240704513064   0.001194498601845454
774.79   15   -0.6601619956574283   0.0013790045456056313
811.2   16   -0.6601834900777572   0.000591721039546687
841.72   17   -0.6601967915766751   0.0007573431925236643
875.91   18   -0.6602165239649316   0.0008862733845430312
910.35   19   -0.6602194265137412   0.0003688709525760096
942.43   20   -0.66022062051019   0.00022426369617117788
975.62   21   -0.6602237385346725   0.0003184512782327605
1008.78   22   -0.6602255692188479   0.00011864016711452596
1044.58   23   -0.6602260447890371   6.997324552509887e-5
1079.18   24   -0.6602263182954804   9.998600998205667e-5
0.0   0   -0.4791472928954511   1.9296346913661326e76
0.0   0   -0.4791472928954513   1.0012978560421711e31
0.0   0   -0.47914729289545066   0.0732587347994647
0.0   0   -0.47914729289545016   1.713931979577321e13
0.0   0   -0.47914729289545094   6.106579284195394e13
1350.92   1   -0.47914729289545127   3.2404019212366664e26
