0.0   0   -0.47914729289545116   0.07325872087925869
4.81   1   -0.49382679513133554   0.04197151938902671
8.66   2   -0.4966439761677211   0.024161483537692367
12.43   3   -0.5001950443416447   0.007444162970144224
25.88   4   -0.6217480760281185   0.07790837277927651
39.44   5   -0.6222455313243526   0.07661369262873569
46.15   6   -0.6572795101999432   0.013375365909093058
53.43   7   -0.6582601330513255   0.01643251613323462
58.59   8   -0.6590180149746011   0.012956667157968527
63.97   9   -0.6596366428801782   0.009796410956774899
69.01   10   -0.6597788830243326   0.0041500840600387145
0.0   0   -0.47914729289545116   0.07325872087925869
2.76   1   -0.49382679513133554   0.04197151938902671
6.97   2   -0.4966439761677211   0.024161483537692367
11.25   3   -0.5001950443416447   0.007444162970144224
26.88   4   -0.6217480760281185   0.07790837277927651
44.07   5   -0.6222455313243526   0.07661369262873569
52.31   6   -0.6572795101999432   0.013375365909093058
61.26   7   -0.6582601330513255   0.01643251613323462
67.54   8   -0.6590180149746011   0.012956667157968527
74.14   9   -0.6596366428801782   0.009796410956774899
80.5   10   -0.6597788830243326   0.0041500840600387145
89.31   11   -0.659948200382872   0.0037870786614815095
96.25   12   -0.6600645321542922   0.0012596449037591087
101.95   13   -0.6600928135557207   0.0018386283601804863
107.06   14   -0.6601171002080619   0.0010703771295648894
112.98   15   -0.6601566276487956   0.0012895341540404759
119.6   16   -0.6601818495649174   0.0007808542490334156
124.96   17   -0.6601967203540995   0.0008955046812458289
130.59   18   -0.6602110686483559   0.0007683982278352272
136.09   19   -0.6602186755146693   0.00023696553680845056
141.95   20   -0.6602200194577645   0.00023005622738957757
149.98   21   -0.6602229830685865   0.00019757497025550604
156.27   22   -0.660225266046357   0.0002014644771395277
162.84   23   -0.6602260759540025   0.00010302525070192094
169.11   24   -0.6602262741018974   0.00012722475259438444
174.91   25   -0.6602265004769724   6.987561970911302e-5
