0.0   0   -0.6671388133464963   0.027671203992994393
384.83   1   -0.6672527096080717   0.03636179471628406
0.0   0   -0.6671393116232258   0.027470957820935147
392.02   1   -0.6672582255640458   0.03478325429373173
792.3   2   -0.6673961306015357   0.03717404933471066
1420.04   3   -0.6674763567969266   0.010843485624662724
2021.04   4   -0.6675917618369694   0.018129182722106518
2616.56   5   -0.6676375549189697   0.005580206885274293
3403.69   6   -0.6676692751249512   0.003094399506463716
4005.67   7   -0.6677404957267856   0.0037003126446131882
4607.97   8   -0.667782393638967   0.0027580378752844973
5199.38   9   -0.6678034011625325   0.002828896453440632
5797.17   10   -0.6678214346917438   0.001917579763567847
6346.04   11   -0.6678372946974371   0.0022262604140202993
6829.34   12   -0.667861330845144   0.003184132922854222
7333.51   13   -0.6678687864993873   0.0012613021524008937
8040.75   14   -0.6678992430521686   0.005267906640041991
8642.5   15   -0.6679332927414979   0.0025057094644673943
8967.71   16   -0.6679483229081674   0.0036010621987152096
9566.72   17   -0.6679650429478943   0.0026937485511393986
10189.94   18   -0.6680080049583037   0.003680914610682033
12914.56   19   -0.6680159337417086   1.4621749903391952e22
0.0   0   -0.6680086151928444   0.003254593696831058
405.16   1   -0.6680257152293536   0.033670956304604455
