0.0   0   -0.2727657358186016   0.010983110466124173
186.04   1   -0.27365142592661107   0.009915250730961061
299.34   2   -0.2738713933490905   0.0056947002492952195
474.88   3   -0.2744526708475351   0.002206709211426975
586.25   4   -0.2745099627867101   0.0017117415627453721
700.52   5   -0.2745211286568556   0.0004730410505106827
875.37   6   -0.2745257822273695   0.0004933997187558242
1043.71   7   -0.27452791393506015   0.0001784108488677277
1222.8   8   -0.2745283851466907   0.00019651872822015688
1521.47   9   -0.2745317319672586   0.00025159958917200836
1656.03   10   -0.2745322875056314   0.00013947055134636238
1835.15   11   -0.2745326364579939   0.0001830578385386515
2013.32   12   -0.2745327378296999   6.109755210448306e-5
2327.52   13   -0.27453283991173894   0.00014674966212724203
2617.51   14   -0.2745330969307725   8.182902394689078e-5
3051.17   15   -0.27453343097075666   4.9748334904548916e-5
3360.4   16   -0.2745335652196784   9.968675510310889e-5
3677.4   17   -0.27453375631789495   6.398758614648477e-5
3991.89   18   -0.2745338637352069   2.0819628849382836e-5
4357.96   19   -0.27453395864868024   5.022717741848798e-5
4691.51   20   -0.27453402614790984   3.315234590555755e-5
5123.79   21   -0.27453419415003144   7.861338697290964e-5
5444.54   22   -0.27453428375325645   1.8746016118255998e-5
5877.54   23   -0.2745343237746532   4.2053850624201236e-5
6298.07   24   -0.2745345897693909   1.7833407751678952e-5
6553.7   25   -0.27453475493893786   2.486042058551441e-5
6771.53   26   -0.27453480919669015   3.1157103744703834e-5
7071.47   27   -0.2745348715447348   3.568208382316116e-5
7423.58   28   -0.27453492810106556   1.991554985968974e-5
7712.89   29   -0.2745349381886388   3.113829701733084e-5
7971.9   30   -0.27453496544383627   7.578178997372265e-5
8217.7   31   -0.2745350161285043   1.412134310339668e-5
8431.14   32   -0.27453502014700787   1.0412256792889122e-5
8611.32   33   -0.27453502831202126   3.0952308988986054e-5
8862.78   34   -0.2745350704824373   3.768744631720668e-5
9041.19   35   -0.2745351004192101   1.4901296024322925e-5
9215.94   36   -0.27453511187112456   1.4495119772473382e-5
9453.31   37   -0.27453516805005446   3.449149394576412e-5
9564.65   38   -0.27453520719409075   2.657650288422728e-5
9745.05   39   -0.2745352215857583   1.3031655026542151e-5
9913.8   40   -0.27453523457907925   1.5787672586801117e-5
10156.6   41   -0.274535303309361   5.1831535609734054e-5
10357.64   42   -0.27453542842929934   4.085514003585054e-5
10473.4   43   -0.2745354703457463   4.322146124780304e-5
10583.54   44   -0.27453549884455897   2.386532337342174e-5
10754.65   45   -0.27453554213464926   2.153618310432946e-5
10934.84   46   -0.27453572329411413   2.506786775009921e-5
11052.49   47   -0.2745357748097083   4.474584380389446e-5
11222.4   48   -0.27453582066575233   2.1301419150112915e-5
11335.79   49   -0.2745358381218651   2.7325757358638274e-5
11451.05   50   -0.27453584615188575   2.403745996220303e-5
11692.29   51   -0.2745358805027111   2.495058638912459e-5
11802.51   52   -0.2745359052493467   5.613944273845318e-5
11973.9   53   -0.27453596315673007   3.963184442772251e-5
12137.17   54   -0.27453603503889956   7.251162861649009e-5
12253.55   55   -0.2745360898468235   5.333178498307172e-5
12429.21   56   -0.2745361465582413   4.651460591564081e-5
12595.65   57   -0.27453624643985025   4.682938681001333e-5
12777.87   58   -0.2745363921877534   2.7622733285062443e-5
12889.99   59   -0.27453641466515705   3.249405049447451e-5
13076.72   60   -0.27453642929481936   1.5940040241865568e-5
13261.51   61   -0.27453645890365097   2.4061498303241252e-5
13457.21   62   -0.27453649678146275   2.8149472333054336e-5
13665.19   63   -0.2745365708984179   2.4434757337525226e-5
13871.78   64   -0.2745366501346932   3.765770183623159e-5
13988.63   65   -0.2745366840664277   7.276045145864765e-5
14269.51   66   -0.2745368022958337   5.721423227188174e-5
14475.48   67   -0.27453690461077257   4.7657316607093795e-5
14688.39   68   -0.2745370067306998   3.820240154661637e-5
14904.88   69   -0.2745370893268307   5.113201073444972e-5
15098.25   70   -0.2745371425079198   2.8291087114388993e-5
15283.35   71   -0.2745371686129599   3.0196684336145853e-5
15393.68   72   -0.2745371799414291   4.491577209792739e-5
15561.11   73   -0.274537202128454   1.9988887067900867e-5
15727.62   74   -0.2745372191294001   2.733758950002032e-5
15886.72   75   -0.2745372703283667   4.410376613437788e-5
15991.62   76   -0.27453729394100335   3.5889059607798354e-5
16153.63   77   -0.274537314017274   3.426819375995565e-5
16374.91   78   -0.27453744217960363   4.88616422077516e-5
16548.89   79   -0.27453755738290725   4.140541133562569e-5
16661.59   80   -0.27453760344556577   3.8403041010343394e-5
16770.4   81   -0.27453763811313564   2.473291271947837e-5
16929.79   82   -0.2745376727058844   2.8821587349725277e-5
17093.86   83   -0.27453772370523977   2.075517823222046e-5
17288.34   84   -0.2745377935333694   3.328289829835146e-5
17496.18   85   -0.27453787680453806   4.4287583260183306e-5
17685.95   86   -0.27453802632650665   9.64047148406087e-5
17878.13   87   -0.27453811394217326   5.15159309701255e-5
18074.74   88   -0.27453820233971493   8.59572869661819e-5
18268.65   89   -0.2745383343101245   3.418934650249609e-5
18461.86   90   -0.27453841099458126   5.5247359247322863e-5
18655.65   91   -0.27453856761969764   4.6054658921720074e-5
18779.87   92   -0.2745386013979798   2.6651176954528748e-5
18875.2   93   -0.27453863254374294   4.002569610439482e-5
18924.83   94   -0.2745386501307002   3.7617940172187826e-5
18975.4   95   -0.2745386906763146   2.6996918161765666e-5
19023.42   96   -0.2745387621142613   6.0531748576164116e-5
19070.39   97   -0.2745388022552413   3.766597670860466e-5
19117.94   98   -0.27453886393329757   3.505853959416734e-5
19164.49   99   -0.27453895673074274   4.465978622908563e-5
19195.85   100   -0.2745390298234763   5.48339225215981e-5
