0.0   0   0.042187791177090636   0.04008788837264354
19.35   1   -0.17545648498917374   0.1318523917567131
29.35   2   -0.18681527147041266   0.28292413849321996
150.55   3   -0.18681521957613184   0.12376926628284074
170.8   4   -0.24175209342639126   0.06260771875871636
180.08   5   -0.2575257579627327   0.06475586991653016
188.84   6   -0.26879100589012317   0.03734418249533714
197.28   7   -0.2716521911244862   0.01517496948963953
211.9   8   -0.272334598529399   0.009128221799128292
225.06   9   -0.2727681282796066   0.0074181177044244165
238.13   10   -0.27316749871832957   0.0076496138654375215
251.73   11   -0.27336103000028805   0.003513038067647697
265.49   12   -0.2735682557482782   0.0029263406402150146
279.09   13   -0.27370838878350034   0.002624615292487232
296.57   14   -0.2740916680074785   0.003455490712112808
306.18   15   -0.27418207732015853   0.0016409823993810857
315.01   16   -0.27421862526915697   0.0016827999182454805
328.38   17   -0.2742794562111609   0.002235527361944936
341.03   18   -0.27431152449973767   0.00163002918968936
355.24   19   -0.27433157727191754   0.0012695256665906315
368.5   20   -0.2743523876334713   0.0020618254799987285
380.97   21   -0.274378693551181   0.000790029701384848
393.4   22   -0.2743851846522927   0.00032554334589636106
406.81   23   -0.274388786288988   0.0004886937825651723
424.5   24   -0.2744021270377247   0.0012064872087964194
437.37   25   -0.274420408118973   0.0006075406845120185
451.01   26   -0.27442595022972194   0.00038607815574706177
463.49   27   -0.2744303429639188   0.0005536457554458496
476.73   28   -0.2744393054135565   0.0004620478265273522
485.49   29   -0.27444314912081746   0.00039225473854621434
499.12   30   -0.2744459908903935   0.0003683816296214332
512.23   31   -0.2744503217821664   0.0006010294964485886
525.17   32   -0.2744545459579103   0.0001722778993925291
538.46   33   -0.2744560392878586   0.00018513110521200117
552.31   34   -0.27445752160575676   0.0006086246510372866
565.18   35   -0.27446286793929753   0.0004992013611046398
578.02   36   -0.2744738380996007   0.000618228510706572
592.19   37   -0.2744814264416541   0.00015450481881082502
605.97   38   -0.27448269999316915   0.0001545640699800519
618.85   39   -0.2744865309763763   0.00019762913165804143
627.6   40   -0.2744879490359865   0.0004914212240470042
641.76   41   -0.2744900402675851   0.00014113859060055784
654.87   42   -0.2744907558977485   0.0002346988170120861
667.98   43   -0.27449315982570865   0.000268561906566587
676.88   44   -0.2744945259419795   0.0004348119916630822
690.42   45   -0.2744959738879176   0.00014905934921006746
703.91   46   -0.27449676575896387   0.00012491688302893156
716.64   47   -0.2744984970133773   0.00019235328647875717
730.07   48   -0.2745007763116776   0.0004184574060588936
744.37   49   -0.27450238919626796   0.00016526236595205932
757.79   50   -0.274502754071277   9.07851022112223e-5
770.75   51   -0.27450302280415817   0.00018871434742753093
789.45   52   -0.2745045020204032   0.00017080992655267658
804.45   53   -0.27450636489997005   0.0004944331738050595
813.51   54   -0.2745077160959003   0.00015279293439379442
826.77   55   -0.27450795219014484   0.00010136111367229524
840.63   56   -0.27450840457017633   0.00015132183314921514
853.78   57   -0.2745100300803466   0.00018277011289513398
867.28   58   -0.2745122150352826   0.00016122564560458547
875.92   59   -0.2745130730888313   0.00018202981913520335
889.92   60   -0.2745133338913057   7.655877817447272e-5
903.9   61   -0.2745134909943458   0.00010428706037251057
921.69   62   -0.2745141289087826   0.00020392792905380713
934.95   63   -0.2745150173290494   0.0002607962539989664
949.32   64   -0.27451596747220364   0.0001500014295261314
962.95   65   -0.27451699492982384   0.00011443773638712012
976.6   66   -0.2745174364242798   0.00011900808205525328
985.72   67   -0.2745176891998948   7.050317566586854e-5
1000.4   68   -0.2745177695190718   6.513386981246994e-5
1013.99   69   -0.27451790106298657   8.951495669658253e-5
1027.22   70   -0.27451817858993377   0.00015487627977318113
1040.89   71   -0.2745184605629716   7.851182202772912e-5
1058.81   72   -0.2745189390974406   0.00013290479806589694
1072.08   73   -0.27451957220334733   5.2621462008559065e-5
1085.03   74   -0.2745199296533589   0.00017750338922630957
1098.58   75   -0.2745201707694917   0.00010731387165687662
1111.52   76   -0.27452032716053315   6.006166245316716e-5
1125.03   77   -0.2745205249161546   0.00012552414942080864
1138.95   78   -0.2745208020167229   8.503460920221362e-5
1153.23   79   -0.2745212128117726   0.00015303292142863716
1167.17   80   -0.2745215055279515   6.645416178322985e-5
1179.71   81   -0.2745217553288035   8.984760945730924e-5
1194.24   82   -0.2745220037075114   8.354917489045372e-5
1207.6   83   -0.2745223932980891   9.56270969025102e-5
1221.24   84   -0.2745233884487919   0.00016624952238311676
1234.62   85   -0.274523905488964   0.0001045379687804079
1244.45   86   -0.2745243176323611   0.00012822707222124989
1258.0   87   -0.27452466203773573   8.253437085922589e-5
1270.85   88   -0.27452492030975006   0.00014082800267703696
1283.21   89   -0.27452523921644406   7.031411699104518e-5
1296.82   90   -0.2745253824681994   6.18077108598855e-5
1309.7   91   -0.27452552011434367   0.00010538945099781229
1327.52   92   -0.2745262110943425   0.00013142317143432348
1337.35   93   -0.27452667334279485   8.599529459049289e-5
1346.66   94   -0.27452702276768054   8.01853009524218e-5
1355.48   95   -0.27452713657567746   2.9637706623035053e-5
1368.99   96   -0.27452722438191435   0.00011938204939406684
1381.46   97   -0.2745273334128906   5.562493587404896e-5
1395.49   98   -0.27452749705308926   6.311754410390416e-5
1408.89   99   -0.27452772971648925   6.161341322697173e-5
1422.44   100   -0.27452798951733665   0.00012069378244462562
0.0   0   -0.2745279895173515   0.00020996719332841906
10.66   1   -0.274528044135086   9.254730478696022e-5
23.54   2   -0.274528076294822   0.00014421830861919551
37.31   3   -0.2745281742354815   8.106681797477114e-5
45.67   4   -0.2745281976756366   0.00013791401529776652
62.55   5   -0.2745283430190166   0.00014860880252595598
71.17   6   -0.27452842868477534   3.822509432848366e-5
89.23   7   -0.27452848570493976   5.934943759792032e-5
108.01   8   -0.27452869366489163   5.953223647509682e-5
121.54   9   -0.27452886863336634   6.463911823565516e-5
136.47   10   -0.274529131244586   8.840488577715478e-5
149.5   11   -0.2745293484240809   0.00010881093143367673
162.22   12   -0.2745295557482959   6.134403538809907e-5
181.05   13   -0.2745299627548131   0.0001869070863986141
194.8   14   -0.2745302063272043   3.8698387775211445e-5
213.77   15   -0.27453034797150405   0.00013453447452950877
229.01   16   -0.2745307225323713   9.164580674282902e-5
242.4   17   -0.27453112916886385   0.000189492551616384
256.37   18   -0.27453126449249876   4.714216225621267e-5
270.1   19   -0.27453128290736356   5.812562857240242e-5
289.49   20   -0.2745315203054969   7.626122629476619e-5
302.31   21   -0.27453177877707957   8.591631457309927e-5
311.16   22   -0.2745317897844655   9.26367483446669e-5
323.81   23   -0.2745318184814691   4.510412496597806e-5
340.68   24   -0.2745318855539116   0.00012355312899358184
348.95   25   -0.2745319408719513   0.0001231742241185265
361.1   26   -0.27453206678160735   7.474560259954279e-5
369.95   27   -0.2745320984123061   7.16471207423815e-5
382.06   28   -0.27453212490109075   4.776358366428451e-5
394.36   29   -0.274532148576109   7.501170281576766e-5
406.55   30   -0.27453220654272126   5.582760641847454e-5
419.68   31   -0.27453225187021113   2.491654572334748e-5
433.03   32   -0.27453228396731344   2.3414591452310064e-5
441.51   33   -0.27453230045394594   2.4905046902141763e-5
453.4   34   -0.2745323197332164   1.7419246571292776e-5
466.61   35   -0.27453234447752967   2.156038990454726e-5
479.88   36   -0.2745323775007693   2.1885082174239338e-5
492.96   37   -0.27453239117507566   3.763377443496546e-5
511.11   38   -0.27453244314853303   3.4429165105023124e-5
523.77   39   -0.27453245903995316   1.5758158679161516e-5
532.56   40   -0.27453246192152075   3.486267535122465e-5
550.0   41   -0.27453247682224596   2.8790035353231675e-5
563.3   42   -0.2745325042755754   3.461573251198503e-5
576.15   43   -0.2745325154206292   6.051562640717662e-5
589.02   44   -0.2745325280694245   5.003113821906803e-5
601.9   45   -0.27453253348391443   1.432771733311048e-5
620.38   46   -0.27453253979129283   3.473242175311561e-5
628.76   47   -0.27453254484110884   4.140689494731482e-5
641.39   48   -0.2745325612698973   2.2504393775394185e-5
659.83   49   -0.27453260044501926   8.296970243452839e-5
668.22   50   -0.2745326117609311   3.742875191143721e-5
680.46   51   -0.2745326253946808   2.084505185424295e-5
688.27   52   -0.2745326314067623   1.9765805912709002e-5
701.2   53   -0.2745326369785491   2.0108137653468317e-5
713.88   54   -0.2745326485196446   2.647219616279768e-5
726.18   55   -0.2745326731676989   4.484763220707663e-5
739.22   56   -0.2745326861908849   3.2748396391916956e-5
752.49   57   -0.27453269167447325   2.1449532112232194e-5
766.03   58   -0.27453269586189555   2.3684494830390752e-5
784.38   59   -0.27453270850242006   2.485992712304617e-5
798.99   60   -0.27453271786269423   2.7367935076159417e-5
812.73   61   -0.2745327267327306   3.435179307255944e-5
826.08   62   -0.27453274758028606   4.243148076313637e-5
839.11   63   -0.27453275861249254   3.1684655860619114e-5
852.22   64   -0.2745327648175006   3.7268832365534784e-5
865.59   65   -0.2745327690353502   3.695049048940371e-5
879.2   66   -0.2745327722995   2.290574114698576e-5
892.58   67   -0.27453277629860906   2.5963011001850942e-5
906.36   68   -0.274532785966484   1.8302458661959587e-5
915.02   69   -0.27453279030472605   3.5409552135958244e-5
927.92   70   -0.27453279630899563   2.5222968704710658e-5
940.68   71   -0.2745327992494372   2.124521409449484e-5
954.76   72   -0.2745328033944216   1.4893215791559639e-5
972.69   73   -0.27453281025923776   3.138824857893864e-5
985.13   74   -0.27453282457095235   2.0350671216226192e-5
998.96   75   -0.27453284345590157   3.503205469366306e-5
1008.02   76   -0.27453285842671893   2.5389437458987987e-5
1021.72   77   -0.274532867283366   2.264358923573389e-5
1034.77   78   -0.2745328727897696   1.4665034655807838e-5
1048.66   79   -0.2745328773048136   2.3410839047417036e-5
1067.23   80   -0.274532888404993   3.648627669039197e-5
1080.68   81   -0.2745329050322503   3.226697798671831e-5
1093.93   82   -0.27453291607445646   2.5129734970472035e-5
1106.6   83   -0.27453292614023106   3.2076793524129946e-5
1119.15   84   -0.274532931029362   1.224031665248311e-5
1131.72   85   -0.2745329343627213   3.179656802232738e-5
1144.54   86   -0.27453293933314393   2.0609986241102808e-5
1156.73   87   -0.27453294112761667   1.5455143005180672e-5
1169.09   88   -0.2745329454735593   2.6744172347364573e-5
1177.13   89   -0.2745329495439326   1.661862712248849e-5
1190.25   90   -0.27453295797728294   2.80059888149112e-5
1198.12   91   -0.2745329609838282   1.7728446624199945e-5
1211.0   92   -0.27453296365834573   1.0523404339380319e-5
1224.03   93   -0.2745329665179099   1.3927858518179982e-5
1236.79   94   -0.2745329692269035   1.6232528265087327e-5
1249.05   95   -0.2745329730230841   2.1468446590339892e-5
1261.36   96   -0.2745329748259096   1.536295032584492e-5
1274.11   97   -0.2745329787712123   1.6919380142336085e-5
1287.16   98   -0.27453298234008267   1.2885931092948269e-5
1299.89   99   -0.2745329853419007   1.4282847199855898e-5
1311.99   100   -0.27453298842037493   2.2995096871722262e-5
0.0   0   -0.27453298842047863   2.3238381884385293e-5
25.51   1   -0.27453298890014866   7.601295256761756e-6
69.68   2   -0.27453298975438845   1.5115244507718971e-5
110.15   3   -0.27453299076372994   1.529662993932312e-5
136.85   4   -0.2745329910678593   8.592824257888323e-6
188.66   5   -0.27453299326826064   1.4609442706745244e-5
215.12   6   -0.2745329935947242   7.551136176163552e-6
270.07   7   -0.27453299461341285   6.14506768534463e-6
326.71   8   -0.27453299793718633   9.699772749437286e-6
360.74   9   -0.2745329994770158   6.084440180085401e-6
430.08   10   -0.27453300101566247   8.167558811450285e-6
488.64   11   -0.274533003373161   8.57494051001446e-6
547.48   12   -0.27453300612743864   5.4819749649553985e-6
596.94   13   -0.27453300682482584   4.11350860394182e-6
663.67   14   -0.2745330083505829   1.260438487218443e-5
714.17   15   -0.27453300904425276   3.6870370586420696e-6
795.17   16   -0.2745330109908644   4.544775617453877e-6
856.54   17   -0.27453301556563403   4.324627004646212e-6
903.42   18   -0.27453302114001704   4.492896520549437e-6
937.72   19   -0.2745330257926778   3.677385227701728e-6
974.86   20   -0.2745330312738461   2.845775767997188e-6
1011.76   21   -0.2745330373668076   3.7996696830679863e-6
1033.41   22   -0.27453303740716223   5.0168497480957355e-6
1068.18   23   -0.2745330375220971   5.746183255643469e-6
1118.73   24   -0.2745330416989113   1.4436873567380475e-5
1142.68   25   -0.27453304251709715   1.933433586346441e-5
1179.15   26   -0.27453304442724646   5.376297642599344e-6
1216.23   27   -0.2745330446553108   5.480495681043071e-6
1252.68   28   -0.2745330453624433   1.22334307009415e-5
1288.54   29   -0.27453304754612484   1.0196079459185514e-5
1324.55   30   -0.27453305029298025   8.909743224298483e-6
1362.76   31   -0.27453305256361693   6.0808115105506814e-6
1399.18   32   -0.2745330532120859   4.784993039685877e-6
1434.77   33   -0.2745330543962981   4.6435649599046654e-6
1470.92   34   -0.2745330554880775   4.840349847196072e-6
1508.85   35   -0.27453305766058733   8.640062489381501e-6
1532.41   36   -0.27453305808539047   6.662657098402521e-6
1568.23   37   -0.2745330586744964   7.672735347270648e-6
1602.05   38   -0.27453305991667726   3.213692040980785e-6
1650.42   39   -0.27453306090149315   4.892564415639403e-6
1698.71   40   -0.27453306207107875   7.8317226469925e-6
1732.95   41   -0.2745330623434134   5.01821322815149e-6
1780.49   42   -0.2745330625034701   4.9205348370604195e-6
1827.77   43   -0.27453306291924934   1.0177345146623371e-5
1850.85   44   -0.2745330630561016   4.3070535144865505e-6
1889.22   45   -0.2745330633180411   3.866210973926011e-6
1925.41   46   -0.2745330636380214   3.6184064164065275e-6
1961.68   47   -0.2745330639050669   8.986636588077311e-6
1998.21   48   -0.2745330644392053   1.0560262177623467e-5
2039.07   49   -0.27453306523468324   8.230754447589585e-6
2073.74   50   -0.27453306582656184   7.169482566408027e-6
2120.74   51   -0.2745330674683144   1.0125184029087329e-5
2157.31   52   -0.27453306922474396   6.073834045909572e-6
2192.81   53   -0.27453307045120184   2.8202266461448515e-6
2232.17   54   -0.2745330710340953   4.479029429808282e-6
2268.57   55   -0.27453307210639377   4.388603671614668e-6
2298.81   56   -0.2745330727389051   7.076770126233367e-6
2328.28   57   -0.2745330738087379   1.0915684640964279e-5
2347.97   58   -0.2745330742783041   7.005702715783217e-6
2381.21   59   -0.27453307479046735   6.627126499166748e-6
2421.55   60   -0.2745330756565762   5.259404791746639e-6
2456.55   61   -0.27453307765849666   1.4895094773968017e-5
2480.33   62   -0.2745330784879285   1.2993958439086121e-5
2513.31   63   -0.2745330790314077   6.409547039856219e-6
2560.05   64   -0.27453307976537245   5.171059194472766e-6
2583.63   65   -0.27453307992121134   1.1854387015796023e-5
2614.17   66   -0.27453308022746264   6.724757736334171e-6
2651.38   67   -0.27453308075716215   7.155468977161284e-6
2690.54   68   -0.2745330815385679   6.9528665324573056e-6
2719.4   69   -0.2745330825944338   1.3369915701333614e-5
2738.52   70   -0.2745330829259847   7.10758731855469e-6
2777.53   71   -0.27453308349899996   4.734222691681099e-6
2799.78   72   -0.27453308389055076   7.465268089997868e-6
2834.77   73   -0.27453308462012005   5.368205396947879e-6
2868.18   74   -0.27453308576582885   4.28700446961312e-6
2904.22   75   -0.27453308641890434   3.7686483539217385e-6
2941.35   76   -0.27453308740819077   5.709467545178694e-6
2980.58   77   -0.27453308817479577   5.599831632915854e-6
3015.81   78   -0.2745330887505084   6.253073251019239e-6
3039.29   79   -0.27453308895004   6.514885684384519e-6
3074.36   80   -0.27453308932922565   8.43623938656568e-6
3106.97   81   -0.27453308978252733   8.004697460022796e-6
3141.14   82   -0.2745330901685516   5.299729190544583e-6
3176.72   83   -0.2745330904157826   3.371027816125648e-6
3211.47   84   -0.27453309058580777   7.511248326523336e-6
3245.03   85   -0.27453309078894006   4.537322416512396e-6
3280.82   86   -0.27453309091253264   9.153841535550825e-6
3316.48   87   -0.2745330911427492   4.329430784588418e-6
3361.66   88   -0.2745330918398315   6.57958583862329e-6
3384.48   89   -0.27453309220685057   5.413511153698322e-6
3419.31   90   -0.27453309251296665   4.000636220565445e-6
3452.09   91   -0.27453309282411825   3.1270489105448523e-6
3485.33   92   -0.2745330930666434   1.924752442243708e-6
3518.83   93   -0.27453309341098797   4.8802375720674855e-6
3543.57   94   -0.27453309365372325   3.3157987782030805e-6
3590.01   95   -0.27453309408316096   4.331705227161478e-6
3625.11   96   -0.2745330947044859   5.1372115287983455e-6
3660.75   97   -0.27453309502139134   1.9157506968156803e-6
3695.44   98   -0.2745330951823898   2.6748327125814948e-6
3730.03   99   -0.2745330953381801   2.211073572869067e-6
3764.19   100   -0.27453309574314244   3.967268509098073e-6
