0.0   0   -0.3101334994827483   0.0915499594272585
17.06   1   -0.3253149771024723   0.05518421455261178
30.9   2   -0.3528224696760879   0.07458342138632522
40.94   3   -0.37080615949021717   0.08952281041171273
62.73   4   -0.3818746383272446   0.0888170130528853
78.03   5   -0.392796366627061   0.07293038288204323
92.77   6   -0.40247484130991673   0.2243620531466209
112.03   7   -0.4026668362299901   0.04471471726316405
127.35   8   -0.40401870459177724   0.03635692030288325
166.85   9   -0.4050821239124818   0.04442973153377945
205.76   10   -0.40625470604345826   0.23357895011792992
301.25   11   -0.40625458008840765   0.03210117262577783
310.69   12   -0.40796547493662305   0.015388242096771936
321.07   13   -0.4086434111425477   0.23467049447434227
374.65   14   -0.40864308089412416   0.012814598948905076
383.98   15   -0.4086541497565278   0.27001597015869727
422.69   16   -0.40865438428699563   0.012895058843561992
432.4   17   -0.40865659472272536   0.21259047664465766
441.65   18   -0.4086576719513487   0.013519342561478796
456.01   19   -0.4086627627835249   0.012156095805286768
490.5   20   -0.40866317578996975   0.2538050351142251
589.73   21   -0.4086631750809532   0.2354307489926981
656.15   22   -0.4086631564026461   0.23482484991818903
706.01   23   -0.408662953446409   0.014996415981734387
725.35   24   -0.4086848081906664   0.21849537938369892
759.78   25   -0.4086847762943321   0.014346958252962467
769.17   26   -0.40868517555463707   0.014307575702063929
778.94   27   -0.40886362264068854   0.02056095247336521
789.88   28   -0.40900211929234287   0.1861123659249006
816.96   29   -0.4090021430605353   0.19591641315729516
841.98   30   -0.409002300993632   0.022818298318975354
861.93   31   -0.40900472695788814   0.022806450497128306
895.42   32   -0.40904273141749975   0.19435641591863262
924.06   33   -0.40904274412043234   0.02206007196058028
933.39   34   -0.409051505050782   0.24365508401347297
968.84   35   -0.409051160634262   0.021575624422020587
978.47   36   -0.4090546191222644   0.24479717559807682
1003.87   37   -0.40905931036495646   0.22852222818410722
1035.42   38   -0.40905905435717554   0.020792972226371425
1066.68   39   -0.40906161265081203   0.2516848901344198
1076.5   40   -0.4090654883472056   0.2335342632616576
1104.89   41   -0.40906537807620996   0.21063552813450806
1149.85   42   -0.40906519743211267   0.22237271693779892
1221.41   43   -0.4090648645633889   0.1607113049915157
1275.87   44   -0.40906448674963897   0.020379897634377486
1339.49   45   -0.40908445467686744   0.019756352638629026
1349.66   46   -0.4095355837686887   0.15405599044198307
1365.63   47   -0.4096067935606076   0.2059851909684615
1476.2   48   -0.40960650386730607   0.010658599859800043
1504.88   49   -0.40969426254016933   0.22051618619298402
1602.27   50   -0.4096938546847273   0.21928418754923312
1658.72   51   -0.4096936639458514   0.008402226116030054
1678.23   52   -0.4096952512225989   0.19336471254409762
1713.37   53   -0.4096949938505552   0.20682077840108923
1723.61   54   -0.40969492336422636   0.23910360808819522
1756.4   55   -0.4096945576661929   0.008379783471077092
1781.03   56   -0.4097059815720224   0.007686240230749025
1791.48   57   -0.40974599700645775   0.2130038232583912
1801.76   58   -0.40975076327766663   0.007592160983092406
1811.34   59   -0.40975688661148246   0.19815726832965785
1840.94   60   -0.40975668930580156   0.007949679043426798
1897.97   61   -0.40975957588762024   0.009492703143563751
1908.48   62   -0.40985001062506327   0.25607404071124373
1944.41   63   -0.4098497427498478   0.18575822580803406
1966.41   64   -0.4098557006163622   0.21470314873588725
2024.49   65   -0.4098556656002263   0.1978095715121891
2039.99   66   -0.4098557921289783   0.007387105728425658
2056.28   67   -0.40985908783619024   0.23478405132888816
2083.99   68   -0.4098588146402438   0.21664425966413198
2122.41   69   -0.4098586274689041   0.15802382812007415
2135.98   70   -0.409858517668421   0.19833490197119036
2155.64   71   -0.4098583178640744   0.007871649153799523
2180.9   72   -0.40987061150224596   0.18991972439761232
2204.05   73   -0.40987027368931417   0.008130727457045843
2223.14   74   -0.4098709938880682   0.22298638051455275
2236.94   75   -0.40987123997103936   0.00806281860176554
2255.7   76   -0.40987297616511154   0.008161391058393577
2271.48   77   -0.40987391474012735   0.22864848960476403
2309.67   78   -0.40987356605241976   0.007813041672950945
2319.5   79   -0.4098778635002161   0.008550972964866514
2331.1   80   -0.4102499620420428   0.011884693272898773
2351.79   81   -0.4103517436209886   0.21239762520109204
2361.92   82   -0.41044505813464544   0.20806280086867251
2409.06   83   -0.4104446539741227   0.009372495168158452
2418.32   84   -0.4104792354590769   0.011332766017077408
2447.47   85   -0.4104872835456315   0.1937043569433109
2456.41   86   -0.41049778495849304   0.23112323818181402
2524.9   87   -0.4104976636025311   0.006396131152646388
2538.3   88   -0.41050631660812087   0.21732764132264856
2555.96   89   -0.41050631697786005   0.004894556095767255
2565.86   90   -0.4105070403066674   0.24845019760298984
2575.1   91   -0.4105107869772774   0.20445281048221745
2597.49   92   -0.4105107640555743   0.23943947376292984
2633.12   93   -0.41051043100931406   0.005498099926111892
2646.05   94   -0.41051186103238857   0.005325559712180771
2674.83   95   -0.41051329556815874   0.005917011785702442
2684.7   96   -0.4108700137046636   0.01019890202391918
2706.4   97   -0.41111912991377497   0.010699092373979001
2716.34   98   -0.41124373191991637   0.24096242236186285
2725.67   99   -0.4113630875724124   0.15178182173942897
2783.93   100   -0.4113626801287039   0.008261359115039904
0.0   0   -0.4113626801286886   0.008963377785838417
14.14   1   -0.4114701535198025   0.1770385448592105
72.84   2   -0.41147011038150694   0.004144217277576973
102.17   3   -0.4114702628951052   0.1779567206348429
130.08   4   -0.411470246363672   0.004159673146464013
153.81   5   -0.41147335642819827   0.2393508292436438
196.91   6   -0.4114729737146273   0.2354325453704727
222.52   7   -0.4114728087727801   0.20128057748403572
231.84   8   -0.4114727372154674   0.21059644176858994
250.7   9   -0.4114723679190745   0.004448907787762762
275.05   10   -0.4114728146100862   0.2219281448961369
307.24   11   -0.4114724150482533   0.004454307159646238
345.57   12   -0.4114747389457836   0.2065544189269359
360.21   13   -0.411474738945966   0.1907745177282563
0.0   0   -0.41147473894596664   0.006140271666402766
64.16   1   -0.4115784949153754   0.21781033154923482
232.23   2   -0.41157812311832753   0.005268951894653052
309.25   3   -0.4115782723729677   0.21858631754315722
403.88   4   -0.411578161240139   0.17936095309220393
599.82   5   -0.41157791175853886   0.1984237501119359
747.24   6   -0.4115775344631529   0.005213860574229323
965.67   7   -0.4115788211369095   0.0052673837401668745
1016.07   8   -0.41161190382140367   0.17508185148180508
1293.33   9   -0.41161172835274346   0.2057495965655998
1360.8   10   -0.41161183914712873   0.21227670986067518
1400.62   11   -0.4116120466689182   0.15976501472108565
1439.28   12   -0.41161237631553993   0.004449920863076074
1477.6   13   -0.41161239595610316   0.19826711543583997
1621.31   14   -0.4116200057164404   0.19107055694744196
1675.19   15   -0.41162200253172687   0.005621976536925916
1728.32   16   -0.411623481121886   0.1447515550678046
1942.16   17   -0.41162367860052407   0.21139881593748697
2054.41   18   -0.41162367860419263   0.19198168117413592
