0.0   0   -0.3111717322589215   0.011866843136651775
92.51   1   -0.32576642353954255   0.03791849122147879
151.06   2   -0.3369815944692511   0.03933403555334332
210.16   3   -0.3491309384376028   0.056743099550178255
271.88   4   -0.37109190043948836   0.04788675411981259
371.07   5   -0.3888089794537163   0.02888632575461479
485.24   6   -0.39594394475448375   0.02529877476234098
597.74   7   -0.4053583784255267   0.02065605661805084
671.14   8   -0.4089421175592009   0.010327453893485671
736.17   9   -0.40976689050434256   0.004675045703509289
834.58   10   -0.410066093668864   0.00665479971416113
921.25   11   -0.41049015986279186   0.0027712408889375042
979.16   12   -0.410591112792828   0.0022044003223598892
1069.1   13   -0.4106828648277881   0.0022687488980178915
1159.02   14   -0.4108337386135284   0.0024909328163681254
1254.56   15   -0.4110579977468368   0.0024821302276583942
1345.31   16   -0.41144055906709764   0.005331361237124652
1442.06   17   -0.41189697891964167   0.004758401301221655
1502.39   18   -0.41260751280258906   0.003863747129954975
1591.76   19   -0.4132465120986879   0.00703795449777058
1679.08   20   -0.414339047702864   0.004677816570490036
1734.89   21   -0.4153271076651794   0.003173249923666979
1811.5   22   -0.41562597109137606   0.0020291015948909656
1892.65   23   -0.4157752647156317   0.0016449265700579402
1968.53   24   -0.4158347710405951   0.0017609807695429384
2047.42   25   -0.41589320396895313   0.0011820477328422945
2125.11   26   -0.41597276620399104   0.00136608438099691
2199.75   27   -0.4160088490575829   0.0009422775675934087
2277.17   28   -0.4160415851380094   0.0012366432635715035
2358.18   29   -0.4160918583611233   0.0013505735258106672
2438.54   30   -0.4161321141761328   0.0015422920608910398
2516.51   31   -0.4161919363752584   0.0015659292119367188
2594.89   32   -0.4162619285334687   0.0014697374432249657
2679.35   33   -0.4164028799535778   0.0012046364851321682
2760.59   34   -0.4165084551560812   0.001485068091117175
2843.57   35   -0.4166035497477053   0.0013644816907094652
2922.73   36   -0.4166775696556959   0.0011654382181333967
2978.03   37   -0.4167359345595619   0.0011046528185867709
3067.27   38   -0.4167927049618238   0.0011769925206065535
3151.17   39   -0.41687145214466736   0.0012703895791659973
3237.9   40   -0.4169238336288872   0.0009524472762595688
3319.46   41   -0.4169756773068058   0.0011108538376149934
3401.91   42   -0.41704124027490586   0.0011601262006463368
3453.73   43   -0.41709557974915784   0.0007334728309763835
3535.63   44   -0.4171490623134463   0.0008876047257209854
3614.3   45   -0.41718394875049886   0.001299186798957156
3692.9   46   -0.41723212310333835   0.0009230884120860186
3772.68   47   -0.41726860167653845   0.0011280306616516405
3856.9   48   -0.41731385460726245   0.0010409766595201523
3938.53   49   -0.417341321652392   0.0008472506291546028
4020.06   50   -0.4173627601876189   0.0007540321539952989
4105.28   51   -0.4173892718338503   0.0006199619811393954
4191.63   52   -0.41741242130393424   0.0005883699198046332
4279.25   53   -0.4174326851653465   0.00042552834099333334
4367.78   54   -0.4174490110905188   0.0006462767006636921
4425.36   55   -0.4174625854799505   0.0007017590520094219
4513.58   56   -0.4174752595930968   0.000596158010367442
4600.93   57   -0.4174895580884271   0.0004500773620873302
4688.98   58   -0.4175023057423194   0.000321433437798969
4780.94   59   -0.41751187855653704   0.0005327958335999974
4867.95   60   -0.417520551706995   0.000395208198254374
4955.29   61   -0.4175272681334093   0.0005224601606355748
5043.77   62   -0.41754016804397626   0.0005338468834924368
5132.19   63   -0.41755312911431164   0.0004376953667282787
5220.89   64   -0.41756413185013536   0.00037942581806821703
5310.37   65   -0.4175718238823642   0.0004901750503710406
5398.01   66   -0.4175760166386746   0.0003703455555424451
5484.66   67   -0.41758228036631917   0.00037881863835683745
5571.74   68   -0.4175886019320543   0.00045509332955979113
5656.53   69   -0.41759225962284324   0.00032804731032583186
5746.11   70   -0.4175962127541607   0.00023605424843064736
5833.64   71   -0.4176005148374705   0.00039337150984165213
5924.29   72   -0.4176037065640584   0.00037479529359904994
6016.1   73   -0.4176056987508885   0.0002878463665549683
6106.22   74   -0.4176084669581542   0.00025419692239249197
6190.7   75   -0.41761319266931957   0.00023737046262504907
6274.29   76   -0.41761698159471944   0.0003092694369264827
6329.94   77   -0.4176189111972781   0.0001836108825834966
6414.49   78   -0.4176202082865218   0.00015114468373752103
6498.67   79   -0.41762382015461263   0.0002287786941959549
6584.62   80   -0.41762642968216146   0.0002081783018512881
6676.11   81   -0.41762838588655127   0.00019795488411250553
6760.72   82   -0.4176295721609343   0.0001937032999992765
6844.44   83   -0.41763117264007904   0.00016191330196644734
6930.69   84   -0.4176326167910862   0.00015543319142324072
7016.22   85   -0.41763448647047174   0.00017557637616984754
7105.32   86   -0.4176366813484343   0.00014727565461064595
7178.82   87   -0.4176398308988268   0.0002351989244864194
7257.63   88   -0.41764160664101624   0.00020217006693238403
7334.29   89   -0.41764329629891944   0.00015449408885183068
7414.68   90   -0.41764592155725117   0.00016488037364353512
7493.58   91   -0.4176487063378708   0.00016994671108002768
7579.42   92   -0.4176503407682758   0.00019289434869773633
7636.16   93   -0.41765117646538613   0.00022017401473695654
7724.79   94   -0.4176519167313564   0.00018899037568927696
7817.22   95   -0.41765280934507404   0.00015091358351825525
7907.12   96   -0.417653635456361   0.00014994159854480734
7991.21   97   -0.4176551921295427   0.00012193126989597941
8078.27   98   -0.41765627595474153   0.00013638397385266023
8166.9   99   -0.4176570025924716   0.00014845716157319786
8259.95   100   -0.41765845766279414   0.0001479723037463461
