0.0   0   -0.36278908987977504   0.012765307790928824
94.52   1   -0.37208995304033854   0.03196126583784599
192.04   2   -0.3862468648761144   0.037976113301343616
284.84   3   -0.40235641924342636   0.05844978433270946
348.68   4   -0.4215493997747657   0.033158521566935384
442.61   5   -0.43052403106046544   0.015879400266772745
533.37   6   -0.4354222686246296   0.019331405080179914
593.16   7   -0.4421029755753274   0.022266549066714127
652.4   8   -0.4450697119577481   0.005873476492900784
709.43   9   -0.4454684742974126   0.002551576924039599
795.94   10   -0.44558228475139927   0.003940382339582062
882.02   11   -0.4457882976170098   0.0030065705183297577
974.46   12   -0.4458895417634608   0.0017076611518269916
1059.94   13   -0.44593468890860455   0.001595286197839242
1145.95   14   -0.44597734247671555   0.0021392798935932255
1233.93   15   -0.446118983424749   0.00220786070257393
1322.26   16   -0.44625940228812205   0.0023071411989964074
1443.44   17   -0.4464828274464492   0.002863685302549463
1527.98   18   -0.4467467464159264   0.0025150199176426696
1611.13   19   -0.4469675973260406   0.0032104640274819643
1693.38   20   -0.4475148616676635   0.005800249011532125
1781.01   21   -0.44814463711898195   0.0035360086417138793
1840.75   22   -0.4483234367213833   0.0028345913137570807
1940.41   23   -0.44859806160359517   0.0026028707187102586
2048.1   24   -0.44884049598412584   0.0017167543199549911
2166.14   25   -0.4489499917735403   0.0013317532323149275
2285.06   26   -0.4491079342025273   0.0017140607676726623
2416.23   27   -0.44921916262038947   0.001155490367278218
2540.85   28   -0.44930361629155385   0.0013269474604293231
2639.45   29   -0.4493655321652022   0.001215825335222607
2726.41   30   -0.44941205620108815   0.0012066362089577182
2806.56   31   -0.4494546317748704   0.0012004198524419212
2859.23   32   -0.44948529142224913   0.0010109848598508797
2941.22   33   -0.4495146947945737   0.0008491934815930602
3019.9   34   -0.44953527325340814   0.0009631826448756111
3095.21   35   -0.4495556783559277   0.0012280818798276348
3171.18   36   -0.44957824092602566   0.0008195956042183264
3249.69   37   -0.44959455412976645   0.0006584004371540207
3333.24   38   -0.44961035296693314   0.091226473340906
3559.87   39   -0.44961006314643565   0.0009485177575823032
3616.67   40   -0.44961086426947733   0.0007778423824805787
3695.82   41   -0.44963003039080707   0.0008353303479175323
3779.42   42   -0.44965646592236763   0.0006751840686749922
3859.37   43   -0.44969914063897654   0.0006766063881072193
3910.9   44   -0.44971760443484504   0.0008003021406292881
3994.12   45   -0.44975999544564393   0.0009077553563628653
4076.46   46   -0.44978466449838056   0.0008523982206193234
4165.83   47   -0.44979912934380506   0.0004629857189283364
4252.06   48   -0.4498194031420912   0.000480352739669951
4337.16   49   -0.4498346583532882   0.0006196239145584071
4421.14   50   -0.44985258921096016   0.0006031294908820913
4505.16   51   -0.4498827642918516   0.0008427453551008212
4595.49   52   -0.4499047250583865   0.0008408373195952294
4684.57   53   -0.4499233894660113   0.0006944963475443393
4773.63   54   -0.4499353623170861   0.0006970287182845781
4860.59   55   -0.4499503748979603   0.0006599220115200141
4948.77   56   -0.4499611168103839   0.000960548510969499
5035.93   57   -0.4499726710521827   0.000741052652576698
5128.85   58   -0.44998400228969704   0.0007354140137563759
5191.43   59   -0.44998557180293475   0.0006930025682284242
5252.91   60   -0.4499998454194184   0.0005072726640543188
5343.81   61   -0.4500151581010739   0.0004953945114121453
5443.8   62   -0.45002378691934775   0.0004791075544223606
5544.31   63   -0.45003827478904673   0.0006346142128799442
5643.44   64   -0.45005789877834773   0.0005630393823429896
5747.84   65   -0.4500759355406511   0.00051555135448791
5840.37   66   -0.45008692644820525   0.00045601782161468364
5924.15   67   -0.4500977244026873   0.000536596386145381
6011.49   68   -0.4501048325703624   0.00037968228411295745
6101.47   69   -0.4501097795347443   0.00034651095870112756
6188.16   70   -0.4501202293972152   0.00031484725821133924
6276.21   71   -0.4501303940742104   0.00033724100054949774
6330.66   72   -0.4501355862959785   0.0005280897292085807
6417.55   73   -0.45014378587731213   0.00032865575762082617
6508.94   74   -0.45015004668252045   0.0001934509498329497
6599.22   75   -0.4501559108701291   0.000420228774996995
6659.15   76   -0.45015955824918524   0.00033900492862584957
6745.72   77   -0.45016229078308245   0.00030818276583392817
6833.53   78   -0.4501646528126365   0.0003695131618163656
6919.01   79   -0.45016669731802417   0.11004454316014776
7103.2   80   -0.4501663725873083   0.0004471378880763606
7163.2   81   -0.4501667171145536   0.0003280333476927877
7253.26   82   -0.4501681538020864   0.00020690093014324025
7338.82   83   -0.45017295292224   0.00033354819570763903
7398.14   84   -0.4501747129657562   0.00023470277489089235
7488.67   85   -0.45017789136472397   0.0003845714920826544
7577.39   86   -0.45018432614791093   0.0002292032261912697
7671.01   87   -0.4501887479940106   0.0002038581918831924
7769.35   88   -0.4501931889063718   0.00040345293670553356
7865.61   89   -0.45019651099085617   0.0003372376330970758
7956.72   90   -0.45020009815614387   0.0002928856697935025
8045.0   91   -0.4502032151502086   0.0003857022187894928
8131.53   92   -0.4502070601586044   0.00020754940584973065
8214.27   93   -0.4502118786298266   0.0003190744798047714
8305.93   94   -0.45021627965002187   0.00022096555119030702
8398.01   95   -0.45021912683580817   0.00023838740295626862
8488.5   96   -0.45022197482357873   0.00019892659551029913
8577.19   97   -0.45022374847336394   0.0002435480998694258
8667.4   98   -0.450224876299778   0.000145339466721361
8760.9   99   -0.450226255757643   0.00019716870906637184
8848.49   100   -0.4502284352057257   0.00014194548443239972
