0.0   0   -0.36017404036108935   0.09905449283448994
16.1   1   -0.37508145715286506   0.04970752592482622
35.23   2   -0.41298134285738186   0.07274941271997437
76.62   3   -0.4150119027513477   0.09883439422148559
85.91   4   -0.42598788682147476   0.21688908998957168
164.32   5   -0.42598760457605644   0.052334492231572625
173.16   6   -0.42679510879027416   0.23176919461196405
203.48   7   -0.4267974915203001   0.03234747675022938
216.68   8   -0.4270311002168779   0.042600398814214215
225.06   9   -0.42752523025536654   0.03889146818393869
242.29   10   -0.42873389037061127   0.03193190632665051
256.06   11   -0.43649948095099017   0.04141982126574407
264.91   12   -0.4407746683568865   0.03432586514787279
277.99   13   -0.44502803418372633   0.016801987014319984
291.6   14   -0.4454965444090332   0.005371771380398004
304.41   15   -0.4456158012679341   0.003608014377971651
317.44   16   -0.4457623918724601   0.0070833545621949955
331.5   17   -0.44586416747970453   0.0043126948777860545
345.97   18   -0.44593183891784294   0.004793588739298912
359.14   19   -0.44602186221709056   0.002434349340813302
371.66   20   -0.4460724832692098   0.0037152039645490815
404.05   21   -0.44619850651697757   0.007982034628149219
421.4   22   -0.44637690429652654   0.004974238589354736
430.38   23   -0.44674169365446104   0.009479246745471227
449.59   24   -0.44687390373833785   0.008936704445314676
458.64   25   -0.4471595189531172   0.007657917585670728
471.77   26   -0.44720415102529365   0.01057905521626376
480.45   27   -0.4472167035014185   0.1891902208063605
490.71   28   -0.4473652991853363   0.17885864394993325
508.83   29   -0.44736815041795264   0.0028795749106893475
522.48   30   -0.44740358587387374   0.002483797619510993
535.17   31   -0.44748662940951844   0.00623594329642055
550.51   32   -0.4475963161202796   0.004141967139571126
569.2   33   -0.44769302224112606   0.003416213674336406
578.47   34   -0.4477263465331506   0.28490976264821744
613.33   35   -0.44772649936039555   0.1889768170188418
726.67   36   -0.4477263819200981   0.002837863352528349
739.89   37   -0.44774253900958727   0.0027536320710804035
749.51   38   -0.44774905806175286   0.0027129527653162433
764.7   39   -0.44787146547563755   0.007554897578553514
783.97   40   -0.4479644017196427   0.004974141339945601
813.97   41   -0.4480929033175163   0.00606830748448581
823.96   42   -0.4481363866824325   0.005409134132838343
833.9   43   -0.4482075347633912   0.0037497307884251157
848.87   44   -0.4483458589615515   0.18834993537349082
879.42   45   -0.4483500324693526   0.004480825073540728
892.82   46   -0.4483913364561185   0.003799628652904613
916.51   47   -0.4484965413181229   0.006032790930929672
932.35   48   -0.44851114843670636   0.19565298729448327
965.97   49   -0.4485226708348648   0.007871773138450092
975.61   50   -0.4485406065039868   0.0058812037292127525
985.33   51   -0.4485430635397526   0.19952762845901087
999.1   52   -0.44856349703939324   0.0037143513165635404
1008.0   53   -0.4485728410957903   0.0035597696986282685
1027.59   54   -0.4486161383427336   0.004658624395026001
1045.7   55   -0.4486546827284537   0.0031656379536584792
1069.66   56   -0.4486789758022037   0.17800909527255365
1107.76   57   -0.4486787096457839   0.0015090649293538405
1116.51   58   -0.4486833031214495   0.18559242583083255
1329.27   59   -0.4486853856070468   0.22764371801030894
1362.4   60   -0.44868538417438586   0.23422988582910462
1415.1   61   -0.4486853531528803   0.18987286371783113
1645.68   62   -0.44868535308274354   0.002922128795089052
1664.29   63   -0.448686154654237   0.164922713050039
1677.33   64   -0.4486860649486557   0.0030356450801935016
1714.15   65   -0.4486868753454403   0.20709609356536543
1746.96   66   -0.4486864874953215   0.18193491145575807
1796.9   67   -0.4486864521252913   0.003491651630887465
1815.22   68   -0.44868774018251856   0.24678926083222993
1834.18   69   -0.4486878737075587   0.16152288550144772
1844.86   70   -0.44868784513462556   0.1746564255808314
1863.3   71   -0.4486876685404405   0.18697582042854197
1896.06   72   -0.44868748068632647   0.20050971417065505
1915.25   73   -0.4486873656022433   0.20942788353767072
1933.67   74   -0.4486872248291315   0.17180862746830466
1943.95   75   -0.4486874141287099   0.1690111094619548
1957.85   76   -0.4486882125434011   0.2028871340116314
2009.47   77   -0.44868779188741337   0.0026681257977118488
2033.69   78   -0.44868847564522596   0.2587511640533712
2043.4   79   -0.4486895428853198   0.1835823557242458
2064.05   80   -0.4486894239432626   0.17825367554782978
2097.93   81   -0.44868919839992844   0.2441157333473491
2109.01   82   -0.4486892768194486   0.002884945450478219
2136.01   83   -0.44868947752296773   0.22033513821796727
2150.32   84   -0.44868959330969527   0.0026832616943912885
2165.44   85   -0.4486896782156319   0.18837158142274202
2194.51   86   -0.44868965066860417   0.002737242193779577
2250.44   87   -0.4486894777355541   0.19221172737964695
2270.07   88   -0.44868945708890884   0.16739218085611987
2385.74   89   -0.44868944852282916   0.0024522596321790114
2405.24   90   -0.44868993640385635   0.18662650569829914
2419.04   91   -0.44868987777832886   0.0025624519561400164
2446.32   92   -0.4486895776565055   0.19986880158142525
2487.2   93   -0.44868956843482016   0.1783737909620124
2528.45   94   -0.44868955393664994   0.2247627291102897
2617.28   95   -0.44868955269449307   0.2839748032487719
2664.29   96   -0.4486895526945251   0.002281340590521269
2673.09   97   -0.44868955782298275   0.002283825458422875
2697.93   98   -0.4486898045036634   0.0019801434185918784
2708.56   99   -0.4486899706959894   0.0020441979691445946
2758.35   100   -0.4486895847119593   0.20210353867029107
0.0   0   -0.4486895847125774   0.19709583140431494
116.7   1   -0.44868915992631747   0.002450988277272415
149.26   2   -0.4486906152015151   0.22333655254171697
439.19   3   -0.4486902540714318   0.00505077835774076
457.82   4   -0.4486966234999338   0.27987344303449163
530.5   5   -0.4486975794084042   0.0037166453462348843
548.02   6   -0.44869779336419024   0.17340080287425982
558.29   7   -0.44870437637220817   0.2812732155432925
658.12   8   -0.4487039822585194   0.21978934456957305
667.15   9   -0.44870393910199036   0.20662156221630487
676.62   10   -0.44870373363477045   0.21372836126503672
695.53   11   -0.4487035022816598   0.23513308888695064
730.88   12   -0.44870309528957136   0.2520754099451028
739.84   13   -0.4487033072865327   0.223308893095829
789.74   14   -0.4487053677955386   0.20159501665706642
799.16   15   -0.44870521040994193   0.0033857582991024685
828.65   16   -0.4487052203720771   0.21574346198287886
839.1   17   -0.4487053139204395   0.26199915856476885
864.22   18   -0.4487202050742845   0.2711637552727499
908.56   19   -0.44872005405738236   0.19421037457508686
948.72   20   -0.4487196349513896   0.21845904849534833
963.6   21   -0.44871926315384464   0.24459721845082627
1018.89   22   -0.4487188189164326   0.002448807761033212
1029.06   23   -0.4487189414406134   0.2357342441686525
1039.47   24   -0.44872046212321337   0.2681351318494626
1097.79   25   -0.44872001399735617   0.0022811952004445826
1117.44   26   -0.44872078531910653   0.16525236765016776
1142.14   27   -0.44872059247333235   0.20266583004008332
1152.43   28   -0.44872065455072624   0.21497879643006246
1166.69   29   -0.4487206512534723   0.22176951377247478
1181.23   30   -0.4487206596233882   0.20539916765175573
1195.75   31   -0.44872065422520235   0.2167563730829084
1215.41   32   -0.44872052430303877   0.2112214025346368
1253.45   33   -0.4487205092433076   0.0021707795045206365
1276.9   34   -0.44872052288683284   0.22443090021043016
1287.43   35   -0.44872052829313996   0.24236472013262386
1301.7   36   -0.44872052469022106   0.17686184633373553
1321.02   37   -0.44872048511458307   0.0021770694157985213
1340.95   38   -0.4487205897275374   0.2057583894317835
1427.95   39   -0.44872067592402476   0.002240401096282268
1539.83   40   -0.44872027259480035   0.20278035467128175
1733.0   41   -0.44872022618263774   0.005169377900118724
1746.79   42   -0.44872573046159664   0.1738871719414405
1773.53   43   -0.44872544902187117   0.2308483778555719
1783.58   44   -0.44872551402123473   0.16266611138974885
1801.71   45   -0.44872772847579157   0.2111177276033367
1810.13   46   -0.4487277258510042   0.0022746860812633014
1839.01   47   -0.44872794740653676   0.0023048969176396807
1876.06   48   -0.44874305117270363   0.002677107420809506
1890.65   49   -0.44876383016842103   0.2200564539274296
1914.24   50   -0.44876349666197995   0.0019128811679962575
1942.97   51   -0.44876480841751754   0.18090417188766791
2005.3   52   -0.44876460089448167   0.00188232726601834
2014.29   53   -0.44876478244355444   0.001824723963928533
2028.29   54   -0.44876598163054626   0.001860857146159029
2077.9   55   -0.4487658707283644   0.21931275724787191
2130.37   56   -0.44876561557084005   0.21051301794812471
2139.39   57   -0.4487673810379012   0.20171821506944285
2169.95   58   -0.44876712929172274   0.006712244842837705
2184.06   59   -0.4487767277219557   0.17589615206248013
2196.74   60   -0.44877706535287176   0.0041115574875330374
2205.58   61   -0.44877762034398777   0.22805723227556193
2222.65   62   -0.44877989392024276   0.002901232621949769
2244.24   63   -0.4487812033541187   0.19096440684411775
2256.94   64   -0.4487813726441074   0.0035414205530352343
2270.33   65   -0.44878316037033184   0.002963150713433371
2288.91   66   -0.4487834055862684   0.22365630129876765
2297.85   67   -0.4487831688651802   0.2197851118042935
2321.06   68   -0.44878307274442075   0.22853852852678516
2333.81   69   -0.4487829645897594   0.17386984577461953
0.0   0   -0.4487829645896032   0.0029866047182638697
19.84   1   -0.44879863067725523   0.2794885357590112
46.38   2   -0.44879863075453774   0.002218906326309771
67.7   3   -0.44879863842024575   0.0022161536822842944
368.12   4   -0.4487989928607351   0.003613608143551314
383.96   5   -0.44880592082117043   0.1546499614292079
428.85   6   -0.4488055904776784   0.001634616419627492
437.65   7   -0.44880591974582024   0.0017735939209855382
448.0   8   -0.44881721570252514   0.1688973423544979
513.35   9   -0.44881850320917954   0.0018535361863710664
597.1   10   -0.4488185891263254   0.19119895820301927
622.78   11   -0.44882527883098944   0.20256784000947362
657.02   12   -0.44882514207189056   0.20598746263223328
671.64   13   -0.4488249881367594   0.16826178573458417
706.46   14   -0.44882468640066187   0.0015138609521394195
731.59   15   -0.44882569209785794   0.00214998893296196
751.36   16   -0.4488307595699694   0.18321870488506728
829.18   17   -0.4488303190304725   0.0012751953424193383
849.34   18   -0.4488305727962639   0.001352458164209576
859.57   19   -0.44883403446323006   0.17664943282147397
875.83   20   -0.4488336711034618   0.002226661024026865
886.29   21   -0.4488339630583849   0.19926085705127952
906.37   22   -0.44883383381885844   0.0016738263820080795
920.03   23   -0.44883386862339847   0.17206106100177795
945.33   24   -0.44883377984061235   0.20474940517443746
1010.47   25   -0.4488333576094425   0.2021500178607754
1070.55   26   -0.4488332399020995   0.19833923282231802
1079.83   27   -0.4488332164019201   0.002681771192729861
1095.09   28   -0.4488338335622804   0.001811116397427546
1115.76   29   -0.44883429197764846   0.0018306446262006785
1145.04   30   -0.44883579030313187   0.17650232663998727
1166.24   31   -0.4488354305207592   0.0017427102689052418
1175.77   32   -0.44883545372774525   0.20138293873746851
1193.88   33   -0.44883550007795137   0.0017593302481825432
1230.68   34   -0.4488355542393732   0.18430635621868965
1302.81   35   -0.44883542695777423   0.22739117138795323
1344.36   36   -0.4488354265158311   0.21775268579017826
1369.26   37   -0.4488354148027803   0.20509976355464501
1440.17   38   -0.4488354146237269   0.19127933235261826
1590.87   39   -0.44883540338731315   0.0019946255461096825
1600.45   40   -0.4488354133211441   0.0019881167058061304
1611.2   41   -0.44883646366965224   0.1848815569030374
1621.19   42   -0.4488376305156572   0.20600653523214787
1632.19   43   -0.4488377323640357   0.22523693787712923
1646.7   44   -0.4488378777650638   0.001644903573135175
1670.49   45   -0.44883774911451574   0.19937663285303828
1691.34   46   -0.4488378404860702   0.00197860557187884
1701.55   47   -0.4488394415018389   0.19721415387724112
1729.1   48   -0.4488390076065725   0.0016444713339291072
1744.98   49   -0.4488391435402612   0.16196589616395138
1754.69   50   -0.44883907112086613   0.001624723276222921
1774.27   51   -0.4488394477078825   0.21737352420507472
1833.62   52   -0.44884192017045127   0.20583098970666658
1853.14   53   -0.4488415141394305   0.0016501366307239984
1878.44   54   -0.4488429417415764   0.21737013865604426
1897.5   55   -0.44884273520828144   0.0014869390812781325
