0.0   0   -0.5036817432559977   0.04394599130627678
5.22   1   -0.5572757418589949   0.1004868631479802
16.55   2   -0.5696602334495109   3.622353003406442
27.66   3   -0.5812908773929535   0.04012596985750823
117.56   4   -0.5848705611358285   1.309600393671036e43
190.27   5   -0.5987530751522013   0.02558378474931521
195.58   6   -0.6107217837027141   0.009215964822411878
205.51   7   -0.6173400903881063   0.014254268111877426
212.11   8   -0.6541238720132259   0.0022732108366409526
217.42   9   -0.656217853794063   0.0014533011164775296
220.26   10   -0.6573992307428707   0.0007444869098526719
225.07   11   -0.6584556527780707   0.0008894294178926898
229.9   12   -0.6588317435566969   0.00039958892389948923
232.0   13   -0.6592339753368053   0.0010495801245433026
235.09   14   -0.6597666475610415   0.0003263187111062308
239.58   15   -0.6598999570690718   0.00025293509209110886
241.74   16   -0.6600122355873039   0.00024316038641832342
244.88   17   -0.6600400988526945   0.00021968755065203142
248.07   18   -0.6601543651107367   0.00016095567003441197
250.02   19   -0.6601872628722955   4.453131342068437e-5
253.57   20   -0.6601920605496172   2.6969583407477444e-5
256.19   21   -0.6602067252185657   0.0001982636575958065
258.13   22   -0.660229057402469   3.560593110552887e-5
260.07   23   -0.6602308051225388   1.4976896852364267e-5
262.01   24   -0.6602310336151532   2.925540340977666e-6
0.0   0   -0.6602310336151795   5.149586836081535e-5
5.27   1   -0.6602310370817319   2.9587276921466596e-5
8.26   2   -0.6602310396995342   5.3855357707724097e-5
