0.0   0   0.16256873518204312   0.010283303803195327
118.76   1   0.02008675455048952   0.04446088045625971
194.14   2   -0.1408724282859879   0.0260769806595871
273.07   3   -0.21918483825057528   0.005811997705001545
358.69   4   -0.2484005616712509   0.002989619299949498
441.92   5   -0.25299978991363625   0.001154509144890091
521.15   6   -0.25388529707134766   0.0012451984507648776
633.25   7   -0.25754205972555905   0.0008193316548353169
684.75   8   -0.2582876536087086   0.0005639088139231155
765.4   9   -0.2587590181481753   0.00022028821713763756
843.89   10   -0.2588042125490957   0.00013717191072159664
924.19   11   -0.25883930485637235   0.00020272239932077443
1006.78   12   -0.25905015527301567   0.00037595694082626823
1062.23   13   -0.2591826950883099   0.00017977535541212567
1139.29   14   -0.25928341126609333   0.00019125777869709098
1219.88   15   -0.2594069165569576   0.00018386770511339372
1304.27   16   -0.2596747173516921   0.0002998912391583241
1358.06   17   -0.2599727023103222   0.00037008276831117487
1411.73   18   -0.2602831015337736   0.0002942908574132009
1490.83   19   -0.26058362707360594   0.00017926830689920918
1541.75   20   -0.2606642378299492   0.00012779250590537646
1623.07   21   -0.2607258498533681   0.00010279507918405082
1707.2   22   -0.2607861773646928   0.00014296010501573659
1793.15   23   -0.2608446396458682   0.00014557132230706753
1879.04   24   -0.26089142114941133   0.00010780191104259355
1975.59   25   -0.26095054129801926   9.891117681269518e-5
2063.4   26   -0.2609901623452303   0.00013807423322237245
2151.89   27   -0.26104382469191423   0.00015013752332816967
2251.02   28   -0.26112163496687757   9.401487601160589e-5
2341.87   29   -0.26115253543237965   8.12244647332762e-5
2418.43   30   -0.2611951997587175   8.536510359385792e-5
2499.19   31   -0.26123210548365666   0.00015082331446451618
2552.79   32   -0.2612621281640084   7.814998529216875e-5
2638.96   33   -0.261279786971902   4.6747451934642987e-5
2727.08   34   -0.2612981095208903   5.702558735258579e-5
2817.88   35   -0.261312305397839   4.065822486069408e-5
2908.62   36   -0.26132433419652895   4.5576657747818504e-5
2998.02   37   -0.26133406816400073   3.732761358880848e-5
3098.06   38   -0.26134847908888187   4.093411214027308e-5
3185.43   39   -0.26135504940548104   5.004215909889873e-5
3271.42   40   -0.26136080570623355   4.471115532673233e-5
3357.42   41   -0.26137524010533525   4.0197244289067465e-5
3450.51   42   -0.2613860597934069   2.788914786467605e-5
3544.04   43   -0.2613994671268397   3.0301349812195365e-5
3603.61   44   -0.2614048401649618   4.9006041592940346e-5
3695.51   45   -0.2614094781454364   3.0201706640022834e-5
3787.18   46   -0.2614177616614431   3.2405057448474884e-5
3847.16   47   -0.2614254564451234   4.7718723400390445e-5
3904.4   48   -0.261428309812313   3.276145657159817e-5
3987.77   49   -0.2614312485641384   2.8062667331769993e-5
4069.38   50   -0.26143989925927313   3.207002017238817e-5
4156.3   51   -0.26144707995640076   4.1209256391303694e-5
4250.49   52   -0.2614517094291726   2.8560058108744275e-5
4307.98   53   -0.261453425174423   3.4444465848348054e-5
4392.53   54   -0.2614574013526801   2.8213521766753412e-5
4481.15   55   -0.26146455512309547   3.138069244764765e-5
4570.68   56   -0.26147143469190104   3.2469949875422516e-5
4657.03   57   -0.2614765987540813   3.250181227722048e-5
4736.11   58   -0.2614832634538169   3.690424056392082e-5
4818.62   59   -0.2614900515788001   2.656542801247342e-5
4902.61   60   -0.26149541244752345   3.244758092025245e-5
4983.08   61   -0.2615025892906622   2.5455432898370948e-5
5036.2   62   -0.26150573386378545   4.503244636218167e-5
5114.85   63   -0.26151234451483263   3.3418708466164184e-5
5187.87   64   -0.26151920683596247   2.9629046546851782e-5
5266.3   65   -0.2615267175500727   7.186362150099211e-5
5347.04   66   -0.26153821091041335   5.3263966855569824e-5
5436.27   67   -0.26154875172432707   5.4163604829614245e-5
5497.84   68   -0.2615569692560026   6.504728029434867e-5
5590.97   69   -0.2615624473181891   4.2920119202644014e-5
5681.13   70   -0.26156477450074156   2.830944289310482e-5
5771.22   71   -0.26156721097596514   2.8626335020969012e-5
5859.62   72   -0.2615751327242313   3.686997621769359e-5
5951.52   73   -0.26158215017327824   4.767076887928884e-5
6011.12   74   -0.2615838001788295   3.3320482132329014e-5
6094.71   75   -0.26158614873872743   3.063960402800027e-5
6145.76   76   -0.2615893646736445   4.3037149999427404e-5
6218.97   77   -0.2615940218762643   2.289773892346731e-5
6296.37   78   -0.26159871647808614   3.314335627500733e-5
6370.87   79   -0.2616047139069302   3.543658610784055e-5
6442.75   80   -0.26160869378390916   2.2543218041434457e-5
6517.38   81   -0.26161379601642293   2.6464266504169806e-5
6599.15   82   -0.2616217413179047   3.7034864708393144e-5
6674.97   83   -0.2616281498222569   3.436760123673578e-5
6726.69   84   -0.26163026664190037   3.223226429935802e-5
6803.28   85   -0.2616331451352549   2.3866612240791198e-5
6883.46   86   -0.2616395940906769   2.9436629147632925e-5
6962.98   87   -0.2616421139696782   1.892634030408277e-5
7041.73   88   -0.2616433254258272   1.8344358456053562e-5
7120.86   89   -0.2616457670667943   2.8828010584403914e-5
7205.75   90   -0.2616482370186215   3.5841438121139084e-5
7293.37   91   -0.261650342653771   2.063295232935617e-5
7374.41   92   -0.26165263062390526   4.7047648600475e-5
7464.21   93   -0.2616564106685233   3.773533150214689e-5
7554.3   94   -0.26165865537392813   3.340862168058256e-5
7634.31   95   -0.2616598349057187   2.8271910858990227e-5
7707.68   96   -0.2616613452072948   2.6848755502693064e-5
7786.68   97   -0.26166410166780485   2.354873011107956e-5
7865.62   98   -0.26166621423435016   1.945319825997974e-5
7937.95   99   -0.26166773502652546   1.825781355294111e-5
8015.94   100   -0.26166893805491476   1.712660284919419e-5
