0.0   0   0.15469543695090276   0.04600365292987175
18.08   1   -0.10305676000122965   0.05590691053782805
34.94   2   -0.13733512861741867   0.28212690673086316
206.84   3   -0.1373350634749502   0.056835771197732865
220.84   4   -0.15570784781744113   0.061692563756400254
234.99   5   -0.1664231434004472   0.22856693197446462
255.39   6   -0.1687980628327523   0.05687418914025895
464.16   7   -0.1706863081703543   0.3668910264603014
675.45   8   -0.17068615715220492   0.3243111896500842
814.09   9   -0.17068598903631307   0.2933442368047552
1010.44   10   -0.17068584506869044   0.38985315039125257
1092.4   11   -0.17068570454657828   0.35243096896859843
1168.39   12   -0.17068556940256302   0.35405509488271697
1208.79   13   -0.17068548764931016   0.37967444535363376
1263.71   14   -0.1706853678639465   0.35381310418244527
1274.88   15   -0.17068543705328057   0.3148161667985416
1414.88   16   -0.17068529570188634   0.3495617061714121
1469.51   17   -0.17068516306250123   0.3755899362968182
1513.43   18   -0.17068507963820972   0.4708322910278377
1590.84   19   -0.17068494649072766   0.3437993454103267
1641.22   20   -0.17068477751307667   0.21387783109646608
1673.07   21   -0.17068466974253224   0.3870926748864699
1691.76   22   -0.17068480480767872   0.3979712787468081
1701.28   23   -0.1861986519747666   0.12929396000436463
1710.58   24   -0.22339595956192668   0.4315490983712898
1818.91   25   -0.22339591240498957   0.38330006446434517
1857.09   26   -0.22339591240256082   0.41926154920355785
0.0   0   -0.2233959124041437   0.3602732192302687
10.45   1   -0.24306079999228988   0.08896394624674869
18.78   2   -0.24503962031887228   0.027966656592088315
31.79   3   -0.24542452893945346   0.008715242924579668
50.72   4   -0.24575154872231308   0.007467428782175596
67.67   5   -0.24677637892412568   0.012701195381591809
76.26   6   -0.24783357909458106   0.018385928479276968
85.69   7   -0.24904321275732616   0.014743839132094046
94.5   8   -0.251570475058639   0.025970020401689317
102.74   9   -0.2529521458825779   0.011366860794256665
115.84   10   -0.2535189104180782   0.009038182665736073
129.02   11   -0.2537727980279286   0.01003626306579625
141.22   12   -0.2545630607026958   0.027985722440504627
149.35   13   -0.25540767801729025   0.025233224531805896
171.51   14   -0.25653835095417077   0.007676195729444949
185.51   15   -0.25687866054361475   0.01228663252464854
198.26   16   -0.25801842980903544   0.012795574847022421
207.05   17   -0.25848509566742384   0.012162770786016807
215.41   18   -0.25883087432884705   0.004292065329867395
228.69   19   -0.258857788296302   0.0016129177482686208
245.21   20   -0.25890480863229254   0.0025260186092910765
258.6   21   -0.2591534218654232   0.003753636699366974
272.72   22   -0.25931697383707547   0.004508459466783601
286.79   23   -0.25956089326676496   0.003090521286860256
300.52   24   -0.25967734409634907   0.45107538804777125
345.36   25   -0.2596772275849582   0.002760007491950937
353.96   26   -0.25969532265146694   0.0017565630585517182
363.39   27   -0.2597409497354584   0.4204357544662293
396.61   28   -0.25974095072406916   0.002871493096796527
410.66   29   -0.25976460337868573   0.0017982850372150405
458.16   30   -0.25984775764885837   0.007126081975577901
468.45   31   -0.2600006061225154   0.4176597580557781
540.75   32   -0.2600005068522143   0.004321721857031375
555.57   33   -0.2600211770215667   0.0038483690615389024
570.39   34   -0.2600711600061619   0.0022967346247453227
585.12   35   -0.2601215739346956   0.00278206668324122
599.71   36   -0.2601959710720415   0.002133932284510624
620.04   37   -0.26023798529681663   0.0017221545054422118
635.35   38   -0.26029437616884343   0.45854056015776895
659.93   39   -0.2602943802026552   0.0016707206099263864
673.38   40   -0.26030316893418304   0.4168772132003945
709.47   41   -0.2603031144973116   0.001927426809844361
805.38   42   -0.26030352884035574   0.002186651244876707
824.03   43   -0.26032549456587417   0.0025888794505780576
839.21   44   -0.2603757694843296   0.4317060152793534
858.73   45   -0.26037572208517606   0.0015218748359625786
868.64   46   -0.2603887590587195   0.0013734198254397884
892.93   47   -0.26038970063949396   0.001353156400651697
902.87   48   -0.260425655566473   0.0042660067677091785
913.11   49   -0.2604324311731159   0.4205733307475237
993.98   50   -0.26043251136168805   0.005254275355786305
1006.07   51   -0.2604361954921359   0.4256984599711717
1089.67   52   -0.26043620068184825   0.00387821149499968
1110.81   53   -0.26043989066771717   0.004762389172351142
1135.28   54   -0.26046514364518747   0.0042609035566005884
1145.55   55   -0.26050809749662884   0.0012478435813840743
1170.25   56   -0.26052535919223774   0.003919426027702024
1185.77   57   -0.2605815084318207   0.0025147414841746435
1200.61   58   -0.26063982392452517   0.4073017889104292
1257.02   59   -0.26063969270071013   0.0016780502388045924
1270.49   60   -0.26065746239875676   0.0016576498642944548
1292.8   61   -0.26066227947925746   0.22788971660264212
1311.14   62   -0.260664140847813   0.0014235088940709425
1320.52   63   -0.26066791652929866   0.0015270027016915
1332.04   64   -0.26066943003586174   0.4722335521790871
1341.52   65   -0.26067129777587683   0.0015144573658067552
1355.52   66   -0.2606722253903082   0.0016843094939869125
1364.39   67   -0.2606780404724692   0.0015908011464861788
1391.84   68   -0.26068028785480624   0.4195694420479165
1400.99   69   -0.26068127330587343   0.001613458827863801
1419.76   70   -0.26068268430635727   0.0012138370441463157
1439.98   71   -0.26068957396122255   0.0010794526769624686
1450.07   72   -0.26069052767558026   0.41987024795705147
1459.29   73   -0.26069170673298114   0.0024552844376474923
1468.37   74   -0.2607118410316615   0.0017170121705775735
1498.56   75   -0.26071455714470565   0.001746676994019669
1546.0   76   -0.26075363099507587   0.004598848997134313
1555.82   77   -0.2608049612304057   0.4565622326866986
1579.04   78   -0.2608190981750996   0.0016710059279701195
1603.19   79   -0.2608209791145605   0.0016631765153510016
1629.04   80   -0.26083169056826816   0.00234969062001294
1645.08   81   -0.26084578077792764   0.000838304854750778
1659.91   82   -0.2608541470317617   0.001083100314549973
1669.39   83   -0.2608620121412831   0.34134115132132636
1722.23   84   -0.2608618830282129   0.0011689245678565714
1736.21   85   -0.2608670381035094   0.0011335339372333865
1761.21   86   -0.26087806614590753   0.3761254481666281
1827.64   87   -0.2608779748608972   0.3887339743078357
1881.34   88   -0.2608777191297873   0.4436225540695324
1898.65   89   -0.2608775110833218   0.001135390341189321
1913.37   90   -0.2608776273493107   0.23311005905725599
1932.26   91   -0.2608775017109335   0.40835968860180955
1945.82   92   -0.2608772569682749   0.39703489117541957
1964.87   93   -0.26087707384093833   0.0013783785111198589
1983.6   94   -0.26087739348743477   0.4136930111021663
2000.82   95   -0.26087735865743383   0.0012333695173360089
2019.06   96   -0.26087800922605564   0.0009062840104051536
2043.11   97   -0.2608796729646599   0.001449345037749767
2053.15   98   -0.2608844555820676   0.001880189043393308
2072.47   99   -0.2609048899287698   0.43612321753515265
2108.8   100   -0.2609048909055296   0.0017461427383368548
0.0   0   -0.2609048909059584   0.0030989425295300807
31.37   1   -0.260913423989114   0.003424540066076368
58.89   2   -0.260917739153056   0.0010554884417843134
133.25   3   -0.2609244347079108   0.0014752609635839467
177.55   4   -0.2609281970669101   0.002209144558170147
220.53   5   -0.2609325582792955   0.00189209938164226
297.73   6   -0.2609558529048029   0.0016312052519604785
356.15   7   -0.26097376586515847   0.00369312364834442
425.84   8   -0.26101410551241344   0.0013249609159929042
684.87   9   -0.2610249764868968   0.3430138182850206
944.51   10   -0.26102475867587793   0.003349419097286474
1034.54   11   -0.26102747420571876   0.0015687922840541943
1148.64   12   -0.26103452718743264   0.0017201016680091325
1819.33   13   -0.2610395907725644   0.46549944851408886
2343.93   14   -0.26103943059805373   0.43528038133181585
2449.6   15   -0.26103930816315835   0.26790834354423526
2788.68   16   -0.2610391396685199   0.0033088227239869124
2928.55   17   -0.2610519568493818   0.004981980919928739
2980.54   18   -0.26106809345797777   0.002030246790434584
3054.07   19   -0.26109601753910006   0.00218732301689401
3085.21   20   -0.26110361489206   0.002578698863372397
3133.88   21   -0.2611096148201988   0.00131319275002852
3196.98   22   -0.26112556784505064   0.002277816592326553
3246.29   23   -0.2611374551287182   0.0008047691620384308
3279.34   24   -0.2611407979192326   0.0007221326434393854
3350.15   25   -0.26114645417929855   0.0017632575568494154
3401.43   26   -0.261152042358495   0.0010215668888713101
3447.36   27   -0.2611538603009783   0.0007834142681499194
3498.59   28   -0.26116075440614633   0.0009480815100479501
3538.63   29   -0.26116864982831456   0.0009496250038092561
3571.34   30   -0.2611741696132033   0.0010541602149272337
3602.63   31   -0.2611775387650239   0.0006918969398549784
3634.67   32   -0.2611873568682025   0.0016604376983909343
3668.97   33   -0.2611918074890651   0.3545107707628446
3808.91   34   -0.2611951469422546   0.0008071942408379789
3842.4   35   -0.2611957678073495   0.0005390267440203938
3906.44   36   -0.26119907485227106   0.0016893454776588466
4054.52   37   -0.261202173618142   0.001380088580332152
4128.69   38   -0.2612038737663475   0.0009112441324848055
4377.21   39   -0.2612043053656069   0.0013105402449807815
4392.12   40   -0.2612074669708137   0.0008591300728369506
4399.69   41   -0.26120749053668996   0.3604318106335794
4407.1   42   -0.26120789299980024   0.0009962684736251396
4414.43   43   -0.26120883871545114   0.00031961176202543323
4439.59   44   -0.26120959951645467   0.4118050884610152
4455.94   45   -0.26120940312611624   0.36053581834038545
4497.59   46   -0.2612095733885539   0.0005373866429110988
4508.65   47   -0.26120978544528595   0.0010240461195494131
4527.16   48   -0.26121053244492665   0.0007460319566965564
4542.11   49   -0.2612116583430088   0.0004350137342585372
4552.58   50   -0.2612129333552749   0.0003357299274953598
4572.39   51   -0.2612152017675772   0.0004906932531311661
4588.02   52   -0.2612161354912669   0.41908447098217905
4599.7   53   -0.2612161312778164   0.001104123114789438
4607.92   54   -0.2612161373375149   0.4437540293812881
4615.46   55   -0.26121637680343957   0.0008976982144110022
4622.57   56   -0.26121658023451766   0.0005127024343084819
4630.92   57   -0.26121662200398477   0.00037480578735222956
4642.29   58   -0.2612172449413255   0.00038748906780645227
4666.18   59   -0.2612178020704554   0.0006093456494105431
4680.26   60   -0.2612185627868695   0.0003962989182889853
4691.44   61   -0.26121898757319667   0.00032743802220728207
4699.23   62   -0.2612189939631382   0.0003033823158189886
4707.64   63   -0.26121899433643875   0.00029831487268979086
4723.1   64   -0.2612195003101595   0.0003537609285304657
4736.1   65   -0.2612201296492456   0.0004204271793753764
4747.65   66   -0.2612207092638797   0.0003303130693378214
4766.92   67   -0.26122093831023735   0.0003334852020696213
4775.41   68   -0.2612213608737361   0.00033751334607470265
4787.01   69   -0.2612222458906836   0.00042490321883105725
4804.96   70   -0.26122270729746605   0.00048004108315688324
4816.54   71   -0.261223088258515   0.00033812014381041325
4909.2   72   -0.2612230911914434   0.3621743216379816
5019.93   73   -0.26122284186550254   0.30021745577953146
5030.77   74   -0.26122271982589057   0.34702917510250936
5041.78   75   -0.26122286759188823   0.4572665388939887
5053.63   76   -0.26122295426087055   0.0010126170996087019
5068.71   77   -0.2612231229786402   0.4933498590254569
5113.81   78   -0.2612232237940525   0.0009056457528492368
5244.48   79   -0.26122297533645156   0.3591962796445203
5329.6   80   -0.2612227726817099   0.48812403845374946
5367.77   81   -0.26122258773858326   0.0011162286634490784
5382.88   82   -0.261222589554966   0.48428703863627415
5397.74   83   -0.26122273118307826   0.4152170221416933
5414.68   84   -0.2612231632356617   0.00048300629409205774
5426.28   85   -0.2612231757522012   0.3589910256609815
5433.64   86   -0.26122316346223734   0.3849475148356011
5449.71   87   -0.2612231737343801   0.39189454402645474
5457.49   88   -0.2612231734816091   0.4886778105046529
5496.22   89   -0.261223055451588   0.45899369432497394
5508.35   90   -0.26122305545165025   0.47635181372134605
