0.0   0   0.35036218681463505   0.007917635969417827
670.18   1   0.16558234841945452   0.040011419024106175
1112.87   2   -0.005841750763701255   0.015951320712042326
1390.09   3   -0.05830557706431507   0.011473388707483878
1816.09   4   -0.11583821510961684   0.01372745557804053
2272.03   5   -0.34354505119132794   0.011686361966190306
2636.37   6   -0.3840484067263812   0.005080106329258998
2911.38   7   -0.411458760773664   0.004248409462644687
3192.19   8   -0.43770773151742004   0.0035022045951662935
3467.41   9   -0.45056782720771527   0.002887047075037157
3746.09   10   -0.470296093150945   0.0035406501321968513
4059.97   11   -0.4846111036628603   0.003146289355077425
4350.71   12   -0.49906034641577024   0.001457281705090575
4648.34   13   -0.5018418484309289   0.0005356453761498209
4915.37   14   -0.5021083824885779   0.00018508249319360812
5166.36   15   -0.5021934067279512   0.0001797563155979341
5419.03   16   -0.5023016199746051   0.00013979291959386137
5673.63   17   -0.5023817807634872   8.465062465842051e-5
5927.46   18   -0.5024251810004103   0.00019776885000913458
6191.23   19   -0.5025475014954696   0.00013851406298931156
6455.48   20   -0.5026285958262424   0.00013743189629435612
6734.19   21   -0.502739544970361   0.00012446397338149897
7001.46   22   -0.5027850473699907   9.242465553406378e-5
7275.67   23   -0.5028089355613644   7.350226129336836e-5
7533.12   24   -0.5028328398895985   6.493622463013231e-5
7690.86   25   -0.5028437587072688   3.0374810174720542e-5
7932.69   26   -0.5028474749501963   3.410410101083507e-5
8267.23   27   -0.502866674021732   0.00010117893402615899
8538.51   28   -0.5029581182764344   0.00023318385940815925
8732.15   29   -0.5029801834432099   0.00027978853345607884
8913.2   30   -0.5030339869993237   0.00038365486976294644
9179.8   31   -0.503123560240022   0.00044913552328523906
9443.43   32   -0.5034550788474041   0.0003562665321805931
9717.88   33   -0.5038778456824985   0.0005043379818354732
10001.13   34   -0.5042895422629903   0.0002430736270126275
10181.68   35   -0.504460807771423   0.00040087940419105864
10357.35   36   -0.5047017225951821   0.0002489466082900567
10637.52   37   -0.5051776774524683   0.00040955387882033205
10941.16   38   -0.5055568994531449   0.0004925502516798424
11254.09   39   -0.5058885440492188   0.0004383549552568227
11556.01   40   -0.5063630834835232   0.00035342469265393385
11757.88   41   -0.5066955758081064   0.00025606658395343346
12070.44   42   -0.5070108216620676   0.00019197741105307439
12336.91   43   -0.5071568475121213   0.0002773404367379268
12524.94   44   -0.5072397015312151   0.00013031877616493924
12744.5   45   -0.5072935605731649   0.00017832346232879366
12908.03   46   -0.5073754562105819   0.00013417166409057646
13078.59   47   -0.5074951429874555   0.00017554235310321395
13248.32   48   -0.507609897316491   0.00022569148617565153
13415.94   49   -0.5078347872669243   0.0002194130385344786
13597.96   50   -0.5079822498941118   0.00016910102402680537
13779.2   51   -0.5080957309973075   0.0001578119571745969
13961.03   52   -0.5082503960193037   0.0001368053956124206
14141.82   53   -0.5083559806260677   0.0001403914364159573
14334.9   54   -0.5084346520102362   0.00012634378355024328
14519.15   55   -0.5085143217702298   0.00016687053501591645
14704.92   56   -0.5085718963701968   0.0001260265951139559
14887.12   57   -0.5086265301086356   9.533638677687424e-5
15069.25   58   -0.5086674232273325   9.792483544546805e-5
15251.12   59   -0.5087179289304191   6.747626933212209e-5
15433.04   60   -0.5087392167866165   8.47767280207121e-5
15612.88   61   -0.5087665897821803   8.84309921791975e-5
15793.92   62   -0.5087990405041943   8.691666025301587e-5
15975.36   63   -0.5088222589656092   7.163974065792171e-5
16152.23   64   -0.5088495392143074   7.400895591518062e-5
16329.65   65   -0.5088816324407854   7.179508590316498e-5
16514.96   66   -0.5089072972590908   9.593519676400797e-5
16690.68   67   -0.5089308002335631   4.742784331581568e-5
16863.84   68   -0.5089467210193979   6.5032704486494e-5
16974.49   69   -0.5089601379229344   8.296580057764267e-5
17143.07   70   -0.5089796771380721   4.348955719440865e-5
17322.78   71   -0.5090085402967537   5.92398359915736e-5
17438.1   72   -0.509020296486166   4.949309183193978e-5
17610.63   73   -0.5090371824570229   4.828754369125705e-5
17783.59   74   -0.5090547685985953   4.802605716242073e-5
17956.23   75   -0.5090823155293316   7.318378098270394e-5
18131.53   76   -0.5091134954376422   5.154781863697775e-5
18307.93   77   -0.5091260325305023   7.726643670634238e-5
18482.88   78   -0.5091408796045879   6.100275998865463e-5
18651.59   79   -0.5091563968575544   4.874644985422155e-5
18825.2   80   -0.5091759946014887   5.8605792847371034e-5
18998.19   81   -0.5091897096033947   5.8494017356192526e-5
19162.4   82   -0.5092069858514079   4.914627294461135e-5
19338.26   83   -0.5092225341044815   3.976003444581876e-5
19493.02   84   -0.5092372797103604   4.038665879944492e-5
19667.34   85   -0.5092553816271033   4.786331756687655e-5
19807.09   86   -0.5092673606259996   6.484842484262768e-5
19982.93   87   -0.5092786253608282   4.336411011666839e-5
20155.79   88   -0.5092857702278779   4.171816401581751e-5
20327.52   89   -0.5092960067674577   6.0914035527958186e-5
20497.93   90   -0.509306724932388   8.176045965517103e-5
20671.61   91   -0.5093176829998753   4.4055437667388324e-5
20841.07   92   -0.5093270220787852   3.58717786006297e-5
21008.39   93   -0.5093338610134363   4.489858826401316e-5
21180.69   94   -0.5093438873119119   4.123431964023033e-5
21349.15   95   -0.5093534545013776   6.177211563478523e-5
21514.42   96   -0.5093639161782901   3.444535444406073e-5
21662.69   97   -0.5093699063486887   2.977643252851999e-5
21822.56   98   -0.50937927720607   4.2502646086609994e-5
21956.52   99   -0.5093847230865103   3.890683584030975e-5
22128.71   100   -0.5093894537443706   2.8245152540303913e-5
