0.0   0   0.3411352393448506   0.07657460593121136
15.15   1   -0.13638036708468482   0.08942195057185572
22.99   2   -0.25712757872889663   0.11763239688112866
35.17   3   -0.3375542328941921   0.06494310024612657
47.88   4   -0.37840705484518067   0.056407441608944474
59.69   5   -0.4153735208191296   0.03755752533992926
72.14   6   -0.44342074099988416   0.040210813798921816
91.35   7   -0.4543840522579742   0.021885243980764458
104.05   8   -0.4617383248405116   0.015931873411788082
161.08   9   -0.46671443845978167   0.028266584531324055
173.5   10   -0.47807363167338923   0.016226063329376865
181.95   11   -0.4812819945934936   0.005972579150949555
196.22   12   -0.4821907945928222   0.0051615166542291775
218.55   13   -0.4853280506863443   0.011198663313566722
231.59   14   -0.48950875242372416   0.01723033683797325
247.1   15   -0.49546632967076526   0.016268569001517255
256.21   16   -0.5002014694243055   0.008571548355030455
264.97   17   -0.5019297629369851   0.0024676538881892337
277.67   18   -0.5021306315119627   0.001851643226318043
291.02   19   -0.5022780087468238   0.001314608125447642
304.66   20   -0.5024386695052196   0.0008055926572439768
318.12   21   -0.5024900215829432   0.0008265170648309742
337.0   22   -0.5025920311602003   0.0012573265430255135
351.35   23   -0.502706176371502   0.0016070333890624113
365.52   24   -0.5028101492820465   0.0009827412402480817
373.8   25   -0.5028820702941121   0.000490990243675183
387.4   26   -0.50290511788561   0.00051722525144223
401.73   27   -0.502929412689977   0.0005909194875265525
415.75   28   -0.5029727656134299   0.0007572897104936436
428.74   29   -0.503025493404019   0.0009506225782719384
444.74   30   -0.5031489759337503   0.0012095864693065519
459.93   31   -0.5032830383468432   0.0015612636804628384
474.02   32   -0.5034269676597025   0.0011585501266834662
483.16   33   -0.5034810396913589   0.23041370374287498
512.97   34   -0.5034820056723656   0.0007304766202358458
521.54   35   -0.5034877678415168   0.0007020733467437261
530.68   36   -0.5035005937608156   0.0005695692500861259
539.96   37   -0.5035108358080008   0.0005714305351326696
554.07   38   -0.5035399409160441   0.0006243642593179487
563.07   39   -0.5035538744028645   0.0005819617370723245
576.26   40   -0.5035664539191003   0.000640571149984167
589.93   41   -0.5035903666699919   0.00042905496762327133
617.85   42   -0.5036064644298054   0.00038093440037029327
642.05   43   -0.5036244706143008   0.0004895895883265662
655.84   44   -0.5036425829987577   0.23689058720079395
682.63   45   -0.503643852644454   0.00039787783107050624
716.08   46   -0.5036465727195777   0.0002532766320859328
773.33   47   -0.5036525193874494   0.0009576120703294683
786.96   48   -0.5036732118031894   0.00032757640037754307
799.78   49   -0.5036895274565558   0.00034815911664275005
813.61   50   -0.5037164112269893   0.0005715323562859524
840.73   51   -0.5037295123975334   0.000440508173799633
854.74   52   -0.503790177826787   0.21159894743669602
881.61   53   -0.5037906701702604   0.0006005633894728889
896.03   54   -0.5037946723014751   0.0006984205493093021
905.74   55   -0.5038079533256116   0.0005913578972350699
915.15   56   -0.5039013629360954   0.0007302553473573412
929.47   57   -0.5039914797252866   0.0007574824228888281
944.1   58   -0.504059768691443   0.0008821135338014969
958.43   59   -0.5041244526457143   0.000675087622013768
967.71   60   -0.5041566240866397   0.0006640199645023679
983.03   61   -0.5041980930585152   0.0008728959737596985
997.7   62   -0.5042537869462844   0.0008418011044706623
1011.45   63   -0.5042831157310028   0.0010245367121132947
1025.15   64   -0.5043083687213387   0.0004983568618895864
1034.9   65   -0.5043263113098657   0.0005780167427558539
1048.99   66   -0.5043720964422098   0.0006559092648424763
1062.3   67   -0.5044266856184503   0.0004901662940346846
1075.42   68   -0.5044809175945596   0.000710261536620157
1089.77   69   -0.5045321738955012   0.001085176993561368
1102.35   70   -0.5046028770601181   0.0008681230700498755
1115.6   71   -0.5047195412014642   0.000821643091680017
1130.19   72   -0.5048742163314872   0.0010083420459332218
1139.45   73   -0.5050231628134053   0.3008897109067468
1167.85   74   -0.5050233764043565   0.0012177833682284224
1176.68   75   -0.505052657090242   0.0008026998855635063
1186.7   76   -0.5050710446196439   0.0008216187554571297
1196.26   77   -0.5051582143372152   0.0007755529161334327
1210.1   78   -0.5052055240082178   0.00048147579431922143
1223.72   79   -0.5052245222674148   0.000646651551595096
1237.92   80   -0.5052381444151084   0.0003469068980673423
1251.57   81   -0.5052487854599141   0.00030107906937111865
1260.51   82   -0.5052573250534035   0.0006260279587405574
1274.27   83   -0.505268417717705   0.0004353596763276297
1288.03   84   -0.5052773438677883   0.0003397767395525293
1301.86   85   -0.5052837265394217   0.00043761923973046165
1324.57   86   -0.5052882663041809   0.00034811986391558635
1334.05   87   -0.5052884914327369   0.19796823154938348
1410.97   88   -0.5052905479558728   0.21356764922440818
1488.48   89   -0.5052900445519181   0.17924850381468996
1583.94   90   -0.5052898855382346   0.2765358005054339
1706.9   91   -0.5052896580884466   0.0005032479982717356
1715.23   92   -0.5052931045305534   0.00021359413512906424
1727.02   93   -0.505296566229081   0.00016029161226404623
1735.59   94   -0.50529695499996   0.0001568473969674459
1744.25   95   -0.5052974029543992   0.0001696241298195576
1753.68   96   -0.5052991975464759   0.00015470224804265922
1766.52   97   -0.5053042370438537   0.00018684433785381535
1774.64   98   -0.5053059871771794   0.0002136006955199738
1786.49   99   -0.5053091344713114   0.00016740324664881305
1800.25   100   -0.5053121806869302   0.00013969099289101353
0.0   0   -0.5053121806788554   0.2600733893181557
67.3   1   -0.505312108977946   0.0006394327975794879
92.02   2   -0.5053121702519168   0.22259208637095002
102.8   3   -0.5053122408373284   0.21312577367536226
116.89   4   -0.5053129454566764   0.000674396182176546
165.49   5   -0.5053129454759722   0.21384137435733186
179.89   6   -0.5053129458709674   0.24951453620915545
258.01   7   -0.5053126468558438   0.0007160655134158105
289.14   8   -0.5053133447329137   0.0005477429817300212
304.03   9   -0.5053142867836677   0.0005182105471408431
325.33   10   -0.5053144186268097   0.28687637326289617
335.48   11   -0.5053148440090255   0.0008367259760271197
0.0   0   -0.5053148440042857   0.2134517451077299
163.52   1   -0.5053145195317151   0.23786409778937614
175.18   2   -0.505314577800721   0.22511463025559916
209.47   3   -0.5053146901676195   0.22652858502448545
227.32   4   -0.5053146691307561   0.22444969814493898
264.99   5   -0.5053142946539642   0.23323657296997222
306.62   6   -0.5053138982854855   0.23638047871564444
355.06   7   -0.5053137167579589   0.2346588871713287
377.72   8   -0.5053135550492716   0.2752264666414059
435.15   9   -0.5053131570285363   0.21683315720821886
451.01   10   -0.5053138358132312   0.2914717615123535
461.4   11   -0.5053139109573068   0.1894513520978892
540.03   12   -0.5053139563903961   0.0010693429612945982
566.32   13   -0.5053139566306494   0.24053843450046758
594.46   14   -0.5053150846945824   0.0006203884060864998
617.33   15   -0.5053150847839638   0.2042365889908602
650.21   16   -0.5053150910827704   0.0006188170324170129
668.37   17   -0.5053150929886918   0.23061383810827962
680.82   18   -0.5053150931107165   0.29195731481411963
713.81   19   -0.5053149937075597   0.0007794130271348136
752.48   20   -0.5053150183822493   0.22804656257157196
762.6   21   -0.5053149965951316   0.0007751371198496689
773.3   22   -0.5053149972796779   0.24735317165485982
796.02   23   -0.5053152102020239   0.18633757075903087
806.75   24   -0.5053152059958222   0.0005110671722035264
828.54   25   -0.5053152065266201   0.2339193794676119
838.56   26   -0.5053152061021827   0.0005107528723215457
861.7   27   -0.5053152062716371   0.24560980423118858
872.04   28   -0.5053152061903619   0.23134881867563528
893.87   29   -0.5053152001856077   0.2554607204709968
907.31   30   -0.5053151928712755   0.2925138497980877
946.53   31   -0.5053151867722386   0.000544896015537652
979.33   32   -0.5053152032355411   0.0005127280239862375
990.63   33   -0.505315208371054   0.21270793655250206
1000.77   34   -0.5053152066100055   0.0004779734849338068
1018.68   35   -0.5053152074751699   0.00048719836432696724
1028.86   36   -0.5053158615596852   0.0004923676098933586
1042.87   37   -0.5053162753723509   0.0004464598678328829
1056.92   38   -0.5053166525839875   0.21418082979835434
1081.82   39   -0.5053166278766263   0.293264920545598
1120.59   40   -0.5053162934774369   0.24314064749991665
1150.62   41   -0.5053161557390049   0.2401515778380218
1182.59   42   -0.5053160094863016   0.2551123155547213
1208.44   43   -0.5053156759407825   0.25475621870392295
1268.38   44   -0.5053156695509975   0.27036984061503677
1338.44   45   -0.505315668050963   0.18201409275574018
1490.75   46   -0.5053156588302022   0.2635293758622827
1501.2   47   -0.5053155581536273   0.2354092641907837
1526.39   48   -0.5053155121702104   0.22668471633973966
1541.57   49   -0.5053154942517641   0.2109449928134271
1562.7   50   -0.5053153910649726   0.2372610528408064
1629.62   51   -0.505315345479815   0.23877647752561829
1675.53   52   -0.5053153452152248   0.23782229783955383
1715.3   53   -0.5053153441213977   0.24285253653499506
1725.32   54   -0.5053153387617445   0.22905526346711208
1765.78   55   -0.505315336106213   0.23992318683536729
1798.34   56   -0.5053152147476099   0.22643995746353288
1833.97   57   -0.505315179505431   0.23700643209509425
1845.46   58   -0.5053151838217884   0.24348552534339904
1880.59   59   -0.5053151808839743   0.23177204358719056
1914.64   60   -0.5053151726025525   0.25817341009306694
1925.02   61   -0.5053151746675714   0.2340553876747319
2035.05   62   -0.505315165840526   0.20472341530643448
2118.95   63   -0.5053147267169531   0.001411455383511622
2146.66   64   -0.5053173895034166   0.0005464993808444834
2161.9   65   -0.505317806065797   0.0003381523410094875
2175.81   66   -0.5053180612103487   0.24266222148253924
2217.31   67   -0.5053176380481478   0.23118692169018523
2235.78   68   -0.5053177442526524   0.0005627016800241043
2266.02   69   -0.5053177918898561   0.2668136392825372
2283.95   70   -0.5053175465045365   0.2000545556329309
2292.55   71   -0.5053174572638685   0.2719878091553411
2311.37   72   -0.5053178497791501   0.00048176207452240485
2329.48   73   -0.5053179238987019   0.24236101317307715
2338.05   74   -0.5053177063107581   0.2454629019602027
2366.31   75   -0.5053174323090669   0.2632188594011247
2383.81   76   -0.5053173267700464   0.0007178191726726567
2397.24   77   -0.5053178763122136   0.22191094419726487
2406.7   78   -0.5053175423364843   0.2608868206417113
2420.31   79   -0.5053175064317792   0.20940633757817348
2456.56   80   -0.5053170920348649   0.23672230724315668
2474.37   81   -0.5053167744491021   0.21852192714539254
2506.78   82   -0.5053165823384665   0.23888959871054033
2524.67   83   -0.505316393755643   0.2438564979142836
2547.43   84   -0.5053164072481386   0.24733212305040173
2565.82   85   -0.5053164801079157   0.19289339222128316
2614.8   86   -0.505316478802105   0.0012330047351627456
2646.64   87   -0.5053179565599208   0.00028340680204951046
2660.88   88   -0.5053181070317473   0.00028544054229640947
2674.1   89   -0.5053183944990615   0.0004132925829809464
2687.49   90   -0.505319365633467   0.19803772156618532
2715.72   91   -0.5053190628615792   0.0010550806736096623
2724.45   92   -0.505319365076198   0.0006706313075148643
2733.69   93   -0.5053196718834544   0.0006919516587181058
2747.56   94   -0.50532095058477   0.0008909442229946817
2761.27   95   -0.5053252986722168   0.001124495563539268
2774.55   96   -0.5053273970045372   0.0007357078799248122
2788.53   97   -0.5053293454473935   0.0005114659202568762
2802.45   98   -0.5053326429394875   0.001066648678786368
2816.19   99   -0.5053419737019377   0.001898220339109684
2829.92   100   -0.505356759046026   0.0016914129519336623
