0.0   0   -0.4442763734318432   0.012307256031826724
250.78   1   -0.4459821400348722   0.006417211898326066
684.26   2   -0.44678475974926524   0.010382095675522313
1336.55   3   -0.4531258142502784   0.010792268091847728
1697.82   4   -0.4545737603632902   0.010752579109461717
2021.06   5   -0.4568014730188164   0.007893323284063329
2404.58   6   -0.4581882700768286   0.009181630900328912
2921.06   7   -0.46000935801239456   0.006801723329640176
3446.9   8   -0.46172784749474083   0.0031006786283135548
3765.83   9   -0.4619301739498457   0.002292504241100017
4082.66   10   -0.46208184610127623   0.0009816155799249671
4373.6   11   -0.46210005668343873   0.0011810183628175475
4815.22   12   -0.46211946609580706   0.0010685849104290557
5443.32   13   -0.4622082220510493   0.0014136823937688087
5909.65   14   -0.46224577734130035   0.0008379393837713139
6378.25   15   -0.46225760671305555   0.0005772558065216708
6817.54   16   -0.46226521800527787   0.0006596238419178359
7429.17   17   -0.4623926882297504   0.0008471968555373512
7689.43   18   -0.46242608113978645   0.0011914061855471403
8123.31   19   -0.4624846640656648   0.001512352846554334
8588.01   20   -0.4626129332742333   0.0017468294327811263
9061.83   21   -0.462699736827912   0.0011603424569463765
9385.87   22   -0.46273889269518126   0.0011088505429493359
9877.18   23   -0.4627842553227362   0.000905559620992209
10361.49   24   -0.4628050064263204   0.00047313117120022523
10824.04   25   -0.4628175394914352   0.0005869304452471455
11303.2   26   -0.46283510139911804   0.0005253794103064677
11787.85   27   -0.4628593174602373   0.0004957095621560002
12262.49   28   -0.4628741048105378   0.0005365352140883614
12717.17   29   -0.4628943900029224   0.0006106549668600207
13211.1   30   -0.4629123154881274   0.0005254785191548716
13775.49   31   -0.4629262787727409   0.0005413110906516354
14214.75   32   -0.4629452657214451   0.0006409730783018986
14501.36   33   -0.4629565397409668   0.0004975276156722935
14803.24   34   -0.46296277934058033   0.0003589417447894979
15227.78   35   -0.46296569032208235   0.000330353324867176
15876.47   36   -0.4629721221690585   0.00040376251563373444
16405.74   37   -0.4629791294206713   0.00029050180391880184
16865.35   38   -0.46298221734574974   0.00027453935618970915
17286.44   39   -0.46298782730222415   0.0003836545303847343
17671.51   40   -0.4630013884180378   0.00035418935148443794
17952.4   41   -0.46300857542166973   0.00022742998986429553
18217.9   42   -0.4630114908654047   0.000214071847712379
18639.53   43   -0.463016272419417   0.00032838439837726204
19052.77   44   -0.46302613115103636   0.00031321399964525753
19336.11   45   -0.46302897099275714   0.00022819485255483565
19764.98   46   -0.4630310869107505   0.00018547131624515033
20324.98   47   -0.46303715910559146   0.0003117733665765272
20715.36   48   -0.4630446520699903   0.0003848837885721097
21066.61   49   -0.4630488262681553   0.00014743072481471415
21420.88   50   -0.4630499939313909   0.00012595831950534323
21846.15   51   -0.4630536904664083   0.00019588345780000919
21997.85   52   -0.4630574317207658   0.00015963698458561974
22075.82   53   -0.46306002261841295   0.00028993780548790753
22141.16   54   -0.46306301775632325   0.00037566945955210814
22203.32   55   -0.4630670723730053   0.00027572708075053926
22247.74   56   -0.46306815592085904   0.0002169722284426981
22309.8   57   -0.4630693448752722   0.00019918998373853085
22369.81   58   -0.4630715600579547   0.00022843123494483897
22429.48   59   -0.46307431886545936   0.0003837927510085144
22486.62   60   -0.46307754066524154   0.00020288523976936545
22544.98   61   -0.46307942424199794   0.00017549292102576338
22603.2   62   -0.4630809981097411   0.00022106620098221114
22663.11   63   -0.4630838577659863   0.00016675445025263088
22726.67   64   -0.46308583148422333   0.0002880113267720926
22791.42   65   -0.46308882838078014   0.00022711644417003175
22858.43   66   -0.4630924325678154   0.0002873884278058233
22914.36   67   -0.46309653689583913   0.00017366991254595885
22965.47   68   -0.46309931504891894   0.00012829233362815354
23016.98   69   -0.4631037022543606   0.00023930940017550495
23049.63   70   -0.4631058837730313   0.00018987271971451506
23099.09   71   -0.4631080181231454   0.0001549780341629464
23149.36   72   -0.4631101999180402   0.0001438049400978846
23183.89   73   -0.4631112355435175   0.00018827264550138972
23236.28   74   -0.4631120463914909   6.984851143130167e-5
23286.29   75   -0.4631130688551964   0.00017380638629567048
23335.01   76   -0.46311438091708607   0.0001700661457086119
23386.03   77   -0.4631152502241062   0.00012396852800697144
23436.23   78   -0.4631163383063498   0.00018175910432794104
23484.89   79   -0.46311723417337125   0.00013605449719715707
23533.16   80   -0.4631185260286192   0.00017261194381954975
23586.32   81   -0.46312108209834796   0.0002234083215506849
23620.24   82   -0.4631217832498117   0.00011770019975012527
23670.6   83   -0.46312220960045336   9.613599194335498e-5
23719.14   84   -0.46312378670754983   0.00019916619571636965
23769.46   85   -0.46312576730702976   0.00014397581945136905
23821.65   86   -0.4631267778678295   0.00013431355328694003
23871.52   87   -0.46312890226211917   0.00016699040579806342
23905.01   88   -0.46312971823566473   0.00016612371151198028
23939.42   89   -0.46313046646069106   0.00011966775667240622
23990.64   90   -0.46313106258320963   0.00010130159972341527
24041.17   91   -0.4631320865554593   0.00016417807440561298
24073.28   92   -0.4631326633567158   0.00012977624568522942
24121.89   93   -0.4631338527731276   0.00010760504858365161
24171.11   94   -0.4631345719539669   0.00012701681976963328
24219.67   95   -0.46313504352837975   0.00010299194498874515
24270.86   96   -0.4631358408214897   0.0001443931005352857
24320.61   97   -0.46313680245924443   0.00022700290400771747
24370.72   98   -0.4631374773410667   0.00013567335458754476
24419.21   99   -0.46313835995830566   0.0002213742330942216
24469.83   100   -0.4631391156612359   9.865684304975595e-5
