0.0   0   -0.4361681298465479   0.10733088060833271
15.72   1   -0.44466433675767847   0.06420164079234959
28.6   2   -0.44976168133192673   0.017468265383790996
46.23   3   -0.4539255676242091   0.028536626534853
55.0   4   -0.456230930144965   0.03443465547873357
63.12   5   -0.45835185054172883   0.01214936304562563
76.64   6   -0.45908344988579297   0.014884703661167667
89.14   7   -0.4604863121869299   0.014450214125037771
97.1   8   -0.46099980258064654   0.01063249431001514
110.11   9   -0.46153573318613866   0.008403510583647005
119.0   10   -0.4618150394405345   0.004754323881834838
132.1   11   -0.46190452872093135   0.003794059657027764
149.14   12   -0.4620019862998608   0.00515855462318397
163.12   13   -0.46214376282920633   0.002080175576447856
176.27   14   -0.46218109651401806   0.002867640560129199
189.39   15   -0.4622037564462349   0.0015741437182325544
206.87   16   -0.46222912394116306   0.002273911139773391
219.59   17   -0.4623119531504539   0.0013265408372317017
231.86   18   -0.46233469220955825   0.0016140123933431
248.27   19   -0.4623899655812533   0.0025591427560945333
262.45   20   -0.46247114097749775   0.0014969391362469444
275.98   21   -0.46252637664782964   0.0014354572791138978
289.17   22   -0.46256670731928484   0.0012914428657940199
302.56   23   -0.4625871807305858   0.002266137387719485
315.13   24   -0.46261116628313104   0.0012512240752871712
326.96   25   -0.4626182735359706   0.0007125915608920874
343.47   26   -0.4626293054358936   0.0015304244675803577
356.97   27   -0.46265206727470104   0.0008279553966787373
365.2   28   -0.46265831343287345   0.0007466268911195233
377.59   29   -0.46266239770103157   0.000851613116095429
390.87   30   -0.46267136806953424   0.0008155413504703248
402.88   31   -0.46268187596548377   0.0005954522837051142
419.74   32   -0.4626982925876635   0.0017093825919070945
433.77   33   -0.4627273286247249   0.001043561645461236
446.84   34   -0.4627476627328894   0.0009376237955017804
458.98   35   -0.4627574882862323   0.0015953245404275343
471.01   36   -0.46279031171472473   0.0015327403267866861
485.03   37   -0.46280976946922386   0.0012437394600175013
493.44   38   -0.46282145433230815   0.00043228006743493557
505.66   39   -0.4628249281791394   0.0007070070325670386
517.27   40   -0.46283458909875197   0.0007146309668791447
526.57   41   -0.4628373112409439   0.0008214922190579116
539.29   42   -0.46284160155548565   0.0003653204555721566
551.36   43   -0.4628430015789444   0.0003883834836284243
563.54   44   -0.4628466304514967   0.0004191346703693925
578.08   45   -0.4628541041545976   0.0009019451913548442
586.85   46   -0.46285761381782453   0.0003926369947345005
599.17   47   -0.4628587354150179   0.0002541256804971323
615.72   48   -0.4628626275536855   0.00040530436203557637
629.83   49   -0.4628666490418709   0.0009203984194125199
638.6   50   -0.4628698481518768   0.00047892389768383896
650.78   51   -0.46287098475266025   0.00032464585108618035
662.66   52   -0.46287292341178676   0.00021257801194048918
676.22   53   -0.46287747346195296   0.0006307302093358964
689.69   54   -0.4628793119944563   0.0001996256589149467
702.19   55   -0.4628802376723512   0.0002559737409225547
714.6   56   -0.46288185211327654   0.00020247380682404786
727.4   57   -0.46288272904252287   0.00021683669491924846
740.8   58   -0.462883523751127   0.00021896871389958113
754.1   59   -0.4628851706751499   0.0002153333387871188
767.69   60   -0.46288617002214205   0.00022270672166774513
780.15   61   -0.4628875884077701   0.0003087527808162971
792.24   62   -0.4628890227825943   0.00021240562226075945
804.26   63   -0.4628898756657939   0.0001718396170931459
815.93   64   -0.46289041129991404   0.00017955842380856332
827.59   65   -0.4628910952472884   0.00015049644470556544
844.51   66   -0.46289235840607157   0.00038994076325261413
857.06   67   -0.46289350617255764   0.0003434096696085661
868.79   68   -0.4628948771931025   0.0002664988370512509
880.24   69   -0.46289688281357877   0.00023878576721700438
888.76   70   -0.46289735746357397   0.00019993326934013002
900.68   71   -0.46289762555502934   0.00016622254807570978
912.66   72   -0.4628982855756559   0.00019127250836488812
925.03   73   -0.4628989487757788   0.0002430481434678013
937.91   74   -0.4628995304221646   0.00018595001070755956
950.18   75   -0.46289985614225126   0.00022438750096581337
966.01   76   -0.46290093101168006   0.0002466826890303442
978.95   77   -0.46290211377804513   0.0001626640039962953
991.36   78   -0.46290278336756285   0.0001894633537693385
1003.09   79   -0.4629038507713264   0.00017624027844364873
1011.39   80   -0.4629044241553323   0.00015343633888330218
1024.29   81   -0.4629047415165526   0.0001372598369812626
1036.7   82   -0.46290506321367225   0.0002055989633726431
1048.71   83   -0.4629056485043559   0.00024851638609590455
1061.07   84   -0.4629069385043581   0.00027510653240799275
1074.51   85   -0.46290872159507435   0.00017147415523525956
1088.35   86   -0.4629097472273858   0.00020705351992061517
1101.74   87   -0.46291038651449107   0.00016982740444921937
1115.53   88   -0.462911023117022   0.00017660896979173268
1129.95   89   -0.4629119072575086   0.00020834028649905018
1138.65   90   -0.4629121422532168   0.00014444527306020353
1151.61   91   -0.46291242395148124   0.00019524378980181726
1165.46   92   -0.46291345146006213   0.00021039467411615307
1175.03   93   -0.46291380320823705   0.00017559950356648614
1189.04   94   -0.4629141695764643   0.0001772392141056615
1203.1   95   -0.4629148153752184   0.00017344287431245614
1217.75   96   -0.4629155101421252   0.00018104923575445033
1232.27   97   -0.46291606154063486   0.000171496335175576
1246.54   98   -0.46291635076718113   0.00010104138223659778
1260.19   99   -0.4629166056973124   0.00012913426421597344
1275.6   100   -0.46291700271318176   0.00018024927966134397
0.0   0   -0.46291700271121994   0.00022182519074937776
10.36   1   -0.462917099137873   0.0002384262629761924
23.09   2   -0.4629172291434917   0.00019727011391536655
35.6   3   -0.46291731172047035   0.00011903814686903684
52.91   4   -0.4629175795253806   0.00020188167757161324
65.96   5   -0.4629181615914326   0.00013764712595500643
74.49   6   -0.4629182586277717   0.00016153443477574995
92.01   7   -0.46291881184286876   0.00025092433797600013
105.02   8   -0.46291962936772896   0.0001009512452853586
118.44   9   -0.4629199956602703   0.00015247434412417164
131.82   10   -0.4629204232770511   0.0001328449200238789
145.17   11   -0.4629209031687094   8.901122296960139e-5
163.33   12   -0.46292176037725774   0.00010641831407789426
176.07   13   -0.4629229028848617   0.0001018488696255577
189.31   14   -0.4629241011567469   0.00011720429736945459
201.52   15   -0.4629244410333174   0.0001229962597508191
213.7   16   -0.46292462179018745   8.899901408658936e-5
226.21   17   -0.4629249678860416   0.0001419766114308515
239.88   18   -0.4629254091064419   0.0001109944782537802
252.98   19   -0.4629259975704629   0.00027075854864248746
266.13   20   -0.4629266296958066   7.12864303879058e-5
279.52   21   -0.4629267863529798   0.00010250010978365433
288.43   22   -0.4629268202304571   0.00010860660437472672
301.52   23   -0.4629269592414904   0.00011830823709129444
310.24   24   -0.46292698512840724   7.773212158130102e-5
322.74   25   -0.46292702246829887   5.50922446869921e-5
341.07   26   -0.46292713736540664   0.00015649977867652554
354.21   27   -0.4629272384479952   0.0001247542848973104
366.77   28   -0.4629272886347166   7.671552104168082e-5
376.14   29   -0.46292730232373025   5.51975171974185e-5
393.46   30   -0.4629273500471202   5.8680178787320866e-5
406.74   31   -0.46292746914708316   7.860203143035188e-5
419.96   32   -0.4629275579215154   4.8892685782775225e-5
434.32   33   -0.4629276203681491   3.742621544499034e-5
447.64   34   -0.4629277160396615   7.538082763857966e-5
460.84   35   -0.4629278426785535   6.086681706874138e-5
474.26   36   -0.46292793082395545   6.614256406027812e-5
487.78   37   -0.46292811853233323   7.340020525524281e-5
496.83   38   -0.4629281739120147   6.531387952910614e-5
509.57   39   -0.46292825480617183   9.338706932871121e-5
523.23   40   -0.46292832861813465   6.381662804390673e-5
536.72   41   -0.46292843527114563   5.6278769724838364e-5
549.96   42   -0.4629285135038524   7.062931462089042e-5
558.5   43   -0.4629285306470555   7.050778312209965e-5
572.57   44   -0.462928556734141   0.00010435532786184626
581.39   45   -0.4629285734284176   9.795484115367749e-5
594.36   46   -0.4629286444182606   8.311458407863968e-5
607.22   47   -0.4629287285241537   5.831379478794726e-5
621.04   48   -0.46292880572144535   0.00011717942496685896
634.12   49   -0.46292889630240375   8.498538519170229e-5
647.02   50   -0.46292896721533094   0.00012586625720261715
660.54   51   -0.4629290407494906   6.148214649635254e-5
673.78   52   -0.46292911211808224   7.435717904069348e-5
686.87   53   -0.46292918889798307   5.2778921310690555e-5
699.52   54   -0.46292930670221855   5.688393843365186e-5
708.92   55   -0.46292938077215995   7.184017255830127e-5
721.88   56   -0.4629294782422404   9.126607940049287e-5
734.84   57   -0.46292957073709345   6.860864156599769e-5
748.15   58   -0.4629297069513014   6.732281674165131e-5
757.51   59   -0.4629298405047196   7.512862834093975e-5
771.39   60   -0.46292990766974107   4.425938444801103e-5
784.61   61   -0.46292995823178695   6.218351721870951e-5
797.82   62   -0.46293001768426867   7.43810760315269e-5
811.41   63   -0.462930074699726   9.562593645592604e-5
824.73   64   -0.4629301100099464   8.632991347535278e-5
838.43   65   -0.46293016600668396   5.638330646615335e-5
847.14   66   -0.4629301809280634   8.385729160352076e-5
860.83   67   -0.4629302008010514   5.8606227725823165e-5
874.49   68   -0.46293025887623546   5.260286327332209e-5
888.09   69   -0.46293031045358946   7.592961059055357e-5
901.9   70   -0.4629304275984639   8.460192257600281e-5
916.79   71   -0.46293052551999536   5.1262274672935734e-5
930.71   72   -0.4629305563225757   7.554755495129286e-5
944.98   73   -0.462930609760828   4.826312426368199e-5
958.45   74   -0.4629306629233157   4.490325553609447e-5
972.18   75   -0.462930719456904   5.2831518574405886e-5
985.83   76   -0.46293081082388177   5.565953383618249e-5
999.52   77   -0.46293089655051384   6.053787358681521e-5
1013.37   78   -0.46293094016779934   6.275001434667999e-5
1027.18   79   -0.4629310297210551   6.727102929630732e-5
1042.26   80   -0.4629311749121723   8.119165851594014e-5
1052.01   81   -0.462931266913829   9.147826915819018e-5
1068.13   82   -0.4629313392038924   7.634092004368495e-5
1084.08   83   -0.4629313778628796   5.7038272178056126e-5
1099.02   84   -0.46293143294377936   9.448254004588493e-5
1114.34   85   -0.4629315089077686   5.7289156147635606e-5
1123.96   86   -0.462931524835121   6.435963866714068e-5
1137.97   87   -0.46293154299975997   4.569498307827692e-5
1151.56   88   -0.4629315625370208   0.00011011167870985479
1165.9   89   -0.4629316118525637   7.426600645627518e-5
1178.89   90   -0.462931672332938   8.143492475716733e-5
1191.54   91   -0.46293173900676376   3.6335665297954304e-5
1205.05   92   -0.46293176072685965   3.773810314261551e-5
1218.1   93   -0.4629317938605685   6.888663301844143e-5
1226.49   94   -0.46293181565134855   5.819551962958231e-5
1239.29   95   -0.462931853374032   4.6481218549026496e-5
1253.82   96   -0.46293192067592726   5.586853443714794e-5
1262.16   97   -0.46293195625253103   4.120198659658106e-5
1275.3   98   -0.4629319763605148   4.2715096900884886e-5
1288.53   99   -0.46293199961149556   4.887193352761036e-5
1303.9   100   -0.4629320262538451   4.6791187734215536e-5
0.0   0   -0.4629320262537534   4.767883344394928e-5
55.08   1   -0.46293202947571677   3.78954655871133e-5
132.58   2   -0.4629320351708058   5.4772369927269417e-5
202.41   3   -0.4629320409444135   3.187095572230087e-5
304.31   4   -0.4629320536135517   4.347304568897097e-5
352.49   5   -0.4629320602177932   4.181359886499802e-5
456.48   6   -0.4629320737952942   3.157961692339084e-5
539.92   7   -0.4629320906843655   2.354574891766117e-5
614.05   8   -0.4629321168982283   2.8592376860369835e-5
660.86   9   -0.4629321258105352   1.752054335692803e-5
759.27   10   -0.46293216427384565   3.448832177715243e-5
809.12   11   -0.46293217430018047   2.69615740017643e-5
877.23   12   -0.46293218619008736   3.4949520079740464e-5
948.0   13   -0.4629321922138879   2.8720211964663797e-5
1046.3   14   -0.4629322330088836   2.203943194341215e-5
1066.58   15   -0.4629322747644501   1.8390953002023794e-5
1083.3   16   -0.4629322978090902   1.3012379079135166e-5
1099.67   17   -0.46293233684098933   2.4190537052687888e-5
1118.93   18   -0.4629323666571474   1.3913109234367398e-5
1135.89   19   -0.46293238924430724   1.595063592020506e-5
1152.6   20   -0.462932419192919   1.7520205986753887e-5
1169.54   21   -0.46293245785918946   1.8384919544852886e-5
1181.49   22   -0.4629324655671382   7.679917157091689e-5
1195.56   23   -0.462932484959947   2.197593261340845e-5
1209.71   24   -0.4629324958693961   1.5705358538543557e-5
1218.92   25   -0.4629325000176556   2.3077984644051935e-5
1233.71   26   -0.46293251151358833   3.4849278093947106e-5
1243.11   27   -0.4629325162961449   3.823097113037391e-5
1258.03   28   -0.4629325243365271   2.6778908653975996e-5
1271.49   29   -0.46293253093113484   2.156414091023961e-5
1286.67   30   -0.4629325445774642   2.4190519143013287e-5
1303.0   31   -0.4629325566812055   2.9326054645234203e-5
1316.78   32   -0.4629325673401326   1.8299488425199125e-5
1332.35   33   -0.46293257306905633   1.9350496714510034e-5
1347.61   34   -0.46293257898369844   2.75165094221755e-5
1357.03   35   -0.46293258232695544   1.795714394094036e-5
1369.79   36   -0.46293258559248635   1.1359156912117623e-5
1389.74   37   -0.46293259841176304   2.278525176827235e-5
1404.99   38   -0.462932619460682   2.3707144561581725e-5
1420.09   39   -0.462932644936628   3.711221967082427e-5
1435.32   40   -0.4629326536810397   2.404846908200979e-5
1449.96   41   -0.462932656933888   2.257710351720607e-5
1470.56   42   -0.4629326682166811   2.0240418800961253e-5
1480.61   43   -0.46293267271583605   4.1962057788683035e-5
1491.15   44   -0.4629326821395684   2.8594851450172284e-5
1505.45   45   -0.46293268679907335   1.673671702043378e-5
1526.53   46   -0.46293270484940885   2.140044890723922e-5
1537.65   47   -0.46293270978603274   2.1184371968585696e-5
1554.85   48   -0.46293271876922193   2.603753005658587e-5
1565.93   49   -0.4629327218918916   2.4193361100804752e-5
1581.41   50   -0.4629327255806265   2.1546937159654282e-5
1595.25   51   -0.4629327318283602   2.1025242786358142e-5
1611.49   52   -0.46293274402678897   2.192606919198668e-5
1621.97   53   -0.4629327513939751   2.7860087101068285e-5
1637.58   54   -0.46293276018435636   3.760783905323269e-5
1651.86   55   -0.4629327736259048   2.4815320181632525e-5
1663.64   56   -0.46293277785359427   2.985654859643563e-5
1681.89   57   -0.4629327880622671   3.271738020510791e-5
1700.26   58   -0.4629327981713349   2.074439581781346e-5
1716.83   59   -0.4629328092738426   2.4320156961929725e-5
1734.92   60   -0.46293282848043493   2.6229871105115666e-5
1750.7   61   -0.4629328353183507   3.968728816656929e-5
1761.79   62   -0.4629328385042657   2.081420282755068e-5
1782.1   63   -0.46293284852900624   2.5353147452076373e-5
1797.6   64   -0.46293286301067227   3.0406657717385214e-5
1808.13   65   -0.46293286772307735   2.952805867209126e-5
1824.54   66   -0.4629328731775785   2.231575290116922e-5
1850.11   67   -0.4629328893202703   2.3586637425490426e-5
1860.88   68   -0.4629328964707468   2.7895003258086238e-5
1875.46   69   -0.4629329057933044   2.0133587860488236e-5
1890.02   70   -0.4629329136145779   5.6614530537251924e-5
1906.3   71   -0.46293293080535947   1.9757128109404735e-5
1920.93   72   -0.4629329370242966   2.6093970148112644e-5
1935.78   73   -0.46293294688253067   2.232468650104877e-5
1951.55   74   -0.46293295042418486   1.545939866879956e-5
1968.99   75   -0.46293295888951874   3.15499546241388e-5
1985.61   76   -0.4629329662119118   1.8354682221017567e-5
2001.96   77   -0.4629329703310868   1.4978738956700587e-5
2019.2   78   -0.46293297345912865   2.4375579784774366e-5
2036.28   79   -0.46293298038268604   2.043266009038166e-5
2052.98   80   -0.4629329876306483   2.473187146626503e-5
2068.2   81   -0.4629329953481181   1.725221648837005e-5
2085.27   82   -0.46293300504787777   3.4781576710406154e-5
2096.52   83   -0.4629330062989208   1.961853440614073e-5
2112.49   84   -0.4629330102417471   1.6448614447370956e-5
2128.32   85   -0.46293301604787296   2.3425184950841822e-5
2145.37   86   -0.46293301998605635   2.294993520923656e-5
2155.34   87   -0.46293302254528135   1.5570966149854993e-5
2175.9   88   -0.4629330280964692   2.6145026847036368e-5
2192.66   89   -0.4629330349364713   2.6934604446477964e-5
2203.94   90   -0.4629330394176932   1.8174452111048885e-5
2215.07   91   -0.4629330414566273   2.0895492036108162e-5
2230.59   92   -0.4629330435721326   1.4433595779519866e-5
2254.21   93   -0.46293305046926686   1.5586301378850403e-5
2271.38   94   -0.46293305575788246   1.798132482977897e-5
2281.33   95   -0.4629330592196815   1.4836304630929447e-5
2295.6   96   -0.4629330648294606   1.641541304384624e-5
2307.83   97   -0.4629330667648006   1.1357684165895002e-5
2324.4   98   -0.462933068555941   9.120974812715594e-6
2340.79   99   -0.46293306994330813   1.486032009935584e-5
2356.39   100   -0.46293307147131535   9.747178471927138e-6
