0.0   0   -0.3479290186117016   0.3619270447441001
34.05   1   -0.3497896396341689   0.07203126783908215
44.78   2   -0.3520660760806896   0.3290330002789879
82.25   3   -0.35234730092850963   0.016337225810258423
112.37   4   -0.3523666887420277   0.43623946798976093
167.72   5   -0.3523718756988442   0.015531401252271827
176.64   6   -0.3523773752891071   0.3305079040075717
215.07   7   -0.35237731735176414   0.015436154851294912
262.57   8   -0.35238487243466415   0.4029000373685556
277.2   9   -0.35245700309121275   0.27657404613190634
388.83   10   -0.3524566556449834   0.3491017193779883
467.91   11   -0.3524564420898642   0.4389193596195609
509.58   12   -0.3524561023433107   0.014114895132453035
527.01   13   -0.35245900137920594   0.38475188068728466
541.43   14   -0.3524587253500797   0.40490096299699124
578.24   15   -0.3524584617383084   0.4418039875258415
606.68   16   -0.35245813339911314   0.014144478876927135
621.04   17   -0.3524598479604425   0.4130959205593538
657.32   18   -0.3525599559406845   0.025522284198107408
675.58   19   -0.3525883125489243   0.44211829241666867
688.67   20   -0.3526163133931814   0.012566939761356363
697.88   21   -0.35261680470576307   0.42883022525199466
721.31   22   -0.352630532200789   0.009616395077226276
730.57   23   -0.3526310977304663   0.4368667215478724
744.33   24   -0.352658812898142   0.010311889957173751
766.96   25   -0.3526840348674548   0.015048979374704142
789.79   26   -0.3527923089718092   0.015556670884676634
817.5   27   -0.35285654842563785   0.02024228553989855
852.5   28   -0.35292769052089884   0.3562452903564832
860.69   29   -0.3529349235091116   0.4322640345296515
877.92   30   -0.3529361618223231   0.005405588143690443
899.04   31   -0.3529435429468614   0.010670968037572679
925.92   32   -0.3529512601602447   0.2886409495094537
948.05   33   -0.3529617806465275   0.3195881876728831
956.11   34   -0.3529639862040819   0.00510096871128406
993.95   35   -0.35296557770701975   0.3906468094050793
1035.77   36   -0.35296525298033016   0.4462701646245616
1075.12   37   -0.3529651526445391   0.005114844743248844
1083.43   38   -0.35296623932378773   0.3671484119762151
1126.2   39   -0.35296593832781303   0.43361970871021105
1167.46   40   -0.3529656790780369   0.4474547522606415
1217.06   41   -0.35296565557860216   0.42581269445651454
1257.4   42   -0.35296532814181836   0.4231336671281322
1281.11   43   -0.35296528866159144   0.4279151505628484
1359.02   44   -0.352964982625185   0.31710622860443377
1372.08   45   -0.3529648839664594   0.29270327936000784
1541.67   46   -0.35296454210105965   0.2869990494603386
1569.98   47   -0.35296427932271585   0.41520741109227144
1591.17   48   -0.35296414795397085   0.4013530627898354
1643.85   49   -0.3529638286156279   0.43058356207302834
1659.22   50   -0.35296374626020716   0.30900229457720435
1667.34   51   -0.3529637685503394   0.006586065217190407
1675.45   52   -0.3529638651133399   0.32609658402221015
1683.82   53   -0.35296422718203246   0.41789105837195883
1703.94   54   -0.3529641597971618   0.35675796117068587
1724.49   55   -0.3529638287815513   0.006494900535793614
1740.53   56   -0.3529665424174744   0.43802079678039835
1835.58   57   -0.3529663520491231   0.3071194366417758
1852.63   58   -0.3529664233326725   0.37494682358678794
1876.32   59   -0.35296640598595264   0.383918254149694
1896.22   60   -0.3529662982166097   0.005938435393130643
1919.87   61   -0.3529672802275784   0.4485126815872143
1948.77   62   -0.3529950376336279   0.36157165692439686
1956.56   63   -0.353002303688223   0.0059482575266339805
1964.56   64   -0.353002314249369   0.42634066301899437
1973.2   65   -0.35300232132919723   0.40746174156547643
1981.74   66   -0.35300364159170206   0.3920787377900147
2011.13   67   -0.3530033041976734   0.29776506849265405
2039.81   68   -0.35300296882498283   0.4294298853988941
2114.6   69   -0.3530027723012858   0.3122625117443033
2122.19   70   -0.35300274483904565   0.0036099149737166577
2130.19   71   -0.3530030922603891   0.32705817946664945
2139.28   72   -0.35302947751851466   0.00980033844819644
2164.72   73   -0.35302948942105405   0.4340746730314426
2173.19   74   -0.3530295124477916   0.37541578400340897
2194.63   75   -0.3530296371987222   0.009247398274176236
2210.8   76   -0.3530305155319511   0.2967454507510178
2238.75   77   -0.3530301708798395   0.4343175011203771
2250.61   78   -0.3530314350672014   0.33096101013377616
2327.73   79   -0.3530313530005834   0.009520130646154798
2344.78   80   -0.3530414652485238   0.46924108573914003
2373.43   81   -0.35304861711360846   0.00849311807198197
2381.87   82   -0.35305148267124664   0.4255662114242414
2403.14   83   -0.35305118443212075   0.4183636079596586
2414.67   84   -0.3530514304921974   0.3714142798474097
2435.51   85   -0.3530516834746883   0.255069280913718
2452.43   86   -0.3530516834745573   0.4291885760358844
