0.0   0   -0.40075073813939166   0.22596799430826733
295.73   1   -0.40077308986588284   0.008270193896261284
377.09   2   -0.4010680960788599   0.006338110208351685
426.83   3   -0.40123057201169127   0.003943234176694061
475.34   4   -0.4012970874669055   0.004630026273247169
507.47   5   -0.401310951389924   0.23615534154808376
540.7   6   -0.40141746338906037   0.0045020178509699695
588.9   7   -0.40142729129991095   0.003952790704462459
619.96   8   -0.40149189734620644   0.0031745569689910938
667.85   9   -0.4015716345778398   0.002246015147580423
715.4   10   -0.40161535733198606   0.0020180842507535085
838.64   11   -0.4016321973365071   0.004228080930350025
886.45   12   -0.40169339008890803   0.0010654974066959407
950.35   13   -0.40170010983050386   0.2796468663284281
1104.07   14   -0.40170221410315915   0.2436479401982173
1302.34   15   -0.40170188531906936   0.3193677836865032
1515.53   16   -0.4017016476671831   0.18510523331209233
1701.58   17   -0.4017013845334206   0.17590640494556276
1749.08   18   -0.4017013895250603   0.00174312198837402
1795.47   19   -0.40170689952085376   0.0011211590461723936
1827.87   20   -0.4017115295228256   0.0010797424187355656
1865.11   21   -0.4017291866345541   0.002886853592546101
1926.62   22   -0.40178840060550225   0.002313541551437415
1964.79   23   -0.4018145258355867   0.001540343180119918
2028.6   24   -0.40184894981396735   0.001416508413184901
2097.17   25   -0.4018949420324141   0.003128347961995067
2143.24   26   -0.401899806286523   0.0020756657363605034
2181.86   27   -0.40191486987189495   0.0018088837558571421
2240.82   28   -0.40194231072410735   0.002597221102392318
2298.93   29   -0.40199224510428777   0.003067572065815192
2362.41   30   -0.40202483561955665   0.0016143724110841853
2421.85   31   -0.40206373701519843   0.0015154979863560957
2484.86   32   -0.4020773911473588   0.001492954063706609
2545.65   33   -0.40210593028904196   0.0016748950931411777
2608.51   34   -0.4021558326603725   0.0017838680691378893
2654.55   35   -0.402164223295167   0.0014530178503117483
2699.61   36   -0.40217074473346837   0.0014978894333547881
2752.74   37   -0.4021990628749682   0.0014180480915795927
2815.34   38   -0.40224293679099715   0.0010929135738696394
2875.73   39   -0.40227636590480237   0.0015056249924198862
2939.23   40   -0.40230779052949317   0.001149760110471141
3002.05   41   -0.40233200891861143   0.0009971220665565693
3041.82   42   -0.4023564757179629   0.0024732464992137026
3104.32   43   -0.40238245903483616   0.001331569530534509
3166.41   44   -0.4023996103405497   0.0011488162918994412
3224.54   45   -0.40241893292260433   0.001267132589003344
3287.38   46   -0.4024362236732662   0.0008396169264639639
3349.08   47   -0.40245390501264783   0.0014197314811717633
3390.92   48   -0.4024684711321075   0.0024128475479909223
3452.6   49   -0.4024826905423353   0.0007871101307433668
3512.7   50   -0.40249681920017394   0.001051411385075724
3573.76   51   -0.40251740632440686   0.0012917574853531133
3619.02   52   -0.4025269816620276   0.0010766493677064873
3681.26   53   -0.40253546475389707   0.0010462205698254564
3740.2   54   -0.40254371395694305   0.0012917134713231078
3801.85   55   -0.40255525597288166   0.000778866525553261
3854.74   56   -0.4025677991903988   0.0012727499121094376
3910.54   57   -0.4025818925539665   0.0007826517544749305
3960.99   58   -0.4025934025617719   0.0007948406537425006
4010.62   59   -0.4026034626867652   0.000969274232153044
4062.98   60   -0.4026160182235077   0.000742194263954473
4113.57   61   -0.40262658316465777   0.0007089021623475056
4165.62   62   -0.40263911763216   0.000608855087508153
4224.09   63   -0.40264874353008173   0.0008917268394299465
4297.99   64   -0.4026568667447129   0.0013036968031976833
4379.81   65   -0.40266245244584753   0.0006132638778313926
4457.5   66   -0.40267124085074896   0.0006300256606941974
4521.49   67   -0.40268101905589193   0.00072256150347654
4562.41   68   -0.40268682059066985   0.0007049741946909102
4624.26   69   -0.40269239410000046   0.0008358754224236433
4687.3   70   -0.40269579705426495   0.0009099084866485026
4751.08   71   -0.40270274332498945   0.0006404326846238404
4813.42   72   -0.4027091450831169   0.0008055921860286908
4873.85   73   -0.40271512348758354   0.000718885737588169
4931.66   74   -0.40272013275787   0.0010029069530084955
4991.29   75   -0.40272690183729554   0.000777091322829013
5068.02   76   -0.40273398568375784   0.0007666537221058127
5113.64   77   -0.4027369954373107   0.0005301995161394071
5173.98   78   -0.4027412666820733   0.0007312996873519782
5234.49   79   -0.4027465124232337   0.0007643003673184536
5292.95   80   -0.4027510961814871   0.0005235924714718035
5351.36   81   -0.40275586307337624   0.0004383635829779328
5412.04   82   -0.40276112278118803   0.0006410590564219855
5469.92   83   -0.40276556797289975   0.00035159892753092734
5521.18   84   -0.40276961082697105   0.0004632370639930885
5579.07   85   -0.40277442749201453   0.000506976238120353
5633.02   86   -0.4027791594148538   0.00040557868289764417
5692.41   87   -0.40278393995778355   0.00042256317823864865
5758.62   88   -0.4027880504398662   0.00067640686665253
5832.83   89   -0.4027912455134341   0.00039884560909349157
5896.85   90   -0.4027930502385534   0.0004469304460463921
5964.02   91   -0.40279550795763375   0.0004535442756943077
6027.22   92   -0.40279745290501257   0.0006655857716963631
6087.24   93   -0.4028007508016269   0.0005151290247364304
6150.2   94   -0.40280364261521845   0.0004343853180718509
6217.87   95   -0.40280577296667935   0.0004519978980772251
6285.7   96   -0.40280756891480546   0.00041991280736810313
6361.43   97   -0.4028107755724932   0.0004825804573981873
6427.01   98   -0.402812657231204   0.0006294849106462663
6491.44   99   -0.40281533976077694   0.00030306086164788695
6553.66   100   -0.4028184617407902   0.0004164641223272912
0.0   0   -0.40281846198618765   0.19157527933629784
2274.41   1   -0.4028183930067617   0.0005730428225844059
2896.96   2   -0.4028183924949765   0.18380957098260736
5972.09   3   -0.4028182829830366   0.0005073175575425606
6816.5   4   -0.4028192220113749   0.00033516205821053574
7222.37   5   -0.4028198186317468   0.0003730673999894562
7667.98   6   -0.40282043966039294   0.00038571915550022004
7965.19   7   -0.4028204461594611   0.16273945395460038
8243.88   8   -0.40282082991530754   0.0005174782598052095
10517.22   9   -0.4028206195498446   0.2151100911373187
12520.23   10   -0.4028206184411729   0.00035212847294141997
12911.04   11   -0.40282061999327917   0.18311767930202358
14726.36   12   -0.40282027691114397   0.2204834344516062
14890.72   13   -0.4028204568863733   0.13775490674916074
15184.95   14   -0.4028202332613756   0.1573689334177808
15459.17   15   -0.4028199545016603   0.0007410221828719507
15553.4   16   -0.40281995563738704   0.23212217524435327
15620.82   17   -0.40281995564866413   0.16741105475574333
