0.0   0   0.14782268901261364   0.07262314728211293
19.64   1   -0.11698569582570538   0.2540312391321716
54.87   2   -0.12116392080391546   0.16135560370316657
64.91   3   -0.1476695976595399   0.09313139553787847
78.08   4   -0.16579345976588894   0.07727623213191984
119.57   5   -0.18347431046800372   0.2411075433376101
128.23   6   -0.211250688898727   0.13144349870471966
158.2   7   -0.25564335198810517   0.03816809045794197
171.79   8   -0.27676558127257883   0.04031381095143352
184.47   9   -0.29631415357355495   0.0409350647458569
198.07   10   -0.3145374539863405   0.03336918584398114
216.2   11   -0.33418403353250387   0.03662038175576424
245.08   12   -0.3393199914890068   0.01956525208418335
263.26   13   -0.3408121505321965   0.02630169909137759
276.32   14   -0.343430842350924   0.021727922904063317
299.7   15   -0.3571983940437138   0.03770354680973566
309.76   16   -0.3603687240437945   0.2801637163945299
332.86   17   -0.36043403476616087   0.03145247866566366
346.12   18   -0.36243462365124834   0.02326629983461311
359.35   19   -0.3645466409186883   0.02143126822937408
368.35   20   -0.36717890233100836   0.008145600259022499
381.29   21   -0.3687417561463463   0.009038576646535706
395.72   22   -0.3707047289921762   0.008970662594944676
414.69   23   -0.3765449838442872   0.02466731448191278
423.69   24   -0.3807365872867035   0.028218935191259873
437.33   25   -0.38703292600955924   0.008333338549004424
446.4   26   -0.3898789063055437   0.008889745676871473
460.72   27   -0.3931451775590129   0.006293554062530759
490.05   28   -0.39388602984809734   0.015567549668414775
510.83   29   -0.3951160943670826   0.0027980804478699973
524.39   30   -0.3953234165233025   0.00250699370099857
543.35   31   -0.3954254760849365   0.0019293960305467872
558.28   32   -0.3955383208854625   0.0021986866105101082
572.89   33   -0.3955993986325917   0.000754389967825958
586.42   34   -0.39563378344900796   0.0010474728355166962
599.92   35   -0.39568573415757213   0.0011063596524993782
615.81   36   -0.3957181832232037   0.0015449813824195983
629.92   37   -0.3957453119592843   0.0009811066229397675
643.63   38   -0.3957787722728653   0.0007598788260617529
658.3   39   -0.39584202346267844   0.0017476106580553833
673.01   40   -0.3958998560742043   0.0008167521667301818
687.42   41   -0.39593673175364646   0.000979323484068713
701.46   42   -0.39598563593561314   0.0011813498016002605
716.63   43   -0.3960159562995219   0.0006383483784164705
735.05   44   -0.39602689282117615   0.0005681946298160803
744.06   45   -0.3960363407854717   0.0005548328133082587
758.45   46   -0.3960697681553864   0.000816391980266949
773.06   47   -0.39609703678755337   0.0006433760934807996
787.48   48   -0.3961216495430884   0.0006688349549223105
801.63   49   -0.396144095424323   0.0006352324339357285
822.2   50   -0.39616095983591343   0.0006082574865700534
836.95   51   -0.396196840059411   0.0004993834355588194
851.99   52   -0.39621832886104047   0.0003387553542387259
866.59   53   -0.39623361558688774   0.0005184399694494925
876.81   54   -0.39623959876714054   0.0005655125043328994
891.21   55   -0.39624829882506474   0.00039958555095825167
904.28   56   -0.39625701995269685   0.0005846832752125563
918.69   57   -0.39626959566200803   0.0007558335251482124
943.74   58   -0.39628852948224436   0.0007169036291174421
959.04   59   -0.39630356039417003   0.0006997356528594294
974.08   60   -0.39634820749766925   0.0011382717693273975
990.87   61   -0.39642589631798725   0.001879107151912949
1001.7   62   -0.39652377554351304   0.001440233089017158
1011.5   63   -0.3966008615043452   0.0013720071331976837
1031.05   64   -0.3966329421002456   0.0013791218957707333
1040.95   65   -0.39665140152909895   0.0010871406086186512
1050.78   66   -0.3966676199826136   0.0005430206012839363
1065.38   67   -0.39668246866161594   0.00037876923607111604
1083.95   68   -0.3966908859846272   0.4133720686947426
1115.63   69   -0.3966908998270895   0.0002601812243810961
1129.08   70   -0.3966940027731836   0.0002339286939532791
1139.05   71   -0.3966945926858588   0.000244949761495385
1153.11   72   -0.3967025103655146   0.0003988579703258117
1171.54   73   -0.39670975454140395   0.0004056380357475998
1185.92   74   -0.39671719826424245   0.00019991252373232675
1199.22   75   -0.39672154366379003   0.0004651529636144618
1207.95   76   -0.39672455874046814   0.0001632389756654326
1220.94   77   -0.3967263802576731   0.00015019098392553032
1236.22   78   -0.3967293685092418   0.0002941388932483834
1244.71   79   -0.39673114401846277   0.00020358474589453115
1257.3   80   -0.3967335644196074   0.00026094911295681427
1270.46   81   -0.39673615339451135   0.0002552742355214487
1284.86   82   -0.3967393508038996   0.00022406864406005023
1298.35   83   -0.39674204085153864   0.00015419509105215197
1312.27   84   -0.39674740573412615   0.000330589088414983
1321.58   85   -0.3967508629767574   0.41375739019835156
1357.29   86   -0.396750792085729   0.0003416024026293886
1366.49   87   -0.3967510733794583   0.23728740234697432
1394.8   88   -0.39675112127422796   0.2770177876827096
1450.4   89   -0.39675083952379975   0.000298594426507163
1461.54   90   -0.396753480095946   0.30216984640015965
1498.74   91   -0.39675335597050243   0.0002569651219231468
1509.02   92   -0.39675352847885315   0.00026192468183233134
1519.18   93   -0.39675410227738095   0.00027017555635897765
1534.3   94   -0.3967556496664978   0.00018466608282905573
1555.84   95   -0.3967567177992496   0.0002061850045896903
1567.71   96   -0.3967590698827101   0.3389045366842713
1649.09   97   -0.39675896379652115   0.0003466584915900922
1665.01   98   -0.3967593654415734   0.24536518258436196
1682.64   99   -0.39675938218117274   0.0002614017163569777
1700.26   100   -0.39675938750028916   0.34419605714610163
0.0   0   -0.3967593874955834   0.3287388519646664
106.67   1   -0.3967592932044543   0.37979787591684744
117.86   2   -0.39675896563496216   0.3268127458607954
144.7   3   -0.39675882160016407   0.4113903315101519
160.31   4   -0.39675881690281456   0.3894310611794868
236.9   5   -0.39675876230186985   0.0016806080973317396
247.27   6   -0.39675876232986607   0.42903440957351047
314.35   7   -0.39676041738385565   0.0005644950825532568
328.43   8   -0.39676041745621005   0.0005648211677368934
343.32   9   -0.3967616044002691   0.0009860577191632871
359.07   10   -0.39676229056832757   0.23537452785819543
395.3   11   -0.39676197332304586   0.3609570861176964
454.73   12   -0.39676172721515834   0.0016813748832039783
469.78   13   -0.39676209439383875   0.0007499931627483664
480.1   14   -0.3967623734833957   0.00046084791264619886
499.28   15   -0.3967631429453389   0.410757911060381
532.2   16   -0.3967628304582824   0.0006759596970655446
546.99   17   -0.3967629886928443   0.44330844219640997
566.97   18   -0.39676267417773486   0.32783390119786454
576.9   19   -0.3967627968669366   0.0007712688825055948
596.11   20   -0.39676309389853004   0.0005532871291099789
669.93   21   -0.39676314848739425   0.2362302892156431
693.38   22   -0.39676305937976375   0.3707310596509416
800.15   23   -0.3967630221626984   0.3397774670952778
819.67   24   -0.39676296696160385   0.4280435212065708
868.16   25   -0.3967629171534543   0.36937341481042013
976.24   26   -0.39676273845697374   0.35902260412391906
1097.42   27   -0.39676239908684735   0.001992855723361802
1118.37   28   -0.39676268287008065   0.41109663882037834
1222.89   29   -0.3967623290936899   0.0024981602835930502
1257.86   30   -0.3967629614580297   0.34993820581005225
1318.39   31   -0.3967640396634626   0.3408780108659804
1354.86   32   -0.3967637364507904   0.002595487053095666
1365.92   33   -0.3967640178295032   0.24633247678487152
1376.96   34   -0.3967639232749678   0.3776790109111292
1422.99   35   -0.3967635492141247   0.002695412629606555
1432.49   36   -0.39676356165027127   0.3737100657305729
1462.51   37   -0.3967649599290088   0.39103181561701383
1497.74   38   -0.3967649315064933   0.0014854565859318087
1512.08   39   -0.3967649966255342   0.2539934273922585
1536.8   40   -0.3967647423653655   0.4080000280330108
1551.26   41   -0.3967647163615051   0.001832263488618037
1561.46   42   -0.39676473502360066   0.41537217265021703
1585.79   43   -0.3967646535282137   0.41760636409214746
1621.77   44   -0.3967642724276884   0.2956011628642932
1666.28   45   -0.3967638808856687   0.002474012914629026
1687.16   46   -0.3967643413553459   0.2410516041316491
1695.88   47   -0.3967643328824517   0.002161188144394509
1710.65   48   -0.39676497534639776   0.3274725594108707
1791.44   49   -0.3967647302575725   0.001596650009294252
1801.22   50   -0.3967647339234722   0.33052087868699687
1810.92   51   -0.3967654190921748   0.0006160331962507982
1830.39   52   -0.3967654301901531   0.0005348749250780469
1840.74   53   -0.39676543103667367   0.23059478771009237
1883.81   54   -0.3967652056519155   0.0011098838815625939
1906.65   55   -0.39676534278897463   0.4439121690829453
1942.68   56   -0.3967653457713608   0.3869730793669079
1969.02   57   -0.3967651911878999   0.37994378390871186
1985.89   58   -0.3967651823066199   0.0011567910560102595
2003.49   59   -0.3967654143006464   0.0005942406743676602
2016.78   60   -0.39676598518115064   0.0005999462874713823
2030.32   61   -0.39676683932618995   0.0005190747105660873
2043.63   62   -0.39676776185120566   0.0009219871661910746
2063.17   63   -0.39677236032354324   0.33730879051884666
2089.62   64   -0.3967721132517461   0.4004123840211617
2103.5   65   -0.39677211386216   0.000632920492331489
2113.02   66   -0.3967721223296867   0.24233610831603322
2181.13   67   -0.39677219420322724   0.39489642725966784
2201.72   68   -0.39677207173446166   0.2958245905157331
2216.78   69   -0.39677168261627555   0.0008923384886064344
2236.38   70   -0.3967717007290316   0.26990418432897284
2266.69   71   -0.39677225304005637   0.43179835703710273
2285.49   72   -0.3967724204825313   0.0018966923360339968
2304.98   73   -0.3967728571333886   0.0008656319037811844
2328.37   74   -0.39677361516613474   0.3654947663017964
2371.65   75   -0.3967732353639386   0.0011010111563200585
2381.83   76   -0.39677324316258655   0.38542818830265196
2401.52   77   -0.3967732875748497   0.30472040375910503
2416.11   78   -0.3967733240328241   0.0005080105160425428
2442.62   79   -0.3967733342721266   0.3391472238494065
2452.75   80   -0.39677333953734645   0.4065065163780843
2477.13   81   -0.39677325783154616   0.3345056592915276
2528.74   82   -0.39677317944809026   0.0012796413416258088
2580.06   83   -0.39677305427027115   0.3079459774620386
2600.3   84   -0.3967729882064123   0.0008331635755938224
2629.67   85   -0.3967726846127657   0.37194215880017034
2785.33   86   -0.39677237590354764   0.36135485635239856
2796.78   87   -0.39677259655871355   0.38965378834394665
2855.67   88   -0.3967724222523181   0.0021133802931037845
2882.73   89   -0.39677300035386953   0.425334810418065
2899.22   90   -0.3967731541917237   0.2755974405820203
2909.41   91   -0.39677325592942675   0.34882337174369665
2948.23   92   -0.3967731544043234   0.3635692487128508
2986.02   93   -0.39677318692131514   0.23267685027808402
3045.82   94   -0.39677314755290843   0.39134949978177436
3092.65   95   -0.3967731190035031   0.001346845583462384
3145.56   96   -0.3967728287263226   0.42885943386343006
3173.83   97   -0.39677263533561535   0.3461425127492647
3329.1   98   -0.396772261230081   0.31989156435052135
3345.97   99   -0.3967732349712716   0.38112380021526215
3355.75   100   -0.3967732177963951   0.000601579543642762
0.0   0   -0.3967732177962427   0.41392689633758273
320.86   1   -0.3967728842678892   0.3910356161877352
335.95   2   -0.3967724931585741   0.27919440510065885
405.07   3   -0.3967721527760987   0.0016198890594785293
463.94   4   -0.39677216420728434   0.3949294002225447
489.14   5   -0.39677226359727724   0.0015424778258108977
520.51   6   -0.3967726494356508   0.42730378352403986
533.23   7   -0.39677237021461886   0.4019095361945533
547.02   8   -0.3967725705182241   0.4162127060820489
661.67   9   -0.3967728623698574   0.0006688042922082999
674.28   10   -0.3967728626797521   0.28201948944279076
697.92   11   -0.39677295333585294   0.4356930813292088
715.5   12   -0.39677286305273446   0.34101118023532856
726.7   13   -0.3967726603627908   0.0007623179887914068
769.6   14   -0.39677384606786337   0.0005581818817831532
793.74   15   -0.39677402832112074   0.25505225440601437
813.73   16   -0.3967751773380876   0.0008205957314302007
826.05   17   -0.39677523861676617   0.0006014346413995579
856.59   18   -0.39677555375974544   0.00037994782089905907
875.94   19   -0.39677640644517076   0.0007472567683806653
901.29   20   -0.3967771023884975   0.001115453289087154
914.36   21   -0.39677710751922535   0.35410813244537964
926.52   22   -0.3967778605362294   0.0004808858525093558
940.26   23   -0.39677787349658106   0.26274164093701025
960.45   24   -0.3967778793898946   0.0004142195939197168
996.26   25   -0.39677788183052604   0.41353039108758144
1022.54   26   -0.39677787957654315   0.00041381672483287884
1200.88   27   -0.39677772573997805   0.2501625175905403
1287.27   28   -0.39677735877699355   0.3539602818586139
1325.15   29   -0.3967772083742066   0.4306127985423297
1338.03   30   -0.396776922660055   0.0008993098798426083
1364.52   31   -0.3967770330534098   0.3761767400280579
1376.79   32   -0.3967769244020498   0.39079004466562395
1507.45   33   -0.3967765311745627   0.4036159193728108
1526.24   34   -0.39677643186112344   0.27172261856162555
1545.76   35   -0.39677630198158537   0.0011234442915227904
1571.31   36   -0.39677630282723525   0.3945644284866373
1584.35   37   -0.39677631804703545   0.3963318974126386
1644.24   38   -0.39677631059296664   0.42833365372450166
1683.13   39   -0.3967779700413369   0.0009275408209789331
1695.13   40   -0.3967779726644072   0.32653774450689455
1720.75   41   -0.39677836246099435   0.000574236459128567
2073.34   42   -0.39677797070506626   0.0009372161205546912
2092.02   43   -0.3967785609543183   0.0006563608522175457
2118.32   44   -0.3967793917145679   0.0005580188650389604
2155.73   45   -0.3967801894429969   0.0007232443230673092
2433.08   46   -0.3967798012021166   0.002414053371438886
2596.15   47   -0.39677948918769085   0.002046970418230889
2609.38   48   -0.39678192890820696   0.0012003262248033116
2629.02   49   -0.39678372995622324   0.0007973165422270329
2646.92   50   -0.39678545279168204   0.0012294760890578997
2680.56   51   -0.3967882004003551   0.21308286147114402
2719.57   52   -0.39678808419150446   0.0015563851336989612
2733.87   53   -0.39678919241504373   0.35127863281067445
2759.62   54   -0.3967892094589504   0.0008152516524115969
2784.34   55   -0.39678934199073657   0.3034177840266127
2822.58   56   -0.3967894388801148   0.000669841986643703
2835.07   57   -0.3967894968436755   0.000653414725398122
2849.29   58   -0.39678953683294116   0.0007414520231355407
2864.91   59   -0.3967895722989375   0.0006640289856267988
2884.71   60   -0.396790110833494   0.0012519840762617652
2898.42   61   -0.3967916346453998   0.0014656315511966298
2911.55   62   -0.3967935514632266   0.0019202855226351358
3228.81   63   -0.3967940991849115   0.22415381850319208
3296.86   64   -0.3967952473198634   0.32147867333136
3393.67   65   -0.39679491995238647   0.35718869290916416
3426.83   66   -0.3967947075589021   0.3417108476995081
3446.77   67   -0.39679459719570503   0.004146225539642211
3494.17   68   -0.39680321526447404   0.0026293056183119496
3514.38   69   -0.39680820785672805   0.0023372912022967267
3531.08   70   -0.39681905032023307   0.0023183161129169388
3552.2   71   -0.39682638810355275   0.000833732831802448
3570.46   72   -0.3968317582747265   0.0009944514097715222
3586.56   73   -0.39683615023316815   0.0012283504890957617
3639.65   74   -0.396838280165115   0.40790381477330956
3714.05   75   -0.39683819603153053   0.0015734615616937798
3743.75   76   -0.3968389278389414   0.0009051668987849743
3759.83   77   -0.3968427624584488   0.0009197282371951348
3776.41   78   -0.3968451534423337   0.0006151527110843968
3793.49   79   -0.3968471877446443   0.0006997488008370145
3832.75   80   -0.3968505451733537   0.0010400318152024377
3849.06   81   -0.3968530223141124   0.0008457568390990616
3873.24   82   -0.39685540132428576   0.3801039793219796
3889.83   83   -0.3968557254544842   0.0009979159068332088
3906.6   84   -0.3968561319710903   0.001219874655878895
3950.41   85   -0.3968575589925109   0.30902127911575755
3962.96   86   -0.3968574640680344   0.426479793643769
4044.41   87   -0.39685722618900704   0.4007408314475749
4085.21   88   -0.39685722710753824   0.38181203400831815
4156.81   89   -0.3968570773482172   0.4510695867758901
4199.01   90   -0.3968570508867763   0.34228158673891323
4234.7   91   -0.3968568557614553   0.0008737113826132147
4251.49   92   -0.3968575392445559   0.0008263099385272032
4264.1   93   -0.39685764939694634   0.0008601076810676283
4276.49   94   -0.3968577189066187   0.0008624241442903111
4294.82   95   -0.39685989522552495   0.0010645001442243411
4329.93   96   -0.39686093761789165   0.3371078819636134
4348.39   97   -0.39686094828528434   0.2518450868815489
4360.37   98   -0.396860937610331   0.0012101037015324824
4489.55   99   -0.39686088836001776   0.21656373257726239
4566.2   100   -0.3968628628199646   0.3057496624070956
