0.0   0   0.3364340028750608   0.09408146400610067
16.98   1   -0.08740473474526093   0.2152568859024167
29.58   2   -0.25110522175449235   0.054810357851130066
42.42   3   -0.3154639070535209   0.04106200682154524
54.31   4   -0.3516712105759099   0.04926107107073777
66.35   5   -0.4271587333523868   0.0306260374642171
79.25   6   -0.45994542651349796   0.25492099818846664
194.5   7   -0.45994506191664614   0.015569495704309655
207.07   8   -0.46432456724435095   0.015620679980103608
215.92   9   -0.46767437070237783   0.01740339688491135
224.76   10   -0.47879505958745255   0.007948887690501599
237.54   11   -0.4818064610262307   0.0054447265056802
250.23   12   -0.4829310699969973   0.00426922188099505
263.98   13   -0.48410561760484844   0.004003758000768911
278.2   14   -0.48485822992830485   0.0029097239446425377
291.36   15   -0.4855709916442345   0.0031307057359311833
305.23   16   -0.4861314700901051   0.004053733619399738
319.18   17   -0.4872998466620057   0.004376869890280419
329.01   18   -0.48794126066166066   0.004256929129610413
338.45   19   -0.48938501931756295   0.00329428894237662
352.43   20   -0.4899735394947971   0.0013580903793839715
372.4   21   -0.4903486522415822   0.0025793257631415837
391.56   22   -0.49063272448720413   0.0020432727867947115
411.59   23   -0.4910847407204334   0.22502339677846128
430.42   24   -0.49108633485849934   0.0018946706950830406
440.42   25   -0.49115368054889097   0.19614351230138657
460.32   26   -0.49115453400051345   0.0008904294454739136
480.26   27   -0.4911957672643704   0.001193343216277086
504.41   28   -0.4912409315787093   0.0012610684479345028
539.51   29   -0.4913259140824743   0.0019350621723268427
580.69   30   -0.4914562477351581   0.00210978533279125
596.12   31   -0.4916651513105751   0.0026334794318534104
616.44   32   -0.4917757891154602   0.2417113619097296
666.05   33   -0.49177668518999457   0.001695800577061065
685.11   34   -0.4917785006915378   0.2815858152656906
705.06   35   -0.4917804955194547   0.0016501181596730002
714.58   36   -0.49178077712082713   0.29037379926983925
723.11   37   -0.49178054264220106   0.0016495471792130735
732.64   38   -0.49178054340593397   0.20170038680064767
761.37   39   -0.49178104120073035   0.0016434753575464353
881.59   40   -0.491781550133282   0.24004650396959565
891.23   41   -0.4917814263051025   0.001638765842150808
919.64   42   -0.49178235944488835   0.2607857373538554
933.76   43   -0.4917820827725225   0.001630698629364983
984.07   44   -0.491782495039306   0.0016255976004781677
1004.33   45   -0.49186962413431795   0.0008095809347287195
1023.51   46   -0.49189084577164394   0.23253241354221243
1058.74   47   -0.4919412402969927   0.23778767099392842
1110.51   48   -0.49194606017714826   0.00138754799074593
1137.94   49   -0.4919474370096531   0.0013623435412588236
1182.23   50   -0.49198723008447   0.22742049570961836
1191.75   51   -0.49200038494903625   0.0005060037097675374
1216.18   52   -0.492001949252759   0.0004940183114916769
1231.38   53   -0.4920454281726113   0.0018576548514200508
1252.74   54   -0.4921623050391113   0.24477520146216128
1264.02   55   -0.492173358454553   0.002468163516090956
1279.2   56   -0.4923161130332657   0.22109883105944744
1355.47   57   -0.49231564127774674   0.0008637381455525554
1384.62   58   -0.4923165340557988   0.2425336736524703
1419.02   59   -0.49231653016906934   0.0009399053239298451
1429.56   60   -0.49231653020847305   0.2843804207099452
1459.69   61   -0.492317060309511   0.20149701448975782
1469.68   62   -0.49231668484102115   0.2702493268935306
1479.72   63   -0.4923169797202874   0.30669335336960346
1488.87   64   -0.49231696004630066   0.0009376426145481795
1549.76   65   -0.49233145318079663   0.23623522392191418
1596.33   66   -0.49233565640599686   0.0008896907590759504
1605.35   67   -0.49233569325332655   0.0008885021850220013
1625.62   68   -0.49233886831835527   0.2461702703409936
1651.58   69   -0.49234414832398316   0.2606264821914015
1681.61   70   -0.4923576612002129   0.2648848343953296
1742.2   71   -0.49235734542778675   0.00032652819851318324
1763.55   72   -0.492357418953684   0.2518417426457937
1772.78   73   -0.49235739591436406   0.00032495019838646775
1792.24   74   -0.49235742106546765   0.213142474423833
1813.04   75   -0.4923592453350043   0.2299363565282234
1888.56   76   -0.49235884678900604   0.25548901561051907
1957.67   77   -0.4923587179188215   0.000359671944669717
1980.79   78   -0.49235871817340154   0.000359666319739239
2010.45   79   -0.49238869076375724   0.0006186179786979145
2029.36   80   -0.4924070261598423   0.0009553385330061727
2215.45   81   -0.492411241823017   0.23641396192788075
2268.35   82   -0.49241103173283185   0.23141865393422142
2328.39   83   -0.4924410489797697   0.0015708245881625106
2351.08   84   -0.49245261569476173   0.2667752058973662
2367.04   85   -0.49245230052959954   0.2460743336580814
2463.56   86   -0.4924518277638855   0.0014431413229708187
2478.31   87   -0.4924530815632339   0.2545821992595925
2559.07   88   -0.4924525974466343   0.22079917438679647
2622.01   89   -0.49245247855296187   0.0013288515965009765
2640.63   90   -0.4924549990371957   0.32540764113734055
2650.49   91   -0.49245492662432805   0.23255476294238406
2677.52   92   -0.4924545452318889   0.2507444489773499
2699.96   93   -0.49245449081879017   0.23571961222824428
2723.02   94   -0.4924540082781288   0.0013236513741351817
2732.04   95   -0.4924542501791232   0.2384688496706354
2741.28   96   -0.49245692128153873   0.2944177377657213
2774.62   97   -0.4924590295677035   0.29368795729932917
2821.61   98   -0.49245866816591954   0.2550969671676502
2877.7   99   -0.49245893964725346   0.0010943827720912155
2886.89   100   -0.49245906507275844   0.2442387303125462
0.0   0   -0.49245906506754045   0.24458700017417315
63.99   1   -0.49246316367678555   0.27845030600847515
100.65   2   -0.49246276636661246   0.24782870957754402
110.25   3   -0.4924635819657849   0.2826945023173412
152.44   4   -0.4924647890313742   0.3113091781885619
179.37   5   -0.49246437331622794   0.2957759269141218
222.1   6   -0.49246388736255364   0.21860955514268593
245.74   7   -0.49246353324531406   0.32923927612110454
255.01   8   -0.4924636828013731   0.25589290297513606
271.77   9   -0.4924632819692435   0.2848066560462617
284.99   10   -0.4924632819709667   0.2718252051680358
0.0   0   -0.49246328196871414   0.2252538898601674
552.86   1   -0.4924629995426816   0.24337466401545757
731.88   2   -0.4924627295981708   0.27692429446422195
838.99   3   -0.49246287033263875   0.23014448956054234
947.89   4   -0.4924627879763118   0.28906318836982686
1029.37   5   -0.49246276722537613   0.22328531728028128
1144.13   6   -0.4924644833395048   0.004878357159798366
1285.84   7   -0.4924727755216386   0.2710686062991466
1503.55   8   -0.4925018374165644   0.26174024084268066
1575.23   9   -0.4925146404541311   0.3140443239601336
1664.14   10   -0.4925148858755894   0.28407965422873255
1943.52   11   -0.49251440836776583   0.2334721842059383
2223.8   12   -0.49251406346750826   0.004414563127425817
2278.57   13   -0.4925140669317303   0.2748396541101826
2329.55   14   -0.49251409829940673   0.273724525573411
2414.23   15   -0.4925142013627716   0.27808854722793996
2532.6   16   -0.49251444184690707   0.2216746115521415
2904.49   17   -0.49251983845966707   0.003428765533849735
2958.33   18   -0.49252001817353586   0.24648365939508496
3009.53   19   -0.4925339216225211   0.0034272091086290767
3089.65   20   -0.4925339264632579   0.2375492390410334
3140.95   21   -0.4925339262000561   0.003426447379338224
3756.69   22   -0.4925339303418712   0.23481558863251692
3778.76   23   -0.4925339125363468   0.26594853041856553
3791.16   24   -0.49253389682917426   0.00339275617163948
3879.65   25   -0.49253406431760893   0.26964460819541824
3956.15   26   -0.4925335835519454   0.0033251807642099016
3976.8   27   -0.4925336577575057   0.2288439274891294
3989.71   28   -0.4925336295401376   0.0033313862599983713
4008.97   29   -0.49253784042712295   0.005267871662079295
4027.66   30   -0.4925491335374235   0.0011281912229707451
4059.88   31   -0.4925823823805403   0.0026189330542886182
4072.09   32   -0.4926024990759113   0.002596678252360577
4096.63   33   -0.4926115962823492   0.0019355755923224202
4116.39   34   -0.4926326700199254   0.24421669653736033
4143.6   35   -0.49263340297399594   0.24381715574171675
4302.57   36   -0.49263307375752624   0.004376963437683018
4336.87   37   -0.4926359111017752   0.21215038352994825
4369.72   38   -0.49263632038066124   0.002877124739861919
4449.3   39   -0.4926367393100729   0.2481040399538836
4491.69   40   -0.49263671168368084   0.20835301135085899
4678.77   41   -0.49263669607461497   0.22927590368859924
4706.48   42   -0.4926363977769217   0.24412569029645412
4805.23   43   -0.49263639755305244   0.0033275424740763257
4819.03   44   -0.49263641817106174   0.2979621945497467
4851.55   45   -0.49263815302341496   0.24511691967505528
4869.59   46   -0.4926385901949666   0.003605764238881799
4885.45   47   -0.4926385918742211   0.22115023682043228
4913.32   48   -0.49263865670215523   0.003568348199735883
4937.93   49   -0.4926388387330508   0.0035648015811085274
4972.4   50   -0.4926423000431821   0.0030304081085601735
4992.59   51   -0.4926526970570027   0.004104040616707715
5012.48   52   -0.49265803049716433   0.2878126117536038
5032.91   53   -0.49265958766126183   0.21286175209148747
5115.03   54   -0.49265929665892244   0.0035621454526854023
5135.3   55   -0.4926597506156261   0.0034168414764353273
5169.25   56   -0.4926634386001853   0.23444609744659142
5191.19   57   -0.49266391966597944   0.2998584515932603
5226.38   58   -0.492663883175662   0.2089759043785799
5287.62   59   -0.4926638365420399   0.2253955426324301
5306.76   60   -0.4926635739400366   0.26228571730765315
5326.07   61   -0.49266352684491055   0.3249498719497981
5444.35   62   -0.4926635203500212   0.22936031671743795
5478.88   63   -0.4926631954900583   0.23593852974896135
5519.05   64   -0.4926647926327438   0.2362885040609167
5546.84   65   -0.49266555164454173   0.2416925875505609
5581.92   66   -0.4926654184408275   0.3252802229481228
5595.91   67   -0.4926652291349986   0.28116960555575893
5637.39   68   -0.49266486319592784   0.2357299693148458
5688.12   69   -0.49266463899132745   0.0030182680316506393
5702.21   70   -0.4926650763167566   0.2151418553409964
5756.3   71   -0.49266470487955943   0.29428595546573505
5783.84   72   -0.4926645403940425   0.2344543671617652
5882.51   73   -0.49266409678596507   0.34139803484512404
5903.61   74   -0.4926638980161896   0.20924660222239594
6005.39   75   -0.49266344717295185   0.2486131095464945
6019.02   76   -0.49266344141601126   0.28291208102008686
6068.16   77   -0.49266415818638976   0.27921180907298515
6108.06   78   -0.4926636733635931   0.2851580715757757
6133.35   79   -0.49266494240985564   0.0027518195163237637
6145.47   80   -0.49266514359442715   0.0028439477116741978
6201.01   81   -0.4926657186937108   0.2875281267494221
6219.93   82   -0.49266578247678905   0.24797188514734853
6233.1   83   -0.4926655784958329   0.003044290613608017
6292.9   84   -0.4926657539877022   0.003435944497504321
6368.37   85   -0.4926661171687166   0.24050279668360838
6382.09   86   -0.4926663921695266   0.2714581688974227
6394.2   87   -0.49266617094065324   0.003151219079017554
6406.65   88   -0.4926662776035622   0.29305073370305257
6419.44   89   -0.49266633449591163   0.0031049419970226983
6438.69   90   -0.4926661455529501   0.261377468390823
6493.18   91   -0.4926660402489441   0.31251275846454946
6533.8   92   -0.49266562220722654   0.23191783382427306
6572.91   93   -0.49266556059335115   0.30086024653748983
6625.26   94   -0.49266551332371744   0.21329366668836547
6657.05   95   -0.49266538972620433   0.2551457210228233
6671.88   96   -0.4926653925329385   0.2879183303492083
6877.58   97   -0.49266490381954814   0.21385806588137224
6897.22   98   -0.4926647601845816   0.003799233720067471
6934.93   99   -0.49266476630885997   0.3021960767776539
6961.41   100   -0.4926648223248322   0.22687901782599848
