0.0   0   -0.49803203279481617   0.18412103986163367
1067.81   1   -0.4980315359069918   0.15421664572091373
1151.66   2   -0.4980311253313377   0.20750866949050495
1235.52   3   -0.4980311554969401   0.19025022929820998
1343.78   4   -0.4981461726648524   0.012411870299814928
1456.17   5   -0.4987628686515677   0.008690156983794465
1523.81   6   -0.4990037657679594   0.004926460123143091
1593.03   7   -0.4991625536316949   0.005254360396383432
1666.5   8   -0.499305795156622   0.004718032482165345
1738.85   9   -0.49937389800416593   0.003950234291078941
1805.7   10   -0.49946489946772665   0.00311886896284153
1872.82   11   -0.4995173118751718   0.0027895760444597816
1937.77   12   -0.4995656220110168   0.0022011226407991804
1998.78   13   -0.49960630827842156   0.0020882871385369665
2059.77   14   -0.4996270090364333   0.0013999496680471401
2123.06   15   -0.4996421834623728   0.0024228279790931466
2187.91   16   -0.49966690701379524   0.0015686483578053693
2253.25   17   -0.49968844196112405   0.00174416461373305
2318.92   18   -0.4997074763979565   0.0011260576436505293
2381.53   19   -0.4997235596521874   0.0011596313113769873
2442.67   20   -0.4997358065173743   0.0010108332604820637
2501.04   21   -0.4997480744059155   0.0008679587984321903
2582.72   22   -0.49976002080538906   0.0013335766883681255
2643.46   23   -0.4997754348081762   0.0010192164740734598
2703.11   24   -0.4997843505291286   0.0013677067411397173
2764.68   25   -0.4997929479224352   0.0007322109757959917
2826.33   26   -0.49980388817210114   0.000626286216429082
2890.15   27   -0.49981334058524884   0.0006780478998992881
2952.33   28   -0.4998189164966269   0.0007530474809788887
3013.23   29   -0.4998231806292456   0.0007040575935859572
3074.48   30   -0.49982727636650337   0.0006089183404229361
3136.06   31   -0.4998300276920441   0.0007866529963420905
3196.61   32   -0.49983396298726557   0.0006148496224214845
3257.95   33   -0.49983909720966613   0.0006785892636770204
3318.89   34   -0.49984201530363326   0.0008566793576140314
3377.17   35   -0.49984676666454647   0.0005451145576125862
3438.69   36   -0.49985077472568595   0.0006125802005800094
3499.05   37   -0.4998565747258928   0.0010597385933823304
3562.15   38   -0.4998637298098008   0.0005603867288192423
3623.84   39   -0.4998694541248278   0.0005474443316624496
3664.18   40   -0.4998721824549004   0.0004509456452003302
3730.01   41   -0.4998751705657354   0.0006396022441255134
3801.2   42   -0.4998785131001179   0.00037248538118809637
3861.56   43   -0.49988152236993644   0.0003918891002135998
3920.3   44   -0.4998844619939683   0.0006248319443653893
3980.88   45   -0.4998877643382374   0.0005228964155930166
4041.02   46   -0.4998916833612513   0.0005612205948378093
4098.71   47   -0.49989418421744736   0.000437132744124614
4160.67   48   -0.4998967364171794   0.0003607298706808394
4219.23   49   -0.4999008111044923   0.0007195692780629266
4256.8   50   -0.4999035715588381   0.0004396721738487861
4315.5   51   -0.4999061507240071   0.0006479049683466747
4378.21   52   -0.49990829341024245   0.0005736927400754327
4440.4   53   -0.49991099392232785   0.00046102497007299777
4499.73   54   -0.4999151803394803   0.0004276161388653517
4559.21   55   -0.499917646149408   0.0004010103261439148
4618.14   56   -0.4999197808693409   0.00039290551532583526
4676.76   57   -0.4999216031804826   0.0005907417858456774
4736.16   58   -0.49992408911330166   0.0003975573892622428
4796.97   59   -0.49992630594143767   0.0005397728107902852
4858.72   60   -0.4999295900835383   0.0004617024862619996
4918.57   61   -0.4999326182299097   0.00040369178183713645
4974.35   62   -0.4999355654326262   0.0003146572157851467
5033.59   63   -0.49993711632868776   0.0005995329603385578
5090.76   64   -0.49993964712454064   0.0004973714780317247
5149.64   65   -0.49994233043489966   0.0003868063636441711
5207.64   66   -0.4999442574898966   0.0004901295488615411
5266.37   67   -0.4999460901097487   0.0003942221521948007
5328.92   68   -0.4999476560200219   0.0003279424364209675
5389.59   69   -0.49995046202402543   0.0002608486212158983
5450.19   70   -0.49995297118642096   0.0002978776379034263
5489.78   71   -0.4999537969217702   0.0003574770630591253
5550.14   72   -0.4999548186161997   0.0003176139945009763
5610.4   73   -0.49995561445183506   0.0003018485615125853
5671.53   74   -0.4999563773898961   0.000341923285535384
5733.41   75   -0.4999582193758137   0.0003183850278358085
5793.99   76   -0.4999600938255083   0.0003168343071102448
5853.06   77   -0.49996162840170805   0.0002939645690105449
5889.55   78   -0.4999622886116897   0.00027528109468523746
5946.88   79   -0.49996306708856264   0.0004452557725501703
6002.57   80   -0.49996418303684226   0.00039782264419140436
6058.61   81   -0.4999652824355808   0.00040972372140092486
6116.86   82   -0.49996696884798947   0.00028683277288514526
6172.96   83   -0.4999682693367615   0.0002375897180491569
6230.12   84   -0.4999692459114473   0.00036595221054624316
6288.78   85   -0.4999703022759455   0.0003592345682386605
6348.91   86   -0.4999712468429791   0.00018345406445070822
6408.45   87   -0.4999721359782845   0.00021906126452677925
6455.76   88   -0.4999731872990266   0.00028001073214273725
6506.47   89   -0.49997420775118806   0.00025556036128272466
6555.46   90   -0.49997478071222096   0.00027078374374478004
6606.35   91   -0.4999754619183032   0.0002984612245169987
6658.35   92   -0.49997602836833016   0.00020511691209840565
6711.43   93   -0.49997651546323163   0.00022989714885851534
6765.99   94   -0.49997707183013773   0.00027453447529153345
6819.41   95   -0.4999775417519352   0.0003323558731820961
6872.39   96   -0.49997834178141837   0.00017668867062416255
6926.53   97   -0.4999793095614228   0.00022971713596844573
6980.09   98   -0.4999801887610327   0.0002698495855926806
7039.76   99   -0.49998086475739584   0.00020936197547520178
7095.85   100   -0.4999812126512191   0.00020012381341443614
0.0   0   -0.49998120637927973   0.00021525588720163128
52.1   1   -0.4999814175320704   0.00017122130452013615
128.03   2   -0.49998158592025754   0.00013973939361309128
200.75   3   -0.49998177146588024   0.00021504344420479466
303.06   4   -0.4999818977662066   0.18864911560091419
404.76   5   -0.49998195731797623   0.0001719381755080699
456.56   6   -0.49998204170716776   0.00018074783437083347
565.2   7   -0.4999821298575249   0.165131416118357
846.07   8   -0.4999820682288868   0.12232645152631197
1064.73   9   -0.49998184826056946   0.0004103793707268858
1176.1   10   -0.49998208205310063   7.709319720068786e-5
1241.11   11   -0.4999821499354758   0.0001457099684436309
1333.89   12   -0.4999822871821114   0.00011857592722194351
1422.55   13   -0.4999823963291487   0.00017260084530209386
1552.51   14   -0.49998278120529416   0.00020826549300667497
1656.21   15   -0.49998310515623756   0.0002338164069409577
1760.27   16   -0.49998352581970207   0.00021282256606586428
1856.4   17   -0.4999837178556471   0.0001959817325876012
1949.5   18   -0.4999838597131525   0.12615298843624106
2259.27   19   -0.4999838561174137   0.11481427914218724
2454.11   20   -0.49998345340734973   0.0003557212538132855
2517.2   21   -0.4999839250010211   0.00014349941213123545
2580.2   22   -0.49998394217773906   0.00014710477343098143
2644.17   23   -0.49998401414624255   0.00014350253020645537
2706.67   24   -0.49998415345246666   0.00021236395162398182
2802.04   25   -0.4999843486550311   0.0001779654270033369
2888.78   26   -0.4999846356439722   0.00019725186349398903
2979.91   27   -0.49998518380869983   0.00014267009146326607
3077.84   28   -0.49998571250451   0.0001603542178860271
3172.25   29   -0.49998602890557253   0.00010977600284060368
3237.5   30   -0.499986263345089   0.0001462018604518271
3299.89   31   -0.499986476871404   0.00023629476540721687
3389.45   32   -0.4999868712660369   0.00020247569385643116
3572.47   33   -0.499986946945588   0.11777468539660663
3741.03   34   -0.49998693208831946   0.0003490559688997909
3796.43   35   -0.4999869871624637   0.00016131175088891867
3902.86   36   -0.4999873442748991   0.00012923376615698267
3988.72   37   -0.49998749417245614   0.00021666566128264607
4074.16   38   -0.4999876818630359   0.00020037208132862505
4158.42   39   -0.49998786210621327   0.00013316540856445972
4214.74   40   -0.4999878762508553   0.0001204529653130606
4296.08   41   -0.4999881737837357   0.00015298019861430584
4382.79   42   -0.4999883637285755   0.00017095819832376325
4471.49   43   -0.49998881775394793   0.00014635300115480512
4525.47   44   -0.49998894667531163   0.0001646629446367904
4612.01   45   -0.49998920136647573   0.00016616904022692165
4695.34   46   -0.49998945681654405   0.00019851530096936864
4796.17   47   -0.4999894364976399   0.00046553231401027546
4867.05   48   -0.4999896878852286   0.00027603220154978153
4947.19   49   -0.49998995571673255   0.00011314696280240761
5201.76   50   -0.4999900077209897   0.14037156097375042
5256.95   51   -0.49998990153766   0.000308313739022617
5315.34   52   -0.49999032051686165   0.00013173620584289142
5401.52   53   -0.4999906061564362   0.0001511469961100103
5482.7   54   -0.4999908830791665   0.00015097083488301103
5556.81   55   -0.49999111241462924   0.00014773493732064393
5637.71   56   -0.4999913878949618   0.0001118645236871802
5737.57   57   -0.49999156495743907   0.0002128236634198195
5822.07   58   -0.49999172824430493   0.0001838828751127258
5902.17   59   -0.499991943606509   0.0001394379979772165
5982.81   60   -0.4999922649176248   0.00012803239743140933
6032.06   61   -0.4999923990689773   0.00018858234932723377
6110.4   62   -0.49999266277373566   0.0001477816779643608
6188.82   63   -0.4999928627840381   0.00016118660716023142
6266.4   64   -0.49999319874268   0.00015573645667872214
6346.74   65   -0.49999342349045794   0.0002040521689862147
6422.18   66   -0.49999364876715147   0.00016089974980477712
6501.8   67   -0.49999380662657766   0.00014507923915976412
6577.67   68   -0.49999401690087086   0.0001749737626533159
6654.54   69   -0.49999428875503904   0.00014318421670135717
6737.38   70   -0.4999944694016417   0.00015839914238003564
6792.1   71   -0.49999449116863426   0.00015665858110306872
6846.97   72   -0.4999946876953231   0.00012257190274889544
6927.49   73   -0.4999949241810853   7.754376383264633e-5
7014.93   74   -0.49999515039633846   0.00010016730503249119
7098.94   75   -0.499995328912595   0.00010409684770263487
7178.31   76   -0.49999551888123867   0.00018967342299313782
7257.4   77   -0.49999569381372894   0.00015110051524975612
7338.24   78   -0.4999958506658366   0.00012551054498233528
7418.78   79   -0.49999593396346487   0.00013839574946007642
7502.21   80   -0.4999960593605679   0.15154495337059104
7590.82   81   -0.499996050831848   0.00011657330038204229
7649.72   82   -0.4999960444767633   9.227218787787531e-5
7743.39   83   -0.4999961542455492   0.00011567045774274388
7798.42   84   -0.4999961545943943   0.13944915442296146
7855.31   85   -0.4999962249285369   0.00010647442716841526
7936.3   86   -0.49999622017615086   0.00010379605390637479
8016.47   87   -0.49999631493597513   9.523454931116793e-5
8068.25   88   -0.4999963998528876   0.00013766551117597493
8146.64   89   -0.4999965218858821   0.00013506195541285496
8223.31   90   -0.49999662351653873   0.00010660810563898659
8307.97   91   -0.4999966920070145   9.375546149905939e-5
8387.78   92   -0.4999968213386677   0.15229067431612064
8441.25   93   -0.4999963634770396   0.14901380026141145
8793.39   94   -0.49999610681107165   0.0003920391101043242
8844.94   95   -0.4999966549879058   0.00014952440847389273
8897.21   96   -0.49999681845557015   7.233554546458182e-5
8980.81   97   -0.4999968757058225   6.746196624885913e-5
9064.14   98   -0.4999969808888689   0.11872191781348725
9118.09   99   -0.49999676757773953   0.00033185146533435105
9178.05   100   -0.49999699740886544   8.463224037662507e-5
