0.0   0   -0.4365907705895015   0.011759659831588085
79.48   1   -0.4381553527775118   0.005143875039376302
175.93   2   -0.4386139611449378   0.007449251036516256
283.69   3   -0.44309014633031574   0.006726747787567726
342.1   4   -0.4438511421891789   0.006655725792909093
398.87   5   -0.4452737055640699   0.005861972927928227
454.28   6   -0.4462514981858146   0.004975597510840484
505.52   7   -0.4470610388367477   0.00612003583273637
581.42   8   -0.44839988614759935   0.005844398257874005
633.55   9   -0.4489783829374191   0.0021524747359519796
681.56   10   -0.4491146522817615   0.0015027218123454583
759.4   11   -0.4491741518464066   0.001048541341808103
837.24   12   -0.44918985904428926   0.000872313299193629
913.83   13   -0.4491985041801774   0.0008249373853504709
1029.53   14   -0.4492501433123172   0.001446107334852704
1130.65   15   -0.44928577460659724   0.0009199990431992977
1223.6   16   -0.44930236543789365   0.00044778928760310613
1311.73   17   -0.44930905260596865   0.0004723264286569685
1427.73   18   -0.44936675255876957   0.0009837316206439404
1524.82   19   -0.44942378315259723   0.0007118903566449746
1619.27   20   -0.4494745056998777   0.0008551663974316617
1707.74   21   -0.44953652838622005   0.0011548517589168874
1798.29   22   -0.4496231757704819   0.0008980616768382005
1885.63   23   -0.44966643594206   0.0008790465887110876
1946.25   24   -0.44969179650942853   0.0006233407312202945
2003.37   25   -0.44971117162257795   0.0004900993539531771
2094.82   26   -0.44972681620351995   0.0005330659127038156
2183.9   27   -0.449740521667848   0.00041837054740863534
2253.59   28   -0.44974698574641025   0.00041423995162967383
2324.39   29   -0.449771010236345   0.0006269575450142509
2367.95   30   -0.44978107723694366   0.00038837357566583186
2436.58   31   -0.44978545608311254   0.0003920400974660677
2530.33   32   -0.44980325895014833   0.0008605790997464211
2598.34   33   -0.44982596589857166   0.00039660153355345696
2641.29   34   -0.449837283852981   0.0003331829220882969
2694.22   35   -0.4498423839320245   0.00042583611837860793
2766.64   36   -0.44984519956644364   0.0002073986193001305
2835.3   37   -0.44984952507343623   0.000247948142627187
2880.7   38   -0.4498529669656708   0.00042631704580812466
2943.01   39   -0.44985849878860534   0.0002991918924157411
3010.81   40   -0.44986688670371555   0.0003813081906050423
3079.13   41   -0.4498722301581671   0.00017183815286679534
3157.9   42   -0.44987420206598394   0.0002498077186882029
3243.93   43   -0.4498794015739529   0.0003095182043155423
3332.0   44   -0.4498829942617216   0.00018280474298347195
3420.77   45   -0.4498845177765783   0.0001561127571472632
3509.0   46   -0.44988808965501575   0.0002527584570852325
3597.13   47   -0.44989661201698117   0.0003472637983459739
3687.67   48   -0.44990237135295236   0.0002592270231242747
3775.56   49   -0.4499060175363497   0.00036709775123312224
3862.13   50   -0.4499093638884908   0.0001561970827177484
3951.94   51   -0.4499108283423646   0.00020538586369585262
4036.31   52   -0.4499116546461536   0.00012000558438372526
4118.8   53   -0.44991273514946456   0.0001549669448790612
4206.52   54   -0.44991573160832987   0.00018229489109733278
4264.02   55   -0.4499168572360379   0.00013341316651019873
4324.36   56   -0.44991757933959364   0.000108370500228219
4416.67   57   -0.4499183323600512   0.00013131194573985907
4504.89   58   -0.4499197802011902   0.0001370974255105149
4592.18   59   -0.44992098088987753   0.0002574063524189606
4678.02   60   -0.44992301335509843   0.00020117177330411526
4759.68   61   -0.44992643652876496   0.0001294381631756496
4837.88   62   -0.44992795084164067   0.00011766783014750184
4918.84   63   -0.4499289720529268   0.00014454567571948288
4999.75   64   -0.4499298106293219   0.00012143845684495379
5076.73   65   -0.44993167090619657   0.00015118055023197888
5154.53   66   -0.44993465031361723   0.00019421221959831938
5233.85   67   -0.4499369937876691   0.00012236585509041898
5315.39   68   -0.4499398125825169   0.0001666017091776991
5394.45   69   -0.4499427171742194   0.0001330835871081229
5470.34   70   -0.44994395351849303   0.00012907901545655792
5549.31   71   -0.4499453107709793   0.00017127524958071236
5625.65   72   -0.449948501781976   0.00018883817566448682
5709.07   73   -0.4499500222458985   0.0002604387547262651
5810.96   74   -0.4499511184710514   8.888669526311339e-5
5908.12   75   -0.44995159023174375   7.094327574839294e-5
5987.62   76   -0.4499524960932265   9.432225448565635e-5
6046.41   77   -0.44995316328910506   0.0001657521675734467
6135.13   78   -0.44995402098518006   0.00014525172856647424
6218.5   79   -0.4499546090749627   7.894666399918728e-5
6300.62   80   -0.4499556540804608   0.00013271779589387578
6356.7   81   -0.44995607566583734   0.00013202332743176502
6441.87   82   -0.4499568183252361   7.735680501050187e-5
6523.36   83   -0.44995757769166894   9.598423835252909e-5
6578.23   84   -0.4499581478401859   0.00013510283589913732
6666.37   85   -0.4499588843372974   0.00010666280421396332
6749.6   86   -0.44995943477354794   7.90606293897373e-5
6823.33   87   -0.44996023339517055   6.238885364339494e-5
6870.85   88   -0.4499608645355343   8.461985773633889e-5
6920.39   89   -0.4499615447305818   9.754905066040599e-5
7000.51   90   -0.4499621225952947   7.295600110917303e-5
7080.22   91   -0.4499630722104508   0.00014040238442437677
7171.91   92   -0.44996423677052905   6.916370155875352e-5
7257.48   93   -0.449965004067558   8.528272522976231e-5
7346.26   94   -0.4499655680401947   0.00010785886838123878
7404.81   95   -0.4499658204307311   9.047491842716955e-5
7495.57   96   -0.4499660234191094   6.548491407218747e-5
7585.54   97   -0.4499665831838225   5.5883313045007105e-5
7675.29   98   -0.4499672120981796   8.801870563812265e-5
7761.49   99   -0.44996763974561316   0.00010805158017777447
7851.92   100   -0.44996791543077314   7.133084161110871e-5
