0.0   0   -0.42812902404988074   0.10406781369894433
17.29   1   -0.4373897942113532   0.052825060353751445
32.06   2   -0.4410418560560768   0.013647981536507352
51.7   3   -0.44328978028507127   0.020571930189164218
67.73   4   -0.4453238867851016   0.022313829880380005
77.27   5   -0.446494688916062   0.012678726723155717
86.2   6   -0.4470244226174267   0.00921099329225917
100.55   7   -0.447899413267132   0.011755874405379086
115.71   8   -0.44839087039297365   0.006664962427993509
129.86   9   -0.4488740869117638   0.005654542053365456
139.14   10   -0.4489580010145532   0.00397119141468844
153.55   11   -0.44900822693146764   0.003932413323501205
168.31   12   -0.4490686489893436   0.003834285427709959
182.37   13   -0.44919125431013807   0.00388566408927059
196.47   14   -0.44923860718733427   0.0017642568927629468
211.56   15   -0.4492545338981776   0.0012335745557061064
226.15   16   -0.44926406394351076   0.001299421960397285
245.58   17   -0.44930128106190387   0.001429615846471356
261.52   18   -0.4493561461991642   0.001138140743596527
275.71   19   -0.449378804163132   0.002055551732668731
295.42   20   -0.44944777341941855   0.002271398357575104
311.78   21   -0.44949230373906274   0.0020117314393093815
326.93   22   -0.4495286981169405   0.0011113870535962593
343.28   23   -0.4495412698424178   0.0015281390799689381
358.02   24   -0.4495538168586574   0.0011272720609809982
373.11   25   -0.44956946416183974   0.0006154843419422566
387.24   26   -0.44957602418737497   0.0008820966314181892
401.79   27   -0.44958901035317056   0.0008742769505359433
417.46   28   -0.44959867002883924   0.0004485658448871955
433.27   29   -0.44960330776178636   0.0007769056288744632
449.17   30   -0.44960861344855385   0.00047481254398398147
464.07   31   -0.4496117102416553   0.0004678291110844327
483.0   32   -0.4496260909216737   0.0010987016999808124
491.61   33   -0.44963564676995754   0.0006570937486964606
505.66   34   -0.4496392820973598   0.0005909818868741955
519.76   35   -0.44964783274749615   0.0012191275896511168
534.96   36   -0.44966869361608963   0.0013474161708560105
550.5   37   -0.44969467863020474   0.0012844248545602836
560.07   38   -0.4497114494538848   0.0006824783738839783
569.07   39   -0.44971718169436453   0.0004511437974271724
584.56   40   -0.4497219573671659   0.0007230357806430505
598.98   41   -0.4497279041089063   0.0005636638206928186
614.18   42   -0.4497352368026821   0.0004190385756244614
628.52   43   -0.44973677479945745   0.0002667783330653269
644.07   44   -0.44973849247006653   0.00031946871793008024
653.84   45   -0.4497405189992338   0.0006409147806599073
668.65   46   -0.449742598253585   0.00020298909599151922
682.46   47   -0.44974417003213973   0.0003252989208535228
697.6   48   -0.44974798216708556   0.0005309870018039658
712.53   49   -0.4497513101451728   0.00038561122072272434
727.71   50   -0.44975443534778464   0.00037069430071090634
742.34   51   -0.4497562940596061   0.0002808914752303591
756.84   52   -0.44975713020659797   0.00042321973739073936
771.68   53   -0.44975851910559966   0.00036204353529375224
785.58   54   -0.44976116178595976   0.0005074999190377322
800.19   55   -0.4497652691712722   0.00037007383077120086
809.74   56   -0.44976862101618975   0.00024748949353228745
823.54   57   -0.4497697047470819   0.00017726888788361527
837.72   58   -0.4497708342168296   0.0002808053600816347
852.6   59   -0.44977289465193654   0.00017405372516056413
861.58   60   -0.44977326299434583   0.00018878191275849396
874.98   61   -0.4497735509245625   0.00013337714086048976
894.13   62   -0.44977446052217757   0.0001988076641587864
907.96   63   -0.44977569639626863   0.00024069088691008547
921.71   64   -0.4497764085476114   0.00016020491228905124
935.2   65   -0.449777203702461   0.00020188927595909904
948.35   66   -0.4497779163411932   0.00013407817012027473
960.73   67   -0.4497781421907306   0.00016854714795317923
972.96   68   -0.44977843563161435   0.000131466110897785
985.86   69   -0.449779159076625   0.00016535989343012964
998.63   70   -0.44977983888160544   0.0002626558033484395
1011.77   71   -0.44978048964276884   0.0001755605121111196
1025.14   72   -0.4497808981150816   0.00016045939370183887
1037.87   73   -0.44978157538440855   0.00018741631657375843
1046.39   74   -0.44978174481808664   0.00016332776046597004
1058.67   75   -0.4497820543469683   0.00017383212054306277
1071.55   76   -0.4497825662922357   0.000191866634304177
1084.94   77   -0.4497836483015339   0.00015821927312081662
1093.59   78   -0.44978422265943685   0.00014139546537913968
1106.14   79   -0.4497846388193858   0.00011900087481502289
1119.98   80   -0.4497852255902143   0.00010295896436460491
1133.06   81   -0.4497854218415059   0.00011303175946191753
1145.59   82   -0.4497855564367423   7.911264901386871e-5
1163.8   83   -0.4497858258624784   0.00011687049333387838
1176.5   84   -0.44978608770112005   7.530370379354802e-5
1189.13   85   -0.4497864786775287   0.00016910206127562023
1198.19   86   -0.44978678685595797   0.00012695519618188925
1212.29   87   -0.44978691157566897   8.839548459713808e-5
1225.53   88   -0.4497870554303362   8.165203899861323e-5
1238.68   89   -0.4497875199499686   9.670124538808815e-5
1247.44   90   -0.44978782117246424   0.00015342887320346236
1262.21   91   -0.44978876261955814   0.00013603620512142
1270.97   92   -0.4497890306529313   0.00017016858965934604
1284.23   93   -0.4497892360113716   0.00010517231699628099
1297.49   94   -0.449789463039774   0.00016235976663145642
1312.05   95   -0.4497896532067571   8.995256418202137e-5
1326.6   96   -0.44978981459427103   9.78474116721264e-5
1341.18   97   -0.4497899972344351   0.00012682164300996924
1354.99   98   -0.44979039182572966   9.012061655633952e-5
1370.56   99   -0.4497908500787803   8.029350203124288e-5
1384.89   100   -0.4497916968915985   0.00012541182919911616
0.0   0   -0.4497916968915951   0.00015149481390575815
9.62   1   -0.4497918482270943   0.00022478658887371884
21.58   2   -0.44979199761731775   0.00018394104434547761
29.52   3   -0.44979204269813156   0.00013672315575318514
40.92   4   -0.4497921018059671   0.00013632452268676058
56.21   5   -0.449792359612063   0.0001341862245780788
68.54   6   -0.4497925598118741   8.914002048952273e-5
80.16   7   -0.4497926848621099   7.876045540981907e-5
95.9   8   -0.44979324379241475   9.697459178787792e-5
103.65   9   -0.44979349994182555   8.578798281916715e-5
119.63   10   -0.4497940232237976   0.00016651249428042923
131.33   11   -0.44979450325041376   9.257662749894646e-5
146.66   12   -0.44979521746831974   0.00019054934565068625
159.7   13   -0.44979548689920934   9.396266156346272e-5
176.47   14   -0.4497958817239418   0.00022123928512263736
188.73   15   -0.44979638948350664   0.00013978606055474064
206.56   16   -0.449796838721102   0.00012144127814310359
219.02   17   -0.4497976309198255   9.125711200416314e-5
230.99   18   -0.4497982027326369   0.00014701148027681428
243.1   19   -0.44979894259762443   0.00010413610010945018
256.43   20   -0.44979957001845505   0.00019112271401632925
269.99   21   -0.4498006077827874   0.00010636481613604189
278.93   22   -0.44980092928643256   0.00038001498043364526
287.47   23   -0.4498012772923047   0.00027192566226071785
300.71   24   -0.44980169694288336   0.00035208658064673484
309.37   25   -0.4498020454445753   0.00016621904644176352
322.78   26   -0.44980212609418546   9.321360948239878e-5
341.76   27   -0.4498025744348816   0.00026755974492277294
355.29   28   -0.449803980823614   0.0002775348459120393
364.02   29   -0.44980477128451446   0.00013051075262176094
377.11   30   -0.449805011599806   0.00011016278062034188
392.05   31   -0.449805570331908   0.0002076744404331547
405.78   32   -0.44980616169054055   0.00013072113490887778
414.44   33   -0.44980637282101765   8.205154149830892e-5
427.91   34   -0.4498065098445231   0.0001297063539756892
441.9   35   -0.4498068688581064   0.00010897568403651675
456.36   36   -0.44980708608775183   0.00013291330571739285
465.66   37   -0.44980729840698186   7.43836147897583e-5
479.51   38   -0.44980762363017307   0.000136606933228447
494.33   39   -0.449808108511936   0.00013286584989840973
507.95   40   -0.4498087677432244   0.00013683325096702217
521.5   41   -0.4498090865709698   8.674736613535184e-5
536.19   42   -0.44980953826419984   0.00021777830228949147
549.68   43   -0.4498101923829554   0.00012061893199828436
562.75   44   -0.44981037677032193   0.0002478498206114745
576.48   45   -0.449810545229014   0.00013658913631159846
589.55   46   -0.449810712401569   0.00015502392740898767
602.64   47   -0.44981086806437465   0.00017116903665337287
615.57   48   -0.4498111398469312   0.00011882996543972844
629.51   49   -0.44981176602146034   0.00022130391531945183
638.22   50   -0.4498121690668835   0.00014549411678090903
651.73   51   -0.44981237635002375   0.00011723279466754994
666.28   52   -0.44981303501637565   0.0002281367713911812
681.35   53   -0.44981388407869993   0.00013381872335396902
694.81   54   -0.4498141654136008   0.0001033377153540276
708.07   55   -0.4498145714710674   0.00018310408613144208
722.11   56   -0.4498153417909725   0.0002185208841506961
735.66   57   -0.44981596766595006   0.0001258854498265883
749.67   58   -0.4498165517252633   0.0001639204472803307
762.56   59   -0.44981718992833997   0.00016620610501146267
777.91   60   -0.44981811344949696   0.0001310309623977604
792.85   61   -0.4498185520186329   0.00014023440162514865
806.64   62   -0.4498188463068543   0.00011090163459154908
820.41   63   -0.44981912486216535   9.742335899519415e-5
835.23   64   -0.44981948632944424   8.509019545244694e-5
844.62   65   -0.4498195690040318   0.00019726548352149128
858.37   66   -0.4498196499156015   9.292237836996511e-5
877.78   67   -0.44981980091452134   0.00010194219099885472
886.92   68   -0.4498198933260713   0.000134599770681048
900.62   69   -0.44982007252478484   0.00011534585362955222
915.17   70   -0.44982026682117504   6.820681949458927e-5
929.16   71   -0.4498204616348258   0.0001063710432312975
938.09   72   -0.44982052462326155   0.00011606997817708203
950.68   73   -0.44982065311924485   8.159163424328536e-5
964.78   74   -0.4498207972856543   7.746380816803041e-5
979.07   75   -0.44982088071045995   6.654499693637688e-5
992.2   76   -0.4498209824213142   7.60477395025976e-5
1005.8   77   -0.4498210780468289   9.154226751738381e-5
1030.98   78   -0.4498211349200782   0.00014161658882214467
1045.05   79   -0.44982127522136084   7.291447054772173e-5
1059.0   80   -0.4498213966753161   7.394924738166658e-5
1072.46   81   -0.44982159501208346   8.87588904703828e-5
1086.81   82   -0.44982185393585694   8.267053859190178e-5
1100.15   83   -0.4498220663108068   0.00011810729151406996
1114.88   84   -0.4498222348632892   7.85700766655759e-5
1128.54   85   -0.44982242503807396   6.203837016477559e-5
1137.86   86   -0.44982250716036587   0.0001577827569152382
1151.72   87   -0.4498226131476504   9.145865543584222e-5
1165.39   88   -0.4498226850088741   7.461873497929099e-5
1179.04   89   -0.4498227901144443   0.00012328002315714696
1187.76   90   -0.44982288184667507   9.131263946259715e-5
1201.69   91   -0.44982292943182944   7.319438218832326e-5
1215.97   92   -0.4498230112281131   7.962269467442298e-5
1230.1   93   -0.4498230779883885   0.00013687341584184571
1244.82   94   -0.4498232631817659   9.712845579233815e-5
1259.94   95   -0.44982344148608683   0.00014086953943223313
1273.85   96   -0.4498235528045939   5.530862169493287e-5
1288.07   97   -0.4498236686655622   7.758316340652901e-5
1302.3   98   -0.4498237706528891   4.3145205556789805e-5
1315.88   99   -0.44982385944206116   7.99747592751423e-5
1329.95   100   -0.4498239792917557   8.983556852771747e-5
0.0   0   -0.44982397929161955   9.331164632187216e-5
12.3   1   -0.4498239899511667   6.487148804348984e-5
30.84   2   -0.4498240206504672   6.25850474265276e-5
40.09   3   -0.44982403476625865   4.206176132879782e-5
59.47   4   -0.44982406538235953   8.703992567331277e-5
73.35   5   -0.4498241301068   4.453011382424801e-5
87.09   6   -0.44982417692823246   4.8082863061738936e-5
101.95   7   -0.4498242792367945   5.617073855874097e-5
117.69   8   -0.44982435277263705   6.639975987284096e-5
132.19   9   -0.44982443513511716   4.037870575411819e-5
146.45   10   -0.4498245210444866   4.853732616443221e-5
156.64   11   -0.44982455553503464   3.385423544696616e-5
176.71   12   -0.4498247124476072   6.989062750665494e-5
190.93   13   -0.4498248152047642   5.9706467577063386e-5
205.75   14   -0.44982488891383204   3.900826141465946e-5
226.34   15   -0.4498250133458186   0.00014127590163815667
241.28   16   -0.44982505972740516   3.5114917530353476e-5
266.71   17   -0.449825214929302   0.00011332622585837457
281.48   18   -0.44982530302915996   4.78216717559909e-5
300.0   19   -0.44982549297873065   6.424717606288969e-5
315.59   20   -0.44982568481773   6.300181923309383e-5
337.19   21   -0.4498259087696197   0.00010308256424536445
346.07   22   -0.44982592543510735   6.277759962868896e-5
360.95   23   -0.4498259622694493   5.353508456490696e-5
377.39   24   -0.44982602995614684   0.00010072300528290299
393.86   25   -0.44982612950639145   4.471548064791571e-5
410.18   26   -0.4498261442314869   6.266660433247252e-5
433.2   27   -0.4498261996416244   7.810672879685473e-5
456.19   28   -0.44982645934497667   6.405821170428486e-5
466.87   29   -0.4498265218128492   4.5271804490896894e-5
481.75   30   -0.44982656194261816   5.001955329368793e-5
504.54   31   -0.44982673201953266   4.350844798711798e-5
520.71   32   -0.44982682857301626   3.676756962519866e-5
531.25   33   -0.4498268493358799   3.4624195384994824e-5
548.44   34   -0.4498268835199512   2.442535963667988e-5
564.66   35   -0.44982694222978653   8.750075911211202e-5
580.25   36   -0.4498269819260977   7.0751764157372e-5
595.62   37   -0.44982700079271   3.1622865643019935e-5
612.38   38   -0.4498270118016563   2.5532303425077577e-5
629.26   39   -0.4498270380693694   6.420177328631381e-5
643.49   40   -0.44982708402800153   4.008068118418293e-5
657.8   41   -0.4498271022139083   3.600969418949356e-5
673.94   42   -0.4498271224593917   2.9318270845217256e-5
683.7   43   -0.4498271302132602   6.233657483110345e-5
698.23   44   -0.4498271588663849   4.6700039614019296e-5
712.72   45   -0.44982721157484223   7.774466765732565e-5
728.19   46   -0.4498272472604744   2.740508963677152e-5
737.59   47   -0.4498272524371141   2.6047385732494516e-5
752.04   48   -0.44982725924705014   2.0632114941755968e-5
766.08   49   -0.44982726880699686   2.2498582661767058e-5
788.05   50   -0.4498273087817163   3.473735224240856e-5
797.84   51   -0.4498273265245505   1.0811398852874585e-5
812.08   52   -0.4498273357639323   2.003874236366412e-5
827.29   53   -0.44982734963022536   2.662530332870473e-5
841.84   54   -0.449827361193758   1.0363085154425141e-5
856.1   55   -0.4498273697984503   1.69340840789948e-5
870.51   56   -0.44982737757198726   1.4930496135209614e-5
885.73   57   -0.44982738144633727   1.4312759514779352e-5
895.34   58   -0.44982738298272196   2.5184752873968265e-5
909.01   59   -0.4498273909829972   2.1255225243969973e-5
922.72   60   -0.4498273967012362   1.7162130078095196e-5
942.15   61   -0.4498274059252335   2.1501785012706816e-5
955.99   62   -0.44982741370789303   2.1818932502690442e-5
964.86   63   -0.44982741695993905   1.5359851172150256e-5
978.22   64   -0.44982741835145623   2.1975343983416223e-5
992.91   65   -0.4498274216745167   1.5310995103488977e-5
1007.43   66   -0.44982742425551336   1.735063692614165e-5
1021.24   67   -0.4498274270104511   1.503844678788032e-5
1035.8   68   -0.44982743270979547   1.2050408294463053e-5
1045.9   69   -0.4498274341938217   1.5278161236376242e-5
1060.7   70   -0.44982743781162415   1.2200672641070637e-5
1074.67   71   -0.4498274461323455   2.6231708625072395e-5
1090.03   72   -0.4498274538828343   1.229047979214655e-5
1104.68   73   -0.4498274571570622   1.0146031846452744e-5
1124.05   74   -0.44982746616396685   1.8479594514294284e-5
1137.89   75   -0.4498274710463283   1.107081071582485e-5
1153.08   76   -0.4498274745610673   1.4641725937944478e-5
1171.24   77   -0.44982748330026007   1.5255627429010196e-5
1180.81   78   -0.4498274880911706   1.2892694262117467e-5
1189.95   79   -0.44982748950543733   1.6613764833484738e-5
1204.92   80   -0.44982749067583305   7.145324311860927e-6
1219.21   81   -0.4498274917271906   9.824225223536421e-6
1233.28   82   -0.44982749479181744   1.0236549667676897e-5
1248.07   83   -0.44982749766343416   1.0317049063780797e-5
1262.33   84   -0.44982749914486625   1.0456456730513865e-5
1271.28   85   -0.4498274995152186   9.836138558408293e-6
1285.73   86   -0.4498275000673976   6.924139387999496e-6
1305.68   87   -0.44982750238720925   1.8766734191355714e-5
1320.08   88   -0.44982750538898575   1.126787543788011e-5
1334.29   89   -0.44982750688131595   8.32625452575831e-6
1348.17   90   -0.44982750776625974   9.706549367286158e-6
1363.15   91   -0.44982750869686006   7.884648096761238e-6
1382.56   92   -0.4498275119001248   1.053555945726991e-5
1391.81   93   -0.44982751449843594   1.5476673031341805e-5
1406.63   94   -0.44982751898035456   9.74933358580108e-6
1421.33   95   -0.4498275222113661   9.778655917684684e-6
1435.9   96   -0.4498275284881456   1.7465312693894354e-5
1449.79   97   -0.4498275315957878   1.0301946776126157e-5
1464.42   98   -0.4498275326930047   1.1261056776588211e-5
1482.39   99   -0.44982753531342135   1.7991268989755408e-5
1496.3   100   -0.4498275400048217   8.07945341010015e-6
