0.0   0   0.4143301221916696   0.10932793250330712
18.54   1   -0.08824478279905006   0.1993853865167852
32.38   2   -0.2719659657770059   0.0916073180921919
46.52   3   -0.352395722611018   0.0703102009155814
60.99   4   -0.4300586814906059   0.05616527476047522
75.39   5   -0.49985672216454424   0.04865920121098659
90.33   6   -0.5251484688943157   0.03448431913286282
106.0   7   -0.5560093623402074   0.03543266161898797
121.95   8   -0.5818108897808475   0.015184214231810551
137.28   9   -0.588273719799623   0.006535595681177754
152.53   10   -0.5900031300947787   0.0063622052208861515
174.6   11   -0.5951030385113725   0.006528692770991632
185.53   12   -0.5975741273847213   0.006826283173363991
195.99   13   -0.6000783751272167   0.004388153157246068
206.47   14   -0.6018951884724987   0.003685436923495167
222.65   15   -0.6028236099344606   0.002523040996679583
244.11   16   -0.6032721303581507   0.0016195681111376618
259.42   17   -0.6035164681750651   0.0012102288207839363
275.19   18   -0.6037037058269712   0.0011906789352691238
305.76   19   -0.6038030714671804   0.0005798930598485604
0.0   0   -0.6038030714672142   0.003013541352494056
10.99   1   -0.6038247603101232   0.004195500635642141
24.27   2   -0.6038538714501833   0.004069396715453987
39.23   3   -0.6038744434325052   0.002473031643376968
53.23   4   -0.6039015265874762   0.002860012741860374
66.78   5   -0.6039344223211652   0.0021806646986928598
75.67   6   -0.6039464275818532   0.002329858715866269
94.79   7   -0.6039677317208845   0.0024967737557362265
108.16   8   -0.6039917131400128   0.002255162223160204
122.07   9   -0.6040075005725497   0.0020237835857805438
159.66   10   -0.6040375774167662   0.0060968456045330235
173.48   11   -0.6042173041176451   0.0026602585208230405
187.76   12   -0.6043599653446441   0.0048291335812652115
208.29   13   -0.6045917245291985   0.0075641392302732485
217.65   14   -0.6046965820361722   0.006337114383599291
242.05   15   -0.604802643569025   0.0038302043172898943
257.7   16   -0.6048555815777225   0.2499854826747333
276.15   17   -0.6048644745872829   0.0033048991757408503
295.3   18   -0.6048797187906505   0.22948578417606155
320.77   19   -0.6048796932630622   0.002232053181065399
330.01   20   -0.6048806550706782   0.23786396924360337
344.72   21   -0.6048949641026085   0.003083984867836296
358.02   22   -0.6049015742900606   0.002531659254956982
366.59   23   -0.6049152221758218   0.003367977372336866
375.27   24   -0.6049442616403878   0.002829283880404122
383.92   25   -0.6049617246129216   0.002767646065734606
399.21   26   -0.6049966598021943   0.007822971768781668
407.97   27   -0.6050420409737464   0.004100526763293084
422.25   28   -0.6050828374764345   0.0017852087918264366
740.59   29   -0.6050898085401882   0.004374393478641052
754.95   30   -0.6051550579774766   0.30456713597709845
805.15   31   -0.6051547105008765   0.0037677075039250977
813.45   32   -0.605159709081114   0.002436365647519475
839.36   33   -0.6051653900543837   0.22339787329864375
870.67   34   -0.6051653195087445   0.002869608586228017
879.22   35   -0.6051761580270668   0.2429188724185833
901.29   36   -0.6051803548313803   0.0023748292971656625
913.93   37   -0.6051908650306762   0.0021571650374239562
923.87   38   -0.6051929241185433   0.0017595493361330682
933.26   39   -0.6051938544908391   0.0016578512118955774
973.33   40   -0.6052035240995659   0.003824156664240892
993.38   41   -0.6052039561793986   0.2687132991877187
1010.82   42   -0.6052061669973312   0.0038299015038370542
1023.9   43   -0.6052114683074921   0.0029395059153472128
1033.58   44   -0.6052150967224281   0.23408504921141518
1070.26   45   -0.6052147924994769   0.24467517526889124
1124.65   46   -0.6052142812412877   0.0033246743398677257
1218.8   47   -0.6052141788018068   0.2557586717060267
1310.91   48   -0.6052136672584755   0.003400731048376096
1323.33   49   -0.6052137490971328   0.21042243919989356
1350.2   50   -0.6052279674987024   0.0032258856251453118
1367.05   51   -0.6052286967270978   0.0029058252357153313
1384.63   52   -0.605241486137022   0.26664189460113175
1419.17   53   -0.6052412509320435   0.0022285312141870008
1683.84   54   -0.6052411818530323   0.21815315148179112
1717.67   55   -0.6052411749677731   0.0013186276530724535
1730.27   56   -0.6052414666741739   0.28731945428351435
1738.15   57   -0.6052412804022616   0.0013156399696543674
1751.05   58   -0.6052413470918436   0.33145010059287705
1764.25   59   -0.6052410138955353   0.0013383748993779053
1785.46   60   -0.6052411479207083   0.0012793678852412239
1821.82   61   -0.6052418181782178   0.001783719186876254
1843.21   62   -0.605258878536964   0.003789377687124749
1866.3   63   -0.6052792420336244   0.006000947814476668
1879.12   64   -0.6053101757762103   0.0017137164458991716
1892.1   65   -0.6053242726671376   0.22866334418129983
1931.74   66   -0.6053239886204187   0.24636440099611895
1980.2   67   -0.6053237591592433   0.2578892239665272
2034.22   68   -0.6053232780783018   0.25768468272364514
2061.96   69   -0.6053230689548094   0.0017345595346184434
2075.07   70   -0.6053248720334985   0.0019604358150119724
2099.21   71   -0.6053254765851409   0.24520375906339814
2117.65   72   -0.6053287702632171   0.0020205499413300364
2129.95   73   -0.6053319878740695   0.0032959409276127425
2138.69   74   -0.6053350254091144   0.002174199435323743
2157.69   75   -0.60535938139856   0.005910347025908795
2174.46   76   -0.6053808285479348   0.0045986504570852465
2208.33   77   -0.605399969347608   0.22096390171608754
2222.45   78   -0.6054032634441857   0.19702953093018677
2302.09   79   -0.6054031759989281   0.2680436937957148
2354.36   80   -0.605402887869682   0.26817669160158736
2418.26   81   -0.605402424421124   0.00559614305216696
2431.31   82   -0.6054119965218628   0.28475700581623836
2440.07   83   -0.6054126386778925   0.2651476701769944
2474.07   84   -0.6054121497112783   0.0047720758142041865
2495.51   85   -0.6054134363205176   0.2705082345471899
2542.84   86   -0.6054129128897238   0.23699025048034497
2579.75   87   -0.6054125236642289   0.26831849330154106
2609.68   88   -0.6054124696014413   0.2660896794136249
2618.76   89   -0.6054119885013514   0.3157346359877891
2674.34   90   -0.6054119884142122   0.21502131391260998
2711.82   91   -0.6054116350463439   0.24138670355749584
2724.17   92   -0.6054115783014994   0.26031749339630694
2756.53   93   -0.6054112461301489   0.22015895693493612
2765.01   94   -0.6054112915467884   0.254048548463629
2806.8   95   -0.6054110512867444   0.2487544742166962
2827.5   96   -0.605411051948544   0.004694636561758412
2839.12   97   -0.6054120088087745   0.004835136447165005
2873.72   98   -0.6054167213169268   0.004442676767732384
2882.64   99   -0.6054168497580031   0.004444445876629149
2892.4   100   -0.6054175851834775   0.004526215051387349
0.0   0   -0.605417585187236   0.004732771141885086
773.02   1   -0.6054170128221018   0.2127266237087843
1767.41   2   -0.6054168759040673   0.3587038719199096
1856.02   3   -0.6054165790568231   0.008288265169991416
2137.37   4   -0.6054168034781344   0.21158329107472196
2228.97   5   -0.605416569353199   0.2828291154923009
2867.12   6   -0.605416245137202   0.008302014908602032
3094.63   7   -0.6054879974816378   0.003799427633847301
3175.27   8   -0.6055109268816676   0.001754594170026025
3284.04   9   -0.6055209720755652   0.0025615897837158205
3444.92   10   -0.6055668241309068   0.24613937846115197
3600.09   11   -0.605567132193626   0.004738162170458427
3651.06   12   -0.6055687089359075   0.00391312358464251
3708.71   13   -0.6055879769813542   0.2951755071761772
4047.73   14   -0.6055875639916796   0.0034616698132324854
4141.46   15   -0.6055884414671342   0.003311624545324031
4230.7   16   -0.605596199452124   0.00302796429310405
5166.1   17   -0.6055963882321407   0.006708067974218586
5238.08   18   -0.6056328639820869   0.0030705095312070366
5338.18   19   -0.6058218252712563   0.006585173209074994
5397.99   20   -0.605942060917347   0.006499515333638895
5473.77   21   -0.6061469890150074   0.0061416895782578865
5521.57   22   -0.6063527800221703   0.009214677368129332
5561.74   23   -0.6065690881151954   0.005579528672536299
5600.43   24   -0.606709390836074   0.2269050409041357
5658.42   25   -0.6067629171713357   0.007750652715988467
5782.08   26   -0.6068344249399431   0.005642120634359828
5844.18   27   -0.6070295406959797   0.006100283847088242
5883.25   28   -0.6071129540411911   0.00556239999120729
5944.83   29   -0.6071882423450535   0.0033375144240922997
6010.25   30   -0.6072362269589313   0.004496078147197609
6074.06   31   -0.6072898390796333   0.0056481851857983515
6140.8   32   -0.6073639173864511   0.0047125408248520064
6201.36   33   -0.607523708566223   0.010399550537745607
6245.37   34   -0.607577680823648   0.009547865808961326
6334.79   35   -0.6077272114492542   0.005992144967590412
6461.98   36   -0.6078909788897692   0.006417548512100623
6551.14   37   -0.6080245334513167   0.00586862582588105
6634.54   38   -0.6081043049638478   0.003896125889349239
6808.58   39   -0.6081435426932664   0.3202277017121885
7333.62   40   -0.6081431753491541   0.2754958922370657
7560.68   41   -0.608142699181826   0.25954182691206173
7620.51   42   -0.6081436690432608   0.27064408173654575
8232.78   43   -0.6081435756839578   0.2973236630238234
8370.45   44   -0.6081433129531081   0.24134836210224125
8705.29   45   -0.608142708674908   0.22957107080243475
8759.37   46   -0.608142752881437   0.28255190135499453
8813.23   47   -0.6081429434433833   0.3029540432994938
8977.54   48   -0.6081423750948414   0.27155209092849125
9141.62   49   -0.608142034508445   0.3008426682062168
9277.15   50   -0.6081417947274466   0.3053230476835476
9331.85   51   -0.6081418436018295   0.3428471015440036
9385.52   52   -0.6081420305736442   0.3045409855215123
9441.18   53   -0.6081423971951352   0.1953345579581744
9524.5   54   -0.608142397195664   0.3679274521713327
