0.0   0   -0.6132835004526409   0.13885265476610226
445.88   1   -0.6132872630974298   0.002423462290434546
578.93   2   -0.6133119111678443   0.0011936360848458147
622.84   3   -0.6133166198477055   0.0011968741304196036
687.44   4   -0.613322467760699   0.0014963825299665208
753.71   5   -0.6133260792496225   0.000852779334534132
823.54   6   -0.613330580609591   0.0005910486132010058
894.38   7   -0.6133328867615587   0.0008554443997416878
962.8   8   -0.6133349809728613   0.0004691173199052725
1032.44   9   -0.6133363066659223   0.00043293447980613146
1102.38   10   -0.613337534670411   0.00044641772799441356
1165.78   11   -0.6133384701151318   0.0004919374468457712
1231.17   12   -0.6133393501439437   0.00032780771503190223
1298.84   13   -0.613340412415819   0.0006181640605603516
1359.7   14   -0.6133418166969276   0.0004489168519310908
1426.59   15   -0.6133429824031207   0.00028662591144673513
1490.18   16   -0.6133439097030631   0.00030416127040096985
1555.15   17   -0.6133452206386741   0.00036813715450014075
1616.88   18   -0.6133466485269807   0.00031925412960644525
1681.55   19   -0.6133479246050246   0.0003964316300596941
1745.12   20   -0.6133499204145407   0.0003284603359348336
1807.6   21   -0.6133511959802715   0.000395443221399853
1871.08   22   -0.6133525636752777   0.00036693131549721296
1932.91   23   -0.6133544742262662   0.00029345238987624303
2003.77   24   -0.613355446422141   0.0005543403139281188
2077.13   25   -0.6133562487480235   0.0004092082651035608
2145.08   26   -0.6133567398737523   0.0005031761128421554
2212.77   27   -0.6133578815571845   0.00036490644949980643
2281.99   28   -0.6133592110678077   0.0004105687045448535
2348.37   29   -0.613359986686655   0.00034289562672049274
2415.07   30   -0.6133609801618011   0.0003565829203512413
2482.18   31   -0.6133617902491494   0.00036543952611338887
2548.64   32   -0.6133631317559142   0.000440142815835538
2613.46   33   -0.6133640565012342   0.0003199718803959452
2676.1   34   -0.6133652440305902   0.000381287321449938
2742.9   35   -0.613366820814214   0.00041074835864279955
2804.09   36   -0.6133684253158121   0.0003664980154179052
2865.72   37   -0.6133701460308955   0.0003964788750431792
2929.79   38   -0.6133712239216045   0.0004697723911593375
2993.61   39   -0.613372846598281   0.00034085999602528834
3051.64   40   -0.6133744954906717   0.0003355300516124122
3111.07   41   -0.6133759421491594   0.0003873261086751357
3173.37   42   -0.6133779777960643   0.0003959076658461769
3234.45   43   -0.6133802927247333   0.0003624595125901203
3297.09   44   -0.6133819306316252   0.00043643065391075244
3365.57   45   -0.6133840285493993   0.00035676735372819183
3403.15   46   -0.6133848802714669   0.0006144227394249711
3464.81   47   -0.6133862521594505   0.00048067360639268827
3523.93   48   -0.6133871722879731   0.0005374794509330807
3580.47   49   -0.6133883842995977   0.00035784214603797396
3645.88   50   -0.6133896533264034   0.0003085606887930464
3698.6   51   -0.6133911211703963   0.0005823418190349956
3753.8   52   -0.6133922681972396   0.00032188037745766715
3811.83   53   -0.6133934750785259   0.00033784388707726
3870.8   54   -0.6133946552041715   0.0004729648192055454
3928.97   55   -0.6133958027517552   0.0004175938382079689
3992.25   56   -0.6133972535527461   0.000369293898945001
4059.08   57   -0.6133986748207704   0.0003140917325210904
4121.19   58   -0.6134002860464267   0.0003970783152976312
4187.05   59   -0.613402196716257   0.0005299919937217408
4253.11   60   -0.6134034926534483   0.00032899005925179583
4317.63   61   -0.6134051406812551   0.00036888942693729635
4384.13   62   -0.6134069118141986   0.00044522833558328077
4451.27   63   -0.6134083445512265   0.0002374872485471973
4510.06   64   -0.6134098081084873   0.00024324597201480795
4571.43   65   -0.6134112639899207   0.0004506826141259293
4632.8   66   -0.6134124907315108   0.0003400246565187098
4692.81   67   -0.6134142203010159   0.00044471785916998675
4725.17   68   -0.613414887987708   0.00043154351250763746
4772.71   69   -0.6134156668097982   0.00031981047309845675
4825.98   70   -0.6134169648065881   0.0004917226767521365
4863.19   71   -0.6134174923567849   0.0003419497493495706
4920.3   72   -0.6134183367030568   0.0002776515264953743
4979.34   73   -0.6134197685216195   0.00042032889697310894
5018.08   74   -0.6134202891207967   0.0003523037428708192
5077.94   75   -0.6134208835829768   0.00029913838562487487
5154.75   76   -0.6134219197513547   0.0030262244150291895
5287.19   77   -0.6134219331733264   0.0003379223948631441
5355.1   78   -0.6134225242307403   0.00022848710530724004
5430.21   79   -0.6134239662457871   0.0003317639892297557
5930.63   80   -0.6134220890209569   0.11682414233701609
0.0   0   -0.6134220892016935   0.12515298680122872
629.26   1   -0.6134216799225158   0.0006392931675395594
772.73   2   -0.6134217282348647   0.2181644919878572
941.21   3   -0.6134217232173045   0.16465529129551362
1054.17   4   -0.6134214285645386   0.1771477124825415
1172.52   5   -0.6134211173210025   0.17216413042998266
1264.17   6   -0.6134205375235585   0.0010037256052549664
1386.99   7   -0.6134223588247345   0.00022023635974150954
1450.23   8   -0.6134224259600278   0.00019798480881618813
1548.99   9   -0.6134229549721217   0.00022928453887430502
1614.4   10   -0.6134229679492319   0.1788692920324285
1674.3   11   -0.6134232711136518   0.0004255636411395786
1770.68   12   -0.6134233060261209   0.1815078808533952
1830.06   13   -0.6134232982361608   0.14810597129817307
1917.22   14   -0.6134232931105941   0.000353015627491732
2089.27   15   -0.613423281068692   0.1706614998456584
2221.4   16   -0.6134234019387522   0.000553410027948699
2330.65   17   -0.6134231962152543   0.00040902484205604953
2388.05   18   -0.6134233690477922   0.0002761706994228006
2444.46   19   -0.6134234702926018   0.00027723732264173446
2500.89   20   -0.6134234441444281   0.00021079500754290435
2590.9   21   -0.6134238089778422   0.00029194123184882404
2678.14   22   -0.613424072212224   0.00021085704596611032
2762.77   23   -0.6134243625749094   0.00022343273738344955
2845.31   24   -0.6134245718466943   0.00026797248054736324
2932.52   25   -0.6134250103046981   0.0003244444752008491
3022.73   26   -0.6134252911874181   0.00022051650529071032
3138.31   27   -0.6134260594953994   0.0003427117496799051
3217.06   28   -0.6134267002405599   0.0002758692914178564
3300.27   29   -0.6134270781127708   0.0002880864473673371
3377.09   30   -0.6134275516705694   0.0003316317111680724
3475.32   31   -0.6134278278518728   0.20744559107845037
3589.16   32   -0.6134277466118145   0.00035691432298254355
3644.6   33   -0.6134278563865216   0.000220510678083739
3702.5   34   -0.6134278912132302   0.00020142206712147153
3763.22   35   -0.6134285065101255   0.00023499740234298215
3847.39   36   -0.6134292220497604   0.0002609369821307586
3902.85   37   -0.6134296082293674   0.18818264710531035
4063.68   38   -0.6134293435688243   0.0004669990493997513
4123.11   39   -0.6134295938496505   0.0002653089706777381
4180.21   40   -0.6134298606277885   0.0003266239125230963
4267.54   41   -0.6134305097640986   0.0002737351761554211
4359.94   42   -0.6134309250823545   0.00032817236821083417
4448.2   43   -0.6134313138834945   0.00022867984797460186
4536.24   44   -0.6134317207489631   0.00025210824513129755
4624.58   45   -0.6134322111662895   0.000232089557884738
4714.59   46   -0.6134325654662485   0.0003219057992666293
4801.22   47   -0.6134330482489341   0.00023489629623056588
4889.45   48   -0.6134336113027672   0.0002779214173246795
4977.09   49   -0.6134339537049434   0.00022778165917454883
5067.11   50   -0.6134343793090966   0.00034912497577144376
5157.3   51   -0.6134350870133063   0.00026704387885028607
5217.63   52   -0.6134349555163209   0.0002834806100055909
5275.33   53   -0.6134354017056741   0.00022196909127500207
5500.22   54   -0.6134360011687068   0.11007810713160862
6139.58   55   -0.6134358521067544   0.14140449425669568
6250.7   56   -0.6134355936892495   0.19458723050555488
6409.5   57   -0.6134353104793259   0.1800265486824811
6904.32   58   -0.6134347111224449   0.1692568196820925
6971.19   59   -0.6134347406026133   0.18562781565328607
7596.42   60   -0.6134351298711488   0.0005985417139106029
7714.33   61   -0.6134351722630865   0.17436020145726094
7773.66   62   -0.6134351828460117   0.13486650890920177
7830.87   63   -0.6134351702766847   0.16887478210091847
8063.04   64   -0.6134351610667987   0.1235820799298866
8293.25   65   -0.6134351690294595   0.12909710758447582
8347.82   66   -0.6134351788325529   0.14449902029786185
8557.02   67   -0.6134353990997999   0.12931017979746573
8747.25   68   -0.6134347898269946   0.22728862786895074
8810.35   69   -0.6134349485179562   0.12379061219008997
8940.94   70   -0.6134357189413437   0.000358073621085599
9001.06   71   -0.6134357200582496   0.16783240972056712
9130.7   72   -0.6134358635347905   0.0004940013720456126
9269.31   73   -0.613435863926738   0.1403052745516272
9331.24   74   -0.6134358641121574   0.1491223810257871
9537.73   75   -0.6134352579420567   0.19316812746004983
9913.75   76   -0.6134346463827429   0.17121439503365676
9970.08   77   -0.6134349377537858   0.18840671954717186
10025.23   78   -0.6134348097127309   0.22084174204279886
10145.0   79   -0.6134346600772905   0.2138278703326571
10199.53   80   -0.6134346356838509   0.14890364386862995
10532.36   81   -0.6134340286527714   0.16578648305548996
10659.27   82   -0.6134346979480926   0.17500076527916145
11068.15   83   -0.6134340935078771   0.18752853865974492
11363.09   84   -0.6134338200366282   0.2085917604818176
11439.04   85   -0.6134337402369204   0.16236261122017787
11749.48   86   -0.6134333705214787   0.146600343918605
11795.38   87   -0.6134335066384742   0.1705481494759832
11839.73   88   -0.6134341575503249   0.16413887515412875
11975.48   89   -0.6134341586114787   0.15462724091880298
12439.09   90   -0.6134339373044431   0.15645234608327147
12560.07   91   -0.6134338746023458   0.16794187441145156
12607.96   92   -0.6134339016228274   0.121443193595584
12755.04   93   -0.6134336819231327   0.18310176840653092
12990.61   94   -0.6134336454176064   0.16827248773477418
13081.46   95   -0.6134337196007732   0.0011088892108558981
13131.36   96   -0.613433720179756   0.17907369509994453
13209.44   97   -0.6134338709646844   0.19892050325133706
13323.53   98   -0.6134356915017447   0.0003439022942612604
13396.35   99   -0.6134358913063335   0.00023253143528591778
13468.14   100   -0.6134361303701714   0.0002744874811110287
