0.0   0   -0.2972757016331254   0.24491035181417697
127.89   1   -0.2972754240149245   0.21190787531376748
141.12   2   -0.2972756818024414   0.2328387447678158
149.33   3   -0.2972756447710247   0.17822984044776735
158.09   4   -0.29727562100155447   0.20646996895091302
170.36   5   -0.29727554242270354   0.15743118277703147
178.95   6   -0.2972755496183279   0.20588591792825692
200.41   7   -0.29727543720188676   0.06340454361516519
238.52   8   -0.2974303663795926   0.2816289660257755
250.89   9   -0.29789528573872154   0.06189904294848287
265.01   10   -0.30552181202567386   0.036913470969302246
274.73   11   -0.30647775061260424   0.021590337001323432
289.45   12   -0.3079441425435987   0.018889210672557635
303.64   13   -0.30951900705106594   0.1685152984434866
327.7   14   -0.3095676310166483   0.18916638028680985
350.97   15   -0.3096373003779346   0.024710007109356686
364.83   16   -0.30996763231251206   0.021250507071543964
379.78   17   -0.31003827654319793   0.020366537791930713
399.05   18   -0.31557495945183317   0.08762480106884961
408.62   19   -0.32487467182463337   0.03518091970424932
423.01   20   -0.32916887996811206   0.03866212486454062
437.24   21   -0.33259523877299824   0.019039799791499758
450.57   22   -0.3336950548121351   0.015958026543702736
473.05   23   -0.33482439369973527   0.019184619079112827
486.39   24   -0.3351906259311777   0.024577055697435624
499.3   25   -0.33582269809635223   0.3957315338267663
524.47   26   -0.33582272650976286   0.003947646400055018
536.68   27   -0.3358848438820397   0.005609084636707024
548.72   28   -0.3360512171121065   0.0070433560091301625
566.45   29   -0.3361595453878927   0.0031526616364875833
583.13   30   -0.3362169632348178   0.003729962511219345
596.58   31   -0.33634475939587727   0.37774014093573727
622.55   32   -0.33634523631032825   0.005619288533484274
644.21   33   -0.3364122240552016   0.005946563227221421
657.13   34   -0.33644429620379807   0.007470471275341489
665.94   35   -0.3364621402183305   0.0065356627326556135
700.43   36   -0.33651176233670593   0.3130203784030298
721.41   37   -0.33651352111702243   0.28554575800883686
798.18   38   -0.3365131961935154   0.009812009223401379
806.86   39   -0.33657613194164765   0.2663771053092603
841.29   40   -0.3365759968302475   0.004807586109079702
853.7   41   -0.33661257149136914   0.009630290082154233
862.11   42   -0.3366531821393979   0.008310502426973298
871.34   43   -0.3367267943732618   0.3390940556549093
901.32   44   -0.3367621299457345   0.012008180587991968
914.1   45   -0.33685204563277993   0.2943374397894432
922.4   46   -0.336852487693252   0.0025121618552549625
934.97   47   -0.33687317658559096   0.003599191218483215
944.02   48   -0.33695112520136017   0.0049168965903172894
976.46   49   -0.33697682885571534   0.0054375722774712585
999.33   50   -0.3370423630296882   0.4059339388747368
1068.01   51   -0.33704215518618486   0.01131866078591436
1080.73   52   -0.33711645835492016   0.008868587395704152
1089.47   53   -0.33720003217776084   0.004541464924273604
1099.05   54   -0.33726805468956655   0.2972911531311367
1112.13   55   -0.33732087037641495   0.32564995009911446
1180.95   56   -0.33732075721485705   0.30963157653060963
1219.51   57   -0.33732042329767986   0.004288948482906183
1227.85   58   -0.3373326607644568   0.3152786125694692
1237.18   59   -0.3373399669139055   0.3776096848548834
1264.34   60   -0.3373408513866328   0.35125989639360705
1276.22   61   -0.3373414430121453   0.3151785949723811
1285.32   62   -0.33734225881590296   0.36733741627880395
1314.4   63   -0.33734206165125047   0.0031556825939100955
1360.22   64   -0.33734176071215516   0.35810611454105007
1393.43   65   -0.33734171918277034   0.32261974410327005
1439.69   66   -0.3373417036807842   0.33973321701775666
1485.46   67   -0.337341469042016   0.33923461122496673
1526.8   68   -0.3373411974905829   0.44109163584904504
1595.11   69   -0.3373411361437152   0.34017546431544354
1625.23   70   -0.33734113614377226   0.003381494655086832
1701.76   71   -0.3373416708088677   0.282825257610706
1746.45   72   -0.33734166791380343   0.36051671716337147
1836.44   73   -0.33734166656603304   0.3412506219783025
1861.29   74   -0.33734158290100513   0.0032918410392608504
1879.53   75   -0.3373421987582521   0.003159298293733956
1899.6   76   -0.33734283705183477   0.0027409726958813317
1915.58   77   -0.33734409296983076   0.00242532519559396
1992.45   78   -0.3373442252540526   0.3138201120387209
2055.18   79   -0.3373439227501575   0.3225066321033691
2076.65   80   -0.3373436655928699   0.3299923246503119
2100.66   81   -0.33734379809246706   0.0035680037081085732
2127.13   82   -0.3373436569193684   0.4220870343354967
2203.03   83   -0.33734365653372755   0.34375611646183757
2223.5   84   -0.3373436491704994   0.31470255507079525
2282.5   85   -0.33734342866987   0.35276445209361434
2289.94   86   -0.33734344628832597   0.0037114468506781175
2298.26   87   -0.3373702287961895   0.31364406015038565
2341.53   88   -0.3373701786402854   0.0025696543446389517
2349.99   89   -0.33737018882742403   0.3575631028607473
2357.76   90   -0.33737018618257203   0.0025696890636777523
2365.43   91   -0.33737018683467035   0.31568622012842645
2381.26   92   -0.3373756152114911   0.3396358912366724
2393.66   93   -0.3373783747249548   0.3481672675697101
2467.01   94   -0.3373780565601354   0.3292748695777358
2496.25   95   -0.3373780261845297   0.01823767716602871
2538.76   96   -0.33737802281359136   0.0031874046661513476
2553.89   97   -0.33737815807537974   0.427593226364615
2575.09   98   -0.337378739945099   0.4366683477125207
2599.84   99   -0.337397030795908   0.30837738868893405
2616.86   100   -0.33739681039746083   0.32652224860922086
0.0   0   -0.30860706109518793   0.2828072092912716
96.69   1   -0.30860681678976487   0.1641477903305681
108.87   2   -0.308606602061995   0.1818133268723746
116.58   3   -0.3086068687390966   0.22307634552142874
141.31   4   -0.3086284839407207   0.21664955074293948
240.15   5   -0.30862824746824324   0.1702794619311315
252.22   6   -0.3086281579176536   0.18372543985131087
281.05   7   -0.30862790554528857   0.23397456028409727
288.7   8   -0.3086277353414699   0.2085814949081147
347.86   9   -0.30862752199012616   0.2012768511553967
363.92   10   -0.3086274216610152   0.21052706264246335
383.55   11   -0.3086273396772941   0.25287413670651554
433.47   12   -0.3086270440372486   0.18483994281808352
452.98   13   -0.3086274433147257   0.220596255769621
470.66   14   -0.3086273890927278   0.24624395173801583
492.03   15   -0.30862733575373846   0.18649824656551783
525.45   16   -0.30862708447976767   0.17608523009322657
564.74   17   -0.3086269672591544   0.21101976422355892
580.46   18   -0.3086279155274346   0.18201103763934448
675.12   19   -0.308627606972513   0.020061612996650182
691.2   20   -0.30862867457371645   0.2589337958166672
736.74   21   -0.3087961708397109   0.24797321959361646
801.57   22   -0.3087961173766061   0.17247162520559547
822.03   23   -0.3090564606121679   0.021632235242262956
841.93   24   -0.30906549735675953   0.21319261748415616
858.36   25   -0.3104085842582422   0.04584112857716801
874.14   26   -0.3108436628892052   0.02658818913873181
890.99   27   -0.3185602258372396   0.07744670530022003
899.67   28   -0.32014822953405614   0.1002788129532585
912.13   29   -0.32644943006398947   0.04381048392354451
924.02   30   -0.33052777031902   0.027095846609792612
936.26   31   -0.330783732791199   0.06677818255763086
948.14   32   -0.3344265049424018   0.011589361538844132
959.9   33   -0.33491583269973935   0.008293670965664671
971.11   34   -0.33560967279430104   0.006371750304306846
981.93   35   -0.33591006625696923   0.006590405050008579
996.8   36   -0.33597335682951773   0.005660881789549129
1008.87   37   -0.33626584910932367   0.002596767881849436
1026.71   38   -0.3363284056885992   0.00651160308109441
1033.61   39   -0.33646989107323855   0.0023459829722395718
1044.42   40   -0.3365373590160294   0.0023510509893283696
1063.94   41   -0.336677263399905   0.0034316196336556296
1075.2   42   -0.3368444244389782   0.004967740969439526
1086.74   43   -0.33706102314730874   0.004772254710378096
1098.44   44   -0.3372671486351622   0.004944596742907021
1105.61   45   -0.3373298385286622   0.003948875925645944
1120.39   46   -0.33751885067040954   0.39555255046502297
1128.93   47   -0.33766925310563106   0.0035745984988082378
1136.65   48   -0.33766926613884657   0.0035207671019560705
1148.01   49   -0.33772354172848873   0.004191338788505014
1155.02   50   -0.33781885364166536   0.004138797393090606
1166.29   51   -0.3379577700970113   0.33902252019805873
1185.74   52   -0.33796573515316736   0.004936167900166903
1206.03   53   -0.3379838286561695   0.006883390816906889
1418.34   54   -0.3379888760590397   0.005967274211648595
1425.96   55   -0.33809855975258046   0.3976681589782875
1462.83   56   -0.3380982958800999   0.008547083193278147
1473.11   57   -0.3381235770742232   0.4003735957106878
1512.92   58   -0.33812978084164724   0.0022994552691159215
1519.62   59   -0.33814193202206944   0.0022678666794213624
1526.81   60   -0.33816412447568434   0.0015905189639861923
1533.91   61   -0.3381767134039377   0.0017412933653433223
1545.44   62   -0.3382009676483581   0.3356710828027134
1560.26   63   -0.3382009719373275   0.0021279591494110677
1567.72   64   -0.33820298694230666   0.002089067988082269
1590.02   65   -0.338213936522792   0.3316252798274347
1625.72   66   -0.33821366785134555   0.002126300943217568
1632.94   67   -0.33821735000072617   0.001334383066257023
1640.23   68   -0.33822602971656535   0.001412885018416255
1648.0   69   -0.3382367884516513   0.0016525931996806652
1663.04   70   -0.3382659038053246   0.26418664833205197
1694.48   71   -0.3382656380282937   0.00176555984766388
1700.93   72   -0.3382669830308575   0.001159320546382259
1708.72   73   -0.3382688494493792   0.3904219084641493
1716.04   74   -0.33826870684962457   0.3842078738644989
1738.17   75   -0.3382684173273786   0.001147727152994588
1748.86   76   -0.3382689500588991   0.001251907797455821
1756.11   77   -0.33827092055367336   0.0008712610203386987
1764.49   78   -0.33827102571591783   0.0008276883633073784
1776.84   79   -0.3382712305858458   0.0008697692299989254
1790.59   80   -0.33827562662292443   0.36676682037244807
1822.42   81   -0.3382762368402994   0.30987922116007455
1854.93   82   -0.3382761346598667   0.0011207648624029108
1862.39   83   -0.33827625817953566   0.32415731231782585
1884.6   84   -0.3382762875495528   0.0009377935288169561
1892.72   85   -0.33827636798418426   0.43998535647973885
1899.85   86   -0.33827639569234136   0.3243530313128993
1906.15   87   -0.33827639293905587   0.000966477237253668
1919.04   88   -0.33827640583021745   0.0009446535062446046
1927.78   89   -0.33827641524243457   0.320119796357412
1981.65   90   -0.33827641522826324   0.0009164350910006692
2009.61   91   -0.3382764304752021   0.38211287264947746
2016.55   92   -0.33827642881424463   0.0009645990728491281
2049.2   93   -0.33827643104181004   0.0009263416623193256
2056.7   94   -0.3382764811713631   0.0008678299586758496
2068.32   95   -0.338276567025477   0.31095454825739216
2079.55   96   -0.33827656689554736   0.000903005231193829
2089.55   97   -0.33827658169085384   0.0008965688958939324
2098.72   98   -0.33827661323398756   0.0009195426699187002
2106.39   99   -0.3382767463939784   0.000920682255228132
2113.62   100   -0.33827777910722234   0.000890239840330245
