0.0   0   0.0803975949937603   0.037474060819767986
22.83   1   -0.14368488234324567   0.20966878279487833
31.72   2   -0.14393798739783706   0.10397941007730534
51.1   3   -0.14621053602394402   0.14707268723150455
60.51   4   -0.21020532129247432   0.105481909661086
69.67   5   -0.2544068852608212   0.05562199532556024
83.44   6   -0.26132186744847324   0.020402458076189182
97.47   7   -0.26335000934757347   0.013474911664043389
110.98   8   -0.2640979982974254   0.0037924663957448965
127.46   9   -0.2648371643433573   0.005883296178026411
141.44   10   -0.2650928572595112   0.0011143375510418083
155.1   11   -0.26512240419677224   0.0015063506499623505
167.56   12   -0.26514427689503156   0.0012736647490624899
180.51   13   -0.2651538503513349   0.0003005986843736451
194.17   14   -0.2651556542361253   0.0004142843466856769
208.13   15   -0.26515795704060885   0.00031022767319755716
221.41   16   -0.2651585826176446   0.00013551523990587558
240.22   17   -0.2651589869046761   0.0002682905208251668
259.02   18   -0.26516214670670885   0.0005027670771573939
272.76   19   -0.26516439764205146   0.0003161072589552435
287.08   20   -0.2651647372494495   8.34497479066887e-5
300.58   21   -0.2651647948800857   3.805811234367481e-5
314.01   22   -0.26516479997357895   1.4697847726810236e-5
331.89   23   -0.26516480629444317   1.3967204185459087e-5
350.13   24   -0.26516487441357517   2.571074241910737e-5
363.81   25   -0.265164887522344   1.7948327736384708e-5
377.15   26   -0.2651648923835404   1.643279856941272e-5
396.13   27   -0.2651649130753227   3.3461290791567194e-5
409.47   28   -0.2651649300461134   8.585594458591974e-6
422.88   29   -0.26516493053493817   3.7756755087684687e-6
436.0   30   -0.26516493076665065   2.931587622525419e-6
463.57   31   -0.26516495846207266   5.945156623611725e-5
477.09   32   -0.2651649947251656   8.352913861318471e-6
491.22   33   -0.2651649998630984   2.6172912411356653e-6
505.36   34   -0.265165000881335   2.689402403825091e-6
514.87   35   -0.26516500100638657   2.6130719381852115e-6
528.24   36   -0.26516500118492575   1.9639533441822187e-6
542.82   37   -0.26516500135324444   3.681716276215993e-6
560.96   38   -0.2651650034678394   2.1976926590099998e-5
574.0   39   -0.26516500762631506   4.9497259179056384e-6
587.37   40   -0.26516500790664327   1.6730347120107324e-6
599.84   41   -0.26516500794637354   1.0612405639523318e-6
620.31   42   -0.2651650081806559   7.773205263662375e-6
641.99   43   -0.2651650147097649   9.802970558405277e-6
650.38   44   -0.2651650206045764   2.72138410237247e-5
662.98   45   -0.26516503348071163   2.3807121143985452e-5
674.83   46   -0.26516503632972227   7.78910589762255e-6
688.05   47   -0.2651650371924848   2.0224544461173135e-6
700.67   48   -0.26516503785288764   2.5784543374921967e-6
708.56   49   -0.26516503803492886   2.1789763644382117e-6
716.42   50   -0.26516503845157435   6.055392094110425e-7
725.26   51   -0.2651650385495744   2.818169237015654e-6
738.39   52   -0.26516503870940517   1.2649826399238431e-6
750.45   53   -0.2651650387849355   1.205273900627114e-6
763.37   54   -0.26516503879645764   3.067009249141877e-7
777.16   55   -0.26516503880004993   2.8694563842322575e-7
0.0   0   -0.26516503880004993   5.988004758589554e-7
10.57   1   -0.2651650388002725   2.0949651320102736e-7
26.63   2   -0.26516503880092124   8.003610132483535e-7
0.0   0   -0.26516503880092124   8.003603363192097e-7
11.69   1   -0.26516503880123937   2.819948818600322e-7
29.72   2   -0.2651650388017134   4.072841871320739e-7
