0.0   0   -0.2613053253474548   0.010060468912859336
339.86   1   -0.2638205079768484   0.014716292429756304
541.83   2   -0.26469584966380333   0.005375585647285366
829.55   3   -0.26497079678643226   0.00127051666147075
1247.69   4   -0.2649922658103054   0.0008187664408563927
1812.36   5   -0.2650832047135042   0.0009717232422891326
2101.77   6   -0.2650976320795363   0.001153212192645546
2467.65   7   -0.2651195309133321   0.0006624284085409193
2831.91   8   -0.26514171265623737   0.0005398601883606229
3122.1   9   -0.26514648323159173   0.00025724584456234575
3411.14   10   -0.26514948587751974   0.0002011988766849817
3767.11   11   -0.26515160950598887   0.00019842823567766006
4157.82   12   -0.2651557173662579   0.00017993832762281363
4413.98   13   -0.26515792299347163   0.00022991663424819263
4666.13   14   -0.26516068874755366   0.00017334591523444546
4930.52   15   -0.2651629549059253   0.00016341855974151136
5198.88   16   -0.26516363854208697   6.484759345048897e-5
5459.16   17   -0.265164039891692   7.675244205186632e-5
5710.41   18   -0.2651641739347199   7.427638244027918e-5
5966.38   19   -0.26516430225727433   5.0234319116124625e-5
6213.13   20   -0.2651645178175896   7.341076944579175e-5
6471.0   21   -0.2651646077093388   2.7354438784220434e-5
6728.08   22   -0.2651646318587856   1.5963927756579168e-5
6851.63   23   -0.26516465108857507   1.2609247877756712e-5
6889.55   24   -0.26516467064204763   3.9228063424712535e-5
6945.82   25   -0.26516473740643376   2.4549202593364866e-5
7002.86   26   -0.26516476262783495   1.7072545005071433e-5
7059.26   27   -0.2651647682661125   1.0052388451091505e-5
7115.74   28   -0.2651647735379014   9.759412327254296e-6
7187.52   29   -0.26516479226397605   2.2764437419881065e-5
7238.98   30   -0.26516481610617876   2.255781573764983e-5
7289.25   31   -0.265164837937715   1.0018105787738012e-5
7338.44   32   -0.2651648509512694   7.77216539631594e-6
7386.35   33   -0.26516485538405193   1.3537831307838291e-5
7432.09   34   -0.26516485760271274   6.568543661427801e-6
7479.4   35   -0.2651648586730859   3.8873398725720876e-6
7539.8   36   -0.26516486248636717   9.5008707730795e-6
7585.55   37   -0.26516486919953053   1.144171600194581e-5
7650.07   38   -0.2651648934043156   1.731077839943577e-5
7697.42   39   -0.26516492266771596   6.132914307635913e-6
7745.85   40   -0.26516492665963426   7.007879143093355e-6
7809.55   41   -0.26516493673150937   1.0235253320511041e-5
7855.58   42   -0.26516495074948687   5.669490298192309e-6
7899.79   43   -0.26516495230337644   5.774467671906704e-6
7957.45   44   -0.265164954736953   1.4087988690616311e-5
8020.05   45   -0.26516497354362994   7.294974963876833e-6
8068.31   46   -0.2651649781306014   7.6053557725375865e-6
8098.64   47   -0.2651649790060132   2.7845854876308544e-6
8144.14   48   -0.2651649794924763   5.162236003025961e-6
8192.3   49   -0.2651649802060294   5.039552095420669e-6
8257.76   50   -0.2651649877116169   9.058032484298572e-6
8305.69   51   -0.2651649982634028   4.740483389005788e-6
8355.35   52   -0.2651649992952692   1.9647872691279796e-6
8399.59   53   -0.26516499946219363   2.0585058994880114e-6
8464.22   54   -0.26516500026980167   2.8812777014580226e-6
8512.33   55   -0.26516500198017995   8.276601017264397e-6
8561.81   56   -0.26516500823328365   6.773004457405592e-6
8614.34   57   -0.2651650172705918   5.685644007080146e-6
8668.32   58   -0.26516502294262534   8.668479766677833e-6
8723.25   59   -0.26516502773211326   6.015288308855843e-6
8778.19   60   -0.26516503007769343   6.1237169453146595e-6
8832.73   61   -0.2651650323350778   4.454036601274991e-6
8869.47   62   -0.26516503275290254   4.8150909687158395e-6
8901.41   63   -0.2651650341193246   3.8987778715330935e-6
8950.27   64   -0.2651650344937341   2.976563648589506e-6
8981.07   65   -0.26516503469257285   1.5063213573271332e-6
9029.48   66   -0.2651650348547322   1.2136876594481011e-6
9060.04   67   -0.26516503497234256   1.438691467159318e-6
9107.64   68   -0.2651650350337661   7.66217859680713e-7
9154.8   69   -0.2651650350894033   1.0251176234634058e-6
9202.43   70   -0.26516503514179973   1.0706565961774708e-6
9249.25   71   -0.26516503518939105   1.0950376537498662e-6
9295.17   72   -0.2651650352373384   1.0540727104465497e-6
9342.45   73   -0.26516503530883023   1.4209118514731267e-6
9405.42   74   -0.26516503547043013   2.844038819606481e-6
9453.42   75   -0.2651650358469628   2.340320968842948e-6
9501.93   76   -0.26516503604561537   9.599636906203256e-7
9547.5   77   -0.2651650361363943   1.7878725135242441e-6
9592.44   78   -0.26516503635258154   1.5154799359725248e-6
9637.51   79   -0.2651650366111311   4.70906657504778e-6
9683.51   80   -0.26516503682132253   2.7600851883886696e-6
9729.26   81   -0.2651650370112235   1.867182028821934e-6
9775.17   82   -0.2651650373702782   1.6048779474029236e-6
9821.15   83   -0.2651650378248584   1.639244183187789e-6
9865.73   84   -0.2651650387860805   2.8875971450035294e-6
9911.06   85   -0.265165039214654   1.735970554817836e-6
9939.93   86   -0.2651650392804281   5.327411825060408e-7
9984.02   87   -0.2651650392965556   6.74408551079965e-7
10026.21   88   -0.26516503929933977   6.123445153218852e-7
