0.0   0   0.42623606669417574   0.111116966826833
16.91   1   -0.0782100447920778   0.19011195467479314
30.05   2   -0.2683257564105989   0.09415336500391926
43.96   3   -0.360487497013485   0.07095936234536723
58.26   4   -0.44532312857737494   0.053370973145972375
71.53   5   -0.5085380822204904   0.04660002913982733
86.46   6   -0.5406959206195815   0.18996950906212906
102.68   7   -0.5598740848988045   0.03595857220799126
117.8   8   -0.574738674977211   0.020699419929382602
127.16   9   -0.5825282849260762   0.017859411416575315
137.94   10   -0.5929297704807743   0.18638832461272323
252.3   11   -0.5929294058717488   0.019594102029443738
263.23   12   -0.593591455588734   0.01810556759807378
278.45   13   -0.6036107934244292   0.010108668078881894
293.47   14   -0.6070589511175839   0.006161930051364746
319.0   15   -0.6082865913403793   0.013984060562005591
334.27   16   -0.6144268687917069   0.006775474743641582
350.1   17   -0.6193310551271507   0.004133559831154546
360.5   18   -0.6204821684492178   0.0017994329906506265
376.3   19   -0.6208542368398545   0.0017710331068355165
402.88   20   -0.6210391757769421   0.002220750435157139
418.32   21   -0.621277453873003   0.0008047280623706581
433.73   22   -0.6213133665934925   0.0004774181867050124
448.87   23   -0.6213610404137829   0.0006165818317301073
464.29   24   -0.6214149250928561   0.0005078215967891252
479.69   25   -0.6214453169810612   0.0004643833763117109
495.22   26   -0.6214710264311257   0.0003347211015727684
509.24   27   -0.621479907172568   0.0002144631661922273
522.78   28   -0.6214875859490108   0.0002445347551832227
536.54   29   -0.6215006538396807   0.00024202681957625815
551.65   30   -0.6215081139664237   0.00028206860163151187
566.33   31   -0.6215166546688007   0.00039728354501527115
580.92   32   -0.6215358277697713   0.0005416412471631235
596.85   33   -0.6215669567669718   0.0005347433975568427
611.2   34   -0.6216124334252128   0.0005930552520124281
626.86   35   -0.6217081594685185   0.23827880280190628
664.6   36   -0.6217436429822167   0.0009192693071738429
1030.48   37   -0.6217544008348818   0.001282011014619112
1041.39   38   -0.6217777549258762   0.0012726827705261358
1107.31   39   -0.6218138719246213   0.0020475949320904337
1127.53   40   -0.6218452414445745   0.001861510394063922
1154.78   41   -0.6220032351282381   0.0007619890297122442
1173.5   42   -0.6221591138766146   0.0006270380132023146
1201.67   43   -0.6221935931818637   0.0005584870363656299
1250.12   44   -0.6222852435218633   0.24552336746373046
1268.08   45   -0.6222909465511572   0.0019532053962410464
1278.45   46   -0.6224140030481841   0.0009561925107279246
1622.43   47   -0.6224218673694323   0.0014622889001898237
1636.93   48   -0.6224938088164199   0.0005508125016187908
1650.54   49   -0.6225419902061826   0.0006329284368926209
1664.84   50   -0.6226109748645825   0.2726356440631577
1721.46   51   -0.6226103718345458   0.0004287218901906429
1736.77   52   -0.6226195531626102   0.0004619266184663077
1751.32   53   -0.6226359286513856   0.0006444080309460454
1781.15   54   -0.6226844305141477   0.0007224373177803646
1801.41   55   -0.6227340654358323   0.0007105976914479792
1811.93   56   -0.6227379997802721   0.0007961401906442589
1842.34   57   -0.6227635367963749   0.001285068783850907
1856.9   58   -0.6228325356348187   0.0008901900121648929
1877.36   59   -0.6229030152686561   0.0010085255472885276
1898.89   60   -0.6230182801309374   0.0010865396761485181
1919.55   61   -0.6230965581166555   0.0006745670592210571
1939.77   62   -0.6230982130070252   0.2315362276180907
1951.22   63   -0.6231083285529482   0.1776294924249265
1969.06   64   -0.6231192023405735   0.0009145957601974279
1984.58   65   -0.6231403072947885   0.0006103301059497639
1995.48   66   -0.623147757209508   0.24069923919177033
2005.98   67   -0.6231908456082986   0.0006782498477192618
2031.74   68   -0.6232190586263584   0.0007331588202532663
2049.74   69   -0.6232815658759907   0.000979295793766052
2064.89   70   -0.6233360318718013   0.0003876564834886662
2302.43   71   -0.6233366160890992   0.26022776429449573
2354.16   72   -0.6233440444718199   0.000735782690406677
2428.72   73   -0.6233447690112286   0.0007225137898629122
2447.55   74   -0.6233757165035833   0.00046513127590822403
2473.03   75   -0.6234113080534063   0.27565392174785325
2496.46   76   -0.6234113080521796   0.2622758733559472
0.0   0   -0.6234113080522665   0.003489075271470458
12.88   1   -0.6234263944255278   0.0026353835313696803
28.47   2   -0.6234389911366683   0.0017432703104231157
44.17   3   -0.6234582045200848   0.0045428490019225045
65.6   4   -0.6235538129182043   0.006882831313085923
76.68   5   -0.6236291558172593   0.003931308540465767
97.8   6   -0.6236784351213026   0.27689655508858024
114.35   7   -0.6237011208626764   0.00314088441611347
125.38   8   -0.6237017213863729   0.26397114728220966
135.41   9   -0.6237045201754451   0.0029239182345227087
176.11   10   -0.623704745127516   0.21395033180512216
190.9   11   -0.6237048108839682   0.0029026674991712515
0.0   0   -0.6237048108863211   0.0029103389683768238
14.72   1   -0.623713567742694   0.0025902481946530904
52.96   2   -0.6237302959903863   0.29486200571127424
69.84   3   -0.6237352608065849   0.004451684055692719
79.3   4   -0.6237472761036214   0.002493580182439633
89.72   5   -0.6237499097142625   0.0037102498358766653
105.49   6   -0.6237696447374479   0.2648294552415931
129.51   7   -0.623769417124371   0.0037578863162513842
140.45   8   -0.623769467788293   0.25881196097872755
194.74   9   -0.6237692279370012   0.0032012801462824435
215.33   10   -0.6237697239317991   0.0033918332004158097
226.45   11   -0.6237831195465355   0.0036844036439846947
238.87   12   -0.6237991255999893   0.0039055032262724867
261.21   13   -0.6238057158256288   0.2532914593221657
283.74   14   -0.6238057212011716   0.0037209090562442984
300.68   15   -0.6238059976110999   0.00374015520006206
312.05   16   -0.6238109754679297   0.2481143895120937
329.96   17   -0.6238109009962491   0.002437456720307514
347.22   18   -0.6238113867784266   0.0026172825121556866
358.1   19   -0.6238268761388018   0.0035071044946311017
369.88   20   -0.6238532572046134   0.3199412030431871
386.38   21   -0.6238533965387536   0.003891341076391687
412.79   22   -0.6238557562089246   0.005621698133796998
429.22   23   -0.6238828970092082   0.004569592487918131
440.57   24   -0.6238859017270099   0.005889900741911709
452.1   25   -0.6239241047235496   0.004443177250272439
474.42   26   -0.623939795398796   0.26467030897135513
490.08   27   -0.6239518969680741   0.003249539860746625
513.2   28   -0.6239599981555431   0.002951864390014495
525.69   29   -0.6239658031389553   0.0036547440840839986
536.96   30   -0.6239697095468448   0.004341216685023816
547.7   31   -0.6240103251194851   0.006177270940698686
564.39   32   -0.624042493892776   0.0034307808873820836
582.73   33   -0.6241049978348204   0.005681409828022072
594.85   34   -0.6241057312322019   0.006087997452291535
613.8   35   -0.6242688066050721   0.007008577309035233
625.54   36   -0.6243893895177575   0.007699560317718126
678.67   37   -0.6243939746132406   0.008066582875816063
691.2   38   -0.6245479919579829   0.22283494453795594
775.58   39   -0.6245476238785597   0.006173321857983961
787.42   40   -0.6245753348072333   0.004842194768023987
800.06   41   -0.6245928520136909   0.004802300761334672
818.31   42   -0.6247168196686518   0.005646084224678922
830.96   43   -0.6247754073501616   0.0053469426596843865
877.4   44   -0.6248061687036097   0.21922857698059145
896.77   45   -0.624903987410732   0.006193060318549729
909.97   46   -0.6249238121093951   0.007463895076615539
922.8   47   -0.6249311875388908   0.007361292492202269
935.15   48   -0.6249953749432751   0.004641500988915349
953.08   49   -0.6250675454835626   0.007926251228022955
971.4   50   -0.625124541262955   0.22126883495008676
1052.36   51   -0.6251275051678906   0.0033747794414559842
1069.94   52   -0.6251356929877894   0.004238896992696885
1100.37   53   -0.625188921960044   0.004966323521711688
1429.03   54   -0.6251947434515017   0.23570632979612874
1526.93   55   -0.6251941294191479   0.2990639729215334
1673.12   56   -0.6251939119362238   0.260896398650952
1807.02   57   -0.6251932973957266   0.25742253345965294
1836.06   58   -0.625193134020626   0.2583967670025065
1996.5   59   -0.6251926564185786   0.24284754814535708
2151.32   60   -0.6251920635972947   0.2170572362240643
2268.53   61   -0.6251918909941153   0.30345010619204577
2295.72   62   -0.6251917436902148   0.22251091634010087
2414.61   63   -0.6251912528195805   0.19973964734906727
2466.76   64   -0.6251910162818712   0.22090075082609978
2492.13   65   -0.6251908977600185   0.22831306374453597
2523.85   66   -0.6251906894075693   0.28848037216562095
2556.17   67   -0.6251905303049797   0.2380680372286338
2575.7   68   -0.6251904299728812   0.25960320605392073
2600.88   69   -0.6251901790131903   0.18482271010679602
2670.47   70   -0.6251898344496221   0.2528371608337067
2713.68   71   -0.6251898216285484   0.23196360194290605
2753.51   72   -0.6251895358165236   0.2780842550901357
2780.92   73   -0.62518953477588   0.20876226253177363
2807.27   74   -0.6251895329137379   0.2234549053047625
2917.11   75   -0.6251895010132957   0.25690638186246567