0.0   0   0.4317208823094451   0.01358236396063604
102.97   1   0.19695191666485312   0.1857522769371522
739.54   2   0.1969520088113424   0.2095526626014471
1488.98   3   0.19695220172822975   0.15592147774560855
1524.46   4   0.1969521728639065   0.2341874191471065
1630.62   5   0.06825101760078883   0.09694658659870034
1677.3   6   0.066190037319391   0.09748350258957506
1749.0   7   0.013973661250394103   0.17122898809319628
1911.13   8   -0.1170571221174924   0.13276959744137964
1958.93   9   -0.14549582459914312   0.1672058164899449
2487.49   10   -0.14549580039630475   0.19583939776800108
2964.96   11   -0.14549573267605986   0.14797544315594877
3090.97   12   -0.14809875775084608   0.15587542607040555
3431.81   13   -0.1480986956743762   0.125711564834113
3471.74   14   -0.15008894661326755   0.18476778937966998
3533.12   15   -0.1565216557179243   0.18539409385488848
3572.33   16   -0.1622331375187983   0.16846470979596675
3713.88   17   -0.21585610761372828   0.15208882737732274
3780.16   18   -0.2592981673401817   0.06953838949903883
3844.17   19   -0.45799499552961787   0.024360878272187268
3902.37   20   -0.5065368631638796   0.0268588317881896
3960.84   21   -0.5387342499176692   0.015110015866639171
4020.3   22   -0.5592819604223316   0.015759845562163487
4084.25   23   -0.5921728802782369   0.01357806972406986
4169.26   24   -0.6091038872886154   0.007835546208423333
4230.64   25   -0.6147685068221548   0.0040582257209634725
4292.08   26   -0.6165363196137534   0.004759958422589871
4356.32   27   -0.6196563742614085   0.002345959823928321
4400.06   28   -0.6204698992741547   0.001667125062766187
4463.82   29   -0.6209404638911141   0.0019582701706275327
4525.8   30   -0.6214397796057207   0.0015528303869102986
4589.11   31   -0.6216601334812537   0.0007608402144802685
4651.69   32   -0.6218219194333215   0.0007310727817885334
4713.83   33   -0.6222396668260648   0.001282615049544498
4781.06   34   -0.6227496915688959   0.0015152396269555895
4821.63   35   -0.6232053039204677   0.0016021860889014023
4862.12   36   -0.6237283425724047   0.0011038121684702432
4922.08   37   -0.6242101213047647   0.0013920089314100154
4982.77   38   -0.6245131911406192   0.0008410641512733456
5045.78   39   -0.6248321337345814   0.001609352456978066
5086.52   40   -0.6254673329902861   0.0013267219567155697
5175.3   41   -0.6257130545636429   0.0014236592158496438
5216.09   42   -0.6260188974156659   0.0015321045207426977
5280.61   43   -0.6260216522666942   0.0008797800902491169
5323.8   44   -0.6261065904404812   0.00047525144897341557
5387.85   45   -0.6261733544453137   0.000624596546839227
5453.9   46   -0.6262181497949632   0.0002808635920918459
5515.5   47   -0.6262727540049636   0.0004745676884669544
5577.84   48   -0.6263663678404697   0.0005872013629307215
5638.22   49   -0.6264459609595908   0.0005967314413523831
5700.95   50   -0.6265682463285476   0.0006973284023704683
5759.61   51   -0.6267338493759862   0.0006287932646079116
5818.1   52   -0.6269961612584256   0.0009519324097003686
5875.7   53   -0.6273003949793534   0.0013848529254638254
5929.65   54   -0.6276222060249838   0.0009402004433394691
5962.39   55   -0.6277931214541197   0.0007403251010723895
5997.25   56   -0.6279379310099752   0.0006240056667643142
6055.71   57   -0.628120942786119   0.0004290775540700174
6114.02   58   -0.628246511864104   0.00041161669335866563
6150.91   59   -0.6283153143732261   0.0006013664523874466
6212.71   60   -0.6283935666523494   0.0004967558495348723
6276.0   61   -0.6284799204071254   0.000467773350864016
6342.72   62   -0.6285730760540914   0.000588625185794558
6410.18   63   -0.6286597191298023   0.0003683132650411634
6477.98   64   -0.6287598340810537   0.000533201965510382
6548.57   65   -0.6288981773928539   0.000553098485467912
6625.63   66   -0.6290105631332228   0.0004947735018980324
6675.73   67   -0.629073079040297   0.0005985970178029773
6744.29   68   -0.6291724810030792   0.000539562166579614
6811.24   69   -0.6292672650762919   0.0006583491420177506
6884.73   70   -0.6293434849338055   0.0003923713944826994
6956.79   71   -0.6294220773103506   0.0003113578279585995
7000.31   72   -0.6294696274631912   0.0004190406294074621
7070.54   73   -0.6295204646624859   0.00046062750025701357
7129.8   74   -0.6295757627186103   0.00032106538948479277
7181.31   75   -0.6296156381838578   0.0003177683545450632
7242.46   76   -0.6296530514999021   0.0004130267561104866
7297.15   77   -0.6296908919383872   0.0003632227192555505
7350.87   78   -0.6297179239699541   0.00035175350214327635
7404.25   79   -0.629766960985579   0.0003246471418877152
7455.5   80   -0.6298164390038511   0.00028745639319380635
7515.57   81   -0.6298439045041887   0.00030684465265106385
7581.26   82   -0.6298712967431973   0.00033490936666721334
7648.06   83   -0.6298969782491026   0.00026238812399787583
7716.45   84   -0.6299318856431863   0.00027501981195803286
7782.92   85   -0.6299783412520495   0.0003510798869227505
7828.12   86   -0.6300101556413381   0.0002952590890160992
7897.72   87   -0.6300321444020752   0.00022423051491313425
7970.83   88   -0.6300661095782789   0.00021684361779748752
8018.21   89   -0.6300896325928034   0.0003968148110311086
8088.62   90   -0.6301165304867384   0.00031093964647072015
8153.91   91   -0.6301455827043612   0.0002629012980295845
8220.53   92   -0.630164362994201   0.0002215403936418431
8289.88   93   -0.6302004806566337   0.00025063397025005185
8359.84   94   -0.6302284728742982   0.00037842881508922966
8428.5   95   -0.6302590242958094   0.00022490275902021546
8492.16   96   -0.6302837970054511   0.00024065840355902166
8557.75   97   -0.630308220374576   0.00029920636761531557
8601.56   98   -0.6303250103771164   0.12633722599903996
8773.83   99   -0.6303247049503871   0.000235750234752776
8818.27   100   -0.6303252162323315   0.0002133913232611625
0.0   0   -0.6303252165083162   0.0011448552924128426
357.5   1   -0.6303319211904482   0.0010979698736517311
853.97   2   -0.6303429218240204   0.001628526642647674
1372.01   3   -0.6303494237988572   0.0012603988188789664
1850.16   4   -0.6303589659650712   0.0013352901261847092
2339.13   5   -0.6303703875869534   0.0014511007461703526
2835.84   6   -0.6303828351965793   0.0013142500425545357
3319.31   7   -0.6303924258590791   0.0012737705253263799
3874.49   8   -0.6304016562633361   0.0009036660665121083
4399.82   9   -0.6304113223372995   0.0012005599393411933
4871.4   10   -0.6304218301094632   0.001035760569015723
5361.52   11   -0.6304328355691552   0.0009934676358971473
5881.46   12   -0.6304503553509746   0.0008665072604004549
6360.24   13   -0.6304648002754115   0.0014878095078138002
6854.46   14   -0.6304781093555777   0.0011966000509249135
7393.69   15   -0.6305065725665943   0.0010212527079656991
7858.66   16   -0.6305259553474258   0.0010394955544944784
8301.37   17   -0.6305429304674861   0.0010686154361469753
8784.46   18   -0.6305571964978389   0.0010798246635023803
9285.75   19   -0.63056961265006   0.0008383202618679651
9862.53   20   -0.6305875773373921   0.0012803976507072049
10452.88   21   -0.6305881040734606   0.0010852725453494886
10927.15   22   -0.6305924077446341   0.0006554933597282838
11425.94   23   -0.6305994879333554   0.0010672185061337159
11755.59   24   -0.63060313338101   0.0011554038461134958
12237.81   25   -0.6306086419509904   0.0009386120624565099
12726.87   26   -0.6306171985081662   0.0009209322432896888
13277.28   27   -0.630622098296065   0.0008150620041086052
13827.87   28   -0.6306294278289197   0.0012882694835614633
14358.47   29   -0.6306357737756221   0.0008060832747973366
14853.99   30   -0.6306429455611914   0.0009981667857848699
15353.79   31   -0.6306496943725511   0.0009497832959559772
15855.67   32   -0.6306544423494256   0.0006331206008212504
16320.22   33   -0.63066092364418   0.0007491486399004716
16820.94   34   -0.6306702953781089   0.0006506718935129194
17141.77   35   -0.6306760435480898   0.0011896201357181695
17566.93   36   -0.6306833627536524   0.0006162399846191728
18036.71   37   -0.6306902897766258   0.000876769668851148
18495.1   38   -0.6306988397954102   0.0007490432607524163
18932.68   39   -0.6307045731475079   0.000716315007076321
19434.8   40   -0.6307113356958691   0.0005908588624009331
19998.5   41   -0.6307182518027947   0.0005984573258698141
20510.89   42   -0.630724855535931   0.0005713311027574103
20996.88   43   -0.6307296703962801   0.0007016878456487243
21502.82   44   -0.6307360854232996   0.000864839232923339
21996.95   45   -0.6307409047940351   0.0007969699105912231
22335.23   46   -0.6307433083726924   0.0007799718178084732
22829.04   47   -0.6307455924251462   0.0006141558258546076
23313.0   48   -0.6307501088597489   0.000867313823070535
23824.75   49   -0.6307540973027647   0.0006159055938657773
24320.19   50   -0.6307566795173741   0.00041634146009891527
24761.83   51   -0.6307629763649351   0.0007513006093354742
25178.83   52   -0.6307668350722251   0.0009800547157743221
25659.0   53   -0.6307705974886981   0.0008614369962099633
26082.98   54   -0.6307732836500983   0.000522296106994891
26483.76   55   -0.6307758290850835   0.0004965445773611705
26929.53   56   -0.6307793418278198   0.0004787053805705355
27423.5   57   -0.6307819869168771   0.0007596461370595722
27892.46   58   -0.6307847595925158   0.000526433438055672
28407.67   59   -0.6307885468154081   0.0005989520032722397
28885.65   60   -0.6307927741602036   0.00047247231123787167
29274.65   61   -0.6307979049372516   0.00044682026128757215
29572.2   62   -0.6308010538929857   0.0006588596560357777
30057.03   63   -0.6308044054626574   0.00040810261357110276
30546.91   64   -0.6308083833668661   0.0005165022826109624
31022.09   65   -0.6308113735331684   0.0005333318204512143
31409.72   66   -0.6308143103467347   0.0006261499605642754
31785.6   67   -0.6308180272404401   0.0005344745644620197
32050.34   68   -0.6308191222456154   0.0005141697130203915
32457.01   69   -0.6308213535958825   0.0004943358446000097
32809.49   70   -0.6308239734241319   0.0007110231994567675
33234.87   71   -0.6308266206137688   0.0004254984180295893
33663.08   72   -0.6308297429179237   0.0005230597673169493
34121.48   73   -0.6308332311422081   0.0004864178510348632
34423.97   74   -0.6308369738564137   0.0005611308727548674
34607.14   75   -0.6308387728979383   0.0005502228110446063
34918.85   76   -0.630842258596275   0.00048629635268799415
35244.18   77   -0.6308446172801803   0.0007487633392319494
35517.11   78   -0.6308469542445445   0.000495670128932509
35794.61   79   -0.630850688326735   0.0005646738556257373
35978.78   80   -0.6308525274381795   0.00045508845169666616
36253.04   81   -0.6308541265696512   0.00045513250934751514
36530.38   82   -0.6308575563197025   0.0004964559093930454
36837.37   83   -0.6308609979467991   0.00044500564050167747
37039.33   84   -0.6308629369966481   0.00040465112741744206
37332.17   85   -0.6308654858182875   0.0005021879140362524
37592.38   86   -0.6308685215182865   0.0005464089984238734
37732.88   87   -0.63087168675881   0.00043379094535704273
37855.2   88   -0.6308743095970614   0.0005106858705544692
37942.08   89   -0.6308753688516244   0.0004797595092285545
37998.24   90   -0.630876544645725   0.00035599687428773
38057.16   91   -0.630878182488548   0.0003753313748231883
38104.58   92   -0.6308794983204982   0.0006367212847057462
38152.89   93   -0.6308814486144994   0.0004172357580185351
38200.15   94   -0.6308839300328175   0.00031231181546717427
38247.13   95   -0.6308856915535732   0.00043442660314054854
38295.15   96   -0.63088745279504   0.00039847494425560747
38341.66   97   -0.6308888896429317   0.00048612696282308035
38389.69   98   -0.6308903121132095   0.00045095544182943324
38437.05   99   -0.6308921317690093   0.0004158835210120398
38487.08   100   -0.6308934739465274   0.000529492119038369
0.0   0   -0.6308934741529352   0.1710353162814244
1577.33   1   -0.6308934353260129   0.0005710383757627457
2362.58   2   -0.6308934304913535   0.1664151709276168
3007.31   3   -0.6308936866248674   0.209320494727405
4630.71   4   -0.6308930587684506   0.1751853280241147
6302.63   5   -0.6308925865064888   0.20097636483510103
6566.37   6   -0.6308925695199289   0.14776475771499512
8407.73   7   -0.6308919478268805   0.15158573603786432
9268.03   8   -0.6308916007051071   0.138730941299304
10460.25   9   -0.6308912066939026   0.16377857569158633
