0.0   0   -0.36696436288052137   0.006412069528572478
11.02   1   -0.3670335736754942   0.2809693643133525
39.51   2   -0.3670332296896503   0.003242819523796552
51.52   3   -0.36703372486506286   0.3392132326485963
66.61   4   -0.3670336385060157   0.003399433310928129
86.26   5   -0.36703380628361404   0.0036432069636168217
219.59   6   -0.3670414649235019   0.2959638366442685
362.84   7   -0.3670414648981069   0.30382472293970697
394.81   8   -0.36704130722673706   0.009321223597573074
411.4   9   -0.3670601680979713   0.005198441965194557
428.87   10   -0.36706613830445   0.004507653937413501
440.14   11   -0.3670874952220433   0.003152564382169651
452.29   12   -0.36710577715160403   0.0032095565740839133
464.41   13   -0.36714392982147825   0.0027615753494707332
476.48   14   -0.3671656499879984   0.002068974296113705
489.41   15   -0.367201260598542   0.3501714731034439
514.45   16   -0.36720131400964634   0.0038094407337347295
525.95   17   -0.36722093537922423   0.0022713585665650065
538.85   18   -0.36723003127111215   0.0016844061493035119
551.71   19   -0.36725031240843875   0.0022788195335466483
563.46   20   -0.367302104773523   0.003710736474150829
571.61   21   -0.3673333266996491   0.31334110875459514
584.64   22   -0.3673339597305429   0.0038154302839950097
597.64   23   -0.3673384622520762   0.31550006024354416
625.96   24   -0.36733825888978827   0.00435151407949011
634.07   25   -0.3673388883567487   0.00410780395848535
650.09   26   -0.36736082555379107   0.00311563446950909
673.84   27   -0.3673652164799489   0.004448485109295042
686.52   28   -0.3673869920959089   0.32473135522510665
712.54   29   -0.36738699517021123   0.2861941033592761
744.86   30   -0.3673868357906648   0.0021478695615165643
757.31   31   -0.3673886786007802   0.0018227851216722926
769.85   32   -0.36739646417124766   0.002500750627353657
782.7   33   -0.3674511021792805   0.00571816662123924
791.06   34   -0.36748785784212756   0.004170834560699141
804.2   35   -0.3675264064983439   0.002957209991130323
817.19   36   -0.36759810019292694   0.003378202991025311
825.93   37   -0.36764386641494545   0.0037887300273654516
840.59   38   -0.36769147030939575   0.0028075057928796383
857.69   39   -0.36772560603910803   0.00313591270202551
871.05   40   -0.3677779241249043   0.0029269519546610556
884.96   41   -0.3678260987698026   0.002097220030499169
898.34   42   -0.3678562784208752   0.0018173503223039918
907.42   43   -0.3678565377376596   0.0015672631562155949
916.63   44   -0.3678603157555005   0.0016518006279690309
925.24   45   -0.36786838114404957   0.0019138165845504949
934.58   46   -0.3678893684253757   0.0013293897317080648
948.34   47   -0.36791056323820365   0.0011886666098079718
961.92   48   -0.3679302281026662   0.002092491615976244
980.67   49   -0.3679302922748059   0.0021375083373761307
990.28   50   -0.3679337578409027   0.001385122155696476
1004.4   51   -0.3679694105192904   0.001787943386394652
1013.28   52   -0.36798334978164904   0.002064621895512251
1027.61   53   -0.3680063030126185   0.28901948847443837
1081.62   54   -0.3680059386689982   0.31854249264878465
1124.85   55   -0.36800565232972   0.0018589411592251463
1134.46   56   -0.3680088859388312   0.0013591202287223576
1148.26   57   -0.3680310050521103   0.001434825822752668
1161.85   58   -0.36805566128922207   0.0019895578171202862
1176.66   59   -0.36807786229294126   0.0018632188012055856
1190.15   60   -0.36809448889611257   0.00309442586198925
1203.16   61   -0.3681122283698463   0.001615793684360401
1216.38   62   -0.36813089392390613   0.002354629624952698
1229.48   63   -0.36816540869094444   0.003827414750755565
1242.48   64   -0.3682000697918443   0.0026738027268729822
1264.97   65   -0.36821464349812   0.2690103442121602
1278.74   66   -0.3682145869464605   0.0017772762841178004
1287.97   67   -0.36822552836429695   0.002304931997569599
1300.28   68   -0.36825013498651166   0.0019168882877948323
1313.72   69   -0.3682641419052447   0.0024317615804996685
1326.95   70   -0.3682803417400461   0.0024247341997810984
1339.42   71   -0.3683000953528478   0.0018570262033506043
1347.98   72   -0.3683067627677624   0.0018460383826447544
1361.68   73   -0.3683168342907926   0.0015594046530496733
1374.82   74   -0.3683249328011341   0.001814074242181837
1387.48   75   -0.368336660543838   0.0012552333183741854
1400.52   76   -0.36835007115624535   0.0019247220286577188
1413.51   77   -0.368365887882629   0.0022964848493338547
1430.92   78   -0.3683735076456347   0.3272416385140508
1444.21   79   -0.36837971689811266   0.3086358326417177
1468.81   80   -0.3683797368017513   0.0017857646874258914
1481.73   81   -0.36838066972733197   0.0021149626614262226
1490.32   82   -0.368383513294285   0.0018209057080390207
1499.3   83   -0.3683964645757533   0.001686138018435982
1512.83   84   -0.36841683370549494   0.001367812291391759
1525.96   85   -0.36844901704663086   0.003627034402627012
1539.58   86   -0.3684793941336326   0.0018893401497634544
1554.37   87   -0.3685013006918765   0.002334706408356297
1568.34   88   -0.368532313288095   0.00213513037411429
1582.0   89   -0.3685638408817263   0.0017245715973321317
1590.7   90   -0.36857400748037783   0.0022568298139695932
1675.32   91   -0.36857437740437154   0.26554660800932917
1815.1   92   -0.3685743444221671   0.2187423438452407
1913.4   93   -0.36857397797949637   0.2759411219382748
1958.89   94   -0.3685737776625969   0.29554669295782676
2068.19   95   -0.36857377704601013   0.26783871456211744
2150.46   96   -0.3685734709064218   0.27987982135274225
2279.1   97   -0.3685731259730178   0.297023164962562
2343.42   98   -0.3685747664991499   0.3012368566331268
2359.87   99   -0.3685744554475935   0.2966048113197401
2376.47   100   -0.3685744508482003   0.30125098107021536
0.0   0   -0.36857445083540114   0.2631664616636329
430.1   1   -0.36857426615637523   0.3027247008549036
553.08   2   -0.36857394956832146   0.2610551572734782
793.95   3   -0.3685737628006866   0.24139854645321726
878.29   4   -0.3685735114657113   0.2681296228509037
1161.53   5   -0.3685731795780661   0.2876928599878811
1322.67   6   -0.3685746912038928   0.0034563565440265667
1411.92   7   -0.3685748181795827   0.24243443946976204
1974.67   8   -0.36857502121210683   0.24969733504719552
2145.33   9   -0.368574920920663   0.24986496934398575
2664.71   10   -0.36857455917570314   0.30741363416843326
3067.62   11   -0.36857419269602826   0.2245367408910196
3081.18   12   -0.36857422478694346   0.3139057372243999
3122.2   13   -0.3685741273528636   0.2755301806329928
3322.45   14   -0.3685737596435079   0.3007184332987133
3344.91   15   -0.36857375964389666   0.2969555124171909
