0.0   0   -0.12541903833057996   0.010450244662296241
60.75   1   -0.12833622779204545   0.009845996567204581
206.14   2   -0.19838151397646947   0.029236062960657536
298.88   3   -0.20130466279065823   0.032477950790409854
393.94   4   -0.2547210583742171   0.03351583102271529
455.9   5   -0.2725532661185098   0.026160015861651762
543.46   6   -0.28707393841466144   0.03178473082309512
635.98   7   -0.31239538337780837   0.039980042072395805
725.66   8   -0.32995962482573055   0.03244946407395785
823.63   9   -0.3472054179259457   0.016869772873665232
920.97   10   -0.35330733126846886   0.011904485295138746
1013.04   11   -0.3593843062767546   0.011106063845505183
1073.06   12   -0.36259232884006093   0.008133808398538535
1164.38   13   -0.365034416664509   0.004331809586841915
1254.69   14   -0.3653884017287291   0.0031783035231254765
1345.39   15   -0.36597370482311714   0.004180208968963089
1437.78   16   -0.3664363560879936   0.0019769614024522536
1494.15   17   -0.3665342672388371   0.001257255958278269
1581.91   18   -0.3666324080841533   0.0014006109929494079
1673.55   19   -0.36682425025368515   0.0013706633753308136
1761.88   20   -0.3669476218962659   0.0013984823239782667
1849.13   21   -0.3671599791600779   0.00222082107147176
1940.94   22   -0.36739359651467784   0.001583869078919825
2029.57   23   -0.3676704862945432   0.0023609492442135246
2121.59   24   -0.36804328755198074   0.002502702311892619
2183.42   25   -0.3683521043973646   0.003031895831282132
2244.92   26   -0.36853358901446964   0.0021887644193879455
2341.41   27   -0.36867952870352166   0.0013690332197232894
2440.03   28   -0.36887396059775335   0.0013900660919190597
2503.76   29   -0.3691126404294063   0.0028480871819517935
2595.51   30   -0.3693166322755328   0.0016834134448776728
2686.57   31   -0.3695624803449355   0.0019206111197528873
2780.56   32   -0.36975298151583813   0.0014093441516296972
2874.55   33   -0.3698755884262281   0.0013410603644950594
2935.99   34   -0.37000717184809967   0.001390855982682218
2997.01   35   -0.3700758006169116   0.0011053044924233058
3089.47   36   -0.370122679455792   0.0009596150589537553
3182.21   37   -0.37020749196923375   0.000940060624583944
3275.48   38   -0.3702869726172101   0.0007235510257021632
3371.0   39   -0.37037539315143314   0.0012455908708638801
3466.9   40   -0.3704604783782912   0.001317699261838458
3527.98   41   -0.37051129298405283   0.0010266922492327345
3622.65   42   -0.37056122004730047   0.0011346583047717378
3718.95   43   -0.37061493656067873   0.0006982323926900911
3813.45   44   -0.3706620762408941   0.0008340323801295319
3909.21   45   -0.3707300096482949   0.0010262747952739161
3999.21   46   -0.3708013083246679   0.0007073453631926467
4091.15   47   -0.3708599007127036   0.0009954128555698567
4151.45   48   -0.37089813982040853   0.0006448096783734526
4240.14   49   -0.3709297677136958   0.0007357192879449516
4332.16   50   -0.37095374623370775   0.0006540370182027702
4426.68   51   -0.37098636590299394   0.0007187123013735686
4490.14   52   -0.3710087466999588   0.0005832973491391043
4594.43   53   -0.3710327234689857   0.000480569064090284
4692.9   54   -0.37105973278279375   0.0006486087109623332
4752.58   55   -0.3710734432842118   0.0005953873123237824
4849.4   56   -0.37108878205050233   0.0005761496749342915
4942.36   57   -0.3711130710880633   0.00060219279398526
5035.43   58   -0.3711395510951875   0.0008073061175572349
5126.98   59   -0.37116438788514133   0.0005419889160503302
5224.71   60   -0.37117975491361627   0.00048346552860428283
5319.7   61   -0.3711988139810748   0.00039053323168810304
5410.88   62   -0.3712114620600617   0.000524554697525103
5497.53   63   -0.37121907365035794   0.00040762390503946673
5584.71   64   -0.3712284690097625   0.00047008052923820307
5679.98   65   -0.3712415165038871   0.0003262895761254825
5775.83   66   -0.3712549380353446   0.0003029384437110772
5874.93   67   -0.3712668662505889   0.0003724467404854311
5973.77   68   -0.37128173490506927   0.0004260458716001183
6070.34   69   -0.37129136932390533   0.00038399403513189796
6168.15   70   -0.37129848855193925   0.00034643644242016576
6262.58   71   -0.3713087342208637   0.00047606699911574834
6355.31   72   -0.37131755448836373   0.00037429979322991196
6441.79   73   -0.3713261827238201   0.00033781928055021294
6541.45   74   -0.3713323926120061   0.00038193582938856626
6636.83   75   -0.3713428471668694   0.0002496734575552523
6726.03   76   -0.3713527232927449   0.0002535819947054025
6824.88   77   -0.371360416277013   0.000299466677336639
6930.23   78   -0.37136801362365496   0.0003620631905565896
7025.45   79   -0.37137482456718357   0.0003544556731790411
7117.27   80   -0.37138136155240986   0.0004095599701449396
7213.07   81   -0.3713886496442506   0.00030536925753608284
7274.32   82   -0.37139295724421667   0.00025886169582518224
7372.38   83   -0.37139792404632765   0.0002841197550038745
7466.78   84   -0.37140697609481277   0.00046322049327373677
7538.91   85   -0.37141213720356264   0.0003143262769426937
7640.34   86   -0.371416429826661   0.00034633228413825733
7731.63   87   -0.37142306767819944   0.00038627353109630194
7826.73   88   -0.37142907409469117   0.00029273865704031074
7924.33   89   -0.3714365856962848   0.0003107761157283714
8031.62   90   -0.3714423940676951   0.0003758138451017174
8128.68   91   -0.371446160095144   0.00045776505771194206
8227.87   92   -0.37145159873380806   0.00031959359234802454
8321.84   93   -0.37145597328984997   0.00033348524234544
8415.08   94   -0.371459582683321   0.0002675299478297091
8505.84   95   -0.371463420826117   0.0002615020856459364
8588.58   96   -0.37146813313116933   0.0002398263291352986
8698.64   97   -0.3714720980992307   0.00021964615727512588
8797.07   98   -0.3714776792851019   0.00030608558641728983
8885.75   99   -0.37148497429216126   0.0003106333688777483
8949.54   100   -0.3714888302890775   0.00021692581540774594
