0.0   0   0.1835894465649809   0.07765325572862827
18.32   1   -0.15938979647984758   0.33525421708018277
48.61   2   -0.15987604869943023   0.08104684514124717
74.27   3   -0.16145011478959345   0.279796387824145
89.67   4   -0.16277368432734085   0.2545318308354859
135.24   5   -0.16281286148795376   0.08435023559005846
170.7   6   -0.171529928822047   0.3273848605093721
191.12   7   -0.17326333011732298   0.23667704628453207
296.99   8   -0.1732631592319507   0.30250970929409826
391.15   9   -0.17326304632703943   0.2768240838811679
496.05   10   -0.17326287530016582   0.30295205205362596
505.58   11   -0.1747000342682522   0.07635528167313593
523.79   12   -0.1765789216922525   0.2819670782417002
678.04   13   -0.17657876078580306   0.251334624037659
688.79   14   -0.1838435820376726   0.31958323715366427
771.8   15   -0.1859945385264936   0.36647080657268566
788.61   16   -0.24108108749731133   0.00032282096565726734
815.46   17   -0.2830988560797796   0.00018822022355618
833.25   18   -0.30038205640113025   0.00012172146802683076
842.25   19   -0.3115703603952032   0.00012235888052146088
854.5   20   -0.3355791757048341   9.202399207110088e-5
863.79   21   -0.3407435107956708   0.00012276306116485594
880.95   22   -0.35375092325008806   0.00016065068302819312
893.92   23   -0.3666210814221136   0.00011017402036886365
912.43   24   -0.38139744615345755   7.295289983359463e-5
921.7   25   -0.38411821131462653   2.833410886486979e-5
948.32   26   -0.38460638527363233   8.296384175420701e-5
977.01   27   -0.386196039076767   2.142327578934424e-5
990.55   28   -0.3866853326154893   2.0457387945068133e-5
1003.36   29   -0.38698738128937216   1.4269285957120006e-5
1018.04   30   -0.38737563906507   1.332452835141188e-5
1045.32   31   -0.38754653522563987   7.895519887712084e-6
1065.19   32   -0.3879580576370759   0.3370429855391914
1104.0   33   -0.3879580731831236   1.3102803370767725e-5
1114.69   34   -0.3879581127773503   0.36858135866252445
1130.18   35   -0.3880259089919611   7.190117178631147e-6
1143.96   36   -0.38805351128064697   6.914327487300255e-6
1153.72   37   -0.38807139464974183   7.700153027425942e-6
1189.11   38   -0.38809480417727416   1.5415167954237392e-5
1203.7   39   -0.38834233705746773   4.510502576756817e-6
1232.81   40   -0.3884048326056831   3.5404784230804664e-6
1252.52   41   -0.3885292534708767   5.2372132798877e-6
1261.59   42   -0.3885732583871161   5.4538514067048954e-6
1275.79   43   -0.3886015328005022   2.966364517447011e-6
1308.77   44   -0.388655752058645   5.050770047995512e-6
1322.81   45   -0.3886899318185819   0.36268618307923417
1348.43   46   -0.3886897836512113   6.298953047334524e-6
1362.63   47   -0.38869036203703233   5.780364898410357e-6
1376.32   48   -0.38871471316276296   2.8738179707402014e-6
1391.24   49   -0.3887395011412812   2.6222315149609803e-6
1404.76   50   -0.3887558187286964   2.2739283234934156e-6
1442.91   51   -0.3888102884252401   0.37256511629293815
1486.2   52   -0.3888100547519313   4.06879288171531e-6
1496.18   53   -0.38881217733086937   3.7575221418982058e-6
1518.54   54   -0.3888128381593866   0.3990928112032827
1557.73   55   -0.3888128350833109   4.330319770834908e-6
0.0   0   -0.3888128350828094   0.003375691605507538
13.64   1   -0.38884471820354427   0.004807577198185827
24.28   2   -0.38886433675004034   0.004594447171775026
48.38   3   -0.38892728183457304   0.0029782542108281844
80.05   4   -0.38896416784174564   0.0029066125409074064
91.29   5   -0.3889725585224539   0.35225331864133214
137.84   6   -0.3890310033512369   0.26865715863196143
192.03   7   -0.3890306301577541   0.003817810252848334
201.54   8   -0.3890366279131781   0.004192715203272648
218.03   9   -0.38904916671365203   0.0035193177463087415
235.47   10   -0.3890561268143837   0.003825509987735236
246.36   11   -0.38911964246705877   0.0037484429848500147
267.5   12   -0.3892280232389747   0.004206136461224658
299.81   13   -0.38934725000578335   0.008239328283158457
321.2   14   -0.38947988002583966   0.3493351507772771
390.97   15   -0.38947961068376774   0.0069540681119198535
412.79   16   -0.3895720681669341   0.26813539103409345
454.57   17   -0.38957547618173316   0.006336544862609447
464.79   18   -0.3895814387325239   0.0064477275959233535
480.51   19   -0.3896536148884277   0.24952058103890715
505.27   20   -0.3896536083505522   0.004380306774139223
514.93   21   -0.3896706720791963   0.003151917286364999
529.47   22   -0.3896846552386447   0.004622429945247322
538.64   23   -0.389707047004965   0.3337910562203671
583.22   24   -0.3897069046791312   0.0029675517367346144
597.86   25   -0.38971249536502434   0.002706803332998532
624.27   26   -0.3897178350682011   0.004954252249444073
634.41   27   -0.3897365481228842   0.2844945569966592
684.19   28   -0.38973641318008617   0.003192174601074912
718.41   29   -0.3897369659577426   0.003301075613907996
767.52   30   -0.38974428325163324   0.004630449403081972
781.36   31   -0.38976603807525034   0.31682797016859937
794.56   32   -0.389767128202971   0.004489989257770589
810.03   33   -0.3897706224911822   0.34053679448889224
824.21   34   -0.38977075201984474   0.0043822469422758505
842.28   35   -0.38977196488068855   0.0049594911537272635
857.61   36   -0.3897738684911565   0.29635843617487423
873.07   37   -0.3897740045638726   0.003435611602828191
883.65   38   -0.3897741195834231   0.33915161746783207
892.82   39   -0.3897757003255174   0.003352494243768722
903.01   40   -0.3897760175120657   0.23272731174763323
971.61   41   -0.3897783810314927   0.003084127650188205
1000.36   42   -0.389782007147054   0.0018830498043643853
1014.25   43   -0.389789389438305   0.003082655477377283
1025.32   44   -0.3897905133063093   0.23706408140615012
1056.48   45   -0.38979142593020377   0.002682103578671264
1089.07   46   -0.3897949054033384   0.31332991552347955
1104.27   47   -0.3897949591601634   0.0034068467032016886
1124.37   48   -0.3897978022842836   0.0022695655505899997
1135.14   49   -0.38980737696323065   0.002883882222827009
1165.26   50   -0.38982743253959373   0.2943791131077305
1245.88   51   -0.3898270569828378   0.38619010310475127
1266.22   52   -0.3898270864307157   0.00208076742989922
1281.42   53   -0.38982672576558963   0.24668468089638768
1379.5   54   -0.389826725766126   0.0020195718671586005
1400.47   55   -0.3898274048550327   0.001877461914042517
1416.38   56   -0.3898288828460804   0.24813707059763038
1429.7   57   -0.38982895842330956   0.0012936543938552553
1448.85   58   -0.38982929010480405   0.3388626954958776
1458.76   59   -0.38982960998017047   0.3056983719223349
1473.0   60   -0.3898295403457601   0.0019775750846307864
1481.74   61   -0.3898306483891427   0.0013429719720566159
1490.55   62   -0.38983159408461576   0.0018583953982367893
1515.1   63   -0.3898448585545392   0.00232073246461101
1544.73   64   -0.38985021185695923   0.005010235025366767
1559.42   65   -0.3898764057396168   0.0015209210020737593
1573.33   66   -0.3898970572841144   0.002210379493872965
1895.94   67   -0.3898975146795416   0.0027658399618118853
1913.58   68   -0.38992366972741366   0.0012925510030330244
1922.67   69   -0.38992961103997115   0.25820878141024073
1976.38   70   -0.38992948142854167   0.0007668804787510286
1985.07   71   -0.38992987797152456   0.0006907783799427628
1998.02   72   -0.38993720233787166   0.0010387835367843532
2011.79   73   -0.3899381051684709   0.0012059905549501929
2020.88   74   -0.3899485315173374   0.0016815466253325758
2069.77   75   -0.38995811039679706   0.002074418943646004
2106.86   76   -0.3899640276675966   0.0016027902301147855
2138.8   77   -0.38996869763714814   0.0011367593169858653
2152.61   78   -0.38997367911566844   0.0006042798394571455
2171.85   79   -0.38998144994832745   0.3948584404128853
2184.93   80   -0.3899816169000246   0.0005101645437585137
2199.27   81   -0.38998182856830216   0.000577483298717935
2387.43   82   -0.38998184658335305   0.002735959993750762
2397.44   83   -0.3899876817345933   0.0014147002177672527
2407.11   84   -0.38999146635951487   0.0004659759000387089
2416.82   85   -0.38999234526032256   0.30277590276018207
2482.16   86   -0.389992342208505   0.0004751248684189538
2492.94   87   -0.3899923799392855   0.00046459850055293947
2509.15   88   -0.3899948784613406   0.3577656069264942
2529.42   89   -0.3899948961482451   0.2512860457394141
2556.69   90   -0.3899948045511741   0.0006899020381303337
2566.6   91   -0.38999494767326903   0.0005580760763412373
2596.72   92   -0.389995782415325   0.2951193131073408
2638.18   93   -0.3899954651774183   0.0011413437189529282
2647.68   94   -0.3899959663861545   0.000736935599513274
2820.85   95   -0.38999561210075595   0.2660244136168748
2996.7   96   -0.38999549116103305   0.39711844751505493
3197.43   97   -0.38999526536405593   0.35430310898221934
3242.75   98   -0.3899952637891135   0.24060777811174686
3385.31   99   -0.38999488171218205   0.288693027304736
3461.04   100   -0.38999467451735315   0.24453813402301816
0.0   0   -0.3899946745164904   0.22966974785423805
612.43   1   -0.3899943013934434   0.2724829970379789
660.34   2   -0.38999421119642314   0.3646920959519533
710.57   3   -0.3899942114117062   0.0020193616222558327
950.31   4   -0.3899942747010796   0.29059005300921886
1424.96   5   -0.38999396542507725   0.3565001363694859
1465.22   6   -0.38999369629850156   0.28908062298795206
1581.13   7   -0.3899934235697611   0.2586738010573126
1692.7   8   -0.389993328686222   0.2969378619774137
1787.74   9   -0.3899931791402211   0.3148806101478804
1957.28   10   -0.38999293550083447   0.35763449991753615
2037.7   11   -0.3899930143532411   0.27182671877391756
2252.16   12   -0.3899926267533308   0.36232316614309845
2398.78   13   -0.3899922443801751   0.3412168210424823
2503.34   14   -0.3899920665608977   0.0022742286130668795
2710.91   15   -0.3899965217427282   0.26472235682049466
2790.55   16   -0.38999627988010455   0.0011905604760723645
2912.29   17   -0.38999638706155926   0.24641138267390872
3053.15   18   -0.3899963739805288   0.271875308124536
3277.49   19   -0.3899960637999223   0.001229629363593982
3352.17   20   -0.38999608778759065   0.28059733832871625
3403.93   21   -0.3899960777830993   0.3612213394597693
3529.87   22   -0.3899964232066907   0.2787965657633293
3605.08   23   -0.3899963936158344   0.30010182756623327
3767.76   24   -0.38999602186170257   0.0012410769456918675
3857.67   25   -0.38999604062004367   0.3223720595270091
3908.77   26   -0.38999605304332013   0.001232150810193704
3962.03   27   -0.38999606852343865   0.24389530547874497
4013.54   28   -0.3899960944261047   0.001220169298170476
4110.57   29   -0.3899978850511722   0.000550555208734466
4180.22   30   -0.38999849930344177   0.00047091016064684484
4255.23   31   -0.38999878144984784   0.0004638415643086205
4328.3   32   -0.3899991578244217   0.36330544643575213
4370.77   33   -0.38999902557104366   0.0006651714998280744
4471.41   34   -0.3899991807164884   0.00034004839535903015
4519.27   35   -0.38999927880888896   0.0004173238860947609
4589.14   36   -0.39000007963466327   0.00046553307381923395
4662.64   37   -0.39000062348854503   0.26609616196765273
5373.98   38   -0.39000037557631273   0.35829479809086784
5971.46   39   -0.3900000055596479   0.3422072223782259
6071.79   40   -0.3899996214457839   0.2839524309967195
6858.71   41   -0.38999955990719987   0.27336502235218685
7441.79   42   -0.389999199527228   0.4050031838903264
7486.09   43   -0.38999935246189577   0.0010074127217056695
7624.23   44   -0.39000203063032185   0.0004242533178531744
7665.55   45   -0.3900020443666956   0.27680146996092597
7727.44   46   -0.39000233616955293   0.0004640080289111009
7793.97   47   -0.3900023373303   0.0004314129927581499
7836.06   48   -0.39000236109711817   0.00041578955518575383
7874.97   49   -0.39000286955016494   0.24376951764450813
7918.82   50   -0.3900025552403094   0.39493542468625165
8214.26   51   -0.39000234347751156   0.0008145469508071762
8318.09   52   -0.39000245623988766   0.0004960398670229829
8357.38   53   -0.3900028360295963   0.0002629746031222969
8940.45   54   -0.390002734593683   0.34611733168403414
9508.95   55   -0.3900023749912131   0.31098949698635403
9870.93   56   -0.39000236631675617   0.0007728205995078717
9923.5   57   -0.39000287012103174   0.0005509851465041281
9956.25   58   -0.39000321115547176   0.00044054143489401237
9992.95   59   -0.3900035365128545   0.0002891780054209518
10328.27   60   -0.39000314676879333   0.27045604693189057
10648.75   61   -0.3900027786678119   0.31859233202807624
10805.83   62   -0.390002747625577   0.30530806510353464
10939.95   63   -0.39000260054828656   0.3408555525553806
10972.41   64   -0.3900026092681981   0.29108512120746155
11005.05   65   -0.3900026058616747   0.35644306302297374
11035.8   66   -0.39000261868175584   0.3513750765817619
11110.66   67   -0.39000265062999573   0.27676002465675065
11393.38   68   -0.39000320768204516   0.0013918043946042895
11439.87   69   -0.3900032533061619   0.3826522868600318
11471.06   70   -0.39000394127426063   0.0003281641582104992
11527.96   71   -0.39000394152625717   0.0004348165246850363
11562.78   72   -0.3900039415304897   0.3378290448768632
11630.67   73   -0.3900039469034098   0.35621595308851667
11818.49   74   -0.39000394263174226   0.00031216393301676494
11857.36   75   -0.39000394263246985   0.3633345288767758
12438.17   76   -0.3900035883571027   0.2808182717999177
12663.7   77   -0.3900035943975906   0.0009494774445415933
12725.84   78   -0.39000367770505917   0.32234700512492925
12884.21   79   -0.39000373748391093   0.0004570695141705322
12957.59   80   -0.3900038214614582   0.000317852293715253
13003.79   81   -0.39000401438752635   0.00021324476987085857
13051.55   82   -0.39000420038870776   0.00032825291223699304
13094.74   83   -0.3900044224911803   0.3059202680345691
13170.24   84   -0.3900042677059888   0.0008267389165707954
13191.34   85   -0.39000444079921304   0.00030307038836719546
13541.2   86   -0.39000411530716556   0.2947163136163996
13649.82   87   -0.39000392585625104   0.0005521621409161571
13705.61   88   -0.3900043019999142   0.0003539461374942905
13753.82   89   -0.39000448185945313   0.00020859902144139509
13784.98   90   -0.39000460125181435   0.00021313589082602087
13823.94   91   -0.3900049443865453   0.0004185354505773105
13858.95   92   -0.3900054418249548   0.0004965053801404725
13884.36   93   -0.39000586634177825   0.00037965402993993334
13937.22   94   -0.3900066099294906   0.0003493063973913529
13977.47   95   -0.39000869160541596   0.0008437334418676225
13985.4   96   -0.3900098354821596   0.0004917629616388188
13997.43   97   -0.3900106737366194   0.0002923542776936006
14015.09   98   -0.39001124048092534   0.34872815454203315
14048.12   99   -0.3900110057330289   0.00040123262024081185
14055.56   100   -0.3900112166749112   0.00024482128518841205
