0.0   0   -0.393459185525469   0.23732071730300444
534.08   1   -0.3934588590466465   0.20925964103015804
686.69   2   -0.3934585067298432   0.008760399031996807
744.61   3   -0.3934585596116857   0.16689550233972986
821.73   4   -0.39414575787718775   0.006344630256537367
915.74   5   -0.3943988659201301   0.011630611516800967
962.89   6   -0.3946287712530008   0.005034939014115224
1008.73   7   -0.394880571190296   0.006230816204715541
1056.13   8   -0.395049250840362   0.00606515210738972
1102.64   9   -0.39516926075387304   0.005040944305383825
1148.56   10   -0.3952515032918111   0.0024524868472451987
1193.94   11   -0.3953350969169876   0.00235581011326092
1239.72   12   -0.3954170430665293   0.0017973094513726992
1285.21   13   -0.3954558602016231   0.0014028542103304122
1347.21   14   -0.39553041987704723   0.0027970508533660026
1394.08   15   -0.395588289844818   0.0017323484177376616
1439.54   16   -0.3956354359621229   0.002052409108305636
1485.13   17   -0.3957462625934483   0.0025689637208623213
1532.45   18   -0.39583265251225175   0.0025787256302476033
1580.16   19   -0.3959089077567093   0.0017186058108979762
1629.71   20   -0.39595710917862176   0.00186717597516853
1678.7   21   -0.3959865964408382   0.0015945908454311907
1728.54   22   -0.3960598638583184   0.0016201635991680066
1782.76   23   -0.39613393281315223   0.0016750736289908958
1857.13   24   -0.39614552225334926   0.0017642195591719382
1913.34   25   -0.39616880798661325   0.001136239359101836
1974.42   26   -0.3962123466308814   0.0014236403908860944
2016.67   27   -0.39624480616720553   0.002652676061117802
2077.85   28   -0.3962714373419587   0.001241182990325702
2117.31   29   -0.3962896401878502   0.001363415156610354
2179.9   30   -0.3963029689832451   0.001381174049963483
2238.35   31   -0.39632287271951744   0.0012375649073523539
2296.73   32   -0.3963412830901869   0.001167057585525332
2359.01   33   -0.39635549075724885   0.0007639849521844364
2425.62   34   -0.3963737744435532   0.0014722219207839217
2483.2   35   -0.39639619166701   0.0009514107618915371
2541.47   36   -0.39641287684162174   0.0010211223189003475
2604.75   37   -0.39642566814941027   0.0012841013106700268
2664.44   38   -0.39643739167740566   0.0009199338697909153
2798.67   39   -0.3964569375472643   0.0016004721244567705
2976.02   40   -0.39647310806382313   0.0007835956760939801
3142.13   41   -0.3964909460961146   0.0013310747874454754
3193.95   42   -0.3965047251487877   0.0008543039077666557
3246.16   43   -0.3965191226805509   0.0013835615583358348
3298.08   44   -0.39653202663756615   0.0005858347230301969
3354.16   45   -0.39654176558739485   0.0007289076337408853
3392.7   46   -0.39654851882409625   0.0010546220804002581
3449.44   47   -0.39655921645687736   0.0008566078708588996
3506.77   48   -0.39656966217963147   0.0007793656861870783
3563.6   49   -0.3965808937675064   0.000662066755400571
3617.66   50   -0.39658806495454846   0.0009473325771461729
3667.66   51   -0.3965955475324042   0.0007859877702405488
3718.1   52   -0.39660005971042217   0.18419241007435191
3938.94   53   -0.39659989320825645   0.0011096750144541847
3976.59   54   -0.3966004923192463   0.0007911053337621549
4037.46   55   -0.3966074435603634   0.0006547481299800376
4076.61   56   -0.39661133954433303   0.21212549143038062
4133.67   57   -0.3966113264886904   0.0008621214180396017
4217.45   58   -0.3966113753476991   0.000770732609652959
4263.41   59   -0.39661703568905166   0.0009732545696664057
4294.4   60   -0.3966224107786777   0.0011236000668614398
4340.31   61   -0.3966295358440673   0.0006710450687807001
4389.24   62   -0.3966343169772175   0.0006391581417267435
4436.14   63   -0.39664177403861395   0.0005603490436451756
4485.04   64   -0.3966456244949983   0.0006113429785282358
4531.68   65   -0.3966498479500006   0.0006097156796483977
4578.58   66   -0.3966561957788287   0.0007415313472375603
4625.68   67   -0.3966605023191574   0.000730309669648006
4673.43   68   -0.396664192357963   0.0005213496046292659
4719.51   69   -0.3966712604871092   0.0004927648445348935
4767.84   70   -0.3966767609158816   0.0006340016366462953
4816.32   71   -0.3966823360435229   0.0005179408286894829
4863.32   72   -0.3966857381179485   0.0004181272128580441
4911.26   73   -0.3966911660362264   0.00039738590881891324
4959.67   74   -0.39669771215354666   0.0003947269796474735
4991.07   75   -0.39669899830791394   0.0005925430108952737
5044.45   76   -0.39670098995421177   0.0004837600630136781
5080.19   77   -0.39670090501379585   0.000495681476616298
5131.46   78   -0.3967019756799297   0.0004420902680721886
5167.87   79   -0.3967037582316723   0.0004222871687485366
5205.08   80   -0.3967081664849612   0.0005719774570637046
5240.91   81   -0.3967106512803498   0.0004148775080946122
5291.8   82   -0.3967132278306853   0.0004162189343580933
5344.2   83   -0.3967151032421972   0.001326174219311013
5399.68   84   -0.39671958669180096   0.0004502190255142618
5451.98   85   -0.3967213990700541   0.00047330608818127196
5506.45   86   -0.3967257408850724   0.0004035714852358694
5540.06   87   -0.39672782062184575   0.00041103524334292564
5593.46   88   -0.39672969606643543   0.00039502693568214985
5650.61   89   -0.39673102974863034   0.00037946122321267804
5709.33   90   -0.3967329988333165   0.000590540974518227
5764.18   91   -0.3967361236376342   0.0003285085021794942
5822.27   92   -0.39673858048272226   0.00037416305393325944
5887.83   93   -0.3967409411555646   0.00030046644080258415
5966.56   94   -0.396743448672415   0.0002747502588523186
6061.07   95   -0.3967455283297919   0.00045174090367776414
6157.34   96   -0.3967473975398629   0.0004757434780666336
6220.24   97   -0.396748064705616   0.0005085041745079464
6306.85   98   -0.39674945112549975   0.0002743227410486829
6371.87   99   -0.3967491239718132   0.00158638597380577
6435.69   100   -0.3967503611592115   0.0002091253403411919
0.0   0   -0.39675037893131027   0.00023591055432323234
55.52   1   -0.39675096681185507   0.00040854717620094445
133.76   2   -0.3967514355978994   0.0004357976592931784
216.87   3   -0.39675201352604217   0.00023865821368765586
301.32   4   -0.39675256683178145   0.0005550720785408281
383.02   5   -0.3967530816466425   0.00034590668866370304
487.14   6   -0.3967537379820665   0.0003783730022943767
590.51   7   -0.3967543700132671   0.0003851567729840753
699.16   8   -0.3967550905107604   0.00022039676108963756
808.6   9   -0.3967558589920116   0.00021950898672721273
921.49   10   -0.396756125832071   0.00023744928242683697
1039.48   11   -0.39675725721764354   0.00041268534387841965
1137.01   12   -0.39675835654262204   0.00023576462529396723
1219.17   13   -0.3967591493164493   0.0003895443152262189
1304.93   14   -0.39676013665608956   0.0002718198479379023
1393.39   15   -0.3967611369499018   0.00020174217293536807
1475.28   16   -0.3967624036943438   0.00022325555299162737
1558.83   17   -0.39676384889864563   0.00020353377942013959
1645.64   18   -0.39676531058436876   0.00020532263403353588
1729.05   19   -0.3967664043432119   0.0002209256242864481
1867.55   20   -0.3967675869189564   0.00031767517170867924
1951.16   21   -0.39676908591021853   0.00016222188316059995
2037.52   22   -0.3967706975587452   0.00024641613921040954
2094.41   23   -0.39677137749240493   0.000621762328206349
2177.69   24   -0.3967722225690397   0.0003852751670822412
2231.16   25   -0.3967722240434406   0.1957952776505384
2286.81   26   -0.3967727475665871   0.000344727882405737
2398.35   27   -0.39677275111078997   0.1608349808540062
2457.98   28   -0.39677251647232664   0.0005029789972001189
2509.96   29   -0.3967727525577476   0.0003454241585681813
2604.01   30   -0.3967729933117067   0.00035250129880847397
2699.77   31   -0.39677331239924996   0.23689542715357814
2917.78   32   -0.39677297350058816   0.15680291633589283
3072.38   33   -0.39677283449246165   0.17990395968238604
3169.36   34   -0.39677258299124485   0.0007077355872035383
3219.96   35   -0.3967731301942804   0.00038574872797469175
3273.95   36   -0.3967735144030051   0.1733912174789789
3387.89   37   -0.3967733652425629   0.00040445124593000293
3604.74   38   -0.39677355781927215   0.0003122118464009165
3665.13   39   -0.39677386956163624   0.00022138567242866087
3723.18   40   -0.39677415062117105   0.0001789645675367106
3776.96   41   -0.3967742892917876   0.0002630297875280772
3867.05   42   -0.39677488803161975   0.0002265164361498857
3924.8   43   -0.39677533648438895   0.00026417227131288293
4034.38   44   -0.3967756635281911   0.00016014983718544862
4148.15   45   -0.3967760407518153   0.00014322347550732386
4340.83   46   -0.3967760235564098   0.0001462489428093962
4451.62   47   -0.39677606699225165   0.00021798959832908973
4532.26   48   -0.3967760215813932   0.00015281366343961752
4593.24   49   -0.39677622033790727   0.00024514409290183015
4648.87   50   -0.39677624000540357   0.00022881364023753388
4737.09   51   -0.3967766136925166   0.00021404384113513314
4794.29   52   -0.3967770875851258   0.0003780277616462073
4922.64   53   -0.3967770998934831   0.0003668274303911134
4999.47   54   -0.39677690183326236   0.00036876135427767404
5070.42   55   -0.3967773293672388   0.24530771313914712
5237.17   56   -0.3967769970226649   0.0006000873937498613
5294.46   57   -0.3967774201110139   0.00016807649786360003
5467.92   58   -0.39677755408494636   0.00021370736224380572
5527.06   59   -0.39677777392554914   0.23795848974543957
5627.52   60   -0.39677768903056115   0.0003104667909751923
5681.59   61   -0.3967777068819964   0.00027610068059770866
5740.41   62   -0.39677788241978207   0.21855311450879283
6031.17   63   -0.3967775967888672   0.13413338280382808
6121.34   64   -0.3967777196192868   0.00023370832716427384
6177.35   65   -0.3967777341661702   0.1705391573621082
6234.81   66   -0.3967778068260761   0.00014727441869159084
6512.28   67   -0.39677781222515013   0.2275069354150024
7076.16   68   -0.39677777199970893   0.22085956218198002
7346.04   69   -0.3967774000478545   0.1577715840204628
7406.09   70   -0.3967776787745721   0.00031444784683800703
7845.22   71   -0.3967773263429563   0.31251717358866854
7926.6   72   -0.39677722334572674   0.14868448709884896
7980.61   73   -0.39677730067600475   0.1962531829174361
8036.43   74   -0.3967775816694564   0.0003602191469586039
8097.7   75   -0.3967776577222858   0.00024189751241005978
8152.53   76   -0.39677767804040354   0.00024216862725995528
8235.0   77   -0.396777732740362   0.00022964515419582638
8294.66   78   -0.39677779625469306   0.00033748522725185167
8409.86   79   -0.396777988641138   0.00023945895062474164
8468.76   80   -0.39677799247973905   0.00024477340938442333
8528.38   81   -0.3967780052632057   0.00024910866136421155
8582.36   82   -0.3967782198425735   0.0002073793995019907
8640.48   83   -0.3967782311407401   0.21904005473723748
8691.42   84   -0.39677841049177126   0.00021929835995628067
8740.33   85   -0.39677841200545494   0.00018754228222322625
9131.67   86   -0.39677834366091036   0.15900373357519804
9205.1   87   -0.39677840032789186   0.00020409875913447896
9296.34   88   -0.3967784044132663   0.2528942544579698
9343.53   89   -0.39677842267862207   0.00018479019560930352
9390.89   90   -0.39677841841723543   0.000195910133217103
9467.85   91   -0.3967785636722656   0.0002608919710353047
9639.86   92   -0.3967784168451224   0.00019950223662277812
10311.63   93   -0.39677836753639295   0.20799593569429056
10714.17   94   -0.3967780059458411   0.1532900275643644
11021.93   95   -0.3967776136426776   0.17556782125558668
11212.68   96   -0.39677726845015354   0.22178112562882968
11324.69   97   -0.3967772255425918   0.1540204970551583
11386.87   98   -0.3967768416581266   0.256957627519034
11474.71   99   -0.3967775352053129   0.14964903084608755
11568.37   100   -0.3967778248226947   0.23384627072955083
