0.0   0   -0.38317317093254577   0.23534492285582972
1336.12   1   -0.38317294225324006   0.17878397214264205
1462.18   2   -0.3831726526845892   0.2591169083037272
1498.36   3   -0.3831726205271516   0.1705440585023669
1872.57   4   -0.3831722388355315   0.2139629955499862
2271.41   5   -0.3831718693135987   0.22347978821156025
2362.62   6   -0.38317180541661305   0.011258105483117026
2458.68   7   -0.3831723516229768   0.23651843141250978
2809.32   8   -0.38336990503871005   0.011826151525102607
2902.3   9   -0.3845154334953058   0.012300788078143015
2971.82   10   -0.3850506399816658   0.008515805269484433
3042.6   11   -0.38534981537212487   0.01123222035340947
3112.55   12   -0.38572785248449637   0.006519627468621857
3182.42   13   -0.38597128395766667   0.00629278757253024
3249.43   14   -0.38623640513235596   0.004619204659581911
3317.68   15   -0.3864093365279904   0.0031514366696725757
3383.17   16   -0.3865610842350323   0.0033603009880765274
3446.19   17   -0.3867580317191798   0.004223975827546292
3508.85   18   -0.3868701643159125   0.0024614187180711997
3573.25   19   -0.3869809462325208   0.002881679254070081
3638.14   20   -0.38710640089990506   0.004508269238097127
3705.5   21   -0.38721382321322195   0.001771198905641398
3771.65   22   -0.38731955767505016   0.0023269510391968028
3835.94   23   -0.38753617598322154   0.0021878612512325284
3904.41   24   -0.38769151195805784   0.0028217139200825475
3970.72   25   -0.38780467169496097   0.00351300979840422
4039.1   26   -0.3878973140382944   0.0015807223705517066
4107.28   27   -0.387946614374011   0.0020002470867076945
4169.81   28   -0.3880480247152521   0.002031645695462383
4237.14   29   -0.3881209765868092   0.0016725358056004721
4306.83   30   -0.3881585807966192   0.0015034984284050866
4376.05   31   -0.3881919338545281   0.0036098256423641286
4444.4   32   -0.3882086476560476   0.2156851060656811
4690.01   33   -0.38820851155322655   0.002277126199214679
4735.05   34   -0.3882105361103228   0.001599812591233373
4803.87   35   -0.38822124242801825   0.0010892789475275022
4890.01   36   -0.38822404283676476   0.21250720358985842
4954.55   37   -0.3882546226347427   0.0014637339000829334
5019.13   38   -0.3882584659348094   0.0013006503326071098
5061.99   39   -0.3882685073481687   0.001732615543820629
5122.31   40   -0.3882849936457884   0.0013640739135672955
5183.79   41   -0.38829994865207745   0.0020023792464423326
5245.22   42   -0.3883154421197027   0.0012739647557217216
5285.1   43   -0.38832150639725016   0.0007685411061467602
5350.68   44   -0.388337081246542   0.0010541212217192902
5420.72   45   -0.3883594283633025   0.0014908642685056977
5471.36   46   -0.38837414585150887   0.00104669118883159
5552.84   47   -0.3883899258592268   0.0011090241948549795
5632.38   48   -0.38839962819644175   0.0006152048726017289
5709.96   49   -0.38840800687099847   0.0006816301356052982
5788.39   50   -0.38841655286403187   0.0008251446755338812
5862.28   51   -0.3884284351331615   0.0009061081797951731
5946.74   52   -0.38843883443613325   0.0009351393569770159
6022.03   53   -0.3884498093662649   0.000750660817718369
6095.1   54   -0.38846171757213055   0.0007416256146047514
6167.67   55   -0.38846683797464854   0.001312088997705176
6238.59   56   -0.3884724946820589   0.0006408358613011037
6361.44   57   -0.3884727397811325   0.0006557310879348658
6443.06   58   -0.38847947205556926   0.0006397487512810432
6512.79   59   -0.3884855635438636   0.0006829444839475311
6583.45   60   -0.38849064281387147   0.0006003862219901211
6652.28   61   -0.38849713336556224   0.0007484190507892643
6704.04   62   -0.38849984569100576   0.17531806374842548
7287.13   63   -0.3884995640978226   0.0012655806329465356
7360.59   64   -0.3885000141362943   0.0008444683400317398
7449.47   65   -0.3885075798186815   0.0007126358479182082
7523.87   66   -0.38851167010593335   0.0006163672499659353
7595.06   67   -0.388515622145858   0.000512501535118867
7669.95   68   -0.3885198301570483   0.0005370282497952142
7745.34   69   -0.38852426731805695   0.00047316936770495433
7817.53   70   -0.3885270290886388   0.0005121040616578285
7888.78   71   -0.3885317928220332   0.00045755286649490904
7947.25   72   -0.38853581044541835   0.00046050211268928233
8014.7   73   -0.3885388873798538   0.0004934816097343352
8074.75   74   -0.3885429268706862   0.00042286575287282704
8135.85   75   -0.38854718734975857   0.0004165782468198691
8195.04   76   -0.3885495251412565   0.0006442519181663762
8253.6   77   -0.38855137944503676   0.0006153139935963386
8312.66   78   -0.3885544893874925   0.00036005299490244366
8370.42   79   -0.3885590987706957   0.0003379205413650492
8408.78   80   -0.3885607473274918   0.00035697243074316433
8466.54   81   -0.38856212151409864   0.00031531579788840453
8526.41   82   -0.38856436765038194   0.0003387752997578931
8702.93   83   -0.3885644992406571   0.0003298432650247078
8777.48   84   -0.38856699382091664   0.00037378499535177805
8838.5   85   -0.3885703308916247   0.00031299442462812767
8878.64   86   -0.3885715883161137   0.0005792759712175796
8940.18   87   -0.3885730370505513   0.0002395092375576982
8998.99   88   -0.3885744155707731   0.00022159829271566607
9057.59   89   -0.38857618688751366   0.0004462260759778519
9132.98   90   -0.3885775891461443   0.0002412319260147434
9212.19   91   -0.3885801182347007   0.00029901564224907437
9267.95   92   -0.38858166608640393   0.0002969735480213055
9324.86   93   -0.38858299589475337   0.00042382844942509063
9383.66   94   -0.38858430346898587   0.00034934698967458555
9441.64   95   -0.3885855895559283   0.00028230576729426616
9499.38   96   -0.3885870388983535   0.0002686204626747984
9584.8   97   -0.3885881973496266   0.00029954434085114
9647.61   98   -0.38858897621444943   0.00043164781280911343
9709.55   99   -0.3885898621254111   0.0004748458939153216
9773.54   100   -0.3885912130337685   0.00028134469212162916
0.0   0   -0.3885912130019663   0.00031741548849541814
51.19   1   -0.3885917114687441   0.0003620638366270095
168.38   2   -0.3885921222961565   0.2651409655049397
264.15   3   -0.3885918860259571   0.00043030798553869644
311.95   4   -0.3885922028811828   0.00020998046451365507
358.12   5   -0.3885922337045603   0.0001633312608164513
407.71   6   -0.3885923108410485   0.18019116747419472
511.97   7   -0.3885924226517632   0.0002116328751730833
557.02   8   -0.38859248925299167   0.0003560257583189181
609.58   9   -0.388592701265472   0.0003791570207049069
802.11   10   -0.38859307016512007   0.23362209105508586
853.47   11   -0.388592750852656   0.0005387312962102345
901.17   12   -0.3885929035652602   0.0002828462969982323
955.65   13   -0.3885930952277583   0.0005190076662666347
1006.31   14   -0.38859339023660244   0.0002977814100609305
1110.13   15   -0.38859345859402805   0.00026252971170640627
1190.17   16   -0.38859394487464827   0.0002067578460733203
1302.53   17   -0.3885945969699546   0.00024872126242006287
1454.25   18   -0.3885948250832441   0.1736835061155092
1560.43   19   -0.3885945400717653   0.000455640175217357
1620.68   20   -0.3885952228133702   0.00022514909131584034
1680.02   21   -0.38859524371776694   0.00021644809653630456
1759.26   22   -0.3885959993154655   0.00020690678410661105
1842.57   23   -0.3885965576117739   0.0002639289807510166
1925.64   24   -0.38859692732055856   0.00022205193525292263
1977.86   25   -0.3885973780185814   0.0002226805954528003
2062.18   26   -0.3885980791967725   0.00024152543455032338
2147.01   27   -0.38859879492954585   0.00019834282125547395
2234.94   28   -0.3885995041254401   0.00023946050417652132
2342.52   29   -0.38859983547325083   0.00023323073337995774
2433.19   30   -0.3886005069257495   0.00025181984518020075
2511.42   31   -0.38860149223657303   0.00023351776878605235
2584.81   32   -0.3886025018306097   0.0002195741309391196
2650.76   33   -0.38860329316092884   0.0002729573152715323
3519.06   34   -0.38860304709550364   0.2660347418812073
4134.05   35   -0.3886030408825508   0.1987637124033807
4571.03   36   -0.3886030406310416   0.27351959783337615
5165.92   37   -0.38860300508968476   0.16995888045349947
5469.95   38   -0.38860272147596325   0.17000652159527962
5771.74   39   -0.3886024767093542   0.18610068735972998
5852.04   40   -0.3886025882322035   0.0010782893719353797
5910.21   41   -0.38860325973070503   0.0002942984821439401
5968.58   42   -0.38860332428134486   0.0002883495561613802
6027.43   43   -0.3886033610130623   0.0002468847440849191
6088.93   44   -0.3886035521573086   0.00022300940549611423
6143.88   45   -0.38860402233708197   0.0004546919651295168
6203.61   46   -0.3886044066059113   0.20927328337810783
6397.18   47   -0.38860432106569387   0.0005570118929133107
6492.6   48   -0.3886044141851175   0.000227342979202824
6560.44   49   -0.38860454310873077   0.17397672922557422
6630.65   50   -0.3886047997363475   0.0002256976826950815
6904.71   51   -0.3886048027540243   0.15399974746512457
7190.69   52   -0.3886047783018037   0.2754346526804748
7692.48   53   -0.38860473395271933   0.2735035390418553
8005.77   54   -0.3886044930547747   0.17125892984386076
8153.06   55   -0.38860477877502975   0.17799309527550722
8440.67   56   -0.3886047785040675   0.17965548922908128
8760.73   57   -0.3886047775232312   0.1828643590633225
9160.5   58   -0.3886047608235742   0.1743023688461266
9206.87   59   -0.3886047639853358   0.1795459273242168
9740.45   60   -0.3886045431196986   0.000497222625013161
9814.33   61   -0.38860455599865507   0.16735739139541522
9893.71   62   -0.38860472936315527   0.26868784991538186
9970.2   63   -0.3886047293617526   0.1899138772332717
