0.0   0   -0.3804600766966855   0.27370282471564844
55.72   1   -0.38047733075618295   0.25536675219021393
98.27   2   -0.3804771455910252   0.26068765735555727
153.26   3   -0.3804767884575916   0.26961823864947126
185.78   4   -0.38047642968739126   0.24252533865756062
218.1   5   -0.3804761758573062   0.004287226533209457
227.98   6   -0.3804761890158318   0.3258551616921904
246.05   7   -0.38047621969954454   0.24897917162856
263.51   8   -0.3804761417967908   0.3604786106640452
289.38   9   -0.38047601438021983   0.30103125558813915
315.13   10   -0.3804756373467697   0.0043214366555985595
328.87   11   -0.3804759055254623   0.330866332634478
335.3   12   -0.3804756833140911   0.004317307559410353
341.98   13   -0.3804756928164019   0.30437578282203154
349.32   14   -0.38047572713581224   0.3428806002705524
370.74   15   -0.380486468754251   0.29801036464328196
448.57   16   -0.3804861997929318   0.30704056999401413
456.02   17   -0.38048613482208216   0.2894375374781458
473.1   18   -0.3804860171561192   0.3465635463337457
479.94   19   -0.38048606005629054   0.2772681952477948
490.92   20   -0.38048642445086706   0.003015989682433972
498.65   21   -0.3804864703870359   0.315829005337673
509.73   22   -0.3805330910321453   0.2975187817529573
517.0   23   -0.3805450944665792   0.35479443502203656
528.28   24   -0.38055520632838463   0.2792295038914194
556.95   25   -0.3805548984169945   0.3031624608075789
582.67   26   -0.3805641751454183   0.32587510813995996
607.58   27   -0.3805658655725259   0.3017039941517115
614.37   28   -0.3805655207980281   0.005515977031780341
635.31   29   -0.38056556071249115   0.35907110776520423
641.94   30   -0.3805656086567698   0.25838911641782186
652.55   31   -0.380565464610185   0.2652213450508329
666.7   32   -0.3805652215425101   0.3498668489485495
687.3   33   -0.38056492796259267   0.3393517175728788
707.67   34   -0.38056474043470145   0.3025316018032337
721.77   35   -0.3805645557500006   0.3454562830561886
745.28   36   -0.38056429616364973   0.27697597684931674
763.45   37   -0.38056510531694715   0.004963060374734231
776.68   38   -0.3805675984358933   0.005223795206588064
783.64   39   -0.3805967907434108   0.3428550466219908
802.28   40   -0.3805983640674192   0.2613636394235407
812.25   41   -0.3805987538996073   0.0020676056832527067
822.1   42   -0.38059892469872536   0.002159729884309346
829.33   43   -0.3805994575070723   0.002010200861426164
854.09   44   -0.3806034105071997   0.42644632887539446
888.76   45   -0.38060307019409   0.3465126145474619
906.21   46   -0.38060334589331724   0.0013895473935036254
923.6   47   -0.38060378540716566   0.3495811181110242
937.32   48   -0.3806035494588518   0.003509076951163929
947.73   49   -0.3806048865792584   0.002168920473128521
965.11   50   -0.38060523379278205   0.0023074556658173317
983.77   51   -0.38060604984127666   0.0016444207471802245
997.68   52   -0.38061168048139715   0.0011829378708329494
1007.64   53   -0.38061973952741607   0.0017564631735255602
1111.82   54   -0.38062201882823665   0.3998771699137677
1166.62   55   -0.3806217979408795   0.0026690427765849243
1180.87   56   -0.38062542125777105   0.002309193186734545
1195.02   57   -0.38063726978695   0.0014656687408271774
1202.18   58   -0.3806385907671034   0.0010387653660893215
1210.12   59   -0.38063862172664065   0.27724683829648855
1231.99   60   -0.3806409208778031   0.000763845060334001
1239.94   61   -0.3806409209787585   0.27344479703911007
1250.86   62   -0.38064116806098963   0.0007651512349475856
1265.09   63   -0.3806412963111827   0.3543323089497652
1275.69   64   -0.38064143658988914   0.0009186590483828352
1286.61   65   -0.3806414381391925   0.41932122567793373
1293.5   66   -0.38064136248789915   0.0009451746250895573
1300.65   67   -0.38064143817747   0.0009173412853006426
1311.5   68   -0.38064165783517556   0.3794017902238981
1326.69   69   -0.3806413520503664   0.347036122705133
1337.34   70   -0.3806414336812325   0.0009289964966882793
1344.8   71   -0.38064149633432376   0.305042421844071
1355.28   72   -0.3806416684318468   0.0009098755830577675
1369.49   73   -0.38064166851634484   0.32852881380448246
1376.1   74   -0.38064166889610357   0.0009129132380112233
1390.05   75   -0.380641668953589   0.3814654651126313
1408.1   76   -0.3806416689769982   0.0008977012201767903
1418.37   77   -0.3806416697866236   0.3558409831190474
1432.66   78   -0.38064167054151954   0.35395335863956245
1443.62   79   -0.3806416731265292   0.3601938052839184
1454.23   80   -0.3806416468569073   0.2446850306267299
1464.84   81   -0.3806415625561155   0.3032728679903002
1483.06   82   -0.38064135858077214   0.331574102659767
1504.34   83   -0.3806409870717395   0.34693727701059457
1579.74   84   -0.38064098689724296   0.2576796449470745
1670.06   85   -0.3806409789886052   0.2974369539719382
1731.47   86   -0.38064100339977325   0.0008362799632455087
1753.18   87   -0.380641802307639   0.000757522008385327
1764.7   88   -0.3806432855646139   0.3157111781758729
1778.94   89   -0.38064301578105103   0.0005135984518845525
1793.37   90   -0.38064322874108025   0.00079382862086491
1801.39   91   -0.3806434617005218   0.0007511973306706575
1808.9   92   -0.3806441639394458   0.3521163941416484
1834.04   93   -0.38064402999507657   0.3578455053017814
1878.8   94   -0.3806437059994808   0.0006097539126962031
1894.45   95   -0.3806437276866082   0.347171154737676
1901.79   96   -0.3806437320932581   0.30724607064091697
1919.62   97   -0.3806435524108831   0.0008631727551396245
1926.71   98   -0.3806437177330738   0.0005139589933472544
1952.48   99   -0.38064404401018426   0.34051827786062405
1963.42   100   -0.38064372911900624   0.35366506385019386
0.0   0   -0.3806437291211022   0.27732646833943025
77.56   1   -0.380643730026696   0.0009820414413570268
122.25   2   -0.3806437331533621   0.34658537924879446
207.11   3   -0.3806434942537695   0.3460014788732233
262.96   4   -0.3806432989722629   0.35881712567453117
298.93   5   -0.38064307908346845   0.2991629649757561
317.64   6   -0.3806429036986456   0.3564713663567926
357.68   7   -0.3806428092083613   0.3749005269253539
421.9   8   -0.38064268214160524   0.001096803263997018
438.87   9   -0.3806426911916631   0.30383251493481206
456.4   10   -0.3806426893241735   0.3810372172425996
472.83   11   -0.38064267766930926   0.0010952173269224933
483.96   12   -0.38064267789709494   0.34800575045211546
495.88   13   -0.3806427022680542   0.3061510208644976
510.23   14   -0.38064292589623683   0.3442715120022922
522.49   15   -0.3806431497629276   0.4183070037622769
651.22   16   -0.3806430070331276   0.000926790271829426
691.48   17   -0.38064357230637413   0.0006654532949000898
709.15   18   -0.3806444654086508   0.0004855155992733948
720.61   19   -0.3806444676574457   0.2882864199750127
745.59   20   -0.3806445415745099   0.0004181827542603839
763.45   21   -0.3806447741643445   0.3790676982440513
774.75   22   -0.3806445658954196   0.3629360608720704
821.23   23   -0.3806443574720856   0.0005480878855997027
853.54   24   -0.3806447206595512   0.0004978502593922164
870.29   25   -0.3806454245574201   0.41956877747545307
887.3   26   -0.38064529157516713   0.0008648422170019779
904.16   27   -0.3806453564952603   0.2884150049985441
939.66   28   -0.380645198090482   0.3365060381128394
980.04   29   -0.38064489349606795   0.001140574642510406
1003.81   30   -0.38064534773920394   0.36113288945215566
1015.54   31   -0.3806450466624012   0.0007759070247855891
1032.91   32   -0.380645383859469   0.0003865613501935907
1052.15   33   -0.38064538511667334   0.42023259987294875
1111.26   34   -0.3806453895624707   0.0003624595728774048
1123.72   35   -0.3806453946970853   0.38850367782578
1135.33   36   -0.3806454148026329   0.2704767900022254
1147.12   37   -0.38064541174101263   0.00031750648223538775
1159.16   38   -0.3806454122316859   0.25475033324485163
1170.64   39   -0.38064541530910734   0.0003150369791775817
1361.93   40   -0.38064540344977843   0.3670410464522439
1474.63   41   -0.38064535865309723   0.3089773027790508
1499.49   42   -0.3806451682660795   0.3317456832571434
1527.74   43   -0.3806450957271981   0.0008506747632230191
1554.05   44   -0.38064510565070603   0.26628905341042447
1572.36   45   -0.38064509672899133   0.3455892059605763
1625.99   46   -0.3806450635510396   0.000870528899040905
1662.56   47   -0.3806453350686785   0.2826405143131475
1674.35   48   -0.3806450706361999   0.3589223791573459
1691.88   49   -0.38064507064383346   0.3543721691603785
