0.0   0   0.41133518672927066   0.010400821767673013
97.94   1   0.20625834086619504   0.04573107923974466
170.55   2   0.017099425093620252   0.0185974358029902
211.5   3   0.010220678658227962   0.020507986356705536
294.32   4   -0.17669889818397025   0.02054312089094138
334.15   5   -0.32637066102138784   0.011505416891845074
396.01   6   -0.4703530319040644   0.004691129680152364
462.06   7   -0.4989844573032061   0.002718662904008651
521.2   8   -0.524876412161345   0.004920941982620164
560.73   9   -0.5380312550956943   0.005325469289965877
630.76   10   -0.5582217022415429   0.002253968912261204
671.01   11   -0.5622964868857219   0.0012908599855189914
2334.57   12   -0.5632676958208891   0.0031351880946648373
2393.61   13   -0.570625914593455   0.0023544942973485403
2459.3   14   -0.5848709383142644   0.00124993184464015
2503.17   15   -0.586501499270526   0.0009900214432683695
2542.96   16   -0.5881017472847977   0.10037447535029588
2881.72   17   -0.588101191936137   0.000551307130911914
2923.09   18   -0.5882753742457149   0.0004950072219802443
2964.3   19   -0.5883947542617177   0.0003926925015461358
3024.72   20   -0.5891272961357651   0.0003023478223665084
3086.28   21   -0.5894032926092024   0.00014451326181376268
3148.17   22   -0.5894845363778033   0.00017073393861838016
3208.08   23   -0.5896576540240474   0.0002442662982794154
3269.83   24   -0.5898051993514902   0.00019659432588500376
3332.58   25   -0.5900524369265003   0.00019481769116047468
3397.26   26   -0.5902165784040125   0.00013412966048497834
3480.19   27   -0.5902859306629096   0.00014613987168159257
3589.0   28   -0.5904212266714944   0.0003266324973251852
3653.87   29   -0.590681016180373   0.00023307464521959113
3718.97   30   -0.5908547164603677   0.0002379428939556374
3785.87   31   -0.5912692282368324   0.0003196487629168749
3850.97   32   -0.5917917044155385   0.00026299173942212923
3891.73   33   -0.5921082895181135   0.00019719770377757206
3955.45   34   -0.5922551069913442   0.00020193679406855597
4018.84   35   -0.5924117988373341   0.0001414406711477993
4081.55   36   -0.5925694747900375   0.0002213946668524817
4125.12   37   -0.5925796028018746   0.00021061175214015976
4189.27   38   -0.59269800885377   0.00015768687034904463
4254.59   39   -0.5928810473082352   0.0001684303837686312
4320.56   40   -0.5931657428008978   0.0002207460948555259
4389.56   41   -0.5935373233308612   0.00025902092807281277
4430.73   42   -0.5938700502595616   0.00031914018484834
4496.05   43   -0.594309187381545   0.0003288415264568333
4559.59   44   -0.5945503788490999   0.0001972305395239552
4642.25   45   -0.5946618844291227   0.1958299848272905
4962.35   46   -0.5946613341250172   0.0002127617138198345
4997.64   47   -0.5946728452863637   0.00016389195762518428
5052.0   48   -0.5947853941743595   0.0001526428212664015
5105.01   49   -0.5949155568274116   0.0001656361603543387
5160.66   50   -0.5950008560611368   0.0001582827593533421
5217.56   51   -0.5950922829700077   0.00015386006575562677
5274.33   52   -0.5952324284828878   0.00016460336279878438
5335.95   53   -0.5953224461963759   0.00015243037564831562
5397.55   54   -0.5953764585536858   9.834581968927156e-5
5459.83   55   -0.5954420718719663   0.00014065062319586463
5524.21   56   -0.5955372861836062   0.00011901113177900373
5592.39   57   -0.5956006178573308   9.174091142192865e-5
5655.51   58   -0.5956852310248919   0.00018134333683233927
5720.53   59   -0.5957924323234663   0.00014091107493838977
5784.22   60   -0.5959096653655331   0.0001366104905929316
5852.19   61   -0.596059574451631   0.00015106320049410344
5917.38   62   -0.5962017261955507   0.00016405923333898356
5983.97   63   -0.5963804569012969   0.0002010154530389891
6048.07   64   -0.5966374045826934   0.00014100269280097023
6092.14   65   -0.5967552111250252   0.00011915708668693948
6137.98   66   -0.5968080675281897   0.00011140106419426427
6206.19   67   -0.5968656007883146   8.576133592854467e-5
6271.73   68   -0.5969732460625052   0.00010963529581348942
6331.09   69   -0.5970526344395   0.1191672544782884
6589.97   70   -0.59705257760382   0.00013898410809506289
6630.92   71   -0.5970793717863883   7.619714083704163e-5
6673.45   72   -0.5971159600291259   9.667981191803712e-5
6713.78   73   -0.5971908311328687   8.582698850756025e-5
6778.33   74   -0.597237388452741   0.00013541684277845674
6839.69   75   -0.5972707222852315   8.603654048355772e-5
6909.26   76   -0.5973044642556968   7.054112152302806e-5
6976.83   77   -0.5973417428053246   9.680064666668847e-5
7040.3   78   -0.5973627121528944   8.692607893915602e-5
7106.79   79   -0.5973826634783928   6.176912133874921e-5
7169.73   80   -0.5974110272021104   6.082948692156807e-5
7234.2   81   -0.5974562442296183   0.00011738647541448698
7278.46   82   -0.597481147477797   8.427945575447016e-5
7342.44   83   -0.5975014945568945   4.524824313069988e-5
7407.87   84   -0.5975232756498092   4.325677223051555e-5
7475.99   85   -0.5975445138307305   7.889822812659055e-5
7516.23   86   -0.5975600266947525   6.0159468170644814e-5
7577.89   87   -0.5975732947942263   6.635567130781072e-5
7645.32   88   -0.5975913856739045   4.4813311592943226e-5
7719.03   89   -0.597603713703292   4.213636096122957e-5
7789.28   90   -0.5976161577777791   3.68107131250262e-5
7856.09   91   -0.5976284666448327   5.233057290788133e-5
7920.68   92   -0.5976423695085729   3.833055615199021e-5
7984.62   93   -0.5976546275939468   3.951748345938021e-5
8051.49   94   -0.5976696154972243   3.602349214763548e-5
8116.12   95   -0.597685904172508   3.3319518262824506e-5
8179.46   96   -0.5976995882476199   4.123793345292896e-5
8240.73   97   -0.5977123754674704   9.200923591853303e-5
8282.9   98   -0.5977203176330446   3.326329987372056e-5
8346.57   99   -0.5977269700300439   3.5229655115347764e-5
8412.95   100   -0.5977379627846886   6.073214075892181e-5
0.0   0   -0.5977379596631269   0.0014695349357515789
319.96   1   -0.5977415582512772   0.0011235009600816554
847.3   2   -0.597744903085249   0.000721717935097734
1326.68   3   -0.5977489798646654   0.0013032986136379174
1833.11   4   -0.5977542604696333   0.0008131835352405325
2310.64   5   -0.5977574921997773   0.0010359594114702278
2955.69   6   -0.5977589692133948   0.0008660443874209629
3447.86   7   -0.5977647227524465   0.0006593489288734699
3940.87   8   -0.5977704263629089   0.0009232276823658386
4435.58   9   -0.5977759221347708   0.0008340906509746066
4891.67   10   -0.5977845426280505   0.0009526148449328802
5392.36   11   -0.5977906520159121   0.0009918926473323035
5833.47   12   -0.5977979401881798   0.0007823020109237243
6402.13   13   -0.597812517093198   0.001025580361922176
6924.82   14   -0.597822067036083   0.0008808517022089317
7434.12   15   -0.5978364816355557   0.0015444771203252665
7937.56   16   -0.597854180689198   0.0009354736076857516
8440.09   17   -0.5978695409534365   0.0009848747790398953
8926.23   18   -0.5978859002905507   0.0012410016522430452
9367.66   19   -0.5978999897839801   0.0008108992411833489
9848.28   20   -0.5979131233010156   0.0009835184050715324
10149.48   21   -0.5979275402274034   0.0011275855818211476
10455.55   22   -0.5979402173540627   0.0013831837766988026
10752.86   23   -0.5979448277409207   0.000922539903542449
11172.14   24   -0.5979515672086047   0.0011322521167429435
11713.05   25   -0.5979615882416364   0.0017795838024033007
12296.66   26   -0.5979686792268849   0.0012187116414559477
12832.81   27   -0.5979750623091757   0.0010347656340466726
13273.13   28   -0.5979812109597584   0.0009558777777025735
13728.36   29   -0.5979928386106578   0.0010223661697591636
14080.32   30   -0.5980000279396726   0.0009832461077208792
14631.08   31   -0.5980056486222931   0.0011084258221759164
15128.24   32   -0.5980117610964076   0.000755445846215716
15617.38   33   -0.598015416084837   0.0009917708760146745
16113.5   34   -0.5980218498982441   0.0006953866212708188
16539.87   35   -0.5980290172587437   0.0006925841822399914
16837.7   36   -0.5980322340699313   0.0007387548758130764
17181.71   37   -0.5980369693269184   0.0006475588597270547
17294.77   38   -0.5980433147390298   0.0006791218225816275
17412.27   39   -0.5980476670833687   0.0006413660159974036
17558.68   40   -0.5980518341754306   0.000721824008725931
17691.04   41   -0.5980567130746611   0.0008367432030601449
17828.87   42   -0.5980602265024322   0.000528898775320755
17929.85   43   -0.598064209378483   0.0005568963433006663
18025.52   44   -0.5980680733115944   0.0009205471654506449
18093.14   45   -0.5980696163238839   0.0006214043401191284
18210.79   46   -0.5980729025291418   0.0009394884512412535
18307.52   47   -0.5980770520627169   0.0010265092474402355
18408.36   48   -0.5980794454197164   0.0006418224730284283
18512.18   49   -0.5980827191627722   0.0005596013046714631
18614.76   50   -0.5980869905227546   0.0007145519093477633
18687.04   51   -0.5980898837968728   0.0004791548144865445
18794.3   52   -0.5980920248207198   0.0007632464778581621
18900.77   53   -0.5980948943280238   0.000473797615512725
19013.28   54   -0.5980981509685933   0.0005200418970922267
19118.81   55   -0.5981024666449829   0.0005656955935602066
19186.49   56   -0.5981044393574718   0.13080343073001222
19410.82   57   -0.598103884621829   0.0010078512801019893
19482.66   58   -0.5981044672761753   0.0006947260942033247
19593.63   59   -0.5981063070040337   0.0005960593015670435
19703.81   60   -0.5981094008908209   0.0008652003842462557
19812.66   61   -0.5981118322731666   0.0006001586197845992
19921.43   62   -0.5981142980831972   0.0006144473122174727
20028.3   63   -0.5981171296634209   0.0005169749743683739
20134.98   64   -0.598119258470056   0.0005836952786187282
20241.89   65   -0.598120873370533   0.0004301866374914101
20349.06   66   -0.5981219733103588   0.0006081014891724816
20451.99   67   -0.5981238950921406   0.0006247381762143258
20563.87   68   -0.5981255659664548   0.0004255540083588302
20677.85   69   -0.5981271050501094   0.0006010256661983521
20791.0   70   -0.5981284525873576   0.00041093936339783865
20897.72   71   -0.598130478260865   0.0004208177319629037
20999.39   72   -0.5981321357416668   0.0004105259153827968
21103.42   73   -0.5981332518912652   0.0005061075872024162
21212.5   74   -0.5981346637870004   0.0004635749391762463
21322.83   75   -0.5981354408132297   0.00038336247056933604
21428.69   76   -0.5981367880013492   0.00027350575492962544
21501.0   77   -0.598136863402306   0.00028479789123611945
21607.46   78   -0.5981380883890203   0.00036236060933129386
21720.11   79   -0.598139746996693   0.0002996265009225176
21817.47   80   -0.5981409098529075   0.00040294288771320795
21916.29   81   -0.5981417338634534   0.00044958037384160593
22013.44   82   -0.5981425882698489   0.0003995716125060254
22111.87   83   -0.5981436180712995   0.00036193899709082903
22214.7   84   -0.5981444298253655   0.00031820178928670956
22323.43   85   -0.5981453204599576   0.00023529059837319586
22429.95   86   -0.5981459330298842   0.00030997530280672825
22541.02   87   -0.5981465340217388   0.0003439756375627585
22649.24   88   -0.5981470124406193   0.0004244273525511376
22755.29   89   -0.5981476476797365   0.0003646828701127081
22858.6   90   -0.5981484337079119   0.0004095488012517815
22962.2   91   -0.5981494449011386   0.0003976843572042626
23035.65   92   -0.598149935216645   0.1658871427011587
23157.02   93   -0.5981499407973607   0.00047266743268874976
23287.61   94   -0.5981499359824245   0.1720112846246699
23875.87   95   -0.5981499008996317   0.0006932583299957379
24052.02   96   -0.598150464795958   0.0002395375754250461
24183.11   97   -0.5981505155972623   0.16911003119727597
24248.05   98   -0.5981506495178724   0.00042559486591867027
24314.83   99   -0.5981506700997352   0.00031651054567012426
24428.65   100   -0.5981507956729786   0.15849637332807343
0.0   0   -0.5981507956749709   0.1576439858168653
1287.31   1   -0.5981506209603991   0.00040426391068170114
1423.39   2   -0.5981506448437903   0.15874355096227968
1557.89   3   -0.59815041018444   0.0005634896916280091
1618.47   4   -0.5981504118465586   0.16303360678567
1853.62   5   -0.5981506159208942   0.22058866629599638
2576.22   6   -0.5981505405523744   0.000541239858177934
2643.58   7   -0.5981505572221572   0.15908405166658884
2783.07   8   -0.5981509201220703   0.00017150918915487585
4084.89   9   -0.5981509187249543   0.23471022039420533
4207.34   10   -0.5981509187272388   0.2430213267489072
4372.92   11   -0.5981509206774216   0.1688216822266819
4661.24   12   -0.5981509205876199   0.1811866008786867
4841.55   13   -0.5981506394152076   0.18601894448761064
5190.0   14   -0.5981501844723716   0.2051928122628281
5662.53   15   -0.598149630318358   0.15909392431738917
6264.64   16   -0.5981496302677465   0.2551348505046743
6466.95   17   -0.5981496341654579   0.19259565982696972
6579.95   18   -0.5981496377360314   0.18411857504023765
7087.21   19   -0.5981498699777915   0.000671894483291185
7214.47   20   -0.5981500190497289   0.12298434094556784
7330.64   21   -0.5981496349584909   0.0007870158351164844
7456.26   22   -0.5981496572493269   0.13860527363809555
7582.83   23   -0.5981504619777834   0.0002332100297856854
7866.85   24   -0.5981504592298985   0.17622475938712923
8579.2   25   -0.5981502294411918   0.0006138166793976895
8682.77   26   -0.5981502901216667   0.1677049600819136
8740.91   27   -0.5981502932827663   0.14208980917163014
8823.15   28   -0.5981507273001101   0.11885312198336867
9075.17   29   -0.5981506254041433   0.1967636350500673
9232.7   30   -0.598150238009899   0.13670260438366363
9336.7   31   -0.5981507476315782   0.00021475263252346762
9447.93   32   -0.5981507541921627   0.1629029742698275
9946.35   33   -0.5981503011237534   0.18665059012170984
10665.34   34   -0.5981497935653136   0.0007700509888537986
10851.27   35   -0.5981506804619698   0.00015653104921426638
10926.62   36   -0.5981507898200626   0.0002743133434792398
11009.21   37   -0.5981510824708971   0.00034842979117002444
11124.54   38   -0.5981511456183924   0.2210693607890054
11177.98   39   -0.5981512196958628   0.0005190280526776715
11230.51   40   -0.5981514522990772   0.00023724049990372356
11340.67   41   -0.5981516272067797   0.14715908551005646
11548.31   42   -0.5981512253130101   0.1907741029407978
12062.0   43   -0.5981512245830676   0.18621095541730726
12346.0   44   -0.5981508272119902   0.19760705690932698
12731.48   45   -0.5981503497571227   0.0009647563159270729
12844.92   46   -0.5981504032574168   0.19610386861867368
12894.96   47   -0.5981502354630902   0.0009509155236082751
12950.65   48   -0.5981504507104708   0.0009087634380966844
13010.49   49   -0.5981509718779487   0.0007179136535404907
13067.99   50   -0.5981512786825658   0.0002809831389058222
13126.19   51   -0.5981518343765002   0.00017077122104003654
13186.62   52   -0.5981520414872876   0.00023129177129947633
13249.68   53   -0.5981522165073294   0.16487383907568487
13310.71   54   -0.5981523753761163   0.00036825841035943745
13752.7   55   -0.5981522514778377   0.23372584072672933
