0.0   0   0.40236183153817984   0.09519648483065808
16.05   1   -0.10472433641117283   0.11282689419120569
24.7   2   -0.2724775949702627   0.11814130025073666
37.99   3   -0.3819663427876968   0.06531649625022883
52.53   4   -0.4377293448358517   0.055650628275059136
65.97   5   -0.4714666311246539   0.02938153760078075
80.95   6   -0.48889837992409957   0.028666746357832618
95.98   7   -0.5163562339566883   0.04354290628333963
109.89   8   -0.5408278748354538   0.02408320254758194
128.13   9   -0.5629955457959508   0.21465290183010224
167.24   10   -0.5630042019849588   0.023917898840352274
180.83   11   -0.5671117330277189   0.017998886903019966
195.01   12   -0.5754741966035531   0.013879925630110417
210.5   13   -0.5796896546024071   0.22208434185624856
312.02   14   -0.5796891242673282   0.013260811674643734
320.98   15   -0.5822276502054644   0.011608522765548551
330.56   16   -0.5845519579156352   0.01305833801848036
340.41   17   -0.5861057598264245   0.009142927438338659
360.42   18   -0.5874765755460998   0.006270529209120524
375.1   19   -0.5886344216186017   0.005681962997682914
393.8   20   -0.5893839751323297   0.002549779275236563
407.83   21   -0.5894885871377005   0.0008580476865806358
422.38   22   -0.5895471993308394   0.0009721073604409294
436.51   23   -0.5896087336469026   0.0010151165415953683
450.97   24   -0.5896525081700996   0.2393006863911262
525.19   25   -0.5896520796854394   0.00208741637432745
534.81   26   -0.589681974448519   0.0016880638077464683
548.62   27   -0.5898724937098501   0.0010626107591874493
563.35   28   -0.5899634412609791   0.000991091536224471
577.34   29   -0.5900152775387443   0.0006400095974511305
590.83   30   -0.5900454461543063   0.00039993864601591586
599.77   31   -0.5900543975846926   0.0002834291745006819
614.62   32   -0.5900603867608957   0.00022684883167689186
629.62   33   -0.5900698275434055   0.0003555809027365766
639.17   34   -0.5900708518529095   0.00041647495307950877
652.51   35   -0.590075310351227   0.0003989001792049203
667.95   36   -0.5900880574852825   0.0005484515996435006
0.0   0   -0.5900880574851135   0.0022616701000115974
10.58   1   -0.5900959791743308   0.0020350828181453545
23.59   2   -0.590107303907854   0.0017240458672591404
36.92   3   -0.5901162280010631   0.0021101380809533206
50.52   4   -0.5901232140410768   0.0014976726465580274
74.43   5   -0.5901396320937655   0.002145476747445461
87.86   6   -0.5901847474320154   0.0036890925408505208
108.26   7   -0.590267991149011   0.0053842466571317775
137.21   8   -0.5903606849642248   0.009494296599902379
147.2   9   -0.5905419887283891   0.007272680725055487
162.84   10   -0.5906988062465256   0.24192600880264134
182.53   11   -0.5906986434754294   0.0035023251834317964
190.84   12   -0.5907091385840183   0.002470099216804786
200.11   13   -0.5907233915293456   0.0025999829612812146
538.49   14   -0.5907334271087835   0.004695127159708191
547.13   15   -0.5907779879149657   0.0018707907892399696
561.24   16   -0.5907887318464059   0.0010528115827352913
574.47   17   -0.590804751668799   0.0011700859178931892
587.77   18   -0.5908213496428918   0.0014483750953998911
611.06   19   -0.5908342399949928   0.0035305073427475907
624.8   20   -0.5908638085783926   0.0013524066809335441
639.37   21   -0.590900791162351   0.0022473616529851844
648.78   22   -0.590931699594921   0.005286503112087176
664.17   23   -0.590998186231975   0.26061187359219257
684.49   24   -0.5909989063341887   0.0037584527890963874
698.13   25   -0.5910001965857375   0.0044588670472352895
708.84   26   -0.5910054177806826   0.24824512442637114
727.94   27   -0.591010606568301   0.25588259346761355
776.23   28   -0.5910100563449319   0.006340903355667178
785.56   29   -0.5910305237108588   0.004710362379664439
795.05   30   -0.5910581129171768   0.003384932841726352
805.16   31   -0.5910786140379664   0.003311360145508613
909.56   32   -0.5910782117804942   0.19744621465524265
1033.36   33   -0.5910779273714685   0.23371256915348626
1089.54   34   -0.5910777929644612   0.3148062788636277
1135.33   35   -0.5910773419004187   0.008400727588959128
1144.97   36   -0.5910915593957943   0.24017587257984765
1159.46   37   -0.5910942343869334   0.2555144813878286
1170.02   38   -0.5910998160031778   0.2768866697263828
1184.41   39   -0.5910992385166906   0.3110240622869203
1226.15   40   -0.5910990210047746   0.00857467084286572
1238.93   41   -0.5911042698375252   0.007352475495611881
1248.58   42   -0.591109832276543   0.2482358859135756
1272.49   43   -0.591109792614245   0.006626528710804862
1285.31   44   -0.5911149285542624   0.0072084777910852325
1295.09   45   -0.5911159452657402   0.0065785313508847495
1305.11   46   -0.5911204421116875   0.006563073344269149
1315.56   47   -0.591121634048975   0.005597308949157825
1381.77   48   -0.5911241516247033   0.3411539320985291
1413.37   49   -0.5911236940576734   0.006290593765197976
1432.79   50   -0.5911357615249744   0.2531197452757803
1462.86   51   -0.5911357505187812   0.005211177412069345
1477.29   52   -0.5911371682007434   0.005112242256833987
1488.6   53   -0.591138285044444   0.004987098575148802
1524.12   54   -0.5911394042329875   0.00509091208702462
1534.61   55   -0.5911395090137228   0.00505094561291507
1548.76   56   -0.5911446232931922   0.004626792551953735
1558.24   57   -0.5911468304656721   0.004220234574024541
1568.51   58   -0.5911471963167081   0.004232869704797007
1578.24   59   -0.5911719815046097   0.002550527806574995
1588.79   60   -0.5911986089611977   0.002298559697210082
1598.29   61   -0.5912107958552445   0.0030650164135133198
1617.64   62   -0.5912359845080852   0.32495025842585673
1630.9   63   -0.5912414728075798   0.002515801810900549
1648.25   64   -0.591245239359347   0.0027800290766374913
1658.81   65   -0.5912520965628101   0.0028050380706339095
1668.42   66   -0.5912974767692422   0.006054839111057728
1678.33   67   -0.5913007205108418   0.2597158882082995
1696.16   68   -0.5913208646433927   0.006635438933768534
1705.28   69   -0.5913223447394315   0.27614479876358955
1756.95   70   -0.5913225814427784   0.004104418253324977
1776.6   71   -0.5913277466878815   0.24938484328342242
1790.23   72   -0.5913283939865717   0.2615315980963387
1813.33   73   -0.5913283571754261   0.0042277050758622895
1822.23   74   -0.5913298724199573   0.003399656853784703
1832.35   75   -0.5913302963826371   0.0034904576790559354
1842.06   76   -0.5913408993066592   0.002288537491959355
1851.55   77   -0.591345766879553   0.2746734671921035
1886.71   78   -0.591349016187938   0.0035217257412588376
1901.75   79   -0.5913499858847523   0.2551654613381862
1940.8   80   -0.591349686178494   0.003910023764142818
2077.62   81   -0.5913491566792337   0.25492493885091294
2174.76   82   -0.5913491257120457   0.003309206521041103
2187.79   83   -0.5913502447832949   0.204588846757803
2206.5   84   -0.5913500371001055   0.003782800229410364
2368.9   85   -0.59134999904798   0.0035132013668209513
2378.76   86   -0.5913534104998543   0.0037016777490397426
2394.19   87   -0.5913617155661105   0.0038479510572202173
2404.18   88   -0.5913624401062612   0.0039692062968704036
2413.97   89   -0.591363036104532   0.003933518700601075
2455.93   90   -0.591365755303322   0.004256786007875487
2465.88   91   -0.5913695695935361   0.2500487256729469
2475.1   92   -0.5913723047655154   0.0032832642098868936
2489.59   93   -0.5913743268611537   0.20783547899895471
2509.78   94   -0.5913738166464146   0.002767052422212002
2523.88   95   -0.5913748081443299   0.002710188033212178
2539.54   96   -0.5913811770021333   0.002639116143961404
2550.77   97   -0.5913823912567475   0.003083940322011533
2583.67   98   -0.5913877982546527   0.003453725363933946
2593.8   99   -0.5913928780204193   0.003658184813490936
2614.2   100   -0.5914165054474445   0.00806898007063247
0.0   0   -0.5914165054529636   0.26573976603920835
80.19   1   -0.5914160711519041   0.007474708497732403
106.36   2   -0.5914663467130191   0.0035852936861389875
122.23   3   -0.5914978438013345   0.0037669446320589936
137.52   4   -0.5915206243751961   0.26381268709186256
180.17   5   -0.591520198159716   0.0022529963353958202
190.51   6   -0.5915222955379877   0.001999344437148775
223.81   7   -0.5915383355393202   0.006596218156775554
240.16   8   -0.5915632544861685   0.004471726208870235
272.69   9   -0.5915744224982684   0.004623639273108981
301.58   10   -0.5915821763580915   0.24158896241777325
349.51   11   -0.5915821587333255   0.3161216884167118
449.54   12   -0.5915816898822579   0.26921680133449377
490.46   13   -0.5915811988587184   0.29746742340535987
525.99   14   -0.5915808108515441   0.344317476305866
601.58   15   -0.5915805428043767   0.3445640202012402
733.99   16   -0.5915805427056625   0.00667286213074052
743.76   17   -0.5915813966434389   0.006020074998400714
804.3   18   -0.5915809549681561   0.3608424476801166
879.75   19   -0.5915806196243247   0.34530200209274464
930.65   20   -0.591580619586538   0.29322121252758127
951.93   21   -0.5915804992331386   0.32681770548093575
972.65   22   -0.5915804675374858   0.35659083185369106
988.68   23   -0.5915804353143719   0.24313996128627952
1004.39   24   -0.5915803582550865   0.2736447973711108
1025.14   25   -0.5915797726215407   0.2419562062332293
1067.74   26   -0.5915827345862739   0.004919657111430567
1083.58   27   -0.5915828859522642   0.3464749544557155
1094.64   28   -0.5915833136314946   0.3290320387637513
1105.42   29   -0.5915831870737213   0.005229520062079324
1126.8   30   -0.5915852174171925   0.005495518503470152
1137.17   31   -0.5915882622938186   0.006494363535221082
1149.76   32   -0.5915893209148566   0.005565252417310412
1168.59   33   -0.5916005847504183   0.004446822191002403
1187.55   34   -0.5916017854622184   0.004095752825194488
1206.52   35   -0.5916166266808605   0.003956650433549042
1218.3   36   -0.591625362737025   0.004335587528280258
1231.09   37   -0.5916253988848005   0.0043177702619598985
1247.93   38   -0.5916566429811578   0.004861225347690001
1265.88   39   -0.5917140781949505   0.0038848823108138322
1311.36   40   -0.5917759492946121   0.25648466987235713
1327.6   41   -0.5917849724567734   0.0068297754107236545
1361.93   42   -0.5917976553053039   0.25529324924465585
1408.09   43   -0.5917978122533465   0.007059816841915092
1419.53   44   -0.5918037844087017   0.005654497387357286
1431.88   45   -0.5918097438286632   0.00475839491913246
1456.73   46   -0.5918362575689954   0.2574869494599928
1516.67   47   -0.5918372019988982   0.004259457511464193
1532.63   48   -0.5918453386896857   0.0034444679130923575
1543.72   49   -0.591849047641562   0.0036392534651717074
1556.15   50   -0.5918695521005295   0.0033551017184250452
1572.86   51   -0.5919005925676635   0.25122775477843107
1584.67   52   -0.5919314534398592   0.003735008902499227
1607.51   53   -0.5919392891506535   0.28432509253990906
1684.75   54   -0.5919536301817363   0.28574943023744787
1711.67   55   -0.5919537914469759   0.005425238385360915
1740.82   56   -0.5919541114398904   0.24912362430854737
1824.47   57   -0.5919560366458729   0.005705886652170078
1868.85   58   -0.5919860511177751   0.2692022296557343
1923.46   59   -0.591985589338121   0.003308571240703706
1957.31   60   -0.5919906710484002   0.004358717858146594
1967.78   61   -0.5920159455138917   0.00461335684444024
1997.13   62   -0.5920798816282172   0.2249801464892227
2118.9   63   -0.5920792947405166   0.2329322820591052
2159.17   64   -0.5920846757440059   0.27691981831126955
2270.56   65   -0.5920840836911878   0.20194294002290328
2311.24   66   -0.5920835612924317   0.2734842327038114
2334.11   67   -0.5920849242073289   0.265629836864379
2344.93   68   -0.5920911035848934   0.0060811647939220705
2498.67   69   -0.5920907737356714   0.2362251526382146
2547.59   70   -0.592090647015502   0.22683535757970275
2649.29   71   -0.592090069898265   0.2273581261966228
2861.34   72   -0.592090069895624   0.010915756341074116
2902.56   73   -0.5920938107053109   0.274026880660425
2933.19   74   -0.5920932925931538   0.010788517786724367
3189.87   75   -0.5920928727618996   0.22627629303979563
3302.27   76   -0.5920924336502944   0.2926827087737619
3340.87   77   -0.592092000183791   0.007627877492625223
3353.15   78   -0.5920920071514041   0.25373425587858545
3390.22   79   -0.5921296726350004   0.00455085925754307
3414.39   80   -0.5921296781423042   0.2764101739149093
3426.58   81   -0.5921297032589128   0.2871651468247403
3444.69   82   -0.5921297032598352   0.2500603223353514
