0.0   0   -0.38454951423259925   0.013121115466038254
361.54   1   -0.39172197658459496   0.026282140394170993
864.94   2   -0.40420157562948195   0.033035085400847236
1207.15   3   -0.41313860842115757   0.04122206949307221
1541.79   4   -0.43069448400683424   0.03902316828154452
2039.29   5   -0.4420636683418669   0.025220253437847482
2526.25   6   -0.4489622607425925   0.018802137391821634
2814.64   7   -0.45437834233579827   0.018314257582894695
3095.71   8   -0.4575498840001124   0.008432262566945304
3567.42   9   -0.4587362568596075   0.003997586403481244
3995.66   10   -0.4590832965974055   0.004151837995609886
4462.83   11   -0.4593243225688266   0.0029018127753024326
4947.55   12   -0.4595328970935735   0.0030291600176394796
5261.06   13   -0.45960277773692826   0.0017305428927745115
5727.65   14   -0.45962470816992546   0.0014899501053964393
6385.19   15   -0.4597901833956394   0.0015691924353637822
6871.32   16   -0.45994124877505416   0.0022438436937233116
7347.64   17   -0.4600581351229493   0.002773126476486918
7817.0   18   -0.460205111411096   0.0014527171095515508
8284.94   19   -0.4603015992010533   0.0019974334012472605
8766.81   20   -0.4606702098943764   0.004125076025593991
9093.59   21   -0.4609660516842589   0.003311591592466924
9432.52   22   -0.46136730542443033   0.0035357316249614895
9945.22   23   -0.4616395554546685   0.002230795355885777
10265.28   24   -0.4617175676770304   0.001831510163708972
10763.39   25   -0.4619283295621003   0.0022043183076437827
11025.57   26   -0.4620823640041852   0.0012639510134008483
11130.37   27   -0.4622355868072703   0.0027675560273203617
11238.39   28   -0.46237484794503   0.0017165872289640696
11343.03   29   -0.46246851183610327   0.0016661743354158072
11446.68   30   -0.46250664510129474   0.0014522385268937016
11551.01   31   -0.4625637487862828   0.0013288002148017287
11667.2   32   -0.4626156185723922   0.0011023720149280095
11767.35   33   -0.46266970628232124   0.0012307392340101355
11853.36   34   -0.462687346752044   0.0007584931019419419
11909.66   35   -0.4626945507730627   0.0007326470425280794
12035.14   36   -0.46272040554493393   0.0008577324199415052
12135.67   37   -0.46273694745921506   0.0009486851977947285
12233.96   38   -0.4627463940258285   0.0006151050328723339
12329.97   39   -0.4627585281133004   0.0009434311214087103
12438.32   40   -0.46278396169775643   0.0005408284720689046
12546.63   41   -0.4627985572637144   0.0007204353960085098
12649.88   42   -0.46282437286919437   0.0005162005623253596
12752.41   43   -0.46283866624410647   0.0005570373810430451
12852.2   44   -0.4628462540288663   0.00038632819327033855
12951.81   45   -0.46285458377446803   0.00037888124020246335
13052.37   46   -0.462863374730916   0.00047407753402979315
13152.8   47   -0.4628828021349954   0.0005038946983296288
13256.68   48   -0.46289308654370065   0.0004671466036542906
13356.46   49   -0.4629035626706094   0.00048164446953874815
13455.69   50   -0.46291937407663786   0.00045636790855080377
13557.69   51   -0.46293093407961844   0.0004253565770359215
13665.04   52   -0.462943119388443   0.0004456707880452872
13737.87   53   -0.46294972251216865   0.0006714809838555042
13839.64   54   -0.46295714717723135   0.0004880939547928053
13937.41   55   -0.4629674694049699   0.00043347479201769496
14006.8   56   -0.46297108504207907   0.00044319948851084145
14093.87   57   -0.46297738465870836   0.00039804564824777564
14187.13   58   -0.4629911994940622   0.0006142817542386123
14288.89   59   -0.46300082969601575   0.0006601474848981866
14380.62   60   -0.4630109451171681   0.0004434641914217996
14469.73   61   -0.4630193314255765   0.0003346420696902731
14553.32   62   -0.463030983149215   0.00040745986836334194
14610.03   63   -0.46303657187895575   0.0006200183235276311
14696.81   64   -0.4630443156291348   0.0006405200411929759
14775.04   65   -0.4630517558881165   0.0003737510848305605
14864.51   66   -0.4630588892175777   0.00033113362858353977
14952.67   67   -0.4630648412681615   0.00030857182997686853
15040.15   68   -0.4630714302677359   0.00047387396831211553
15124.87   69   -0.46307710554497333   0.00031609608591575723
15206.73   70   -0.4630828694945668   0.00043535395712703044
15296.07   71   -0.4630889590323756   0.0003194919546174977
15388.1   72   -0.4630943226195638   0.00035982795252459876
15476.78   73   -0.46309926523727174   0.0002584527103948754
15568.42   74   -0.46310486003334783   0.000329068107668617
15628.7   75   -0.46310822438783933   0.00046579552541987446
15712.03   76   -0.4631158708665366   0.0003399338362287054
15800.3   77   -0.46312334788996695   0.00028005363960350964
15894.74   78   -0.46312751084641246   0.00024366752327338682
15961.49   79   -0.4631292823016986   0.00023873649802616504
16061.86   80   -0.46313169455664277   0.00030598239388952066
16161.48   81   -0.46313399337759253   0.0002569602438334554
16252.26   82   -0.46313645019604377   0.000347420317998212
16345.96   83   -0.46313999439226106   0.0003594470090692433
16439.7   84   -0.4631457448131926   0.00028059821002300237
16497.06   85   -0.46314821828623254   0.00031588307036333873
16588.86   86   -0.4631493602628048   0.00021926443075763924
16676.88   87   -0.4631509363947877   0.00031872831012085906
16772.54   88   -0.46315427755851124   0.0002918625238575797
16868.91   89   -0.46315634897785674   0.00026887736869379695
16955.82   90   -0.46315936121770196   0.00022142184732406952
17044.6   91   -0.46316256726165034   0.00026997536741848625
17136.22   92   -0.46316512505265894   0.00026767342594979986
17228.2   93   -0.4631672814901356   0.00023867481226119334
17319.32   94   -0.4631687948416815   0.00022327121907804795
17400.04   95   -0.4631712030203812   0.0004543608539537479
17473.91   96   -0.4631739016053518   0.00031486201809697575
17543.49   97   -0.4631757776161279   0.00025053458933746203
17611.67   98   -0.4631783464845146   0.00016117226895564628
17674.56   99   -0.4631814272204168   0.00022890507322616792
17742.01   100   -0.46318362023060095   0.00022687213305671677
