0.0   0   -0.38117293592093787   0.10327365716133202
19.59   1   -0.3955159935250934   0.0541909559726259
33.89   2   -0.40817863705601387   0.08671213205887347
48.95   3   -0.42794561610559706   0.11751567569147021
66.34   4   -0.44214975406999396   0.22467655474799936
150.96   5   -0.44214944566415626   0.0422714888488696
160.07   6   -0.4422966010215564   0.03708822999784706
180.46   7   -0.4457413746487162   0.08068964531513725
195.99   8   -0.4539337469450526   0.029398190069115464
204.76   9   -0.4550950677280093   0.024024885813823293
214.26   10   -0.45735135091348705   0.02199796841092318
225.09   11   -0.4581487556550013   0.2654769246859568
238.32   12   -0.45815673194733175   0.010412279345459116
247.12   13   -0.4582105396376058   0.22344358587454596
260.15   14   -0.45821641227599447   0.007034694738210678
297.9   15   -0.45823232037809575   0.011097845447022503
306.96   16   -0.4583147116331644   0.011271214274458102
321.76   17   -0.458867220504749   0.2013623151778959
381.56   18   -0.4588669711608388   0.00851585857990692
396.02   19   -0.4589933151705873   0.1830855598495533
445.16   20   -0.4589935981690929   0.006221867193116052
469.2   21   -0.4590127936063357   0.15672694640651438
498.13   22   -0.45902277514763523   0.006435556311935759
512.6   23   -0.45903422713665826   0.20682175228864225
550.14   24   -0.4590338771393304   0.010262276077631525
563.79   25   -0.4590363104855352   0.009082848106427151
588.13   26   -0.4590559065876336   0.1591496446312369
628.24   27   -0.45905582634241865   0.010960390424536089
644.38   28   -0.45907322254102856   0.010144542596402073
684.32   29   -0.45910866837429154   0.010034528206136617
699.44   30   -0.4592519341425171   0.008598873783903269
714.3   31   -0.4595468189450168   0.004817049623632696
728.78   32   -0.45989549823632625   0.2334431437476255
743.42   33   -0.45990183791921313   0.0034547961936512144
785.18   34   -0.4599075496100097   0.0030309797710879904
794.9   35   -0.4599155154583015   0.18064309121640232
815.53   36   -0.45991551205380243   0.002778830895207491
842.83   37   -0.45992010368299424   0.0030634860850649154
852.39   38   -0.45993298729553805   0.004450839585389523
862.09   39   -0.45996041775553587   0.0042196026644900336
880.84   40   -0.45996406032503107   0.004576987539845291
895.29   41   -0.46005406578781927   0.004011854265190396
905.27   42   -0.4601575342566311   0.005489649309651758
915.16   43   -0.460176439399405   0.006782058116617275
929.92   44   -0.4604446284228817   0.004385143752175211
944.37   45   -0.46055281160397477   0.004427576920845605
957.99   46   -0.46078046121540683   0.0035259498898187014
972.06   47   -0.4608929850799112   0.1528701066327254
1000.29   48   -0.46089324951123656   0.0039149948483937136
1013.36   49   -0.4609324478232253   0.0031448181618157454
1028.15   50   -0.46093520140568156   0.0029448284124533705
1043.36   51   -0.4610220964431495   0.002562146237663679
1059.2   52   -0.4611337687008567   0.23464160075527338
1122.27   53   -0.4611341722560254   0.18134110293881847
1173.43   54   -0.46113409510997644   0.004866426861110695
1182.71   55   -0.4611578440828861   0.2338698024107501
1206.94   56   -0.4611578216926843   0.003659898244991776
1221.41   57   -0.4611915137501631   0.16310033169485055
1240.0   58   -0.46119488216582477   0.0058654990490723475
1254.59   59   -0.4612383978319982   0.004523402234809106
1275.44   60   -0.4612428419712601   0.2425886615297047
1290.38   61   -0.4612749013418787   0.17794173371151828
1305.63   62   -0.46127723864958586   0.0030420216484514117
1324.96   63   -0.4613019786371585   0.002735251001667681
1340.56   64   -0.46131175641287964   0.003243341536598506
1350.37   65   -0.46136295805350236   0.21894997711689584
1375.55   66   -0.4613641188978504   0.0024738124867491663
1408.57   67   -0.4613868717248141   0.0026277441301989354
1420.92   68   -0.46139393830504893   0.16951063676882444
1447.53   69   -0.4613939577392216   0.0025019051190348857
1466.65   70   -0.46140084906169415   0.002608060400378446
1478.0   71   -0.46140136895711953   0.0025033567871773394
1487.88   72   -0.4614341391177828   0.2524842538071908
1563.4   73   -0.46143372284534284   0.0038259143067851625
1578.17   74   -0.46143674527263967   0.003309176041678204
1596.72   75   -0.46143805872273375   0.003144867200486834
1618.66   76   -0.461442777517446   0.2107829656927626
1633.55   77   -0.4614447559923704   0.002138356677413162
1647.91   78   -0.4614619301845348   0.18552041240268477
1716.43   79   -0.4614614803379365   0.002760019645566952
1730.78   80   -0.4614814307891378   0.0021931020429125413
1742.16   81   -0.4614827550545817   0.002024061051330705
1800.19   82   -0.4614873081341019   0.23614442457814677
1836.1   83   -0.4614872982858161   0.002278806628506656
1844.88   84   -0.4614914002582848   0.0021788059501829096
1863.06   85   -0.461493494334498   0.0020613072463828807
1874.03   86   -0.4615002699644019   0.0019606365691574945
1885.97   87   -0.4615362948517174   0.0019115358702408779
1896.58   88   -0.4616230650365289   0.004194155444035288
1906.5   89   -0.46162318149363446   0.004251854176026355
1926.55   90   -0.46165390529694683   0.22178943315094218
2048.55   91   -0.46165344557416516   0.003706244785412512
2117.16   92   -0.46165315527708395   0.2082880378739418
2230.71   93   -0.4616527038956485   0.17639116965324186
2491.62   94   -0.46165256458813764   0.004241048029619675
2522.68   95   -0.46165404815608413   0.19450357313824565
2537.67   96   -0.46165938678120283   0.19733555834517388
2593.44   97   -0.4616593555815325   0.2523938203657744
2631.7   98   -0.4616593314566903   0.2131737426640366
2669.02   99   -0.4616590659911213   0.0050384095856559445
2679.1   100   -0.4616611612047661   0.2608629639288681
0.0   0   -0.4616611612003551   0.006200371120084163
12.45   1   -0.4617102840273597   0.0031038626748104508
23.36   2   -0.46171098578505293   0.1486192164335125
67.89   3   -0.4617128446078639   0.002838147273423683
261.24   4   -0.461712677348499   0.002759374383435551
271.57   5   -0.4617236952883666   0.0020487866419831844
581.12   6   -0.46172567826115735   0.009754740647722587
590.27   7   -0.4617506764167363   0.18661507949468345
603.53   8   -0.4617699102903309   0.17883353494388243
622.48   9   -0.4617894752161084   0.005857534852126299
631.87   10   -0.46179365337484596   0.19286913109520679
683.89   11   -0.4617956953925615   0.22062293616597375
697.09   12   -0.46179548639351986   0.004310481170985929
705.75   13   -0.46179681399665806   0.005298015694905337
723.63   14   -0.46180179573867136   0.19409773150242457
737.0   15   -0.46180179613669703   0.0039977873729757935
759.32   16   -0.4618028448737303   0.004534395104401495
1063.58   17   -0.4618055293731572   0.0037287601500578743
1079.15   18   -0.46181121122825636   0.0037829574534317904
1093.75   19   -0.46182412440399534   0.16628916753475406
1134.15   20   -0.4618240911495238   0.0035933313245086807
1162.64   21   -0.4618274952312628   0.16429380622256698
1211.79   22   -0.4618272136148281   0.002153398465191044
1231.96   23   -0.4618330404213149   0.23785013903567961
1260.53   24   -0.4618328866607557   0.0016878840530697335
1280.39   25   -0.4618335931855778   0.0016449408848681264
1296.34   26   -0.46183364487575246   0.0017670587452087861
1306.75   27   -0.46184308338028107   0.0019701902280068796
1316.8   28   -0.4618611940305189   0.002870985401465854
1327.24   29   -0.46186817499944477   0.19046903732498371
1363.11   30   -0.4618681696954345   0.002200392319915988
1371.84   31   -0.4618693486461546   0.19063427752534648
1428.32   32   -0.4618689148332169   0.002135247394236486
1448.64   33   -0.46186914469828616   0.002120655342157605
1755.66   34   -0.46186922597011965   0.002553741477393625
1766.67   35   -0.46187017056151   0.002459403693282008
1776.36   36   -0.4618731504507281   0.002228605361448039
1794.73   37   -0.4618844003521063   0.0014668004889371992
1809.56   38   -0.4618921529912542   0.0016305622914115786
1825.04   39   -0.4619065495438041   0.1861129467166418
1839.64   40   -0.46190671473052025   0.0017082524344933245
1854.59   41   -0.4619161362010401   0.16127008980127724
1891.97   42   -0.4619159337011909   0.22129402392384206
1932.35   43   -0.4619159284440766   0.0015405471119535215
1952.03   44   -0.46191924684680885   0.0015968063203447968
1973.49   45   -0.46191996859169   0.0016287790716688706
1992.38   46   -0.46192306882029854   0.0018078408467209505
2002.21   47   -0.4619329318541456   0.16270266572869369
2041.54   48   -0.4619328710629986   0.0013839851073412777
2055.36   49   -0.46193502492031435   0.0009439218456197651
2255.8   50   -0.4619350188144581   0.0009854639226796736
2505.27   51   -0.4619345777871969   0.0013412822459885922
2517.06   52   -0.46193526171809973   0.0017393768432084535
2528.17   53   -0.46193749657361194   0.0010559575717625452
2565.87   54   -0.46193953015606826   0.17985077032690674
2591.85   55   -0.46193946855436463   0.0013585282118620343
2601.47   56   -0.461941768667054   0.0008001107385953352
2622.16   57   -0.46195569209432813   0.0015300549584935472
2638.69   58   -0.46196680360708475   0.16073841607635664
2666.51   59   -0.461966878324679   0.0015470280141729553
2687.16   60   -0.4619690177251847   0.0012361231979923775
2711.06   61   -0.4619723024235446   0.0008201739419155539
2736.11   62   -0.46197231532683813   0.0008746904997257402
2765.4   63   -0.4619759965109003   0.17040264440559125
2798.06   64   -0.4619765491265798   0.21412587769643304
2889.92   65   -0.4619765447218744   0.001057005240299332
2900.72   66   -0.4619769193095494   0.20412569276689488
2912.23   67   -0.46197661942584506   0.1943167313914978
2923.07   68   -0.4619763851175268   0.18815433266467327
2962.8   69   -0.4619762870335114   0.001098734225362214
2973.52   70   -0.46197647106321726   0.0010531372172246445
2996.91   71   -0.4619765192633697   0.0010255603030592249
3008.12   72   -0.4619765818781134   0.0010454977143667438
3021.1   73   -0.4619797297080134   0.1905822269750193
3049.06   74   -0.46198167710148025   0.0010741382869501497
3066.83   75   -0.4619826753925107   0.18824749295104645
3089.21   76   -0.46198294985400257   0.2235447654422753
3141.32   77   -0.46198275804085737   0.1821953902628954
3168.18   78   -0.46198242328661193   0.1513072568149233
3196.68   79   -0.4619821768777385   0.1583158317029831
3208.19   80   -0.4619821822658585   0.1845130854650227
3223.71   81   -0.4619822866776908   0.0009477027501003841
3257.97   82   -0.4619824950913079   0.0009285689638364198
3270.11   83   -0.46198262942094453   0.0009566062833144912
3286.96   84   -0.4619826823057204   0.0009110324568540908
3303.0   85   -0.4619831401209253   0.0010946369477998327
3329.81   86   -0.46198391778037334   0.0013756579868435272
3346.77   87   -0.46199597558032723   0.00194446006338077
3358.78   88   -0.4619969512466931   0.002056224156826985
3376.23   89   -0.46199716650431005   0.0020035073141055257
3401.76   90   -0.46199770747705277   0.002040754398948643
3424.4   91   -0.4620032646177575   0.002192000538033045
3436.0   92   -0.4620178336329609   0.0013931362880298971
3465.98   93   -0.46202581824160127   0.2238804011662422
3488.74   94   -0.46202677322406327   0.0010163509781720519
3499.12   95   -0.46202751916477747   0.0008776923010301886
3511.77   96   -0.46202764951707764   0.17992175128613064
3527.88   97   -0.4620285023326802   0.0013795906632981855
3608.99   98   -0.46202867022705074   0.2087580445524239
3702.8   99   -0.46202826890930654   0.16553072956351705
3730.84   100   -0.46202798100158715   0.19175215127178413
0.0   0   -0.46202798100208653   0.0012057140730839747
44.81   1   -0.4620301793392367   0.21428565599056998
176.9   2   -0.462029824987888   0.0009387139731994505
261.5   3   -0.4620298818230396   0.244900126286035
299.8   4   -0.4620298399118477   0.0009401473621357582
416.91   5   -0.462030159677361   0.2042100788822331
609.86   6   -0.4620297936493832   0.0009353023536109685
649.38   7   -0.46202979485738443   0.2492878156100256
689.63   8   -0.4620297946114336   0.0009354067299066825
730.05   9   -0.4620297946557568   0.2415046643313379
861.5   10   -0.4620305914073818   0.0011549917050798755
