0.0   0   -0.2500995790138749   0.01102538449356573
538.66   1   -0.2692331846019201   0.037600759037450915
888.72   2   -0.27747398563299974   0.0423538966151909
1262.15   3   -0.28971800404564585   0.04801430217531841
1620.64   4   -0.3101388234156974   0.07095822540919654
2152.41   5   -0.33292947742639856   0.03355718839025505
2675.51   6   -0.3461050543073782   0.0250792905243582
3187.27   7   -0.3602438401304653   0.023818071960797264
3510.55   8   -0.36465882874223376   0.014639505741792487
4009.26   9   -0.3656884045969576   0.005147946332224944
4489.29   10   -0.36615536112218605   0.005320063486208996
4969.92   11   -0.3665377563458714   0.003224003256546623
5460.1   12   -0.36676259350094736   0.0033264970923317988
5940.05   13   -0.3669788574383549   0.0034164744913405855
6590.97   14   -0.3676003730602841   0.006368591734310186
6801.37   15   -0.3685416675329822   0.009823676667601035
6876.59   16   -0.3692558225870663   0.008875664082734897
6951.77   17   -0.3706424594581747   0.006786833145290012
7059.9   18   -0.3721583532409525   0.008327733310839854
7162.09   19   -0.373603586564902   0.01010848443489438
7256.11   20   -0.37511033839571895   0.00384806462259846
7374.95   21   -0.37548085272127063   0.0023613928140775895
7488.08   22   -0.3756844028941246   0.0017986118522451938
7556.16   23   -0.3758552378893163   0.0014302651868568844
7662.19   24   -0.3759487837191195   0.0011883112521874416
7762.43   25   -0.3760564310985443   0.0017880807341914943
7860.25   26   -0.37619272124427117   0.0019410996412410517
7956.97   27   -0.3763793907377872   0.0030213686170230012
8060.74   28   -0.37675656633351806   0.00309328059114873
8170.42   29   -0.37703989555354334   0.004545213956685767
8242.56   30   -0.37735241352060617   0.0049577199076568795
8351.99   31   -0.3776077134852388   0.0027978918212394456
8425.08   32   -0.3777880888312963   0.0027335702395415392
8501.1   33   -0.37807559528172807   0.0022125882643272356
8622.2   34   -0.3782988565125641   0.0018835832477627373
8728.76   35   -0.3785167380815921   0.002665073819072285
8826.98   36   -0.3786638572088735   0.001884739474618785
8928.9   37   -0.3788216465529515   0.0019156100030250885
9024.83   38   -0.3789311413972077   0.0014718702311270395
9125.12   39   -0.37906888282109413   0.0016022421347223678
9225.84   40   -0.37920914456906624   0.001478907911073132
9313.84   41   -0.37928824770295017   0.0016941561979255048
9394.27   42   -0.379351452741418   0.0011568056103842264
9475.82   43   -0.3794541973924799   0.0013630584344332464
9546.76   44   -0.3795035240231662   0.0008447771844867986
9626.36   45   -0.3795366215462763   0.0012845177529817045
9708.86   46   -0.3795649867457987   0.0007196550048856237
9787.66   47   -0.3795862256191779   0.0006477293102479484
9864.85   48   -0.37962370463158984   0.0009606566527957263
9945.99   49   -0.37967790124075956   0.0009451208109276883
10025.91   50   -0.3797062829001999   0.0008068651000202127
10108.31   51   -0.3797408675265401   0.0006606569424477335
10192.7   52   -0.37978014975370655   0.0006989574277731491
10275.62   53   -0.3798015418448187   0.0007255729815491972
10352.68   54   -0.3798234819031058   0.0005848499601530017
10426.5   55   -0.3798433476482365   0.000801981274096117
10499.14   56   -0.37986125458059683   0.000559931080123289
10570.37   57   -0.3798858844790604   0.0005365798701204502
10648.98   58   -0.379903506044544   0.0005804764883389571
10727.61   59   -0.3799283058526533   0.0005822980150176388
10802.84   60   -0.37995197812250026   0.0008729537129115698
10876.06   61   -0.3799711237436889   0.0007467586095392998
10956.4   62   -0.3799940099299036   0.0007582743368737837
11004.19   63   -0.3800105445135915   0.0006910331651486238
11075.08   64   -0.3800241023111273   0.0005309307150847639
11147.01   65   -0.38003395441660065   0.0007417495856249307
11218.53   66   -0.3800443450219493   0.0005358822253302141
11298.57   67   -0.3800526352523307   0.0005828157432038637
11376.16   68   -0.3800623443651729   0.0005562778794658173
11451.57   69   -0.38007563670231936   0.0004707818991776814
11513.26   70   -0.38008755787976334   0.00044665875303123107
11578.62   71   -0.38010235445559   0.0003963836579582649
11644.7   72   -0.38011319594270737   0.0007001666948029206
11715.48   73   -0.38012641959768584   0.0007393712418611389
11795.14   74   -0.3801390088620811   0.0006573102622988432
11875.27   75   -0.3801533188953985   0.0007502567116580004
11949.21   76   -0.3801694126512871   0.0006182351767502241
12020.47   77   -0.38018277754928254   0.0005950394674137141
12092.78   78   -0.3801984395720068   0.00034723193172685174
12163.12   79   -0.3802127241801231   0.00047981439801411403
12229.07   80   -0.38022459988733937   0.00047868782395315353
12301.1   81   -0.38023673393309154   0.0003996386100019629
12381.04   82   -0.3802483244802641   0.0004419920297972933
12463.96   83   -0.38026115734669197   0.0005247232861194513
12534.08   84   -0.38027313423290865   0.0004027530492359391
12603.75   85   -0.38028776672637143   0.0004292746088914902
12739.49   86   -0.380299974196675   0.0005187274479168017
12816.38   87   -0.38030944912892994   0.0008339295921524143
12876.73   88   -0.3803259619930507   0.0005501723272655995
12940.94   89   -0.380340258476403   0.000583049016087488
12999.34   90   -0.3803528465294094   0.0006379656730077317
13058.78   91   -0.380364606808619   0.0005936691766631756
13117.07   92   -0.38037285171348506   0.0006235520462518357
13170.17   93   -0.380385632768243   0.0006739607951602071
13208.34   94   -0.3803962693521553   0.000366179075186991
13249.92   95   -0.3804086252324319   0.0004220399182736253
13312.05   96   -0.3804197501023264   0.00046857098823728993
13376.1   97   -0.3804305772548506   0.0005700503832349716
13441.29   98   -0.3804420853115378   0.0005188613665495304
13512.09   99   -0.38045333108867996   0.0005342149085346349
13582.76   100   -0.3804679316903036   0.0005282869187224354
