0.0   0   -0.25066970915774717   0.08590672374213529
13.22   1   -0.2618435082880186   0.10006602486151163
28.63   2   -0.28436444481126194   0.08735827622572774
39.2   3   -0.29583106868562203   0.09434642278976653
122.14   4   -0.3246627054180572   0.10411648768894195
132.43   5   -0.3293954678167672   0.14777237539109978
239.61   6   -0.32939519994559513   0.20293993451085196
352.22   7   -0.3293949481656963   0.06402489834475979
362.17   8   -0.3295583887009189   0.19920776206897536
383.58   9   -0.3296282926045418   0.21516017732524198
455.32   10   -0.3296282694076322   0.19745368173314604
518.22   11   -0.3296282661141448   0.16728214113418513
537.0   12   -0.3297992671661294   0.08618953959556563
548.82   13   -0.340687247130617   0.06542367770001468
559.25   14   -0.3461712709619259   0.053263065555463944
574.97   15   -0.35502185169802913   0.22837031811678654
600.84   16   -0.35502651061464685   0.19969559479722468
705.49   17   -0.3550264429957123   0.19252752630053904
715.97   18   -0.35513959619111857   0.21386748177068637
726.15   19   -0.3552127130499866   0.15701548835720114
794.64   20   -0.355212609764175   0.05839093436378108
804.15   21   -0.35565286324054945   0.20794510752643144
829.85   22   -0.3557130833801249   0.21927638654248857
928.46   23   -0.3557127287755518   0.0378163309253248
937.64   24   -0.355718782400269   0.2075332943551858
947.17   25   -0.35581668265845423   0.16620486549115507
956.58   26   -0.355831558741646   0.20634184195761338
986.75   27   -0.355831294564136   0.1938426006797896
1024.88   28   -0.35583116201986675   0.1509887644668566
1043.58   29   -0.3558309371969036   0.21272601514338657
1079.51   30   -0.3558306683707116   0.21888446704233827
1130.46   31   -0.3558303463094124   0.20179063589138133
1149.58   32   -0.3558302173368201   0.15998318048612636
1186.53   33   -0.35583021730588466   0.2364955956079761
1225.32   34   -0.35582991053656   0.2666023794246725
1290.2   35   -0.35582956695333984   0.20737927294707734
1362.76   36   -0.35582941457625356   0.17026473049094845
1371.93   37   -0.3558295351432237   0.19672773302851562
1381.16   38   -0.3558295538892863   0.19509476140332763
1479.32   39   -0.3558294916500152   0.2165931842037483
1527.72   40   -0.355829491646442   0.20045053414010003
0.0   0   -0.3558294916471928   0.2333159435843573
122.12   1   -0.3558292727826418   0.21981372098143945
136.88   2   -0.35582942670287787   0.20497576437276485
155.68   3   -0.35583182746576975   0.17399015116668573
187.47   4   -0.3558316907642105   0.20129019103707138
196.51   5   -0.3558324370723821   0.04213958555810473
216.08   6   -0.3558335592467415   0.27194641529112074
225.37   7   -0.35583726653563325   0.22425018413561557
245.23   8   -0.357386247474539   0.21988867019643724
300.71   9   -0.35738592240173533   0.036710858305461565
320.06   10   -0.35958469602798876   0.045429240460240806
346.56   11   -0.3627496602437663   0.21630176727593575
366.4   12   -0.3628008113633688   0.02691853003542984
377.02   13   -0.36280386671256326   0.2189019498986982
392.93   14   -0.3628229323053365   0.024765005949903125
409.31   15   -0.36283375746569   0.2053892124362768
485.25   16   -0.36283390199832166   0.19451989716296017
555.23   17   -0.3628336313367739   0.20596352684017608
576.18   18   -0.3630218101767887   0.22250435057135784
585.63   19   -0.36302355407033043   0.23349178952855779
595.42   20   -0.3630241114739701   0.18292086584992545
610.56   21   -0.36302392236202363   0.21912840969238373
630.14   22   -0.36302372858065063   0.16049836023747008
675.43   23   -0.36302348790086764   0.18978837396331827
684.45   24   -0.36302319210363587   0.1933182943235854
761.59   25   -0.36302288523011506   0.1625892394768219
809.0   26   -0.36302252228578147   0.17762604452147496
824.29   27   -0.36302315805345875   0.22994368958392666
843.98   28   -0.3630400361032297   0.16868169547594875
914.0   29   -0.3630397185186792   0.15378125932567527
953.33   30   -0.36303958784474505   0.14517687996572046
963.78   31   -0.3630395865403865   0.1767073041382674
993.13   32   -0.3630395847445955   0.1841566522883338
1057.94   33   -0.3630395625668587   0.15775876178102832
1073.59   34   -0.3630395029946694   0.1979543158611165
1083.87   35   -0.36303917707966615   0.23678278590175317
1093.56   36   -0.3630392903557877   0.17850016558855814
1151.3   37   -0.36303893383193436   0.1911273766470987
1187.03   38   -0.36303868691242047   0.17547933244945624
1207.19   39   -0.36303868627126007   0.17347222431057635
1250.11   40   -0.3630384379589862   0.18755300592604013
1356.56   41   -0.36303810328849795   0.23469928521031458
1421.13   42   -0.3630377507288685   0.18621158694057538
1431.67   43   -0.3630377582003032   0.22883998697312025
1447.89   44   -0.3630387652632628   0.17192499404932066
1462.02   45   -0.36304470927002047   0.029368478166085614
1484.0   46   -0.3638726743548931   0.01841535297257423
1496.3   47   -0.3640916971786585   0.1622700723619791
1517.49   48   -0.36429688383432846   0.1888563497220821
1527.57   49   -0.364302206260933   0.20716538253629332
1606.54   50   -0.36430205016956657   0.2182865521021924
1705.57   51   -0.3643019033700481   0.19002458522187585
1749.36   52   -0.3643015775345262   0.01455339587610364
1759.34   53   -0.3643016396520811   0.19030911443854456
1775.15   54   -0.36431644503644134   0.14861656246079055
1785.73   55   -0.36434779551647806   0.2636810117801526
1851.79   56   -0.3643474330381903   0.014464786967118151
1866.19   57   -0.36434987373839356   0.21683981226409463
1889.17   58   -0.3647738458940821   0.01883585687137098
2028.0   59   -0.3647742066341794   0.013130701154948474
2040.46   60   -0.3650333646829911   0.20125332477782157
2051.35   61   -0.3653278551993231   0.1590829107178589
2106.24   62   -0.3653275932847601   0.1779821422135853
2213.38   63   -0.365327315147263   0.2045495297682141
2234.65   64   -0.36532696438866874   0.009156446968188826
2244.45   65   -0.36532783003882163   0.16683387994259372
2266.2   66   -0.3656089316110842   0.014172346035871855
2288.55   67   -0.365647106097674   0.19094804316137803
2316.03   68   -0.36567221738957867   0.14800594441755424
2407.46   69   -0.36567201926987025   0.20049195996293862
2455.64   70   -0.3656718606856853   0.00952981882400578
2465.59   71   -0.3656735585567726   0.21888163637651314
2494.06   72   -0.36666826084229737   0.015956655230041347
2506.35   73   -0.3670716958741588   0.015150963724999425
2523.64   74   -0.3680634151729074   0.016303204886378594
2746.62   75   -0.3684176839711497   0.23312623580976982
2819.51   76   -0.36844660255575445   0.1654423217771071
2859.4   77   -0.3684465556287362   0.1984545939020083
2929.1   78   -0.3684462270237013   0.18503777184873163
2992.93   79   -0.36844589102801223   0.20662649584718726
3004.97   80   -0.36844597650032385   0.17560083241477786
3081.91   81   -0.36844563449030043   0.16296152161354732
3110.63   82   -0.36844623766173984   0.03311500468732895
3134.38   83   -0.3684755749887219   0.18756732656344188
3146.88   84   -0.3688062346204747   0.15685415276143036
3304.44   85   -0.36880615959499874   0.19967163406399294
3347.85   86   -0.3694620378017175   0.22442914370978576
3376.0   87   -0.3694941260365593   0.202745962584696
3386.39   88   -0.36956191106740427   0.15669113062315987
3413.82   89   -0.36956189526964617   0.23450308527489047
3513.64   90   -0.36956161614580685   0.18396245593105773
3539.47   91   -0.3695615900955671   0.019415624449261856
3550.1   92   -0.37007525705298755   0.01935832993177729
3565.84   93   -0.37086495827908633   0.1765044272021019
3577.19   94   -0.37103026209277495   0.2148494870752533
3588.04   95   -0.37146302926785424   0.029332940262920798
3603.29   96   -0.37159009713863245   0.01861437091204349
3612.98   97   -0.37184586569744454   0.15673314598346244
3622.83   98   -0.37185970171660376   0.01729036158897457
3639.39   99   -0.3720680474752484   0.17663983979325745
3649.53   100   -0.3720930552413834   0.013002897434725337
0.0   0   -0.37209305524555064   0.22975167418466816
486.5   1   -0.3720929452965411   0.19704064140929822
512.07   2   -0.37209289234504206   0.2096871486611242
535.67   3   -0.3720929018153901   0.2285898652168066
624.02   4   -0.37210113784651777   0.23259691128240892
714.12   5   -0.37210113784736076   0.1999099279985681
