0.0   0   -0.22429293633596037   0.05588260093329134
12.72   1   -0.22965355841476948   0.04396296931821089
26.88   2   -0.23346242197066613   0.014772623158919067
46.73   3   -0.2450039218443328   0.03811352255915224
56.22   4   -0.2533614496455733   0.03652361043909394
71.51   5   -0.26031846334566067   0.038034282217170624
86.58   6   -0.26984089262608424   0.03725164820353525
102.33   7   -0.27347361717467533   0.02421970976990227
119.09   8   -0.2756651098076926   0.028474573563665572
150.39   9   -0.27708223805680426   0.21592214968616008
261.33   10   -0.2770820213279029   0.03757916232171582
271.64   11   -0.2784128261537464   0.2607489318272204
292.66   12   -0.27859061097701143   0.02063657069974571
318.19   13   -0.278871721039739   0.01869615215727622
333.3   14   -0.2806271680187116   0.02562501151891006
343.07   15   -0.2839018733365095   0.3070906520901869
486.13   16   -0.2839015900023464   0.040167470737969065
506.35   17   -0.2847354069975748   0.020798324476411875
515.97   18   -0.2890511600981789   0.26086309117652823
532.47   19   -0.28923739724378394   0.3573979938662048
648.37   20   -0.289237237041545   0.4613493281193614
762.98   21   -0.2892371090994826   0.02430511514297913
781.87   22   -0.2893041178550976   0.3003726588589222
791.28   23   -0.2893662066346396   0.01702676833015812
804.75   24   -0.28937895760791704   0.35572543102539617
818.28   25   -0.28948974577575326   0.22698862459379854
850.7   26   -0.2894904192611095   0.017686837214608196
869.03   27   -0.28965790742390113   0.024956758136530047
879.03   28   -0.29064637798089904   0.37395235934289667
950.28   29   -0.29064621712768307   0.3149649989666227
976.95   30   -0.2906538497200007   0.018366273703644943
994.99   31   -0.2906804569742308   0.317003322683824
1035.35   32   -0.2906803945506252   0.01786980170673528
1056.66   33   -0.29073153026024545   0.37184410852073563
1084.28   34   -0.2907328684691976   0.018989711733525746
1111.67   35   -0.2908763731414646   0.020410207036436888
1131.57   36   -0.2912699484228115   0.01931771811757801
1169.8   37   -0.291421684319897   0.019279623998506346
1189.3   38   -0.29211730818880755   0.33323024294308756
1203.43   39   -0.2921769537533867   0.01824244598338168
1212.02   40   -0.29227744548695506   0.019597660525154464
1254.41   41   -0.2924501989298572   0.32484168683632825
1320.81   42   -0.2924500078494129   0.017713835653074394
1339.13   43   -0.2924593193593831   0.016810823052921618
1365.76   44   -0.2927631359144836   0.3305473800069793
1386.37   45   -0.29278960168957346   0.014080421560823016
1405.6   46   -0.2928371453959897   0.2840396374837048
1439.81   47   -0.29284209971516983   0.01857015355668163
1467.65   48   -0.2928460132324654   0.30850995769796735
1481.22   49   -0.2928484047562317   0.017617635508541996
1502.55   50   -0.29286270369139383   0.017699469837645036
1517.03   51   -0.2929137385613109   0.34760424037314586
1526.4   52   -0.2929732747980172   0.016743399371938465
1539.76   53   -0.29302032088981705   0.3035489800811754
1552.15   54   -0.2930207278079002   0.019637607530645636
1571.37   55   -0.29303475603612866   0.3230636824922421
1580.03   56   -0.2930385590702101   0.0188481626875672
1605.26   57   -0.29304828593680454   0.3328636203534458
1648.27   58   -0.2930481727639233   0.021309413800830235
1671.28   59   -0.29316079661966854   0.016972072067082233
1694.32   60   -0.2931919191577045   0.014779754584040164
1708.27   61   -0.2932052804727559   0.2857881556388186
1718.1   62   -0.293238587498721   0.30043839853379106
1731.19   63   -0.2932388616491448   0.016523434363073245
1758.4   64   -0.2932538636475754   0.016585123121583282
1768.76   65   -0.29331351483873863   0.32471686120216847
1831.26   66   -0.29331332641257307   0.01795116645184865
1840.6   67   -0.29332638604376127   0.38530907523348795
1889.99   68   -0.29332636801194956   0.01723855683331934
1903.59   69   -0.2933324452763686   0.3159806380981744
1966.81   70   -0.2933322748637837   0.016728860498234552
1977.36   71   -0.2933458361783162   0.27401165511715775
2000.59   72   -0.29334568761211627   0.3538939233063365
2039.99   73   -0.29334549902164975   0.01692706806830699
2053.5   74   -0.29334791388769227   0.016775409525570783
2069.25   75   -0.29335039179433786   0.016704136769563897
2084.4   76   -0.2933712300679542   0.3045374039517793
2122.42   77   -0.29337105531275703   0.3377264005199657
2192.14   78   -0.2933707734963945   0.015795621780887417
2205.37   79   -0.29337268767085367   0.01609812622661192
2222.39   80   -0.2933767234576084   0.2431351007919743
2276.49   81   -0.29337657117850097   0.016471535822411273
2286.22   82   -0.2933782572167244   0.33927667077594204
2324.1   83   -0.29337819009061705   0.016294246666301415
2333.18   84   -0.29337909135076184   0.01625808871067162
2353.24   85   -0.29338001281159515   0.01619063911312733
2363.57   86   -0.29338458821318936   0.016338928515205256
2397.88   87   -0.2933855939235713   0.3142269521125849
2406.99   88   -0.29338591216357196   0.3487922585406993
2440.96   89   -0.29338565664555993   0.44775003618434056
2459.95   90   -0.29338537130582243   0.016219440864026186
2475.99   91   -0.2933864150918226   0.302649056031086
2508.1   92   -0.293386143431286   0.016024317486370506
2522.96   93   -0.29339593572803285   0.38912001609385677
2538.08   94   -0.29339632714262776   0.27451214016757863
2570.47   95   -0.29339611313354513   0.30212122999466245
2614.72   96   -0.2933958672790722   0.015039162835488647
2629.07   97   -0.29340628356304843   0.3905988518064968
2681.23   98   -0.29340737934418837   0.31886957663090143
2775.49   99   -0.2934073789881766   0.3168605632525455
2793.27   100   -0.2934078669522581   0.01518292638096857
0.0   0   -0.293407866952474   0.02119100259488107
15.65   1   -0.2948297146861104   0.01991776719006474
27.46   2   -0.2965382512056733   0.02845070493697219
40.69   3   -0.29837052533940095   0.2899875116447035
80.41   4   -0.30136225773404207   0.039850721596175594
109.63   5   -0.30174079958190236   0.32395523187668457
179.74   6   -0.30174070020715393   0.030718772311171684
201.82   7   -0.3026560995789889   0.025645553172189566
213.75   8   -0.30352987871929776   0.046064309468804084
225.09   9   -0.30546716751041325   0.2806670604776424
276.86   10   -0.3055265082071547   0.015818774343103956
312.03   11   -0.30554745218868484   0.014931351171667974
322.68   12   -0.3058584517294018   0.26903817351867954
343.9   13   -0.30586330385453264   0.011126522988602849
359.96   14   -0.30598835375145467   0.3239708520388096
375.56   15   -0.30602814118889454   0.013777557748276104
392.16   16   -0.3061198626868801   0.009561385095135818
413.95   17   -0.30616080013060293   0.24582076598461455
484.21   18   -0.3061606400383558   0.014868137647810649
493.63   19   -0.3062409189391192   0.3594834563383125
601.74   20   -0.3062408993359886   0.008654756658708733
759.89   21   -0.3062419341766424   0.3070343247734899
773.52   22   -0.30624172167592206   0.013670917117372847
798.43   23   -0.30624525786417967   0.3269254780248102
834.56   24   -0.3062451953468025   0.008951885053585464
845.11   25   -0.30625467162502207   0.009697479826419378
865.26   26   -0.306282480901721   0.01809100768125938
886.27   27   -0.3062947990999786   0.28615601883800096
911.32   28   -0.3063069348726002   0.018335650872678147
939.99   29   -0.3063394725378203   0.017742984639352744
949.44   30   -0.306345133758033   0.27134619706198454
960.15   31   -0.3063559397861307   0.27737412374510334
980.23   32   -0.3063561222594566   0.29496427834376276
994.24   33   -0.3063561414720068   0.01686527195119357
1023.71   34   -0.3064863760411401   0.009637105402730979
1039.8   35   -0.3065363602448221   0.29309356988267565
1060.26   36   -0.306536245206886   0.01162124983728081
1070.93   37   -0.30654464714683916   0.21436089021864077
1091.72   38   -0.3065583883213165   0.2779366745595896
1109.56   39   -0.3065628827556291   0.2901884926308829
1119.24   40   -0.3065743968149386   0.007863849890290637
1155.44   41   -0.3065803298427838   0.011102977150126536
1171.51   42   -0.3065993128728424   0.013993188727440707
1181.83   43   -0.3066165671412191   0.016452269707820034
1201.34   44   -0.3066475130319168   0.01897419506123324
1211.77   45   -0.30667183202525994   0.015718345060949677
1227.25   46   -0.3071790072098856   0.31886309549473774
1256.78   47   -0.30717891454275914   0.20407848215270105
1348.35   48   -0.30717891419294596   0.01571376631657583
1363.24   49   -0.30730690300379704   0.2839182854449485
1399.15   50   -0.3073068756354707   0.016602897178429846
1424.74   51   -0.30730764752064   0.3100161490262867
1439.7   52   -0.30731014324745826   0.2961612431950518
1449.41   53   -0.3073098572740581   0.016277048477727787
1554.35   54   -0.30731044778897304   0.29479567766566983
1669.56   55   -0.3073104168361057   0.26423890765148633
1679.36   56   -0.3073106055196566   0.015831309279678567
1704.5   57   -0.30731318030483795   0.018737382425942282
1721.92   58   -0.3073283575116049   0.020479424042368577
1986.09   59   -0.30733005445950484   0.31352273320275326
2053.18   60   -0.30733810117944665   0.01877300103328726
2064.42   61   -0.3073536545618342   0.37357571312177945
2075.09   62   -0.30763648999639487   0.01573253389189909
2085.44   63   -0.30795859894185496   0.017033020143180998
2096.43   64   -0.3081740074024782   0.015503254273834218
2108.05   65   -0.3098351361504925   0.3307598357711817
2189.06   66   -0.30983492005127883   0.03475187551072084
2203.91   67   -0.31006450271348557   0.030743085620050237
2215.48   68   -0.31051732001812077   0.038795384630868464
2231.19   69   -0.3120078351474159   0.02799714505610682
2247.66   70   -0.31326159022584477   0.03860062079431784
2258.86   71   -0.3147069909319792   0.01191520685221515
2285.88   72   -0.31499589635926156   0.030432733556618352
2300.22   73   -0.3157589632785211   0.00657321855352879
2322.84   74   -0.31620183650011635   0.28546269740525065
2349.38   75   -0.31620671777281084   0.30008924868765746
2401.36   76   -0.3162064312126256   0.2646208845506097
2491.33   77   -0.31620629482556195   0.007380248786192544
2523.06   78   -0.31624264416572107   0.007386119769004555
2533.86   79   -0.31629634977998367   0.009619840581285594
2545.22   80   -0.3163359647961407   0.008790162000213188
2556.09   81   -0.3163723177588014   0.004565350843937643
2585.95   82   -0.3165191815742381   0.008363200099913587
2601.75   83   -0.31660546628622455   0.3076579592966829
2686.92   84   -0.31660530963852884   0.007954611768629466
2702.27   85   -0.31664325418120975   0.005358363042296812
2717.39   86   -0.3167079026894207   0.002469767786589472
2727.76   87   -0.31673092136380426   0.004002001546489541
2744.01   88   -0.31680711706865927   0.003970458604561089
2754.25   89   -0.31684436408260336   0.002650969762105682
2765.43   90   -0.3168538913367668   0.0020741204477076366
2781.85   91   -0.31690846218001306   0.002173442702290467
2797.71   92   -0.3169388409980083   0.003645407763777197
2817.84   93   -0.31696394370051106   0.002617477400744933
2833.16   94   -0.31702805581406407   0.003779901767995621
2859.24   95   -0.31712944411523747   0.269175033395261
2896.53   96   -0.31712945059216924   0.004240045679390242
2912.89   97   -0.3171492405090366   0.002821622553048859
2924.16   98   -0.3171692648401344   0.0031703947705822777
2940.22   99   -0.31721452445903875   0.0045567529003593685
2957.28   100   -0.31725203242184463   0.0015612126928489481
0.0   0   -0.31725203242501565   0.4072461946011336
378.99   1   -0.317255261297477   0.30766559110650404
534.83   2   -0.3172550742268851   0.3665877681801835
640.47   3   -0.31725477070196356   0.0018269647865843408
745.48   4   -0.31725505891566075   0.3367524593614034
1248.34   5   -0.31725511244657445   0.001842332857195056
1323.71   6   -0.31725513106397296   0.3397707543526637
1410.42   7   -0.31726241767052027   0.004504904103305949
1491.51   8   -0.3172643665398769   0.002777993756269691
1563.73   9   -0.3172885273675983   0.002376130569777905
1623.64   10   -0.3173091460343173   0.0021946827829850543
1672.08   11   -0.3173308177125705   0.35960869093372966
1880.75   12   -0.31733054803729055   0.3040761457033009
1995.28   13   -0.3173304285392305   0.3387599581363121
2245.46   14   -0.31733018273805746   0.0019826105772989054
2753.31   15   -0.3173302439338401   0.3148542435341465
2827.96   16   -0.3173304421478483   0.0018128617261288418
2928.74   17   -0.3173305179677036   0.44750039239970174
3033.23   18   -0.31733047390430147   0.0018474517479723574
3079.29   19   -0.3173305351610288   0.0018311721318665364
3210.1   20   -0.31733121932661923   0.0020564642864196823
3312.23   21   -0.31733753304835305   0.3172518328653362
3474.62   22   -0.3173375313265135   0.3629708754097654
3613.43   23   -0.3173384910048911   0.0033424711262621597
3676.58   24   -0.3173466337771967   0.0031999361323858094
3788.37   25   -0.3173499990138813   0.31101865040496557
3906.4   26   -0.3173498934777758   0.353226719697311
4002.06   27   -0.31734986548619765   0.338056333481712
4139.77   28   -0.31734963082561596   0.33658830901307074
4278.57   29   -0.3173495089599957   0.0019722103164472563
4306.4   30   -0.3173498651190395   0.4123806286352617
4362.48   31   -0.31735040865550396   0.002305577256029545
4448.92   32   -0.3173506045462363   0.002350116360008604
4517.22   33   -0.3173545373387273   0.002385524565365366
4773.03   34   -0.31735432169431377   0.282681351671592
4825.35   35   -0.31735406906599994   0.33337335908583005
4859.7   36   -0.31735401565017635   0.34034518740879044
5000.72   37   -0.3173536982963278   0.00393941853540373
5019.94   38   -0.31735379668119124   0.003940098394826355
5042.42   39   -0.3173545675247049   0.0036107645724985887
5053.58   40   -0.31735975980008363   0.003507720018348839
5063.93   41   -0.3173819117379071   0.0037805520942397995
5084.16   42   -0.31739322097863903   0.005496282795963291
5100.89   43   -0.31739377819243486   0.005787630582123576
5116.11   44   -0.3174884459097522   0.0038919490840751414
5131.49   45   -0.3175933695240335   0.005036781285429493
5148.61   46   -0.31768635677210366   0.003893547925482177
5169.24   47   -0.31769044717844386   0.003605701908154994
5185.09   48   -0.3177295975479765   0.0023709768965595956
5200.78   49   -0.3177979773664686   0.002672051832176246
5219.1   50   -0.317868582659274   0.0032031548144557625
5242.86   51   -0.3179275626980193   0.0037993239367367405
5261.15   52   -0.3179907508286501   0.0035283010303083424
5280.55   53   -0.31805512126416235   0.0026237980007368946
5299.82   54   -0.3181095294992671   0.003670877491206383
5317.53   55   -0.31817153292014466   0.0022444455783523403
5336.41   56   -0.3182237485351287   0.002545616048505173
5348.64   57   -0.3182507200583572   0.002597343388394683
5365.35   58   -0.3183088492730277   0.0018213127431310192
5381.21   59   -0.31834583111648523   0.0030330313890745003
5393.66   60   -0.3183682487792425   0.002975144812260271
5412.57   61   -0.31839497695214797   0.0021642815132898296
5430.92   62   -0.31843469115702416   0.002037265358523063
5448.22   63   -0.31845882908342255   0.0025950439522856466
5468.11   64   -0.31847777161469576   0.0020609607237077015
5485.57   65   -0.31849542006507614   0.0017927462344565766
5501.81   66   -0.31852624060152124   0.0023767093566396586
5520.06   67   -0.318549736082658   0.001823610089332324
5538.25   68   -0.31857117615889796   0.0015952719905778946
5556.4   69   -0.3186118173229719   0.00201873374267867
5574.43   70   -0.3186534162988261   0.002126114100298041
5594.45   71   -0.318693844787312   0.001961056543138149
5613.0   72   -0.3187335038084531   0.0018236464066474138
5629.99   73   -0.31875879713793176   0.0023028430222325176
5646.08   74   -0.3187895145874634   0.0021873709187940414
5657.41   75   -0.31881076851455703   0.0024168411475286
5673.08   76   -0.3188320848467155   0.001893819304000712
5689.84   77   -0.3188532493329834   0.001636169861577395
5706.41   78   -0.318881112293212   0.00182790374000856
5722.69   79   -0.3189007584505594   0.0014980105114479603
5733.42   80   -0.31891357054184505   0.3344592906152191
5769.67   81   -0.31891357425604944   0.0015459978513070868
5918.07   82   -0.31891350404448365   0.5050832312657516
6065.13   83   -0.3189133281412219   0.31729145625840194
6181.58   84   -0.31891302690772355   0.40935828016580916
6197.98   85   -0.3189129485161907   0.3851253422103127
6254.04   86   -0.31891271622328776   0.44587618361773096
6294.91   87   -0.3189124584278233   0.37469086501394167
6307.06   88   -0.3189125035281867   0.3708223657295773
6371.92   89   -0.3189127328962726   0.3111965523722526
6484.39   90   -0.31891252859692854   0.35073663049499276
6584.81   91   -0.318912223310331   0.3362141996305219
6604.9   92   -0.318912223809183   0.44036744177437825
