0.0   0   -0.2328830747419942   0.009716501774042926
65.74   1   -0.2346532118090552   0.005941208806271878
225.71   2   -0.24514404009111596   0.027658989533606612
283.43   3   -0.248261986356424   0.028187713308612944
370.25   4   -0.2581268248786479   0.01575652286843367
466.0   5   -0.2637962855391176   0.016296881318935818
524.93   6   -0.2670820579268805   0.01027316513581778
609.69   7   -0.268238232537352   0.007294488852028993
718.14   8   -0.2750923151026152   0.011542470129782352
777.58   9   -0.27663281288705505   0.010499533535410294
837.15   10   -0.2780301317067214   0.006696333566298226
916.78   11   -0.2786227612832169   0.005213219515717504
1001.69   12   -0.28074889786275026   0.009552162025772226
1060.04   13   -0.2815672684787094   0.012097068275098849
1116.05   14   -0.28402724062571144   0.022658138774536696
1180.75   15   -0.2883068979536071   0.028988154841970933
1246.98   16   -0.29156698206057524   0.032797684836852005
1331.75   17   -0.2983316125109006   0.023794499728665
1412.69   18   -0.30410416233935217   0.01667959505280308
1497.91   19   -0.30767619236957927   0.01609960408883196
1556.45   20   -0.3092720439255569   0.011971646697031537
1615.15   21   -0.3130591621081327   0.009676245859169263
1701.68   22   -0.31480942781478344   0.007623001608285146
1785.72   23   -0.31588047159470023   0.005491904636570737
1910.63   24   -0.3163693584724444   0.0030728798419541086
2000.65   25   -0.31698566322632243   0.0033971620361008073
2085.61   26   -0.31738788150759706   0.004327923888775399
2170.65   27   -0.3178038276435106   0.0029056364825737146
2257.89   28   -0.3180078147707817   0.0039060863364892367
2341.73   29   -0.31828151217460127   0.0026956345670640027
2426.21   30   -0.3188295184285565   0.002444664371716813
2513.7   31   -0.3191251377704998   0.0026086028692808402
2595.99   32   -0.31942701452003885   0.002204543018334414
2684.54   33   -0.3196400000186269   0.0028956495476194196
2780.45   34   -0.31977323057302315   0.0030144336628149565
2875.25   35   -0.3198846758810327   0.001965949890880908
2961.38   36   -0.32002769194720787   0.0014672399631196877
3045.02   37   -0.32015488879734044   0.0019396885375997837
3129.36   38   -0.32036794174067024   0.00197329213033543
3222.02   39   -0.3204717307765181   0.0014983937411372553
3317.56   40   -0.32052796284807167   0.0009411686868855295
3413.26   41   -0.3205762634735157   0.0008381922798771378
3504.41   42   -0.32061556646366657   0.0010299704726502738
3601.64   43   -0.32065317024443113   0.000631050218879637
3701.85   44   -0.32068862460920683   0.0005963285277292925
3766.5   45   -0.32071415374586193   0.0008327473407379162
3852.62   46   -0.32075677596026186   0.0008383896726632883
3959.77   47   -0.32080068213165625   0.0012487256004292378
4022.32   48   -0.3208317452395654   0.0011967684011781573
4112.81   49   -0.3208668320635933   0.0012286058640502903
4204.19   50   -0.3209099804656414   0.0013346857234215299
4303.02   51   -0.32094954774574014   0.0008363637156503882
4393.94   52   -0.32099817296029926   0.0009436816464982977
4491.43   53   -0.32105409250094824   0.0006379731584592808
4588.25   54   -0.32110402318851494   0.000653471289559437
4688.54   55   -0.3211382890765425   0.0007762119719432155
4785.15   56   -0.3211780903414616   0.001174873931936941
4884.52   57   -0.32120252587109394   0.0006884202465144789
4980.14   58   -0.32122392580027054   0.0006892527375426006
5074.16   59   -0.3212459070202006   0.0006904165618088802
5168.59   60   -0.3212669280772017   0.0009653635216778846
5264.95   61   -0.32128491705246687   0.0004717694697012268
5355.49   62   -0.32130230819548494   0.0004315229636493682
5446.24   63   -0.3213252908836224   0.0005239437180006003
5520.44   64   -0.32134114367901206   0.0004232362778904374
5613.01   65   -0.32136057646546423   0.0006417586501214008
5722.45   66   -0.32137523652418054   0.0004447831540802351
5827.67   67   -0.32138519342185573   0.00039553845273923317
5955.94   68   -0.3213950826030956   0.00036455626554744366
6057.91   69   -0.3214043116122405   0.0003847022276142935
6168.39   70   -0.32141092886670486   0.000507594914784678
6271.2   71   -0.3214198012397775   0.0004430712401345518
6379.7   72   -0.32143118946394084   0.0005353274115743441
6480.5   73   -0.3214396512516363   0.00029724370290080363
6574.76   74   -0.3214474892882699   0.00019008546992495335
6673.56   75   -0.32145422037254723   0.0004108670522572451
6779.57   76   -0.32146355344672484   0.00032381875004870475
6873.53   77   -0.3214744375157589   0.000437295092620401
6935.1   78   -0.32147997152567603   0.0003141192662697353
7027.33   79   -0.32148498994824404   0.0002319243540244533
7126.57   80   -0.3214922891881055   0.00044593991424881333
7194.07   81   -0.32149709128836845   0.0003707620407445978
7302.06   82   -0.3215008787182581   0.0003442720311097311
7387.8   83   -0.3215080271158166   0.000298093456942441
7485.61   84   -0.3215178657421085   0.0003500504642345954
7589.59   85   -0.32152447675171714   0.00019575282262186336
7687.9   86   -0.3215288174473478   0.00020635211821646806
7784.13   87   -0.321535157808125   0.0004973911637637482
7884.56   88   -0.32153973601089286   0.0003201513683823692
7978.15   89   -0.32154431408896733   0.0002774859063076257
8076.1   90   -0.32154784715737894   0.00021152595886681462
8183.31   91   -0.32155279200450226   0.0003177424139158765
8245.51   92   -0.32155540206790284   0.00037602035284420017
8340.21   93   -0.32155959574281695   0.00020616263226944917
8426.24   94   -0.32156614055218424   0.0002422030364913558
8483.58   95   -0.32156980480605946   0.0002179248943199214
8576.56   96   -0.3215738424426409   0.00018985895039047937
8671.47   97   -0.3215796775361875   0.0002815793813092006
8734.62   98   -0.32158264596695163   0.0002607148523328764
8823.83   99   -0.3215865260158804   0.000166617471153799
8917.63   100   -0.3215889726388484   0.0002628700142358559
