0.0   0   -0.4422519139106105   0.11138783883237162
20.64   1   -0.4501212891457257   0.07712561709906945
36.69   2   -0.45719970373616947   0.025407146811373377
58.22   3   -0.46573781750540316   0.04355339942165868
70.24   4   -0.46867997719802157   0.05577756555029135
87.74   5   -0.4725503911961051   0.022105798987024427
103.22   6   -0.4744022844949878   0.024756278726394878
125.94   7   -0.47773711530251994   0.02296001181012978
146.18   8   -0.4783259795982169   0.0207977232519589
161.61   9   -0.4789509067359444   0.00660168324528072
171.55   10   -0.47903219956574344   0.00499157705359011
192.71   11   -0.4791667610223098   0.003208437180852531
213.29   12   -0.4793110876028248   0.009599790931489953
223.26   13   -0.479321168760058   0.220020511904426
239.21   14   -0.4793981563541099   0.011391827637734758
248.44   15   -0.4794742352437191   0.005312487660707207
258.26   16   -0.47960926767015144   0.002689787749349326
267.43   17   -0.47963090752647125   0.0026555422193930067
282.43   18   -0.4796785654511574   0.003866202177215014
298.51   19   -0.47981778672251557   0.003299795518012521
313.06   20   -0.4798562802439995   0.0012257040086596895
331.63   21   -0.4798971799764289   0.0037994517749437903
352.77   22   -0.4800633501485225   0.00255270170730088
367.87   23   -0.48011741504699346   0.0017374103115938156
382.79   24   -0.4801802117584619   0.002884863275525236
398.36   25   -0.48024059797235497   0.00123763548319338
407.21   26   -0.48024770214454504   0.0008996895197944202
420.85   27   -0.4802691820583516   0.0019653062514313033
434.64   28   -0.4803432125297875   0.001563494917993509
445.15   29   -0.4803545157958853   0.0013736777716447184
459.02   30   -0.4803650880419402   0.001170501678508157
478.65   31   -0.4804027027257737   0.0015328873604708944
494.06   32   -0.48045524783280424   0.0018860816029097687
509.62   33   -0.4804940766150531   0.0017709052003726852
523.53   34   -0.48055030336423166   0.0016478115489289627
536.56   35   -0.4805669991297012   0.000877129905789638
550.33   36   -0.4805710573785814   0.0005053493513816823
563.5   37   -0.48057579129583994   0.0005492997190831311
576.24   38   -0.4805865869808793   0.0011170820340055793
589.95   39   -0.4806015442551703   0.000897580070719764
604.05   40   -0.48060539921746703   0.0004761185428341561
616.26   41   -0.4806087532772728   0.0006922033922420024
629.14   42   -0.4806191051464426   0.0005954666441501149
637.79   43   -0.4806219890911839   0.0006287461266311294
651.39   44   -0.4806250011878742   0.00040173257815619476
664.05   45   -0.4806280992412688   0.0006188598240366465
677.13   46   -0.48063164005327735   0.0006730147467627538
690.46   47   -0.4806355682515597   0.00023341433864198095
707.95   48   -0.48063842139578505   0.0005766700154678982
720.46   49   -0.4806460289186314   0.0004022991021117751
728.78   50   -0.4806481869694018   0.0004885677046911071
742.43   51   -0.48065080120880255   0.00046815577201718373
755.76   52   -0.48065543080936185   0.00031017378010595646
768.3   53   -0.48065776348680933   0.00031354121892400005
781.42   54   -0.4806611064615045   0.0004782530890895736
795.17   55   -0.4806703335363436   0.0004820365931382482
803.64   56   -0.4806718053055224   0.00038555971333480144
816.48   57   -0.4806730760416341   0.0003327247034893956
829.07   58   -0.4806768045041778   0.000537931131113491
843.83   59   -0.4806811607656225   0.00040292266948735553
857.57   60   -0.4806836001588852   0.00045602415417629084
866.7   61   -0.48068449956836945   0.0004258275268935121
879.41   62   -0.4806855875108908   0.0002590187071892485
894.89   63   -0.48068770763147484   0.0004220664094868079
909.87   64   -0.4806918986467955   0.0005304070677115566
923.83   65   -0.48069388360669474   0.00038072557801206556
938.58   66   -0.48069515502918836   0.0002792707456054883
953.42   67   -0.4806982495857649   0.00039808242319601454
968.05   68   -0.4807004580009534   0.00042735722396761047
982.19   69   -0.4807023837191181   0.00038549093079891006
996.75   70   -0.48070498226554376   0.0003906285264631181
1005.89   71   -0.4807070205684517   0.0004421587341064058
1018.88   72   -0.48070921807460154   0.0003077392171886791
1031.55   73   -0.4807140831989148   0.00045759064748114093
1041.33   74   -0.4807168129780891   0.000579450651970846
1055.23   75   -0.48072070597091887   0.0003504918632018895
1068.58   76   -0.48072303432911445   0.000408057626281012
1077.25   77   -0.48072409304049035   0.0004992202925116424
1091.11   78   -0.48072603701378014   0.0005405495716615938
1105.25   79   -0.48072874473268645   0.0005661141707444094
1119.2   80   -0.4807316123619447   0.00026899221822241097
1133.46   81   -0.4807331493974582   0.00027207617644863305
1148.65   82   -0.48073443148268935   0.0005678933425521981
1157.72   83   -0.4807356838986055   0.0003842752895131653
1171.31   84   -0.4807365384238474   0.00022753331534155718
1184.6   85   -0.4807388285466515   0.0004717298282670871
1193.92   86   -0.4807404223602825   0.00035527901343689126
1206.8   87   -0.48074231736055006   0.00031930107140652113
1219.74   88   -0.4807442167241882   0.00030944915376583443
1228.13   89   -0.4807454960156088   0.0003247228102823917
1241.18   90   -0.4807465983763256   0.00024324903883043986
1254.58   91   -0.48074748591263117   0.0001603311879527058
1267.51   92   -0.480748036991673   0.00016865245042470403
1280.33   93   -0.48074855420906104   0.00014693302985325477
1294.44   94   -0.48074889995566417   0.00014750629141939745
1307.42   95   -0.4807494704768803   0.00011041705618277796
1319.85   96   -0.4807502311621685   0.00020904623253202605
1328.17   97   -0.4807506891754903   0.0001202670402831367
1341.37   98   -0.4807510182146299   0.00017178209003247186
1354.81   99   -0.4807514723061772   0.00016954419032994735
1363.13   100   -0.4807516302509133   0.00029965468939623113
0.0   0   -0.4807516302509134   0.00037854010949986986
10.88   1   -0.4807517163065995   0.00022464033850593332
27.77   2   -0.48075184838621254   0.0002503540163779114
40.55   3   -0.4807520766411963   0.00016410079347987393
53.92   4   -0.4807522274017507   0.00020686873555346641
62.57   5   -0.48075229066970426   0.0001726512669106793
79.93   6   -0.48075266650500315   0.00022537109481245222
88.75   7   -0.48075288366087726   0.00010980157336748117
107.41   8   -0.48075320631515855   0.00012286232315216036
116.49   9   -0.48075331522575737   0.00011865321359993664
133.51   10   -0.4807538343385518   0.0003007207449907389
147.34   11   -0.48075407289016203   0.00011606888943321431
169.66   12   -0.4807548868618732   0.00015127919742965757
178.42   13   -0.48075512605594145   0.00020144790630058045
192.52   14   -0.4807554257590521   0.00020748637173597642
206.16   15   -0.48075590240146815   0.00013295249423276627
224.18   16   -0.4807565063973841   0.0001878208552582695
237.94   17   -0.48075692242730866   0.00023338827667348055
256.12   18   -0.4807575992545143   0.00010190767608973212
269.53   19   -0.48075783705686326   0.00010337333012604345
282.49   20   -0.4807583395756779   0.00015377846530827567
296.63   21   -0.48075878359226015   0.00013164649915165747
305.41   22   -0.48075886460190453   0.0002916678575543741
318.5   23   -0.4807590798344749   0.0001680639246187879
331.62   24   -0.48075932856874326   0.00015998974123326018
345.88   25   -0.48075962878901346   0.0001551115247952836
359.2   26   -0.4807597018637424   8.311573609258022e-5
376.65   27   -0.4807597947920951   9.159734751410999e-5
391.18   28   -0.4807599063184451   0.00010335098100569284
404.78   29   -0.4807600095551929   7.865748302770974e-5
417.83   30   -0.4807601595076462   0.00012167294874305735
430.73   31   -0.48076027629206514   7.73129499128475e-5
439.81   32   -0.48076030818742516   7.877563321786407e-5
453.38   33   -0.48076038598457904   0.00012026674323931298
466.36   34   -0.48076054257386064   9.419624343125091e-5
475.13   35   -0.48076064632653287   8.42575830008663e-5
488.54   36   -0.480760688495878   5.74276640526649e-5
501.5   37   -0.4807607326876261   7.800981135511746e-5
513.65   38   -0.48076085623868003   6.794242049551138e-5
526.79   39   -0.48076091701735424   8.362581760799585e-5
540.13   40   -0.48076097900569803   8.897021496534584e-5
553.36   41   -0.4807610621862759   8.949434481281377e-5
571.17   42   -0.4807611925505717   7.230937383367386e-5
580.43   43   -0.4807612298030386   0.00011033233064335226
593.25   44   -0.480761268295198   5.7656899151743246e-5
605.86   45   -0.48076129424058966   7.061542863123532e-5
618.16   46   -0.48076132709398   8.311933529188386e-5
631.38   47   -0.48076138837482946   0.00013393812658835861
644.92   48   -0.48076146064102965   5.334412941198223e-5
658.08   49   -0.48076150246963634   5.8974153133214715e-5
670.93   50   -0.4807615551319051   5.537168433169144e-5
685.42   51   -0.4807616149088079   6.824249647027708e-5
698.58   52   -0.4807616522570169   6.447565988386205e-5
711.46   53   -0.4807616904193196   8.224252431587205e-5
725.7   54   -0.4807617174424932   8.698081469106131e-5
739.32   55   -0.48076177755216865   5.222889382336948e-5
752.88   56   -0.480761803609614   5.4520461235909146e-5
765.63   57   -0.48076185429829976   9.473972215017417e-5
779.42   58   -0.48076189960406085   5.451387286127012e-5
792.31   59   -0.48076194908248576   9.51664374045445e-5
805.7   60   -0.48076204612610995   0.00011630198894926952
818.99   61   -0.4807621005977001   4.8066616845913626e-5
833.5   62   -0.4807621344234966   8.031806037526036e-5
851.56   63   -0.48076222983946326   0.00011036350881326633
865.74   64   -0.4807623079680152   9.209393188102314e-5
881.24   65   -0.48076239750393934   0.00011444408487105438
896.38   66   -0.48076249421250594   8.001308609143516e-5
910.11   67   -0.4807625270951109   5.989018937054767e-5
923.68   68   -0.4807626002642298   7.483730459759381e-5
938.1   69   -0.4807626378363473   7.018258209777364e-5
952.9   70   -0.48076266610911544   5.368822598339379e-5
965.76   71   -0.4807627169426209   5.9741607284549954e-5
979.92   72   -0.48076274634148697   5.98279482598399e-5
993.93   73   -0.48076282497924877   9.407797033559978e-5
1013.33   74   -0.48076287517899546   4.485823013658026e-5
1026.6   75   -0.48076292042932744   6.205822135285627e-5
1040.7   76   -0.4807629359930251   7.193519036955566e-5
1054.7   77   -0.480762962915807   5.833231257755226e-5
1067.15   78   -0.4807630197883746   5.390814200834741e-5
1075.84   79   -0.4807630303776211   5.602288925332858e-5
1090.57   80   -0.4807630537111279   0.2013257627268758
1105.25   81   -0.48076263563739524   0.00024249064067544539
1122.46   82   -0.48076292632524853   0.0001478698381891338
1132.03   83   -0.48076306369059174   0.00010915615864980203
1140.84   84   -0.4807630889129284   3.654820756292101e-5
1158.78   85   -0.48076311321158344   0.20184853096273594
1194.08   86   -0.48076309997275696   6.0040554960985635e-5
1203.6   87   -0.4807631142701013   4.620642456204741e-5
1212.69   88   -0.48076313408591437   0.00010324453596485045
1226.3   89   -0.48076318119562816   7.59514208560216e-5
1240.8   90   -0.48076323979260344   5.966049741856633e-5
1255.2   91   -0.4807632662050052   5.842784325945569e-5
1269.29   92   -0.4807633049351492   6.883287430767401e-5
1284.35   93   -0.4807633431976535   6.977593725067437e-5
1299.3   94   -0.48076339175976807   7.670624085396692e-5
1314.01   95   -0.4807634228981535   4.80572249050067e-5
1328.25   96   -0.4807634476125983   5.126907181026443e-5
1343.32   97   -0.48076346464279845   6.387558979890026e-5
1357.66   98   -0.48076348372776534   4.35687889541975e-5
1372.11   99   -0.4807635090223622   4.5835730188090965e-5
1387.49   100   -0.4807635296934389   7.418182581584347e-5
0.0   0   -0.48076352969281133   7.525564370316261e-5
676.85   1   -0.48076314268124887   0.21430380684122313
1148.16   2   -0.4807627341245505   0.16924477772076754
1220.01   3   -0.48076277306950416   0.0008124467804550135
1338.63   4   -0.4807633308529042   0.00023465129028662514
2308.8   5   -0.4807632815491229   0.000412218019603967
2354.88   6   -0.48076328619345604   0.19800741685038534
2407.93   7   -0.4807634070678879   0.0003568963475158447
2423.02   8   -0.4807634380360869   0.22693512984079772
2435.76   9   -0.48076349152210085   0.00015639061814382303
2810.79   10   -0.4807634621612093   0.0002488001850862267
2822.12   11   -0.4807634916835879   0.0001936478885932704
2833.52   12   -0.48076353183731263   5.660410547348667e-5
3264.56   13   -0.48076334200961823   0.00036871832637529916
3281.2   14   -0.48076354071583305   2.8452981648537737e-5
3301.42   15   -0.48076355599855386   5.933552035959223e-5
3310.96   16   -0.4807635687437146   2.9910348487611e-5
3337.54   17   -0.4807635757905937   2.8564885949645684e-5
3348.34   18   -0.4807635758141411   0.2504356059377327
3358.72   19   -0.48076360636599685   2.8145539614912455e-5
3373.52   20   -0.4807636065015299   2.9791889527770087e-5
3385.21   21   -0.4807636065736491   0.14123390372101502
3395.63   22   -0.48076361499351444   4.098709308439007e-5
3411.2   23   -0.4807636162041472   0.19800318917356105
3420.99   24   -0.48076361551909214   3.415963379069616e-5
3430.59   25   -0.4807636166817177   3.105207610650965e-5
