0.0   0   -0.4494711857093938   0.013117996797678621
355.86   1   -0.45162123184300473   0.009252309156959742
847.37   2   -0.4536256632507193   0.01759581351517308
1371.14   3   -0.464035414393067   0.023761243076853285
1718.29   4   -0.4667659675474265   0.020553360428728476
2015.85   5   -0.47151085703953555   0.012994434168810146
2481.4   6   -0.4737660108369828   0.012009286468558424
3015.74   7   -0.47616431958668326   0.012189832928576753
3354.15   8   -0.47807955677998504   0.009919779663847713
3672.99   9   -0.4791377111846438   0.004108126066585902
3982.51   10   -0.4794321010509018   0.00265615433235907
4455.59   11   -0.4795036480218224   0.0015009296322190551
4935.84   12   -0.4795436229148887   0.0019074010473799914
5444.37   13   -0.47965531667375216   0.0018824666674274208
5927.96   14   -0.4797578617003218   0.0009014940830025335
6332.82   15   -0.47977045737819385   0.0009485966300053391
6885.64   16   -0.4797986616528967   0.0014411524376843148
7465.03   17   -0.4799933776854248   0.0013929118228735125
7726.72   18   -0.4801154024760367   0.0020413701588093197
8199.88   19   -0.480249395791897   0.002192073699688596
8632.61   20   -0.48037640036492096   0.0012524364260966708
9102.44   21   -0.4804196919798851   0.000962571564030322
9587.04   22   -0.4804352767498369   0.001164997700081886
10064.51   23   -0.48046525615794233   0.0007724218686068775
10514.93   24   -0.4804938999626313   0.0008747238783125735
10969.55   25   -0.4805416569190568   0.0006678545926976682
11449.97   26   -0.48057464003908473   0.0008703752324793161
11927.97   27   -0.4805942101811642   0.0008855708289494383
12390.35   28   -0.4806142875081851   0.00048528384602396484
12857.28   29   -0.4806266548549256   0.0005461167396123156
13333.7   30   -0.48065466890285036   0.0009912805837524667
13755.21   31   -0.48071144398429716   0.0009388364335076143
14162.63   32   -0.48074732888672506   0.0007874188105297306
14463.14   33   -0.48076160943092033   0.0008235124524591566
14884.28   34   -0.4807792560660571   0.0006265110498349316
15133.1   35   -0.48078610014015294   0.00042809756044971025
15511.15   36   -0.4807973388651669   0.000602674292262503
15928.97   37   -0.48081928853354217   0.000774687753464852
16362.51   38   -0.4808298214663319   0.00046793227934221863
16561.78   39   -0.48083485511131474   0.00046360318081443416
16654.62   40   -0.4808496966309026   0.0007609700390506728
16749.16   41   -0.4808611124409641   0.000391618928685817
16840.89   42   -0.4808673912211274   0.00027726612223830696
16928.69   43   -0.48087479818069545   0.0003802532861036939
17019.3   44   -0.48088019046149266   0.0004630242430444472
17114.9   45   -0.48088615176935345   0.0006127282086234969
17209.24   46   -0.4808987593172595   0.00041928918955742964
17312.26   47   -0.4809055512809204   0.00034176889746111844
17406.81   48   -0.4809090716702864   0.0003479124538620327
17500.94   49   -0.4809136167716438   0.00030800520030347804
17591.51   50   -0.48091940297744096   0.00033394355589112606
17649.61   51   -0.48092461400669295   0.0002762405461993342
17744.9   52   -0.4809288149573597   0.00027711025999517313
17834.6   53   -0.4809318208192621   0.0002832537361717249
17919.86   54   -0.4809387456322906   0.0003402579742319954
18010.94   55   -0.48094226888528907   0.00041829689095991454
18089.75   56   -0.48094491828112934   0.0001724447664240905
18168.67   57   -0.4809463633743088   0.00018683214027412167
18254.03   58   -0.48094943013398905   0.00029695897639344754
18342.82   59   -0.48095306169022795   0.0003454406017623617
18428.95   60   -0.48095594298537775   0.0003850280859380953
18518.09   61   -0.4809581679710625   0.0001719316003363638
18604.48   62   -0.48095942364619215   0.0002135946878424446
18687.64   63   -0.48096105465802236   0.00031719193558741465
18774.11   64   -0.48096750227111473   0.0002094894523645642
18867.48   65   -0.48097341851516906   0.0002235813479372449
18934.44   66   -0.4809743648440241   0.0001982528280703669
19027.91   67   -0.48097545334946334   0.00016587844993195018
19123.4   68   -0.4809772527196375   0.00021851953543476898
19188.1   69   -0.48097901682118605   0.00015606353872676002
19252.0   70   -0.4809801186023057   0.00013894899484311185
19345.53   71   -0.48098116719329964   0.00018822863251531318
19438.45   72   -0.4809827617114624   0.00014470924132418714
19526.86   73   -0.4809841874092455   0.00024657546560325616
19621.35   74   -0.48098577623652955   0.0002245012184720287
19715.65   75   -0.4809872705278581   0.00018609052655890791
19791.94   76   -0.4809884327914429   0.00016640648331213315
19877.75   77   -0.48099090353190843   0.00020341793046648837
19970.83   78   -0.48099278625634095   0.0002021163758312476
20054.06   79   -0.4809941076274936   0.00014219853612322436
20115.85   80   -0.4809949706360321   0.00019746761135912324
20204.13   81   -0.48099639511166004   0.00011169821953148542
20281.99   82   -0.48099715608025595   0.000290967443663767
20362.33   83   -0.48099852008530414   0.00014101823179583017
20447.32   84   -0.48099977371860675   0.00015782290884409417
20496.38   85   -0.4810004038009007   0.0001783995044359401
20571.55   86   -0.4810016456312493   0.00015167074405717356
20646.58   87   -0.48100337653490155   0.00012036004610932328
20728.32   88   -0.48100489820829295   0.00026121153475384967
20781.68   89   -0.48100591068041837   0.00011526810937892796
20863.99   90   -0.4810063927426458   0.00010827011362637161
20944.8   91   -0.481007605776698   0.00022227165062573722
21029.01   92   -0.4810091298611945   0.0001299332964190814
21098.65   93   -0.48100999669874284   0.00017203418140735761
21162.77   94   -0.48101339629281936   0.00015295246497618034
21217.65   95   -0.4810156480529657   0.00030550156811517894
21255.34   96   -0.4810176377622454   0.00029003343113563173
21311.16   97   -0.48101969723011995   0.0002863435939344556
21369.96   98   -0.4810246068931554   0.000303808675559907
21431.03   99   -0.4810283294538766   0.0001666967061315463
21496.78   100   -0.4810305083893304   0.00021362105215721338
