0.0   0   0.41683159786882124   0.10001272788903474
14.82   1   -0.09409412673320955   0.12298640824738866
22.79   2   -0.2796029914582704   0.1160064439175819
35.17   3   -0.3911209998192853   0.06765788904480889
49.09   4   -0.44862297740932433   0.05622620290497044
62.29   5   -0.48804199052630604   0.03310420980871003
75.69   6   -0.5082893743807706   0.03376131551441241
95.58   7   -0.524868525134829   0.02813622328108553
105.34   8   -0.5498225985301002   0.025997152869739002
119.63   9   -0.5763231333777898   0.031006884423974496
154.51   10   -0.5898333016533637   0.026033589654333503
168.58   11   -0.6017377341477055   0.014097354495087866
184.12   12   -0.6078020359746032   0.007482523907117346
216.42   13   -0.6088924299576709   0.005407742838032816
229.93   14   -0.609445221683143   0.0018598294856953224
244.68   15   -0.609712501244666   0.0019890274085200598
259.19   16   -0.6099419715986406   0.0017441540037752496
274.09   17   -0.6100624751951785   0.0013022871450689936
287.06   18   -0.6101337557758226   0.0013641761933583963
301.78   19   -0.6102528022095209   0.001614675092385746
320.59   20   -0.6103847958736847   0.0016122398155032436
335.29   21   -0.6104575891654945   0.000752088419539289
360.55   22   -0.6105077724153313   0.0009082475308718524
373.94   23   -0.6105366160374978   0.000442128949302995
383.42   24   -0.6105460773868934   0.2743832294066154
417.18   25   -0.6105457383157499   0.00028895672602405906
426.02   26   -0.6105461682789536   0.00024152637226456403
439.58   27   -0.6105521681549896   0.0003241228134556533
455.0   28   -0.6105677719171058   0.000502703067546809
468.7   29   -0.6105913880076578   0.0004215193918495508
477.87   30   -0.6105991114325139   0.0003258111770843905
496.0   31   -0.6106168501278959   0.00036295498136798554
511.75   32   -0.6106655726414263   0.0006470718598001772
527.04   33   -0.6107274348059215   0.20972695559135385
541.97   34   -0.6107359886582737   0.0006634610752078792
561.49   35   -0.6107601156200735   0.0009061486102599621
589.85   36   -0.61082107667468   0.0010830475991497586
604.78   37   -0.6108986905378688   0.0008390159702415119
620.33   38   -0.6110117375518519   0.0015651082950993
645.81   39   -0.6111312222227667   0.0012506067891494136
654.55   40   -0.6111966150515654   0.0007847305080263126
670.13   41   -0.6112248475722222   0.0005832330592434473
686.27   42   -0.6112594547461999   0.24301773624173745
732.97   43   -0.6112589790141283   0.0008399008880455815
741.71   44   -0.6112656162250591   0.0006122992711843695
750.75   45   -0.6112769505516061   0.0004424314339225828
764.34   46   -0.6112909786881413   0.00038501695593457413
779.58   47   -0.611329205621244   0.0007757149187672821
799.27   48   -0.6113802493444193   0.0006930117999909553
818.51   49   -0.6114211505778814   0.21644428638313293
865.89   50   -0.6114208156677858   0.000562773256805252
876.1   51   -0.6114241075090812   0.0005458200188743428
890.29   52   -0.611452837453893   0.0005382265001545467
900.23   53   -0.6114688976546817   0.22368125558176785
915.79   54   -0.6114689080864047   0.0006587826969778143
930.7   55   -0.6114726624941937   0.0005294194863243208
965.36   56   -0.6114732489900226   0.0003975647394461678
980.04   57   -0.6114947671401959   0.0008303377568683581
995.78   58   -0.6115450031492653   0.0006736106358677898
1011.45   59   -0.6116029563232503   0.0009260590870464433
1026.36   60   -0.6116519829281792   0.000835807502727325
1046.65   61   -0.6117175451961852   0.0008083222489112689
1057.01   62   -0.6117220444606353   0.18708348128185803
1072.09   63   -0.6117519292923582   0.000870215987066624
1087.14   64   -0.6117580124534465   0.0008796294754565182
1102.26   65   -0.6117767115617017   0.0006087817589569978
1111.97   66   -0.611790359069559   0.0005352779912861463
1126.22   67   -0.6118056597346481   0.0006558201796103497
1140.95   68   -0.6118202529454885   0.000572617342826698
1161.46   69   -0.6118436993553855   0.0004883061254402411
1175.2   70   -0.6118590689802875   0.0006226448332987031
1188.96   71   -0.6118824790026854   0.0004697730181157202
1198.42   72   -0.611907249683465   0.000734997689897341
1213.66   73   -0.611930143407864   0.000724009112802869
1224.92   74   -0.6119303298683986   0.0007294053859742947
1235.03   75   -0.6119572873873304   0.260396010230831
1258.89   76   -0.6119572982365656   0.0008456346261910289
1273.76   77   -0.6119682269738805   0.23339711596027754
1288.22   78   -0.6119681510035002   0.0007400025889540703
1304.56   79   -0.6119700503563723   0.0008415693470671508
1319.64   80   -0.6119746799614219   0.0007916079108069443
1329.37   81   -0.611988334248488   0.0007952740922589294
1343.53   82   -0.6120070813326539   0.0006032735037203237
1353.89   83   -0.6120149628781131   0.0005858217813296946
1369.6   84   -0.6120254343621647   0.0004837300754232663
1384.6   85   -0.6120439418420112   0.0004185723890305443
1400.45   86   -0.6120738402365601   0.0008868783330106104
1417.42   87   -0.6121733038638364   0.0011255059612689537
1428.16   88   -0.6122410698626732   0.0013828693637088748
1439.02   89   -0.6122996520897059   0.0012924600476353122
1449.61   90   -0.6124245959085112   0.0011112524034768562
1465.7   91   -0.6125333028448398   0.0015577231812388104
1482.84   92   -0.6126413658979647   0.22605584485123836
1547.56   93   -0.6126407803052893   0.0017378696004409664
1558.33   94   -0.6126583879711823   0.0014275487830580768
1575.31   95   -0.6127024487981836   0.24378970875397096
1686.45   96   -0.6127022549143926   0.0016804500056820245
1697.91   97   -0.6127154389173248   0.0011647540114086514
1711.38   98   -0.6127244291804309   0.0010982819957306206
1723.97   99   -0.6127531996066526   0.0012533054058357065
1736.77   100   -0.6128237338855832   0.244078148612058
0.0   0   -0.6128237338898879   0.26591491711051524
78.65   1   -0.6128305002757816   0.21226859009584706
132.11   2   -0.6128299305816804   0.22843816988945048
140.95   3   -0.612830004593562   0.22318698439247683
154.74   4   -0.6128298611322672   0.00537629276305312
165.39   5   -0.6128300107916287   0.2789327480426769
185.07   6   -0.6128623350014755   0.2313299476693707
199.19   7   -0.6128679929498378   0.0028911990989128732
224.14   8   -0.6128684932779512   0.0026869751591830793
248.81   9   -0.6128875195971747   0.2591060239448333
258.09   10   -0.612893842132241   0.0036305713495019916
277.31   11   -0.6128952047599373   0.0035638535550212382
295.93   12   -0.6129064127604302   0.0031048416735320493
512.92   13   -0.612908821732503   0.21772924097001403
580.58   14   -0.61290882106987   0.27299359565625525
689.58   15   -0.6129087923001917   0.21077347791348652
830.22   16   -0.6129085475937663   0.20790169210395634
995.51   17   -0.6129079405848956   0.26263255254059226
1005.94   18   -0.6129079853487257   0.26402470072066403
1059.1   19   -0.6129489031285937   0.006913858927063352
1108.07   20   -0.6129528941000377   0.27176244562265434
1117.87   21   -0.6129592469190157   0.1831196267361283
1202.51   22   -0.6129586424215314   0.22547196883996296
1238.64   23   -0.6129585665516377   0.25312993077544904
1321.74   24   -0.6129579788582247   0.006042718116166866
1340.82   25   -0.612958616835578   0.005972091223777861
1355.14   26   -0.613003355784226   0.002126146961154301
1373.42   27   -0.6130307387793135   0.18853494033187057
1406.49   28   -0.613030243900844   0.004381413069102046
1424.79   29   -0.6130321379983429   0.004067874597554645
1434.81   30   -0.6130375194494888   0.22332084804585156
1445.64   31   -0.6130491707786748   0.003491792796585443
1466.08   32   -0.6130532371603934   0.002019496573293217
1475.66   33   -0.6130559398958227   0.0021581018254340197
1500.63   34   -0.613062683614727   0.19038802749977335
1546.72   35   -0.6130621459692632   0.00528534086698073
1556.36   36   -0.6130637870023197   0.20108146340838132
1589.97   37   -0.6130634076103235   0.19966396025383526
1617.66   38   -0.6130629974177428   0.003054821340894881
1636.74   39   -0.6130640089452737   0.252446787017612
1652.26   40   -0.613064017619635   0.0038922072953680594
1680.91   41   -0.6130644871320641   0.003450527780045768
1696.56   42   -0.613065866111984   0.24722719980062785
1711.28   43   -0.6130660827993589   0.2012286302888646
1725.52   44   -0.6130659286097121   0.0033204236095816697
1769.8   45   -0.6130655926375523   0.280054824989901
1784.11   46   -0.6130654595777729   0.2635554245185147
1856.39   47   -0.6130705988817436   0.2644536823347539
1883.98   48   -0.6130702115257939   0.24564907710868222
1898.2   49   -0.6130700195952504   0.0032511201485873565
1920.66   50   -0.6130704937423171   0.0031932802398597394
1934.94   51   -0.6130902360325007   0.0018232308765878248
1955.0   52   -0.6131334695971103   0.007513864468288289
1969.62   53   -0.6132270672781339   0.003466707515111738
1984.16   54   -0.6132990318957989   0.0038308024313215587
1993.92   55   -0.613324803049176   0.003466529483685874
2008.29   56   -0.6133424146347898   0.002136331856114093
2022.6   57   -0.6133537020265053   0.0013678353186685785
2037.77   58   -0.6133660299778355   0.0023726944782354064
2052.78   59   -0.6133862903628756   0.0020613949821032935
2067.66   60   -0.6133980432249093   0.0023533108110191502
2082.71   61   -0.6134180709807737   0.001391853714650435
2098.99   62   -0.6134254839945383   0.0013833086239290633
2114.62   63   -0.6134379875490963   0.002238617015380445
2129.1   64   -0.6134677195393841   0.001972679026439102
2143.48   65   -0.6134933555795802   0.001712820287473054
2158.91   66   -0.6135096381929449   0.001782830695998383
2173.56   67   -0.61352776808129   0.0018228368351988886
2193.5   68   -0.6135488584755481   0.001211306165236467
2209.73   69   -0.6135588904268321   0.0017209798161392346
2224.57   70   -0.6135687467759073   0.001303684146335079
2239.0   71   -0.6135817219208939   0.0011543722837012663
2254.07   72   -0.6135885657678019   0.0012877345707499514
2269.22   73   -0.6135946308847615   0.001077929419157197
2283.35   74   -0.6135995099495566   0.0008818274923464488
2297.58   75   -0.6136042442100164   0.2555184534984311
2313.0   76   -0.613604110712663   0.0009307985615323746
2322.49   77   -0.6136044167061306   0.0008852707713978123
2336.52   78   -0.613608910562455   0.0016781778454868657
2350.41   79   -0.6136125889697522   0.2797248305061481
2387.79   80   -0.6136125363769527   0.0011828313653479642
2396.91   81   -0.6136128193576039   0.0007733183790780997
2411.42   82   -0.6136158953319262   0.001180260872721163
2426.47   83   -0.6136205028090533   0.0009983175177104937
2441.41   84   -0.6136247100349255   0.0010079362901460685
2456.41   85   -0.6136300669735866   0.25694268561353567
2480.53   86   -0.6136301670269384   0.0011819401103512225
2494.88   87   -0.6136306490531852   0.0007686703745546079
2509.29   88   -0.613633573937041   0.0009505862038681584
2524.16   89   -0.6136362635428236   0.2628647264047601
2543.56   90   -0.613636263852355   0.0012385991130937984
2557.48   91   -0.6136369929396024   0.0009268536973197761
2567.53   92   -0.6136385149311483   0.0006307747952623196
2577.07   93   -0.6136390860053333   0.0005549899937337287
2591.54   94   -0.6136408908705203   0.0007652894300389401
2606.57   95   -0.6136424485048364   0.0008234781135743122
2654.86   96   -0.6136423960431461   0.2451481918267473
2779.62   97   -0.6136423414113641   0.27643692388512175
2804.66   98   -0.6136418489336827   0.23199135269013177
2860.28   99   -0.6136413020187614   0.0017071998078933084
2871.47   100   -0.6136425995667443   0.2590029204529166
0.0   0   -0.613642599566358   0.24379689151944872
155.04   1   -0.6136426275888331   0.0013945063752304615
178.43   2   -0.6136426323343133   0.3214391204760412
216.57   3   -0.6136447221880706   0.0010602608375791008
238.68   4   -0.6136447229874089   0.301581037582452
252.9   5   -0.6136447424322968   0.0011390581997914025
289.96   6   -0.613644742426194   0.2553175713395196
444.37   7   -0.6136441983037471   0.2696761054203019
460.67   8   -0.6136445112515203   0.2785276936951549
476.04   9   -0.6136445647981221   0.265740915597893
524.92   10   -0.6136444663722976   0.0012047252078762353
568.86   11   -0.613644526526541   0.27455638426070367
672.06   12   -0.6136445362604429   0.0011849531824869937
716.3   13   -0.6136445490884888   0.28157869162261756
856.64   14   -0.6136449530881548   0.24523005457811245
878.53   15   -0.6136448384808547   0.0011455170339975394
908.1   16   -0.6136449091576461   0.2385054529214394
1066.68   17   -0.6136443983870231   0.26100414384371595
1161.15   18   -0.6136442006298124   0.3016118697391448
1234.6   19   -0.613643668662323   0.22814847690110743
1250.85   20   -0.6136438887582017   0.22038417587797074
1286.91   21   -0.6136440601064245   0.31136324517244124
1335.33   22   -0.613643897598498   0.25544206206520026
1387.5   23   -0.6136437508827729   0.2511358779794825
1417.55   24   -0.613643330745298   0.0016058512307551838
1440.07   25   -0.6136433537302487   0.22668544595362175
1608.17   26   -0.6136427426199428   0.2484671018444033
1691.1   27   -0.6136425178425935   0.24116428164117998
1725.32   28   -0.6136423491854376   0.2584285666532575
1739.2   29   -0.6136423421940689   0.2297424317174295
1752.97   30   -0.6136422235864927   0.26002806830808284
1803.48   31   -0.6136416426663278   0.0027236649383816183
1832.22   32   -0.6136416459581402   0.29346866728021986
1948.62   33   -0.6136427017108442   0.00218545954330338
1987.18   34   -0.6136459233426365   0.0009036868669195279
2026.91   35   -0.6136462943148147   0.25600822639984516
2056.27   36   -0.6136462749633878   0.0014123305915894914
2131.23   37   -0.6136457523493117   0.2572060377711158
2347.48   38   -0.6136457523542256   0.25497216441904574
2363.14   39   -0.6136458437914043   0.24552937003254405
2386.93   40   -0.6136466399477233   0.0007374588409979433
2410.45   41   -0.613646640732558   0.24949789991549867
2568.67   42   -0.6136463011849091   0.0009441025232867047
2599.6   43   -0.6136463323061125   0.24032423384694346
2630.34   44   -0.613646155646129   0.29727000110802815
2658.36   45   -0.6136463941792513   0.2598255535901296
2672.37   46   -0.6136463115094988   0.22270149044725926
2767.96   47   -0.6136458999004444   0.24944549087725204
2904.86   48   -0.6136453056743623   0.28430393824428835
2966.88   49   -0.6136448234751976   0.0017811861435998342
3002.03   50   -0.6136452853353387   0.0015676532964955029
3040.79   51   -0.6136463121926755   0.0020644147721697098
3056.06   52   -0.6136464884807126   0.25684771794633426
3071.18   53   -0.6136471288312104   0.001633475160313571
3094.34   54   -0.6136484294512733   0.24768423026458572
3110.71   55   -0.6136484311929478   0.000973230493470702
3140.93   56   -0.6136484354494938   0.2416066323245473
3171.41   57   -0.6136487739097647   0.2201200505047208
3201.58   58   -0.6136488230046665   0.30224627394146364
3223.82   59   -0.6136488036289031   0.2629120836142503
3263.43   60   -0.6136487948248238   0.2585801046965125
3382.89   61   -0.6136487796312078   0.26622607332248815
3398.25   62   -0.6136487881430114   0.25676482956490354
3446.11   63   -0.6136487867454992   0.24848497944385506
3573.97   64   -0.613648726964342   0.0006739365487555698
3590.99   65   -0.6136487305670283   0.30399405518336037
3621.28   66   -0.613648736423807   0.2186374833639898
3636.58   67   -0.6136487350973376   0.2933269310087226
3651.23   68   -0.6136486873721092   0.29270166547418536
3704.27   69   -0.613648623260569   0.0007359135563408727
3719.98   70   -0.6136486233952537   0.22528877217403373
3734.63   71   -0.6136486238845376   0.25213217961450096
3757.64   72   -0.6136486401445537   0.2753428760065761
3781.09   73   -0.6136486339977089   0.24252482290938443
3796.0   74   -0.6136486325460471   0.23153961176245205
3833.76   75   -0.6136486234157932   0.2827513925681914
3858.96   76   -0.6136486155714248   0.23950302840879295
3926.9   77   -0.6136480876277668   0.23668986817840518
3970.68   78   -0.6136475805773045   0.22672792645046147
4031.17   79   -0.6136474947047067   0.21732279824600662
4123.26   80   -0.613647375226945   0.23000303042951403
4213.58   81   -0.6136472327581631   0.2259469360563187
4371.56   82   -0.6136466348096372   0.2607128157791276
4402.27   83   -0.6136482287120472   0.0012152784979357616
4431.43   84   -0.6136485459415737   0.24208646333852116
4467.95   85   -0.613648139619793   0.2882332838718901
4528.94   86   -0.6136478867957375   0.2828365296586984
4567.53   87   -0.6136478011223978   0.2783712908278564
4643.6   88   -0.6136472156296549   0.22711619325117147
4710.76   89   -0.6136472156377707   0.0018058015985563307
4727.0   90   -0.6136472178019202   0.3130251084456969
4743.2   91   -0.613647364409625   0.26620341623656063
4773.3   92   -0.6136485024900451   0.2544715255182218
4787.9   93   -0.6136485616966534   0.2828266718187038
4802.64   94   -0.6136485936136635   0.22899223069572822
4854.78   95   -0.6136485204293792   0.26540439239718205
4882.58   96   -0.6136484941195179   0.2532401296778772
4933.61   97   -0.6136484003077727   0.34263843397241783
5031.52   98   -0.6136482566299165   0.2794833670956673
5045.03   99   -0.6136482756934105   0.3111009207876865
5067.07   100   -0.6136482723589473   0.30346439248742585
