0.0   0   0.42558244836225856   0.011122565519400513
96.67   1   0.21319960670868193   0.05044086704291738
168.97   2   0.014867401388479452   0.021969503120069806
208.87   3   0.0002588954458335041   0.024079486807272545
270.84   4   -0.09608381197923635   0.01673562400691097
356.6   5   -0.4596569708192497   0.008337507113751386
397.72   6   -0.5200432742032747   0.003729615730374202
457.89   7   -0.5342020630596926   0.002470965548136544
518.78   8   -0.5458420375090228   0.0029698902536099917
609.05   9   -0.5600776393315451   0.0034752360906320596
674.74   10   -0.5828833351250164   0.004165714883655477
718.12   11   -0.5969083634581741   0.002038740815876503
792.16   12   -0.606487289458247   0.0012008194428734767
837.25   13   -0.6077666838836244   0.0006724509919721403
909.57   14   -0.6088254080935482   0.0004001355900441044
974.36   15   -0.609394568623536   0.00022175308749311216
1037.62   16   -0.6097616391708107   0.00027101525389826016
1102.54   17   -0.6100551205951555   0.00020760757762003446
1169.87   18   -0.6102130651582947   0.00019771576460740292
1236.5   19   -0.6103638138231618   0.00023073963231156488
1319.07   20   -0.6104178551506574   0.00019452404346370755
1366.35   21   -0.6106842928833732   0.0002142994265179108
1436.74   22   -0.6108844740879639   0.0001638662591539
1506.57   23   -0.6110693637972583   0.00015626485706722186
1575.84   24   -0.611293175057638   0.00029735117193143806
1647.02   25   -0.6116318192933711   0.00033836017364134914
1717.77   26   -0.6119451709534568   0.00016979565530704922
1787.08   27   -0.6121278702802004   0.00017767246208699874
1875.35   28   -0.6122284167628078   0.0002736372835207369
1919.0   29   -0.6122955046565887   0.00017311304192879688
2001.94   30   -0.612349573641367   0.0001401507910798399
2069.34   31   -0.6125888250054207   0.0001921518025059669
2165.5   32   -0.6129576881592456   0.00027298561497766515
2236.49   33   -0.6133509493953845   0.0003152289278455648
2306.28   34   -0.6137082694880361   0.00034569913413458775
2351.32   35   -0.6138956968871175   0.0001738013092495974
2395.06   36   -0.6140351714623277   0.00018085395356737138
2437.94   37   -0.61413230325483   0.00018224570759802123
2504.06   38   -0.6142117536163455   0.00011697388631784805
2570.7   39   -0.6142831772554305   0.00013320982389104804
2637.96   40   -0.6143583730582174   8.083309400918545e-5
2705.37   41   -0.614421629534477   0.00013890439229137617
2774.3   42   -0.6144709880650148   0.00010056401479734161
2848.82   43   -0.6145245208879713   9.293342701941045e-5
2891.51   44   -0.6145251028911618   0.12538617161322296
2942.58   45   -0.6145607514659802   9.580310922227198e-5
2989.54   46   -0.6145863388608943   0.00010096132317836647
3035.48   47   -0.6148263210983185   0.0002101412234243509
3079.64   48   -0.6149803579921391   0.00022138027477118464
3125.13   49   -0.615209624604762   0.0002752519492720004
3168.61   50   -0.6153908451238885   0.00019993798166001165
3235.38   51   -0.6155199091624763   0.00018498929392123386
3300.68   52   -0.6157047558767581   0.00018085761141774603
3369.97   53   -0.6160171096191698   0.00031697338478103794
3416.96   54   -0.6161696152819855   0.00020463130347027773
3463.97   55   -0.6162674196614768   0.0001494808268029419
3530.86   56   -0.6163706127268844   0.00017539467127478258
3597.66   57   -0.6166489252570884   0.00018939348662137142
3642.34   58   -0.6168362559114079   0.13528350145865253
3805.44   59   -0.6168369325649541   0.00020368347729785922
3936.3   60   -0.6168411750696725   0.1249542300005472
4600.57   61   -0.6168405701463596   0.00023079434421263684
4647.33   62   -0.6168488526421813   0.00019711664290110654
4695.76   63   -0.6168753679183016   0.0001764612758135555
4744.05   64   -0.6169432342846188   0.12113427062122799
4950.79   65   -0.6169428004305608   0.15967805349102793
5362.47   66   -0.6169423449575577   0.14855962442313808
5971.07   67   -0.6169417356681187   0.15637222375966484
6343.42   68   -0.6169411308174159   0.14685444841358516
6519.31   69   -0.6169405488866954   0.00016370021845277596
6562.71   70   -0.6169466379810538   0.12128227351904533
6766.92   71   -0.6169466401160165   0.13960774424334393
6965.11   72   -0.6169462535399385   0.15480867514481306
7180.34   73   -0.6169460065891321   0.1409114445191513
7541.94   74   -0.616945985806212   0.1583472992506795
7718.56   75   -0.616945968342816   0.12348075872834884
7957.46   76   -0.6169457230682297   0.12531256098056284
7998.8   77   -0.6169460918761916   0.12755301230649982
8083.49   78   -0.6169461319868563   0.14971339433397518
8125.02   79   -0.6169460009424389   0.13794326830734244
8520.63   80   -0.6169453840117618   0.13402734609996492
8628.99   81   -0.6169447849791143   0.1423159300080249
8871.22   82   -0.6169441702777783   0.12654471173292778
9057.14   83   -0.6169436528936879   0.16738055394510143
9233.05   84   -0.6169433750252142   0.16985273844371448
9669.37   85   -0.6169427580946277   0.12411256003272053
10294.33   86   -0.6169423488132835   0.13179676387050832
10528.48   87   -0.6169450243897028   0.11005999671741092
10597.66   88   -0.6169449473672398   0.144043048217323
10664.61   89   -0.6169450256679286   0.1273824171957815
10726.88   90   -0.616945025682164   0.12747369472198605
0.0   0   -0.6169450256875771   0.1646540277328354
395.84   1   -0.6169444532273699   0.15027248017027492
451.1   2   -0.6169446068895368   0.12045424945020432
651.77   3   -0.616945317430864   0.10346093678203228
731.25   4   -0.6169453174259081   0.13482389204244624
0.0   0   -0.6169453174286937   0.1532949217640659
2420.28   1   -0.6169457283135578   0.1254117298109645
2690.03   2   -0.6169465221043927   0.17354794857727132
2958.02   3   -0.6169483242046054   0.1373140836563807
3923.03   4   -0.6169477480041083   0.12638375776402452
4200.11   5   -0.616947729838578   0.13329728194934554
4888.02   6   -0.6169479937455017   0.1687892038538931
5162.49   7   -0.6169480573707002   0.12613756131145523
5726.07   8   -0.61694782910087   0.13960845184913365
6301.56   9   -0.6169477909318559   0.1588118637879173
6580.38   10   -0.6169477456007751   0.15406071808862998
8191.36   11   -0.6169477150347591   0.13714710977631978
10427.42   12   -0.6169475282197943   0.133166868070741
12309.78   13   -0.6169473250119832   0.1266604249253982
12582.87   14   -0.6169469893166757   0.14546553081825642
12749.36   15   -0.6169472154354387   0.1563134070669815
13117.67   16   -0.616947412001289   0.16243418691919964
13625.52   17   -0.6169486467677783   0.16151195970909318
14284.4   18   -0.6169483253282049   0.15854216704649213
15606.04   19   -0.616947925731924   0.129041529293836
16184.88   20   -0.6169476170273319   0.11910403722804735
16612.05   21   -0.6169473477066943   0.15472651325816486
16830.0   22   -0.6169475654417224   0.13619174339190038
17054.89   23   -0.6169475999306555   0.16333988260041377
18931.86   24   -0.6169506767537013   0.16959311993315584
20182.47   25   -0.6169502043856674   0.12454207734578733
20523.24   26   -0.6169496978396167   0.14165449540090747
20877.56   27   -0.6169496656875662   0.13678951574316175
21051.97   28   -0.616949195784904   0.1447014045807424
21103.67   29   -0.6169494058124455   0.13353758892288925
21186.16   30   -0.6169488511390538   0.1405178954922641
21410.41   31   -0.6169487604776047   0.13569723027671898
21454.91   32   -0.6169490278946361   0.12986424841514838
21485.42   33   -0.6169494214100927   0.1435333192265406
21832.56   34   -0.6169539920806626   0.1441791253032406
21897.01   35   -0.616953713811029   0.1497863354326224
21942.43   36   -0.6169536389264052   0.13532192813854924
22138.22   37   -0.6169530613656511   0.13973372941344922
22313.22   38   -0.6169528183562282   0.13671772521952402
22645.07   39   -0.6169522017868795   0.1726046095909501
22674.39   40   -0.61695229307593   0.14857076085459103
22822.15   41   -0.6169522930452036   0.1299017948004252
