0.0   0   0.3643690783801023   0.08343265894236376
17.55   1   -0.1267456880631069   0.09620161123184187
27.0   2   -0.26118978495331524   0.11926700143234806
40.79   3   -0.35456195306672306   0.06601069981217797
54.79   4   -0.40190584468750773   0.051757533271935274
67.64   5   -0.4330221073111777   0.036949672682199154
81.58   6   -0.4527769136905685   0.03906446269825327
110.55   7   -0.46572498347908053   0.034934061458191695
119.1   8   -0.4833634761591592   0.015660556846370303
127.46   9   -0.4867123820604   0.0058287294427884564
140.59   10   -0.4881833945894352   0.009576072430762576
162.18   11   -0.5001078916926949   0.023463693637291377
172.37   12   -0.5078600141746719   0.19807120821555094
181.47   13   -0.520725182086375   0.017644501070965858
190.16   14   -0.5263558733742575   0.015713235607895802
200.19   15   -0.5298421789185686   0.009194756136812985
209.98   16   -0.5331322557645238   0.005045273124002106
229.13   17   -0.5347181541984022   0.003944679017179461
243.05   18   -0.5352612542196469   0.001865742779220263
257.75   19   -0.5353837357946926   0.001665848961906547
272.61   20   -0.5355003905629252   0.0012558656673725059
286.29   21   -0.5355815636716964   0.0012136300140353218
300.11   22   -0.5356357020539709   0.0009368877133509916
321.74   23   -0.5357543751221465   0.0015473806885593435
337.42   24   -0.5358584815524904   0.0013994033900430842
357.44   25   -0.5359334106344231   0.00117220193180037
368.2   26   -0.5359902634736547   0.0005367333250748298
382.43   27   -0.5360130533387951   0.00032339663125856104
397.68   28   -0.5360820150822155   0.0010436477970180557
413.4   29   -0.5361535545954993   0.0012922656604493169
431.45   30   -0.5362767669330254   0.001641242182808002
448.3   31   -0.5363809426360314   0.20032446935674458
472.23   32   -0.5363910803587991   0.0021813997820886704
483.22   33   -0.5364600614196114   0.0010825248443535438
498.25   34   -0.5365166302935974   0.0007219360448250435
773.66   35   -0.5365162284343914   0.0020994103564600888
790.44   36   -0.5366366819563176   0.00046952993711713346
804.83   37   -0.5366580923143507   0.0006809532284127583
819.86   38   -0.5366821524373977   0.0006497592769121521
829.9   39   -0.5367589785390907   0.23017170041225996
864.23   40   -0.5367590007271243   0.0006652816833423459
878.53   41   -0.5367606989666523   0.0005958558109384896
893.85   42   -0.5367708328597609   0.0003840093025359932
908.3   43   -0.5367887499862714   0.00035130746841088834
937.97   44   -0.5367987732907008   0.0004924136124003231
953.64   45   -0.5368159127868167   0.0005495784261857731
969.38   46   -0.5368590813694182   0.0007938549277422962
995.87   47   -0.5369129818289942   0.26673166062504905
1022.03   48   -0.5369130878357911   0.001332797159279298
1031.43   49   -0.5369224729279086   0.0008703283386488308
1046.61   50   -0.5369740783791017   0.0007786985804341424
1056.98   51   -0.5370173449222297   0.001130747075077882
1073.54   52   -0.5371099502346961   0.0008694784015363552
1089.16   53   -0.5372074872011059   0.0015162136243667143
1104.41   54   -0.5373416957524954   0.0014012979493248693
1120.97   55   -0.5375751274127156   0.0013722505017642694
1131.46   56   -0.5376932028509287   0.0015200444374321423
1147.27   57   -0.5378308585420756   0.0017420145632586499
1157.54   58   -0.5379295937087345   0.0021644160325905394
1169.51   59   -0.5380645239168849   0.002046667073238439
1181.18   60   -0.5381907466222632   0.0009132504857731689
1196.69   61   -0.5382735326929196   0.0009404434934749722
1211.73   62   -0.5383562916631673   0.0008346057594110295
1227.8   63   -0.5384042719440757   0.000984337561305501
1242.74   64   -0.5384333288332087   0.00040124355860070987
1256.32   65   -0.5384561654143827   0.0005197150722983086
1264.74   66   -0.5384647937938236   0.00037197665984602997
1279.15   67   -0.5384723964718235   0.00031904928853448034
1292.94   68   -0.5384778308320088   0.0002333933052394844
1310.87   69   -0.5384778955388366   0.25420629385390775
1320.45   70   -0.5384816334429352   0.00020337813194320277
1335.88   71   -0.5384821950002966   0.00023367354855465696
1349.78   72   -0.5384855679435323   0.00014734632470144918
1358.84   73   -0.538486874266497   0.266401701119829
1374.87   74   -0.5384883770527636   0.0001834518771845129
1386.13   75   -0.538488471366227   0.00015491831183703304
1395.78   76   -0.5384886233005175   0.0001460978225179701
1430.55   77   -0.538488843942193   0.0001360709173722976
1444.44   78   -0.5384906731103304   0.00015324150847841669
1458.13   79   -0.5384914532964683   0.00023677100310163897
1477.6   80   -0.5384927935921412   0.29456476566557455
1506.07   81   -0.5384922962312447   0.00033685504033963056
1515.43   82   -0.5384927816831123   0.00017949230905783272
1524.91   83   -0.5384928647628577   0.00018979336450650628
1544.73   84   -0.5384946585187123   0.00014669484290865393
1558.69   85   -0.538495473963046   0.00011396754271629896
1748.75   86   -0.5384949383974192   0.23462081284417471
1795.25   87   -0.5384949399241454   0.0003757203349564969
1814.57   88   -0.5384949492755443   0.22688252555771113
1876.2   89   -0.538495028701746   0.000366084636235197
1894.6   90   -0.5384950295244006   0.30082751331299834
1903.2   91   -0.5384950290759514   0.20377381350830479
1920.67   92   -0.5384948740747704   0.00037598380831513014
1938.62   93   -0.5384948928202021   0.19661720702592766
1956.28   94   -0.53849488789365   0.0003751065196145621
1988.48   95   -0.53849491949465   0.19830512544849999
1997.07   96   -0.5384949105409869   0.0003736540300533142
2037.86   97   -0.5384949159926189   0.2613246432647966
2051.04   98   -0.5384948908868692   0.0003749153560744759
2087.86   99   -0.5384974312577447   0.00021156924137262948
2097.49   100   -0.5384978106060633   0.26721278744041316
0.0   0   -0.5384978106070126   0.24997304960289407
130.77   1   -0.5384972905912925   0.32614929056350345
169.39   2   -0.5384968290342703   0.2603140282548861
201.63   3   -0.5384965904304699   0.27190798593436255
213.01   4   -0.538496246861824   0.1996686344149958
223.31   5   -0.5384963613181581   0.2677643813439284
233.59   6   -0.5384963891038965   0.2988466312343136
249.54   7   -0.538496126934333   0.2354610987300824
265.31   8   -0.5384960735644078   0.26987998434969035
280.9   9   -0.5384959898733792   0.21052437723519268
291.52   10   -0.538495996174073   0.22598592722533142
335.41   11   -0.5384964222502224   0.24442574028882463
360.73   12   -0.5384964844588548   0.2411756236096167
495.01   13   -0.5384959719531311   0.2482642296617353
600.89   14   -0.5384959023442559   0.2696126832961738
634.46   15   -0.5384954513377034   0.20653569391739074
651.59   16   -0.538495451336187   0.27079157297521717
0.0   0   -0.5384954513332425   0.25678261727261914
90.93   1   -0.5384967435301998   0.0012101571345654663
122.01   2   -0.5384978826832966   0.0009965753049412203
140.36   3   -0.5384986242569412   0.0003598146220324505
151.62   4   -0.5384986420860393   0.26506284956913945
163.17   5   -0.5384989081401217   0.0006103539440906656
174.71   6   -0.5384989084880973   0.2761801590879845
185.98   7   -0.5384989089983397   0.2689077646364373
197.91   8   -0.5384989034783236   0.3345760132424737
208.92   9   -0.5384988910408821   0.2176329002670703
220.2   10   -0.5384988801457056   0.22298660664430575
230.66   11   -0.5384988750053055   0.33043240035341165
241.82   12   -0.538498339917132   0.23311753572505292
275.71   13   -0.5384979190015754   0.002026502752447428
292.68   14   -0.5384985511037008   0.27623880951366553
311.18   15   -0.5384981672288405   0.25303131585721644
335.98   16   -0.5384980241470743   0.001295324384516571
358.85   17   -0.5384982334323773   0.0016751356472269293
370.57   18   -0.5384987700127435   0.000952674922520251
395.58   19   -0.5384991402745996   0.0009583621906428854
417.62   20   -0.5384996554094883   0.22669318292586677
462.89   21   -0.5384992901661921   0.3131882964861218
479.24   22   -0.5384988532060081   0.2726589204622003
495.0   23   -0.5384991254792718   0.26491628306146586
510.52   24   -0.5384995075300173   0.0004932344846836255
520.9   25   -0.5384996799448918   0.2732010571941203
536.88   26   -0.5384996387931105   0.0005116447902252253
552.67   27   -0.5384997011186609   0.00035414213313717164
564.08   28   -0.5384997764623403   0.00034525351476749703
575.47   29   -0.5384998909441903   0.0005478566608177483
586.96   30   -0.5384999880274297   0.0006139405188763938
813.04   31   -0.5384994522451008   0.23744899923104182
953.76   32   -0.5384990939503994   0.21950146575520535
1001.86   33   -0.5384988367547703   0.262240971891369
1027.4   34   -0.5384991654002699   0.002121499704319402
1058.51   35   -0.5384996128766424   0.2793569255993645
1082.16   36   -0.5385007751729751   0.0005380445241719215
1094.52   37   -0.5385007751837881   0.26855192707862335
1114.56   38   -0.5385007763284387   0.22629617827457338
1126.79   39   -0.5385007766084798   0.25781677860033314
1168.18   40   -0.5385007782988064   0.000536206354673467
1186.68   41   -0.5385007794529771   0.2252115053183875
1215.73   42   -0.5385009303066371   0.26687276660390774
1334.34   43   -0.5385004085380946   0.23776246329926634
1431.48   44   -0.5384998760481302   0.21392972755980422
1550.18   45   -0.5384993940459226   0.0012963694219763015
1578.05   46   -0.5384999659786687   0.20350518881888716
1589.56   47   -0.5384996015918821   0.273751247216465
1600.85   48   -0.5384990738579695   0.2792009039204087
1669.09   49   -0.538498535989476   0.24630651504216894
1702.94   50   -0.5384982478294131   0.0018980980377744433
1732.35   51   -0.5384991505915825   0.2731689140113024
1749.74   52   -0.5384989580453866   0.33359374377674317
1794.86   53   -0.5384984274754738   0.270843937787029
1817.91   54   -0.538498161922774   0.25481969832062623
1829.12   55   -0.5384982779076128   0.2794638959153644
1839.63   56   -0.538498324671904   0.22172792457502274
1862.85   57   -0.5384990690860896   0.22689272890371948
1904.46   58   -0.5385000576499104   0.27384546760677747
1927.56   59   -0.5384996723176689   0.2665965820548764
1944.56   60   -0.5384995361941115   0.20839489008740347
1961.71   61   -0.5384995105304172   0.2499251696529995
1997.22   62   -0.5384992544031327   0.26303191168795753
2024.68   63   -0.5384988282080937   0.3255716462776303
2035.82   64   -0.5384988769454686   0.19560642093372035
2103.27   65   -0.5385003497771907   0.0006384732484319301
2128.24   66   -0.53850035827853   0.24725301421303966
2157.1   67   -0.5385003478854281   0.2659969601719362
2169.67   68   -0.5385003230498847   0.2779544652261636
2187.87   69   -0.5385003685480075   0.2329034360442734
2264.52   70   -0.5385003465338829   0.0006892525692451039
2284.04   71   -0.538500349104931   0.3170054099145969
2313.82   72   -0.5385003545970799   0.27102097686718923
2337.51   73   -0.5385001508351399   0.2314944393363885
2373.38   74   -0.5384996932286901   0.2123607463831572
2419.23   75   -0.5384991647261498   0.2641064010385902
2448.51   76   -0.5384986878707667   0.25856980197633944
2460.04   77   -0.5384982930906527   0.26682913164926764
2507.8   78   -0.5384979416595839   0.32658750114567286
2584.16   79   -0.5384974375280464   0.20837324874978289
2607.31   80   -0.5384972581158215   0.23221240440123084
2624.97   81   -0.5384972581157115   0.3069512488851392
0.0   0   -0.5384974010489334   0.20743282371273974
80.23   1   -0.538497004777639   0.002223837229767363
118.25   2   -0.5384981170247511   0.001829331379899939
137.76   3   -0.5385010631618602   0.0006047289820819681
151.25   4   -0.5385012169332415   0.33383992119958883
179.71   5   -0.5385011739746309   0.24681572475085015
