0.0   0   0.37358139136591895   0.008725959997287133
96.98   1   0.18240278271090846   0.04031903899787821
159.03   2   0.005701503124569712   0.016263919477592433
198.0   3   -0.021523516009618084   0.014160987371538127
255.85   4   -0.12806413232298813   0.01748424201606004
313.77   5   -0.40545904415801726   0.004825802338747362
375.28   6   -0.43426983998336144   0.006164456361581324
467.34   7   -0.47793752271980133   0.005486775429531882
509.56   8   -0.4895015969021985   0.0036861188258647763
582.22   9   -0.5036039758589171   0.005483279723470658
644.65   10   -0.5191817880874238   0.0030564546376399414
713.21   11   -0.5261364943932939   0.0026672255748173795
763.32   12   -0.5327399964950408   0.0018503860245026422
831.9   13   -0.5347707791407017   0.0008056056553853968
871.92   14   -0.535101844877258   0.0002682756218486394
932.83   15   -0.5352200124795303   0.00033623818667950355
995.71   16   -0.5354820934525928   0.0002812865129532419
1067.25   17   -0.5355822490156542   0.00018812381261712493
1132.46   18   -0.5356287919394496   0.0002253139534599452
1221.8   19   -0.5357257860479229   0.00019246147869356441
1284.64   20   -0.5358535449886099   0.00017158850232147716
1347.65   21   -0.5359245304755119   0.000117985059395303
1408.83   22   -0.5359578312264677   8.641914345369382e-5
1470.81   23   -0.535977488481182   5.6039429336740005e-5
1532.15   24   -0.5359904904338287   5.53901264447419e-5
1618.73   25   -0.5360348696341364   0.00017069879602733058
1686.98   26   -0.5361087577083213   0.00023783475820138872
1731.03   27   -0.5361712054275279   0.0002517692360044488
1774.38   28   -0.5362919416334976   0.0003341172111164208
1840.78   29   -0.5364657667549297   0.0002550622597947537
1882.61   30   -0.5365303368073757   9.457235373299236e-5
1924.03   31   -0.5365461673697617   7.910332400388685e-5
1989.39   32   -0.5365702998429519   0.00013407946832689693
2054.61   33   -0.5366278960011269   0.0001698792838222416
2121.25   34   -0.5367904655607706   0.00029075560281119253
2168.62   35   -0.5369285166235264   0.00036614889364948813
2215.23   36   -0.5371424301223134   0.00047073782800995573
2260.93   37   -0.5373954450479895   0.0003703675226971051
2305.26   38   -0.5375313294476172   0.00024389242596754452
2349.65   39   -0.5376422157311272   0.00024317636960981365
2416.26   40   -0.5378421623734266   0.00039696313364452347
2484.19   41   -0.5381803715851101   0.00042272218027629194
2552.16   42   -0.5384538581372371   0.0003554529330727504
2597.58   43   -0.5386283613125857   0.0002583668491238782
2675.09   44   -0.5388241777521434   0.0002998534569218337
2722.13   45   -0.5390243782548767   0.00027692648362290435
2788.86   46   -0.5394263620086933   0.0003757300903786269
2857.76   47   -0.5399090480469403   0.00036364426584468014
2928.39   48   -0.5402744583289177   0.00037448258487299323
3006.65   49   -0.5405526600004344   0.00023246493322088446
3074.66   50   -0.5407423741952981   0.00020228078727428043
3120.3   51   -0.5408699549803626   0.00028432546020786914
3189.7   52   -0.5409986443617931   0.0001868352955500324
3257.77   53   -0.5410898009853858   0.00018719046762473706
3325.64   54   -0.5411986537768454   0.00020829619694461314
3397.38   55   -0.5413263953891293   0.00016212461525793578
3465.79   56   -0.5414235352145734   0.00018232135142936336
3533.25   57   -0.5415793186467983   0.00019175924442681947
3602.96   58   -0.5417001396404024   0.00020019498120739366
3672.89   59   -0.5417945064219777   0.00022742056552042133
3741.07   60   -0.5419174604195212   0.00014992306674899378
3810.43   61   -0.5420310410847052   0.000161184965601229
3878.77   62   -0.5421173179630283   0.00018678208431464733
3923.4   63   -0.5421731683570716   0.00013279329248352405
3991.19   64   -0.5422193354873737   0.00013820252066161696
4057.61   65   -0.5423001477664648   0.00012613056866570994
4130.1   66   -0.5423766905341038   0.00011238880221347177
4197.63   67   -0.5424087874022767   9.58554942827134e-5
4265.93   68   -0.5424330620980812   0.00010940995581635995
4330.98   69   -0.5424526791357108   0.0001251239539768664
4397.91   70   -0.5424746429146893   8.253593186929459e-5
4466.57   71   -0.5424974327494466   7.142738032845641e-5
4534.87   72   -0.5425171984608438   6.380748673411747e-5
4612.06   73   -0.5425465250380181   9.49622647936486e-5
4658.19   74   -0.5425602156789696   8.771648218827277e-5
4723.6   75   -0.5425751224105119   6.915793960789313e-5
4792.4   76   -0.5425935485484092   5.634349046314717e-5
4837.04   77   -0.5426031220526201   6.0905288314292756e-5
4906.15   78   -0.542615774128213   5.658137756087956e-5
4970.14   79   -0.5426324769429159   6.6153325338166e-5
5034.66   80   -0.5426452923470044   6.0355004779934926e-5
5087.05   81   -0.542654443150954   6.960416931542231e-5
5147.34   82   -0.5426673909245444   5.6769427874275126e-5
5204.89   83   -0.5426812540457099   6.996775091852467e-5
5263.98   84   -0.5426931990186064   7.129432403175607e-5
5325.49   85   -0.5427067118561457   7.303902284063557e-5
5391.19   86   -0.5427282623885294   7.737567032287686e-5
5459.29   87   -0.542750113508115   3.9184954315269166e-5
5526.78   88   -0.5427699685345707   5.15353160043286e-5
5593.43   89   -0.5427909098577175   7.139746830660397e-5
5637.17   90   -0.5428006629828195   6.573809900417216e-5
5704.67   91   -0.5428126574425775   4.27125109625897e-5
5769.61   92   -0.5428245878663154   5.5222360735863335e-5
5837.05   93   -0.5428418351938734   5.399492848577928e-5
5881.08   94   -0.5428506711068748   4.9875713397784205e-5
5948.57   95   -0.5428606587589346   4.237802441033679e-5
6013.71   96   -0.5428716422689748   7.527475116790113e-5
6079.07   97   -0.5428808543706902   5.721502867483398e-5
6157.78   98   -0.5428917277752772   5.128258519827853e-5
6227.41   99   -0.5429014011097993   5.065933174843273e-5
6294.63   100   -0.5429098606258984   7.385144861743008e-5
0.0   0   -0.5429098621883308   0.0012068685466871103
65.62   1   -0.5429132307336084   0.0006156079155705345
195.62   2   -0.5429151790752139   0.0014627535089039275
289.78   3   -0.5429203047304602   0.000604265854690709
373.07   4   -0.5429244766922283   0.0006259357744669563
455.36   5   -0.5429277601942928   0.0006891510751938743
538.38   6   -0.5429320352292996   0.0007078906983230672
622.86   7   -0.54293391188676   0.0010397625350099875
713.26   8   -0.5429399027596791   0.0005403637889179507
813.86   9   -0.5429492972305731   0.0007772900768928918
861.11   10   -0.5429546179672233   0.0008189200982188494
939.63   11   -0.5429614954743957   0.000861163885062409
1018.98   12   -0.5429683145155766   0.0007389478966083116
1103.57   13   -0.54297641427876   0.0007711338455153692
1181.66   14   -0.5429815521736859   0.0009355403904537013
1254.73   15   -0.5429911682399865   0.0007688965403775559
1330.39   16   -0.5430011832843649   0.0007179843945367361
1405.04   17   -0.5430107715878181   0.0005637779327283042
1477.28   18   -0.5430189757890949   0.0006069896767730948
1551.29   19   -0.5430288800262133   0.0005632017148602739
1635.09   20   -0.5430348332999113   0.0007200972712611236
1729.85   21   -0.5430401138049344   0.0005308672729093136
1815.39   22   -0.543045448468364   0.0005990544148239901
1870.49   23   -0.5430480164318249   0.0006875005882875897
1956.38   24   -0.5430507929550583   0.0006000045407636092
2039.35   25   -0.5430547325164722   0.0010585670464219904
2150.57   26   -0.5430590191336514   0.0007183293948735457
2243.47   27   -0.543061961269509   0.0007337065585844506
2327.87   28   -0.5430668241994256   0.000776211336493124
2415.35   29   -0.5430699748115445   0.00048617851535566735
2503.25   30   -0.5430751647912371   0.0005156218992365255
2559.99   31   -0.5430792642661576   0.0006417998520098265
2645.39   32   -0.5430826215370917   0.0008796696950974281
2732.68   33   -0.5430850626863284   0.00044084361263288714
2824.24   34   -0.5430893784950017   0.0006234591384993961
2922.34   35   -0.5430929938147173   0.0005058600795264135
3020.07   36   -0.5430959554688772   0.0004572684401975473
3116.77   37   -0.5430982073541595   0.0004938613269025727
3212.25   38   -0.543101580607553   0.00044690496785957306
3308.16   39   -0.5431059114545944   0.0004021346125058161
3403.28   40   -0.543109218337517   0.00045066145108313475
3499.08   41   -0.5431125200712534   0.0003582978443271528
3597.36   42   -0.543116075738243   0.00040793092992012195
3692.47   43   -0.5431189083997656   0.00045673436798919406
3796.62   44   -0.5431219616844342   0.0003494973480408406
3895.47   45   -0.543125383918674   0.0005184503376927617
3990.9   46   -0.5431274181650576   0.0005305323653411963
4048.2   47   -0.5431283066628957   0.000447729666739364
4138.98   48   -0.5431300463764761   0.00046119111462387496
4231.0   49   -0.5431315857782091   0.00039758674432386183
4326.88   50   -0.5431328677487878   0.0003957339473982609
4442.85   51   -0.5431338615500851   0.0003301572264252561
4537.78   52   -0.5431345984647469   0.00034118315494504074
4629.15   53   -0.5431361368795989   0.0003302660957000551
4727.64   54   -0.5431374665158071   0.00040786220723980983
4822.56   55   -0.5431393483621466   0.00029166645131757424
4918.34   56   -0.5431407184696142   0.00041312066197358267
5017.09   57   -0.543142355057673   0.0003637472519142794
5119.65   58   -0.5431431775538711   0.0003707879897960679
5215.35   59   -0.5431442656276239   0.00035426881000892265
5322.35   60   -0.5431454868824119   0.0003122891870467884
5386.46   61   -0.5431463132711251   0.14340601705697859
5520.2   62   -0.5431458285297451   0.0004807689749088399
5579.77   63   -0.543146323973367   0.0002665023195144377
5666.0   64   -0.543147651241975   0.14915600527967024
5753.05   65   -0.5431476544251612   0.00028563709703695154
5881.68   66   -0.5431476617662685   0.09872607352780373
6003.86   67   -0.5431476759734962   0.16340555543141802
6286.12   68   -0.543147291772799   0.1560310886895532
6665.63   69   -0.5431470889048576   0.12181084653746119
6920.15   70   -0.5431466876883826   0.00039582625821608507
6991.25   71   -0.5431472426393613   0.0002748683324196384
7059.68   72   -0.5431475821103366   0.0003289191293215919
7122.35   73   -0.5431481792529893   0.00033904393067107626
7187.87   74   -0.543148501107099   0.00027592374732482406
7250.26   75   -0.5431488476682066   0.00030927237367800193
7310.62   76   -0.5431492072376324   0.10189282191426201
7559.64   77   -0.5431489111759723   0.10806748277000254
7837.27   78   -0.5431489099209419   0.14590108319628664
8803.9   79   -0.5431485827532029   0.13451842135898992
9324.01   80   -0.5431484224903156   0.15202920662820232
9681.06   81   -0.5431484157963268   0.1488168427871746
10314.5   82   -0.5431479849913214   0.17142705358622728
10719.2   83   -0.5431474853019299   0.14008892625434335
10998.91   84   -0.5431473480900362   0.12146872690077612
11046.74   85   -0.5431472979575471   0.12944881217385124
11121.8   86   -0.5431472000649329   0.12398979135140727
11196.97   87   -0.5431471651808173   0.11737760230980901
11251.6   88   -0.5431470837028985   0.1045091474863225
11304.75   89   -0.5431466659602038   0.0012620530057781203
11478.32   90   -0.5431482341230147   0.11304919133086005
11595.53   91   -0.5431480153859369   0.0006396972684684807
11709.83   92   -0.5431480194438617   0.11667696978809677
11769.02   93   -0.5431480266844092   0.11534557507333879
11863.51   94   -0.5431487409133097   0.00034038740889584323
12069.17   95   -0.5431491392236054   0.0002666462511699879
12129.57   96   -0.5431491718546165   0.15046679306984073
12255.59   97   -0.5431493909515699   0.0003095827152385478
12355.61   98   -0.5431494728695581   0.00025427390209098677
12448.35   99   -0.54314962544811   0.00020324416502386412
12537.12   100   -0.5431499758431314   0.10761915690820553
0.0   0   -0.5431499757577882   0.14292544445119482
314.88   1   -0.5431495009737473   0.0005687297463958959
454.74   2   -0.5431500920691538   0.14494694039625847
807.05   3   -0.5431499196390174   0.17831967877078037
853.45   4   -0.5431494907519268   0.11990902784345353
885.53   5   -0.5431489922631736   0.1099784548821264
1010.17   6   -0.5431487549577997   0.1267315747258624
1272.09   7   -0.5431482507972701   0.11439431311795895
1431.47   8   -0.5431481605665683   0.10878028582936813
1526.09   9   -0.5431481420702231   0.1411472579334154
1697.84   10   -0.5431476010226798   0.1043446026325269
1964.22   11   -0.5431471434664064   0.10948588698172637
2351.1   12   -0.543146804592657   0.11601048185798735
2555.67   13   -0.5431464721433623   0.1133879092540075
2948.53   14   -0.5431461929106085   0.11032677056579138
3002.96   15   -0.5431461929259147   0.1634562146667356
0.0   0   -0.5431461929205192   0.1143567382124156
481.86   1   -0.5431460369741417   0.14034051840590928
551.0   2   -0.5431459356400218   0.14481474605485423
665.79   3   -0.5431457489810262   0.12967467433360744
848.27   4   -0.5431454015422486   0.1533037113555852
1174.83   5   -0.5431450629634369   0.14272718026098655
1241.97   6   -0.5431449864222334   0.14664694533891673
1360.32   7   -0.5431480638548869   0.0009650064146609606
1497.05   8   -0.5431480759627985   0.09883403044034685
1603.2   9   -0.5431486948643066   0.0007512197298548009
1727.89   10   -0.543148756417837   0.15919510275101503
2249.7   11   -0.5431482261920623   0.11220523424009682
2294.24   12   -0.5431481264487877   0.13387925450008661
2404.04   13   -0.5431485175895914   0.16916537160925724
2560.13   14   -0.5431481595220162   0.1258832382540846
2650.02   15   -0.5431482748768895   0.11761153519446244
2712.99   16   -0.5431482516712882   0.1151432322850474
2800.22   17   -0.5431483169184419   0.10683481865332857
3062.4   18   -0.5431483196904525   0.14822588610841764
3125.81   19   -0.5431483052324738   0.13210551459922507
3171.05   20   -0.5431482304066936   0.10088285465701553
3215.93   21   -0.5431482270672197   0.1348060282311936
3332.27   22   -0.5431483591133593   0.10018378390238057
3399.6   23   -0.5431479629824578   0.1048240368509054
3552.89   24   -0.5431480629331642   0.1088453910388227
4029.73   25   -0.5431477745220492   0.0007975951255780949
4153.7   26   -0.5431479141874542   0.12706225110231992
4710.23   27   -0.5431478074838632   0.10144646881058
4912.57   28   -0.5431475782262409   0.0007238635440764088
4990.81   29   -0.5431475960169239   0.11079914971784431
5540.26   30   -0.5431481829784729   0.0007291372088833721
5706.98   31   -0.5431495109730025   0.11004052863997811
5842.76   32   -0.5431491187000459   0.15184026352509794
6074.35   33   -0.543148891765874   0.15458988312722796
6235.86   34   -0.5431484810270212   0.13923985369765074
6499.3   35   -0.5431480138179634   0.0007716508744726622
6555.81   36   -0.5431480192757425   0.10102650756793972
6609.61   37   -0.5431480174599986   0.1428553650391573
6702.93   38   -0.5431475347422504   0.0008854362436774315
6823.33   39   -0.5431475527201622   0.10873621964418574
7343.52   40   -0.5431478958620649   0.0007589392030360175
7464.3   41   -0.5431478969407407   0.12703686791513985
7592.33   42   -0.543147951844942   0.1548178598734926
7844.12   43   -0.5431478497581794   0.1225688702222114
7904.05   44   -0.5431475560111654   0.0008416316311592408
8024.72   45   -0.5431475684908224   0.10253060760091902
8881.35   46   -0.5431476612403506   0.11654129992506182
9156.89   47   -0.5431472355572399   0.15039917023269103
9379.3   48   -0.5431471631568943   0.1060239380154418
9435.83   49   -0.5431473646284766   0.15485359390925402
9610.03   50   -0.5431475626424693   0.11802186863337759
9669.16   51   -0.5431476503831061   0.1226331974466293
9948.48   52   -0.5431477705189642   0.11300944037960765
9999.3   53   -0.5431476933483372   0.12446616994015743
10181.19   54   -0.5431478223141183   0.1262275549464367
10263.02   55   -0.5431475166825859   0.11050631398221389
10348.32   56   -0.5431475166760106   0.11679257407693176
