0.0   0   -0.9552149268066024   0.13894825206494665
3.08   1   -0.975744474827521   0.09433365872802643
7.66   2   -0.9927795193658808   0.04739500052252159
12.3   3   -0.9987720205981633   0.029730345885338315
16.89   4   -1.0020846591297   0.02491608971402242
29.89   5   -1.117136562231797   0.20306606375145406
0.0   0   -1.1490696103685796   0.17003121768001492
10.73   1   -1.1695650561299389   0.11250629985438804
28.18   2   -1.1820239612886048   0.07278967510070325
40.51   3   -1.1844594595421354   0.03431829904443563
52.75   4   -1.1871529719819525   0.02271792262654866
61.72   5   -1.1877941043769638   0.012312686404639606
69.41   6   -1.1886549963587607   0.01744345147432999
77.12   7   -1.1892324655277204   0.01299671887450642
84.83   8   -1.1893915074035153   0.006661060621792602
92.12   9   -1.189557316568961   0.008983940984578973
99.59   10   -1.1896818179042206   0.0025800027362727247
107.52   11   -1.1897578768885975   0.003153974157362656
115.15   12   -1.18985672558886   0.0038332348300820253
123.15   13   -1.1899379016149014   0.002259219973681696
133.77   14   -1.1900585394646945   0.003592885918028266
141.84   15   -1.1901053902085   0.001963873412678452
149.06   16   -1.1901519118165214   0.002622154779479805
157.17   17   -1.1901657880158034   0.00048639355398289407
165.23   18   -1.1901664973493788   0.00031256258364784073
174.49   19   -1.190170604228227   0.000799738426345783
181.55   20   -1.1901737082693156   0.00043821534549236024
191.63   21   -1.190180051206842   0.000770825725628789
198.89   22   -1.190187848818593   0.00045778665758143945
205.51   23   -1.1901937432221512   0.0004301335167897772
212.7   24   -1.190196039803166   0.00019891426114698122
219.42   25   -1.1901963212824536   0.00023007864085642152
228.3   26   -1.1901969993457213   0.00022228689716218808
0.0   0   -1.1901969993457213   0.04644919876812529
22.99   1   -1.1901970044436527   0.00020742694657148897
37.62   2   -1.1901970689272936   0.00021865040408845733
46.68   3   -1.1901974441594445   0.0002709912839476431
51.23   4   -1.1901975274348977   0.00026810728965604694
60.5   5   -1.1901976865873651   0.00014389226835318175
69.79   6   -1.1901984429029253   0.00022182611619353635
77.02   7   -1.1901991771155536   0.0003715671403994353
86.53   8   -1.1902003212519299   0.0003550869435293985
91.16   9   -1.190200677136229   0.0004104835905111937
98.34   10   -1.1902011350830073   0.0005948394751143991
105.55   11   -1.1902013127868123   0.0002826294407399855
114.51   12   -1.1902015620743283   0.0002661505600546926
123.51   13   -1.1902019048566355   0.00014317706073243452
130.4   14   -1.190202057721586   0.00011756056975893993
139.35   15   -1.1902023228274792   0.00012173378338594195
146.31   16   -1.190202678991933   6.675466380142139e-5
153.18   17   -1.1902027201439116   4.6516734731228074e-5
162.35   18   -1.1902027507678996   4.930469871265539e-5
169.27   19   -1.190202766925687   5.497614553488206e-5
175.77   20   -1.1902027771411423   3.293219622683269e-5
182.77   21   -1.190202783154048   1.9128783591116127e-5
187.38   22   -1.1902027892638367   4.816619441671518e-6
191.88   23   -1.1902027892049503   8.219434957611963e-6
201.11   24   -1.1902027894136957   2.181762428149285e-5
205.78   25   -1.190202789240719   1.9373907822379664e-5
212.77   26   -1.1902027867276441   9.458152488247776e-6
217.51   27   -1.190202786560608   4.700710754103673e-6
224.87   28   -1.190202786319643   4.214581037567302e-6
234.36   29   -1.190202785294699   7.681954506399968e-6
241.42   30   -1.1902027843678216   1.2881018206449471e-5
246.13   31   -1.1902027842453666   3.8615070100168196e-6
253.43   32   -1.1902027832223134   4.1648515935221075e-6
257.93   33   -1.1902027829806938   6.913474801235763e-6
266.83   34   -1.1902027836005034   8.373397765378868e-6
275.75   35   -1.1902027786036047   2.0191347822787198e-5
0.0   0   -1.1902027786036016   2.0258296099487372e-5
20.9   1   -1.1902027811020512   2.750919366372527e-5
34.96   2   -1.190202782283906   1.3469605494919456e-5
0.0   0   -1.1902027822838908   0.04739888422137896
95.23   1   -1.1902020538644058   0.0007954030995432335
132.52   2   -1.1902026896723834   0.0002509770093740792
0.0   0   -1.1902026896723836   0.04267830010709474
23.88   1   -1.1902019560493777   0.0006911082488062948
33.43   2   -1.1902026685066618   0.0002873057754414042
0.0   0   -1.1902026685066636   0.042071442015047464
22.89   1   -1.1902019094899239   0.0008958193137082765
32.25   2   -1.1902025304813098   0.00038252581395389494
