0.0   0   -0.5012859757945346   0.005012115806335766
28.28   1   -0.5025186507793683   0.008290407685890355
824.18   2   -0.6310431074126439   2.174474374779361e16
1187.62   3   -0.6310426485858883   0.0364862581693314
1289.53   4   -0.6529187765834998   0.0166965345300404
1527.62   5   -0.6546303406328978   0.023472200432915286
1663.84   6   -0.6598637645590424   0.004722636327020839
1722.79   7   -0.6601725516818109   0.0013213061960620988
1781.85   8   -0.6602478027470466   0.0005302480473049981
1833.65   9   -0.6602594067557931   0.0006824383757663163
1949.77   10   -0.6602886166146615   0.0007500264192987181
0.0   0   -0.6602886166147177   0.009122275694736648
224.38   1   -0.6602879849427967   0.0009092979908725471
328.99   2   -0.6603184243896819   0.0010501616781994475
360.7   3   -0.6603375512605787   0.0008483133920517691
532.46   4   -0.6606521721536083   0.002226168228089197
644.18   5   -0.6606930031845051   0.0025345113693871248
754.03   6   -0.6608314049735214   0.003532917026940403
921.28   7   -0.6609641433521053   0.004594395374557864
1122.53   8   -0.6618536512967131   0.005832411790414972
1300.47   9   -0.6629891641204715   0.005883170066912944
1418.51   10   -0.663361190322908   0.00404381912617326
0.0   0   -0.6633611903169919   0.004304504577930214
100.26   1   -0.6635619143190802   0.0031411626840148737
256.67   2   -0.6636959430524125   0.0029209886749780147
431.23   3   -0.6637831549380839   0.0016728454336973292
654.01   4   -0.6638965437361943   0.0023050482395316867
782.61   5   -0.6640388441029028   0.0010953285596805688
916.42   6   -0.6642344610353351   0.0021534876336722804
1072.95   7   -0.6644830763477898   0.0018033757768138097
1245.2   8   -0.6647686136989807   0.0027947885172462245
1416.2   9   -0.6651165289902221   0.0028920197054256892
1591.51   10   -0.6656638537286217   0.004673351148826433
0.0   0   -0.6656638484218297   0.004978266514838726
118.61   1   -0.6660242933800871   0.006151374436908067
296.31   2   -0.6666064931174385   0.0023416043862628647
413.53   3   -0.6667332350010189   0.006441350951044451
644.77   4   -0.6671910423825669   0.0035170482827860533
831.3   5   -0.6677480228798902   0.004481821887353316
952.36   6   -0.6679969735541715   0.002705152034511183
1074.15   7   -0.6681207824852092   0.001057196953834192
1255.29   8   -0.6682271441777514   0.004414994805368765
1437.36   9   -0.6683332082216819   0.0013388135217505832
1617.48   10   -0.6683781438751439   0.002222336040080204
1795.31   11   -0.6684522003176717   0.002293219038413486
1966.58   12   -0.6685441617305756   0.0012842279693294806
2123.14   13   -0.6686529387476046   0.0020174846450881105
2300.85   14   -0.6687150342013415   0.0006586209329841183
2488.47   15   -0.6687337090831593   0.0006983045023281739
2671.93   16   -0.6687512743592336   0.0009122450886462901
2858.83   17   -0.6687677396719058   0.0005271403682855822
3042.28   18   -0.6687902504794092   0.0007906450003425313
3226.27   19   -0.6688188133614708   0.0005717710781805362
3411.35   20   -0.6688384817612107   0.00041452513979343383
3596.4   21   -0.6688494431346715   0.0007385210006364181
3845.54   22   -0.6688735576651319   0.0005434742614866633
4029.7   23   -0.6688862540452937   0.0005500279730894397
4218.49   24   -0.6688945578556087   0.0006013078050236375
4395.2   25   -0.6689063592930974   0.0004656000423539363
4568.69   26   -0.6689116236854425   0.0003765488756691561
4741.95   27   -0.6689140949821004   0.00023490149860900722
4914.8   28   -0.668918028621593   0.00020939307713366707
5086.81   29   -0.6689203130442034   0.00032339673311709426
5281.06   30   -0.6689228315158029   0.0002253711782432815
5456.24   31   -0.6689270204924584   0.0003140473648800624
5640.2   32   -0.6689291961479185   0.00033229571468071384
5811.81   33   -0.6689318580650805   0.00024884669140197446
5993.52   34   -0.6689347868482994   0.0001487867280538944
6173.69   35   -0.6689363676765406   0.00018806334024742892
6341.66   36   -0.6689391819128516   0.0002385367139587718
6522.23   37   -0.6689402425233141   0.00023504889846758068
6701.85   38   -0.6689408851326804   0.00018117162421394777
6948.86   39   -0.6689442078391044   0.00017399932535011728
7068.94   40   -0.6689452401570127   0.00017988157450595486
7252.92   41   -0.6689457357089154   5.763617330637079e-5
7501.62   42   -0.6689467525906366   0.00011860622948971827
7686.4   43   -0.6689476151458695   0.00014673601712309993
7811.31   44   -0.6689482402574206   0.0001287288621479607
8000.23   45   -0.668948651003325   8.70231268916394e-5
8126.1   46   -0.6689487943212257   5.3024293830875686e-5
8312.32   47   -0.6689492331653144   0.0001137704173968859
8553.78   48   -0.6689508939980675   6.927957774846707e-5
8649.39   49   -0.6689516249685273   0.00015012782814018456
8826.42   50   -0.6689523833459945   0.0001412713578327715
8895.76   51   -0.6689528753535702   0.0001632251473709383
9016.04   52   -0.6689539871398001   0.00011019194012942467
9158.67   53   -0.6689547980338268   9.501138804249559e-5
9321.16   54   -0.6689552489558375   8.646901045420159e-5
9528.74   55   -0.6689561299484972   8.492104875441886e-5
9700.73   56   -0.6689569963277452   0.0001045146163864032
9779.54   57   -0.6689576177245158   8.569239843353934e-5
9948.05   58   -0.6689579253492219   0.0001153736198989001
10112.36   59   -0.6689585622924927   0.00010599048648829123
10282.42   60   -0.6689592026196031   5.393215371219803e-5
10457.2   61   -0.6689594775378357   6.130806377289785e-5
10541.9   62   -0.6689596439203382   8.911767392671499e-5
10704.98   63   -0.6689598927235683   8.048604326307498e-5
10832.39   64   -0.6689600604593738   4.1175361180906666e-5
10961.79   65   -0.6689601950100481   4.567641123261283e-5
11131.16   66   -0.6689603716253438   6.548770589269692e-5
11296.98   67   -0.6689605299460011   6.88922132304704e-5
11467.55   68   -0.668960635309302   3.972604828271269e-5
11682.16   69   -0.6689608132661   8.181985687647303e-5
11860.3   70   -0.6689610056362323   4.179767533350161e-5
12016.69   71   -0.6689612347220389   4.875552149921564e-5
12187.45   72   -0.6689614317268042   0.00015082268431876024
12376.96   73   -0.6689618020837874   6.756916945894597e-5
12553.46   74   -0.6689619558962161   4.972288668600713e-5
12755.7   75   -0.668962120309325   8.464486598767844e-5
12912.61   76   -0.6689623082488851   5.0022659470780843e-5
13069.84   77   -0.6689623991360405   2.9687589285993505e-5
13211.68   78   -0.6689626222920756   6.131309150076943e-5
13385.05   79   -0.6689627493302002   7.749626568091416e-5
13555.79   80   -0.6689628471945801   4.634832048996117e-5
13730.1   81   -0.6689629629858882   3.378696560183206e-5
13871.1   82   -0.6689630929614306   3.480134360895823e-5
13937.38   83   -0.6689631881631122   5.073982720542391e-5
14116.51   84   -0.6689632874315257   7.10373481203994e-5
14288.75   85   -0.6689634394980544   5.006064365442027e-5
14417.27   86   -0.668963556296178   6.828360975570614e-5
14541.35   87   -0.668963734318573   4.5114916748660514e-5
14704.24   88   -0.6689638415226965   3.050985912758479e-5
14828.5   89   -0.6689639393957966   3.807945155783326e-5
14895.17   90   -0.6689639926082438   2.8962588218332114e-5
15005.81   91   -0.6689641067541054   3.941034545066917e-5
15154.18   92   -0.6689642043740733   3.5738097638506176e-5
15293.26   93   -0.6689642905088331   4.020921248647909e-5
15429.14   94   -0.6689644205113098   2.913834666167562e-5
15594.32   95   -0.6689644757276151   4.379925637084016e-5
15704.24   96   -0.6689645639577125   3.456783665289325e-5
15834.85   97   -0.668964646225813   4.7126736425506394e-5
15982.97   98   -0.6689647350134716   5.1846910420101536e-5
16129.13   99   -0.6689648465761981   3.140687826780732e-5
16229.24   100   -0.6689648766984253   2.5141836783534555e-5
0.0   0   -0.66896487670162   0.024183586145575975
0.0   0   -0.6689648767016056   0.02418358603529177
0.0   0   -0.6689648767023602   11.011680613276338
0.0   0   -0.6689648767023697   0.024183585990910892
