0.0   0   -0.5429914800431287   0.0005044645928967956
323.76   1   -0.5429928307006906   0.0007992750518000544
1193.63   2   -0.5429993097531469   5.585189937419023e-5
1522.7   3   -0.5430012608995813   0.026785384743653676
2608.37   4   -0.5430010330347762   0.00013404528214941975
2932.02   5   -0.5430016780234512   0.002526383313547457
3148.09   6   -0.5430012528291699   4.2186466958882307e-5
3471.59   7   -0.5430011005113002   0.00014544778741205067
0.0   0   -0.5430018626451331   0.0024527786644240692
604.1   1   -0.543002122965198   8.767790970937164e-5
805.82   2   -0.5430104740719313   3.528436257325912e-5
1110.18   3   -0.5430152972132745   0.0002980260619100835
1309.15   4   -0.5430221439558139   0.00010313073433631024
1607.39   5   -0.5430307883128895   6.769942033345691e-5
1904.34   6   -0.5430362919560485   6.314083989923276e-5
2200.69   7   -0.5430420993030579   3.163882348425034e-5
2494.12   8   -0.5430468896902287   3.510637158686193e-5
3282.6   9   -0.5430532238281909   7.55383509231762e-5
3579.63   10   -0.5430611917134825   5.7570694545100475e-5
3876.58   11   -0.5430679002612288   3.506596320086629e-5
4174.19   12   -0.5430760945545751   3.2569095392705995e-5
4472.74   13   -0.543085620245626   3.919906369003692e-5
4769.05   14   -0.5430948968973555   5.31935117518567e-5
5066.22   15   -0.5431066969918223   4.165912266967411e-5
0.0   0   -0.543106400435585   8.224839165334191e-5
198.69   1   -0.5431062647053241   4.853177536421238e-5
496.04   2   -0.5431072561850828   0.00022523708930829222
0.0   0   -0.5431064132793001   0.0005692537274051282
198.73   1   -0.5431071762686153   0.00021132383321737538
693.05   2   -0.5431074123938197   4.063378371286281e-5
1186.1   3   -0.5431074908565776   0.0001928193782270659
0.0   0   -0.5431074938718141   0.0001776329382485803
202.73   1   -0.5431074748150369   0.00018694261378888772
508.9   2   -0.5431075656833513   8.093321802710632e-5
712.81   3   -0.5431075946903452   6.316326249848049e-5
1013.61   4   -0.5431076959547587   0.0007892881321713137
1512.35   5   -0.5431101671004473   6.432423398112033e-5
1810.76   6   -0.5431106277718374   4.028677563231772e-5
2109.06   7   -0.5431128336386737   2.3028746264860566e-5
2508.51   8   -0.5431177171982187   2.6869567801744834e-5
2810.22   9   -0.543121880635066   4.948103121644795e-5
3112.36   10   -0.5431271915496289   7.40557810686477e-5
3411.13   11   -0.5431318105180067   0.0002085604750510713
3608.66   12   -0.5431326188925513   4.8714616975475675e-5
3908.88   13   -0.5431343256052769   2.7004690040786332e-5
4311.99   14   -0.5431394780613013   5.888204372220879e-5
4710.91   15   -0.5431523162550673   0.0006987965835842274
4911.74   16   -0.5431536402104767   5.981629804317737e-5
5108.44   17   -0.543156088308464   4.970508720387618e-5
5407.73   18   -0.5431589943372384   7.704428947952183e-5
5706.48   19   -0.5431778549007938   7.396726181247257e-5
6106.1   20   -0.5431930234938581   8.259969334893809e-5
6416.13   21   -0.543227888896968   9.306286495502745e-5
6716.14   22   -0.5433177890703966   0.00017020480855032432
7012.47   23   -0.5434117038567337   0.000148479388712889
7208.74   24   -0.5434595035060796   0.00010204060530793483
7406.54   25   -0.5434858356575216   0.000459475882540191
0.0   0   -0.5434848740588435   0.00013189106997594355
589.96   1   -0.5434892663972444   0.0001878203960288407
885.25   2   -0.5435189061085821   5.387594022902609e-5
1477.19   3   -0.5435324174502413   0.00017520107792514766
1770.66   4   -0.5435584888903977   7.444400093705566e-5
2407.87   5   -0.5435636477570959   0.00020525594692484802
2703.93   6   -0.54359948589286   6.098773531956726e-5
3100.28   7   -0.5436239261996104   0.00014030897243810895
3396.73   8   -0.5436678722028865   8.502369727224067e-5
3716.71   9   -0.5437060423228328   0.00011744648949078582
3921.05   10   -0.5437146129006946   0.0001051878154034674
4217.96   11   -0.5437376695761431   6.705867720806852e-5
4511.16   12   -0.5437550169205955   0.00016117686655632438
4707.79   13   -0.5437693453533923   0.00017203459051525171
4905.15   14   -0.5437772606305425   0.0002007554984453629
5103.62   15   -0.5437822773085018   6.46217347618539e-5
5493.82   16   -0.5437958707537177   0.00011061703508025851
5788.56   17   -0.5438199507313058   5.7584136062357497e-5
6083.27   18   -0.5438311834840853   3.990441894345899e-5
6380.61   19   -0.5438424094394093   4.709219847232987e-5
6675.4   20   -0.5438549909860612   3.950881052645514e-5
6982.15   21   -0.5438642723833098   3.8329785595815565e-5
7285.53   22   -0.5438739708029299   4.648948098436378e-5
7492.96   23   -0.5438741469122261   6.13522281850298e-5
7998.56   24   -0.5438750824395655   6.034272673241681e-5
8200.18   25   -0.5438816600592615   0.00015814554403258292
8500.19   26   -0.543884071205825   4.093411707490631e-5
8702.1   27   -0.5438876216639297   6.511958263997988e-5
9599.82   28   -0.5438879352431943   6.119965732248459e-5
9894.92   29   -0.5438918833797185   2.717375838017795e-5
10091.17   30   -0.543895689210977   2.603763979835636e-5
10386.51   31   -0.5438964802745863   0.00024511747611611056
10582.5   32   -0.5439040174075708   4.708012437355006e-5
10876.0   33   -0.5439066711638397   3.065724999351754e-5
11171.5   34   -0.5439145788891341   3.9793985692226405e-5
11466.81   35   -0.5439221396730622   3.79562770157132e-5
11663.27   36   -0.5439317385683242   4.94679866543487e-5
11963.42   37   -0.5439387538027064   8.266677237391912e-5
12261.94   38   -0.543945605260329   0.0005471972063546524
13052.94   39   -0.5439453261330777   9.163171107761718e-5
13250.38   40   -0.543952513819846   4.2747774603061315e-5
13448.18   41   -0.543956309217759   5.1999780969599084e-5
13644.25   42   -0.543963390015156   5.316310059800617e-5
13946.15   43   -0.5439718648567202   5.499415911343929e-5
14147.78   44   -0.54398162972428   3.514641518858471e-5
14450.37   45   -0.5439862627006178   4.163190466885584e-5
14753.7   46   -0.543990271278592   2.66213025075944e-5
15050.86   47   -0.5439967215770459   2.1212109130392338e-5
15855.71   48   -0.5439963467690826   5.554372770213501e-5
0.0   0   -0.5439914812222222   0.00011238594715843444
200.53   1   -0.5439916144204945   5.559910153855265e-5
795.63   2   -0.5440005161196679   0.0004647867801469438
1095.95   3   -0.5440005521297555   0.0001308641179485097
1497.01   4   -0.5440014956632471   0.0001602136210097998
1696.15   5   -0.5440025030242636   0.00045863348269484884
0.0   0   -0.5440024995641825   3.393143215966012e57
0.0   0   -0.5440024995631099   9.184333499415922e44
