0.0   0   -0.47914729289545127   0.07325872629246849
16.17   1   -0.4938267951300522   0.04197154674278254
39.56   2   -0.4966439748724717   0.024161454289187048
62.95   3   -0.5001950439555782   0.007444149600631278
144.35   4   -0.6217484492560245   0.07791346028751209
229.56   5   -0.6222458101346234   0.07661143338686272
273.02   6   -0.6572794324697089   0.01336453794616199
322.2   7   -0.6582595396965629   0.01644045617887407
355.85   8   -0.6590178198649321   0.01296065229993804
388.48   9   -0.6596365392941019   0.009793294915613735
419.51   10   -0.6597788355841168   0.0041475008622645654
462.6   11   -0.6599481024384517   0.0037826191084978904
494.63   12   -0.6600645337759087   0.001263280333470957
524.6   13   -0.6600928023563861   0.00183699668240742
551.41   14   -0.6601169594151737   0.0010729740656496597
581.91   15   -0.6601565674500117   0.0012827393913769358
627.53   16   -0.6601818911186679   0.0007789135015497019
656.37   17   -0.6601967965218208   0.0008913886677394637
685.03   18   -0.660211178099616   0.000775220877009595
716.27   19   -0.6602187005565863   0.0002396207194805079
777.72   20   -0.660220012030266   0.0002322383891912791
819.43   21   -0.6602229618196951   0.0002082996084568916
851.78   22   -0.6602252181325226   0.0001947861400598619
886.77   23   -0.6602260825219415   0.00010592261142426862
921.66   24   -0.660226299195824   0.000130634546198753
950.49   25   -0.6602265289825544   7.397483714998328e-5
