0.0   0   -0.5429914800429775   0.0005044645965134307
328.93   1   -0.5429928306733643   0.0007992735300831274
1207.95   2   -0.5429974592257044   6.900355759021904e-5
1539.92   3   -0.5430005533247141   0.00019126303842448495
1765.49   4   -0.5430021417383321   0.0015654515246091086
2098.56   5   -0.5430025304723617   8.970229325781163e-5
2647.94   6   -0.5430035238868209   9.340775980690528e-5
2873.13   7   -0.543003837866362   0.0006510289474895078
4300.44   8   -0.543004021601442   4.519775558526838e-5
0.0   0   -0.5430037596425694   4.3921739333314814e-5
798.29   1   -0.5430068307132488   4.419813680839523e-5
1462.49   2   -0.5430251252366783   4.599052384612348e-5
1787.06   3   -0.5430339039467822   8.124228358092879e-5
2282.9   4   -0.5430418843218839   6.807469115455848e-5
2777.59   5   -0.5430482202962807   0.0005074207716586023
3442.52   6   -0.5430481986388256   3.651277217280828e-5
3929.69   7   -0.5430486468529752   3.154098820010928e-5
0.0   0   -0.5430487727353964   3.1098291002962795e-5
947.24   1   -0.5430515536283078   0.0001651935174021345
1277.0   2   -0.5430514422511391   5.7085007388611776e-5
1762.37   3   -0.5430530787079567   2.5750633496985493e-5
2248.78   4   -0.543057115877607   0.0009300105206156743
2568.54   5   -0.5430567255595529   5.166448779133252e-5
3060.85   6   -0.5430576107494286   2.915459524732196e-5
