0.0   0   -0.281472692895645   0.0890672694348073
17.48   1   -0.29688239232833596   0.059283871791163435
42.42   2   -0.34234316640995693   0.17788348352875014
54.05   3   -0.3636239834532714   0.16945342551186918
92.66   4   -0.3636333564157597   0.2028483001412682
119.47   5   -0.3636543631229159   0.22730819734795807
220.84   6   -0.3636541669702018   0.04995398540529673
234.77   7   -0.3643745361831925   0.03430571114583377
260.49   8   -0.36653782535840035   0.03616024022370326
275.9   9   -0.38180536885544897   0.17887021931781724
366.91   10   -0.38180521734787853   0.04602422105048348
377.23   11   -0.3824922555221766   0.03577933216589737
398.81   12   -0.38484034965840797   0.2529045807283501
428.28   13   -0.3848445061962824   0.02673719916228318
437.71   14   -0.385182887988251   0.02438156126200956
452.73   15   -0.38563378821347083   0.29471669388343985
477.14   16   -0.38564196095449077   0.18802414969875011
538.04   17   -0.38564174187055694   0.021199526210471453
863.33   18   -0.38564646447306583   0.019458459502143463
877.93   19   -0.38572582301721264   0.16541749162610103
887.97   20   -0.3857656530462128   0.022689453042607142
922.62   21   -0.3858226617984656   0.017980877204067023
964.71   22   -0.3859801893531904   0.21090369676260462
975.44   23   -0.3859941085871544   0.19338270966054133
992.04   24   -0.386049034781501   0.17139525498517233
1037.79   25   -0.38604896686022666   0.020499056928896735
1047.63   26   -0.38608388128292825   0.2139036859703164
1081.5   27   -0.38608841813664085   0.2841640547261996
1096.87   28   -0.3860884181423367   0.23731399485927748
1112.07   29   -0.3860885420899317   0.019263498684792105
1132.22   30   -0.38610240131114465   0.17277435164949345
1183.73   31   -0.3861021784684117   0.019017881953331543
1208.22   32   -0.38621722079802007   0.017291440997275385
1223.98   33   -0.38624477417266345   0.01659309861385246
1233.71   34   -0.38631687131795445   0.019547891403477995
1244.39   35   -0.3870054344873919   0.01728729439071377
1254.87   36   -0.3872021757933364   0.01665796275118147
1414.47   37   -0.38721275921845977   0.26792198418730584
1543.55   38   -0.3872126866077243   0.025914648142969086
1552.93   39   -0.3872127192500014   0.1742458887559659
1601.74   40   -0.38778457742194516   0.02431447609360045
1647.03   41   -0.3885833846975948   0.024450430560273677
1661.58   42   -0.3889212767245618   0.23035288396160028
1730.43   43   -0.38892093056239335   0.02101186146966944
1740.54   44   -0.3890874921793371   0.009014750434006494
1755.43   45   -0.38929218557952894   0.008227270925219387
1766.33   46   -0.3900410846447432   0.21932758698101673
1820.82   47   -0.3900409418078696   0.009896920967571868
1843.37   48   -0.39011769416068437   0.24425138456287163
1885.74   49   -0.390117694159117   0.23873784798531733
0.0   0   -0.3901176941588619   0.18498276631567648
59.08   1   -0.39012505967039857   0.009902468949803131
73.75   2   -0.3901356781334759   0.1797196296550659
88.41   3   -0.3903316731750638   0.22549074171263522
108.26   4   -0.39036562976733696   0.008093484117234425
117.65   5   -0.39037361582673763   0.009659395466218664
127.22   6   -0.3904611948811263   0.2725270017848025
137.31   7   -0.3906983585463796   0.22255441115531166
176.32   8   -0.39072178128294033   0.014721453259707709
184.99   9   -0.39077074232272796   0.018182117761864597
222.24   10   -0.3907705156433256   0.2212025997789259
290.43   11   -0.3907703764829287   0.21636556807885013
580.21   12   -0.39076998711384503   0.017505375817623174
633.69   13   -0.39081925448607474   0.23269014921307934
694.33   14   -0.3908189512948022   0.2782408839809555
720.5   15   -0.3908899262996646   0.22448460048176158
736.48   16   -0.39089432320331546   0.2782941397803228
773.59   17   -0.3909057188318971   0.2636230381348471
806.89   18   -0.3909054113543302   0.27112491977999936
949.35   19   -0.3909054084203566   0.2688683020640562
1076.72   20   -0.390905407889511   0.2195181095754457
1085.95   21   -0.39090532321569654   0.013087682964531472
1102.76   22   -0.39090657157274616   0.2158704749178926
1119.51   23   -0.39093240091229203   0.2622462931792482
1154.19   24   -0.3909320631114601   0.2585298648339069
1203.5   25   -0.3909320600025805   0.016840041121003995
1265.49   26   -0.39093225618480887   0.27727130959587537
1342.8   27   -0.3909319624496924   0.016506531490382614
1358.25   28   -0.39093344067370556   0.23971081057146273
1382.72   29   -0.3909342095091171   0.25259899163845534
1425.48   30   -0.3909338300180474   0.01730907094615971
1439.41   31   -0.39093601887343865   0.23763239955958815
1449.37   32   -0.3909518841461486   0.012527217998942505
1463.86   33   -0.3909681203979023   0.013102317883417649
1491.64   34   -0.39104503432914145   0.15555982830090945
1501.57   35   -0.39105499226353835   0.19046826745978646
1511.26   36   -0.391057597153879   0.23246116728774785
1544.96   37   -0.39105942613385686   0.22558789386137043
1671.13   38   -0.39105940639547343   0.1992876404128102
1699.17   39   -0.39105935166624634   0.2097583585535921
1767.27   40   -0.3910592498885703   0.17502917818144315
1790.69   41   -0.3910588992476462   0.25047179467809755
1826.76   42   -0.39105854588906186   0.22215780759088036
1872.4   43   -0.391079610407735   0.1872558982694309
1881.21   44   -0.3910863274690463   0.26578050178804175
1902.79   45   -0.3910861387929786   0.2813008402771528
1961.78   46   -0.39108612663344766   0.2732796128131224
2019.38   47   -0.39108608978636034   0.20894921808468603
2067.14   48   -0.3910860595766362   0.18593138880266916
2115.38   49   -0.3910859478070651   0.24835151242406306
2124.61   50   -0.39108585348891745   0.25172263054285143
2133.88   51   -0.39108589604383176   0.23148586043823258
2147.21   52   -0.39109035882908466   0.014692143194413797
2167.15   53   -0.3912842474604286   0.16231896468038157
2210.81   54   -0.3912840222312697   0.269116705853158
2286.62   55   -0.39128371730724143   0.214269947938145
2306.83   56   -0.39128350329645256   0.19262523643055354
2323.1   57   -0.3912831314490861   0.2044896157920151
2331.79   58   -0.3912830159193603   0.2532226959903671
2352.03   59   -0.3912828350375868   0.22009352118200928
2359.93   60   -0.39128292551873756   0.20123922658289958
2372.41   61   -0.3912830306949413   0.26799272510958266
2393.5   62   -0.3912842278918916   0.24357814473196915
2405.65   63   -0.391287113632624   0.011138387718242382
2414.47   64   -0.3912871276006957   0.2463661013599101
2430.96   65   -0.3912872770609964   0.2552843684326598
2442.98   66   -0.3912877256929332   0.2564746894709005
2451.33   67   -0.3913326731997103   0.2499097437312769
2477.5   68   -0.39133574912104574   0.19678294683213327
2533.52   69   -0.3913353632707614   0.2840540812907152
2574.41   70   -0.3913351907141932   0.17316304975119395
2641.78   71   -0.39133481067589415   0.01038961429171054
2651.06   72   -0.39133485249098704   0.21774634011719904
2668.96   73   -0.39134396038411606   0.22906740125151595
2717.51   74   -0.3913437356199582   0.27573762520694867
2726.57   75   -0.3913437921014377   0.21433425581595722
2739.2   76   -0.3913437025806533   0.010244011571875124
2748.52   77   -0.39134372919341553   0.26572665476074514
2762.03   78   -0.3913695762764662   0.21066234202383433
2822.88   79   -0.3913691955236854   0.2120352862003218
2836.43   80   -0.3913690985815449   0.29972059315478133
2906.41   81   -0.3913689391004479   0.22787227100036214
3004.27   82   -0.3913687379606748   0.009944239442212255
3022.44   83   -0.39136980475313965   0.24814113788055905
3049.06   84   -0.39136951169821704   0.21582508798906774
3089.12   85   -0.3913693434072375   0.25935204447984955
3115.39   86   -0.39136932003465813   0.21394614001080722
3141.59   87   -0.3913692030886856   0.009938609284912558
3159.19   88   -0.39136923711739807   0.19744583737352403
3176.16   89   -0.39136923146393765   0.009938308074070472
3197.39   90   -0.39136924157379294   0.2230480411245584
3256.56   91   -0.3913829013862206   0.24960601063168641
3314.48   92   -0.39138271883724657   0.2767751662254878
3327.04   93   -0.39141730204974384   0.011496044715041785
3349.91   94   -0.39158139658697355   0.23886510919177936
3427.47   95   -0.3915813108635945   0.2523159473119739
3489.46   96   -0.39158126983350927   0.22058154780881184
3506.88   97   -0.3915813441436258   0.23427424581502682
3523.28   98   -0.39158133263498207   0.25918131560566504
3549.67   99   -0.391587736968103   0.022146830835051718
3602.01   100   -0.3916207423060523   0.21732843504249366
0.0   0   -0.3916207423052481   0.25008835520608863
114.1   1   -0.391620565596123   0.023403736390224632
157.97   2   -0.39194134315485535   0.0101879009898892
174.15   3   -0.391991748049996   0.3002878423328371
205.92   4   -0.39212024890322095   0.23450775612013156
239.9   5   -0.39212568953250515   0.006979167428633914
277.13   6   -0.3923198892512817   0.28198957108062916
385.19   7   -0.3923195401955764   0.2197973559552474
463.38   8   -0.3923193700767743   0.016038604022470794
473.0   9   -0.3923343956391702   0.22239644599055303
599.76   10   -0.39233415299790114   0.324045389025294
637.97   11   -0.39233382684394247   0.014693436805155934
659.33   12   -0.3923352021060108   0.22519885163183098
669.68   13   -0.3923364172169589   0.2509677036954054
685.03   14   -0.3923362518498962   0.014939025210068704
704.67   15   -0.3923363033848638   0.1765249508944014
713.83   16   -0.3923362928636448   0.22295123705649336
723.41   17   -0.3923361503459287   0.2240019540674593
741.82   18   -0.39233598309282536   0.2332787421406875
767.2   19   -0.39233580305503946   0.33253839671975466
791.12   20   -0.3923402601206179   0.19164534477002254
825.32   21   -0.3923399166090765   0.220517472957177
849.19   22   -0.3923398531370436   0.014465840228910487
864.06   23   -0.3923400701024924   0.21669101292784587
909.34   24   -0.39242673330868216   0.23114175950272983
1012.17   25   -0.39242638143836517   0.3129599645140531
1061.27   26   -0.39242625252619195   0.2296832315164177
1098.04   27   -0.3924260653530607   0.2324232857620495
1118.19   28   -0.3924260215803688   0.24767942146607613
1146.15   29   -0.39242584360582444   0.213488618614087
1222.47   30   -0.39242552902132866   0.21645604435968493
1237.34   31   -0.39242552901852634   0.2465521415521518
