0.0   0   -0.28170763824980005   0.011464717356248915
118.94   1   -0.298687741944233   0.03834900765705338
194.76   2   -0.30780865462996615   0.04265186772598709
276.44   3   -0.3194799404215157   0.051367489457315466
355.16   4   -0.339378438624102   0.0647668148362002
466.76   5   -0.3601179144411475   0.03226273048069048
570.71   6   -0.37074539525068023   0.02253768429127817
670.7   7   -0.38299924930277723   0.02332714825420716
733.44   8   -0.3873981685200205   0.011845232981445323
824.16   9   -0.3886161069759356   0.004755438112575676
915.49   10   -0.38900453957117903   0.006493353118058897
1007.72   11   -0.3893877095570522   0.003113793005011824
1098.04   12   -0.38958602964333966   0.0032758035646572375
1211.47   13   -0.38971733068117465   0.0021400120495477367
1330.25   14   -0.39000366597920283   0.004153462462722874
1412.99   15   -0.39069499734084484   0.005357612318839763
1501.03   16   -0.3912743276355233   0.006578820776621985
1558.64   17   -0.392171836649049   0.005954593116872109
1639.44   18   -0.39310201848764503   0.005938939333546527
1722.29   19   -0.3944062416793787   0.009472103932142772
1776.9   20   -0.3955103275946684   0.004786529281877202
1827.8   21   -0.39600217203901367   0.004010427323226869
1911.56   22   -0.396249042247801   0.0022711279818090017
1991.95   23   -0.39642633853136455   0.002144346048359982
2068.24   24   -0.3964961377926476   0.0010516261505398214
2148.52   25   -0.39653733180541734   0.0011717692398332394
2225.76   26   -0.396604468007002   0.0008440420930609522
2306.68   27   -0.39664388761009894   0.001262349821785097
2411.55   28   -0.39673407352822493   0.0016882563357552068
2498.29   29   -0.39684829147323986   0.0017775034842273372
2580.41   30   -0.3969364203459349   0.0018130895508517585
2670.51   31   -0.39708753064553726   0.0029348073178546846
2759.91   32   -0.3972889641476391   0.0033685490447541854
2851.68   33   -0.3974159228588952   0.001539442644120564
2912.21   34   -0.3975804842828297   0.0017573528861452368
3000.15   35   -0.3977429765707522   0.002669018559805436
3083.27   36   -0.3978533936871627   0.002003166705381085
3165.98   37   -0.39790350052819523   0.0014246659086784037
3247.81   38   -0.3980350183474309   0.0016061876420152485
3329.99   39   -0.3981851316020183   0.0014886547522338785
3387.43   40   -0.39826227212848453   0.0016181721779426996
3471.84   41   -0.3983288590349937   0.0013507077107917573
3565.07   42   -0.39843188240238603   0.0009419655680022027
3623.42   43   -0.3984909075185664   0.0010746055228369436
3713.34   44   -0.3985438119082124   0.0010706122355655168
3809.42   45   -0.3985987632291096   0.001169742245857799
3903.3   46   -0.3986327638065271   0.0008812307577405414
3993.5   47   -0.39866552544607314   0.0011437798269953823
4085.72   48   -0.39869951623886674   0.0007525965224940268
4178.14   49   -0.39871811670552054   0.0006195492652434227
4269.51   50   -0.39874018222348634   0.0006943669534744759
4359.19   51   -0.3987595816620806   0.0007738241594130059
4455.48   52   -0.3987808114479642   0.0008531607822338421
4552.9   53   -0.3987999730721951   0.000446495914206246
4650.73   54   -0.3988113897253962   0.0007356768312499742
4746.99   55   -0.39882812611099056   0.0006134499575258018
4846.75   56   -0.3988423755987742   0.0005633524714067167
4946.47   57   -0.3988553774932154   0.0005594956562093807
5042.55   58   -0.3988727899397921   0.00038040994752498394
5137.13   59   -0.39888426000250615   0.00040882018704967453
5231.84   60   -0.39889737530959946   0.00040165040597270606
5328.37   61   -0.3989099950972147   0.00037339109144450116
5390.22   62   -0.39891594306833444   0.00048547153135204164
5484.34   63   -0.39892525535413514   0.00029356103023682006
5576.85   64   -0.3989354490087368   0.00041073588308813687
5638.47   65   -0.39893980123578376   0.00033479203805518394
5732.53   66   -0.3989455117310686   0.00028523047539650355
5820.37   67   -0.39895442488801863   0.0003759474212699397
5876.45   68   -0.3989580775101714   0.0002906607092173845
5959.86   69   -0.39896456886932147   0.0002680182039286431
6048.16   70   -0.3989685733319662   0.0003245950310448396
6137.06   71   -0.39897159201469934   0.00022708565138882412
6231.14   72   -0.39897572112979035   0.0004190278974230946
6324.13   73   -0.3989791122571351   0.0003555302896231085
6413.42   74   -0.3989829440462519   0.000399231454521078
6503.18   75   -0.39898932169508083   0.00033588723489187927
6593.56   76   -0.3989959117751861   0.00031238289633459297
6686.14   77   -0.3990014630426482   0.00034177979891077885
6773.24   78   -0.3990058596768392   0.0003774866674949419
6850.77   79   -0.39901376721262316   0.00041659412271978816
6931.51   80   -0.3990181108995017   0.0002988214345341826
7012.37   81   -0.3990235577737736   0.00027780274552964676
7093.77   82   -0.3990301354956857   0.00027843404179775307
7178.79   83   -0.3990372396289828   0.00042572688627853117
7235.11   84   -0.399041167256868   0.0003290076365643176
7326.5   85   -0.39904691060035863   0.00025548226000232047
7422.24   86   -0.39905416892665646   0.0002925592731449337
7518.11   87   -0.3990620288340411   0.0003261764356852412
7573.74   88   -0.3990682157106929   0.0004128421619434323
7659.74   89   -0.3990773613098552   0.000506598347786651
7722.77   90   -0.39908302982355504   0.10628988725945418
7883.08   91   -0.3990830634334558   0.0004138147783206514
7964.48   92   -0.39908392483201105   0.00035195373951827345
8022.82   93   -0.3990849046310509   0.0004580825316103276
8086.22   94   -0.399090484252269   0.00034977983178342473
8184.56   95   -0.3990936594517359   0.0004190296266545482
8276.36   96   -0.3990973782677445   0.00028438340538308884
8359.28   97   -0.3991039735044609   0.00028740171774143823
8442.47   98   -0.3991087329023484   0.00026127944476307473
8529.02   99   -0.3991126909074744   0.00028972807122616445
8618.91   100   -0.39911602350112296   0.00026171970649322654
