0.0   0   -0.35178586866632516   0.012088870181679652
15.2   1   -0.35197020815301694   0.0062230757753102255
27.78   2   -0.3521981639601127   0.39345511962960755
72.43   3   -0.3521979093669933   0.005455015529311561
84.44   4   -0.35219805667828663   0.005306797707272071
93.07   5   -0.35220799172805567   0.0073681206234417745
101.05   6   -0.3522776259590852   0.005492313606900906
113.24   7   -0.3523490682745405   0.006540953251086282
135.79   8   -0.352422374658308   0.0033918803540605173
262.29   9   -0.35242735651250057   0.3821392392683775
397.58   10   -0.35242735567669115   0.2908009558322476
587.58   11   -0.35242728261667067   0.005867293095008282
599.33   12   -0.3524533322765851   0.0038823056017658927
620.36   13   -0.3524764393339441   0.004184168680385139
629.04   14   -0.3524921421354382   0.002669168252888396
645.95   15   -0.35249817335554867   0.39865607657935376
685.85   16   -0.3525127091187489   0.0031247530025395108
702.08   17   -0.35251662629916997   0.0021916886579088153
728.88   18   -0.3525201189308463   0.3776090964505012
771.43   19   -0.35252286747737266   0.3829711469916765
822.99   20   -0.35252259305305134   0.37019303480210486
885.73   21   -0.3525222847347077   0.0018583599026793039
898.96   22   -0.3525231579758502   0.001701031953510215
911.49   23   -0.35252669683103655   0.3017324874782456
940.73   24   -0.3525266358321416   0.0018938453559036539
949.53   25   -0.35252668286299604   0.38399997773758004
961.58   26   -0.35252693375335725   0.0017570744523081128
978.71   27   -0.35252820626002584   0.0021465193371966217
988.1   28   -0.3525345211622877   0.37475783216672387
1030.3   29   -0.3525341973416445   0.002610022379697833
1038.53   30   -0.35253485512494054   0.0025370395160475637
1047.27   31   -0.35253599553505754   0.0021563419626219834
1055.58   32   -0.352537132764478   0.0026560358308128362
1072.92   33   -0.3525394319655736   0.0031037529078545884
1085.65   34   -0.35256016595785944   0.32574307109212286
1122.44   35   -0.3525600027838616   0.0028852990721270717
1146.84   36   -0.3525605482703168   0.0030896220870871884
1156.39   37   -0.3525606479312303   0.003002322971721749
1168.92   38   -0.35257332862470103   0.00312573179660287
1188.57   39   -0.3525862184820351   0.3880997045139504
1244.28   40   -0.3525858709107673   0.3038592483980198
1296.98   41   -0.3525855523122457   0.003965216767764377
1314.22   42   -0.3525921050847741   0.34453178999385115
1326.98   43   -0.35259228485477084   0.3210438822450265
1348.58   44   -0.3525920618479536   0.30718960300069736
1393.77   45   -0.3525917588583277   0.002947626326451627
1418.19   46   -0.3525920468714715   0.003397428684063024
1437.5   47   -0.3525928769655214   0.003226776072179668
1458.76   48   -0.3525935416731042   0.0031676312193563987
1467.96   49   -0.352593613718491   0.003161015016052458
1477.17   50   -0.35259385019529876   0.0034850644146074464
1487.13   51   -0.352596344483704   0.0033357751195027046
1496.03   52   -0.35260546949513333   0.004424088610934212
1508.92   53   -0.35262360050171354   0.3683071704096236
1543.85   54   -0.3526235280999144   0.3543011607374753
1555.86   55   -0.3526261109556531   0.004719863592356045
1563.88   56   -0.3526277090425938   0.004495552429142037
1573.21   57   -0.35262890865655383   0.004719413168478499
1590.49   58   -0.35265688402073336   0.0033520263441953013
1599.34   59   -0.35266178487283956   0.2997335082856004
1607.61   60   -0.35266260444455655   0.002011468035782588
1619.96   61   -0.35266439079487666   0.0022045533876554613
1629.01   62   -0.3526649328038885   0.0021986553068308145
1637.98   63   -0.35266607086774826   0.0024540183598571385
1649.18   64   -0.35267197821464097   0.002235777273140763
1657.3   65   -0.35268567458950884   0.0026728014718133543
1687.44   66   -0.3527176307630615   0.0037733860017852457
1700.33   67   -0.35280429262053864   0.002492359455199048
1713.76   68   -0.3528671237943198   0.0020237303529532097
1727.03   69   -0.3529275649287571   0.002916820798410229
1740.44   70   -0.3529803603222116   0.004386065585477395
1754.09   71   -0.3530595227405088   0.004534326107689769
1768.48   72   -0.353137795520354   0.0033293430405451963
1781.96   73   -0.3531658561972779   0.0016698125324171823
1791.07   74   -0.3531773304764471   0.001953594711336101
1805.3   75   -0.35318866180021996   0.002257746810059685
1819.87   76   -0.353207086582624   0.001539419317574962
1833.96   77   -0.35323649281049474   0.0018820566369468802
1847.5   78   -0.3532567890945033   0.0017793341723470496
1862.03   79   -0.35327525576460056   0.0020787731284102025
1932.79   80   -0.3532753681460519   0.00216947328467832
1946.42   81   -0.35329886414300965   0.0020245190947553392
1960.69   82   -0.35332954030638786   0.0022120344922517735
1974.58   83   -0.3533539521645921   0.0028018906582218655
1987.83   84   -0.353374151987939   0.0015899414535578606
2002.56   85   -0.35340151888773597   0.0024416903180162213
2017.32   86   -0.3534485017961422   0.001763417633467833
2031.69   87   -0.3534913160248308   0.0021774861301050922
2045.81   88   -0.35355172000725177   0.0026129935953180475
2061.52   89   -0.3536215944778178   0.0028971112820834013
2071.16   90   -0.35365623695911763   0.003624474941946726
2080.1   91   -0.35368496659567605   0.0021677243907390897
2089.52   92   -0.3537051571071638   0.0026954887352187446
2103.86   93   -0.35374148827704033   0.0019469826510171203
2118.6   94   -0.353768287507058   0.0023286530263297712
2127.87   95   -0.3537819180586783   0.0027768788230498453
2142.07   96   -0.3537997775533541   0.0014222548835193108
2157.52   97   -0.3538228307257919   0.0015462440322980716
2172.76   98   -0.35384329037843915   0.0020271446205198094
2186.11   99   -0.35386972303242026   0.002660619659075867
2200.78   100   -0.35388667754062486   0.002024749093457996
0.0   0   -0.3538866771733851   0.31104768396869015
403.6   1   -0.35388662124611264   0.2797598404291093
609.37   2   -0.35388630655444925   0.29810457936602647
811.69   3   -0.35388596411127793   0.33619687227991646
879.65   4   -0.35388587518091696   0.28010269003474725
1024.82   5   -0.35388557919733155   0.3179024852955514
1085.61   6   -0.3538852311476116   0.2903011698301439
1167.2   7   -0.3538850316410026   0.36520128293793974
1274.29   8   -0.3538849828492722   0.3044159976096821
1421.51   9   -0.3538848372766519   0.25965599735924294
1448.73   10   -0.35388511504564196   0.31113832005857467
1525.27   11   -0.35388484404247456   0.32056590484198466
1560.36   12   -0.3538850178700367   0.30964600119361
1594.7   13   -0.35388613116380807   0.22750087407601516
1623.44   14   -0.35388604918655797   0.0027288732495674398
1730.55   15   -0.3538860491625924   0.2860814707441134
1758.67   16   -0.35388605514468857   0.31953652198249916
2002.85   17   -0.35388570129594094   0.3104170604717383
2040.41   18   -0.3538854576198222   0.2685336030245759
2064.81   19   -0.35388535007670785   0.26055457555378403
2092.88   20   -0.35388522845599546   0.2436792818352476
2169.73   21   -0.353884940913851   0.3262608465606147
2182.26   22   -0.3538848308075987   0.3160924421256462
2194.82   23   -0.35388458062186906   0.26640513212139855
2235.52   24   -0.35388432714264656   0.3124667977035339
2260.28   25   -0.3538842003871206   0.2867641843725618
2287.02   26   -0.35388423697417576   0.30568904471066183
2319.35   27   -0.35388395211232293   0.2867896269740415
2370.34   28   -0.35388360308589517   0.3063726601128964
2394.58   29   -0.35388346932357956   0.2816297843665276
2413.27   30   -0.3538834693956728   0.32650216988521574
