0.0   0   -0.16256873518204337   0.010283303803199225
366.01   1   -0.16495370543656007   0.008517152460495041
1057.59   2   -0.2097067254073111   0.02858683328860496
1587.36   3   -0.21257686464406267   0.024376407111508024
2069.45   4   -0.24779610453892004   0.029210790151983506
2372.72   5   -0.2559692005621969   0.02149336212558657
3015.96   6   -0.267905058178308   0.07813420632824343
3498.24   7   -0.30124234391151433   0.0395496896687349
3929.95   8   -0.31641726664965375   0.031594330147043034
4419.92   9   -0.3344058844515185   0.017835250306001568
4869.64   10   -0.3401209693599653   0.012001840733938167
5299.23   11   -0.34421947091098537   0.010763998525716582
5620.39   12   -0.3479077587960752   0.010181808363549127
6105.53   13   -0.3497776373692759   0.006909406154892802
6634.52   14   -0.35043452213523346   0.0035754099837973486
7136.62   15   -0.35113248011682696   0.004386284595682831
7647.94   16   -0.35163959272709827   0.0019504004856535939
8148.45   17   -0.351767610333229   0.000978363665533656
8625.88   18   -0.3518179345874591   0.001678155405115908
9081.14   19   -0.35194664313562857   0.0013180045203057878
9522.96   20   -0.3520779679611089   0.0012075068155851208
9969.32   21   -0.3521959521118026   0.0015159744756030639
10440.5   22   -0.35250729787717827   0.0017923077010204786
10965.94   23   -0.3527731484855859   0.0014384764884424431
11451.65   24   -0.3530317822560934   0.002378815693958294
11775.18   25   -0.3532677504119584   0.002063987945463598
12107.81   26   -0.35343881265116633   0.0014522121507826032
12593.19   27   -0.3535415623789831   0.0010057686678950613
13089.22   28   -0.3536487612465422   0.0009329197238996069
13572.74   29   -0.353745418842209   0.0010017450879284944
14057.93   30   -0.3539569218510534   0.0018478778364718756
14531.15   31   -0.3541701910537353   0.0018694949726095675
14833.15   32   -0.35428139346228815   0.0012196612856926483
15305.03   33   -0.3544124516223446   0.0019713654287169284
15792.03   34   -0.35456164310021987   0.0018443997878881382
16109.03   35   -0.35467225220146964   0.001271802574152726
16605.21   36   -0.35477487057648216   0.001237095201191131
17180.49   37   -0.35498273373706407   0.0015835520882124898
17487.04   38   -0.3550651122519682   0.0010336937441200204
17996.61   39   -0.3551328485191075   0.0011692579102446788
18342.36   40   -0.35521647938427825   0.001985846875266588
18680.84   41   -0.35531340516115795   0.001150468809387828
19183.72   42   -0.3553765544565977   0.0010531959195531468
19704.2   43   -0.3554649166352024   0.000994070099310218
20222.14   44   -0.3555716220033643   0.0012966675451347627
20566.81   45   -0.35562896562035445   0.0013491772896710133
21076.52   46   -0.35568507899615365   0.001379509369849471
21577.16   47   -0.3557697608615495   0.0010036956356347907
21908.1   48   -0.35582260433085844   0.0010076499280742418
22414.22   49   -0.3558672531920627   0.0008582276791845741
22932.98   50   -0.35591735198739716   0.001119186887692923
23440.9   51   -0.35598042988872836   0.0011059430502267191
23951.17   52   -0.35602412888377083   0.0008445206534322426
24467.76   53   -0.35605061090075574   0.0007515429667406937
24884.89   54   -0.3560663847398695   0.000800388028303781
25342.58   55   -0.35608926601349117   0.0005733628847382861
25789.17   56   -0.3561111719734374   0.0005227581930890934
26320.81   57   -0.35613361203894955   0.0005402040350112381
26836.02   58   -0.35615827912422227   0.0006213087863982108
27318.62   59   -0.35619201759659047   0.0006885638220458629
27803.98   60   -0.35621751373133126   0.0007362312940791721
28212.66   61   -0.3562456656477807   0.0009495758075536505
28650.08   62   -0.35627416184312477   0.0009601319499792696
29100.33   63   -0.35629893406359164   0.0010138610935416202
29562.88   64   -0.3563376598493093   0.0006322613970634518
30022.77   65   -0.3563769444936986   0.0006385248165201945
30347.77   66   -0.3564003042922035   0.0008612593619413903
30820.33   67   -0.35641948724525135   0.0004924202924846195
31270.4   68   -0.3564476911680944   0.0006251241250661142
31389.66   69   -0.3564732268785031   0.000512376383694131
31447.0   70   -0.35648877580857896   0.0005079181929849491
31532.53   71   -0.3565101152721573   0.0006720308164738353
31614.1   72   -0.35653118064024786   0.0007733601587962874
31700.34   73   -0.3565522008633005   0.0005433797833630675
31774.91   74   -0.3565698066174052   0.0004941695935279596
31852.82   75   -0.35658556648784795   0.0007266250551430571
31903.53   76   -0.3565956920488247   0.0005308367562002793
31985.67   77   -0.35660628583747683   0.0006091926823689361
32059.27   78   -0.35662718326347814   0.0004315419869711354
32144.24   79   -0.3566404675506898   0.0006903117664628696
32234.83   80   -0.3566537236175008   0.00041763795141341474
32320.74   81   -0.356664215932441   0.0005327775428317626
32394.2   82   -0.3566731320950842   0.0004887569814777907
32462.87   83   -0.35668231604338746   0.0004843374480132163
32528.59   84   -0.3566912098743793   0.0004912624573962191
32594.84   85   -0.3566989035067894   0.0004960505506199656
32658.58   86   -0.35670803320368827   0.0003055966875676102
32721.32   87   -0.3567226745324433   0.00026455623764545273
32786.82   88   -0.35673526364502645   0.00035491215991846273
32827.51   89   -0.3567429047370124   0.0006791585545527493
32898.58   90   -0.35674898578595243   0.0003374162577066907
32970.55   91   -0.3567561971361977   0.0004099916231777571
33031.82   92   -0.35676477342286955   0.0002731069608797926
33094.79   93   -0.35677170497360994   0.00040015979545958137
33156.62   94   -0.35677808135693034   0.0002471988463686017
33216.46   95   -0.3567864700418609   0.0004428655975060281
33277.96   96   -0.35679691241847056   0.0002497572962537534
33339.18   97   -0.3568042924714926   0.00032558722302879347
33382.67   98   -0.3568080774893658   0.0004163595349923556
33447.06   99   -0.3568129527913252   0.0002981376535558426
33512.64   100   -0.3568189258303589   0.00035829676613199647
