0.0   0   -0.24724808011954516   0.02812423305759083
21.68   1   -0.27325967131247336   0.017040379555219795
76.29   2   -0.3386768021394707   0.03753455703617014
99.36   3   -0.3599077988850113   0.011849023352065844
134.86   4   -0.3628601764589955   0.006227203302740696
159.34   5   -0.3643797990870812   0.00485785196452157
197.59   6   -0.3660237496679661   0.0025918492267137635
234.56   7   -0.3667702432941254   0.0018424907541168046
273.21   8   -0.3673038875406922   0.0027081981820786757
325.95   9   -0.3689538129087139   0.005142478291609366
351.33   10   -0.37002542607477595   0.007337896260126674
377.78   11   -0.3712876763893999   0.006618855996178118
416.64   12   -0.373073217567456   0.0050178780983685615
455.1   13   -0.3744490099995472   0.003074675229393583
493.01   14   -0.3752278970981679   0.001126898923817842
532.27   15   -0.37549338138632343   0.0008532031647452035
570.94   16   -0.3757223240753464   0.0005646312463458744
609.75   17   -0.37579213462549965   0.00057724188964856
649.66   18   -0.3758521966082419   0.00041763673349261483
689.62   19   -0.37587165991346777   0.00026596431686114793
727.94   20   -0.3758797295705437   0.00015263026638995833
767.68   21   -0.375888075840911   0.00021529605326292835
807.2   22   -0.3758988765959833   6.7957304153794e-5
844.58   23   -0.375901726018271   7.387345098611064e-5
870.18   24   -0.3759024989620539   4.409275566827696e-5
909.15   25   -0.37590355579851226   4.703214302339867e-5
947.63   26   -0.3759060243054975   8.085998470293683e-5
973.37   27   -0.3759067750290115   3.485511435601297e-5
1013.42   28   -0.37590766588660596   0.00010368060787623279
1053.27   29   -0.3759085614369031   5.551673892559278e-5
1091.01   30   -0.375909126622909   4.573038408358472e-5
1144.53   31   -0.37591474268238484   0.000121654238875138
1170.93   32   -0.37591757796591957   7.924014965786025e-5
1208.76   33   -0.37592190009285703   0.00010562319958128203
1246.9   34   -0.3759260876191214   9.24161523300597e-5
1286.13   35   -0.37593434586466157   8.969314551923835e-5
1324.8   36   -0.375940735216747   7.53690631257666e-5
1350.98   37   -0.3759468428734031   8.958946150507434e-5
1377.61   38   -0.3759494323755509   6.399904018574467e-5
1417.86   39   -0.3759510564094884   7.059220532724341e-5
1456.36   40   -0.3759540764179027   0.0001664402772680373
1495.11   41   -0.3759572343517332   0.00012738110464168662
1522.39   42   -0.3759588821137311   9.152020710926902e-5
1563.87   43   -0.37596004384406306   6.376899984616897e-5
1603.59   44   -0.3759648156540163   9.581762163521975e-5
1631.09   45   -0.3759672298139341   0.0001028096059201565
1672.54   46   -0.37596906805506786   5.778254199127553e-5
1711.83   47   -0.3759706630122508   4.4381979476261444e-5
1752.43   48   -0.37597177150523103   7.106965566543199e-5
1794.17   49   -0.37597248434238795   6.096406615521649e-5
1821.52   50   -0.37597274070902365   3.6522860965135e-5
1860.79   51   -0.375973026664813   3.555314911115344e-5

0.0   0   -0.2472480884106088   0.028125642818260105
9.09   1   -0.2732599070253852   0.01705154153599902
29.2   2   -0.33878624581748323   0.03742553517175019
37.83   3   -0.35992234573600806   0.011844492701688391
48.79   4   -0.3628566750983093   0.006224693811160726
55.2   5   -0.3643792617892064   0.0048575032228224575
65.38   6   -0.36602361521219173   0.0025839235855904877
75.35   7   -0.3667706379474204   0.001850573623397041
84.32   8   -0.36730314440755796   0.0027585408000109163
97.76   9   -0.3689049176356365   0.005268349408800349
104.74   10   -0.37005754883757874   0.0076528560463771655
111.28   11   -0.3713598127549048   0.006470774114133023
121.76   12   -0.3729110051142039   0.004631914737653181
133.89   13   -0.3742857471222179   0.0033532056984168883
145.93   14   -0.3752076064824577   0.0012533328386882224
156.4   15   -0.375420484616352   0.0008395765703157254
168.68   16   -0.37566064783270015   0.0005823579943948948
179.8   17   -0.37579032188384315   0.000691966522780124
190.44   18   -0.3758441418210822   0.0003315408824584895
200.27   19   -0.37587075277274445   0.00024570430614719046
210.12   20   -0.3758819043451837   0.00040268410867946093
220.12   21   -0.3758837837445509   0.00017599518208116365
368.77   22   -0.3758834078736624   0.0012742973031698943
0.0   0   -0.24724808011953084   0.028124410605832505
18.94   1   -0.27325969388373283   0.01704039930121106
47.2   2   -0.3372669395249686   0.023027617376756168
62.43   3   -0.3473464340603063   0.02277397665791056
76.18   4   -0.36138499867474616   0.010518146811927712
96.61   5   -0.3639386527805307   0.0049390655785668015
117.65   6   -0.36491421809022523   0.0042750419859581175
138.03   7   -0.3661142515052171   0.001856968105355677
158.05   8   -0.36663195738652343   0.0025449418035318645
178.23   9   -0.366965452591883   0.0016114460099015044
205.32   10   -0.3675591112339716   0.002333334605779517
226.99   11   -0.3688691273948399   0.003917049135957215
240.3   12   -0.36993484446791725   0.004271747410310011
262.49   13   -0.3721512913055509   0.004646284260637698
283.82   14   -0.374361968598807   0.002885030905642715
305.49   15   -0.37530585687589385   0.002071582066358927
327.35   16   -0.37558517212488746   0.0006981295266622477
341.73   17   -0.37564550034754446   0.0010021576392114588
363.52   18   -0.3757707605476288   0.0006425975804563497
385.32   19   -0.37582756454725647   0.000503778025799449
406.85   20   -0.37584891256561487   0.0002743888322894553
427.23   21   -0.37587145797011046   0.0002111422027763838
447.92   22   -0.37589162103867046   0.00040778312265894067
469.92   23   -0.375891492812989   0.0002962683239145161
491.99   24   -0.37589364708221   0.00015669096428367547
513.58   25   -0.37589736602543844   9.649151451780099e-5
533.9   26   -0.3759002280934677   0.00011251609120609314
555.49   27   -0.37590232401424756   8.440800232475444e-5
575.21   28   -0.3759038597885094   0.00012221006607505635
596.99   29   -0.3759050690516773   0.00019396778846877635
929.29   30   -0.37590469314660824   0.00021391688658407783
942.66   31   -0.3759050981524579   0.0001871581828826392
962.74   32   -0.3759089202339743   8.088662479508807e-5
984.17   33   -0.37591037936813615   0.00010950515716875378
1003.97   34   -0.3759113319252239   6.661116217276811e-5
0.0   0   -0.37591133192522497   6.667841640983682e-5
24.95   1   -0.375911461245661   4.045688214789994e-5
51.34   2   -0.37591190589431556   7.772179566100529e-5
71.29   3   -0.3759123133843025   8.791995717017198e-5
97.0   4   -0.37591388323921116   6.874092050849866e-5
