0.0   0   -0.35000925458033355   9.611006480014957e-8
0.0   0   -0.3500092545792994   NaN
0.0   0   -0.3500092545793081   NaN
0.0   0   -0.25099463790468085   0.002731665833663801
0.0   0   -0.3500092544816825   0.03463763826972323
96.65   1   -0.35000925157902285   7.131044654226853e-6
398.06   2   -0.35000926117608977   3.349695828255456e-6
888.41   3   -0.3509999352399784   0.011333657156710038
1039.95   4   -0.35100035035260047   0.011212379571641671
1138.87   5   -0.3518035365241232   0.011481758567081632
1238.6   6   -0.3535145515108707   0.012249063648754667
1333.38   7   -0.355465219309093   0.008817520112522017
1435.02   8   -0.35762907440199343   0.0044564428101445406
1600.17   9   -0.3601223686092819   0.00402338177681434
1761.13   10   -0.36177567628503815   0.08908422924878051
1912.4   11   -0.36178367581332815   0.0017879234478274005
2077.98   12   -0.36193351940785035   0.001978648547204684
2183.8   13   -0.3621457362951425   0.0017486627922032707
2287.18   14   -0.36278735000056234   0.004191966318591459
2446.38   15   -0.36364490915892034   0.0018880938351897923
2603.17   16   -0.36410828851458865   0.0013095835795532162
2766.14   17   -0.3646357306627663   0.002520618551877505
2923.3   18   -0.36515215821989516   0.0016995725605082044
3099.0   19   -0.36542701689075746   0.0010136120274009367
3252.26   20   -0.36558728132907997   0.000920680722216224
3430.19   21   -0.36569526493357857   0.0013329652025512516
3587.19   22   -0.3659590680789486   0.000892671080271393
3757.03   23   -0.36615491740310074   0.000690910457920885
3936.06   24   -0.3663460473960319   0.0005611706007058525
0.0   0   -0.3663460474052038   0.000561184470701628
264.58   1   -0.3663847516595184   0.0008093377666349333
417.45   2   -0.3664516177695342   0.0009469920267149004
535.09   3   -0.3664721742854569   0.0004983770170321006
0.0   0   -0.36647217163346557   0.00047930907119087457
