0.0   0   -0.37586852904829426   0.00034633557405971445
15.81   1   -0.37587489210077957   0.0002394682772065398
34.97   2   -0.3758795070067177   0.0002678955291403073
52.55   3   -0.37588367353767793   0.00017257004030277775
76.56   4   -0.37588848308913647   0.00018194731114646006
93.48   5   -0.3758914920509567   0.00012584274258596568
105.74   6   -0.3758932096217593   0.00016012930009072198
118.33   7   -0.3758972694412312   0.00011592401809060174
130.73   8   -0.3759002155505882   0.00015153680330729717
144.81   9   -0.3759023613715905   0.00016880233596162526
163.18   10   -0.37590499002187655   0.00010225848643795672
175.84   11   -0.3759067176542048   8.51066289056559e-5
188.83   12   -0.37590859846272195   4.705351221630943e-5
203.8   13   -0.3759102831042821   7.852604894452637e-5
217.06   14   -0.37591362479986584   9.843197366891532e-5
234.63   15   -0.37591728919282885   7.964279196158681e-5
250.33   16   -0.37592097685758386   0.00017854341032455935
264.7   17   -0.37592397822557727   8.802331501735973e-5
273.57   18   -0.3759265675231005   8.064310150624711e-5
290.1   19   -0.3759306798369369   9.624205612835711e-5
299.17   20   -0.37593147365385005   0.0001096417238852982
314.15   21   -0.37593709534191533   0.00016686780328903464
326.83   22   -0.3759420811952475   0.00013167774996900852
334.18   23   -0.3759434386577681   0.00013205820962223518
346.33   24   -0.37594544960510573   7.810600511397734e-5
355.97   25   -0.37594554354738524   7.811847242044228e-5
368.33   26   -0.3759534274584408   0.0001455490898856359
377.8   27   -0.3759551475287314   0.00010780890677806492
391.76   28   -0.3759572539333835   5.9493424603046375e-5
403.34   29   -0.375958000803307   4.978585124749615e-5
417.99   30   -0.3759602127604982   0.00017910234144328317
425.66   31   -0.3759618600950676   0.00017447268309805095
440.54   32   -0.3759636209559589   0.00011500662818540416
453.88   33   -0.37596520937237093   0.00012502400916138628
464.95   34   -0.37596644508636257   8.765829635414522e-5
481.41   35   -0.37596779802222735   0.00010740259110002562
498.62   36   -0.37596784345166845   7.583085639565185e-5
512.68   37   -0.3759685502712266   4.575790831009072e-5
529.21   38   -0.3759704890624218   5.6432712379003976e-5
536.59   39   -0.3759712660395501   5.2563397150454035e-5
553.39   40   -0.3759722303321447   2.8751018241508682e-5
570.95   41   -0.37597262805831083   5.011681383112991e-5
588.89   42   -0.3759730676230663   4.2684911943443476e-5
600.9   43   -0.37597393341041846   5.345880571816165e-5
614.76   44   -0.37597430573244534   4.708771580952014e-5
629.78   45   -0.37597478166298204   6.153091904856329e-5
646.73   46   -0.37597474341791876   5.540407174566827e-5
659.28   47   -0.3759753221589595   5.382668801881073e-5
675.25   48   -0.37597566787380504   3.965942666467067e-5
688.12   49   -0.37597568718866237   2.2930654912489527e-5
702.02   50   -0.37597597303604957   3.719510379594269e-5
720.25   51   -0.3759761505330933   3.1233709043054986e-5
727.93   52   -0.37597625307255106   4.72086637192444e-5
737.84   53   -0.37597626516762006   4.506731396624096e-5
744.62   54   -0.3759762052174672   4.983467323229593e-5
761.29   55   -0.37597603158663856   3.631643725731606e-5
781.49   56   -0.3759761546129665   4.9721147283124804e-5
799.89   57   -0.37597593110513194   0.0001031229493725854
811.68   58   -0.37597593149665315   8.145107264186445e-5
822.11   59   -0.37597655067747415   5.145079622369236e-5
835.41   60   -0.3759769634552301   2.5196140652228275e-5
848.98   61   -0.3759768385315131   2.8289911524731698e-5
972.57   62   -0.37597646255467465   5.9612310183561587e-5
988.26   63   -0.37597627971879727   4.1088927203595475e-5
1046.37   64   -0.3759760724568159   0.0011410834834739627
1127.01   65   -0.37597607245318165   0.0011588501640923733
1209.0   66   -0.37597607244939746   0.001118059224499845
0.0   0   -0.37597607244942777   0.00038175042007329606
9.22   1   -0.3759760620155477   0.00014461362672825524
28.89   2   -0.37597633060603153   7.722525187889187e-5
48.92   3   -0.375976402969603   9.671985532851157e-5
63.73   4   -0.37597675445630974   3.554873818406399e-5
75.03   5   -0.37597671167214564   4.7132665664471226e-5
114.67   6   -0.3759764151100512   9.593084467594205e-5
133.57   7   -0.3759770618732595   3.152463191759226e-5
146.57   8   -0.3759770954308906   5.599756518495555e-5
163.82   9   -0.37597725341999344   4.426350409800093e-5
174.43   10   -0.375977180561268   6.450324853894026e-5
190.34   11   -0.3759773276647494   4.468688075524713e-5
205.12   12   -0.37597737409934645   3.829352162423676e-5
220.7   13   -0.37597738982042805   3.473348007204128e-5
236.02   14   -0.3759773518109306   3.4658124430574554e-5
339.72   15   -0.3759769760318912   4.519480715789792e-5
359.41   16   -0.37597746951772937   5.09650507834326e-5
379.87   17   -0.37597723063653404   4.1344795296367244e-5
397.92   18   -0.3759774681373582   3.293427067813161e-5

0.0   0   -0.37591388323921127   6.92111850247831e-5
45.38   1   -0.3759146989387868   7.622387821902199e-5
64.93   2   -0.37591504060371256   9.648427535421304e-5
96.76   3   -0.37591543043257253   5.9861202784400086e-5
126.0   4   -0.3759158213116996   5.46158198164823e-5
152.62   5   -0.3759161971621705   6.119473152607773e-5
188.31   6   -0.3759193491674527   0.00012112683510730871
213.41   7   -0.37592572810668734   0.0001243429829575875
228.47   8   -0.37593197048993726   0.00013178200692792418
249.08   9   -0.3759371273935689   0.00012960760176911724
0.0   0   -0.37593712739278523   0.0001293906986901954
15.16   1   -0.37593775667144524   0.00013072137272075388
23.8   2   -0.3759391986186777   0.00014561384902450533
32.86   3   -0.3759404255864196   0.0001167590325760027
41.97   4   -0.3759418358591556   0.00017202445718465093
52.85   5   -0.3759447685127082   0.00011247000247671467
60.13   6   -0.3759468559139428   0.00010815555112752759
71.24   7   -0.37594820079288055   9.370539854762372e-5
82.43   8   -0.3759492217522595   5.059361363964728e-5
93.58   9   -0.37595046109599806   6.108049820746251e-5
106.17   10   -0.37595245910583674   6.94659238925139e-5
119.4   11   -0.3759530451028092   0.00014294622343279237
133.2   12   -0.3759563340791585   0.00012909898921802733
145.7   13   -0.3759563391940822   7.928134023553533e-5
156.73   14   -0.37595765499195205   6.867688289874122e-5
167.22   15   -0.3759607046149164   7.138464251333916e-5
181.56   16   -0.3759654129233906   0.0003959195253279422
198.21   17   -0.37596541292285174   0.00012492372075460063
210.67   18   -0.3759665320698844   5.37686374015978e-5
229.37   19   -0.3759677657315001   0.00016554595912419685
241.51   20   -0.375969916921204   3.203596065400196e-5
253.08   21   -0.3759702564603927   4.8288267693805906e-5
269.44   22   -0.37597063104996964   0.00010786938058472586
286.61   23   -0.3759713901081493   6.543208297189547e-5
293.08   24   -0.3759718451248412   3.304999074439858e-5
300.63   25   -0.3759720567519066   5.238419216335689e-5
319.9   26   -0.3759721823402292   0.00012020772397641939
328.6   27   -0.3759725628702189   2.2647245460964253e-5
342.06   28   -0.37597257964774   3.3011473007575084e-5
352.19   29   -0.37597261968496887   5.3213252590794696e-5
369.63   30   -0.3759726204853505   0.0004189989132867474
381.85   31   -0.3759727544909992   8.042722088832274e-5
393.4   32   -0.37597329265662743   3.236812130592186e-5
407.37   33   -0.37597372966916315   6.215264573405262e-5
416.38   34   -0.37597368945428217   7.085060587921075e-5
429.54   35   -0.3759739553786328   4.2374522981487785e-5
441.05   36   -0.3759741617195261   3.767686718739667e-5
449.31   37   -0.37597420058419334   3.913522962512521e-5
461.52   38   -0.37597420916496566   3.276555995529979e-5
474.55   39   -0.37597431921913166   6.582760689566555e-5
488.73   40   -0.3759745662516544   6.406238801099742e-5
502.22   41   -0.3759748426131387   4.142864491772687e-5
514.06   42   -0.3759749862514608   3.32017857573512e-5
520.46   43   -0.3759751070609198   5.017179534089297e-5
531.34   44   -0.37597515990928554   4.7158005829543525e-5
561.36   45   -0.3759754698101731   0.00022496161074697305
576.47   46   -0.3759752422469217   0.00014214220602194093
585.85   47   -0.37597586665720417   3.451205095304649e-5
595.63   48   -0.37597605682439716   2.3133403885443424e-5
607.56   49   -0.3759760969449707   4.8637655070017655e-5
616.93   50   -0.3759761313027109   5.307216344123569e-5
628.87   51   -0.3759761573659869   5.325946651721657e-5
638.48   52   -0.3759761665015846   5.4805178886338456e-5
646.9   53   -0.3759764791356617   3.1304575605323094e-5
662.85   54   -0.3759765282379789   3.8364717633600955e-5
678.72   55   -0.37597686091633475   2.653085884345241e-5
692.12   56   -0.37597657479776336   4.622657848598275e-5
700.59   57   -0.37597654014642506   3.139033195321809e-5
716.03   58   -0.37597665167938443   5.250679696804458e-5
734.32   59   -0.3759765197677789   5.367975940529659e-5
753.13   60   -0.3759764632719256   3.5087492591461806e-5
770.34   61   -0.37597644870918295   4.808508997113354e-5
785.77   62   -0.37597656531167006   2.6293557283283455e-5
800.51   63   -0.375976255522018   3.615067007332209e-5
812.66   64   -0.3759768228586241   3.210197329192783e-5
826.85   65   -0.3759765854164723   8.126645355275796e-5
851.72   66   -0.3759764507352288   8.209720953884078e-5
866.52   67   -0.37597620183604596   2.9263838814054302e-5
878.17   68   -0.37597664926080154   4.3836276831420395e-5
894.11   69   -0.37597690298891945   4.0075268659322746e-5
911.8   70   -0.3759772203223974   2.0292137211022988e-5
923.26   71   -0.37597708506712046   3.545521718875348e-5
984.32   72   -0.3759767818355496   5.2117666545762665e-5
994.94   73   -0.3759765266113944   4.156128412345854e-5
