0.0   0   -0.270048663350098   0.02157439746849414
82.15   1   -0.2835871430113008   0.04302660937741028
151.07   2   -0.3108935168222306   0.0077164638633705224
178.23   3   -0.31233948652801946   0.0016815901469409427
204.89   4   -0.31242224852638956   0.0005078083018646116
226.74   5   -0.31245710320219666   0.0014970897356884599
264.47   6   -0.31292739313657525   0.0017223287254472773
392.79   7   -0.3130227505935537   0.0022929065627649344
461.22   8   -0.31315050628687524   0.0030285908099052378
518.98   9   -0.31328097930342125   0.0038292678747947687
613.24   10   -0.31355768361163117   0.005063570566659093
736.89   11   -0.31444127578642317   0.006561618554583073
868.65   12   -0.31570446115061435   0.003991621639026212
1020.39   13   -0.316851163939097   0.0034551728759065845
1193.78   14   -0.3173256722177968   0.001079120460863049
1233.24   15   -0.3173853217944917   0.001292022403079485
1355.45   16   -0.3177303152685503   0.0016343150339506963
1418.02   17   -0.31834312891500927   0.003462812313827644
1466.11   18   -0.3184749071111447   0.003937716715625376
1540.1   19   -0.3186868783558131   0.004275843436809902
1769.8   20   -0.31923300647439984   0.004491163283446139
1964.9   21   -0.32007384274679795   0.006607863921997605
2209.67   22   -0.3220267414456216   0.009520074277468971
2367.04   23   -0.32465801853284953   0.009960411487296166
2549.26   24   -0.32662106212892494   0.008427969327859903
2724.7   25   -0.3280546336240111   0.007211950076947627
3008.04   26   -0.33039165991779695   0.007260441444580262
3076.22   27   -0.3324264441231742   0.008805062653882716
3121.65   28   -0.3339514403972099   0.010579052507821023
3173.79   29   -0.3354936842471533   0.007824883635152175
3235.06   30   -0.33635323395173466   0.0031751802865241747
3308.83   31   -0.3366612461343438   0.002628896416797425
3446.9   32   -0.33701506019707816   0.0024536369425854116
3620.86   33   -0.3374497701713811   0.0019414430931076329
3831.74   34   -0.33773730241753497   0.0016541765224486636
0.0   0   -0.3377373072121658   0.001654151618901804
188.85   1   -0.3378206356978713   0.002848487273603719
352.27   2   -0.3379359547753031   0.002246710823735884
600.89   3   -0.33814863916088134   0.0016861395638479654
891.64   4   -0.3390590153274236   0.0033758385850216188
1052.69   5   -0.3399595480679003   0.004561672454378059
1321.81   6   -0.3420112406233178   0.006293735304320912
1512.15   7   -0.34420217809241616   0.009443480534005459
1821.03   8   -0.3467523221018294   1096.2854721893948
0.0   0   -0.3467523466038647   0.24011902554655756
0.0   0   -0.6935046809956946   0.006625422801553787
522.5   1   -0.6952892529914394   0.00822400945376903
2228.4   2   -0.6959782855997336   0.008466202588200945
2291.17   3   -0.6968945868819458   0.0030490381797450795
0.0   0   -0.34844729344023184   0.0015245153779740012
94.32   1   -0.3485418930181958   0.0012726853005950705
198.18   2   -0.34875519284511947   0.0019099859537957517
289.18   3   -0.34909519928928734   0.0028737456729821184
339.46   4   -0.3493023489732259   0.0008163891382278032
445.96   5   -0.3493940183140307   0.0008766720988010921
569.02   6   -0.34943433877185354   0.000641698303607188
684.21   7   -0.349525019731986   0.0005790913090339307
754.01   8   -0.34956329540061687   0.0008334260398687208
845.08   9   -0.3496420901438638   0.00030210878994971256
932.72   10   -0.34966891683135276   0.00037955377392179853
1016.59   11   -0.34968939341705774   0.00044420177666335556
1134.44   12   -0.34971922183449555   0.0002201577580350254
1207.57   13   -0.34972695149741206   0.00016797986165092093
1304.03   14   -0.3497366234549842   0.0001978681932758167
1393.3   15   -0.349740528440784   7.010077773547403e-5
1473.47   16   -0.34974248415146936   0.00016681801824862505
1589.87   17   -0.3497453587512262   6.263198198138103e-5
1658.44   18   -0.3497467772889038   7.376277311514471e-5
1786.85   19   -0.3497503594377135   8.56035842865978e-5
1850.24   20   -0.3497568560374804   0.00018187772447072668
2040.61   21   -0.34978539648336493   0.0002860053406859358
