0.0   0   -0.2499557746359826   0.00110945841569828
24.06   1   -0.24999420516656284   0.0006770018983130878
60.16   2   -0.2510693779039127   0.009857643272058564
93.23   3   -0.25107619043184953   0.010359775335776067
110.63   4   -0.25169704650298985   0.018756472289495542
130.59   5   -0.25202613842182997   0.026854647899695917
151.83   6   -0.2563819242019742   0.09263974671227274
221.09   7   -0.25758111807434303   0.06589064848245582
247.84   8   -0.26038360284124906   0.17734357413067883
264.12   9   -0.2692682815833088   0.09536397280687743
297.17   10   -0.27424333319239874   0.12348996135488174
327.38   11   -0.2783557216965165   0.24298307100963085
383.53   12   -0.2801224711231396   0.1322900003719705
400.79   13   -0.2804546175484429   0.04838203372039242
418.62   14   -0.28140006409443746   0.13256414304455974
446.73   15   -0.28266434511119765   0.24591007217291078
465.86   16   -0.2835148047950977   0.11571817240946931
495.22   17   -0.2859098596124457   0.4674573045175184
514.01   18   -0.2872318281645083   0.1146430515553529
532.85   19   -0.28972184344299423   0.10981947157003806
557.57   20   -0.29237175229949286   0.08378464202250949
580.24   21   -0.2930003015210563   0.019004847207993288
593.25   22   -0.2931762161637864   0.01712937425490934
616.43   23   -0.29395137454816267   0.018639711715100194
640.67   24   -0.29436478801828614   0.014415818698405395
674.78   25   -0.2956743262012057   0.0296116123717198
692.59   26   -0.2964437323113819   0.0429660386287164
728.45   27   -0.2966612718296162   0.03133610080645018
744.34   28   -0.2970720311859315   0.015417423470885448
769.72   29   -0.29739044578337354   0.04588755758197134
793.02   30   -0.29816283457622533   0.03695834688950313
823.23   31   -0.29853801188991175   0.004248835727802442
846.57   32   -0.29858968746573167   0.003390033509929854
870.39   33   -0.2987307854031543   0.010013885216921054
894.89   34   -0.29877425433928867   0.006352751607900406
920.31   35   -0.2987842804340003   0.003147451484841558
955.21   36   -0.2988671185469378   0.005352980807364109
981.42   37   -0.29894137994882475   0.004041222968005079
1008.31   38   -0.29896585568108996   0.004079111782586456
1033.66   39   -0.2989930277425746   0.0015100471498728806
1056.77   40   -0.2989983971406042   0.0019279599859879529
1080.31   41   -0.29902113859155155   0.011115081219393265
1104.19   42   -0.29910536492262313   0.002782919691921494
1323.4   43   -0.2991898743017827   0.07068105509285286
0.0   0   -0.24502644150230146   0.09593089660445554
7.27   1   -0.251026407954042   0.008351152568937441
58.9   2   -0.2701040878251424   0.08629816043642917
82.92   3   -0.2702160520970807   0.1222862933970081
97.68   4   -0.27349460922019214   0.17143475051779714
111.66   5   -0.27699865518684297   0.10725383156146029
147.81   6   -0.290327051973829   0.07361325741781204
164.09   7   -0.2912732606738971   0.13047485570766335
197.91   8   -0.2961574463305686   0.07031743047852936
215.56   9   -0.2965343923439329   0.024279018693666502
233.41   10   -0.29667739260081305   0.14435321088739825
251.66   11   -0.2969024058414359   0.1372325496223602
270.46   12   -0.2977945922288519   0.04413425389818792
314.56   13   -0.29841952979533687   0.027333430598746815
361.18   14   -0.298752916193844   0.022414171932847657
384.93   15   -0.29896451576533106   0.010673029420869392
409.42   16   -0.2990045628215204   0.011993160032717496
434.41   17   -0.29903197847258167   0.015916594207571074
460.51   18   -0.2990925434422098   0.01584004546881637
487.21   19   -0.29911124550212126   0.005661430687411205
523.8   20   -0.2991407917603365   0.004321725704964639
552.04   21   -0.299207376716761   0.030817134991690556
576.52   22   -0.29921963653938716   0.014936652990999397
599.91   23   -0.2992292440166233   0.003940352631733235
623.43   24   -0.2992304441562436   0.004118319362786609
792.97   25   -0.29928516144003914   3.7099712216686135e15
