0.0   0   -0.3992708752799169   0.10670684659937787
16.6   1   -0.4125752072367073   0.05885231352140642
30.57   2   -0.41948499767276975   0.055507270044802194
52.05   3   -0.4461838381290702   0.0744100527946375
62.65   4   -0.4539157346736944   0.0413443644702157
72.33   5   -0.45721939230950703   0.03260110818868334
88.12   6   -0.46265411983764526   0.0388427296726124
97.97   7   -0.46563258673721847   0.029149349815620416
114.64   8   -0.4689542670355402   0.014874896009296576
128.98   9   -0.469393256907597   0.008224138168720556
143.77   10   -0.4697372510210831   0.008569596563546385
164.99   11   -0.4698100962487093   0.17568378062989867
183.98   12   -0.4698395932831   0.010812108056042683
192.99   13   -0.4698526890677458   0.0126087462155012
203.06   14   -0.47003661263667856   0.012687682156152858
217.59   15   -0.47034359672280224   0.004886979910434835
230.99   16   -0.4704326610413102   0.004611418008328399
244.29   17   -0.47061070388755905   0.006049356305985354
263.58   18   -0.4706894288841153   0.005036176769334616
277.55   19   -0.4708396898721315   0.0023178866059832123
299.26   20   -0.4710097378504496   0.00881149528577041
317.43   21   -0.4711681381638803   0.004155014795966067
333.91   22   -0.4712245621170396   0.0030231251876983263
342.61   23   -0.4712385181678258   0.15910086862484024
352.32   24   -0.471282757521049   0.0041323128970632275
365.8   25   -0.4713162810326894   0.0019983855216858222
387.63   26   -0.47145610705301433   0.0038438007977017884
396.04   27   -0.4715509136930794   0.0053363378607729885
409.42   28   -0.47162190543766636   0.0018866728481671084
422.5   29   -0.47167747533191334   0.0017582715364777794
430.97   30   -0.4717087750001581   0.004530222730123977
443.59   31   -0.4717910530821438   0.004893609398636224
484.69   32   -0.4718159296613331   0.00412149118274422
498.75   33   -0.4718613170273716   0.15652735887074268
524.33   34   -0.4718610970634324   0.16690194774920672
558.33   35   -0.47186079242559076   0.002361437060152915
570.51   36   -0.4718659490936664   0.0016727846466406827
579.05   37   -0.4718827784033436   0.1864832567615129
591.58   38   -0.471882663910017   0.0016677006464396883
619.23   39   -0.47188409113336965   0.0014478294686808397
627.31   40   -0.4719044251785618   0.002680588064274092
636.2   41   -0.4719242753078753   0.002232053202005684
650.36   42   -0.4719821433047259   0.0027181605783089466
663.92   43   -0.47201038031562975   0.0013202253532669198
673.2   44   -0.472018325045428   0.0027026719454355903
681.63   45   -0.47203649899454353   0.002204438496474871
696.09   46   -0.47209785699554635   0.002406838990154258
711.53   47   -0.4721522973038533   0.0019487124041017855
726.55   48   -0.4722310656196474   0.0012842611763089267
744.88   49   -0.47225200095310993   0.001157536419433368
759.61   50   -0.4722884985597188   0.001378371511145843
778.89   51   -0.47232588936262615   0.0014509254470704528
792.67   52   -0.47233388734697407   0.0019183835469322
807.53   53   -0.47234632252373016   0.15790784593402518
831.48   54   -0.47234664052831027   0.0006876902300616822
840.41   55   -0.4723474568322485   0.0005695454173536582
850.71   56   -0.4723492618587889   0.1649445291849651
879.72   57   -0.4723492762460206   0.1978313518253176
909.09   58   -0.47234931136782354   0.0007826026723678789
923.21   59   -0.47235097822233524   0.0009075926700645328
938.06   60   -0.4723529894921616   0.23858254246667454
950.86   61   -0.4723534566265181   0.0010075805663753033
961.38   62   -0.4723537535262455   0.24545745533075322
1016.58   63   -0.4723549260854312   0.0008239555308055397
1031.92   64   -0.4723558982020078   0.18353270623829854
1051.75   65   -0.47235589488213725   0.0009264377121113313
1065.73   66   -0.47235616807975433   0.0009350253462875372
1075.55   67   -0.4723633825149405   0.0011465875565070762
1090.07   68   -0.472369014888566   0.0011327847846101784
1104.47   69   -0.4723797526747833   0.0016070366308852154
1113.74   70   -0.4723863095824686   0.0011402269004869338
1124.81   71   -0.4723867423373244   0.1448186199545351
1147.56   72   -0.4723891870926656   0.001114989584446225
1156.96   73   -0.4723899257332077   0.18290563755767955
1219.57   74   -0.4723894584012444   0.19409430441595665
1264.09   75   -0.47238906708316536   0.16603993794278185
1309.03   76   -0.472388813114608   0.0008658010391680455
1322.59   77   -0.47238905004198883   0.0010122156865863595
1376.37   78   -0.4723892813832477   0.14441100798623652
1391.45   79   -0.47239045686118597   0.21057657944229927
1411.69   80   -0.47239018840195335   0.0017188180832841795
1542.01   81   -0.47238985454474813   0.15624479062857197
1563.1   82   -0.47238959284620163   0.19813112830435936
1657.16   83   -0.47238927453175283   0.18101124699331672
1705.27   84   -0.47238887133317176   0.1941913108199608
1719.96   85   -0.4723897924792806   0.0008083137186820675
1890.66   86   -0.47238953116264326   0.14387789078670865
1900.51   87   -0.47238908964289383   0.0016126018609009163
1910.04   88   -0.47239011739444936   0.0012230712089830661
1935.42   89   -0.4723901865240607   0.0011077547599736637
1946.2   90   -0.4723902630735338   0.0010825616969070263
1956.92   91   -0.47239074537263775   0.001375460984642045
2009.16   92   -0.4723924425287305   0.1420156574333778
2048.5   93   -0.472391990637732   0.0008656181159402741
2067.1   94   -0.4723928452028801   0.16904427951669157
2077.75   95   -0.47239283624967987   0.0010135079160266385
2109.63   96   -0.4723929650090301   0.0012595023101539527
2136.74   97   -0.47239356959208934   0.001210852246433029
2146.77   98   -0.47239420652147596   0.0013858497347437714
2173.35   99   -0.4723945643901144   0.0015589253389793251
2184.44   100   -0.4723983018399812   0.0011819842147294463
0.0   0   -0.4723983018401126   0.0015045659891084584
10.89   1   -0.4724006994360701   0.001043220826964869
20.96   2   -0.4724007485951346   0.17850827169419775
39.42   3   -0.4724013093964883   0.001403714360438901
320.44   4   -0.47240084195588716   0.0010002928484418793
328.57   5   -0.4724031150293374   0.0012712988285137105
342.35   6   -0.4724077303850892   0.0017643690865501015
360.72   7   -0.4724104068673838   0.17013013870653404
396.93   8   -0.4724102040506942   0.19832342194926253
474.55   9   -0.4724098409891364   0.0045045891806690394
518.66   10   -0.4724099973884729   0.2118108646668754
560.94   11   -0.4724095987555971   0.13988758776990895
618.55   12   -0.47240918580253755   0.0022148562161565994
643.45   13   -0.47241080471613595   0.15164675918068188
680.22   14   -0.4724103889512456   0.001977873910284129
689.55   15   -0.4724105910489539   0.0019527510942996668
699.51   16   -0.47241959546383183   0.001386046268340922
746.2   17   -0.47242366112299444   0.1805911154053091
808.17   18   -0.4724232902671305   0.1711387591704159
877.05   19   -0.4724230159110192   0.0013580887125121254
886.41   20   -0.4724232119371864   0.20024433152088245
901.16   21   -0.4724244217962623   0.0018155432843491666
921.3   22   -0.4724247025857757   0.15867983529854573
931.59   23   -0.4724248074286576   0.1998584989328321
967.9   24   -0.47242488676715905   0.19586486915868404
983.37   25   -0.4724247434270229   0.0017524081406584944
993.46   26   -0.47242507405624473   0.17901970900728947
1003.43   27   -0.4724251762853257   0.1904640029600695
1039.87   28   -0.47242477544950573   0.2051704459859197
1055.33   29   -0.47242475018215674   0.001230346203793916
1071.0   30   -0.4724253216373603   0.2052123041272034
1092.68   31   -0.4724253169842392   0.18183157039005707
1102.31   32   -0.47242529625254065   0.0014245260042965496
1116.72   33   -0.4724253102794992   0.22011198100460222
1125.62   34   -0.4724253015484315   0.001420879121340609
1159.21   35   -0.47242535464477586   0.0013122807517911609
1169.3   36   -0.47242540547622497   0.001399054314576685
1179.83   37   -0.47242544765489336   0.15827427561965482
1195.1   38   -0.4724254498161029   0.15925105048110477
1215.52   39   -0.47242545919643913   0.17480165906230397
1239.19   40   -0.47242517863818684   0.0017104086283054162
1549.02   41   -0.47242500227134393   0.0012889526233357885
1559.33   42   -0.47242551765007706   0.17341257244566635
1569.03   43   -0.47242566009274456   0.001819235640274976
1593.29   44   -0.4724251937492796   0.18498975950406574
0.0   0   -0.47242519374902603   0.1828688735220209
116.89   1   -0.4724247620587963   0.0017144367282885496
139.12   2   -0.4724263505800975   0.14053930948227136
148.43   3   -0.47242595259057035   0.17132219945147112
186.43   4   -0.47242548020307407   0.0016091848583953642
217.93   5   -0.472429027956981   0.18320720773800647
234.98   6   -0.4724293102318902   0.001053181605314638
487.45   7   -0.4724292381496971   0.16315712180056588
526.99   8   -0.4724290927745964   0.15402973264732472
538.94   9   -0.4724294314787139   0.0012572633473951081
577.5   10   -0.4724298771057859   0.19610046456739239
641.66   11   -0.47242988379395123   0.0010814272358990339
667.3   12   -0.47242988763064264   0.0010799082862998951
677.44   13   -0.47243210612113845   0.1516280152521466
687.52   14   -0.47243260294603534   0.19429778332112013
749.67   15   -0.4724322717304748   0.0019766779769285437
765.02   16   -0.47243538529376905   0.0011805572930838138
774.67   17   -0.47243637760530843   0.001488580237949665
789.27   18   -0.4724413232706873   0.1739830744285145
819.36   19   -0.47244101447331543   0.20027611538143517
849.31   20   -0.4724405997600773   0.0018228629069047056
876.03   21   -0.47244098329298334   0.1983692363015605
911.98   22   -0.4724409749722   0.0013817123819907639
931.32   23   -0.4724413375737163   0.17037674036397005
951.81   24   -0.47244093672390775   0.0016536187985705204
973.32   25   -0.472440858444051   0.20418938299149894
1223.24   26   -0.47244055836669646   0.0014057000137050054
1249.78   27   -0.4724417580360578   0.18270439683540896
1278.15   28   -0.47244131747071477   0.0013159612633381257
1614.12   29   -0.47244150120122297   0.0012553181351180475
1624.19   30   -0.4724415574176573   0.20483357685903783
1635.11   31   -0.4724416934035623   0.17566273959173298
1675.8   32   -0.47244166153367895   0.0011784720242212796
1687.38   33   -0.47244170263544233   0.20222978052722007
1696.55   34   -0.4724417959296762   0.2266681873794601
1705.98   35   -0.47244179708773215   0.0010967452291447495
1959.63   36   -0.4724418045764579   0.0011501655974559145
1969.4   37   -0.47244218074478755   0.19117283497853754
2000.6   38   -0.4724418310466122   0.24132705736855797
2009.79   39   -0.47244203191030565   0.0011044298245255844
2024.45   40   -0.4724420863620876   0.18593706354761766
2034.5   41   -0.4724420532127217   0.0010982311152060308
2067.93   42   -0.4724420615442462   0.2000042692964299
