0.0   0   -0.40338328458476874   0.013377063529265428
64.07   1   -0.40895719579995593   0.021643596164069422
139.23   2   -0.4191442737040675   0.031622391981123266
184.88   3   -0.4265795685604986   0.04193243785659347
231.26   4   -0.4393905817105085   0.0399014829196951
276.78   5   -0.45109701359620247   0.03131334893737114
342.07   6   -0.45854715595969353   0.01980907441272911
413.1   7   -0.46546433798362713   0.017458045875520543
464.67   8   -0.46888231995547175   0.009467899775228291
552.63   9   -0.4698240854927843   0.003658063495596668
637.75   10   -0.4699839834325883   0.002833596467213045
721.94   11   -0.47013327890004925   0.00430449925435199
808.46   12   -0.47040923784766153   0.00384013395958903
864.67   13   -0.4704910749011455   0.001324617449354816
949.1   14   -0.4705091041580427   0.0014723534767046107
1065.78   15   -0.47060205331381133   0.0018874649255113567
1156.54   16   -0.4706639239061008   0.001863554321931538
1277.76   17   -0.4707537974218394   0.0019475193957766718
1367.84   18   -0.47096020835771835   0.0014921258526186215
1459.44   19   -0.47109242278208874   0.0014251411453985038
1547.45   20   -0.4712946919895264   0.0018395912423261605
1636.91   21   -0.47158970562090896   0.0030928800410199696
1729.29   22   -0.4719588929297897   0.0019617416909809542
1790.65   23   -0.4720940262346225   0.002206948883356566
1851.61   24   -0.47224260982195393   0.0011801363090465425
1943.79   25   -0.4723984139418776   0.0023368748773920788
2032.47   26   -0.47254480597644233   0.002114021270717164
2119.13   27   -0.47262113484853496   0.0027643984285898276
2219.45   28   -0.4727520024239672   0.001992321149755911
2287.54   29   -0.4729138716427389   0.0014943323574171364
2383.67   30   -0.47300600545771465   0.0009269094493485069
2443.84   31   -0.47303958242733746   0.0011034490916793582
2540.43   32   -0.4730775565902777   0.0011645274250488443
2636.73   33   -0.47310719626433445   0.0008182186472509028
2734.68   34   -0.47312953708255695   0.0011421437783315097
2795.22   35   -0.4731456588505924   0.0008362824341845191
2886.32   36   -0.4731618852094983   0.0007046243168543869
2977.27   37   -0.4731768690917674   0.0006920473520645487
3072.01   38   -0.47318693611628987   0.0009291695547953652
3163.83   39   -0.4732081811421511   0.0004949791668538888
3258.47   40   -0.4732166255481107   0.00046813986171417664
3349.81   41   -0.4732251878991991   0.0004658790082131987
3443.5   42   -0.47323152228419907   0.0004249849916254119
3535.42   43   -0.4732434755502255   0.0005041463268780108
3625.28   44   -0.47325901638518153   0.0003816442863979113
3713.36   45   -0.4732767138651391   0.0004269350198226222
3808.27   46   -0.4732862329220009   0.00033879842295146765
3901.2   47   -0.47329358757161205   0.00032234778481863343
3994.9   48   -0.4733019238446211   0.0003918495078904143
4086.37   49   -0.4733079427558685   0.00032251476527326884
4177.46   50   -0.47331603522048865   0.00037102439002499913
4269.15   51   -0.47332335615531396   0.0004729343763851453
4359.23   52   -0.47332798179914987   0.00026131685358608435
4440.75   53   -0.47333431435199197   0.0004394683191725009
4491.1   54   -0.47333875420238714   0.0003534578943849551
4567.38   55   -0.4733437499757839   0.0002540308860707487
4645.28   56   -0.47334861912850956   0.00035831808520208144
4726.13   57   -0.4733548771166563   0.0006112689115337987
4787.39   58   -0.4733594508709757   0.0004565147730503112
4877.86   59   -0.4733622696257874   0.00030252360453167165
4967.06   60   -0.47336643069693024   0.0006163199218778934
5059.13   61   -0.473372033971695   0.0003988886979153868
5143.2   62   -0.4733765003490187   0.00034865938299426886
5224.88   63   -0.47338288843358894   0.000277231849667398
5308.54   64   -0.47339011572923356   0.0003702712770771023
5393.96   65   -0.4733962401255408   0.00039805989131454434
5476.03   66   -0.473402629248983   0.0002937723008735935
5557.14   67   -0.473408859735642   0.00031654346304087373
5639.99   68   -0.4734182958638701   0.0003360948289697573
5734.27   69   -0.4734265594279037   0.000443841178913031
5823.84   70   -0.47343189318789153   0.00023590442648634062
5904.89   71   -0.47343435457600075   0.0004188647290255711
5961.69   72   -0.47343625819922086   0.00020878179485663101
6048.47   73   -0.47343765376710445   0.00020897188690894368
6134.03   74   -0.4734409597098532   0.00029059366201895855
6218.35   75   -0.4734471753669892   0.0003007222578846761
6304.3   76   -0.4734514078177315   0.00024499932074181595
6389.94   77   -0.47345341354393417   0.00021611922159351288
6475.34   78   -0.47345534340873935   0.0001996268804784875
6557.9   79   -0.4734571112709439   0.00023002434696477416
6625.19   80   -0.4734587193085187   0.00022189275121827322
6700.86   81   -0.4734618733252854   0.00039989482320314284
6750.88   82   -0.4734637763358277   0.00026034569143663526
6830.49   83   -0.4734652184702859   0.00019852641378903128
6906.67   84   -0.47347078982708474   0.00036574024398100053
6988.01   85   -0.4734733116344811   0.00022078218838824192
7068.48   86   -0.4734750459986024   0.00019220024385449894
7176.02   87   -0.4734794035079555   0.0002429075958277692
7266.86   88   -0.47348183969626845   0.0003067908091718267
7352.92   89   -0.4734847356639209   0.00023916457102250097
7432.56   90   -0.47348801604859087   0.0003277199649083019
7523.47   91   -0.47349106711310984   0.0001811943342552682
7612.47   92   -0.4734930131855036   0.00022701835098393178
7667.19   93   -0.47349386291800605   0.00022439677937981727
7751.42   94   -0.4734952179617869   0.00019269648127001582
7829.15   95   -0.4734985487358696   0.0002324559012345619
7912.5   96   -0.47350072602102466   0.0001921864270350702
7993.52   97   -0.4735025239358584   0.00016237196371808002
8073.99   98   -0.4735051722363385   0.00018962020965698566
8129.49   99   -0.47350623596800445   0.00026474978186879616
8219.66   100   -0.4735070665532951   0.00011501241380674782
