0.0   0   -0.44858076481095993   0.012761186582447645
69.88   1   -0.4504768216772699   0.007773517624645679
163.31   2   -0.4517782206440575   0.013765502253308767
288.86   3   -0.46091935782766524   0.016870144960562446
355.69   4   -0.4629336497244569   0.014586029948075807
420.28   5   -0.46643646449861526   0.011369546951063902
514.91   6   -0.4680855492165188   0.008724104730542416
613.81   7   -0.4698688606751897   0.00867698359573337
679.55   8   -0.47122371084841486   0.007555345633935837
742.75   9   -0.47196199896430185   0.0032120391726720167
805.32   10   -0.4721902804343098   0.0018718581706430668
893.7   11   -0.472246800648528   0.0010456918958451067
982.96   12   -0.47227746256689185   0.0014631312073362086
1111.1   13   -0.4723916877110837   0.0021595395477142366
1209.67   14   -0.47246127368196855   0.0007386860532805543
1310.04   15   -0.47246751276611254   0.0007054006043892247
1405.35   16   -0.47247791896957614   0.0010992507676636715
1535.71   17   -0.47256580768727596   0.0026965214363581656
1638.37   18   -0.47267524550803847   0.0022487495743077797
1732.39   19   -0.4727820918654497   0.0010873623647395785
1829.0   20   -0.4728731514208671   0.0022617006851822804
1927.91   21   -0.4729573306871496   0.0014836951625795452
1988.32   22   -0.4730166532973372   0.0009665998846249553
2074.69   23   -0.4730582999460815   0.0008737811900221229
2164.23   24   -0.4731024580845214   0.0008957009028425132
2262.31   25   -0.47312770515517   0.000681872775132402
2354.3   26   -0.4731498612230273   0.00069032176296855
2447.43   27   -0.47317458829849596   0.0005302097533687035
2539.77   28   -0.47318940670394427   0.0005279989536115377
2632.01   29   -0.47320188746451   0.0004686238678062174
2726.18   30   -0.47324285993908444   0.0012426873236965686
2820.7   31   -0.4732730085014994   0.0005416460304880935
2913.95   32   -0.4732960359124765   0.0009096343180093156
3008.75   33   -0.4733134400784317   0.00046875656289265726
3069.7   34   -0.47332203294415287   0.00029834208621200726
3160.82   35   -0.47332707411450675   0.0006534531828327241
3271.4   36   -0.4733346551303901   0.0007444843110433397
3375.02   37   -0.47334764758912407   0.0003943082772317407
3469.89   38   -0.47335307787690106   0.00032728933899973283
3568.98   39   -0.4733589512592145   0.0006343978537466673
3658.28   40   -0.473367466309918   0.00039900432692611287
3741.34   41   -0.4733738990373845   0.00027525147343445577
3853.49   42   -0.4733880307436576   0.0004723727745960885
3943.35   43   -0.4734003723071768   0.00022119092997352317
4027.26   44   -0.4734051414480709   0.00029006744822920584
4117.22   45   -0.473413172459507   0.00037612392218506433
4212.52   46   -0.473420385985607   0.0003501882535134532
4272.81   47   -0.4734235660472911   0.00037511081530356284
4366.99   48   -0.47342746948464975   0.0003046749445582886
4466.57   49   -0.4734327109388291   0.00039328453527477604
4564.86   50   -0.47343770166371557   0.00015564008325111967
4655.59   51   -0.4734403227423929   0.0002078137401431739
4749.81   52   -0.4734451574742332   0.00025949288326306143
4839.59   53   -0.4734506503087691   0.0002322993926520393
4930.0   54   -0.4734533813914763   0.00021860403797875654
5012.03   55   -0.47345661626070223   0.0002860813832816379
5095.09   56   -0.47346167966473174   0.0002801771687218119
5148.53   57   -0.4734648069714202   0.00038175149572154633
5230.72   58   -0.47346733194341417   0.00020724113459110575
5312.77   59   -0.47347132398902014   0.0002590941497148182
5371.46   60   -0.47347389855637795   0.00017967136571403434
5466.75   61   -0.4734755808666898   0.00013966434775785827
5557.04   62   -0.4734778230844776   0.00021983735751871856
5642.17   63   -0.47348362240347824   0.00018496846709511496
5728.9   64   -0.4734881856038651   0.0002150048399390871
5813.81   65   -0.4734911038970519   0.00021010920735280037
5898.6   66   -0.4734942881096634   0.0002939459306930474
5981.4   67   -0.47349651139545873   0.00018477027167091095
6060.96   68   -0.47349843700922045   0.00020643555948533337
6151.79   69   -0.4735007912413332   0.00028101020898347267
6240.42   70   -0.47350400729676245   0.0002479790633394847
6328.48   71   -0.473506452143451   0.00020220174380148804
6416.41   72   -0.47350829012599516   0.00021396317620765
6505.74   73   -0.47351005948617836   0.00017966862041000938
6592.39   74   -0.473514558504446   0.0002497036221351207
6680.46   75   -0.47351928369811364   0.00023757554510281558
6743.44   76   -0.47352074657676424   0.0003061165160634153
6838.34   77   -0.4735224511717456   0.00015995461797480565
6924.21   78   -0.4735246695274095   0.0004082398295408203
7009.81   79   -0.4735269682879723   0.00019218157610128303
7095.49   80   -0.4735285979600716   0.00021688239818719833
7181.82   81   -0.47353193648663616   0.0002424109329867669
7270.18   82   -0.47353356616851605   0.00022017606333446852
7362.57   83   -0.4735348358652286   0.00016658071876227216
7448.49   84   -0.47353622585841465   0.00028233868427920565
7538.18   85   -0.4735380728054469   0.00023519478078019187
7630.39   86   -0.4735403996290145   0.0002064606773681667
7715.55   87   -0.4735426828329618   0.00019169623244170829
7808.22   88   -0.47354577915050294   0.00029032015752372464
7896.9   89   -0.4735489699974501   0.00028444446678718255
7990.78   90   -0.4735521111587191   0.00019017177332929399
8080.55   91   -0.47355414275641616   0.00014396771242069457
8174.41   92   -0.47355568239604245   0.00019147549561572666
8269.87   93   -0.4735581800914711   0.00014926410022151856
8359.69   94   -0.473559764213617   0.00018524963629483715
8441.26   95   -0.47356180404868814   0.00016688626492857196
8526.8   96   -0.473565279924809   0.00017480168449501062
8582.95   97   -0.4735669138196724   0.00024373320796143745
8636.61   98   -0.47356804829183   0.00017687815062928506
8714.43   99   -0.4735694999877026   0.0001421347173742739
8771.71   100   -0.4735707115889992   0.00038914566333594024
