0.0   0   -0.44088773280956534   0.10977709470837024
19.99   1   -0.4488557709192294   0.0725138451861278
35.98   2   -0.4551589999641058   0.02141354809724426
57.54   3   -0.4614167332349346   0.03670262071404788
68.12   4   -0.4640211778049521   0.04657405897760058
79.38   5   -0.4670933878426784   0.01799405402831415
94.74   6   -0.4685378499316133   0.025479954361182607
110.73   7   -0.4706205588287442   0.015305079708493607
121.29   8   -0.4712486553945969   0.011016723582736879
130.59   9   -0.4716384646876531   0.010062192811458035
145.63   10   -0.4719034711301541   0.005263787873866245
182.31   11   -0.4720007040542332   0.007914656719955148
197.7   12   -0.4721334669805578   0.004654574199093604
215.23   13   -0.47231671345703097   0.0030581766388884982
231.11   14   -0.4723539996803748   0.0016259147363165787
251.85   15   -0.47241736489353986   0.003021041949918901
268.75   16   -0.4725193045701378   0.0019751306451793057
279.17   17   -0.4725335708788861   0.0009047096354264931
294.09   18   -0.47254149298756787   0.0011107796242114125
312.57   19   -0.4726836178777902   0.0025857831478984113
328.59   20   -0.4727545969620019   0.0018409612049658014
342.91   21   -0.4727968708760011   0.0022174245280027704
358.24   22   -0.47284410001621535   0.0016378541270343765
373.02   23   -0.4728863637446205   0.0014860090373509046
388.71   24   -0.4729003374961515   0.001085839438565051
402.75   25   -0.47291533249099793   0.0020903759409069233
416.81   26   -0.4729508295269216   0.0013927357828100995
432.08   27   -0.4729686504798966   0.0008579133144929992
447.26   28   -0.47297806558897765   0.0009383039920365762
457.09   29   -0.47299152670344063   0.001265244217833333
471.56   30   -0.4730137016415876   0.001074295691167868
486.95   31   -0.47303982093025965   0.0013229128039034235
500.85   32   -0.4731071765124631   0.0017652244311352134
509.89   33   -0.473118043257433   0.0019292730174654243
523.71   34   -0.47314277751744177   0.0008426238743142496
538.61   35   -0.47314981487411417   0.000816467071191674
553.12   36   -0.47315854398570556   0.0010668013612182606
562.55   37   -0.4731693654966987   0.0016028371743822102
572.09   38   -0.4731742665457208   0.0004536847909221914
586.2   39   -0.47317607519672356   0.00036205155376713545
606.91   40   -0.47318634236664703   0.0007177618520630113
616.55   41   -0.4731938034648916   0.000548331734808699
630.65   42   -0.47319680161196603   0.00035817578750635566
651.01   43   -0.47320182647502734   0.0006284148138156182
665.17   44   -0.47320682785441304   0.0006712247068316514
674.18   45   -0.47321038035354696   0.0003475593953468591
682.8   46   -0.47321149100443305   0.0005258312955433233
697.58   47   -0.4732136061850685   0.0004375838806112904
716.86   48   -0.47321813204414126   0.0004136389825611799
725.5   49   -0.4732193214503299   0.0002885199661176019
738.07   50   -0.47322038162491886   0.00026532645300226024
751.64   51   -0.4732224553373906   0.0006386410308000073
764.6   52   -0.47322689437017756   0.00022165098904625166
776.9   53   -0.47322845407704367   0.0002774678136909969
789.6   54   -0.4732295874697089   0.000367520639116127
802.89   55   -0.4732307413320881   0.0002488116504837542
815.25   56   -0.4732323634599814   0.00041435463745059136
827.9   57   -0.4732352558057126   0.0005006630639648043
841.08   58   -0.47323714380126186   0.0002665717491322075
854.03   59   -0.47323824679536164   0.00033453077093992126
866.65   60   -0.4732399032196828   0.00035482228630537803
879.62   61   -0.4732420055372704   0.00023283743512717375
888.46   62   -0.47324334027839204   0.00016806082060203753
901.93   63   -0.47324489683770954   0.00030499522717704255
910.4   64   -0.47324710389325614   0.00039526078669208087
923.79   65   -0.4732485090045916   0.0002975980600651352
942.7   66   -0.47325028633849797   0.0003443468325830535
955.83   67   -0.4732516469713638   0.0003133323086566529
964.2   68   -0.47325238696145044   0.00035990744828009086
977.11   69   -0.47325489768036644   0.0002191045150859161
990.78   70   -0.47325646619292083   0.0002654707765546701
1003.44   71   -0.47325734150639953   0.0002163442216680293
1016.24   72   -0.4732585826855793   0.00026677470699957846
1029.08   73   -0.47325951177027276   0.00025545933649232845
1043.71   74   -0.47326056643541137   0.00015538167986579846
1062.05   75   -0.4732623456795715   0.0002450852173574022
1071.18   76   -0.4732631634681112   0.0002841851212178156
1085.65   77   -0.47326411001489826   0.00016925400430770353
1099.09   78   -0.4732646838160416   0.00030590918251026996
1112.9   79   -0.47326585886730843   0.00020626587134739652
1126.73   80   -0.4732672406912864   0.00037723350392746035
1136.44   81   -0.47326830517704027   0.00033132568540460947
1150.61   82   -0.4732695036533896   0.000214617908513192
1164.77   83   -0.4732706880220156   0.0002709921735055496
1178.96   84   -0.4732735927718823   0.0002552988535366809
1194.87   85   -0.4732751905925185   0.0002636669053968164
1204.22   86   -0.47327624897045334   0.00028850145854028054
1217.08   87   -0.4732776513535772   0.00020435084331359206
1229.56   88   -0.4732791665984669   0.0003124145698499007
1244.02   89   -0.4732817004799009   0.0002753369702553856
1253.2   90   -0.47328222909753775   0.0003294049625571769
1266.05   91   -0.47328333561857716   0.00019122271609045563
1278.66   92   -0.4732844484971164   0.00020216072545327038
1292.36   93   -0.47328545987311393   0.00035815951283297935
1305.34   94   -0.47328698426216537   0.00025642066867037747
1313.68   95   -0.4732873718747068   0.00025324033576371393
1326.18   96   -0.4732876894580177   0.00017768206497927898
1344.71   97   -0.4732886276577473   0.00024334956179366917
1358.5   98   -0.4732895522869813   0.00014859709353022319
1372.41   99   -0.4732900669244863   0.00015635879862446435
1387.22   100   -0.4732907440042814   0.00021610608993064033
0.0   0   -0.473290744004397   0.00027255980677857734
10.84   1   -0.4732908320984347   0.00023637591836328178
23.25   2   -0.47329095047172026   0.00028835170291734993
37.07   3   -0.4732913649152244   0.00023801940126669472
49.71   4   -0.4732917260729579   0.0002059318873697321
57.91   5   -0.4732918524605856   0.00013770491481820653
70.67   6   -0.47329198901282366   0.00013823049689573944
88.5   7   -0.47329240928014665   9.925380281179396e-5
96.75   8   -0.4732925257040865   9.686987101321141e-5
112.96   9   -0.47329301960038594   0.0001453054398810692
120.81   10   -0.47329316223940093   0.00011986920646624822
138.59   11   -0.4732935795315163   0.0002279990984218562
151.01   12   -0.4732938933373739   0.00011767214958351214
167.54   13   -0.4732943757139287   0.00022538003053656233
181.79   14   -0.47329488240494905   0.00014281823113961666
200.45   15   -0.4732955544591578   0.0003060668031925779
213.72   16   -0.4732958942248218   9.129210498424935e-5
231.79   17   -0.4732962523804169   0.00021601441050612017
245.49   18   -0.4732966639398881   0.00010356940078280275
262.83   19   -0.4732971065354332   0.00017796477079706777
276.75   20   -0.473297447796987   8.507411864982589e-5
289.84   21   -0.4732976479490973   9.279387562517667e-5
303.16   22   -0.4732980158956221   9.092595997786703e-5
311.73   23   -0.47329806337068825   0.00020349779620372146
325.83   24   -0.473298296849792   0.00015456184720034937
334.33   25   -0.47329836516635404   0.00011457847180182452
347.44   26   -0.4732984392480081   6.863499982120396e-5
360.16   27   -0.47329864069505984   0.00017107013679645042
368.66   28   -0.4732987332889236   7.690219909802141e-5
382.89   29   -0.47329876350406147   7.90741541556843e-5
401.09   30   -0.47329891209617264   7.692615942681515e-5
414.02   31   -0.47329919357851136   9.746558529372689e-5
423.3   32   -0.47329926164703   0.00010949345535363845
436.38   33   -0.47329941475597515   9.284695150812239e-5
449.71   34   -0.4732995697325125   8.176155965956735e-5
463.18   35   -0.4732996740257054   0.00014839816716234112
472.23   36   -0.4732997473656898   8.767277898064679e-5
485.63   37   -0.4732998225608367   8.242369750393581e-5
498.7   38   -0.47329992179201896   8.05356731666742e-5
511.62   39   -0.47330003624157724   0.00010142954457741157
524.93   40   -0.47330025406358534   0.00012731608166965635
538.96   41   -0.4733003755042839   7.827734550493567e-5
551.93   42   -0.4733005144679884   7.432638142790144e-5
564.79   43   -0.473300614428395   5.676227329500397e-5
579.66   44   -0.473300652771495   0.00010663734809980694
593.42   45   -0.4733007004273358   4.6647017272717466e-5
606.58   46   -0.47330070984275874   5.744017636231209e-5
620.31   47   -0.47330073673319856   8.472352941001096e-5
634.53   48   -0.47330081127990276   5.05440908371311e-5
648.06   49   -0.4733008633849426   8.06443691220784e-5
661.53   50   -0.4733009052141886   5.5593378493560706e-5
675.32   51   -0.47330092939873825   4.6518408239343485e-5
688.57   52   -0.47330101189114226   6.947851619597763e-5
701.4   53   -0.4733010661317943   6.439851636406227e-5
715.38   54   -0.47330110610438003   5.1968759133496754e-5
728.96   55   -0.4733011494376091   5.471477491077752e-5
742.37   56   -0.4733011976199631   4.975751775406935e-5
755.39   57   -0.473301232988738   7.540761225788056e-5
764.92   58   -0.4733012627178988   6.47195507958048e-5
782.85   59   -0.47330130902109485   5.9300107482616935e-5
795.52   60   -0.473301364264202   7.448458639503064e-5
809.29   61   -0.47330141166214723   5.3326125345830304e-5
822.69   62   -0.47330143814537123   3.16349775875295e-5
835.42   63   -0.47330152251470464   7.389580838898837e-5
849.14   64   -0.4733016269633699   5.8655527703531344e-5
858.62   65   -0.4733016588309741   9.712107778483477e-5
872.31   66   -0.47330171483388134   6.184001681026148e-5
885.5   67   -0.47330173796609365   5.1589540082256786e-5
898.46   68   -0.47330176396140866   0.00010515577498699421
912.35   69   -0.4733018151117103   6.282708549794752e-5
925.22   70   -0.47330188122628797   8.911267379282933e-5
939.04   71   -0.47330196630304777   0.00012245306932875494
948.03   72   -0.47330201820930484   4.134641410143251e-5
961.75   73   -0.4733020410230534   5.018842681754494e-5
975.63   74   -0.4733021194422836   7.53296878289279e-5
984.89   75   -0.4733021499188187   5.2248218358419574e-5
998.73   76   -0.4733021858946327   3.556442831178714e-5
1013.2   77   -0.4733022320931425   4.497616676805999e-5
1027.36   78   -0.47330228697164445   3.547590480605553e-5
1040.9   79   -0.4733023146151719   4.704846621997503e-5
1049.86   80   -0.47330232535472094   6.705096914501517e-5
1063.92   81   -0.4733023586882457   5.6017962167260154e-5
1077.51   82   -0.4733024144760984   4.7623401119700384e-5
1090.51   83   -0.47330244309573055   4.1774865935243754e-5
1104.47   84   -0.4733024828917073   4.873306586748666e-5
1117.79   85   -0.47330251344060215   5.001848026843279e-5
1130.64   86   -0.473302550252079   6.754083199519249e-5
1139.05   87   -0.47330256322284814   3.8424402034010395e-5
1152.01   88   -0.4733025776531654   3.904995992300611e-5
1165.56   89   -0.4733025925868817   3.369600879046211e-5
1174.1   90   -0.4733025998838084   5.222984318649701e-5
1186.79   91   -0.4733026209617941   3.320652614258986e-5
1201.01   92   -0.4733026377405413   3.7074577181240686e-5
1210.22   93   -0.4733026457642301   3.225884153497544e-5
1223.21   94   -0.473302656151657   2.370119136711392e-5
1235.74   95   -0.4733026820930536   3.229382745418745e-5
1248.99   96   -0.47330270229625615   3.73862379510993e-5
1261.73   97   -0.4733027164377847   4.274773625019309e-5
1274.16   98   -0.47330273289045316   3.685833996926784e-5
1286.73   99   -0.47330274296415287   2.4558200888903786e-5
1300.28   100   -0.47330275751462203   3.583413813683573e-5
0.0   0   -0.4733027575146726   3.632913734774192e-5
26.53   1   -0.47330275862537013   2.7864683736622397e-5
74.39   2   -0.4733027634094077   4.864227950596003e-5
109.53   3   -0.4733027718668115   3.271140689223818e-5
149.74   4   -0.4733027778612947   2.6776333251197267e-5
183.42   5   -0.47330278095618256   2.1625830461676705e-5
229.72   6   -0.4733027909216898   2.9840796983822747e-5
264.41   7   -0.4733027967295972   2.1309142991471283e-5
309.83   8   -0.47330281164432386   3.338570791831674e-5
332.1   9   -0.4733028215358158   2.2716034892717605e-5
378.91   10   -0.47330283516861493   2.7170317049014666e-5
412.88   11   -0.47330284517152493   3.386619688937418e-5
445.08   12   -0.47330286372057684   2.9295932121371984e-5
502.77   13   -0.4733028863074271   4.850529804658664e-5
553.74   14   -0.47330289538140247   1.631297035546055e-5
636.72   15   -0.47330291486552367   1.5991519726348262e-5
681.68   16   -0.47330293869116585   2.0111255791586233e-5
722.33   17   -0.4733029696946781   2.1051330329154718e-5
769.54   18   -0.47330300723283636   1.525429074928674e-5
814.26   19   -0.4733030377067457   2.5506875250948886e-5
858.52   20   -0.4733030656242103   1.9853267586562647e-5
902.5   21   -0.4733030987661948   1.960456140788338e-5
933.07   22   -0.473303099854302   3.929354963628252e-5
983.68   23   -0.4733031041268758   2.7253991078116684e-5
1034.31   24   -0.47330311268436853   4.536906579208932e-5
1120.92   25   -0.47330312496140264   3.700468488363645e-5
1149.08   26   -0.4733031295004519   2.0121270805815983e-5
1192.25   27   -0.4733031316858062   1.1343451115054062e-5
1258.72   28   -0.4733031462658169   4.171582862895622e-5
1285.54   29   -0.47330315648146176   2.7131781305062102e-5
