0.0   0   0.3153051551550954   0.07029574727053971
16.43   1   -0.1436269794295933   0.08260578015019786
25.57   2   -0.25486268771839415   0.11419934624641892
38.49   3   -0.3192185946580179   0.05996497355636963
52.26   4   -0.36134581046755576   0.047979356767234395
71.66   5   -0.4033631160446806   0.03649149018788598
85.46   6   -0.42519884741048264   0.031873500580190665
100.39   7   -0.439934585053201   0.018890217426888737
120.43   8   -0.44456480836699513   0.010207529466011969
129.38   9   -0.4459341237837051   0.004763730766604498
143.35   10   -0.4462699085711462   0.0030519684081466033
156.64   11   -0.44650217165492007   0.0022307044730552218
169.66   12   -0.4466741350439185   0.0013803180668433338
182.76   13   -0.4467545045434608   0.0012939800752421143
196.37   14   -0.446803166724421   0.0011082719302858788
214.23   15   -0.4472842260086651   0.0061512304806732865
223.96   16   -0.44749103983788263   0.007912145149004936
234.56   17   -0.4477150826335355   0.24984744869356024
244.35   18   -0.4480223942540819   0.01029205563948145
258.85   19   -0.4486997663475783   0.011544094549016308
268.6   20   -0.4511644836963022   0.01273343039653057
305.79   21   -0.45214758931322474   0.015255741428454477
320.6   22   -0.45862007658416315   0.00979717453570782
329.61   23   -0.46035208469060074   0.008504911519675385
339.96   24   -0.4638513513646466   0.23426196128816248
448.82   25   -0.463851045289406   0.005206743748143238
463.47   26   -0.4641584415730095   0.0037062462531289066
479.63   27   -0.4645421615515976   0.23076827702316327
500.43   28   -0.464548737473707   0.003745469949763778
515.06   29   -0.4647792344770182   0.0026685622718619247
530.17   30   -0.46516172800398764   0.2122274051569111
591.53   31   -0.4651614507550045   0.002863051880705681
600.09   32   -0.4652663696354253   0.002101799264900954
610.03   33   -0.46558820340879026   0.2033440233709071
632.31   34   -0.46559151298000767   0.0015615351345242105
645.03   35   -0.4656248798392888   0.00136143428801558
673.57   36   -0.4656787510431557   0.00258194097716251
692.37   37   -0.4657516244905071   0.24537191587021778
706.38   38   -0.46575944062196084   0.001761558850135212
715.14   39   -0.4657830007197065   0.0009930898990440007
723.61   40   -0.4658027917591717   0.0010289462249630354
732.04   41   -0.46581884328516787   0.22394894707292512
758.34   42   -0.4658188451277743   0.0012146878927966156
774.8   43   -0.46582882704426454   0.0013020574551365423
782.7   44   -0.46585772527486874   0.000819395602966426
803.48   45   -0.46586966957159065   0.21123695922209046
860.16   46   -0.4658693308166939   0.0009904003932268062
868.23   47   -0.4658762866154127   0.0006075196800902135
877.51   48   -0.4658774433123218   0.21976507309222115
885.55   49   -0.4658810171420986   0.0010792345436468843
894.44   50   -0.465899702667743   0.0005930892816149501
902.6   51   -0.4659111698603242   0.0008778725572426685
926.21   52   -0.4659286473196792   0.0009439609359725544
954.15   53   -0.4659442199373923   0.2846921708341957
962.59   54   -0.4659542226886009   0.00047390521653804254
974.89   55   -0.46596044618967214   0.2025532737980533
1004.43   56   -0.46596039609271517   0.0004834566262426751
1017.0   57   -0.4659606811544675   0.00040826474427251453
1055.98   58   -0.4659611045397335   0.0004073186227487417
1074.42   59   -0.4659650260078676   0.19494689342459262
1086.83   60   -0.4659650365521311   0.0005519325210243431
1103.1   61   -0.4659651764293544   0.0005467501081169162
1131.61   62   -0.46596520921316564   0.0005761991543126593
1159.88   63   -0.46597058720033274   0.0008166719106307982
1168.84   64   -0.4659872732037142   0.0008405222465783958
1181.8   65   -0.46601579185390096   0.0003336816448386564
1194.22   66   -0.46603597474511227   0.0005576473034317994
1207.74   67   -0.466039613112229   0.24526130390891468
1221.06   68   -0.466040854949613   0.0005994406008024018
1233.1   69   -0.4660458682423812   0.00044337670747314603
1245.4   70   -0.4660492054876644   0.0003822822214110752
1268.03   71   -0.4660784393019807   0.0005478468350058888
1276.0   72   -0.4660905017190761   0.0008311976650097207
1301.27   73   -0.466100836417923   0.0013292479726364982
1309.9   74   -0.4661154177741458   0.0008097699414900518
1326.62   75   -0.4661412520643558   0.000543721009721573
1344.77   76   -0.4661582209576835   0.23099392659930806
1372.89   77   -0.4661582276925203   0.0007213129494547041
1385.86   78   -0.46616816736510325   0.0006325898817606044
1408.31   79   -0.4661805906459988   0.0007437877639635784
1417.67   80   -0.466183665519586   0.0008558419455074446
1609.98   81   -0.46620297504309316   0.001881912770969689
1622.88   82   -0.46634624618507003   0.20112776114480316
1657.83   83   -0.4663468087859673   0.0008511772556495524
1670.94   84   -0.46635539730350095   0.0009549214363081716
1679.81   85   -0.46636558390197913   0.0009873247797291972
1844.29   86   -0.4663652978435366   0.2115889598892962
1889.04   87   -0.46636702516500594   0.19344648931629102
1917.38   88   -0.46636662541456686   0.0023611387796828105
1950.37   89   -0.46643948375624705   0.20862372057503048
1974.74   90   -0.4664394971956607   0.001094637231123854
2000.26   91   -0.4664426807147291   0.0014479328377797476
2026.51   92   -0.46647769263808725   0.000921942255941637
2043.86   93   -0.4665289637187067   0.23429940712279734
2110.1   94   -0.4665285724569361   0.0015675966837400614
2119.31   95   -0.46653181049675896   0.001511038836055796
2127.8   96   -0.4665777918562475   0.0008223838892162398
2152.28   97   -0.4665914248926116   0.0014948711551048934
2165.6   98   -0.4666315943586272   0.0006691416893917344
2197.01   99   -0.4666802070664716   0.26600440393831065
2209.99   100   -0.46670103723611933   0.0011819299052155733
0.0   0   -0.46670103723557954   0.005400929086057095
76.72   1   -0.4667239278964568   0.2705523919116608
87.13   2   -0.46675505776639514   0.26884739854937684
133.97   3   -0.46675578488018504   0.0059923787954746675
144.41   4   -0.4667558568823878   0.25346103582621876
212.24   5   -0.4667591533578886   0.009331061130087097
243.85   6   -0.46676698762338903   0.006338066221999046
254.34   7   -0.46678312945174777   0.21183411700858262
269.17   8   -0.46678540281936004   0.18310869524481857
320.34   9   -0.4667850917089067   0.22841073837665093
348.7   10   -0.4667853268468597   0.002654884561958795
362.93   11   -0.4667859625349655   0.21374221828551446
371.72   12   -0.46678567746158617   0.27805968218558125
410.71   13   -0.4667854702795688   0.2677204845391799
429.59   14   -0.46678511120212984   0.0029663542110196814
452.79   15   -0.4667852809807637   0.002628260793445394
468.31   16   -0.466807064510961   0.0029243790892277462
481.99   17   -0.4668289967684074   0.2584820017260789
515.51   18   -0.46682854413155356   0.2322372619233938
543.79   19   -0.46682821808271957   0.002567891769655302
567.57   20   -0.46682887511617854   0.002234199593727074
577.09   21   -0.46682971501544207   0.0019599965627715116
605.03   22   -0.46683691754445855   0.0026633281809302044
620.33   23   -0.4668524238154115   0.003870550674977553
645.57   24   -0.466870401233703   0.21393356720413326
660.63   25   -0.4668715948269962   0.005321783920745776
671.12   26   -0.46687537412631047   0.2771082120398902
686.11   27   -0.46687537938439433   0.004378494224483365
700.17   28   -0.46687611955692543   0.004152540616713095
709.05   29   -0.46688033895891734   0.003486751462072814
724.84   30   -0.4668817550943296   0.2546234618692181
749.93   31   -0.4668812929972015   0.0034673980201171193
779.04   32   -0.46688226249111553   0.0035138070126963378
793.66   33   -0.46688288790352606   0.2657356695335535
808.56   34   -0.46688321028333646   0.25690209840495387
823.98   35   -0.4668836523141424   0.26720477021834005
839.28   36   -0.46688329383618177   0.21250590127607114
862.86   37   -0.4668832079178755   0.2355424354500712
887.52   38   -0.4668831608825208   0.0038178135628024086
896.75   39   -0.4668833139206004   0.003776385026238708
912.03   40   -0.46688359116750244   0.0039526954471961005
921.31   41   -0.466885600690233   0.004048242730348366
931.67   42   -0.46688746840207107   0.0034792285735262517
946.82   43   -0.466894224473225   0.003633289267149776
956.16   44   -0.4669021748267828   0.0036370855554967284
970.76   45   -0.4669375710923317   0.006060302076226227
982.23   46   -0.46693932595668275   0.005728705444356737
996.98   47   -0.4669523180395101   0.004288743904874074
1007.28   48   -0.4669539293433994   0.004175113350272291
1027.64   49   -0.4670045422331743   0.0038869559449857013
1043.12   50   -0.4670525000021807   0.00302372176298598
1053.94   51   -0.46706129024806997   0.0029811159010685894
1068.66   52   -0.46708988392369477   0.0030073046506133264
1083.74   53   -0.4671820448388797   0.003611762821634632
1100.45   54   -0.4673238147566655   0.00487821549179347
1116.96   55   -0.46752315000310607   0.0050126690796091795
1127.1   56   -0.46764910467135545   0.0056839084335776335
1137.28   57   -0.46776397057015795   0.003694653672662201
1148.31   58   -0.46781006221511756   0.005348301673485175
1164.8   59   -0.4679346563903798   0.007615246057458996
1185.63   60   -0.46800326245970336   0.006031062524170444
1200.04   61   -0.46811111419431045   0.00408684310123479
1215.39   62   -0.46815661720540835   0.003763234557754605
1240.03   63   -0.46819590972822234   0.21908318109762512
1254.64   64   -0.4681968156015054   0.005865056072253408
1278.68   65   -0.46820321530738385   0.0031629637875270275
1297.7   66   -0.46823242453284647   0.0026628393485755098
1336.27   67   -0.4682490708559083   0.007248620319060038
1355.29   68   -0.4682875959866699   0.0027841529270197733
1369.36   69   -0.46829914696754665   0.002226273333424937
1387.53   70   -0.46831426001325294   0.0018255850237917743
1606.81   71   -0.4683164211995636   0.3022202242071462
1678.53   72   -0.4683161166828784   0.29136904044470907
1859.1   73   -0.4683156503068212   0.2657856185943492
1918.56   74   -0.46831535153117326   0.30037919757150444
2036.96   75   -0.46831522527618663   0.22897912694251737
2082.66   76   -0.4683150990604406   0.23713441418937375
2143.64   77   -0.4683147843982917   0.2973486775064214
2163.14   78   -0.46831482948273123   0.2365272829118438
2215.28   79   -0.4683204801908395   0.004225134664293962
2234.72   80   -0.46833811001427733   0.003853827115647667
2245.85   81   -0.4683457798975112   0.002438624621224935
2257.37   82   -0.4683580380798179   0.249619154406233
2275.11   83   -0.46835780522270326   0.0022344141759667044
2283.53   84   -0.4683580375664522   0.219815882079832
2405.7   85   -0.46835757759103436   0.24521291329990852
2453.41   86   -0.4683571562706207   0.2085338213358609
2506.81   87   -0.46835682913942117   0.2167035338443008
2530.91   88   -0.46835654296190465   0.2782358976716679
2546.82   89   -0.46835736620779195   0.3061404623028598
2593.26   90   -0.4683574154824016   0.2004684544769495
2622.71   91   -0.468357402665625   0.2493723380773876
2634.91   92   -0.46835721621533166   0.25176808113025334
2663.79   93   -0.46835696070880695   0.25362534032619416
2724.21   94   -0.46835695268698696   0.0022582823927067017
2736.51   95   -0.4683569753455474   0.28209336762990395
2806.14   96   -0.4683567731220026   0.2477856146315739
2847.38   97   -0.4683564837943841   0.31597311641125375
2871.46   98   -0.4683562007968416   0.002699537535022564
2895.35   99   -0.46835620772834274   0.22866452219499356
2952.22   100   -0.46835687567198414   0.0024383938047069656
0.0   0   -0.4683568757923357   0.30394272162964364
113.92   1   -0.468356555878678   0.002778507243825297
333.38   2   -0.4683560876192484   0.2237660921782151
480.73   3   -0.46835587905839354   0.23434484635598993
520.33   4   -0.4683556900214428   0.3306805797813614
585.31   5   -0.4683554492269829   0.004885327607398857
606.41   6   -0.4683554591075847   0.3017725835816023
646.4   7   -0.46835517964573836   0.3105556798846476
666.62   8   -0.46835501319990436   0.23207581112786158
698.35   9   -0.46835570313334596   0.21877526092704017
764.55   10   -0.4683553839244428   0.0034268376086313353
798.61   11   -0.46836218389374107   0.0013944884232663438
832.83   12   -0.4683674247497993   0.0016490386509257554
851.69   13   -0.4683705232891847   0.25453518063102326
882.44   14   -0.4683704329709134   0.002528247151199671
896.38   15   -0.4683708142787854   0.0016386489436825537
1074.12   16   -0.4683704474442415   0.29768664605366113
1242.04   17   -0.46837044725964566   0.30648544632559005
1261.47   18   -0.4683703322501516   0.28260139822335645
1293.82   19   -0.46837001633516834   0.2437268841408668
1341.9   20   -0.4683700142766444   0.2878226927577296
1402.64   21   -0.4683700136735516   0.28352437186696244
1511.03   22   -0.4683695489355925   0.00481602044565267
1527.07   23   -0.4683702529498301   0.250002430385837
1542.72   24   -0.46837043057636146   0.2836013938143608
1553.3   25   -0.46837057847788793   0.3141099384078902
1562.99   26   -0.468370582806169   0.2990709422648555
1580.77   27   -0.46837059042902096   0.28832006941301114
1618.74   28   -0.4683704748309311   0.26043480847011086
1659.6   29   -0.4683702413559858   0.28283189475894854
1676.97   30   -0.46837005060205145   0.25501269229386253
1690.89   31   -0.46837001294128733   0.22057752810438178
1712.73   32   -0.46836994040547186   0.2651309816992723
1772.41   33   -0.46836949695214136   0.29148406550319933
1815.39   34   -0.46836904485271763   0.28788961574464594
1945.03   35   -0.46836886787654586   0.2787814521373963
2068.7   36   -0.4683685373986518   0.27041402629404476
2082.17   37   -0.46836852470929363   0.2462381086845505
2094.49   38   -0.4683689159065676   0.23858249408897386
2129.6   39   -0.4683686541681735   0.005302871583532645
2138.03   40   -0.46836865755726664   0.24512715978716532
2155.95   41   -0.46838056466150935   0.30969547031449846
2172.82   42   -0.46838030525045526   0.3068119922540251
2207.77   43   -0.46837999920592926   0.0028015108714678732
2233.09   44   -0.4683803496098774   0.23992222560705276
2273.81   45   -0.46838005716601266   0.23384903154247388
2292.71   46   -0.4683798396036343   0.3132966995652268
2332.8   47   -0.4683795158478874   0.2595995496887461
2347.49   48   -0.4683794772281628   0.0030489574229007844
2410.17   49   -0.468379445139257   0.2873404282105251
2420.27   50   -0.468379334431435   0.24837487154868307
2550.36   51   -0.4683794629049489   0.30019428080156485
2617.26   52   -0.4683790833286146   0.00342863517523557
2645.02   53   -0.46837919210113566   0.29212827192083635
2653.61   54   -0.46838431872014563   0.0009930923013619997
2666.49   55   -0.46838432056487034   0.0009885258485187313
2680.83   56   -0.4683856132209647   0.0007529509560148983
2698.73   57   -0.4683878957649048   0.001007583500080706
2715.4   58   -0.46838911050196835   0.0015536187793167412
2733.17   59   -0.4683933862468003   0.0011027345763664675
2750.09   60   -0.46841136322245314   0.0013103841545014005
2758.49   61   -0.4684143919472772   0.0009780657507273056
2772.53   62   -0.4684190925954007   0.0011028008827988116
2781.41   63   -0.4684195720748286   0.23564825951750187
2789.9   64   -0.4684255906413271   0.0011029673295036694
2853.48   65   -0.4684255928642095   0.3070608814558756
2950.97   66   -0.4684253221500237   0.26395393555722163
2987.85   67   -0.4684248898561394   0.24842150794556533
3038.65   68   -0.4684244953675035   0.2806231764985479
3046.79   69   -0.4684241394180453   0.0019040722131561556
3063.32   70   -0.4684241438429336   0.2653058963557888
3075.87   71   -0.4684241461765947   0.225367668071928
3084.73   72   -0.46842411444537063   0.1955953050041311
3157.75   73   -0.46842412386318877   0.1925539189270567
3229.53   74   -0.4684239439422281   0.30232882146519025
3249.33   75   -0.4684238757302317   0.28224187383633786
3274.17   76   -0.468423490045562   0.280364553368782
3282.39   77   -0.46842355317652623   0.30417648027408345
3322.79   78   -0.4684233850969716   0.3026552967262659
3350.96   79   -0.4684230288425262   0.2560847647419854
3362.74   80   -0.46842270480177794   0.25889295740697
3394.51   81   -0.4684226602553029   0.32160815727893577
3412.93   82   -0.4684225729922256   0.002051027761978869
3428.89   83   -0.4684225845100824   0.30155819170064246
3505.31   84   -0.46842222698312874   0.2472418996919965
3538.21   85   -0.4684218150049373   0.26349826697513207
3545.89   86   -0.4684216734443424   0.002476140571528762
3567.61   87   -0.4684216767542052   0.31187378118573017
3613.86   88   -0.4684259318487992   0.2872151990728823
3637.93   89   -0.4684256477291754   0.2822434382719923
3658.92   90   -0.46842568715350674   0.21075123662866024
3667.36   91   -0.4684257133747781   0.28245804191146595
3729.35   92   -0.46842560085299645   0.28521393652836285
3797.12   93   -0.4684253369865843   0.23405385397904588
3888.78   94   -0.4684249273610812   0.29070060789389984
3963.92   95   -0.46842450752667075   0.24970185746911333
3982.4   96   -0.4684245856908666   0.32418805761122294
3995.56   97   -0.4684248786529816   0.23829998291921525
4007.17   98   -0.468425483046147   0.002429329290037532
4024.15   99   -0.46842548626899794   0.2534138675319291
4074.07   100   -0.4684257708142223   0.27259783351160594
