0.0   0   0.3244765144672192   0.008320595346368101
123.3   1   0.1454985810941234   0.03935454858534079
203.81   2   -0.0210937470876214   0.015695869093270795
255.58   3   -0.0985695631749465   0.010363677181752167
337.72   4   -0.14374673135820623   0.010194721181024682
418.09   5   -0.2896687133461862   0.01202162347937474
494.4   6   -0.3154791219771744   0.007075738760853541
569.19   7   -0.35942019721973806   0.0062211322107704695
634.7   8   -0.3954863916168358   0.002577357113563228
707.62   9   -0.4114415560753934   0.0021217001822064637
776.22   10   -0.42510042219716443   0.0025602941454719794
850.87   11   -0.44271308336043985   0.002439666022365522
924.78   12   -0.4578954506071853   0.0016452573105440761
999.89   13   -0.46434103689556117   0.0007151852946037493
1049.42   14   -0.46513711668033414   0.00027317315772079105
1096.18   15   -0.46531501569257816   0.0001700492303454759
1167.31   16   -0.4654225582046081   0.00017546447623759278
1240.23   17   -0.4655667605552616   0.00014353516978416785
1314.14   18   -0.465627822354625   6.990125823820321e-5
1381.08   19   -0.46565032128754613   8.852583572103144e-5
1469.2   20   -0.4657176357739836   0.00010325607569740156
1545.35   21   -0.4658013678464489   0.0001407163385333451
1621.19   22   -0.46589270046982595   0.0001437450434382482
1665.01   23   -0.46597389408934636   0.00010109848100532768
1709.87   24   -0.4660113809625802   6.015428218170262e-5
1783.86   25   -0.46602656618887855   4.5537220049185777e-5
1861.18   26   -0.46604087301688407   3.8378060319388926e-5
1912.21   27   -0.4660459232889459   4.2112136375734964e-5
1993.79   28   -0.4660486111280535   2.4334523646101582e-5
2103.28   29   -0.4660638868964034   5.72965238196322e-5
2220.0   30   -0.4662570134422481   0.0002211767578934061
2281.4   31   -0.46626468247968833   0.00023160551931455128
2372.63   32   -0.4664607127756643   0.0003272391790289859
2462.88   33   -0.4669032598661767   0.0003904045194797025
2521.87   34   -0.4672299084525234   0.00022019630499600946
2576.62   35   -0.46746315109263287   0.00019346579904518422
2656.11   36   -0.46767223435993344   0.0003860636995077388
2739.0   37   -0.46812240439864383   0.00029202805690374366
2795.92   38   -0.46836969755970487   0.00027799808263258036
2885.9   39   -0.46869594895948447   0.0001897970605568293
2974.69   40   -0.4688792178447496   0.00023138334523374623
3056.07   41   -0.46898893435617023   0.00018147509587921194
3131.81   42   -0.4691094005404041   0.00016894033310733497
3211.52   43   -0.4692847818710805   0.00013863679813427818
3299.54   44   -0.46950878431593157   0.00022329542816741432
3387.52   45   -0.4698293039127939   0.00021115567036420613
3435.51   46   -0.47007422821108147   0.00018395825980586515
3516.87   47   -0.4702943790133707   0.00016492954919377132
3607.65   48   -0.4705138657184155   0.0001686341495504749
3665.05   49   -0.47065784721053394   0.00024574694342660005
3745.34   50   -0.47075809323606527   0.00011150184843229507
3825.37   51   -0.4708251894925034   8.738978389990839e-5
3925.0   52   -0.4709059369782348   0.00011854340508917128
4019.72   53   -0.4710013890921294   0.00011472734459416462
4105.9   54   -0.47112043601847065   0.00014085121051318048
4193.58   55   -0.47124052614562545   0.00010077368320156915
4283.14   56   -0.4713537790004384   0.00010364494314844336
4342.55   57   -0.4714432951056827   8.932781722162117e-5
4401.38   58   -0.4714825773492813   0.00011999862005465677
4494.1   59   -0.471516523375765   5.563216147246887e-5
4586.15   60   -0.47154092815820264   7.408197175609716e-5
4685.93   61   -0.4715779487317476   5.473604639353052e-5
4778.29   62   -0.471613260444424   7.91704066415939e-5
4840.74   63   -0.4716325689359908   6.014926505812565e-5
4929.57   64   -0.47165117018048536   6.202497221935305e-5
5016.62   65   -0.47166471806774257   7.416060178068338e-5
5101.06   66   -0.47168562306465717   8.296392998444447e-5
5184.17   67   -0.47170965202518655   4.880097037750782e-5
5262.73   68   -0.4717305587461629   6.223962512415231e-5
5348.05   69   -0.47175120711230056   6.757215988492803e-5
5438.06   70   -0.47177865106028427   4.581730532286185e-5
5523.79   71   -0.47179501508461835   5.747917144747194e-5
5575.5   72   -0.4718038201016166   3.5527360289455666e-5
5661.49   73   -0.4718165143248042   3.8223466234657974e-5
5749.24   74   -0.4718335435611241   3.34434922209666e-5
5830.0   75   -0.4718487081093462   3.791697908922008e-5
5912.97   76   -0.4718661769359817   4.291175237624782e-5
5985.75   77   -0.4718784875451702   4.193557844156173e-5
6053.17   78   -0.47189356920438297   3.528510882867445e-5
6119.89   79   -0.4719116297803011   4.632401498879995e-5
6162.8   80   -0.4719217944820282   0.14039107549516583
6336.11   81   -0.4719217956586351   4.875038970959709e-5
6375.24   82   -0.47192203439030456   0.1159104727854039
6617.39   83   -0.47192191841094927   5.282093409566647e-5
6661.76   84   -0.4719222287358303   4.663146094369042e-5
6706.14   85   -0.47192370985413445   4.3956139490668904e-5
6750.34   86   -0.47193365337048643   5.6554829613453335e-5
6816.22   87   -0.4719483280007167   5.114945430974213e-5
6861.83   88   -0.47195494992274456   3.6858885180834974e-5
6927.35   89   -0.4719680832745877   4.6558603152873374e-5
6994.71   90   -0.47197552266291587   4.6562218479430666e-5
7085.6   91   -0.47198306906697984   5.2959732230753996e-5
7158.13   92   -0.471992066433499   4.63988188073268e-5
7229.81   93   -0.47200171332260193   4.495395205519104e-5
7308.8   94   -0.47201103726109017   3.9367821343688325e-5
7376.23   95   -0.47202240222332625   5.588717224678478e-5
7417.94   96   -0.4720288777019061   3.2902879217968956e-5
7484.4   97   -0.4720398275087892   3.3390469634272915e-5
7548.22   98   -0.4720608778751888   4.606477558791404e-5
7610.84   99   -0.47207779881982986   5.54990119352727e-5
7672.16   100   -0.4720967389387254   4.3253697647690066e-5
