0.0   0   -0.08731482686733522   0.010537652849643498
327.29   1   -0.09103699180789593   0.012934492256687174
1045.42   2   -0.19043190306526897   0.04614582580739448
1754.02   3   -0.19287336529407945   0.03582329715384718
2247.59   4   -0.26005465353307927   0.036100850447368736
2737.18   5   -0.2778659554840635   0.02882085594196678
3233.27   6   -0.3015588558413835   0.06580375542565464
3731.5   7   -0.3262521388135532   0.02868940713812786
4207.08   8   -0.33811346400888276   0.02772049507452416
4678.93   9   -0.3523938347466529   0.020280418717322262
4987.93   10   -0.3651778579956057   0.022270429488740928
5536.99   11   -0.37312627283049754   0.01205343139319042
6091.58   12   -0.3756248350865024   0.005541239262808048
6517.12   13   -0.37672552877149423   0.005550265113111656
6906.6   14   -0.3777234018743379   0.003703966665744521
7346.37   15   -0.3783428110359006   0.004606961416903261
7595.93   16   -0.37868070052950836   0.0014311167756943842
8034.09   17   -0.37877263904084746   0.002034798033057046
8476.45   18   -0.37894811988726945   0.002203810457257239
8936.82   19   -0.3790819080785334   0.001306831718822631
9384.77   20   -0.37929768896459937   0.0014709896660452285
9829.51   21   -0.37953199175297164   0.0017998573647987645
10242.56   22   -0.37976613294501926   0.0024087801225270984
10756.87   23   -0.3801116218160294   0.0026240299566484262
11071.55   24   -0.38041335989108577   0.002339678239662635
11403.11   25   -0.38056597330549724   0.0030918055942446075
11899.66   26   -0.3807643896200259   0.001924016961674425
12333.54   27   -0.3810505399375687   0.002209277204385401
12773.79   28   -0.38137857778310813   0.001533605312602963
13294.81   29   -0.381549635105733   0.0016023589446271212
13830.34   30   -0.3816597339633504   0.001301601259969451
14162.19   31   -0.38175444460581565   0.001194208335772992
14654.93   32   -0.3818610860758129   0.0012880158188186225
15168.1   33   -0.3819624690501423   0.0015986469394377698
15676.06   34   -0.3820609267193026   0.0014644650410593609
16216.94   35   -0.3821743983096065   0.0013927111068987746
16724.62   36   -0.3823391519509672   0.0016551954635280765
17222.51   37   -0.38254851415242364   0.0015601951049832874
17558.97   38   -0.3826832299907952   0.0011945558823624647
17986.2   39   -0.382745009050774   0.0014268797204379513
18112.06   40   -0.3828083532547074   0.0013153181229728348
18211.89   41   -0.38288744831421884   0.0018852759091869179
18314.68   42   -0.3829529200734957   0.000969794150354008
18416.16   43   -0.3830019139588009   0.000782665891481971
18518.67   44   -0.38303832690458   0.0007440494478518763
18624.2   45   -0.3831104016154482   0.0006584351662899334
18731.26   46   -0.3831985210626222   0.001020439083945415
18807.65   47   -0.3832334047337588   0.0012690532007646484
18932.31   48   -0.383271407863754   0.0006728753736808494
19046.28   49   -0.3833122506583738   0.000612679289516297
19171.25   50   -0.38334503442386414   0.0007455993361527488
19295.36   51   -0.38337367967414726   0.000834119702702839
19411.05   52   -0.3834088122920455   0.0008920643081741629
19528.17   53   -0.3834368541968389   0.000548131207336278
19643.64   54   -0.3834576492223159   0.000499531866895284
19747.14   55   -0.38347406481330504   0.0006916041337844434
19870.71   56   -0.3834894414444455   0.0004415504678302202
19981.87   57   -0.38350341890319783   0.0004401666446148783
20081.72   58   -0.3835215779948101   0.0004639270990291045
20178.45   59   -0.3835503953785409   0.0005840501407749476
20275.75   60   -0.38357064426850324   0.000652297470829953
20372.42   61   -0.38358450588138493   0.0005771459338438009
20482.67   62   -0.38360117101520674   0.0007602965485084981
20580.55   63   -0.3836139858553711   0.0007043564388720854
20665.93   64   -0.3836280093067218   0.0004792635537578143
20754.85   65   -0.38364950885958454   0.00041439328612377245
20846.47   66   -0.3836836616972587   0.0008096135031920886
20934.03   67   -0.38370943229218213   0.0006896164128343211
21027.75   68   -0.3837255923889886   0.0004569264143233818
21130.2   69   -0.38373969551611137   0.0004821379376593244
21227.65   70   -0.38376231577102815   0.0006634031507860746
21335.23   71   -0.3837884886041365   0.000488365976008294
21443.98   72   -0.3838030486453754   0.0004490159815751167
21511.95   73   -0.38381527635624674   0.000425250047196239
21578.47   74   -0.38382617772379146   0.0005753748232915459
21705.54   75   -0.3838401046381089   0.0004163398458739022
21809.62   76   -0.3838507923965697   0.000461727792032246
21920.71   77   -0.38386162208858826   0.0004958544534944814
22038.62   78   -0.3838751587714371   0.00034579827952517175
22146.05   79   -0.3838868803242683   0.0003698649348653957
22251.96   80   -0.38389716158325665   0.00032991561692071
22353.41   81   -0.38390668636736947   0.0004046770845103082
22455.69   82   -0.3839181147781874   0.0004717632340713418
22525.72   83   -0.38392628695295383   0.0006229881680423762
22628.42   84   -0.38393364397979546   0.00024379670937460483
22744.09   85   -0.38393926797427175   0.00041608783296595645
22844.05   86   -0.38394372624757206   0.0004841200613819353
22977.14   87   -0.38395007115597846   0.00030758590746819724
23086.46   88   -0.38395802499355786   0.0002450229940294134
23192.57   89   -0.38396448413092577   0.00022035275105316136
23320.34   90   -0.38396857850002614   0.0003050919397395749
23404.21   91   -0.3839739400635657   0.00030401280734448655
23478.58   92   -0.38397743971742626   0.00025665396994368524
23564.53   93   -0.38398247076927916   0.00026794922966881334
23663.21   94   -0.38398582424249295   0.00027782704667828073
23750.11   95   -0.383989463471619   0.000245225517186251
23851.01   96   -0.3839930318730488   0.0002026236095077762
23948.98   97   -0.3839967586053372   0.00018379314621125967
24047.25   98   -0.384001179556398   0.0002822460559246406
24113.69   99   -0.3840032573717086   0.00018379391320302022
24216.25   100   -0.38400570757730723   0.0001301432742387607
