0.0   0   -0.08039759499376037   0.03747406081970539
13.49   1   -0.09245642795272425   0.054198101361421704
34.9   2   -0.20793290177234577   0.30076551124582407
51.48   3   -0.20996747383712244   0.29212547514307075
103.65   4   -0.21070988610231065   0.28807881098999705
256.46   5   -0.2107097971197493   0.4035182441541325
360.52   6   -0.2107096974750151   0.3971741113898943
434.85   7   -0.21070968071171242   0.3928252285125038
590.99   8   -0.21070966299212568   0.2570484836023985
691.16   9   -0.21070966298954708   0.4153262737415146
731.93   10   -0.21070960042824805   0.31787902055296097
804.47   11   -0.21070939240431263   0.39227388620281695
835.97   12   -0.210738755537449   0.3416246604953382
888.16   13   -0.21073867334439256   0.3738480116660784
902.7   14   -0.21073851120424714   0.4130630583882998
951.54   15   -0.2107384964205668   0.23257640937788682
991.47   16   -0.2107384789717912   0.37711077537428267
1032.21   17   -0.210738446320658   0.3009470190634424
1056.43   18   -0.21073845295814678   0.355543711769432
1065.94   19   -0.21073844990540966   0.3168447172866993
1087.15   20   -0.2107383622471649   0.23496925716453895
1101.36   21   -0.21073843599516762   0.42245156176388726
1200.48   22   -0.2107382381970045   0.38462582755387265
1277.68   23   -0.2107382344986889   0.2516119522644594
1337.55   24   -0.2107380987900906   0.3187250546827113
1409.49   25   -0.21073796239025375   0.22236488884896816
1474.83   26   -0.21073789817861013   0.2362747701121413
1545.0   27   -0.21073776830828256   0.2667319730868105
1696.72   28   -0.21073776830517388   0.20315531977596596
1707.41   29   -0.21073776836469552   0.2789434411077702
1733.01   30   -0.21094370721671335   0.40014495512438475
1743.28   31   -0.21099761030120867   0.4255862522294356
1781.72   32   -0.21578699675823987   0.2807758476839422
1891.97   33   -0.2157868335197331   0.4383532116425833
1910.11   34   -0.21668257802943694   0.2244886932608704
1938.01   35   -0.2169605728443912   0.32042809745313733
1949.93   36   -0.21738857942372594   0.3274115442725328
1972.0   37   -0.21755589797438152   0.320929330067735
2092.53   38   -0.21755568106840117   0.3942368021885215
2163.33   39   -0.21755561710587384   0.3464048969134021
2277.42   40   -0.21755540600520734   0.309529114181659
2368.97   41   -0.21755523170957386   0.3402849792895093
2447.89   42   -0.2175551975218388   0.3453168331765638
2470.32   43   -0.21755548004380684   0.4086076874788153
2481.76   44   -0.2175554980828689   0.4150389523558498
2493.41   45   -0.21755643264786922   0.23583409014084988
2510.14   46   -0.2175678710922027   0.32826441589490457
2571.05   47   -0.21756777355594437   0.40382988210642184
2581.88   48   -0.2175676580822335   0.4130452475091036
2592.42   49   -0.21756761248287118   0.34164606991893887
2619.42   50   -0.21756756517728387   0.39612547381439067
2685.1   51   -0.21756739457490218   0.29073867418003724
2700.58   52   -0.21756739394184793   0.3985619434570862
2712.38   53   -0.21756740958405252   0.2954127667748537
2728.21   54   -0.21756739446604137   0.3816681803402657
2747.81   55   -0.21756739418108584   0.38048793659768115
2775.74   56   -0.21756733464821212   0.3355419675110626
2786.74   57   -0.21756746231274426   0.28012879811691654
2808.98   58   -0.21756781533193245   0.3725198577702754
2831.69   59   -0.21756873057858242   0.2714272407397939
2859.78   60   -0.21756970812480506   0.35515474938722597
2869.17   61   -0.24098741520001088   0.06410726047840756
2882.38   62   -0.2887041454679412   0.05199307927231722
2892.6   63   -0.3031921732065039   0.032553159440365666
2906.64   64   -0.3128532866330003   0.020020701412502378
2921.2   65   -0.3185018000181165   0.031594251020913997
2935.87   66   -0.33064809008755713   0.050380453589480234
2947.66   67   -0.3360482818337075   0.052458050399862254
2957.8   68   -0.3498949592487471   0.04638191002458704
2982.33   69   -0.3581809931847195   0.3470066135764604
3091.6   70   -0.3581807100855168   0.2451266604437356
3225.13   71   -0.35818044353057543   0.03745679991589887
3242.94   72   -0.36400485413846706   0.026219459613143387
3254.17   73   -0.3700112873844335   0.4241780536893262
3317.08   74   -0.3700111220748746   0.01771336649998278
3327.75   75   -0.3706529254668024   0.26900887144905156
3364.4   76   -0.37070141956920877   0.02056105653535747
3374.55   77   -0.37081901720317906   0.348165550847463
3400.75   78   -0.37096620961909504   0.3699640717976229
3416.6   79   -0.37120820086849954   0.024601204059813975
3432.35   80   -0.3713696621617979   0.022886697420500323
3441.76   81   -0.3726599927916583   0.017053920696161063
3476.88   82   -0.3732656219048568   0.38517373774986813
3558.4   83   -0.37326525850848824   0.2973660126819691
3641.76   84   -0.37326500011615765   0.27267679297812175
3741.6   85   -0.37326489646807953   0.2985156382421213
3839.89   86   -0.3732647318390408   0.020707341258961145
3869.8   87   -0.37358360409019487   0.3610797955870313
3933.73   88   -0.3735835321016039   0.29931619337179355
3944.68   89   -0.3735839161256547   0.3166285266717568
3996.34   90   -0.37358388968568873   0.015790544301667854
4026.55   91   -0.3736760445332624   0.3937311407339632
4061.95   92   -0.37367581509176556   0.015508783674305143
4081.86   93   -0.3737282468856351   0.015860526920635283
4104.58   94   -0.3737363122441832   0.38603225999613877
4129.74   95   -0.37373595832865236   0.015836326230913186
4162.03   96   -0.37376425523565693   0.016599194551977628
4172.28   97   -0.3739573076550699   0.016873186488041488
4190.11   98   -0.373972631569451   0.2644518341250921
4218.07   99   -0.3739742314653609   0.016497821176446104
4238.91   100   -0.37401503970015026   0.017199807349562772
0.0   0   -0.37401503970110306   0.3159853512470454
47.77   1   -0.3744504721727197   0.0383590334168048
72.95   2   -0.37506848109549323   0.3352932257611831
220.58   3   -0.37506811879139007   0.057218520117047734
240.4   4   -0.37653020763778217   0.02806655850988979
255.05   5   -0.37684209016780346   0.36335901768667345
355.85   6   -0.3768417973835808   0.04942148577651269
365.79   7   -0.3769683009236867   0.04554647661493084
376.88   8   -0.3776133147125541   0.0143729404203066
391.79   9   -0.37791373344438933   0.013369117692081201
419.86   10   -0.3781854209202012   0.264799122688335
435.51   11   -0.37818518514082766   0.008666640451921429
455.64   12   -0.3781929860167416   0.006175224844519813
464.97   13   -0.3782045533918934   0.006381261651560285
474.45   14   -0.378398083397676   0.0038087147997603325
484.85   15   -0.3785614376750985   0.2870765644367413
506.18   16   -0.3785659180486145   0.34905523335264466
526.69   17   -0.37856888985480597   0.005484415415821937
560.74   18   -0.37856950551067553   0.006042838622704732
570.66   19   -0.378582345559337   0.41956340733104097
615.86   20   -0.37859209196133436   0.37974935610363286
656.58   21   -0.37859205449512184   0.004878308920651274
690.08   22   -0.37859841344122125   0.009119227687709484
711.21   23   -0.3786227912040838   0.002879967783878347
725.72   24   -0.37865130603181996   0.0021724297591532247
753.1   25   -0.3787295795381721   0.32002041338656667
778.49   26   -0.378729786553008   0.316881935051466
823.08   27   -0.3787294586817332   0.006117393560311821
1139.08   28   -0.37872929066768907   0.00530485768097515
1147.03   29   -0.37873665472909   0.0035272448181598273
1156.91   30   -0.3787541547097385   0.0025656937126780992
1169.25   31   -0.3787816802810767   0.003833534306503979
1177.17   32   -0.3788009317486647   0.3517248634654596
1193.81   33   -0.37880111220672597   0.002411282177894719
1201.78   34   -0.37880327084959364   0.0020425703797168175
1214.28   35   -0.3788053524580909   0.0016934942490632913
1222.4   36   -0.3788165260311747   0.003466751727764731
1479.74   37   -0.37881624209519055   0.346473175902
1558.07   38   -0.37881611531398524   0.23606998824819725
1582.85   39   -0.3788172122031898   0.0073987035715039695
1591.25   40   -0.37881734307301   0.31781602694175726
1630.87   41   -0.3788254696347634   0.3648459193264067
1661.45   42   -0.37882807789876627   0.32778545495987316
1712.75   43   -0.3788277083474554   0.00493316614661894
1730.59   44   -0.37883619036057303   0.34093238746564164
1760.12   45   -0.3788361418850289   0.3194057976870791
1794.26   46   -0.3788358367870748   0.3686211488717434
1802.64   47   -0.3788359269478737   0.39268066013640723
1862.06   48   -0.3788362182937926   0.003317372282048233
1888.05   49   -0.3788523657365586   0.00641702240827056
1901.94   50   -0.37887238193707434   0.0028975402166452635
1915.51   51   -0.37888828658931906   0.002101100655128874
1928.85   52   -0.3789071741551906   0.002700962315709278
1941.95   53   -0.37892811980937136   0.3568449515486687
1970.32   54   -0.3789279623943488   0.0029583603828169823
2173.36   55   -0.3789283479679487   0.002554933325010399
2187.37   56   -0.37893919918330127   0.0032263116141574796
2230.2   57   -0.3789558392174874   0.005651938886418282
2271.84   58   -0.3789713558201058   0.00584629102018836
2280.77   59   -0.3790239103641066   0.38861026817583005
2310.0   60   -0.3790237129320979   0.2893584873969018
2377.53   61   -0.3790235750256079   0.0022375482863657065
2390.93   62   -0.3790283800665145   0.0018491459549431011
2405.28   63   -0.37904042791445847   0.0014042575454819419
2433.04   64   -0.37906634855809435   0.008247109616960497
2448.06   65   -0.3791130420459715   0.3139510444532964
2466.95   66   -0.37911601537817485   0.0031647393606463216
2476.44   67   -0.3791313338038958   0.3338161290856946
2485.62   68   -0.37913166931159625   0.004380168428118759
2495.99   69   -0.3791425490459775   0.0023610510083935856
2505.53   70   -0.37915085238280466   0.0037225928861623785
2528.58   71   -0.37916515440331117   0.3325845028246214
2576.39   72   -0.3791649123343587   0.0041205181920171835
2590.37   73   -0.37917294719912964   0.003691852005730943
2612.32   74   -0.37917339006240347   0.0037224972478612514
2623.13   75   -0.37920011034162604   0.0043429995722167655
2633.05   76   -0.3792788351954992   0.39026663319386296
2662.65   77   -0.37927897701445157   0.004053575414739133
2681.82   78   -0.3792936141207334   0.39646946717365156
2729.64   79   -0.37929347170998495   0.003308248388939183
2738.84   80   -0.3792946937923366   0.29741522734523157
2754.13   81   -0.3793021050063727   0.367103965797907
2773.16   82   -0.37930183139845197   0.0031376927672557365
2782.95   83   -0.3793026859395053   0.3086320731359381
2792.77   84   -0.3793036286035464   0.0028067750787063297
2802.8   85   -0.37930394161049785   0.33436458447089035
2823.39   86   -0.3793062986972843   0.002989893319830336
2837.55   87   -0.3793077901271301   0.003267334486530634
2854.08   88   -0.37930839289257634   0.003401879049243211
2864.91   89   -0.3793152626623605   0.004178681154891355
2889.93   90   -0.3793190065612799   0.004820830457055273
2907.94   91   -0.37933725044948796   0.004668197627163536
2918.87   92   -0.37933732339189336   0.004715968678613344
2928.57   93   -0.37934826148806344   0.2679626390748864
2968.01   94   -0.3793482608925701   0.002849158594079249
2991.64   95   -0.37934892430576606   0.36645831857222805
3005.26   96   -0.3793489462194125   0.0027316086800226558
3067.48   97   -0.37934879234763075   0.37120045321650164
3183.89   98   -0.3793487686763332   0.0029735384757243557
3197.43   99   -0.3793499049117668   0.0026324856902533904
3236.69   100   -0.37935003671402917   0.3185336119658753
0.0   0   -0.3793500367141085   0.003007267056016882
77.73   1   -0.37935619163663753   0.0026001726710044378
170.54   2   -0.37937437714417865   0.39047163633866394
380.67   3   -0.3793741639975762   0.333577688606273
637.84   4   -0.3793740036020803   0.002258164494451324
681.23   5   -0.3793740052847696   0.38840489014313045
787.2   6   -0.37937401608780985   0.41070356364199806
1169.61   7   -0.3793741080147656   0.0022052985430818664
1374.24   8   -0.3793758160853107   0.0020359070610706065
1449.77   9   -0.37938802076686406   0.0017097043103199909
1522.24   10   -0.37939753625953826   0.00529523426691477
1636.3   11   -0.37945098677091604   0.00394776152011678
1797.66   12   -0.3794924061094226   0.0021289598496872144
1882.28   13   -0.3795306369909425   0.0028623216512754304
1937.19   14   -0.3795423061753114   0.00258235056057449
2022.38   15   -0.3796138254781746   0.002680886536901412
2160.4   16   -0.3796583805571755   0.31707574761405827
2415.64   17   -0.37965800699544916   0.0031580122060912985
3840.04   18   -0.37965869480131575   0.0027667667649252346
3996.51   19   -0.37968377432030465   0.003720102650615052
4051.63   20   -0.37969249178394693   0.29144894999479976
4110.44   21   -0.37972615645981084   0.0023532686270892234
4248.91   22   -0.3797423042978885   0.0022538514172772313
4330.81   23   -0.37975735363058977   0.39310938928541606
4440.22   24   -0.3797573697094701   0.002814682969758427
4490.17   25   -0.3797593976279393   0.36016501115258487
4589.14   26   -0.37975974003818014   0.0022924474974917626
4641.67   27   -0.3797597480600403   0.2903617629299864
4717.74   28   -0.37975958953831446   0.0021885170072101128
4765.65   29   -0.37975971081984816   0.0022606609013047607
4815.28   30   -0.37976137544577904   0.002207239349363491
4865.86   31   -0.3797664164091149   0.002695877333429936
4919.69   32   -0.3797736530361824   0.002348053594343751
4977.13   33   -0.37982928740737876   0.004204909528842315
5362.62   34   -0.37983511319077073   0.2610279002377886
5581.03   35   -0.37983533584938034   0.3754752594035158
5625.57   36   -0.379835335849071   0.2898326138289682
