0.0   0   -0.564230724509423   0.14509889276638666
1784.44   1   -0.5642303322436855   0.16373756526250538
2344.35   2   -0.5642300156339517   0.20597643103541943
3077.86   3   -0.5642294849456058   0.16910686162830535
3674.03   4   -0.564228937657589   0.18710585933639035
3869.22   5   -0.5642289006554139   0.1832992723945985
4082.14   6   -0.5642288558745545   0.219992695755147
4339.82   7   -0.5642286483935632   0.1696607696683872
4425.16   8   -0.5642285560956797   0.17166388281945116
4509.79   9   -0.5642285142137048   0.14863543012357808
4565.36   10   -0.5642283333083101   0.17498750416096256
4845.53   11   -0.5642278523077016   0.10697332320889293
5168.94   12   -0.5642278173995104   0.1998429200759203
5632.69   13   -0.5642274157235746   0.12471230985043494
5807.89   14   -0.5642715193184779   0.006620905560709384
5863.11   15   -0.56427261658959   0.1778798559357259
5917.49   16   -0.5644581510709922   0.005484440639313528
5992.63   17   -0.5644591563992855   0.005051204445117587
6058.22   18   -0.5645261896080229   0.0036418402625931568
6124.28   19   -0.5645719426254647   0.004426688376736402
6190.46   20   -0.5646215975429377   0.0027655772654677385
6256.45   21   -0.5646516362105997   0.0022048288766746515
6321.33   22   -0.5646735712170942   0.001690007491337156
6387.57   23   -0.5646877428488142   0.0018520016805690699
6453.33   24   -0.5647044669737078   0.00126150683434797
6518.46   25   -0.5647114645936839   0.0014633422116248076
6585.75   26   -0.5647197754966522   0.0008451905101673663
6652.99   27   -0.5647268258758558   0.0009487298138213147
6721.44   28   -0.5647315724998649   0.0009526423392120034
6788.8   29   -0.5647388862643397   0.000834164217017711
6856.0   30   -0.5647435292539047   0.0008195816401464846
6921.07   31   -0.5647470796011881   0.00059072736535372
7009.23   32   -0.5647538211081163   0.0006058163554144495
7073.32   33   -0.5647577032085144   0.0005552906163871649
7138.99   34   -0.5647618864226338   0.0007090874565353817
7203.89   35   -0.5647666724248979   0.0005732610189941523
7268.57   36   -0.5647699720703486   0.0005922139579739034
7344.49   37   -0.5647748880310632   0.0005830539072786663
7424.79   38   -0.5647779981280333   0.000556225394321054
7489.96   39   -0.5647801829759849   0.0007813066590568945
7552.08   40   -0.5647816580824753   0.000471009590793678
7616.26   41   -0.5647836599131689   0.0004325545001752984
7682.45   42   -0.5647865859963308   0.0005049146043989868
7748.88   43   -0.5647881866892731   0.00039161362412662876
7815.33   44   -0.5647898996995316   0.0005889933384942589
7884.32   45   -0.5647922209388442   0.000342208528161034
7939.75   46   -0.5647942276453466   0.0005648809873944463
7975.91   47   -0.5647955300533813   0.0005568085017572985
8036.14   48   -0.5647975887080801   0.0007715360108469371
8096.82   49   -0.5647999491207525   0.0005445484364599589
8159.11   50   -0.5648019885066946   0.000670229369547047
8220.64   51   -0.5648044310469963   0.0006268078662054606
8277.64   52   -0.5648064226358014   0.00040580458235333017
8334.38   53   -0.5648085919731054   0.0004930760189983002
8385.36   54   -0.5648110095388374   0.0005938450450510647
8438.01   55   -0.5648132079284551   0.0004661152371640839
8490.48   56   -0.5648155234700543   0.0005067655317995609
8543.57   57   -0.5648175054092338   0.0004778085461257722
8597.67   58   -0.5648197704743738   0.0004746045152965812
8652.92   59   -0.5648229649528544   0.0003174705093469973
8706.07   60   -0.5648266162181148   0.0003609852275500846
8740.16   61   -0.5648282734933923   0.0005149820453423119
8775.15   62   -0.564829402915789   0.0006068370774073055
8824.63   63   -0.564831284303071   0.00034699407638533094
8877.04   64   -0.564833587352504   0.0005269287149456967
8928.85   65   -0.5648360945598041   0.00039043743338975864
8980.4   66   -0.5648378927879499   0.0003898850538865961
9042.46   67   -0.5648394126890027   0.0004855998967721712
9093.89   68   -0.5648411346704431   0.00035064516960509734
9147.38   69   -0.5648427151687366   0.0002940173903022546
9198.6   70   -0.5648462897826332   0.0004185251914270096
9232.51   71   -0.5648478858461756   0.0006638169243443115
9285.43   72   -0.5648503143036668   0.0005273632100618001
9336.64   73   -0.5648523671827442   0.0005888767662103542
9389.31   74   -0.5648538906378648   0.00044393575014568907
9440.63   75   -0.5648559179760373   0.0003486224881742897
9490.37   76   -0.5648585376924575   0.0005102259355055546
9542.7   77   -0.5648607102377385   0.00036133863189440806
9593.51   78   -0.5648625111473499   0.00033824396688334445
9645.99   79   -0.564864436404937   0.0003984576798244905
9699.13   80   -0.5648658740412731   0.000430520720105703
9750.72   81   -0.5648674536365746   0.0004062249385573228
9804.13   82   -0.5648689621982202   0.00031109648947292147
9856.76   83   -0.564870137411065   0.00045082218145788146
9908.44   84   -0.5648709070245683   0.0003548549187434334
9959.6   85   -0.5648722381158859   0.0003689653749573881
10009.34   86   -0.5648735328828848   0.0003890130726559417
10059.1   87   -0.5648744875657141   0.0003706920462792757
10108.51   88   -0.5648759757750452   0.0003435601371897641
10159.17   89   -0.5648773675435859   0.0004985706865610101
10209.94   90   -0.5648789051468587   0.00031460728817797834
10259.64   91   -0.5648805107849916   0.00026325832256460935
10310.31   92   -0.5648823894453685   0.0003271693736251832
10343.44   93   -0.5648830483676577   0.00031566555084818236
10393.06   94   -0.5648840566319653   0.00040056600060960334
10443.88   95   -0.5648852231278152   0.00024843439349744336
10493.56   96   -0.5648861113379023   0.00025643283916545247
10544.09   97   -0.5648868480811291   0.00022984507994434846
10593.33   98   -0.5648881050017032   0.0003393065408438377
10643.12   99   -0.5648891925879101   0.0003569647503517359
10699.79   100   -0.5648901111314715   0.0002431098801368184
0.0   0   -0.5648901091248614   0.00025456859359928376
262.33   1   -0.5648904140245599   0.00021558457457555405
809.59   2   -0.5648905741731669   0.2030209066772612
1072.25   3   -0.5648905352091319   0.000303309880602517
1499.14   4   -0.5648905680708718   0.00023501527765099916
1807.2   5   -0.564890781499843   0.0003324182739939247
2398.25   6   -0.5648909993576727   0.00022863316909975967
2856.2   7   -0.5648914347141265   0.00027574242453587465
3301.17   8   -0.5648917045303109   0.0003520149603609098
3671.17   9   -0.5648922122956276   0.00019604638332900142
3978.1   10   -0.5648925908154723   0.00027318818716940227
4241.09   11   -0.5648929328827654   0.0002815322005803776
4525.14   12   -0.5648935463911022   0.00040591631107273786
4829.77   13   -0.5648939875034642   0.00021719003513933315
5167.24   14   -0.5648942832387198   0.00022935279393266304
5494.19   15   -0.5648948470956558   0.0001906728330659075
5833.45   16   -0.564895334419343   0.00030511284073156847
6168.24   17   -0.5648956892110637   0.0001739585570255195
6615.27   18   -0.5648963175027263   0.00018311237485098625
6961.9   19   -0.5648967070801619   0.00018986337480027564
7304.81   20   -0.5648970512672407   0.00016599495219660768
7636.12   21   -0.5648974765788274   0.00023385525364868706
7970.98   22   -0.5648981865758471   0.0002253538073971514
8373.31   23   -0.5648989960735213   0.00024377110995602643
8681.09   24   -0.5648998574663255   0.00021342570718081686
8990.65   25   -0.564900614712619   0.00017563093041634794
9295.85   26   -0.5649013088201013   0.0003317525037014214
9565.44   27   -0.5649016387100118   0.00025145043696438813
9767.03   28   -0.5649020675661036   0.00018452290640929398
10063.94   29   -0.5649027163523005   0.00026789459104553345
10267.08   30   -0.5649029373633331   0.00028940691075607275
10574.58   31   -0.5649034170129027   0.00023337504703844534
10839.95   32   -0.5649042209390813   0.00022962973136278145
11036.21   33   -0.5649045721573174   0.0003430253158363474
11335.84   34   -0.564905310470266   0.00024297081599764647
11656.33   35   -0.5649061912808726   0.0004867334831341443
11882.45   36   -0.5649066011182267   0.0002510542185411227
12239.14   37   -0.5649070377781787   0.0001897503863321038
12573.75   38   -0.5649079775741587   0.00038952668258501554
12799.17   39   -0.5649085224425985   0.00025984231577396024
13134.83   40   -0.5649093031135961   0.0003146961913702731
13476.46   41   -0.5649103347880519   0.00030131714775513224
13808.44   42   -0.5649109473937833   0.0002684140473509806
14144.25   43   -0.5649115387456657   0.00021761355351332978
14473.87   44   -0.5649120861268405   0.0002675116149950344
14905.11   45   -0.5649130149108625   0.0002946905595110989
16057.18   46   -0.5649114522108726   0.1588262591223274
