0.0   0   0.3811729359209379   0.10327365716139529
18.09   1   -0.1176576399732119   0.21535522399992596
32.37   2   -0.3333832505919913   0.08735406008793455
47.66   3   -0.37026894729642595   0.07704007342391297
61.68   4   -0.4115096924218564   0.06983974464490415
87.27   5   -0.4496483277878761   0.06857165966532973
103.1   6   -0.496505764301353   0.0373024403647902
119.28   7   -0.5201566516315672   0.05289161862000383
140.05   8   -0.5390542451679151   0.015527701420205141
155.25   9   -0.541881895366402   0.26763321244457616
168.28   10   -0.542021833219754   0.007260398173391951
181.28   11   -0.5423402770162293   0.005677300293428777
213.89   12   -0.542896027130112   0.009080777963414588
223.07   13   -0.5445820075006493   0.008580421514899525
235.89   14   -0.5465339665478044   0.004060788096280439
259.85   15   -0.5479539607389557   0.00874926734243446
273.18   16   -0.5518324536982879   0.007306610846799077
282.59   17   -0.5531236026467405   0.004759254302834294
292.33   18   -0.5541093972752142   0.0038536992240124687
306.97   19   -0.5546318826919986   0.0031995326303870704
321.84   20   -0.5551437277315143   0.0019693004558651774
331.16   21   -0.5552398648023904   0.0010348788945869557
345.66   22   -0.5552841461615707   0.0009565783220095988
360.38   23   -0.5553263836388211   0.0006030204523727895
374.91   24   -0.5553457237570506   0.0004719772796964255
389.84   25   -0.5553652758046941   0.0008374517463901943
403.89   26   -0.5554024200387466   0.0006006708362258169
417.85   27   -0.5554197012434462   0.00035618108597453864
437.08   28   -0.555452351008523   0.0005370609515194139
452.05   29   -0.5554772653831117   0.00103670485419465
467.81   30   -0.5555051055176684   0.0006758493595690498
482.32   31   -0.555642904138029   0.002062390133146124
515.65   32   -0.5557542780418069   0.0016926474372746167
535.17   33   -0.5558249601306053   0.002773395294017329
550.59   34   -0.5560502468130597   0.001007807966150903
565.65   35   -0.5561402376958919   0.001034299618016319
588.96   36   -0.5562685569628358   0.0012366099954437511
598.25   37   -0.5563417675041447   0.0010166318860713292
616.73   38   -0.5564266903162396   0.0011601480084024785
634.98   39   -0.5565055350510634   0.2688848331385059
654.33   40   -0.5565885621073695   0.001439618953369757
667.85   41   -0.5565997169280714   0.0012005465046165318
744.8   42   -0.556602923048565   0.24412317684322268
860.54   43   -0.5566029216951329   0.21695217506979195
1038.81   44   -0.5566025029059852   0.2771248491338186
1163.4   45   -0.5566021805581577   0.24020277520002817
1302.08   46   -0.5566020928489243   0.22756429553389085
1367.54   47   -0.5566118314340913   0.22258161217541278
1397.17   48   -0.5566114951976758   0.0012121960965473476
1413.13   49   -0.556611525428134   0.2912867855753948
1428.16   50   -0.5566130538798627   0.2786729737994675
1518.02   51   -0.5566130416803383   0.2056919410615636
1552.36   52   -0.5566127843804808   0.23513350409208866
1596.15   53   -0.5566122304197625   0.29709256985969495
1649.2   54   -0.5566118241816047   0.2693393977502716
1658.04   55   -0.5566117861227771   0.27484864277915333
1687.28   56   -0.5566113882585298   0.27483709043992244
1696.43   57   -0.5566114436214823   0.21191199852145454
1710.53   58   -0.5566112607360097   0.24236045642791854
1765.33   59   -0.5566110246192368   0.261541439779842
1837.23   60   -0.5566104855274695   0.25487141676560104
1892.82   61   -0.5566102627169474   0.2812318539632263
1950.43   62   -0.5566102489650823   0.001218774328334121
1974.27   63   -0.5566102720248893   0.20527997014183633
2052.86   64   -0.5566102168676337   0.24945229849665437
2062.41   65   -0.5566100522358098   0.22425981800909617
2071.19   66   -0.5566096839483136   0.001318923229589489
2100.43   67   -0.5566098087924259   0.2314722482961602
2166.01   68   -0.5566112173376948   0.25018722569750496
2186.84   69   -0.5566109374081059   0.2438482388943256
2267.25   70   -0.5566104629465878   0.2330264347804887
2276.3   71   -0.5566105156991302   0.00132390010563101
2296.34   72   -0.5566105173490029   0.24050338113957553
2324.17   73   -0.5566107054435435   0.00132117153062544
2362.73   74   -0.5566107207568061   0.21831766175028955
2371.3   75   -0.5566107127982355   0.0013210687628890762
2547.64   76   -0.5566132719756344   0.2029467348885498
2639.0   77   -0.5566129680193908   0.2022967152871761
2668.41   78   -0.5566129547726004   0.2536150676680866
2678.13   79   -0.5566129446454949   0.24542292898124057
2692.64   80   -0.5566128136144834   0.21832505731092175
2731.7   81   -0.5566124486968803   0.0034150439215828153
2749.59   82   -0.5566124575536153   0.2274485682386674
2774.63   83   -0.5566361325746251   0.2559114742923264
2831.21   84   -0.556659577140368   0.2325811789884623
2840.28   85   -0.5566615333922664   0.2234455385290194
2874.93   86   -0.5566612237609948   0.003113552321736286
2926.26   87   -0.5566803919891878   0.0028591779183545266
2960.0   88   -0.5567924717222336   0.0005820121984553461
2979.42   89   -0.5568019884306664   0.0004934862175614382
2997.69   90   -0.5568225772121252   0.22745811285607928
3078.78   91   -0.5568221901678789   0.23137031195884478
3088.25   92   -0.5568219745501978   0.22538283186611371
3097.17   93   -0.556822032213124   0.0005692417206184749
3130.88   94   -0.5568224071843598   0.24707326509287075
3177.15   95   -0.5568219790806866   0.0005715868515267553
3246.13   96   -0.5568221414185273   0.23668881792854146
3266.03   97   -0.5568219901275085   0.2579818521095862
3317.53   98   -0.5568214582347243   0.0005921868753001929
3350.98   99   -0.5568226879765485   0.25089314860900463
3367.02   100   -0.5568222137675133   0.0005647933870795358
0.0   0   -0.5568222137676763   0.002050684979340013
14.16   1   -0.556825149504884   0.22847090008449006
41.09   2   -0.556824886855247   0.0017080043862427623
56.16   3   -0.5568249407228871   0.2637738601945333
65.89   4   -0.556824894647799   0.0017069882352658522
91.03   5   -0.5568254372785396   0.0016363683355977738
148.12   6   -0.5568378110869043   0.008096496397183751
158.72   7   -0.5568512153270124   0.007385656428734458
371.75   8   -0.5568533975704865   0.19281704547564396
510.34   9   -0.5568530508033632   0.21982382688234775
537.6   10   -0.5568530087746663   0.2620111746777124
548.53   11   -0.5568531426064487   0.29390258183911283
577.77   12   -0.5568542734936689   0.20740888604846205
593.27   13   -0.556853747146054   0.2717954588759324
620.42   14   -0.5568532373846081   0.007884580889889898
649.38   15   -0.5568556472702664   0.25087551306607186
666.79   16   -0.5568554857714116   0.23822557401330888
723.11   17   -0.5568553206767819   0.27340075106969475
734.84   18   -0.5568561570767205   0.2740359762682826
745.42   19   -0.5568561575727639   0.0077199418942524725
761.46   20   -0.5568564627060857   0.23148545769751833
777.35   21   -0.5568564055847298   0.28335990889969964
788.77   22   -0.556856431406429   0.007707400929440623
811.36   23   -0.5568569615042683   0.24553208072801042
821.52   24   -0.5568567344484299   0.007695652433096967
832.22   25   -0.5568568198385894   0.00769238856450389
855.03   26   -0.5569330608197541   0.28546924396757395
995.89   27   -0.556932543110456   0.2646637012710317
1011.76   28   -0.5569319907346608   0.004460814774152916
1035.21   29   -0.5569320064345863   0.2292660696751081
1057.18   30   -0.5569320204301418   0.21549380176667277
1102.9   31   -0.5569530812229619   0.23939056676823134
1203.69   32   -0.5569526280990803   0.004325779278573464
1219.07   33   -0.5569527068922244   0.2668657680675774
1229.1   34   -0.5569526516608341   0.263233727571682
1245.98   35   -0.5569523920163162   0.27710056020280466
1271.85   36   -0.5569522828388336   0.24153428434432528
1293.78   37   -0.5569520663907512   0.2348453242363905
1315.27   38   -0.5569520135354493   0.28293687805727996
1357.61   39   -0.5569514928727074   0.22707291548922234
1391.6   40   -0.5569543376400552   0.2862965108678746
1441.13   41   -0.5569561711410425   0.0036328155851310467
1468.0   42   -0.5569573915089178   0.19914158431762766
1489.15   43   -0.5569568759540043   0.25358118239349187
1518.84   44   -0.5569571289509613   0.23587062524577482
1610.81   45   -0.5569565727697292   0.2420669248073804
1679.84   46   -0.5569565610010955   0.0026041149441338755
1719.89   47   -0.5569565670676195   0.2312823006893924
1863.91   48   -0.5569560551033147   0.0026405101361724917
1938.45   49   -0.5569582227859579   0.2632766556230846
1953.22   50   -0.5569577346741914   0.00250029698717782
1973.67   51   -0.5569585334668918   0.2326356907222319
1992.34   52   -0.5569581867295088   0.21823940810308537
2002.33   53   -0.5569576947180489   0.002493389092568588
2046.3   54   -0.5569703198322026   0.0032062877651882005
2066.07   55   -0.5569817318842631   0.0017154979312489346
2359.18   56   -0.5569898398182059   0.28100439806335625
2436.87   57   -0.557004872525408   0.006272307152122957
2486.83   58   -0.5570565614537875   0.004213202838682251
2513.21   59   -0.557080931422845   0.0020431082355139726
2527.87   60   -0.5570897630122571   0.002145833287938794
2543.26   61   -0.5571057512369987   0.0024024310427623436
2585.99   62   -0.557124272685818   0.007927364357440417
2601.08   63   -0.557193417101888   0.015692510532850402
2673.47   64   -0.557193390871512   0.00283471445054164
2689.51   65   -0.5572082362247386   0.003181461334004668
2706.99   66   -0.5572930475823241   0.008374644545594886
2717.29   67   -0.5573146570032452   0.0075248976268876885
2738.63   68   -0.5574038096306586   0.004338223116782192
2755.13   69   -0.5574940195369383   0.0034445106231446665
2770.23   70   -0.5575431818342937   0.003514737302359838
2788.16   71   -0.557617965528359   0.0029438792349812948
2805.19   72   -0.5577001922358819   0.004432494650198682
2820.99   73   -0.5578365992888886   0.006202773589414358
2837.64   74   -0.5580187618096092   0.007241139989489548
2855.06   75   -0.5581965102900425   0.2727102656546732
2903.92   76   -0.55819707179931   0.006550367077865206
2918.49   77   -0.5582312310949221   0.0046673186121051705
2928.54   78   -0.5582506210649758   0.006647234293051814
2965.58   79   -0.5583404245879499   0.010786249834606467
2981.72   80   -0.5584961686541712   0.004602648903848581
2996.91   81   -0.5585647602399686   0.005301896723409175
3012.1   82   -0.5586107734344797   0.004998668255876866
3026.7   83   -0.5587155722441601   0.004097899872278944
3036.38   84   -0.5587641234671071   0.2427297213448532
3079.62   85   -0.5587640430447871   0.00620606815456601
3250.24   86   -0.5587636486459436   0.22409194898591875
3395.51   87   -0.5587631966138118   0.21064021867640242
3460.02   88   -0.5587627055999617   0.00461278217629601
3477.04   89   -0.558762926705068   0.2573147980514112
3539.7   90   -0.5587649551834662   0.2205140005775998
3590.01   91   -0.5587652860656874   0.25097275253065754
3640.49   92   -0.5587652255954347   0.2873106887059356
3673.1   93   -0.5587650520930152   0.2763979573770472
3690.49   94   -0.5587646166914606   0.24987892381953222
3701.72   95   -0.5587647299681505   0.2721203740598627
3721.86   96   -0.5587647709936556   0.22900955808710086
3742.05   97   -0.5587647847209909   0.005339293051977464
3752.97   98   -0.5587647912320973   0.27850559392128493
3764.92   99   -0.5587939448710841   0.0060171934656993884
3776.35   100   -0.5587939821985737   0.2647779541886624
0.0   0   -0.5587939822172195   0.24700636467245018
580.04   1   -0.5587937347725528   0.27137984702330786
627.71   2   -0.5587937834071398   0.22711443056717506
679.11   3   -0.5587937803995774   0.3155275946359147
842.28   4   -0.5587935108640992   0.2711494554394356
982.15   5   -0.5587934161072079   0.35185878105008117
1036.08   6   -0.5587933064578067   0.27129312184389986
1087.59   7   -0.5587929934387736   0.25684096946025164
1676.45   8   -0.5587924346800575   0.006500711571928352
1726.58   9   -0.5587924361449429   0.2683198486735826
1803.19   10   -0.5587925387655163   0.2151519376165162
1857.39   11   -0.5587924470709598   0.2551844420250624
1991.18   12   -0.5587959042366095   0.26941661826972246
2110.79   13   -0.5587957029552996   0.009845649633955657
2320.38   14   -0.5588216081745528   0.21838873704828027
2521.71   15   -0.5588210803389946   0.25688953607458037
2569.68   16   -0.558821072709965   0.2376602676315504
2680.86   17   -0.5588208450149162   0.23647880756622686
2765.88   18   -0.5588208315141595   0.0029829113321839787
2926.04   19   -0.55882090461097   0.26372003642845326
3145.44   20   -0.5588206868369078   0.2462523869095406
3304.29   21   -0.5588203329439576   0.002859290227071069
3430.28   22   -0.5588204156722664   0.24912477459367072
3592.13   23   -0.5588199016014929   0.25924220075509113
3649.52   24   -0.5588200085730166   0.284225346504699
3803.15   25   -0.5588234421092827   0.004273314680984483
3860.88   26   -0.5588234505877776   0.22223322207650878
3965.3   27   -0.558826833980231   0.287518493214702
4248.81   28   -0.5588264130186951   0.19230353567425748
4302.5   29   -0.558829231468502   0.25520806873421126
4430.36   30   -0.5588311661511725   0.00987376893117283
4656.94   31   -0.5588373233427785   0.2513341412815211
4982.6   32   -0.5588367686650146   0.22891517316874618
5110.11   33   -0.558836563762474   0.008119185130441776
5184.92   34   -0.5588369028539134   0.23766371392739472
5262.25   35   -0.5588368467739105   0.25480799647417257
5377.76   36   -0.5588367034363191   0.2660785801344751
5495.95   37   -0.5588364662335225   0.2519655583003873
5591.34   38   -0.5588364140854856   0.2523728279194273
5638.01   39   -0.5588364090090036   0.2700142785623242
5970.57   40   -0.5588358654121887   0.24398351978670377
6115.73   41   -0.5588356512279627   0.22287462835050098
6198.26   42   -0.5588357577914057   0.2832386116550584
6257.88   43   -0.5588355501373339   0.25397194913440874
6346.69   44   -0.5588357118099316   0.27887177009506997
6383.37   45   -0.5588357628497391   0.21368802091869754
6441.49   46   -0.5588387923730755   0.25563230525620995
6607.41   47   -0.5588387393113293   0.008210479509454877
6674.17   48   -0.5588389257323942   0.20769891008878216
7124.18   49   -0.5588384973961925   0.3540364181432798
7481.5   50   -0.558839690482806   0.23857440178194023
7559.64   51   -0.5588480858082202   0.22240274974450686
7642.05   52   -0.5588479543048724   0.0062143908962995955
7769.75   53   -0.558848424684339   0.2140998272422544
7870.65   54   -0.5588634322538628   0.31902210963909383
7954.47   55   -0.5588644771468082   0.22604552306350645
8230.98   56   -0.5588640149463386   0.30898898641321665
8380.93   57   -0.5588636632810577   0.30578048648144224
8459.79   58   -0.5588633077425083   0.00468905450767118
8614.0   59   -0.5588642334385905   0.07819380799258616
8665.17   60   -0.5588796821529481   0.004196408512555227
8769.34   61   -0.5588797246196037   0.2602472128224475
8876.36   62   -0.5588974068549432   0.28738000676236375
9062.58   63   -0.5588968720654117   0.0031927604837698694
9298.3   64   -0.558897522118732   0.24446922343693653
9635.95   65   -0.5588994574166907   0.0030262310936402643
9764.61   66   -0.5589133746763661   0.0020174066901843045
10001.81   67   -0.5589464302153886   0.20345615165229267
10064.27   68   -0.5589464302156777   0.2687105107166372
