0.0   0   -0.250669709157747   0.08590673977899224
11.02   1   -0.261843518332639   0.100065987849002
23.63   2   -0.2843644638515123   0.08735852486155027
38.44   3   -0.299603677954663   0.21581769649854962
47.83   4   -0.3376791997646107   0.03562365396813785
56.59   5   -0.34125044089261414   0.24806010711818616
64.56   6   -0.34219920851365215   0.03833399454576512
77.29   7   -0.3468804098841816   0.040950156735728334
86.09   8   -0.3560165195381165   0.05299772965526215
96.29   9   -0.36335908948693824   0.17536615876011388
122.53   10   -0.36345595662492236   0.02487504799514826
134.26   11   -0.3635445413970419   0.023004305924146054
156.65   12   -0.36498744533925465   0.011936438724350152
177.58   13   -0.36545760755963763   0.22727094720757438
190.55   14   -0.3654663926529893   0.017472698754520722
198.88   15   -0.3657862413275856   0.21707916341782724
257.76   16   -0.3657860344959461   0.0081589793996555
275.17   17   -0.365923610369365   0.15689227057724386
314.61   18   -0.3659234075356941   0.005747689872872376
326.5   19   -0.36601904983555883   0.00933775172439756
334.58   20   -0.3661528811730968   0.010294099446783686
359.11   21   -0.3662950482494149   0.01466281454883005
375.89   22   -0.3667401879539299   0.008466966850354845
388.1   23   -0.3671571489090637   0.006558399263590941
400.52   24   -0.36781766869375543   0.01703546071365615
427.61   25   -0.36877325259506744   0.1571654398983176
456.91   26   -0.36879420563747073   0.22554948636966343
473.53   27   -0.3688147119662951   0.012164222144553536
489.62   28   -0.36896549128896344   0.01113913861846824
512.17   29   -0.36952098717480575   0.01808833104431433
549.9   30   -0.36967895157803615   0.19057225344793552
715.13   31   -0.36967892341591363   0.1514178202993073
784.02   32   -0.36967874183150395   0.02609299192483161
792.27   33   -0.36992208142029087   0.21347324435461423
822.71   34   -0.3701437397747266   0.01852891020027791
844.56   35   -0.37057588497654687   0.19301289728188528
853.07   36   -0.3707119107694324   0.16132229930621902
876.74   37   -0.370713684079139   0.011698503798442707
893.06   38   -0.37074893152201904   0.01229048164673691
902.16   39   -0.37089531913857077   0.013088816184441862
936.73   40   -0.37093087795485585   0.23391390899290257
1071.93   41   -0.37093075934235564   0.26828603994435335
1131.25   42   -0.37093067154495263   0.011858558605757703
1158.14   43   -0.3710506976264285   0.18133551281169444
1171.04   44   -0.3711038461875922   0.14221940670171637
1239.73   45   -0.37110348425691253   0.21093472680266853
1314.43   46   -0.37110318998009567   0.009431904291543836
1334.86   47   -0.37110493170162856   0.1961255733421057
1363.24   48   -0.371104694182888   0.00957514460780013
1380.3   49   -0.3714411276047065   0.013549526542939314
1397.36   50   -0.3717947866845799   0.19727383136031
1458.22   51   -0.3717947385693556   0.008142023246606987
1466.31   52   -0.3717987401163349   0.23335270700161487
1478.54   53   -0.37179889998308613   0.00806957706785365
1486.6   54   -0.37179892969739514   0.23410663444588378
1502.99   55   -0.37179893676234854   0.20144304330945687
1527.84   56   -0.3717986115566744   0.00806493346054948
1547.76   57   -0.37180197416536287   0.2096267615452465
1555.77   58   -0.37180531908509185   0.008163763062078066
1573.21   59   -0.3718100652449321   0.21485767943848616
1589.93   60   -0.371809762028159   0.24215004137757243
1622.66   61   -0.3718094616469548   0.008233382553159828
1638.46   62   -0.37181201860546453   0.2491143872717514
1683.15   63   -0.37182668352844883   0.1656762057125325
1707.37   64   -0.37182743589892653   0.008591295871041335
1723.28   65   -0.37183665994611637   0.008398212360675063
1745.55   66   -0.3722193750219698   0.011965211703186833
1788.38   67   -0.3722197716054533   0.17881114819819788
1857.83   68   -0.3722197532212242   0.21977041636956982
1899.95   69   -0.3722196536851856   0.01996704131875583
1920.83   70   -0.37238899667996456   0.009938114567711884
1958.69   71   -0.37238895608879397   0.20060171064399623
2025.97   72   -0.3723889390632414   0.18830609396516318
2055.65   73   -0.37238872653094696   0.1917021685546748
2092.41   74   -0.3723887220068899   0.24000620086237748
2211.84   75   -0.3723887183183828   0.01223108800901839
2220.88   76   -0.3723889071055768   0.20962853552134214
2242.45   77   -0.3723888528060732   0.1995473363546107
2258.29   78   -0.37238910311704104   0.012054205592210454
2271.32   79   -0.3723892031780905   0.011984308434058762
2283.29   80   -0.372405149792688   0.013264426586555234
2300.54   81   -0.3724084283132636   0.21766329026540632
2309.06   82   -0.3724107336997283   0.20573945445379194
2325.85   83   -0.37241084619517073   0.1667035932648631
2346.65   84   -0.372410563711277   0.2200214208684504
2376.34   85   -0.3724105443492904   0.012930758384023086
2482.12   86   -0.37241051674403847   0.20371838958021496
2490.89   87   -0.37241048984643593   0.2147744588923068
2499.15   88   -0.37241090429697576   0.16578355340175888
2519.93   89   -0.37241060526223796   0.22328686164540404
2532.99   90   -0.37241053601869445   0.21050018336989515
2550.27   91   -0.37241025144100076   0.20304884781070326
2595.53   92   -0.37241025122275606   0.1645363427788755
2623.46   93   -0.3724102503011507   0.22441857613391766
2803.61   94   -0.3724099028791817   0.013255488654783128
2811.69   95   -0.37241021625834414   0.013191585566851885
2825.8   96   -0.3726190996801227   0.20947908683350944
2850.66   97   -0.37261875485136603   0.22932836610500523
2880.57   98   -0.3726186250027333   0.008507770314940665
3032.23   99   -0.37261888488647105   0.19548173725130463
3277.36   100   -0.3726186949855295   0.007636349690099155
0.0   0   -0.37261869498552963   0.009784334897450815
19.33   1   -0.3728885839104264   0.20129840808983826
54.67   2   -0.37290125747151115   0.2129144167347558
92.31   3   -0.37290107157479085   0.008474960620202214
99.74   4   -0.37290176809408204   0.21441098371468184
110.95   5   -0.37290155222952087   0.008486623951931055
138.12   6   -0.3729019545058856   0.23351057135960213
145.3   7   -0.37290178324816836   0.008487545672020163
159.66   8   -0.37290179566038284   0.19407451674812315
187.88   9   -0.37306143617954834   0.22117697842136086
199.85   10   -0.3732870078131963   0.0129127911206677
211.47   11   -0.37335011214841113   0.16705357431062298
223.51   12   -0.373466301972552   0.009642089816919091
300.83   13   -0.3734663597493235   0.2128419749726847
308.09   14   -0.37346685009387115   0.20416791504201692
340.2   15   -0.3734871438683893   0.008848126766254133
351.86   16   -0.3734903150445822   0.2128525149722044
393.16   17   -0.3734902884481358   0.008870944857308966
423.32   18   -0.3734909350642085   0.21715977811569454
458.02   19   -0.373496316419898   0.222458296236685
472.77   20   -0.3734980909592451   0.18129875688032684
488.03   21   -0.3734979407026665   0.00868028382545376
508.79   22   -0.3734985205490562   0.1794895912408069
515.69   23   -0.37349840664940753   0.008678346984604901
531.18   24   -0.37350044309218633   0.19678978597557328
539.52   25   -0.3735005541103534   0.20333922181971137
551.11   26   -0.37350085028624347   0.19138198502958884
573.99   27   -0.37350050373790117   0.008618124351877485
594.99   28   -0.37350080873007635   0.15899632561166002
611.12   29   -0.37350568197662687   0.16657656117393643
641.29   30   -0.37350539933570526   0.008496566094552557
649.27   31   -0.37350578616392566   0.187247764687387
660.55   32   -0.37350617541982223   0.18474773074561127
667.88   33   -0.3735066573347402   0.22619342748748808
716.8   34   -0.37351118889260204   0.008963839328161891
725.16   35   -0.3735131326080322   0.22295874928016762
733.16   36   -0.37372705702361525   0.23775899759236233
786.95   37   -0.37372681750510206   0.006826293803889754
825.73   38   -0.3737625083285599   0.01743115209387451
850.06   39   -0.37401978103451927   0.23534667667163123
862.21   40   -0.37411722004185505   0.01424720785526215
889.51   41   -0.37418732765558027   0.24149652204791797
954.29   42   -0.3741871426499904   0.20768749486337867
1008.61   43   -0.3741868203200784   0.014422299131365097
1017.01   44   -0.37418702052597175   0.24205524237157056
1064.58   45   -0.37422333721539164   0.28824290874948605
1131.52   46   -0.3742230251981374   0.17098966099635185
1185.14   47   -0.374222772162464   0.23482722265306447
1201.3   48   -0.374222463871359   0.21556815373563215
1237.01   49   -0.3742221624147586   0.19182582780571159
1248.06   50   -0.3742221624112473   0.20571416674208276
0.0   0   -0.37422216241280115   0.22289386706745662
43.84   1   -0.3742473988355025   0.020023991552501976
51.19   2   -0.374266287218645   0.19887977493402262
58.65   3   -0.374267469039489   0.18814233822675994
66.0   4   -0.37427281959762954   0.2206059106837069
111.84   5   -0.3743421938574926   0.2470753046825088
131.8   6   -0.374439619383258   0.2861788424028036
143.2   7   -0.3744416776270486   0.15899252773708691
150.86   8   -0.37444383918266333   0.20631026279617595
178.33   9   -0.37444412280512723   0.013556910096029629
197.24   10   -0.37448563599337253   0.2181796778802904
205.18   11   -0.3746365091793562   0.2185417168362759
290.15   12   -0.37463624347969354   0.016867719557526938
305.77   13   -0.37465982825465544   0.2082196765269371
332.32   14   -0.3746594758875665   0.1936460502805747
339.7   15   -0.3746657322897497   0.21945313305768524
358.81   16   -0.37466550423172995   0.2000463384768733
438.21   17   -0.37466516777334735   0.015977907896079425
449.75   18   -0.3747854181027947   0.1980780980787005
464.88   19   -0.3748099601857988   0.20237051122621214
480.4   20   -0.37481838898646397   0.2051234481128848
548.3   21   -0.3748181417017612   0.01128650383292003
556.48   22   -0.37482034682184   0.2299433004018922
582.29   23   -0.37482018924243815   0.17999316301097804
597.73   24   -0.374820347707706   0.19747539568577105
650.16   25   -0.3748202501462734   0.2473540461032286
687.33   26   -0.3748200812299771   0.2583469774135182
694.38   27   -0.3748231133777216   0.009698399474652722
717.01   28   -0.374857548650993   0.2205716066761487
774.46   29   -0.374857183223107   0.2691936800094682
826.64   30   -0.37485683623075705   0.21232792485847632
833.95   31   -0.374863625022294   0.231681189892582
939.67   32   -0.37486325666014053   0.007368966400081013
951.12   33   -0.37486346051043196   0.23272369493874145
958.65   34   -0.37486347476288273   0.2216493965791907
966.14   35   -0.37486404398241047   0.19002313095885606
1012.6   36   -0.37486376507589725   0.007356179440349351
1024.76   37   -0.3748641413028576   0.23549665259704095
1039.46   38   -0.3748641281797839   0.007347385859413595
1055.89   39   -0.3748641308852183   0.007347322135284188
1135.6   40   -0.3748649210406477   0.18166671117595412
1237.26   41   -0.3748646755702212   0.20824431676715024
1291.66   42   -0.37486440870047766   0.20955652881920153
1327.31   43   -0.3749088012094496   0.24905157944915388
1335.86   44   -0.3749323660406095   0.1733256992659116
1355.15   45   -0.3749364526764163   0.16639102408869605
1366.05   46   -0.374936294579607   0.19637779527449511
1410.61   47   -0.37493596008487706   0.2284109170033745
1480.66   48   -0.3749356523408899   0.02102620741009449
1487.99   49   -0.3749360789369338   0.17910754329967923
1541.04   50   -0.37493756610231027   0.20800721655976198
1590.2   51   -0.37494539370390845   0.19043512353832406
1635.14   52   -0.3749452601943897   0.17554683339995614
1646.69   53   -0.37521201764689904   0.20969627909714772
1658.81   54   -0.3752341338167115   0.20761777949662164
1666.54   55   -0.37523753303471685   0.24545215674578919
1684.45   56   -0.3752376373029576   0.22574385437088465
1732.96   57   -0.3752372792595219   0.24129592803564007
1776.49   58   -0.3752369290466083   0.23321124843959393
1784.19   59   -0.3752368358817762   0.2159832473534977
1837.82   60   -0.3752365723559005   0.0071949471701795
1845.19   61   -0.37523657801244154   0.21298103425134465
1851.77   62   -0.3752365774282691   0.007195526355253275
1866.29   63   -0.3752366963730898   0.1949881110026648
1873.74   64   -0.37523660559835015   0.19495715040553607
1896.12   65   -0.3752363780782302   0.19922344165673508
1903.12   66   -0.3752363864671763   0.007168864182332883
1910.24   67   -0.37523641534099034   0.2490489742168924
1929.6   68   -0.3752368425078176   0.21960287022081973
1944.68   69   -0.3752369421513958   0.24002656842748282
1951.86   70   -0.3752376090491349   0.24713036087060491
1970.55   71   -0.37523730448912407   0.19850297909058562
1978.29   72   -0.37523730012324225   0.23811405104139147
1992.88   73   -0.37523712779191437   0.2432824584284644
2007.45   74   -0.37523712688696265   0.2684562185029426
2015.17   75   -0.3752371210018972   0.24135568095405543
2022.41   76   -0.3752371291971128   0.18774631041513773
2097.32   77   -0.37523676711603937   0.21963746307484874
2149.14   78   -0.3752363919416986   0.23291887993978333
2156.4   79   -0.3752362899623892   0.22371502246689942
2171.82   80   -0.3752383047995333   0.21589263491691743
2186.57   81   -0.3752382370699049   0.19856683829245972
2224.84   82   -0.3752382155037236   0.20144743696149106
2269.55   83   -0.3752379181710736   0.007242992670471522
2280.79   84   -0.3752379678034864   0.18482925575243808
2288.42   85   -0.3752379555524896   0.18852230525808172
2308.04   86   -0.3752379704871017   0.19868227152468163
2319.53   87   -0.3752385291311192   0.19249904499429688
2350.81   88   -0.3752458599254027   0.19521751389739014
2393.07   89   -0.37524577762426237   0.16829976319339826
2415.14   90   -0.37524594160037367   0.23384994432666795
2457.82   91   -0.37524566483968524   0.007279594600855644
2465.69   92   -0.3752456705280449   0.22789431314635758
2480.02   93   -0.3752895583315242   0.2567108187599772
2543.8   94   -0.375289238736026   0.19701619015442712
2551.49   95   -0.3752892071270557   0.22711267063460497
2573.92   96   -0.3752919716233552   0.21162110642884394
2603.97   97   -0.37529184655246706   0.21708088303109957
2676.31   98   -0.3752914959205062   0.22319128159333185
2706.79   99   -0.3752911499825936   0.2149788211266028
2718.01   100   -0.3752911500126016   0.16833791029763995
0.0   0   -0.250669709157683   0.08590454909663715
8.92   1   -0.26340767228471673   0.09420890559077784
25.74   2   -0.27700914894236667   4.491547964908778e70
33.72   3   -0.287932731543896   0.08428508979443175
45.33   4   -0.3081617840512413   0.06684039185417386
88.71   5   -0.31618464217486913   5.19220047600512e59
117.2   6   -0.31618464217481257   0.08620640601618208
0.0   0   -0.37529114998318014   0.005032734543333189
29.72   1   -0.37529114998462804   7.47607280951621e66
46.84   2   -0.3752911499842814   0.005030310766778985
0.0   0   -0.37529114998517965   7.647912485862015e73
0.0   0   -0.3752911499872362   0.005010738015884918
11.02   1   -0.37535884344470194   0.21252959897923712
30.81   2   -0.375359175425098   0.19820629360082664
38.09   3   -0.375358982883168   0.22645484842933258
53.09   4   -0.3753643095204874   0.24213391088335204
60.35   5   -0.37536433988942713   0.25076958862084514
75.67   6   -0.37536434341404074   0.21984393017753207
102.78   7   -0.37536418954738454   0.16984838518366538
147.66   8   -0.3753638179585581   0.2507120980739894
170.62   9   -0.37536360312363276   0.21206568367234196
181.79   10   -0.3753636022667956   0.207649926998771
197.42   11   -0.37536335454049774   0.23812466366206964
235.17   12   -0.3753633347939528   0.009379487061723653
242.34   13   -0.3753633348425332   0.18977907166468003
249.88   14   -0.37536333611786243   0.24385438655285255
257.1   15   -0.3753633401074134   0.1776813999708551
272.6   16   -0.3753643854126653   0.21991369818985365
288.22   17   -0.3753867750198632   0.213378539080366
351.6   18   -0.3753888131725219   0.21588029538393277
401.16   19   -0.37538847035295764   0.2168754452131145
451.52   20   -0.37538811546970524   0.192950375178366
490.12   21   -0.37538794649206625   0.2148647938401506
513.56   22   -0.37538764365809896   0.269579798843081
544.33   23   -0.3753959565618471   0.2204904498723767
563.68   24   -0.3753958020898045   0.21208894843197554
574.99   25   -0.37539576307952804   0.20659126246970186
605.39   26   -0.3753953883807274   0.24689321015396942
620.76   27   -0.37539529011115563   0.24369891928771178
643.9   28   -0.3753991541645295   0.267999007577192
695.54   29   -0.37541858515838417   0.21101105928688133
771.92   30   -0.3754183560518367   0.20990297895349158
798.53   31   -0.3754183346327396   0.2454040283730339
805.58   32   -0.37541821360401423   0.21252000679682548
821.26   33   -0.37541799898419986   0.21981259236305706
867.43   34   -0.37541778644362306   0.16781878747298798
882.2   35   -0.3754175571185868   0.007419067177682704
897.29   36   -0.3754175676065831   0.16884021596086257
905.57   37   -0.3754175784225656   0.18956209841801538
913.71   38   -0.3754175651158391   0.22921656766254497
921.5   39   -0.3754173423612517   0.24131289501911443
932.96   40   -0.37541744512193265   0.18254866510629406
952.75   41   -0.37541742895377495   0.21370958428249948
1018.25   42   -0.3754170543981603   0.19726020074844716
1029.8   43   -0.3754168860263295   0.24351621234541862
1044.76   44   -0.37541670492574786   0.26987988666920654
1055.98   45   -0.3754164851329734   0.19437060740000345
1071.13   46   -0.3754162347230223   0.1950665473131607
1086.45   47   -0.3754160007935115   0.2262811268255215
1094.32   48   -0.3754160125162059   0.24103016739677777
1106.07   49   -0.3754160092979959   0.21815236577855474
1113.45   50   -0.3754160098754855   0.1997105868874333
1124.86   51   -0.37541608320770475   0.17279094620503677
1144.46   52   -0.3754157110433388   0.17935170480065263
1155.73   53   -0.3754161343085207   0.007472583097060043
1163.0   54   -0.3754161417555633   0.22348717040636693
1179.22   55   -0.37541627030764846   0.20001188088732566
1209.53   56   -0.37545151671512556   0.2687977710279336
1260.08   57   -0.37545148001560996   0.22832974287437455
1302.45   58   -0.3754511121986809   0.2155513768685893
1314.71   59   -0.375451620589536   0.20191521464688816
1374.4   60   -0.3754514768983979   0.26428762503572456
1408.29   61   -0.37545127761887087   0.24852600259338514
1453.52   62   -0.37545127143380425   0.18053187844710678
1476.45   63   -0.3754512130145043   0.008089129508755045
1490.7   64   -0.37545121809136617   0.18316404717243465
1498.52   65   -0.3754516398572465   0.2162760866529986
1517.15   66   -0.3754539917522822   0.17993686025444267
1531.61   67   -0.3754548648545536   0.1881054061981511
1581.79   68   -0.3754565976654916   0.21056315327494735
1601.53   69   -0.37545722467655557   0.28209317016956664
1629.17   70   -0.37545702429123307   0.17511337300615507
1651.73   71   -0.37545673092741827   0.21222385661547505
1663.32   72   -0.37545668680521166   0.16414950949175916
1678.92   73   -0.3754565103273968   0.20770736300026088
1711.29   74   -0.3754562813152813   0.010099360142133109
1726.57   75   -0.3754563085201177   0.20200371874613166
1789.01   76   -0.37547074602598657   0.19043576248913097
1832.08   77   -0.37547074407227404   0.1812732760125212
1874.63   78   -0.3754818929187743   0.0845281289265181
1889.72   79   -0.37548388036008096   0.22041625843890658
1943.4   80   -0.3754837061639197   0.21198883191774975
1955.46   81   -0.37548750305151535   0.24019556845450893
1973.88   82   -0.3754873156051107   0.17416394865609428
1999.99   83   -0.3754873575456155   0.0064050710000925805
2007.5   84   -0.3754874313874673   0.14954437779918295
2045.67   85   -0.3754873288066188   0.2165359804225226
2145.71   86   -0.3754870947855022   0.27233812760687504
2220.46   87   -0.37548672688058815   0.24476937907377588
2285.54   88   -0.3754863527725014   0.2113549035459072
2380.19   89   -0.37548597792939514   0.009261861914111111
2387.73   90   -0.3754861246626506   0.2529043140655408
2426.26   91   -0.3754932982240227   0.005368589522989865
2434.21   92   -0.3754959542212496   0.17447365335746953
2457.68   93   -0.37549581984199204   0.18766228868789814
2468.86   94   -0.3754959923518225   0.1872643172114889
2484.23   95   -0.3754991188132729   0.20645855153873963
2491.63   96   -0.37549966536709795   0.2067021725183911
2513.73   97   -0.3754996264615666   0.0047772745511880325
2530.3   98   -0.3754998912033505   0.21999927008009473
2568.25   99   -0.37549955058161993   0.0047817083194990565
2583.61   100   -0.3754995798765177   0.22813367347820984
