0.0   0   -0.5910060690031997   0.16005927849740784
2369.16   1   -0.5910055247020736   0.19269469781257212
2754.88   2   -0.5910054042137878   0.12221841699091117
3126.58   3   -0.5910049688021245   0.1897957147469636
3264.03   4   -0.5910048082158457   0.14460557509578845
3521.59   5   -0.5910045964102066   0.18637062286152473
3841.85   6   -0.591004630502495   0.15804794259485994
4228.76   7   -0.5910092997400748   0.005938070511935841
4609.78   8   -0.591106691008159   0.0028149226677361924
4803.38   9   -0.5911440276847211   0.002120712042727506
5010.42   10   -0.5911653605969268   0.0020745271973289627
5255.34   11   -0.5911821079404478   0.0012924276265563054
5525.24   12   -0.5911887765922987   0.0012378062478698992
5808.19   13   -0.5911976147513016   0.0009870815289111565
6161.13   14   -0.5912037853350759   0.0008950104122441291
6593.54   15   -0.5912095361343148   0.000822756019887828
7085.02   16   -0.5912129250892968   0.0007338905690101591
7551.36   17   -0.5912161007180444   0.0008995692558526557
7858.59   18   -0.591218598820308   0.0004872701944920386
8109.03   19   -0.5912209746626929   0.0005993005669322317
8299.13   20   -0.5912245836867953   0.0004573607024247808
8487.37   21   -0.5912268184607458   0.0004689025998243712
8675.27   22   -0.5912285873130223   0.0005118598192991354
8855.2   23   -0.5912312469280306   0.0005472815490233885
9046.19   24   -0.5912332926963941   0.0004950892675467223
9223.68   25   -0.591235230078206   0.00034837717778122526
9416.69   26   -0.5912373343819457   0.0004940717035799372
9552.83   27   -0.5912401883807769   0.0004333361422379892
9636.36   28   -0.5912430431265793   0.0003380026552622457
9714.89   29   -0.5912452593142223   0.0004688924421863201
9797.76   30   -0.5912464212749451   0.14393211711467765
10165.36   31   -0.5912469502628801   0.15124004758330226
11509.26   32   -0.5912462734539412   0.12479239811996248
0.0   0   -0.5912462734580813   0.14870268938907794
2315.26   1   -0.5912458701084536   0.0007923323823521437
2799.2   2   -0.5912458828324293   0.16060299423834917
3104.68   3   -0.5912459003958696   0.13026141683875586
3519.64   4   -0.5912458368875663   0.18401711918773278
3876.62   5   -0.5912458368948548   0.19271250068524104
