0.0   0   0.39927087527991684   0.10670684659939306
19.52   1   -0.10155109138945007   0.2080576295200924
34.79   2   -0.2916134241479397   0.09171162288843894
50.04   3   -0.35428648235307425   0.07452016252924203
64.76   4   -0.4175814407328291   0.059979578626930284
80.0   5   -0.495577140732548   0.039676435365931385
95.43   6   -0.5239748118489189   0.035894927697119945
107.54   7   -0.5529287386123569   0.020359407604822157
156.23   8   -0.556942332817487   0.033216197312750245
166.33   9   -0.5665023051037036   0.0094662246747374
186.64   10   -0.5680910897016596   0.005242401292029946
201.5   11   -0.5694844326982051   0.007557171143475465
217.27   12   -0.5733021192934677   0.00648207760723395
233.76   13   -0.5759447758395075   0.0071630403650918845
249.18   14   -0.5770984181876466   0.006296911012472096
259.31   15   -0.5795291472724522   0.0053848023473830236
269.46   16   -0.5805790912380024   0.0029939217070112214
290.11   17   -0.5811227256805824   0.0017385120916688247
305.35   18   -0.5814026671265659   0.0023508242045210586
322.16   19   -0.581652648453695   0.0008736536542856064
337.75   20   -0.5817131427444453   0.0009080818862840216
352.63   21   -0.581767594805296   0.000660167466803415
368.14   22   -0.5817900444072758   0.00031590686159438847
383.43   23   -0.5818101736418856   0.0005444638679743976
398.05   24   -0.5818462896060487   0.00032450282037147535
412.31   25   -0.581868859763882   0.23947341072467224
555.72   26   -0.5818683363587527   0.0006633291675105525
565.59   27   -0.5818711428543742   0.0003740519345730537
581.18   28   -0.581879460412501   0.0002936256198381076
596.31   29   -0.5818951641031197   0.192641405678017
613.23   30   -0.5819092344585296   0.001029880137303739
0.0   0   -0.5819092344587911   0.19478657106880543
73.07   1   -0.581909002022369   0.22758167370643062
82.73   2   -0.5819090940190192   0.23423302030461743
93.16   3   -0.581909084521396   0.004597743104406411
112.63   4   -0.5819091066211344   0.2357290172525359
158.85   5   -0.5819105731604327   0.003320096112226381
177.46   6   -0.5819129323763979   0.26181481073371293
186.23   7   -0.581937510143187   0.003101669643853135
216.0   8   -0.5819375562096452   0.003028365227982406
229.92   9   -0.5819576979862309   0.002385297270042765
243.61   10   -0.5819802371561753   0.002746803817777592
253.77   11   -0.5819827212246333   0.2240535595109833
284.78   12   -0.581985367698715   0.0037778849871249027
294.97   13   -0.5819957875906944   0.00213180683082056
306.36   14   -0.5820046964619237   0.002967159764528508
321.99   15   -0.5820335097053422   0.0029424826080123785
332.49   16   -0.5821165113904597   0.22337256959566887
440.84   17   -0.5821162661963252   0.1773160422505758
455.72   18   -0.5821159266420884   0.20778402636923402
465.54   19   -0.5821158679457208   0.003685037902609962
492.19   20   -0.5821171932658835   0.24398659653144897
533.38   21   -0.5821166462230996   0.0036198868627113725
543.55   22   -0.5821168285500241   0.0036043310463571795
558.45   23   -0.5821526766582629   0.002932779542807581
584.24   24   -0.5822044076820108   0.26612640850654246
600.76   25   -0.582204412454368   0.005020831092091321
621.96   26   -0.5822094778575606   0.003870534868376363
637.64   27   -0.5822481236124625   0.0033543657005696602
649.6   28   -0.5822630172958472   0.0038232300237825627
738.5   29   -0.5822722035833143   0.2838869051713719
892.38   30   -0.5822721976713071   0.26537365653333345
1084.36   31   -0.5822719794909961   0.2392065500226519
1159.18   32   -0.582271558012611   0.2107754462769987
1180.93   33   -0.5822710131856998   0.012381576488145042
1197.13   34   -0.5822832098073054   0.010033335580615163
1208.81   35   -0.5822968808256345   0.23424885689191202
1230.88   36   -0.5822970902429916   0.2288023803423271
1269.3   37   -0.5822969899819233   0.011261693133196811
1285.57   38   -0.5822974513574428   0.23570917232755967
1307.49   39   -0.582298493884006   0.010698443787248886
1345.43   40   -0.5823012255304885   0.008818832122682372
1373.2   41   -0.5823036948148113   0.00952897286834894
1383.71   42   -0.5823157342230076   0.22893198740335824
1407.47   43   -0.5823152102909426   0.010952938218130379
1417.36   44   -0.5823181563527002   0.010605313054436575
1428.29   45   -0.5823959087993184   0.18485421037072225
1473.07   46   -0.5823955835519035   0.005598514798515734
1488.41   47   -0.582404506586963   0.009760571908439663
1503.83   48   -0.5824271240759605   0.2331496298367619
1543.36   49   -0.5824292197789571   0.005784267649991601
1557.6   50   -0.5824434515525818   0.006373709539611468
1617.37   51   -0.5824672191140396   0.006223659125927801
1669.24   52   -0.5824675821596901   0.23892136929695096
1850.54   53   -0.5824671984489335   0.006295889611799613
1864.57   54   -0.5824814304185366   0.0073058993527172714
1875.14   55   -0.582498846727709   0.23114578516113818
1926.21   56   -0.582498344110549   0.0072229717279205866
1935.95   57   -0.5825014923599441   0.26165077979768103
1962.41   58   -0.5825044029551641   0.008029008197269214
1983.16   59   -0.5825115582343194   0.21000825892771569
2014.94   60   -0.5825115264228348   0.20087043121515136
2063.87   61   -0.5825111474213615   0.239349443405306
2089.47   62   -0.5825111214185299   0.006849823349767089
2104.94   63   -0.5825819318391909   0.0033359808466120362
2138.24   64   -0.5825995208962642   0.2011443890402203
2180.99   65   -0.5825994879230876   0.006223048104368101
2195.68   66   -0.5826208607610958   0.004891808651265554
2205.52   67   -0.5826300048125893   0.0038317216777324667
2215.31   68   -0.582671315432772   0.004702021013573845
2236.92   69   -0.5827055421900341   0.0032302240178102167
2264.22   70   -0.5827188728431455   0.24855688630814
2273.91   71   -0.5827586443877488   0.004487761405750669
2289.42   72   -0.58276134601006   0.003895985869068109
2299.13   73   -0.5827750692943471   0.004105156362330813
2340.92   74   -0.5828667309833775   0.004377969064551653
2375.2   75   -0.582929520449234   0.00988642344863519
2385.35   76   -0.5829806073599157   0.28191546302371806
2403.38   77   -0.5830669190219618   0.006441301655549167
2435.83   78   -0.5830874145277816   0.29547922279339134
2521.85   79   -0.583087262687362   0.221666571192244
2593.18   80   -0.5830874733327924   0.005119699714370685
2603.62   81   -0.5830875011028577   0.28938783095088855
2635.84   82   -0.5831255771581282   0.29740313972197485
2690.67   83   -0.5831250263092005   0.004458656008025176
2706.52   84   -0.583133039804444   0.002810437481872328
2729.89   85   -0.5831380188466173   0.2707915404021354
2754.3   86   -0.5831438859824231   0.2703502366003219
2775.6   87   -0.5831478177169553   0.21954070555844776
2807.44   88   -0.5831473375360696   0.0030384688434424304
2828.3   89   -0.5831473695822817   0.24891082627379957
2845.17   90   -0.5831474011489387   0.30924811022474946
2855.72   91   -0.5831470654172499   0.002901463460430888
2895.14   92   -0.583147106656356   0.0029019834924742046
2906.37   93   -0.5831485690284579   0.261035431691412
2954.31   94   -0.5831492434919915   0.2131051990875683
3002.34   95   -0.58314887884414   0.2297392621295652
3012.51   96   -0.5831490585346327   0.002085867513717977
3028.1   97   -0.5831492424537814   0.24505536145090423
3049.95   98   -0.583172972690497   0.221488516209137
3108.49   99   -0.5831724100220903   0.34429394569802413
3119.87   100   -0.5831722752900522   0.28244528192592977
0.0   0   -0.5831722752899965   0.0018471656758494094
14.89   1   -0.5831773876440982   0.0017092407789428953
38.99   2   -0.5831776619455462   0.31011870896714505
234.67   3   -0.5831771684799824   0.29442616649047326
353.37   4   -0.5831768603178047   0.28347881920008045
365.3   5   -0.5831765489337344   0.17949192963510058
376.75   6   -0.5831765798056248   0.2197348227314157
406.63   7   -0.5831767085243734   0.005311542350458979
426.48   8   -0.5831767247983488   0.2913006097033887
445.48   9   -0.5831767413803943   0.20960420241548222
459.19   10   -0.5831794088304848   0.3299176045167518
471.91   11   -0.5831822276108254   0.26319047756050795
490.71   12   -0.583206370692698   0.001469898572847558
509.77   13   -0.5832064849039974   0.22626174175104904
527.22   14   -0.5832135632158348   0.0017449196244125145
564.62   15   -0.5832135717332503   0.2725130309810929
582.3   16   -0.5832135452946241   0.001830062669139345
613.1   17   -0.5832135889294267   0.21610451733606023
731.29   18   -0.5832131127883554   0.21308733192990126
793.8   19   -0.5832127012457482   0.0021904592623369396
819.31   20   -0.5832131968243508   0.23589307871355392
831.48   21   -0.5832132923864104   0.2949111507852411
902.44   22   -0.5832127384525624   0.3415458795014748
922.65   23   -0.5832125704132661   0.2041361049477365
1030.29   24   -0.5832119872834847   0.27195432010352255
1130.56   25   -0.5832114267279449   0.3662122774171989
1196.67   26   -0.5832109985251301   0.0026219838001909756
1210.82   27   -0.5832110124637924   0.23735669456834618
1229.94   28   -0.5832160029974878   0.23483416646598276
1262.19   29   -0.5832165354837793   0.24261995079403814
1308.82   30   -0.5832161317770399   0.2760449909085604
1375.51   31   -0.5832155719519071   0.0013242615397392676
1406.65   32   -0.5832156234471961   0.0012993691069429624
1425.27   33   -0.583220414357461   0.0017811174391145356
1449.3   34   -0.5832492520391251   0.23689986950249942
1508.23   35   -0.5832498954680593   0.0063446401764956075
1533.09   36   -0.5832592773453585   0.2505700791182693
1553.1   37   -0.5832602791239002   0.20541327736351464
1590.51   38   -0.5832600588769012   0.0038436321971292153
1615.32   39   -0.5832602525164751   0.2598870126791497
1627.59   40   -0.5832613673117497   0.255279620113625
1685.37   41   -0.5832612300284339   0.0038241806149330853
1699.15   42   -0.583261252666541   0.24360921267247573
1711.11   43   -0.5832613444895502   0.31978898727148164
1730.34   44   -0.5832612970431557   0.23486564653641037
1743.47   45   -0.5832612847186666   0.23831798257393538
1769.71   46   -0.5832610431975128   0.24344156560971375
1783.05   47   -0.5832610753353584   0.25746906708659356
1794.62   48   -0.5832606931406373   0.0038816490089710882
1813.0   49   -0.5832611265764545   0.003884940018573622
1839.4   50   -0.5832672246566851   0.005166511333529584
1852.9   51   -0.5833218899266228   0.2474990403902373
1974.31   52   -0.5833213086530761   0.2263869303168278
2061.2   53   -0.5833207638577022   0.2512073145750672
2081.0   54   -0.5833207135169436   0.23245883543009682
2155.69   55   -0.5833206038926584   0.23148775133212127
2207.03   56   -0.5833202391009515   0.2363762926583949
2232.27   57   -0.5833198901238252   0.004154976529502391
2245.72   58   -0.5833199253844054   0.24913748038923966
2264.72   59   -0.5833203452169705   0.24900211797375119
2282.89   60   -0.5833222833863508   0.22746693271834023
2322.8   61   -0.5833222541522862   0.004084005415905507
2360.2   62   -0.583322270172926   0.23904862614511924
2373.88   63   -0.5833223585539199   0.2251401160694671
2525.52   64   -0.5833222088156781   0.20787413187770398
2558.03   65   -0.5833221217364937   0.2714034463659641
2609.93   66   -0.5833216871726583   0.23329863408409543
2642.37   67   -0.5833211075954274   0.004195890714865062
2668.14   68   -0.5833214863204711   0.19048437726509365
2764.29   69   -0.5833228900672937   0.004433405659532424
2782.88   70   -0.583323593652931   0.2674825103774668
2795.1   71   -0.5833378008673853   0.30609830238735597
2807.29   72   -0.5833384021525301   0.2674420146977624
2870.31   73   -0.5833382287063708   0.0026321971777664827
2894.61   74   -0.5833459545728957   0.0026945576324902553
2913.51   75   -0.5833562541468982   0.002025360890161257
2938.1   76   -0.583361899009229   0.0023755159602388675
2964.42   77   -0.5833855436054304   0.23474693367094984
2995.42   78   -0.5833855435656101   0.0038164936793929224
3007.85   79   -0.5833855450299343   0.26875102025884245
3018.76   80   -0.5833855513796198   0.003877220444619846
3030.47   81   -0.5833855515123394   0.30557625054686466
3082.6   82   -0.5833854613724665   0.0036928151034050505
3095.01   83   -0.5833855064409097   0.30831726545936017
3107.16   84   -0.5833855305471648   0.0039006943849401892
3440.63   85   -0.5833854518988949   0.25059675579960505
3459.85   86   -0.5833851696808672   0.21801257142733005
3566.85   87   -0.5833845870235486   0.2270979995489189
3583.64   88   -0.5833848653384076   0.0041074174505269945
3606.55   89   -0.5833851328572415   0.26503377921108606
3617.78   90   -0.5833850068525056   0.003949376938957871
3641.39   91   -0.5833850769853854   0.21980878837978501
3678.23   92   -0.5833845824887164   0.004235063841394885
3690.59   93   -0.5833846548894848   0.22508189024395
3817.1   94   -0.5833840900940495   0.004219678596260149
3844.31   95   -0.5833847352296847   0.2872903031834433
3855.4   96   -0.583384217178116   0.004210230144497621
3886.88   97   -0.5833907379137306   0.3217176630510683
3934.42   98   -0.583390403857663   0.0037128297359692915
3974.42   99   -0.583409853581527   0.0019809217925843277
3987.79   100   -0.5834100793981993   0.29413845072496025
