0.0   0   0.3601740403610891   0.09905449283446434
16.6   1   -0.13567179323371298   0.2371956945524526
146.77   2   -0.13567168705650515   0.2820068974561399
163.88   3   -0.21176115177989177   0.23457393028912937
173.7   4   -0.3218224064784568   0.10309193314051567
187.33   5   -0.3444550943463198   0.07223101406922182
207.39   6   -0.352106554996632   0.07413819597750461
231.4   7   -0.38391846531530327   0.15578429007839123
249.42   8   -0.4366518910482976   0.1507150531391857
262.01   9   -0.4666342852808034   0.08166395371493261
275.24   10   -0.4868614993672895   0.05405832416371835
283.55   11   -0.5032059124332156   0.04471150724646156
291.37   12   -0.5126573431829117   0.022193681518341824
303.86   13   -0.5155513779864354   0.010352639822906056
318.26   14   -0.5175881693513631   0.010154395597109773
332.73   15   -0.5204018156298743   0.014054294455283065
346.49   16   -0.5221875360360722   0.006989149036914219
360.9   17   -0.5230921412424349   0.005799015253392525
374.15   18   -0.5235698587768817   0.004432442936806791
388.08   19   -0.5240885770383027   0.0036618689077317843
402.73   20   -0.5244107496694829   0.0030803804488371677
417.65   21   -0.5245612791945138   0.0017195636436516761
432.44   22   -0.5246453551409991   0.0015905619592100097
457.2   23   -0.5247224971093969   0.003121024096049017
472.46   24   -0.5248048629670603   0.27414639567513166
533.19   25   -0.5248043609200421   0.0012467149031851806
547.79   26   -0.5248231490925035   0.0012184493893028679
722.08   27   -0.5248261951084812   0.004035138159649946
732.53   28   -0.5249309757046862   0.2487633296074155
746.92   29   -0.5249361190768508   0.00490414599571173
762.34   30   -0.5249728757372892   0.0020789776631554967
777.52   31   -0.5250862452576409   0.001837476471690237
797.61   32   -0.5251198744829985   0.004897970007095886
824.37   33   -0.5253033377622843   0.2857529127822148
898.11   34   -0.5253028570752809   0.0056433528667186325
907.61   35   -0.5253358069127343   0.0034378153574597227
1132.11   36   -0.5253538545042064   0.2192335426940589
1251.59   37   -0.5253534113469727   0.005119732243219293
1293.53   38   -0.5254451105202969   0.0036318140355452123
1366.4   39   -0.5254464566227506   0.28317566101197916
1405.69   40   -0.5254461046585537   0.005206676739781557
1435.11   41   -0.5255656605649928   0.0022385894419909447
1493.84   42   -0.5255738386339567   0.002691285552187166
1508.67   43   -0.5256300513715989   0.001772170607842527
1523.65   44   -0.5256699502038649   0.001642324162373334
1565.71   45   -0.5258455586867135   0.2774038261812723
1576.46   46   -0.5258912576903824   0.268222710168808
1655.33   47   -0.5258908312842729   0.0019634016220204963
1669.01   48   -0.5259005080526098   0.2671137334731683
1693.46   49   -0.5259005116445067   0.003732987037561049
1704.04   50   -0.5259065046739453   0.20774601746557964
1718.04   51   -0.5259083555117063   0.002839859851369687
1727.21   52   -0.5259083610307407   0.22844488271565846
1737.42   53   -0.525908553025291   0.002678303673877858
1761.33   54   -0.5259098684470556   0.2730445106142403
1796.12   55   -0.525909343466765   0.0026429786559936707
1805.51   56   -0.5259093718496813   0.002628125566719154
1819.97   57   -0.5259647028733199   0.0042536686725676625
1836.35   58   -0.526019911512075   0.30771052874559524
1885.31   59   -0.5260198004328261   0.30851970964943143
1906.15   60   -0.5260229954841337   0.0035034663108094387
1916.25   61   -0.526023540540348   0.2775270560660801
1926.16   62   -0.5260239613040717   0.24220197937080867
1977.87   63   -0.5260239636026017   0.21500512366572327
2028.43   64   -0.526023495176682   0.0034308763486836473
2038.57   65   -0.5260236001533656   0.2446521487975679
2060.57   66   -0.526023786854586   0.2544450275036959
2132.6   67   -0.5260234979507645   0.003447509615550148
2190.75   68   -0.5260261943332816   0.26101424142092944
2228.73   69   -0.5260259022335257   0.003404888873589946
2277.45   70   -0.526104696161654   0.003480616706814901
2291.54   71   -0.5261743637627558   0.0014981653999630727
2306.58   72   -0.5262191758844383   0.2669262308623045
2367.8   73   -0.5262191756781723   0.2490739836037908
2428.18   74   -0.5262186573391924   0.0021347169844295045
2456.52   75   -0.5262192014606073   0.0020142488234041606
2486.71   76   -0.5262209599877167   0.2714197920499312
2541.55   77   -0.5262204447863309   0.0017589987915288144
2652.11   78   -0.5262205830397659   0.27937295130979206
2735.38   79   -0.5262205829307558   0.3039235305893541
2744.03   80   -0.5262204039078736   0.001979395510707239
2766.3   81   -0.5262208102130649   0.22230188167957482
2775.76   82   -0.5262209165938455   0.20578929782803845
2784.82   83   -0.526220909159612   0.0019054585249557987
2805.28   84   -0.5262209373775951   0.24293418796550473
2821.69   85   -0.5262209318319094   0.0018929665358028449
2835.13   86   -0.5262209348996849   0.2538339008602641
2843.55   87   -0.5262209412388958   0.2436519111395051
2855.99   88   -0.5262209124922189   0.2836003240649742
2865.53   89   -0.5262209013547667   0.26141351892856074
2874.18   90   -0.5262208826518604   0.0018932132523873915
2882.78   91   -0.5262208854145721   0.2500475682887716
2899.29   92   -0.5262258855459081   0.0018796478811055877
2913.19   93   -0.5262453478095279   0.0023588086599500464
2923.51   94   -0.5262641720541148   0.2196285339274805
2969.1   95   -0.5262639452820197   0.22810064378737513
3056.88   96   -0.5262634355561949   0.2659957308870319
3073.73   97   -0.5262634248453183   0.2748225231972968
3109.92   98   -0.526263063959997   0.2563802526036292
3127.39   99   -0.5262627337520408   0.0033278541216688632
3150.28   100   -0.5262822637292357   0.002536416525951836
0.0   0   -0.5262822637301653   0.2134013651059624
145.73   1   -0.5262819269994405   0.2794373201146744
173.23   2   -0.5263002718207331   0.00534001544444173
195.05   3   -0.526302404787478   0.005229211677065125
216.45   4   -0.5263785193129829   0.003999022426131594
278.26   5   -0.526379556364013   0.28304745598120484
394.0   6   -0.5263795453197324   0.233141669375743
497.55   7   -0.5263793405921162   0.006249592187070614
509.37   8   -0.5263982788845755   0.25327431478397716
521.02   9   -0.5263994672565316   0.26134135857795215
561.32   10   -0.5263998293078014   0.304457484694116
596.43   11   -0.5263997888847061   0.006667129687039092
613.86   12   -0.5264004614683648   0.23224729551824674
727.15   13   -0.5264008292812402   0.274181465516667
820.6   14   -0.5264006016709484   0.254533171956324
837.98   15   -0.5264002537215947   0.2819264484708823
874.82   16   -0.5264002266697418   0.3027663758536269
903.18   17   -0.5263997163504215   0.2356567952891143
946.91   18   -0.526399582731923   0.26730789889629614
1001.93   19   -0.5263992062138505   0.29362411640577923
1051.93   20   -0.5263987353201248   0.2508775976475961
1097.38   21   -0.5263982308772546   0.3045073401735394
1185.75   22   -0.526397706074653   0.2664041413177368
1281.12   23   -0.5263975120636265   0.005803762112692489
1301.79   24   -0.5263977443842576   0.2596212105550798
1333.6   25   -0.526397470236625   0.2834715749151036
1425.38   26   -0.5263973620175288   0.005837643570608479
1441.96   27   -0.5263973861186835   0.2687066580986575
1502.23   28   -0.5264022906468658   0.005302042056282765
1519.87   29   -0.5264057259196879   0.25414346105700436
1536.81   30   -0.52644841217487   0.003480110767074692
1571.08   31   -0.5264656314769405   0.004879784325681985
1587.71   32   -0.5264972624263246   0.00242782325373857
1603.89   33   -0.5265208642105446   0.0028725099184439325
1744.68   34   -0.5265204125538471   0.24914258263377548
1885.59   35   -0.5265198982611663   0.2587861627979078
1927.04   36   -0.5265198652579464   0.008622159259289766
1952.86   37   -0.5265319629150278   0.00577429151536869
1974.38   38   -0.5265485703685411   0.006590914007046562
1995.14   39   -0.5265641053652278   0.0058076241759518685
2028.24   40   -0.526626205789358   0.011095435939091012
2045.72   41   -0.5266765994172012   0.2725508305723433
2096.4   42   -0.5266761757113649   0.21910471857994074
2177.29   43   -0.5266759065918641   0.008550157354124328
2193.78   44   -0.5266849169305512   0.005867535914971319
2209.53   45   -0.5267192070511335   0.2873925886246629
2230.17   46   -0.5267192279692651   0.0036507278878416417
2246.95   47   -0.5267267843096715   0.0047046415667509394
2297.47   48   -0.5267493300381199   0.00911690392064944
2315.25   49   -0.526831278684467   0.28249862064990283
2381.5   50   -0.5268310689025866   0.241633084912206
2441.18   51   -0.5268306865357755   0.24548481216081286
2502.27   52   -0.5268306575526815   0.008226115559692456
2512.48   53   -0.5268488548823211   0.2840870262346325
2533.55   54   -0.5268492673396334   0.28601092326078476
2548.41   55   -0.5268522584430991   0.007648276715014097
2562.44   56   -0.5268579964303902   0.006780933591871561
2577.49   57   -0.5268595034346455   0.006552166778819365
2615.32   58   -0.5268598775181862   0.2493815025504884
2625.71   59   -0.5268615426275935   0.22412070832027978
2667.0   60   -0.5268613794425661   0.29295954502626936
2702.36   61   -0.5268611787571302   0.2779856205031763
2731.72   62   -0.5268607072026019   0.2605793957650705
2751.42   63   -0.5268607866072819   0.30308587754914146
2760.52   64   -0.5268610787992508   0.0062052918922189315
2769.88   65   -0.5268613221255904   0.25418008962614524
2817.81   66   -0.5268617958679975   0.2895214119848856
2832.27   67   -0.5268617634756918   0.2357398465805786
2846.47   68   -0.5268617866430121   0.0060182120799433724
2856.52   69   -0.5268621158314604   0.2449521989191887
2870.64   70   -0.5268625103009879   0.0057942133683171766
2880.03   71   -0.526862705178329   0.0057610147121824745
2897.36   72   -0.526864893506201   0.2940994204371806
2928.79   73   -0.5268644882212161   0.29391309055941406
2948.67   74   -0.5268644336839301   0.28069771807181465
2975.79   75   -0.5268643827775819   0.2988989514900708
3098.65   76   -0.5268642066616379   0.2498653545283487
3108.47   77   -0.5268642667995365   0.2663386293821122
3135.8   78   -0.5268637871459655   0.27867009326098535
3173.52   79   -0.5268641820210342   0.30785816338519817
3184.55   80   -0.5268648414327988   0.004884097521458299
3195.07   81   -0.5268653440271531   0.004992215831956359
3221.88   82   -0.5268656980900452   0.004918482545544351
3242.41   83   -0.5268663951483321   0.2394190409557652
3303.33   84   -0.5268658990602668   0.2862491613912465
3314.57   85   -0.5268660561007178   0.27965105086030806
3330.73   86   -0.5268658792889381   0.27075783938923303
3480.41   87   -0.5268657055357201   0.2981409328824943
3556.0   88   -0.5268655444017325   0.005103684477747172
3627.65   89   -0.5268675505959701   0.27995074793041624
3645.33   90   -0.526867207933055   0.004954226814905045
3671.74   91   -0.5269005773003804   0.002816507369232747
3700.76   92   -0.5269077333394389   0.29994046160497523
3739.4   93   -0.5269072135723003   0.00187456947558124
3749.66   94   -0.5269072241679338   0.2677015777470345
3769.76   95   -0.5269073224624701   0.002003598382351331
3825.58   96   -0.5269077534615789   0.24287079934500597
3834.37   97   -0.5269081683780678   0.002184534342046809
3844.66   98   -0.5269083407735297   0.2524296500448471
3853.53   99   -0.5269082134256131   0.002180126164745985
3883.36   100   -0.5269086808045126   0.0020225960367251704
0.0   0   -0.5269086808046152   0.002031846061386706
54.94   1   -0.526918497813459   0.0035574769377810394
1330.77   2   -0.5269216384924238   0.26508051224446105
1688.14   3   -0.5269255696162286   0.007017432314486379
1760.29   4   -0.5269293414815002   0.21513723679704372
1842.09   5   -0.5269612818793408   0.24913144000655552
1997.4   6   -0.5269611770375309   0.0036906548905539173
2184.68   7   -0.5269611963041584   0.2844083988850265
2231.77   8   -0.5269611897787579   0.0037009667457843665
2330.45   9   -0.5269611976484543   0.2765273805641428
2483.77   10   -0.5269611921524422   0.0037027795212447516
2558.6   11   -0.5269611943120739   0.2537877574722678
3380.97   12   -0.5269606839844173   0.28254766913655566
3500.14   13   -0.5269602432779965   0.003987576234419436
3546.08   14   -0.5269602437119816   0.2864844051619008
3674.15   15   -0.5269617361632614   0.00364283731534548
3811.33   16   -0.5269683753604959   0.29559963049424964
4082.14   17   -0.5269683881080922   0.0023157113612230105
4108.35   18   -0.5269685108336376   0.2833287813885551
4171.34   19   -0.5269684037585868   0.2525179372720761
4224.16   20   -0.526968280503243   0.00232216343989945
4272.66   21   -0.5269699719627498   0.0022185369886063
4301.65   22   -0.5269721438247169   0.2725055495983001
4337.9   23   -0.526971854954272   0.0021056806296489883
4352.73   24   -0.526971867892668   0.254484254822842
4366.69   25   -0.526971996144484   0.22372310129804637
4380.02   26   -0.5269729133212058   0.0020449884189498576
4401.24   27   -0.526979991116759   0.0019753673030858967
4431.25   28   -0.5269837613113565   0.002141119333317581
4446.28   29   -0.5269899164067107   0.23849324405021602
4459.5   30   -0.526990963427342   0.26898500903477907
4529.95   31   -0.5269904493204215   0.0022918335790166416
4543.78   32   -0.526990867974544   0.2573952203843333
4556.4   33   -0.526991035646297   0.0021447892673270037
4572.16   34   -0.5269916793747718   0.2367714912571787
4608.55   35   -0.5269939150132201   0.26785132603220324
4637.77   36   -0.5269938678413457   0.0016103776384062993
4660.41   37   -0.5269952965896769   0.2645650829509647
4701.33   38   -0.5269957449770926   0.002039584752852377
4716.67   39   -0.5269959485238218   0.0018877969408871782
4738.83   40   -0.5269984270124912   0.0021737131821210672
4751.99   41   -0.527021690312295   0.0033783578580883276
4765.55   42   -0.5270378423646335   0.26102996247193777
4831.01   43   -0.5270406507600812   0.24723037153296004
4871.42   44   -0.5270402217704715   0.2602599900164361
4922.36   45   -0.5270400979383347   0.21590877352512625
5079.08   46   -0.5270396621749043   0.250336393615854
5133.39   47   -0.5270391354361034   0.24081354474013222
5247.89   48   -0.527039130089057   0.27373200091672684
5302.47   49   -0.5270388671007462   0.2853459912827
5352.14   50   -0.5270388642529771   0.30169771892449126
5507.55   51   -0.527038724414431   0.21487690039014987
5644.91   52   -0.5270381991917494   0.2714447771986593
5774.81   53   -0.5270380967626882   0.29884501294963306
5787.92   54   -0.5270381094622117   0.2677323437827497
5808.71   55   -0.5270388222289665   0.30802162883549966
5837.05   56   -0.5270383845733639   0.3040125701678561
5857.15   57   -0.5270393665864611   0.2780649064742639
5940.49   58   -0.5270388531523396   0.26425564975349336
5976.22   59   -0.5270385999506018   0.27073794128121786
6051.77   60   -0.5270381205329588   0.26772791477918295
6113.86   61   -0.5270380330005858   0.27428553570525765
6204.23   62   -0.5270380179115558   0.20274075228139882
6354.01   63   -0.5270374991136852   0.26598852793056543
6443.54   64   -0.5270370023143526   0.2453352799110692
6550.98   65   -0.5270370023141692   0.2510500754180635
6591.26   66   -0.5270369462387535   0.2551662177835004
6603.34   67   -0.5270369431994024   0.23777742720395817
6646.47   68   -0.5270368355068591   0.29684514967184694
6659.39   69   -0.5270368393712509   0.22789816978169375
6672.73   70   -0.5270368343565207   0.27659437704094464
6693.8   71   -0.5270368724449656   0.2749219254720562
6724.34   72   -0.5270371268448462   0.30603360145747976
6883.85   73   -0.5270366053227094   0.2864501686172882
6959.76   74   -0.5270361721511598   0.2399246347507843
7007.47   75   -0.5270360003161451   0.2596743978513738
7020.88   76   -0.5270355809334799   0.29848322446773656
7034.08   77   -0.5270356169322716   0.27226915623255027
7047.8   78   -0.5270357032692282   0.2294694062974371
7190.38   79   -0.5270353840295032   0.003174718911075317
7226.68   80   -0.5270372074226481   0.28592429864692726
7332.65   81   -0.5270382278359416   0.27463449982079785
7366.96   82   -0.5270380139200861   0.2917489411287457
7407.29   83   -0.5270376734763949   0.003119200331922397
7440.17   84   -0.5270380015480401   0.27786237146801274
7472.75   85   -0.527037849920694   0.003090453560776272
7493.38   86   -0.5270381396606802   0.23799102292759503
7624.83   87   -0.5270400882088283   0.24542290840460168
7670.37   88   -0.5270397267556607   0.2921708272152832
7749.79   89   -0.5270392700757347   0.25541396170665925
7788.94   90   -0.5270388430952296   0.0037273688047165998
7817.66   91   -0.5270391186957534   0.2441268413589716
7844.8   92   -0.5270391145454143   0.2117838875313401
7886.51   93   -0.5270387804644381   0.2536238286322092
7987.52   94   -0.5270382936366289   0.20391597801878505
8084.45   95   -0.5270382907210531   0.2766525477251457
8106.32   96   -0.5270382907227298   0.26747140582797657
