0.0   0   -0.5331595920656231   0.18303908623310264
696.49   1   -0.5331592093462182   0.19440853208088574
935.81   2   -0.5331587111704282   0.15208413145481692
1138.95   3   -0.5331583556200794   0.13139828413414112
1185.58   4   -0.5331583905145957   0.1281804997052922
1293.74   5   -0.5331691425848335   0.011144113416416622
1381.63   6   -0.5331749353062396   0.17765968273106914
1469.08   7   -0.5335837360261859   0.005379274748030667
1601.27   8   -0.533743600889105   0.00515741444215618
1670.37   9   -0.5338195641596483   0.004080376917680459
1736.17   10   -0.5339018640109688   0.003773397637701752
1802.4   11   -0.5339507060061586   0.0025439181034456085
1860.61   12   -0.5340023915905845   0.0022458564926035552
1911.29   13   -0.5340352673786941   0.002280588293228078
1961.29   14   -0.534056018847067   0.0016763209989883296
2011.34   15   -0.5340764797870118   0.001778269655582153
2061.73   16   -0.5340930059801313   0.0017577034156284047
2113.27   17   -0.5341018152117377   0.0011757981162022777
2164.15   18   -0.5341127530573896   0.001344645497782892
2215.86   19   -0.5341239941346255   0.001080463951470519
2267.27   20   -0.5341362203592137   0.0008139213658403793
2318.73   21   -0.5341449272683556   0.0006991917798736178
2368.83   22   -0.5341554898304567   0.0007669810910545388
2420.48   23   -0.5341627463050393   0.0008029117330033051
2473.83   24   -0.5341677831135968   0.0010355130454094803
2522.67   25   -0.5341783759566701   0.0006816955792204596
2573.23   26   -0.5341870673861611   0.0007023842691280198
2606.31   27   -0.5341869477557202   0.0005616548321090787
2671.99   28   -0.5341918668423429   0.000783771080921641
2721.85   29   -0.534198418911027   0.0006632891656216611
2770.47   30   -0.5342022723806449   0.0006667823571338845
2802.56   31   -0.5342045137939979   0.0005994320888557102
2850.86   32   -0.5342066994274411   0.0005128813665435298
2900.59   33   -0.5342096707796484   0.0005949314801251996
2949.74   34   -0.5342135840371897   0.000517467833980657
2999.57   35   -0.5342159148839687   0.0004664032685075488
3048.58   36   -0.5342190246674692   0.0006649770785583663
3097.91   37   -0.5342227479147665   0.0006112145884407507
3147.37   38   -0.5342261631089725   0.0006246189185629176
3196.7   39   -0.5342288189003779   0.0008673723916828526
3245.14   40   -0.5342317063478067   0.0007672357076152192
3294.08   41   -0.5342353847859184   0.0005231660254603706
3342.85   42   -0.5342394240821661   0.0005008034112983366
3391.35   43   -0.5342443162387571   0.00048581714374966597
3422.67   44   -0.5342469492309957   0.1915609541750425
3470.41   45   -0.5342469515550007   0.0005881734012534134
3518.32   46   -0.534246978609718   0.13412716895175875
3548.48   47   -0.5342468288092186   0.15700059572841243
3756.61   48   -0.534246342213456   0.0005916218421653534
3788.49   49   -0.5342468930586214   0.0006405332297377792
3819.54   50   -0.5342473514228622   0.000400966887916666
3850.58   51   -0.5342486987836692   0.0004904155730111821
3881.33   52   -0.5342495757293719   0.0003610563702078974
3927.78   53   -0.5342513571806623   0.0004798069164874292
3973.83   54   -0.5342536115914126   0.0009085677163358813
4021.31   55   -0.5342553734048924   0.0004773796128326694
4068.99   56   -0.5342576288981034   0.0004233732332456414
4116.33   57   -0.5342603447977295   0.000652391278563458
4165.58   58   -0.5342625884294269   0.0005159356576523389
4214.88   59   -0.5342651623740027   0.000547020065891878
4262.81   60   -0.5342669101034683   0.00041152315895641553
4328.69   61   -0.5342705482731251   0.0022062500453976877
4642.37   62   -0.534269421662725   0.11496906983973448
0.0   0   -0.5342694216640913   0.12725269341014145
448.79   1   -0.5342694232503817   0.0005505904158105272
558.13   2   -0.5342694224757947   0.15867303268174535
691.46   3   -0.5342697765559741   0.15888890478813633
1322.39   4   -0.5342695913299745   0.11393519142609683
1685.96   5   -0.5342695881430667   0.15565752492080703
2120.23   6   -0.5342690680627065   0.00046501289740790076
2245.56   7   -0.5342690692378692   0.12505546291720715
2770.91   8   -0.534268681819124   0.1169909169749573
2905.51   9   -0.5342690693328115   0.0005627015359919828
3109.56   10   -0.5342700524718942   0.000571696904721153
3232.27   11   -0.5342704482480286   0.0005076766919922862
3341.78   12   -0.5342714079899061   0.00034966120367167455
3463.64   13   -0.5342727540025363   0.0005003699869744446
3550.41   14   -0.5342737871863021   0.0003709385771845784
3631.7   15   -0.5342745893693472   0.000502034624992751
3708.74   16   -0.5342755962229486   0.00044041120536741744
3788.43   17   -0.534276527030647   0.00030893185819294165
3869.71   18   -0.5342774976864618   0.00036968044549156627
3949.64   19   -0.5342785785369459   0.0003713366412633734
4494.43   20   -0.5342781903205343   0.15353987617129308
5080.83   21   -0.534278027752089   0.13553730012644272
5158.0   22   -0.534277674603832   0.17052285745616483
5230.01   23   -0.5342779052679749   0.0009713221791896028
5280.67   24   -0.5342779059041765   0.14833542973671085
5383.01   25   -0.5342802794098571   0.00044396978233773415
5936.9   26   -0.5342802721546855   0.11941872493672281
6069.62   27   -0.5342802737168508   0.1773367287220768
6385.43   28   -0.5342800478426714   0.1876379618953224
6497.7   29   -0.5342798261977056   0.1838888282227913
6761.37   30   -0.5342797111958038   0.1398693615415897
7002.22   31   -0.5342795841841217   0.14695940495141122
7620.78   32   -0.5342794008847414   0.16585232316723866
7707.04   33   -0.5342796103889618   0.0005409538026462696
7873.39   34   -0.534280673647754   0.00023360104476277037
7986.32   35   -0.5342813462953729   0.0002736138658616778
8076.07   36   -0.5342819212610925   0.0002463968040159576
8166.1   37   -0.5342824790175842   0.0002568678317069101
8254.24   38   -0.534282876929005   0.0002293063390490403
8340.78   39   -0.5342834054408777   0.00043071285846259146
8427.44   40   -0.5342840343513211   0.0002488503354512711
8535.1   41   -0.5342848583228863   0.0003839702899246578
8589.14   42   -0.5342854941877331   0.16088911678196668
8675.04   43   -0.5342854613745808   0.0003799671667180811
9033.81   44   -0.5342853836539595   0.15333591486310333
9089.57   45   -0.5342853838940345   0.0003826884274602362
9147.36   46   -0.5342853841012247   0.1411107441089757
9446.37   47   -0.5342853837173368   0.14106180633134113
9491.04   48   -0.5342853346963299   0.000396946609762836
9538.23   49   -0.5342853837765112   0.0003798241354673238
9607.2   50   -0.534285750240011   0.00028975632015122287
9659.98   51   -0.5342859132717674   0.0004082160234570448
9707.76   52   -0.5342862181956897   0.00036874988141387974
9755.43   53   -0.5342868987363741   0.0004107767597137413
9807.53   54   -0.5342872814736819   0.0002913659822145103
9878.89   55   -0.534288640018767   0.00036979555793452716
9951.83   56   -0.5342918165170337   0.00040842488643159377
10000.59   57   -0.5342937869319468   0.1267044800113614
10160.51   58   -0.534293392997266   0.18142481786408818
10441.28   59   -0.5342931373650299   0.1376356967186826
10555.85   60   -0.5342927840662556   0.0009094660433723512
10601.4   61   -0.5342936976180899   0.0005841762850384681
10675.28   62   -0.5342952225960744   0.0004895704626929913
10747.51   63   -0.5342959687582539   0.0004148470115688977
10795.91   64   -0.5342959824049084   0.00042163038095586986
11498.89   65   -0.5342959943637636   0.0003932577129897595
11547.09   66   -0.5342961948165383   0.00048564538084312097
11597.1   67   -0.53429685480768   0.0005666152815340441
11671.64   68   -0.5342985293774913   0.00039547257260978165
11721.16   69   -0.5343001910957741   0.0004402311690130953
11775.26   70   -0.5343027478024455   0.0003626526730855904
11823.68   71   -0.5343043224782456   0.0004046270095287562
11900.07   72   -0.5343064174744421   0.0005101004443876846
11973.06   73   -0.5343076215854736   0.00045465695215794955
12048.1   74   -0.5343087593922629   0.0003062753064738477
12121.07   75   -0.5343100962796546   0.00034933880544464586
12192.11   76   -0.5343110257150224   0.0004462487005968829
12261.72   77   -0.5343125247030368   0.00048195370283187237
12336.43   78   -0.534314208239041   0.000673690649866172
12412.18   79   -0.534316207735765   0.0003068060289664929
12462.38   80   -0.5343167693653703   0.0003669492096088713
12536.29   81   -0.5343188546826101   0.0003742092660925574
12607.19   82   -0.5343207980179407   0.0004051100263759741
12680.69   83   -0.5343230158105388   0.0006919661139920417
12731.14   84   -0.5343243206819791   0.0004779392076258984
12811.48   85   -0.5343260668080905   0.0003476420812855231
12889.0   86   -0.5343274166150214   0.0003304215938828435
12962.62   87   -0.5343285231120052   0.0003120999069271017
13038.99   88   -0.5343300347697064   0.0004122916166485224
13114.28   89   -0.5343315770252975   0.00041862178850838466
13186.26   90   -0.5343325946726863   0.00028488351615231283
13264.44   91   -0.5343336099102964   0.0002514631729726029
13345.17   92   -0.5343348862976831   0.00024585831078741913
13421.34   93   -0.5343359864093474   0.00020099228435207597
13470.11   94   -0.5343365363988125   0.00027174899636236364
13549.45   95   -0.5343371092847671   0.00022943340348680234
13597.94   96   -0.534337491712476   0.13350515078234157
13768.01   97   -0.5343374954843567   0.00036748603507417754
13819.17   98   -0.534337531359158   0.0002868003687882405
13874.24   99   -0.5343377919802749   0.00040169244968511335
13958.29   100   -0.5343385623210701   0.00028048691441774274
