0.0   0   -0.3144759631213179   0.2627646750465087
128.37   1   -0.31447568301904283   0.21968332792399878
137.83   2   -0.31447575008599377   0.18320519894566617
158.49   3   -0.31447571952747505   0.05200487066787804
189.21   4   -0.31447759137594483   0.2062267891227738
198.45   5   -0.31447802199646857   0.2041024274416034
219.72   6   -0.31447773784881106   0.0519941132668314
227.91   7   -0.31447781307516004   0.19494460876263373
245.52   8   -0.3145683687387005   0.05148039555851025
259.76   9   -0.3200119333774312   0.021269445772257884
269.0   10   -0.32057611818883575   0.20206714048209362
318.5   11   -0.3209560468041053   0.22560073252920368
383.85   12   -0.3209559552609773   0.21469321550961082
430.81   13   -0.3209558471126249   0.23244352003806978
462.24   14   -0.32095577358966276   0.18161215157420965
475.68   15   -0.32095575163689144   0.19149331529811595
484.99   16   -0.3209557232380531   0.2006430337902257
494.46   17   -0.3209556976395499   0.23343863438805196
503.48   18   -0.32095572737683276   0.2078094451120021
512.0   19   -0.3209591613848883   0.257589628835393
538.86   20   -0.32096199009929766   0.29338902011213785
565.99   21   -0.32096980954618387   0.22683095444662715
594.23   22   -0.32096959715715967   0.2001958307006184
644.34   23   -0.32096927914269363   0.17085301679335962
657.67   24   -0.32096929626265464   0.21516031194515095
666.19   25   -0.32096933413273143   0.18072507392625395
684.64   26   -0.3209742312567094   0.02098138669926654
693.51   27   -0.3209751094652705   0.2562079229612544
706.97   28   -0.32166971505393854   0.014211472157538646
753.01   29   -0.32167394509426506   0.192010161530954
766.9   30   -0.3216756849862804   0.2472616708683061
805.73   31   -0.3216754270185915   0.22896355534711932
846.88   32   -0.3216751996386861   0.1876129676023962
877.16   33   -0.3216751683186678   0.08702437176996147
939.79   34   -0.32167513737101466   0.21436948697539182
976.67   35   -0.321675107528664   0.20075686771899276
990.12   36   -0.32167488772250497   0.20367422535774635
1012.37   37   -0.32167473377421457   0.185250969379077
1038.29   38   -0.32167469349121836   0.2341949870045248
1151.1   39   -0.3216744149594975   0.01400630733834487
1160.28   40   -0.32167449688093464   0.1673972881850372
1169.05   41   -0.32191625755765896   0.22085697878779337
1200.23   42   -0.3219160564086297   0.21880910969040127
1213.77   43   -0.3219160518952965   0.02011610616354366
1231.01   44   -0.32191619443840713   0.20610001076754028
1257.84   45   -0.3219161234374539   0.020107350837883384
1271.37   46   -0.3219161640683912   0.16884989253586768
1284.71   47   -0.32191603171690636   0.20981686978513808
1312.81   48   -0.32192112643831367   0.020037553235142287
1368.19   49   -0.32194268338020904   0.20855735375800014
1381.31   50   -0.3219657075515954   0.28138273928738783
1395.85   51   -0.3219662211220104   0.20329016312971337
1410.05   52   -0.3219694766545935   0.23652769811036536
1428.05   53   -0.3219693228871271   0.18659117617715543
1482.42   54   -0.32196911409736195   0.2357967830557767
1505.61   55   -0.3219689957089992   0.21984645236269712
1514.23   56   -0.3219690989989241   0.2001756876077812
1522.83   57   -0.3219690702601432   0.2089339050879943
1541.36   58   -0.3219690705699103   0.23515773095769313
1550.48   59   -0.321969049594674   0.2282845040680168
1563.94   60   -0.32196917649747253   0.1877673714617715
1587.61   61   -0.32197347584394687   0.24968201706016876
1632.77   62   -0.32197316482441013   0.19854336110775705
1660.15   63   -0.3219728828670001   0.22784936586192972
1686.07   64   -0.32197286764033084   0.019235357621184224
1694.87   65   -0.32197288127903695   0.23545393255099434
1712.48   66   -0.3219729657820842   0.19215128164925088
1721.3   67   -0.32197536444784614   0.018828771729650973
1833.7   68   -0.32197534216075835   0.23181539454562763
1965.67   69   -0.32197502279018864   0.20892287821159375
1978.31   70   -0.3219750875948047   0.18825928198395103
1994.85   71   -0.32197594910537647   0.019039053061649713
2008.06   72   -0.32197638300448705   0.25632613368826584
2029.48   73   -0.32197624190544677   0.21845481506228695
2051.36   74   -0.32197599350509815   0.18468700935270194
2080.94   75   -0.3219756733178283   0.019044157969837563
2094.44   76   -0.32197607551687185   0.2040439232189573
2140.53   77   -0.32219560746093384   0.23283678261788116
2193.84   78   -0.3221954881766251   0.20108460632443795
2247.49   79   -0.32219532041998195   0.22141209578026946
2291.78   80   -0.3221952251040624   0.2397966629113788
2330.04   81   -0.32219490578704546   0.013137264500914535
2338.56   82   -0.32219491208575446   0.21345773878822646
2351.11   83   -0.3221960292680574   0.21824019976519365
2403.84   84   -0.32228026645701224   0.27475356546937035
2463.02   85   -0.32228001756932206   0.24754246263785876
2525.21   86   -0.3222800175722804   0.2101418182662678
2534.18   87   -0.32228013230914765   0.18328181911996183
2552.08   88   -0.3222800548377384   0.1988921601061072
2585.96   89   -0.3222800541452107   0.23916624927899274
2670.79   90   -0.3222798831063817   0.1811005554668543
2695.92   91   -0.3222795788494584   0.20371745668703997
2719.94   92   -0.32227928492315316   0.21701311219543493
2728.06   93   -0.3222793525039302   0.20457710986842437
2755.64   94   -0.32228876557704667   0.21145067437552256
2801.08   95   -0.32244888120512133   0.1871093204854485
2868.59   96   -0.32244860206489234   0.2263851875912305
2904.7   97   -0.32244830628240495   0.22113589329382502
2944.24   98   -0.3224482781519322   0.20584768295109962
3021.3   99   -0.32244796352227567   0.012578268330334093
3033.17   100   -0.32244832501768944   0.2287083500674925
