0.0   0   -0.3551180241396004   0.23545977003871538
145.22   1   -0.3551176733243392   0.06684793210976532
153.66   2   -0.35511772923326235   0.39328174460509246
180.42   3   -0.35520160810205925   0.4458806998454509
230.01   4   -0.3552014688123539   0.4209079939990979
267.65   5   -0.35520111511912267   0.06670589169664753
288.06   6   -0.35522615415933045   0.30879368050610984
296.59   7   -0.3552696881747045   0.42916295750342165
375.89   8   -0.3552696881747174   0.06656507154136668
416.47   9   -0.36181549039539684   0.3014946955148213
517.26   10   -0.36181515484506266   0.39662197254110737
525.48   11   -0.36181498202203893   0.056121119345259166
542.82   12   -0.36181579226899585   0.32861928485916475
554.63   13   -0.36181552023433117   0.05611778091170195
562.79   14   -0.36181558940730285   0.4087837486603292
579.16   15   -0.36181649856285547   0.45452302260087635
600.05   16   -0.3618201462272527   0.05608657324930821
658.01   17   -0.36182441243019536   0.3997000998174956
756.27   18   -0.3618243201534801   0.304831077981486
773.78   19   -0.3619705097016274   0.3952214854334663
847.65   20   -0.3619701676758312   0.2994364427467996
913.44   21   -0.3619698142362624   0.0567155630700795
931.42   22   -0.3619698555651475   0.41911971919793356
963.28   23   -0.3636364587520154   0.3969651458375779
972.02   24   -0.36412068339761283   0.2935198645600456
1057.99   25   -0.364120382348014   0.33616404776791386
1066.24   26   -0.36414095961194926   0.05170336221768351
1079.37   27   -0.3642984450482854   0.36626159942531483
1088.52   28   -0.364649811100475   0.3835832223151165
1097.13   29   -0.36490966789067786   0.28057960667873827
1110.65   30   -0.365352370226573   0.323126294081224
1227.88   31   -0.36535234513123827   0.3700320653617145
1253.38   32   -0.3653942105332656   0.33218946999131566
1318.5   33   -0.36539385150321724   0.37469346301904727
1389.4   34   -0.36539364279685677   0.3219419229506926
1458.89   35   -0.3653933576173852   0.36792182071038276
1531.85   36   -0.3653930829831173   0.34382917218558307
1591.09   37   -0.3653927326086428   0.35387797738775134
1661.72   38   -0.36539236933691843   0.42157932642678975
1713.55   39   -0.3653920272394439   0.4223856163414059
1789.13   40   -0.3653916635721304   0.3218571301111537
1814.73   41   -0.3653916556823023   0.43928347608813
1868.98   42   -0.3653916321109703   0.036074046784149764
1885.41   43   -0.3653923720763102   0.43744677855287406
1902.33   44   -0.3653923658501471   0.03605647741910059
1919.57   45   -0.36539454021933854   0.35265413817987806
1936.87   46   -0.36539436707799994   0.35288102631145246
1949.31   47   -0.3653943788723445   0.39744962348452817
1957.79   48   -0.3653945237275155   0.3758314726782801
1995.64   49   -0.36539444793123366   0.036003094551967346
2020.1   50   -0.36539449427261045   0.37906927899102727
2038.38   51   -0.3656521744623523   0.3571490199154135
2086.96   52   -0.3656518683103634   0.38052467658309796
2221.61   53   -0.36565182898146603   0.02808133961127132
2242.67   54   -0.36565188020239187   0.35055960389420693
2354.43   55   -0.3656518357169047   0.028080045732440894
2362.7   56   -0.36565187026339596   0.29571134903611834
2371.14   57   -0.3656518872874048   0.34481970448448857
2396.62   58   -0.3656715726228254   0.3377966280081887
2421.51   59   -0.3656714322660413   0.3529952058181049
2470.43   60   -0.365671245626469   0.34282535577292933
2558.2   61   -0.36567121425071425   0.3078724801622454
2588.7   62   -0.3656711976457784   0.32227127451729803
2601.19   63   -0.36567122306896205   0.3293055754516561
2618.4   64   -0.3657530876327165   0.026524959551508135
2648.61   65   -0.36597853389722784   0.35689169465504206
2658.0   66   -0.36621470227439734   0.3415026646733235
2714.09   67   -0.3662146656019345   0.34786549806964095
2745.49   68   -0.36621454612569987   0.38191291992948745
2753.5   69   -0.3662143068999982   0.2806875242921705
2765.39   70   -0.3662145217840885   0.38167945820350346
2833.15   71   -0.36621669016854963   0.39747281912002985
2939.2   72   -0.3662166810661992   0.315450793070332
2986.46   73   -0.3663654523335521   0.3578560241852002
3005.21   74   -0.3663655140120915   0.332842288393248
3050.55   75   -0.36636866708019267   0.010976356340811625
3067.42   76   -0.3664631288513441   0.007791407231464781
3075.38   77   -0.36661069796586004   0.3945046589217176
3087.43   78   -0.3668875640752532   0.3401995308575693
3095.2   79   -0.36694418953483626   0.018501434808261205
3115.16   80   -0.36703868912406795   0.013153199872915576
3126.59   81   -0.36726367919219977   0.38227645009147887
3165.54   82   -0.36726596487391405   0.030424250255509554
3244.15   83   -0.36727492220217095   0.39526056747103266
3303.58   84   -0.3672745910831458   0.34513317483518047
3364.51   85   -0.36727444219583955   0.37917431046482675
3383.37   86   -0.36727837163760974   0.013906460022669086
3390.24   87   -0.36729802936539874   0.01131321751038713
3410.94   88   -0.3673502128628705   0.37539976746375003
3422.72   89   -0.3673782213288377   0.3075717430178497
3430.02   90   -0.36739568051448096   0.008584348601812746
3445.79   91   -0.3675037357966363   0.010737305360366808
3463.09   92   -0.3675454344872   0.3663336637447697
3508.72   93   -0.36754541823069137   0.008536462025322749
3520.35   94   -0.3675488215969336   0.4028302879496479
3588.27   95   -0.36754845418406207   0.39482699385895836
3598.98   96   -0.36754834851065943   0.008223565841132346
3616.62   97   -0.36754847759927173   0.3414869672087694
3663.65   98   -0.3675484776347857   0.3710926659061064
3681.24   99   -0.3675487566492061   0.3012389907684893
3689.62   100   -0.3675485753811537   0.3544328171680226
