0.0   0   -0.19848118579708507   0.010038100792586449
334.51   1   -0.20050322087368985   0.007233884937714346
1425.23   2   -0.22541039652218742   0.03091346600539064
1777.92   3   -0.22821301927727133   0.028484305771730195
2285.03   4   -0.24567453167358455   0.031450163648534826
2785.91   5   -0.25456514086431314   0.016758366173046168
3261.62   6   -0.25657102460813735   0.006028438900666695
3929.25   7   -0.259010689475788   0.025982012768969612
4445.97   8   -0.27602355246685545   0.03833206775000785
4933.01   9   -0.29352936178369093   0.04447295539623276
5442.74   10   -0.30642898819609243   0.01788956357163945
5874.5   11   -0.3156957231450134   0.02855122305735051
6316.75   12   -0.32736856318489715   0.014510037514553376
6817.45   13   -0.33069990222520934   0.00987004475636502
7331.06   14   -0.3324197377452798   0.00792812568747441
7831.71   15   -0.3335896131652512   0.006979146977895714
8356.07   16   -0.33438357698125964   0.005353044486686107
8866.05   17   -0.3348960904719401   0.0048910032507309105
9299.17   18   -0.33515206322213376   0.003440439420326794
9687.78   19   -0.3352915224939853   0.0016684190377599507
10135.98   20   -0.33551184536109924   0.001526717572479122
10579.2   21   -0.33562741042568645   0.001984038582145196
11021.85   22   -0.3358212866626041   0.0019648697926300572
11446.75   23   -0.3362141954868808   0.002119208670669916
11929.78   24   -0.33651894649925795   0.002254467656468531
12402.47   25   -0.3368315550357232   0.0022677027110860884
12891.26   26   -0.3370811439107202   0.002278988427112006
13313.13   27   -0.33725083340510453   0.0014713109398345806
13808.18   28   -0.33733270877262594   0.0012325771493802828
14156.3   29   -0.3374246105340765   0.0013153690410766389
14619.9   30   -0.33751604271505015   0.0015446144935981551
15084.2   31   -0.3376353257051761   0.0011464339915925117
15560.03   32   -0.3377240781194205   0.0015218229291546798
16043.92   33   -0.3378570294625549   0.0013416871327189414
16497.91   34   -0.3380148662562764   0.0016116899275760998
16978.26   35   -0.3381795971251835   0.0019053417922836702
17371.7   36   -0.33827311768614643   0.0028956936700037027
17925.51   37   -0.3383843234181112   0.0017356209587087246
18421.91   38   -0.33852334938885803   0.0014665187956948498
18863.68   39   -0.3386422294223522   0.0022883116134274606
19123.42   40   -0.3387617597521583   0.002629499736572372
19536.91   41   -0.33887842934329115   0.0015117051242094903
19857.33   42   -0.33893173031506324   0.0013706078466007208
20338.88   43   -0.3389923566962993   0.0010968049622201177
20831.37   44   -0.3390781103720583   0.001131714434534629
21322.01   45   -0.3391513503221211   0.0011090439492956194
21804.19   46   -0.33921078268192284   0.0012579383614624011
22277.51   47   -0.3392846524678925   0.0010273930037160578
22760.95   48   -0.33933129272053053   0.0008192143459855947
23244.18   49   -0.3393884501027645   0.0008584444734283285
23753.12   50   -0.33942809790521256   0.0009528077079831769
24080.15   51   -0.33945166440973185   0.0007127653911143172
24502.17   52   -0.33949064167814125   0.0009541292629510641
24935.15   53   -0.33954091326572033   0.0007672282111103189
25387.61   54   -0.3395788830144998   0.000775911472117047
25991.43   55   -0.3396090233301669   0.0008304637673927483
26728.74   56   -0.33963669395116913   0.0006808966295083884
27268.68   57   -0.339663238418664   0.0006116195646503894
27749.78   58   -0.3396902734412586   0.0010142382496359588
28242.53   59   -0.3397073131685977   0.0009074201372519669
28808.89   60   -0.33971821937748176   0.00047785119792072305
29305.11   61   -0.3397294588912571   0.0005593528023455895
29884.38   62   -0.33975015870703396   0.0006360886202031737
30259.05   63   -0.3397616733037886   0.0007060443878122324
30820.84   64   -0.33977095137711977   0.0005108321956710734
31309.4   65   -0.3397854575350016   0.0004321820071465352
31729.28   66   -0.33980830367735304   0.000625099785830955
32233.02   67   -0.33982297549921875   0.0006101228634544114
32622.81   68   -0.33983704888193916   0.0004331630099866255
32972.18   69   -0.3398490395172203   0.0003647071560646228
33219.51   70   -0.3398592861292895   0.0007998253571475989
33408.16   71   -0.3398720354506767   0.0004292894623592968
33595.52   72   -0.3398860428270033   0.000400852061938721
33783.64   73   -0.3399013903886331   0.00040604216923645613
33909.76   74   -0.3399066231413767   0.00040437562205285644
34138.77   75   -0.339916224994229   0.00031994507210583397
34367.83   76   -0.339923778667755   0.0003256663433527013
34610.35   77   -0.3399317391488804   0.0005403238112333849
34817.85   78   -0.3399407777501417   0.000431483831009306
35033.58   79   -0.3399490825324923   0.0003107580327072341
35237.39   80   -0.3399561541824831   0.0003217477644619468
35357.24   81   -0.3399597631408737   0.00043954442640273196
35534.15   82   -0.339964598226898   0.0004825273942841132
35709.0   83   -0.3399719135242132   0.0002301628522281226
35890.61   84   -0.33997919968939855   0.00044927378822261736
36009.01   85   -0.3399824703259562   0.0005455476058866198
36184.34   86   -0.3399880294898897   0.00028385345136825314
36390.72   87   -0.339994371898405   0.00023706215526131795
36629.5   88   -0.33999944109584135   0.0004457706309923563
36781.1   89   -0.34000151532294753   0.0003721299132942074
36959.27   90   -0.340008202645048   0.0003157248851171465
37140.1   91   -0.34001404600195895   0.0002832789838717977
37328.98   92   -0.34001772514063067   0.00035614223750752097
37520.79   93   -0.3400212349172958   0.0004130932049079412
37724.33   94   -0.3400252087519857   0.00030909799912332144
37952.48   95   -0.34003079518177126   0.00023049047887095417
38127.89   96   -0.3400342408252446   0.00026099562914529476
38242.64   97   -0.3400365376232999   0.00026805735339600114
38487.63   98   -0.34003867795197595   0.00016916430587266985
38732.26   99   -0.3400414490610454   0.00021020428066808808
38846.12   100   -0.3400431960155079   0.2560583033290434
