0.0   0   -0.19021802365181836   0.05065317963668345
12.05   1   -0.19656612406277335   0.03956418075107756
25.88   2   -0.20080565909918485   0.0220612660996649
79.7   3   -0.20947752391686786   0.21784745180050283
89.46   4   -0.21893434840520395   0.19352744537509814
233.76   5   -0.21893425326658245   0.268897389602226
272.17   6   -0.21911579348042132   0.17095459425189502
314.62   7   -0.22012674001664134   0.20680044294127678
325.64   8   -0.24881036019958258   0.3495457260663104
426.13   9   -0.24881015779205973   0.3561213571598386
503.06   10   -0.24881010968966183   0.39174623004414305
610.62   11   -0.24880988091199197   0.3405709632231233
681.92   12   -0.2488096355090818   0.3094003239261331
744.85   13   -0.24880940037842939   0.32132981430205454
802.52   14   -0.24880917029562002   0.39184740429473164
837.58   15   -0.2488089239890265   0.36624543695139145
881.08   16   -0.2488086818939369   0.3176872969409696
891.02   17   -0.24880872146284463   0.2662211833675231
900.47   18   -0.24880934274834532   0.39816140566108704
924.79   19   -0.24890138570786213   0.3633274085622994
983.76   20   -0.24890125708306302   0.33622816746985684
1032.55   21   -0.24890117570458759   0.3192304477863226
1129.34   22   -0.24890093391167678   0.2829635191056785
1138.88   23   -0.24890093616549996   0.3898734885016632
1158.91   24   -0.24890087054767968   0.36733398102701553
1262.21   25   -0.24890062167427252   0.38573124332011116
1271.96   26   -0.2489006811641049   0.27785913344538254
1281.27   27   -0.24890069291102204   0.28901974036971334
1410.86   28   -0.24890049872503056   0.3114186300173386
1452.33   29   -0.2490860779096496   0.303504391803744
1463.2   30   -0.24973441593300744   0.2864465979109627
1479.16   31   -0.24973441580782724   0.31760608955016567
0.0   0   -0.24973441573895283   0.3451021875749465
147.7   1   -0.2497342877328234   0.3767523220719824
158.58   2   -0.24973406929305214   0.24995628604573072
175.9   3   -0.2497343218497875   0.3547652095128199
198.29   4   -0.2497347007398762   0.2908325659684524
231.6   5   -0.24974046391639965   0.32029851584756025
249.34   6   -0.24975519592246176   0.25949052086842583
260.59   7   -0.2498043901138673   0.35996436423873973
272.44   8   -0.25035551260414535   0.3488773115547289
352.72   9   -0.25035538231007487   0.39118196266728283
370.75   10   -0.2503551969802127   0.3712099222151187
388.54   11   -0.25035819390516156   0.34680412446776404
432.27   12   -0.25243916322075927   0.3494585618726056
565.16   13   -0.2524390924379281   0.3647906344393945
657.47   14   -0.2524389111737566   0.3228232928132802
739.7   15   -0.252438899486224   0.3246156350958512
779.67   16   -0.2524388971935819   0.3847308006752549
789.4   17   -0.25316173370291456   0.28515160652858773
821.36   18   -0.2537717592502823   0.17514766177828306
836.25   19   -0.2698889361853933   0.1128681910874584
850.98   20   -0.2799772372893691   0.3919402288874109
935.86   21   -0.27997701357700006   0.07855570068538754
945.44   22   -0.2813683619001659   0.27773613137488024
984.05   23   -0.2818642480510646   0.06979671569072445
1007.58   24   -0.28221157931545415   0.06867901124660146
1016.66   25   -0.2840001111936006   0.06483229561095837
1059.06   26   -0.2930948300596683   0.2954360171189333
1081.41   27   -0.29720871864450416   0.3670733324502041
1096.3   28   -0.29723850307746014   0.059176808605103146
1110.79   29   -0.298062027937429   0.3299080197444435
1120.86   30   -0.2981785350582799   0.3805382184837749
1142.48   31   -0.29844880482093394   0.04908386360682244
1183.65   32   -0.2989053391477875   0.3121160815854184
1211.47   33   -0.2989057040575041   0.4039978716917947
1322.88   34   -0.298905405444395   0.040881253227813066
1339.31   35   -0.29897618413574273   0.34900544140831746
1418.56   36   -0.2989758864655381   0.2728337540868719
1466.04   37   -0.2989756321914062   0.27027390405741164
1551.2   38   -0.29897540809662154   0.0404902779936942
1561.11   39   -0.29898029180817315   0.3707829505078038
1577.21   40   -0.2990158094536875   0.28235994092790834
1624.63   41   -0.29901565322746226   0.03828451288782154
1634.87   42   -0.29901596224137567   0.4610406313780164
1688.23   43   -0.29903599775010686   0.4981987367754409
1812.43   44   -0.29903578038440026   0.038497029298077065
1822.39   45   -0.29903617546304706   0.3422368684591554
1833.34   46   -0.29903709947861545   0.25024512493654144
1860.25   47   -0.2993764124308672   0.28381607042771956
1870.6   48   -0.3017098163766229   0.39920626842425255
2014.97   49   -0.3017095221534216   0.32380927696871936
2036.21   50   -0.30170953725124616   0.3085712429964482
2150.72   51   -0.3017093388526894   0.3440761332575244
2234.05   52   -0.30170911403520145   0.04272885182811941
2244.04   53   -0.30170939896899807   0.04272965360254613
2254.32   54   -0.3077078284585586   0.3199785745007002
2276.45   55   -0.3084404707216057   0.04914601511444751
2292.38   56   -0.3106869225788045   0.055902560673618595
2303.85   57   -0.3129260292933341   0.27965091838339906
2324.32   58   -0.3149829449003316   0.046446002986795895
2340.44   59   -0.3156963154000345   0.3412832865806514
2396.41   60   -0.3157663353288058   0.04292480332444735
2418.05   61   -0.31600983139903904   0.3062459886527194
2488.34   62   -0.31600971491065527   0.2705297278227936
2503.85   63   -0.31601052992837053   0.045605298913834254
2523.91   64   -0.31640246863590843   0.04314625596852845
2539.16   65   -0.31810970917557896   0.37571502823570135
2651.91   66   -0.31810951752998007   0.05703033122376467
2705.71   67   -0.3187688726317434   0.05072757579597963
2727.22   68   -0.31900558718680927   0.046939967551274615
2755.45   69   -0.3193986703520774   0.3652152811443001
2860.65   70   -0.3193984132101165   0.28616353953157486
2940.89   71   -0.3193980955479239   0.32617592548894064
3011.15   72   -0.3193978193856396   0.38325651193692484
3035.35   73   -0.31939757455523266   0.35990376727785145
3095.03   74   -0.3193975745262921   0.27246033387777974
3185.39   75   -0.3193972647084328   0.26357203589671074
3256.34   76   -0.3193972229609807   0.34076588470346675
3340.54   77   -0.3193972214790851   0.3329646687131237
3354.45   78   -0.3193971853976488   0.31811040105342486
3364.52   79   -0.319397200721311   0.28734981832193046
3377.6   80   -0.3193972069441452   0.0466994208431434
3396.35   81   -0.3194167657552792   0.37586130467516127
3411.13   82   -0.3194190930372859   0.3089627005597964
3420.29   83   -0.31941897457637713   0.04612257332438271
3429.95   84   -0.31941899481062236   0.2972508525291493
3596.2   85   -0.31941878361510656   0.0461178901145212
3614.99   86   -0.3194216995229249   0.04609742612595719
3625.3   87   -0.3233969938735111   0.28960198693423084
3635.35   88   -0.32491892896119556   0.3934747358869961
3655.82   89   -0.32516960540329926   0.3948618150014968
3727.83   90   -0.3251695102748336   0.3588065128363517
3782.59   91   -0.32573701449094467   0.09189487566500741
3791.77   92   -0.32628464369667914   0.08250656568211451
3801.29   93   -0.32769697201840675   0.37709035285161746
3822.22   94   -0.32860766183694967   0.3891850947954666
3831.73   95   -0.32870566463276   0.38683117621710233
3850.75   96   -0.32871201769112507   0.39504426666974946
3859.71   97   -0.32877126070568446   0.05304897071659489
3870.26   98   -0.3290242266924577   0.3785673889513332
3899.69   99   -0.3291844954136329   0.04502835798645696
3908.79   100   -0.3292210822394331   0.403765870521917
0.0   0   -0.32922108224202   0.060288504028446266
162.66   1   -0.3292652265541608   0.23258395506139362
263.87   2   -0.3292649205706402   0.33772975217320395
405.64   3   -0.32926465157231083   0.0971100210629459
425.04   4   -0.3292651361807719   0.265406445801931
449.65   5   -0.3292675628473525   0.34172931075733154
506.76   6   -0.330260063289615   0.38511385207811744
540.92   7   -0.3313418561088653   0.380947151022651
560.62   8   -0.33134658966577357   0.0192544467953988
595.34   9   -0.3313976639034229   0.0418592971932054
704.38   10   -0.33169369669494586   0.3064317037245572
841.78   11   -0.3316935943467263   0.2853286779963268
916.93   12   -0.33169355437938836   0.34973576594156663
943.3   13   -0.33182198431607196   0.3109064624275086
1020.06   14   -0.3320177224929929   0.39122593844302717
1153.01   15   -0.3320175349025762   0.283279489373341
1178.28   16   -0.3320201872482665   0.3601389731453741
1200.41   17   -0.33202069856351724   0.07280191998658483
1241.77   18   -0.33204379754437807   0.07208841384630846
1261.19   19   -0.33294734565783146   0.3967283089396222
1332.21   20   -0.3329563739150337   0.3339178212733525
1369.72   21   -0.33296881017545377   0.024865577574305686
1389.92   22   -0.3330474485542406   0.33428453846753775
1476.44   23   -0.33304727085910074   0.30030527971503135
1563.51   24   -0.33304706376213394   0.021305868208178983
1582.68   25   -0.3330572894881564   0.326847491673917
1617.57   26   -0.3330569929990519   0.31034459908023754
1629.77   27   -0.33305900281260026   0.020958996657819622
1646.77   28   -0.33309278586461105   0.01969377354625508
1658.36   29   -0.3333964598181526   0.2743239198952946
1727.74   30   -0.33339623899885296   0.01157922281183665
1753.57   31   -0.33340421694805317   0.3254749113079595
1765.64   32   -0.3334042479409643   0.2932172103787591
1830.72   33   -0.33340476064635505   0.017771093445966342
1885.53   34   -0.3334426154474771   0.012741831631885182
1910.95   35   -0.3336703855178732   0.015544730867437377
1931.17   36   -0.3340626630237913   0.3701414038532594
2024.44   37   -0.3340624957231274   0.027673344359372985
2043.32   38   -0.33412763601434603   0.3870345177919356
2099.25   39   -0.33412762127243817   0.011153964416287054
2111.62   40   -0.33412982348096226   0.38576789137121814
2128.87   41   -0.33412986138147793   0.011255044022322306
2213.26   42   -0.33413035344529746   0.01499079499938785
2239.67   43   -0.3341337332175094   0.30448851843774005
2382.93   44   -0.3341337302336731   0.31687702402496104
2400.78   45   -0.33417773905844533   0.012526151489547771
2430.07   46   -0.3341911488856787   0.39685530043753114
2468.29   47   -0.3341948956482826   0.019445945088685315
2481.95   48   -0.3342107279910148   0.013691706613499001
2512.22   49   -0.3342326048422029   0.014666563429124544
2526.06   50   -0.3342956191770994   0.38595710113864223
2551.87   51   -0.3343272044523811   0.01944448399518332
2569.88   52   -0.3343565376791695   0.36639998442391686
2588.74   53   -0.33437347876271695   0.3951590275407592
2644.55   54   -0.33437326566516523   0.01847451149629239
2668.64   55   -0.33444342628140156   0.016027197767818885
2705.57   56   -0.334454057879738   0.3770277789566145
2798.48   57   -0.3344537251647661   0.34696022896800344
2835.3   58   -0.3344536733442084   0.015898048788790163
2849.26   59   -0.3344549157522744   0.3151653348232143
2868.97   60   -0.334455609370398   0.3230374132254073
2893.25   61   -0.3344556008938154   0.32074977165397184
2967.79   62   -0.3344556002296274   0.015968874480512964
2986.01   63   -0.3344556600934366   0.38694671864733743
3088.58   64   -0.3344553407281503   0.3411831021908844
3296.18   65   -0.3344553392393393   0.35551802023933743
3324.35   66   -0.3344559105648481   0.3852407328249642
3361.32   67   -0.33445591026836596   0.01598139944661685
3389.85   68   -0.33445614642607563   0.015898221189744915
3405.71   69   -0.33445619618638023   0.015915781093009698
3427.16   70   -0.3344568475111393   0.014097902934765956
3446.77   71   -0.33446644633170886   0.014386293142792052
3585.41   72   -0.33447482098417514   0.3623986147282908
3691.88   73   -0.3344746580968685   0.01857958223605253
3726.68   74   -0.33464737845262404   0.005659605481889272
3744.29   75   -0.33471209615289543   0.3671064653979567
3795.88   76   -0.3347119004184774   0.01232161794549313
3818.06   77   -0.334741583513372   0.32068833577563016
3867.94   78   -0.33474141904891347   0.3439315722347906
3891.06   79   -0.3347414208424805   0.013323221204602144
3908.85   80   -0.3347418026846903   0.3268225065144697
3919.3   81   -0.33474153717858857   0.013270225078461458
3953.65   82   -0.3347480395403179   0.39191128053511926
3969.45   83   -0.33474810393372284   0.009708044463429684
4011.9   84   -0.3347485708290651   0.01168668770063962
4039.54   85   -0.33475567804015816   0.009668007354556606
4062.79   86   -0.334841398690343   0.3505884354119778
4099.5   87   -0.3348412714706219   0.007622268796397644
4110.92   88   -0.33484167326254743   0.007510063139279757
4122.62   89   -0.33486451389130156   0.30752962299798425
4153.74   90   -0.3348643871138488   0.011716273331705083
4164.97   91   -0.33487309615578775   0.009629707005400626
4175.46   92   -0.33491287772603356   0.2927884010168028
4226.64   93   -0.33491258928509354   0.004246251774128073
4251.98   94   -0.33491452661043664   0.34068194963020576
4333.27   95   -0.33491421419160167   0.00602918731463888
4350.49   96   -0.33491564833575516   0.004851392780460334
4386.73   97   -0.33492246069806664   0.36762128611086914
4443.42   98   -0.3349221861726164   0.3100180833418072
4488.93   99   -0.3349219243117789   0.006287841536128356
4499.79   100   -0.3349237045268742   0.0060059233611339065
