0.0   0   0.1254190383305799   0.010450244662290326
119.31   1   -0.045272808652485015   0.1517065961392317
807.22   2   -0.045272773436426106   0.050692481526054316
1046.97   3   -0.11860614042550677   0.22593619254075242
1693.93   4   -0.11860605621044117   0.14209222014510556
1800.44   5   -0.21163088170865807   0.05896896991042809
1854.36   6   -0.21175171388523445   0.0608127046767974
1901.73   7   -0.23250988307084244   0.024743406541038033
1975.56   8   -0.24924420713085346   0.017753927936383532
2025.44   9   -0.25517589053564504   0.00985889209618341
2098.18   10   -0.256303110512517   0.005324594261132958
2163.41   11   -0.25723766101635187   0.004779491334063318
2225.22   12   -0.25754484527263644   0.0029833822205343093
2312.89   13   -0.257933955438735   0.0023876576824443307
2377.94   14   -0.2582213691523234   0.0013392473172123547
2719.52   15   -0.25841603637935984   0.0015156083820975696
3180.15   16   -0.25874341580850535   0.0019636362351358187
3493.35   17   -0.25886024691471954   0.0018625191327489886
3787.61   18   -0.25915823293667845   0.0017556669198598072
4260.75   19   -0.2593992515104532   0.001903212733978829
4739.39   20   -0.2595360779891452   0.000985594624313768
5022.29   21   -0.25959578205532247   0.0006166379347051207
5305.79   22   -0.2596051548788429   0.00034343635450739254
5591.62   23   -0.2596100393869651   0.000253180874517837
6119.99   24   -0.2596263848257319   0.0006565381881849902
6579.29   25   -0.25968843916486295   0.0005801254511523678
6956.92   26   -0.2597111837718152   0.0004396833924618107
7335.98   27   -0.2597259581307599   0.0003592076615310071
7782.26   28   -0.2597465094414914   0.00021174001276569435
8224.9   29   -0.25975403500238575   0.00018368907949271244
8662.46   30   -0.2597590497635533   0.0002068851570424542
9060.67   31   -0.2597620709410476   0.00013504874042369997
10435.63   32   -0.25976246012131404   0.00016752353950290274
10502.26   33   -0.2597631257206204   0.00011820994762419872
10581.04   34   -0.25976403228573236   0.00014002701154608576
10643.04   35   -0.25976683210849294   0.0001856834983480722
10706.22   36   -0.25976985827066656   0.0001425862127617455
10769.1   37   -0.25977178951337476   0.00012675532137818672
10851.95   38   -0.2597746427636063   0.00023113311948010906
10909.73   39   -0.25978029141228476   0.0001236733128777826
10969.81   40   -0.2597824876112607   0.0001465213060101653
11056.6   41   -0.2597951961821326   0.00027569603777324907
11123.03   42   -0.2597998782203751   0.00012087873425638843
11188.39   43   -0.25980178058031045   0.00016405869406512435
11253.67   44   -0.25980421103752566   0.00035289364000319986
11314.7   45   -0.25980989557604117   0.00031406469222097154
11371.87   46   -0.25981496364210954   0.00013530038873113318
11429.24   47   -0.25981692955402574   0.00010508212577248263
11487.44   48   -0.259819813614334   0.0001724839207173051
11542.07   49   -0.2598239347864414   0.00011461051044465501
11595.68   50   -0.25982526577010095   5.964144415832903e-5
11646.91   51   -0.25982667571132495   0.000114014593869795
11697.48   52   -0.25982953192063496   0.00015024452691765356
11751.72   53   -0.2598323222308314   0.00013266182608877351
11789.07   54   -0.2598326475627747   8.96730354047782e-5
11840.83   55   -0.2598330640669591   5.8925878681699445e-5
11891.03   56   -0.2598337919299747   0.00010443596085564899
11943.17   57   -0.2598354286317728   0.0001691393363255744
12000.02   58   -0.2598380831035407   0.00013044164956676053
12054.47   59   -0.2598395725436866   0.00013737827339209378
12106.71   60   -0.2598406757440918   9.734995139153472e-5
12159.33   61   -0.259841639826238   7.41161957729888e-5
12213.69   62   -0.25984338384840466   7.23590346885441e-5
12267.78   63   -0.2598444321939465   7.812121785869044e-5
12323.48   64   -0.2598453123795046   9.910054842427958e-5
12362.26   65   -0.2598459579272083   9.248685940781486e-5
12418.85   66   -0.2598470702733891   8.363278017074794e-5
12475.33   67   -0.2598480835472801   9.421259394911927e-5
12529.14   68   -0.259848638416288   5.404801990747871e-5
12581.33   69   -0.259848964806159   9.284611716886827e-5
12653.57   70   -0.25984965129093496   6.436726624144313e-5
12711.63   71   -0.2598503774560768   8.198988356031938e-5
12767.05   72   -0.25985115245866197   4.048762348558831e-5
12822.1   73   -0.25985194443248605   8.941443047079506e-5
12877.39   74   -0.25985254556306825   5.157370514048931e-5
12913.04   75   -0.2598529334466664   4.04416618789654e-5
12965.83   76   -0.2598532342757473   5.663292226333076e-5
13016.86   77   -0.25985348696693245   7.704715755996305e-5
13069.1   78   -0.25985392460097634   7.131292475502741e-5
13121.04   79   -0.25985453868089264   5.6257915947217744e-5
13173.27   80   -0.2598553447687364   7.260412868794359e-5
13207.45   81   -0.25985569992269575   9.845575955237609e-5
13259.06   82   -0.2598563203938799   5.2893993787669144e-5
13311.71   83   -0.2598567058282382   6.251335836616059e-5
13362.87   84   -0.25985730265885376   5.933310605428472e-5
13415.59   85   -0.25985808431061497   6.073517487598669e-5
13467.69   86   -0.25985851877388394   5.579355474501132e-5
13520.53   87   -0.259858662807406   5.435036990426316e-5
13573.81   88   -0.25985881779284553   4.3717912727128166e-5
13627.42   89   -0.25985902487365764   2.8072324656849515e-5
13682.93   90   -0.259859410986186   5.972593836434491e-5
13718.11   91   -0.25985960531376484   6.0629276329764583e-5
13770.32   92   -0.2598598634555561   4.448393147482253e-5
13821.86   93   -0.2598600216614906   4.091291881150197e-5
13873.16   94   -0.25986026449829086   2.7757879906741685e-5
13924.55   95   -0.25986040982340575   4.770432687382066e-5
13974.57   96   -0.2598606852950332   3.868243477264908e-5
14027.02   97   -0.259860831569132   2.702053632772178e-5
14080.22   98   -0.2598609481700025   4.375925521293019e-5
14132.73   99   -0.25986108887163273   3.9088783277475855e-5
14186.04   100   -0.2598614095707903   2.4676642393052803e-5
