0.0   0   0.11799552456713233   0.04100401064687894
17.8   1   -0.1073335608135959   0.06352976286428423
33.17   2   -0.14579336331517362   0.2776812255267477
167.81   3   -0.14579327431198286   0.07847817374256458
178.09   4   -0.1611940999829161   0.26943761632902813
210.15   5   -0.1611980782187551   0.4055836768528949
319.19   6   -0.1611980782187992   0.08359502897884022
354.36   7   -0.1965791703278629   0.07617656873515412
400.14   8   -0.20094955847990137   0.21332820250226453
416.22   9   -0.22152354719316067   0.06713161825976176
445.75   10   -0.22222487784054853   0.05760307642369848
455.46   11   -0.23579413437125737   0.06931830819902897
464.5   12   -0.25160582301008805   0.035400480402443216
483.19   13   -0.25546736658659147   0.014918094185035808
496.82   14   -0.2567759867070827   0.009825217806641594
510.43   15   -0.25770411363122364   0.005580508458350958
524.11   16   -0.25798430042140463   0.007083363546659044
544.07   17   -0.25834163377555025   0.0031251409312605446
557.25   18   -0.25878699481765954   0.0043728431891154
570.31   19   -0.259088042758763   0.002863158027363898
584.44   20   -0.2593297747528084   0.0033532626374209226
598.26   21   -0.2594318693715889   0.002441462293286928
611.25   22   -0.2594705282390456   0.0009375806903017746
624.58   23   -0.259482757257655   0.0006453146712993238
638.68   24   -0.2594920765143697   0.00048110135128735283
652.29   25   -0.2595122067972082   0.001166386854566973
665.05   26   -0.2595312557597154   0.0005959004035192376
678.91   27   -0.25953607182267086   0.00039184551272618485
696.11   28   -0.2595515547125724   0.0011096954333153586
708.33   29   -0.25958323389973575   0.0007326501565191718
720.64   30   -0.2596049500354363   0.0005629249025805066
734.13   31   -0.25961639689452304   0.00032500811567657867
746.61   32   -0.25962895336829167   0.0011474893255102806
759.18   33   -0.25964660430010467   0.0006645437704714973
772.29   34   -0.2596554048951858   0.00030778905683629955
785.17   35   -0.25966001959976054   0.0004666091380280154
798.03   36   -0.25966708768997476   0.0004072014127528251
810.82   37   -0.25967568304171385   0.0005483896626235171
834.39   38   -0.259688077635784   0.0004583998386315882
848.15   39   -0.2597037830840237   0.2608050973502309
869.48   40   -0.2597051304913155   0.0008919421743170651
882.66   41   -0.2597094951103153   0.0004290969835630964
891.35   42   -0.25971228615505537   0.0006129945378095784
904.29   43   -0.25972026038213397   0.0008352256681148529
912.59   44   -0.2597251988267399   0.0005175751237942492
931.39   45   -0.2597352427992818   0.0006643832737427732
939.59   46   -0.2597384738566891   0.0003334046966161524
952.21   47   -0.2597403910260103   0.0003312281137718719
975.52   48   -0.25974379433842654   0.00022743221418694247
983.88   49   -0.25974619197985804   0.00032213691912794345
997.72   50   -0.2597496818292141   0.00039971224329915896
1014.06   51   -0.2597528952637439   0.0004215701243977568
1028.24   52   -0.2597568147346899   0.000450842473080307
1042.44   53   -0.2597613669691868   0.00019351152901475819
1057.42   54   -0.259764534684023   0.0001740467614790733
1068.64   55   -0.2597652513571723   0.00021891230927273316
1083.95   56   -0.25976654491976964   0.00020331172720076693
1098.78   57   -0.25976896846523456   0.00015361458274751796
1113.0   58   -0.25977144951602016   0.00013625353345797798
1132.04   59   -0.2597733871107251   7.099610170541965e-5
1146.59   60   -0.2597766303107162   0.00014489686259973336
1167.66   61   -0.25978368108694705   0.00029427650191469654
1178.24   62   -0.2597878031961312   0.0005776323152466075
1188.85   63   -0.2597901195610849   0.00023089226157919468
1203.55   64   -0.2597914373347064   0.00011862609232954845
1218.47   65   -0.2597931190538363   0.0003230596156630633
1234.29   66   -0.25979815249870786   0.0003785246453065212
1244.64   67   -0.2598008242371015   0.00036701386602291713
1259.71   68   -0.2598036123909558   0.00022172871281444322
1273.82   69   -0.25980519575528943   0.0003689819994863725
1288.76   70   -0.25980695959438   9.123348086267436e-5
1303.49   71   -0.25980771296023536   0.00014265962453509354
1312.64   72   -0.2598087033162202   0.00018344414861728352
1327.2   73   -0.25981022896366623   0.00017296933275300202
1343.01   74   -0.25981450715022125   0.000261720020882729
1353.67   75   -0.2598170099213705   0.00022491472852397552
1363.97   76   -0.2598198040064674   0.00016506186832754898
1379.05   77   -0.2598216971309503   9.94646910394564e-5
1394.96   78   -0.2598231872776297   0.00011616855495666981
1410.34   79   -0.2598244337034603   0.00011894255907613348
1425.19   80   -0.2598255114154821   8.611411544515828e-5
1439.94   81   -0.2598276803235052   0.000355733034053529
1456.17   82   -0.2598298153743897   0.00017117422323549754
1471.7   83   -0.25983139375368275   0.00020204649826853496
1481.57   84   -0.2598319515066594   0.00013985747828693327
1497.37   85   -0.2598324782256963   9.27465480510872e-5
1511.68   86   -0.25983310206413457   0.00013934664109835164
1525.45   87   -0.25983410660968614   0.00015778342354774938
1540.38   88   -0.25983529021092633   0.31801092781154255
1576.37   89   -0.2598352917546942   0.0002688047023264711
1585.85   90   -0.25983540060616483   0.00021282707317104294
1595.9   91   -0.2598361480368842   0.0002224910453052742
1606.3   92   -0.2598370744477183   0.0001609484470557828
1629.53   93   -0.2598379218261058   0.00011023019871849731
1638.83   94   -0.25983819868016106   0.00013934517802043788
1654.79   95   -0.25983858872601584   0.00010023078707464605
1670.4   96   -0.25983951856726667   0.3156728546894798
1740.38   97   -0.25983927199151396   0.0001976769626602188
1750.4   98   -0.25983953923664505   0.00012124835873057927
1766.16   99   -0.2598407344319249   0.00017728295300601152
1781.0   100   -0.2598414665525399   9.304867143421623e-5
0.0   0   -0.2598414665575064   0.2559535001142334
72.81   1   -0.25984135027568794   0.31896090433508173
82.45   2   -0.2598412689021368   0.0002845225982302818
106.41   3   -0.2598412690113504   0.31812208988061325
120.96   4   -0.25984127138708246   0.2760639361196372
134.06   5   -0.2598414271034957   0.00022195949652813616
143.18   6   -0.25984142710457225   0.24946780762262447
166.24   7   -0.25984143255368497   0.0002715064447774072
188.6   8   -0.2598414329522842   0.008059820300659553
248.32   9   -0.25984117891365077   0.0003112273913196255
261.52   10   -0.2598413889028283   0.00030357393997845273
431.49   11   -0.25984131245017783   0.2866633062959356
532.86   12   -0.25984125493180105   0.00059729752514592
556.15   13   -0.2598414877606245   0.00046180128610646336
570.76   14   -0.25984172598977917   0.00017199619116248487
589.93   15   -0.25984194467888677   0.3384374202109512
599.84   16   -0.25984174596821286   0.00019872262274799957
624.62   17   -0.25984178199193575   0.3643993279125947
638.74   18   -0.2598415815504813   0.0002651195961027354
649.31   19   -0.25984160693411285   0.31541115976775874
715.52   20   -0.25984167246113615   0.00019796480093604122
734.05   21   -0.2598416725764093   0.35932551311607946
833.22   22   -0.2598416854381636   0.00018041375080489185
871.26   23   -0.2598419479759731   0.00025818234242840803
880.59   24   -0.2598420914112186   0.00023263567190905137
894.82   25   -0.2598421686409972   0.00017063320929675135
919.22   26   -0.25984321107321606   0.0004615751296573136
928.46   27   -0.25984360359993347   0.00024206364601643245
940.86   28   -0.2598437581593471   0.0002036656117964591
954.29   29   -0.25984390110880146   0.0001591068802849296
973.82   30   -0.25984423935497664   0.0001160242670486546
992.86   31   -0.25984498037437886   0.00014398513825670644
1008.24   32   -0.25984539402451035   0.32312315198399666
1024.17   33   -0.2598453503219631   0.00022339998144523465
1034.32   34   -0.25984540280604274   0.0001619983994288319
1049.37   35   -0.2598456417466083   0.0001896003309932539
1065.57   36   -0.2598459536656663   0.000117555120220795
1075.84   37   -0.259845956409728   0.3354902812428992
1086.1   38   -0.2598463268165165   0.00013353863205951851
1100.45   39   -0.2598463479966774   8.979072120257469e-5
1120.62   40   -0.2598465591741834   0.00010212595673772531
1129.56   41   -0.2598468063307757   6.0450439010531045e-5
1147.34   42   -0.2598469370504814   6.896963934644174e-5
1156.52   43   -0.2598475123017874   0.00019702412252625248
1165.93   44   -0.25984802898094345   8.43341181539313e-5
1332.73   45   -0.2598479918013256   0.0006677910130412629
1351.43   46   -0.2598484646909559   0.00021703425141468978
1364.99   47   -0.25984867862908795   0.00015840883890961123
1388.01   48   -0.25984895691836934   0.0019838834779129953
1397.84   49   -0.2598490536638007   0.00026017228340792
1410.9   50   -0.25984932027446295   0.0003330578477816681
1424.14   51   -0.2598493790087698   0.00017580246276221637
1432.47   52   -0.2598494357924214   0.25849908418929185
1441.53   53   -0.259849407062871   0.00012314403980769653
1458.81   54   -0.25984943579503933   0.00020183471924567806
1467.75   55   -0.2598494365225433   0.29407519471307414
1791.28   56   -0.2598493251442659   0.0006539606543172603
1803.45   57   -0.259849510985123   0.0001663125300801145
1841.73   58   -0.25984954059577237   0.00026153530630595247
1854.54   59   -0.25984975195378157   9.828131892498147e-5
1871.67   60   -0.2598497652040949   0.3303870229129958
1931.23   61   -0.25984974826115464   0.00015793323997580889
2030.24   62   -0.2598497193936121   0.31277780260816795
2260.62   63   -0.25984961762029807   0.0004948925052515519
2276.04   64   -0.2598497826315457   0.0001160611276628501
2424.87   65   -0.259849711664709   0.00033258019186272695
2625.87   66   -0.25984974349829604   0.0002404162619270561
2641.43   67   -0.25984983348162227   5.213050636050221e-5
2660.19   68   -0.259849861949618   4.627037092127969e-5
2675.5   69   -0.25985001576489286   0.00010411132899084202
2683.73   70   -0.25985009010329396   0.00015409594415730115
2695.18   71   -0.2598501401472047   0.00011625849075138099
2710.39   72   -0.25985028292620366   5.8961556201437135e-5
2721.79   73   -0.2598503401962824   9.414498245092293e-5
2729.9   74   -0.2598503787217623   6.424722932141533e-5
2744.88   75   -0.2598504588412732   8.119676047281725e-5
2756.06   76   -0.259850552943522   0.0001036169060208964
2771.61   77   -0.2598507029248514   9.268871069039324e-5
2783.43   78   -0.2598508538188718   5.6891017385075714e-5
2795.25   79   -0.2598510004688062   7.040212155139886e-5
2806.3   80   -0.25985120202536793   5.634974254647037e-5
2818.6   81   -0.25985131497318836   5.597394079616663e-5
2829.58   82   -0.25985157442461826   6.979970490728573e-5
2841.24   83   -0.25985178445663787   9.994168033268552e-5
2852.96   84   -0.2598518859320697   0.0001301023109742612
2864.42   85   -0.25985195157390334   6.314036390068722e-5
2871.68   86   -0.2598519735133009   0.00010460735695819751
2882.81   87   -0.2598520004783047   5.088801235518128e-5
2894.61   88   -0.2598520403337967   0.00014274120011577152
2905.61   89   -0.25985217785379605   4.69437333092729e-5
2916.54   90   -0.25985219875435034   4.4105430188547815e-5
2931.99   91   -0.2598523118935029   7.44821866170768e-5
2939.92   92   -0.25985232327407304   4.6586558492591743e-5
3103.69   93   -0.25985214646424787   0.00010664970468871287
3111.83   94   -0.25985214668293066   0.3098541028866081
3119.29   95   -0.25985232141556064   4.9392470576482035e-5
3130.46   96   -0.25985232227302124   5.0974498529711094e-5
3321.31   97   -0.25985208202587884   0.0003354269134695916
3336.6   98   -0.2598522919353422   0.00017252915110549112
3358.97   99   -0.2598523643911461   1.5001373837013502e-5
3370.94   100   -0.2598523674433667   0.37743843593588955
0.0   0   -0.2598523674433474   0.29867751762858985
92.85   1   -0.25985225025987535   0.38500615624068313
123.1   2   -0.2598520036078728   0.0004251945031661068
144.46   3   -0.25985200966848576   0.3425479113226249
164.44   4   -0.25985204353678165   0.3219355583690356
180.51   5   -0.25985204072743484   0.0003609769328825682
194.07   6   -0.2598520465173913   0.3233627008866333
203.32   7   -0.25985204137396634   0.32878017256227066
243.63   8   -0.25985178922695384   0.0006932335769327173
295.86   9   -0.2598518485121379   0.29147093476119235
305.45   10   -0.2598518829727994   0.0005930230642635716
330.81   11   -0.2598520637081027   0.32341984878558666
340.48   12   -0.25985199783511226   0.2956598029652314
353.89   13   -0.259851898038979   0.31315291436660353
447.58   14   -0.2598516412323111   0.3661008635504679
485.79   15   -0.25985159617634207   0.3483405439246771
510.08   16   -0.25985158651118023   0.2901524829294813
518.73   17   -0.2598515799673439   0.0008757066241221555
547.67   18   -0.25985213309627475   0.00024174969767164304
565.82   19   -0.25985216477878004   0.00021861865944936026
576.04   20   -0.2598523271809205   0.32243958035922604
596.81   21   -0.2598523268249701   7.958633239996352e-5
616.34   22   -0.25985232757178756   7.313896599982122e-5
900.58   23   -0.25985232583623274   0.00012098559549397093
1176.66   24   -0.2598523173704228   0.0001961292179955378
1186.41   25   -0.2598523229667423   0.3025010841582787
1195.12   26   -0.25985233651951234   4.113652120505554e-5
1208.95   27   -0.25985233729209367   0.31238750636159596
1217.41   28   -0.25985233436233746   5.629627291413805e-5
1266.91   29   -0.25985233606631003   6.042417724201182e-5
1277.02   30   -0.25985233614890346   0.32430086957312665
1286.07   31   -0.2598523360774425   6.26415165644858e-5
1303.97   32   -0.2598523371631072   4.2234899043471555e-5
1313.47   33   -0.25985233724952533   4.0755870126421895e-5
1327.31   34   -0.2598523379293881   0.33087831390549394
1344.92   35   -0.25985233789994966   3.0507998364488128e-5
1369.92   36   -0.25985233809317604   0.2789260947405985
1379.15   37   -0.2598523378511999   0.2775505723909689
1405.63   38   -0.25985232368647554   0.00011920291352581492
1433.58   39   -0.25985233295268784   7.604355152933482e-5
1450.22   40   -0.2598523340884909   7.237674069019292e-5
1460.24   41   -0.2598523370559811   5.993610442936981e-5
1484.83   42   -0.2598523382865227   7.039211447792413e-5
1494.69   43   -0.2598523496695438   6.40743585483903e-5
1509.2   44   -0.2598523586295978   4.3833571173021334e-5
1528.27   45   -0.2598523994535341   4.142883349138922e-5
1537.85   46   -0.2598524026922374   3.8289699847442035e-5
1569.17   47   -0.25985241880285986   4.867596752300477e-5
1582.52   48   -0.2598524304470984   4.1777167068989465e-5
1600.85   49   -0.2598524488822023   2.745359276397631e-5
1620.52   50   -0.2598524810531862   4.363071758510148e-5
1630.68   51   -0.25985248295250946   4.307401212895697e-5
1976.3   52   -0.25985231146794213   0.0002587317159640505
2253.82   53   -0.2598522423697541   0.33373632571682643
2348.14   54   -0.2598521486345938   0.0003238455656974812
2373.22   55   -0.25985230144468846   0.00014084373346798536
2386.39   56   -0.25985233446425304   6.744842749861764e-5
2403.56   57   -0.2598523888794201   6.747106813210962e-5
2411.93   58   -0.25985239364364904   5.0478186088811515e-5
2429.02   59   -0.25985241057731295   5.503116532187922e-5
2443.01   60   -0.2598524448625997   6.55703204056606e-5
2456.02   61   -0.2598524752371464   2.1222287648315785e-5
2469.74   62   -0.25985249476478345   1.8547786947460698e-5
2484.03   63   -0.25985252029581407   2.696634517517066e-5
2497.96   64   -0.25985255982908523   4.3873431135676474e-5
2511.31   65   -0.25985263258153624   2.314253412072449e-5
2523.52   66   -0.2598526547730212   2.3675619791063713e-5
2541.19   67   -0.25985276756062975   4.703045542237899e-5
2553.6   68   -0.2598527997862496   2.504361085471266e-5
2569.78   69   -0.25985283839286855   4.186321702778066e-5
2585.13   70   -0.2598529026195126   3.886141384266631e-5
2603.09   71   -0.2598530082412631   0.00010514298554462291
2616.88   72   -0.25985307231480037   1.4969714201138958e-5
2631.85   73   -0.2598530862601771   2.8997855645935175e-5
2649.95   74   -0.2598531546380548   5.9633711115573046e-5
2663.07   75   -0.25985319175812865   9.592568374403315e-5
2677.58   76   -0.25985320851733357   8.482404508741751e-5
2690.33   77   -0.25985322328684163   2.6151834909693696e-5
2703.19   78   -0.2598532258676498   2.91054784007076e-5
2720.63   79   -0.25985323372502833   5.522002085569867e-5
2734.06   80   -0.25985328236554656   0.0001007005796009231
2747.92   81   -0.2598533456421293   6.609898921697663e-5
2761.0   82   -0.25985339739704116   2.7058378848603033e-5
2775.12   83   -0.2598534165299933   6.631534483449172e-5
2797.17   84   -0.25985345062720155   6.225458576415702e-5
2810.22   85   -0.2598534853532888   4.647931611246096e-5
2828.76   86   -0.2598535392414202   9.84574321727222e-5
2842.51   87   -0.25985359704549654   4.759867101591775e-5
2855.14   88   -0.2598536184041116   2.860333360873118e-5
2868.32   89   -0.2598536385610872   3.142177552101786e-5
2881.22   90   -0.25985368499123856   7.321526255817302e-5
2889.6   91   -0.25985370189585144   4.2323641633891724e-5
2902.08   92   -0.2598537115338524   5.952800049468083e-5
2920.8   93   -0.25985372437031173   2.6034109315269827e-5
2932.76   94   -0.2598537500736158   5.011020503512227e-5
3027.19   95   -0.25985354369126007   0.0002403729794594846
3040.9   96   -0.25985377852182245   1.5414447687277215e-5
3216.53   97   -0.25985375461866755   0.00026882956736248907
3225.29   98   -0.25985371659977036   0.00021337218696651833
3233.71   99   -0.2598537555709085   5.2151701904440985e-5
3249.63   100   -0.25985376800266485   6.153701416222791e-5
