0.0   0   -0.009407901721697365   0.010611149268170245
83.44   1   -0.016564288509448633   0.02478597417500529
239.53   2   -0.13383348140496487   0.05583385453642453
287.65   3   -0.21597369033411729   0.08988635483806397
337.05   4   -0.29060963954337193   0.06806779977596139
408.63   5   -0.3173504321210219   0.04935481052469207
477.87   6   -0.34047246429571554   0.03845834372503174
548.7   7   -0.3503582185267924   0.021320101564440547
624.36   8   -0.3652398543373159   0.01897064332320036
672.59   9   -0.37153367553931926   0.021515227561139005
745.72   10   -0.3857186223035139   0.021025394532123924
817.01   11   -0.39100060885946303   0.009075821342252465
865.2   12   -0.39325520822294435   0.004402557256267705
910.9   13   -0.3940350062266742   0.0036156246075511396
981.6   14   -0.394533253790034   0.003564978481471467
1053.38   15   -0.39506990299246614   0.0035334390809100506
1122.11   16   -0.3953379227909568   0.0012318803006278534
1189.62   17   -0.3954220759813609   0.001492423594137156
0.0   0   -0.3954220760130653   0.002937749170251216
64.18   1   -0.39546400341555765   0.0019493283177050222
185.57   2   -0.39557764325479317   0.003612081060221859
277.75   3   -0.39569137529896725   0.0029738296801460943
372.11   4   -0.39581407574245936   0.0036824265787415286
468.96   5   -0.3959330896776587   0.004507545047467672
560.52   6   -0.39627564045537594   0.004871256784493293
623.1   7   -0.39640472089021583   0.005079964336338409
721.36   8   -0.3965819588213922   0.0037565509348747683
820.0   9   -0.39689767424577715   0.006234523569444361
887.27   10   -0.397269738843179   0.0056401946409631995
951.16   11   -0.3976565055166442   0.0037230194132460755
1012.2   12   -0.3979463666037661   0.003999834446618415
1107.4   13   -0.3982306253592184   0.0034487826511164494
1206.82   14   -0.3984737416864391   0.0026428545324001214
1273.05   15   -0.39860154970981415   0.0025209650903343823
1370.8   16   -0.3987192636372548   0.0022314449842883665
1472.36   17   -0.39884413602753016   0.0029118457742445935
1575.08   18   -0.39897696281241846   0.0021530192924638235
1642.86   19   -0.3990544591118742   0.0021790701804083644
1742.16   20   -0.3991946402281884   0.002711248924340999
1840.78   21   -0.3993221060396196   0.002120570803519731
1940.11   22   -0.39946268589782163   0.0033556370991698315
2007.47   23   -0.3995364163691684   0.0030245012803660977
2105.37   24   -0.39964604877075866   0.00252081839479303
2206.27   25   -0.39974297537484765   0.0036739021121479968
2270.04   26   -0.39981615512327706   0.0025055849615309763
2370.58   27   -0.3998966450404014   0.002121913335057041
2469.47   28   -0.39996724514433246   0.002028590444103507
2532.45   29   -0.4000294921896398   0.002027803601173485
2629.16   30   -0.4000815927339841   0.0028623199076220434
2728.08   31   -0.40015368609357904   0.0024942989287173173
2824.47   32   -0.4002157945483297   0.002028849827086194
2921.85   33   -0.4002670355435378   0.0016164480079521907
3027.28   34   -0.4003135192790732   0.0012571847957747835
3123.45   35   -0.4003522374023232   0.0010549665375275035
3221.34   36   -0.40038708558807923   0.001121200703730861
3329.63   37   -0.4004304332486651   0.001445304944460287
3430.24   38   -0.4004666553561108   0.0012497218638022971
3532.08   39   -0.4004997770955804   0.0016023894658441634
3627.13   40   -0.40053000875104683   0.0011639330882636009
3728.47   41   -0.40056273201323034   0.000995740486483891
3824.75   42   -0.4005919130783462   0.001023251845053969
3925.53   43   -0.4006195687839956   0.0013014502145467807
4036.03   44   -0.4006396539020222   0.001090471742187139
4141.83   45   -0.40065423058152033   0.00103523143199693
4248.17   46   -0.40067475202811376   0.0012680532677695584
4316.99   47   -0.40068515582587344   0.0011397018414671936
4417.61   48   -0.40070134533295965   0.0010088817673489711
4524.42   49   -0.40071831661531443   0.000652701331229788
4627.56   50   -0.400734437653521   0.0007965098244632449
4736.82   51   -0.4007488305592052   0.0010574369783219544
4805.58   52   -0.4007575781871589   0.001004696576046064
4938.01   53   -0.4007683423833325   0.000840675444876523
5046.83   54   -0.40077777907547246   0.0007003250151964679
5144.99   55   -0.40078785088511143   0.0008347757147771869
5267.11   56   -0.40080266189399016   0.0006357231208718776
5361.4   57   -0.4008135462824028   0.0012299530593341402
5456.46   58   -0.4008276991875845   0.000909593778317004
5584.67   59   -0.4008402313636904   0.000861336565086839
5690.55   60   -0.40085455927520225   0.0008349687550143014
5785.06   61   -0.4008660200943665   0.0007735233966604907
5886.51   62   -0.40087854696586633   0.0007481989442264427
5992.78   63   -0.4008924554058565   0.0007877177780844816
6093.6   64   -0.400903168545406   0.0007193065417074159
6189.71   65   -0.40091157712537095   0.0004762542482482129
6290.76   66   -0.4009219434145933   0.0007880933619674114
6359.39   67   -0.40092953351014105   0.0006474928544744109
6465.54   68   -0.400936667305414   0.0006577535687773167
6575.89   69   -0.4009414690121769   0.0009303480452910767
6709.97   70   -0.40094668902766456   0.000668035783653425
6818.23   71   -0.40095292222173895   0.00040420728551473605
6922.52   72   -0.40095999334463767   0.0005539194050430002
7030.63   73   -0.40096415019083087   0.0004722790252609787
7132.23   74   -0.40096848840634336   0.0006281579853070194
7231.43   75   -0.40097307884894373   0.0005468941849218367
7328.36   76   -0.4009767352086356   0.00044316203007979747
7423.03   77   -0.4009802962031803   0.0005180038230136605
7522.1   78   -0.4009840635535708   0.0004480202019384097
7617.94   79   -0.40098767337099656   0.00047395166526367245
7718.11   80   -0.400990517912444   0.00037690266763838417
7816.37   81   -0.4009934990694868   0.00042924723173533687
7911.31   82   -0.400998216992877   0.0003667154806852993
8004.19   83   -0.4010022187648784   0.00037240499635550126
8103.65   84   -0.4010054492690791   0.0003575978957037922
8205.24   85   -0.40100895899871236   0.0004964533728896098
8299.65   86   -0.40101220728289766   0.0003157604961211091
8406.02   87   -0.40101463287831196   0.00031587944268874875
8509.9   88   -0.40101842874841054   0.00041215250096587295
8599.16   89   -0.40102066115101026   0.00036057642878850805
8696.5   90   -0.401023020246406   0.00037809169354440463
8758.64   91   -0.4010243284207448   0.0004141157128905246
8846.93   92   -0.4010265294025879   0.00023383832254984235
8935.15   93   -0.4010299451037207   0.00028383209604393466
9030.17   94   -0.4010320414060326   0.0004186879334059145
9126.32   95   -0.4010344751308442   0.0004677509473600418
9206.59   96   -0.40103527203932027   0.00033547793936930173
9296.65   97   -0.401037357032231   0.0003637956375075588
9393.21   98   -0.40103959360176533   0.0005037292860033851
9499.36   99   -0.40104186459012076   0.00024029928917630025
9594.83   100   -0.40104483073634   0.00028866689036700916
