0.0   0   -0.003656912795878403   0.04741960176179048
24.38   1   -0.03652354440473669   0.1463292292092675
40.34   2   -0.20898094024468336   0.41271211073449265
121.43   3   -0.20945514212462843   0.35125405364196904
279.45   4   -0.20945509232124043   0.32674657056908957
363.02   5   -0.20945497676258418   0.4199502695111616
464.32   6   -0.20945480092663   0.33301728853512474
500.87   7   -0.2094547432921111   0.37170099358197556
546.03   8   -0.20945457152962327   0.35895706836695784
566.64   9   -0.2094544013561737   0.41304124776943596
583.59   10   -0.20945442121071517   0.35131968996520546
737.15   11   -0.20945423458418752   0.4436028846576865
753.6   12   -0.2094543415158944   0.4440979063467332
770.37   13   -0.20945461418966876   0.379891142556551
786.45   14   -0.20945520368221535   0.2666543915541109
815.08   15   -0.20951768673051824   0.3766117361371997
826.47   16   -0.2095926334937728   0.3197636891423642
896.48   17   -0.2096371318764981   0.4581456831531837
937.99   18   -0.2096377354465384   0.39193244921087506
1025.1   19   -0.2096375330593603   0.368408747641645
1087.83   20   -0.2096375088168535   0.42184388767431535
1184.38   21   -0.2096764904656562   0.3906652069032613
1280.96   22   -0.21099425814577122   0.28333756470599036
1454.04   23   -0.21099405201983967   0.42277971950901383
1631.86   24   -0.2109939069903235   0.3960333602966294
1778.96   25   -0.2109936963944457   0.399435743780244
1851.84   26   -0.2109936932085888   0.46534123880901057
1912.99   27   -0.21099358650614514   0.45384012304400473
1935.04   28   -0.21099344212089197   0.3875898382925665
1951.63   29   -0.210993259257866   0.36961920434798257
2040.01   30   -0.21099307633503464   0.4699704054464874
2133.54   31   -0.21099291628446987   0.4289348045857168
2172.2   32   -0.21099282667303793   0.4677854135739316
2206.89   33   -0.21099272834819469   0.4149488767901892
2294.91   34   -0.21099251997848711   0.43641865642202715
2340.89   35   -0.2109923743839266   0.3634313103268157
2394.1   36   -0.21099223484534335   0.34479012224481
2485.61   37   -0.21099212648688365   0.4080113799372577
2507.55   38   -0.21099217789710967   0.34348760801326983
2676.33   39   -0.21099196761687594   0.3616175287440686
2718.12   40   -0.2109918067661226   0.3656861796318066
2728.97   41   -0.21099180160610967   0.39641836621917076
2783.08   42   -0.21099159459465727   0.37119438976581404
2804.55   43   -0.21099150881829776   0.44126166256642924
2826.65   44   -0.21099179849961378   0.39025459002350243
2848.69   45   -0.21099192349003804   0.313869643717515
2865.36   46   -0.2109918918254264   0.43569372066350576
3011.97   47   -0.21099177585720846   0.4076535679483503
3029.14   48   -0.2109918569655318   0.37647720917461697
3045.31   49   -0.2109919346832987   0.3640553564127189
3056.56   50   -0.21100959093820393   0.3203100203171395
3095.43   51   -0.21328588329833287   0.38369592621058524
3253.96   52   -0.21328576043004704   0.5107648564488823
3340.94   53   -0.21328571828719153   0.07925603967592978
3357.73   54   -0.21328580495013907   0.5937911065193955
3372.63   55   -0.2132858018221344   0.5086567666022238
3408.21   56   -0.21328575261637378   0.38806713415790645
3433.23   57   -0.2132856072284961   0.32686754371321675
3442.45   58   -0.2132855999886803   0.5412614985043456
3496.4   59   -0.21328538745195863   0.6429708522333636
3517.63   60   -0.21328650041766134   0.40282658273274463
3558.09   61   -0.21328648271264167   0.6672043902073046
3566.82   62   -0.2132864789165621   0.4768589649596808
3622.55   63   -0.21328647159140562   0.7241461977675436
3643.39   64   -0.21328644802940566   0.3541724344466156
3654.13   65   -0.21328645932472617   0.38073362547350315
3663.69   66   -0.21328646500030596   0.079256175051631
3689.1   67   -0.21328653018691068   0.4547177723360957
3699.37   68   -0.22828209779734177   0.3841561029528571
3816.2   69   -0.2282819918743648   0.6518346747743794
3873.39   70   -0.22828192140676165   0.44092581818484333
3891.22   71   -0.2282816984133215   0.0533627967475275
3935.45   72   -0.2282826856577164   0.5225640327453445
3968.97   73   -0.22828262967235555   0.6545077572372442
3996.81   74   -0.22828248086954667   0.3907266453097126
4005.06   75   -0.22828226825824272   0.4301743857535643
4052.52   76   -0.2282821313667341   0.05336237294796622
4079.1   77   -0.22831127961032077   0.6778733806978978
4113.93   78   -0.2361899992865414   0.026603718666543978
4122.73   79   -0.26105494751368896   0.005065496172862793
4148.17   80   -0.26482723983541145   0.5765048653113909
4238.06   81   -0.26482719303319513   0.017801779723099164
4270.26   82   -0.2665681037683086   0.00420348587360725
4280.52   83   -0.2698716876844076   0.7379516290189316
4301.94   84   -0.27016260288508065   0.004235921488335371
4318.35   85   -0.279781252217957   0.6822264186308578
4443.9   86   -0.27978117707305117   0.004108167221081258
4475.17   87   -0.2822443150103688   0.004068582622193788
4495.16   88   -0.3053316893803994   0.0035655889752192636
4506.41   89   -0.3128920149202222   0.7225643224711367
4537.92   90   -0.31337312080266183   0.005255764711130306
4560.2   91   -0.3134002360395298   0.42733822145010203
4575.72   92   -0.3134230312854547   0.004632703254464635
4589.6   93   -0.3134242437260673   0.38082726066398614
4609.71   94   -0.31342424368168065   0.004519580608322367
4619.4   95   -0.3134243323771834   0.004549462623738348
4633.83   96   -0.3159472989771621   0.4755508780988417
4728.86   97   -0.31594709292882855   0.009983733027705013
4739.05   98   -0.3169151357257474   0.5812364425639677
4754.15   99   -0.3185800647946362   0.6287023330262181
4769.76   100   -0.318639585031277   0.007802552065504807
0.0   0   -0.3186395850285713   0.5187106414940443
115.84   1   -0.3186394780286183   0.24437107854759846
124.88   2   -0.31864288071326385   0.24421283797570065
138.04   3   -0.3231604762348447   0.18236032649468506
153.45   4   -0.32616254352831703   0.12629290587787342
167.85   5   -0.3374439849365062   0.16355111140861775
188.13   6   -0.34731512416667043   0.2733779943678835
199.58   7   -0.354660253649147   0.18117234571441598
214.01   8   -0.3621500397556853   0.14693264682571758
238.11   9   -0.37097989288814553   0.1277239489995056
258.27   10   -0.3754982225067593   0.11122422601281763
273.08   11   -0.37938303564754694   0.6969858442500566
332.09   12   -0.3793826885429211   0.04370627115778362
342.46   13   -0.37953090138972573   0.37563466632971665
351.34   14   -0.3796490835767377   0.05319731466870902
361.89   15   -0.37971605879061704   0.4961836143041366
371.6   16   -0.38001327269795065   0.04198144866836542
385.28   17   -0.3803538426709773   0.02570523970307226
399.63   18   -0.38076773464143715   0.020493623886181984
419.56   19   -0.38115279720966055   0.05031182986224754
429.42   20   -0.38162128802414114   0.02235556856167901
479.64   21   -0.38187625422062865   0.46502279112268524
566.13   22   -0.38187604520988105   0.3237682918057222
575.11   23   -0.38210568697881375   0.034144290879930234
583.87   24   -0.38218100783675024   0.02244855127464802
592.95   25   -0.3822440185017558   0.6847088009207595
644.27   26   -0.38224382522521344   0.020762145452386877
658.08   27   -0.38227692460945545   0.014231416886506436
671.68   28   -0.3823559499469015   0.008538934029550036
684.61   29   -0.3824280128401565   0.005600400051075357
693.19   30   -0.382448326949832   0.0037639770149553806
720.27   31   -0.38244944711287465   0.4151960389556772
834.26   32   -0.3824494279557827   0.42986827636877545
895.11   33   -0.38244942667990034   0.4479518369325421
1059.53   34   -0.3824494249374844   0.4394986365435632
1097.24   35   -0.38244942433169715   0.4125608620747865
1130.03   36   -0.3824494243317542   0.010359399952256468
1138.61   37   -0.382449539790516   0.01041273186429214
1151.29   38   -0.38244954519250735   0.01028759666982169
1160.6   39   -0.3824497674877814   0.4388508097088635
1231.43   40   -0.38244958756001857   0.01130294477243756
1254.36   41   -0.38244980988761385   0.010566063660070539
1263.02   42   -0.38245019044401657   0.010543883262547507
1286.59   43   -0.38245048775929846   0.00995908542961634
1305.14   44   -0.3824508605498128   0.010228360031680038
1313.13   45   -0.3824539757659265   0.009294543342357
1326.84   46   -0.38245433824985486   0.00889831896128157
1335.05   47   -0.3824572302854185   0.008008242999391147
1343.57   48   -0.3824668475778214   0.007749989743728158
1356.0   49   -0.3825045063794552   0.006081324403119714
1375.42   50   -0.3828298248672776   0.023213916648224284
1395.03   51   -0.3829873125804488   0.03570303491706334
1410.39   52   -0.38317987450177793   0.42732470849828436
1425.75   53   -0.3831990992279255   0.051508748815277054
1436.29   54   -0.3836874770665688   0.44128472432380283
1455.78   55   -0.38374189261679825   0.4396598943228751
1576.25   56   -0.3837415508531108   0.44151061860310176
1670.55   57   -0.38374145227490286   0.40532908484321134
1899.21   58   -0.38374145224703843   0.040282630690727246
1913.51   59   -0.38375197030141395   0.031074086919734706
1972.33   60   -0.38375572775059463   0.032830384892659985
1998.93   61   -0.3838592488240112   0.02629365643020196
2025.36   62   -0.3838712034606749   0.6417567127702399
2083.73   63   -0.38387108335457326   0.39532012588979376
2177.79   64   -0.3838706999708804   0.02555437744467149
2187.25   65   -0.3838781882872044   0.02451872855263868
2202.38   66   -0.38394310332546244   0.029609413390568762
2218.77   67   -0.3839701685050054   0.4468339414259409
2245.06   68   -0.3839713298580481   0.38640824284374664
2302.76   69   -0.3839712918429938   0.037603381467922914
2324.95   70   -0.3839772150848701   0.43464891209381856
2373.01   71   -0.38397715643589864   0.39404190133646866
2400.04   72   -0.38397709497010696   0.3734655929391451
2442.67   73   -0.38397680923409294   0.43555263729955973
2511.31   74   -0.38397642630878037   0.03525874714413718
2525.79   75   -0.3839784867842717   0.03440737012625851
2563.18   76   -0.3839796576567637   0.03250547918696114
2824.13   77   -0.3839792813967826   0.03218472493997616
2856.92   78   -0.383980082709306   0.030881829166934743
2872.54   79   -0.38398667771374606   0.02609863525626935
2886.49   80   -0.38400214491144813   0.034282388581648386
2913.76   81   -0.384015217629638   0.030511014356695922
2927.95   82   -0.38408691524226013   0.03338751576716375
2955.28   83   -0.38412958053124396   0.0307589081575098
2974.92   84   -0.3841385727356723   0.5747873211883718
2985.4   85   -0.38418471744408184   0.3966976934439609
2995.32   86   -0.384216219635495   0.5791926019814889
3015.27   87   -0.3842206284715698   0.027049664061943778
3045.7   88   -0.3842609751879252   0.04030487363351662
3083.04   89   -0.38430704426644574   0.039062876710238136
3110.61   90   -0.3843891690469223   0.3531225971070521
3129.44   91   -0.38439843648717703   0.026624105589768205
3140.17   92   -0.38446327463934954   0.7123582634330029
3155.58   93   -0.3846463671382672   0.04057732678501963
3165.64   94   -0.38479024117803445   0.04920005485922207
3193.75   95   -0.38515426839475403   0.05454883351608764
3209.05   96   -0.3853505996985561   0.04733213846694703
3219.46   97   -0.3882229897341537   0.04329703006946587
3261.69   98   -0.38958551196230434   0.03949995960686313
3288.05   99   -0.39194657732144766   0.4580759016447509
3348.1   100   -0.3919484332356936   0.035389114704880736
0.0   0   -0.39194843323767475   0.45765046723987324
358.53   1   -0.39208822725020515   0.4321566064162932
649.57   2   -0.3920881274904589   0.4018989589125519
1131.71   3   -0.3920879238459851   0.34040915859521115
1281.68   4   -0.392102745459616   0.6103889058692864
1506.58   5   -0.39210248669675735   0.4796703984633897
1886.37   6   -0.39210246943296767   0.5062238031559618
2064.06   7   -0.3921021272227943   0.04710519907504046
2075.84   8   -0.39210213117069226   0.7440265660146755
2102.03   9   -0.3921022702600424   0.5454024734466163
2224.3   10   -0.39210213839053504   0.398846712060931
2246.82   11   -0.392101762877969   0.047092943914538075
2258.04   12   -0.39210189431160253   0.4274453373991447
2289.8   13   -0.39215137193450916   0.4930690562856642
2335.94   14   -0.3923044987601717   0.6625232246400086
2375.44   15   -0.39243398242279354   0.5284766989539241
2413.63   16   -0.39243374708278406   0.7310868878667337
2504.53   17   -0.3924334899794773   0.3912256710809814
2550.87   18   -0.3924331673637611   0.4238022436477482
2599.15   19   -0.3924329277466936   0.3867643757549171
2628.93   20   -0.39243254798317206   0.03327018496049124
2640.94   21   -0.3924325800102146   0.45086895904817853
2664.72   22   -0.392432491776733   0.606900547136316
2689.4   23   -0.3924322081443091   0.03312845022341028
2706.68   24   -0.3924324122138632   0.4394250162208655
2723.62   25   -0.39243204606422694   0.3113796613485666
2739.98   26   -0.39243196275890085   0.4989956483742174
2764.92   27   -0.3924320555993611   0.4066483700587442
2817.05   28   -0.39243172491787404   0.46461510560226993
2857.24   29   -0.3924323558756692   0.6859473819912068
2936.39   30   -0.39243202689767476   0.3972474841034229
3000.23   31   -0.3924317757949163   0.32621936822449416
3025.03   32   -0.3924317415025855   0.38336255143086584
3042.83   33   -0.392442449644958   0.6080967619188344
3132.97   34   -0.39248192347845756   0.45096046028553693
3202.4   35   -0.3924816319694549   0.04276162198785126
3214.69   36   -0.3924817161617589   0.4662107154358083
3245.53   37   -0.39254392081811207   0.48338516307285423
3328.07   38   -0.39254367904984844   0.2982231716147652
3354.36   39   -0.39254569246601706   0.7301705053887487
3460.87   40   -0.39254531104496826   0.0427866155914342
3484.22   41   -0.39271432393872363   0.03273314040620487
3507.42   42   -0.393223266256789   0.45550878164424463
3529.8   43   -0.39322325195970964   0.030892366641361777
3540.13   44   -0.393224742261933   0.030346682132958335
3556.57   45   -0.3933762477496146   0.4979033360017918
3578.42   46   -0.3933777975725288   0.018423037011528188
3588.93   47   -0.39337815809615395   0.44322800176157384
3604.18   48   -0.3933809954344812   0.025517333604467663
3615.7   49   -0.3933814054201006   0.5955306458795674
3626.91   50   -0.39338259074751   0.020311271330619995
3659.05   51   -0.3933871660099164   0.48250070784125915
3669.57   52   -0.39338951906895225   0.013299177251130057
3693.33   53   -0.39341841440330855   0.015145933185690845
3705.44   54   -0.393505967736216   0.6482617680992054
3776.74   55   -0.39350583782999093   0.022977954967600342
3793.08   56   -0.39350840626242084   0.020185667637081506
3820.04   57   -0.39353740040095525   0.44221170304664764
3853.36   58   -0.39354412403489514   0.42940505510012156
3864.12   59   -0.3935446879150211   0.570654127691076
3910.55   60   -0.39354443338752976   0.3394124083719026
3995.82   61   -0.3935440962654613   0.5200119637267938
4029.97   62   -0.3935440893661605   0.038060383992400706
4047.13   63   -0.3935506566820227   0.035038789859277227
4070.29   64   -0.39359059172264   0.0223215898686309
4112.33   65   -0.39372004537768723   0.6715462763089184
4149.04   66   -0.39371980314046123   0.4555996301137543
4171.21   67   -0.39372200830380466   0.047771027702024044
4181.85   68   -0.39374327233899054   0.48088863604564147
4197.13   69   -0.39374550289110377   0.3440306127908632
4359.08   70   -0.3937451171288994   0.4368898819688679
4383.2   71   -0.3937452859121721   0.44228157894219344
4412.83   72   -0.3937450144936574   0.35254562594370775
4447.8   73   -0.39374469080168883   0.05045195665727986
4476.01   74   -0.3937447612507921   0.5760763038558512
4486.86   75   -0.3937447930903782   0.46694644298758736
4498.54   76   -0.3937448305792316   0.3580637038165042
4510.45   77   -0.3937459226422889   0.47474291454798007
4527.11   78   -0.3937457238482345   0.6270009197739201
4537.54   79   -0.3937457054297667   0.27963842734870903
4572.17   80   -0.39374535821303563   0.050392969458157445
4594.71   81   -0.39374815748687925   0.4209846186304599
4654.77   82   -0.3939328644722504   0.6850892923307468
4748.86   83   -0.3939326030535773   0.6306395469555579
4824.13   84   -0.39393229785259176   0.570077254789875
4943.39   85   -0.39393190401069633   0.37439377502286075
4970.6   86   -0.3939315979928213   0.02982142630733471
4982.6   87   -0.3939316573474987   0.45577369070048834
4993.97   88   -0.3939354158350439   0.4681240644291734
5030.7   89   -0.3940659114405986   0.5857284894343283
5213.69   90   -0.39406552022414304   0.4458874348953622
5262.86   91   -0.39406516707475164   0.3621946045337115
5273.39   92   -0.3940652964898036   0.4178958999329255
5290.83   93   -0.394075123333438   0.4230191665172847
5302.25   94   -0.39407586310672926   0.48040664462687427
5323.62   95   -0.394075862685649   0.015854960193300925
5348.76   96   -0.394075877649706   0.6564094895067459
5481.54   97   -0.3940755222415273   0.015878532593641727
5491.52   98   -0.39407554921472066   0.46978567795388004
5522.97   99   -0.3940789381941646   0.01572351520327133
5533.2   100   -0.3940808349423436   0.4462319529186576
