0.0   0   -0.21795897757465008   0.08209237601005276
12.61   1   -0.2331640702955923   0.09271934183156383
44.64   2   -0.2864882942654919   0.09975509368361916
55.88   3   -0.2969091094297935   0.16268428146010222
70.6   4   -0.3008005183715504   0.08950377704478953
79.86   5   -0.303744139454655   0.06143887357354346
101.85   6   -0.3180934445776586   0.05055392089437894
118.97   7   -0.33442642495308683   0.028396324263031007
129.89   8   -0.3376090048234586   0.023285468882252205
140.74   9   -0.34011912397373883   0.21078365826275502
155.56   10   -0.34041834278433974   0.21112252105740087
195.11   11   -0.34047326963185587   0.15022082686669214
205.14   12   -0.3404869444554075   0.011412215447486688
236.74   13   -0.34066775432433777   0.018573536429574457
252.3   14   -0.3418491577017698   0.010550423323520675
267.62   15   -0.34304401510228993   0.014225960617031439
284.72   16   -0.3440268939020404   0.0162101628280045
300.81   17   -0.34521900730566074   0.017692483669598975
317.91   18   -0.34719428763143934   0.015228239508264371
336.63   19   -0.349548411444626   0.02267217612166255
354.05   20   -0.35230174129220093   0.020219517857131608
365.81   21   -0.3531322278040304   0.009200324041688877
377.21   22   -0.3534973318024773   0.18841823521941356
411.31   23   -0.35356178757185913   0.20300587407689044
468.59   24   -0.3535615111622045   0.006259673440837296
485.13   25   -0.35364853050744866   0.19474799216740735
575.14   26   -0.3536485173205569   0.005903087844026024
585.82   27   -0.353657978007835   0.19192434364396876
596.81   28   -0.35375915705503286   0.28035248924674755
631.0   29   -0.35375918305378795   0.2073910865778427
673.53   30   -0.353759066733709   0.20368599686752648
700.59   31   -0.3537588534819871   0.19833590989360497
801.15   32   -0.3537587105422648   0.1946858386045013
812.62   33   -0.3537597145889786   0.22708976869134032
828.57   34   -0.3537601913527284   0.005557303263043281
843.94   35   -0.35377683418781203   0.21113918940024215
856.11   36   -0.35379251351400876   0.008241779801681467
866.72   37   -0.3537985363127682   0.2137423550894806
891.48   38   -0.3538042478559342   0.17862840501387553
924.84   39   -0.3538098558567647   0.1677084445695834
949.55   40   -0.35381255436439585   0.2318153973875085
993.47   41   -0.35381226615857597   0.2668263910649918
1032.88   42   -0.3538121343129513   0.006387970532789148
1042.04   43   -0.3538125770794466   0.21300355318492079
1136.56   44   -0.35381239442076595   0.18930536217492033
1155.07   45   -0.3538122017012997   0.2129146142961194
1202.6   46   -0.35381210193973806   0.206320804535635
1212.32   47   -0.3538121249368751   0.19159262725261636
1222.59   48   -0.353812152823532   0.19213295828544222
1337.95   49   -0.3538118070377333   0.2310437680895691
1347.54   50   -0.35381174450188174   0.17282050656330394
1356.65   51   -0.353811703328015   0.20899945918547283
1398.6   52   -0.35381141664114724   0.1995848163558274
1436.68   53   -0.35381123695338773   0.20503052143733144
1455.16   54   -0.3538112046530349   0.21111450683165936
1479.19   55   -0.35381107637875836   0.006416126520029373
1489.58   56   -0.3538111091952504   0.19471296177462222
1499.54   57   -0.3538248900735599   0.17320654785352038
1519.07   58   -0.35388152359831393   0.23917272752641344
1544.88   59   -0.35390375626886744   0.20949855754362912
1555.18   60   -0.3539058825663896   0.17984470067256172
1580.65   61   -0.35390563667010555   0.005029745615502991
1600.59   62   -0.35390577363776843   0.23746380821821508
1626.43   63   -0.35391028443190864   0.23919368050928674
1636.71   64   -0.353910072382833   0.24552624544461313
1684.21   65   -0.35391118820275513   0.0029686438630272373
1705.07   66   -0.35391155385559936   0.18512180650694363
1730.56   67   -0.3539112701366666   0.19207927320768511
1855.7   68   -0.35391106068714434   0.19791701932359712
1878.05   69   -0.353911334434949   0.1626982359779058
1889.41   70   -0.3539114586565386   0.2300977075748323
1929.45   71   -0.35391132642342404   0.21297365580867744
1945.6   72   -0.35391105471178125   0.24131586832605556
1978.7   73   -0.35391079192738206   0.20021844565732
2048.96   74   -0.35391067168132073   0.002887365397554486
2082.11   75   -0.35391329351422196   0.18132524891169316
2319.45   76   -0.3539130024229115   0.17181417084872339
2387.9   77   -0.3539130554518643   0.002893669688332597
2412.12   78   -0.3539403695124785   0.2297815986860629
2468.58   79   -0.35394015086813563   0.27882034345351875
2522.39   80   -0.3539402568757326   0.2398789887063824
2552.48   81   -0.3539676814896151   0.21066012673806916
2617.19   82   -0.3539677152665967   0.23248886352050777
2661.53   83   -0.3539676087229372   0.2679418988617295
2698.99   84   -0.35396734899168464   0.20335421342511978
2783.27   85   -0.3539670008880639   0.1934582854513647
2808.34   86   -0.3539667129181923   0.2469176953106199
2840.82   87   -0.35396671291805976   0.22103272646266847
0.0   0   -0.3539667129182583   0.20551886951610587
98.59   1   -0.3539679393370127   0.1798787159398329
130.48   2   -0.3539678989911797   0.23650502109802352
141.85   3   -0.3539679794863718   0.20764661103100057
152.44   4   -0.3539688761814298   0.20480361736301975
254.32   5   -0.35396861674828034   0.21377020508237288
275.53   6   -0.35396839058728535   0.005042417633717898
296.59   7   -0.35396841411582763   0.2108748937346324
382.92   8   -0.3539772494862592   0.18494823062458532
474.44   9   -0.35397724948846776   0.17504121263772526
530.24   10   -0.3539769027606019   0.2209112544012874
611.8   11   -0.3539765712091138   0.2140812889441016
667.31   12   -0.35397621888229164   0.2231458012484616
682.84   13   -0.35397621491681175   0.22083909719866882
807.07   14   -0.35397621451043665   0.19368790042869144
816.86   15   -0.3539762153696985   0.24853703236771785
842.54   16   -0.35397693045797896   0.23788892690186708
904.34   17   -0.35397657751737677   0.21452434223212752
920.77   18   -0.3539764667782617   0.22183810047509742
970.59   19   -0.35399961697576127   0.1872125408839758
1044.64   20   -0.3539993558845187   0.22261018771377084
1054.85   21   -0.35399936061839343   0.19285063997106483
1069.4   22   -0.3539993485998074   0.2634571238909261
1090.97   23   -0.3539993095140109   0.23760731037951452
1128.32   24   -0.3539992982276106   0.2406403464184767
1154.05   25   -0.35399929820157544   0.19789308735973205
1211.3   26   -0.3539992968157719   0.008645723898403469
1235.95   27   -0.3539992983288027   0.19193233643952395
1321.6   28   -0.3539991236736212   0.21354006713592413
1343.28   29   -0.3539987788051238   0.18686393118021016
1381.28   30   -0.35399843336953   0.19496293824312244
1430.35   31   -0.3539980847396207   0.230250222929059
1493.14   32   -0.35399803206765124   0.17225383626952762
1503.46   33   -0.35399810480265814   0.20952452754345904
1530.06   34   -0.35399852707187124   0.20500594453346713
1608.26   35   -0.35400347748049255   0.2708016938990959
1635.58   36   -0.3540032813843384   0.20181259360710638
1685.06   37   -0.35400297081746435   0.22609331563595791
1769.08   38   -0.3540026429224794   0.19546098219194602
1841.0   39   -0.35400230299355173   0.20534290754505727
1881.51   40   -0.3540021957987695   0.25455630672420715
1992.65   41   -0.3540018818724096   0.22692115958383194
2119.58   42   -0.35400154706230014   0.20169739107615456
2137.8   43   -0.3540013411075346   0.23471061834138499
2211.27   44   -0.354001013678649   0.18593674981087793
2240.48   45   -0.354000898925405   0.007651759396110369
2252.94   46   -0.35400091130570766   0.25635549622386233
2277.13   47   -0.35405006344767165   0.24774179709671032
2320.83   48   -0.354049763210005   0.2386215243076743
2332.77   49   -0.3540521563191613   0.2176743655338376
2362.65   50   -0.35405183447123184   0.1685575019793291
2429.29   51   -0.3540517331665202   0.25558801246649576
2482.84   52   -0.35405155552102235   0.2313538497116993
2500.71   53   -0.35405146844026475   0.23134566007629173
2513.07   54   -0.3540513776151085   0.18122377132408635
2535.19   55   -0.3540513205596966   0.0035844585897421466
2571.7   56   -0.35406180634941475   0.1889445892366514
2635.63   57   -0.35406146004015504   0.20314026383614744
2654.24   58   -0.35406158079280503   0.2453749828320352
2666.47   59   -0.3540615359612616   0.2033474654167671
2677.11   60   -0.35406153084121494   0.24686094150868762
2707.56   61   -0.354061343281789   0.19061025638353468
2749.5   62   -0.354061303094877   0.24504675570310822
2780.55   63   -0.3540610903150139   0.22504124450357552
2809.7   64   -0.35406107848864915   0.25022137673934675
2835.0   65   -0.35406197392137173   0.2271028518390801
2942.87   66   -0.35406180079027266   0.18728689302958695
2955.24   67   -0.35406166959181107   0.19613908720969697
2967.03   68   -0.35406184337894125   0.2482932341490961
3074.31   69   -0.35406208130275857   0.18951957964239285
3129.16   70   -0.35406173077019454   0.19181260947687326
3150.58   71   -0.3540619038315652   0.17900924553643197
3183.48   72   -0.35406198790236465   0.2429432523164569
3232.65   73   -0.35406164205609725   0.18128957388645217
3254.34   74   -0.3540617800928775   0.18635710550278453
3343.38   75   -0.35406224880808573   0.2616679521685605
3354.12   76   -0.35406194853387013   0.24263720275304312
3364.48   77   -0.35406178043623265   0.2026122013563524
3421.52   78   -0.35406142921769224   0.2729599269412294
3449.98   79   -0.3540611328488892   0.21634762352175932
3473.17   80   -0.35406088026374993   0.17972119650648555
3510.94   81   -0.35406054828356515   0.21679792234103146
3534.68   82   -0.3540605730530101   0.17057356132025595
3554.17   83   -0.354060466303734   0.19948914531494422
3641.93   84   -0.3540618454258597   0.19052481067556973
3703.3   85   -0.3540621032424337   0.0029112875254632613
3713.94   86   -0.3540621307417785   0.19407260919708466
3728.99   87   -0.35406508450247104   0.23452731983756975
3759.89   88   -0.35414137929345946   0.16966564841214832
3791.36   89   -0.3541419769042563   0.23380978040849723
3805.17   90   -0.35414186096323197   0.004832971986972622
3814.85   91   -0.35414188801286406   0.2599345203342053
3825.59   92   -0.35414207611941434   0.23018064534732474
3849.81   93   -0.3541418872505722   0.23205851712788625
3890.26   94   -0.35414156747276937   0.24629103125748378
3927.14   95   -0.3541412730778656   0.19275422373096412
3994.74   96   -0.35414092439862443   0.0046642123129580736
4011.16   97   -0.3541413782694332   0.2154017520164781
4021.35   98   -0.3541411469979852   0.21429175509331297
4061.19   99   -0.3541409676346433   0.2235979635625446
4092.65   100   -0.35414083877727864   0.21108014984737586
0.0   0   -0.3541408387764978   0.19555144216725096
74.87   1   -0.3541413864093736   0.22025858659735484
86.67   2   -0.35414406316614494   0.17893507656553106
103.13   3   -0.35414468992229753   0.24028328944360375
124.65   4   -0.3541444444902815   0.19854565490312426
196.51   5   -0.35414429324480406   0.18057273653464503
217.4   6   -0.3541442435099623   0.2316412910010065
239.56   7   -0.3541440192660908   0.1656736426187258
260.58   8   -0.35414391901876385   0.28141423736570464
304.4   9   -0.35414365004024717   0.2544351090172358
315.05   10   -0.35414367646332806   0.004467216725310093
358.14   11   -0.35414368056061957   0.23492362487964288
384.75   12   -0.3541436972683608   0.1667028962498642
437.39   13   -0.3541538343527313   0.004460841819857338
448.09   14   -0.35415389003250897   0.23577244759024743
459.13   15   -0.3541916740069314   0.0031091206536349053
583.04   16   -0.35419166622038284   0.0034070104873268558
604.96   17   -0.35420579903639376   0.2606047624999876
627.03   18   -0.35420579903602145   0.1789913148755091
