0.0   0   -0.21658811096739963   0.01122346462401828
550.83   1   -0.2381876555741932   0.03676875226638714
901.26   2   -0.24664103460467826   0.04340263357974696
1174.12   3   -0.2611367931519165   0.05097543021993714
1446.25   4   -0.28652473136390877   0.06570958339360744
1927.4   5   -0.3087837078994122   0.043344186708871565
2397.14   6   -0.32127682327836987   0.02286323784221178
2870.53   7   -0.33805887158680553   0.016588097272867343
3162.83   8   -0.3405740543072496   0.013991327255158772
3614.71   9   -0.3415370675861006   0.004301335987012138
4089.83   10   -0.34197960146309625   0.004039737460008909
4566.32   11   -0.3423559650966395   0.003235216429025347
5040.33   12   -0.34269821756718694   0.003846034391070095
5517.11   13   -0.34353282604889973   0.00984779175729766
6033.75   14   -0.3448736683358566   0.010514114572681742
6339.75   15   -0.34594765657734367   0.010907375886987565
6624.19   16   -0.34878300381067195   0.008499942610055251
7026.29   17   -0.35138647320399485   0.010528051382130161
7499.58   18   -0.3530927194025742   0.009916679961631853
7799.07   19   -0.35380326403756446   0.005571988701653801
8322.83   20   -0.35422466308810807   0.0029199233808347
8876.05   21   -0.35440609949848123   0.0019297874319070898
9329.92   22   -0.35458508278638423   0.0021536604383876287
9810.43   23   -0.354798308833753   0.0023707072490172553
10299.03   24   -0.3551210817588315   0.0030594415554258676
10710.11   25   -0.3555380680357376   0.002709071102406521
11185.58   26   -0.3561035376907168   0.0035203136963711658
11645.22   27   -0.35689005868937573   0.0033237273274079313
12066.41   28   -0.3576149759084813   0.0034165916520054987
12340.2   29   -0.3581128880130825   0.0024605787578878793
12618.0   30   -0.3583999786120636   0.002553945373528877
12900.26   31   -0.35873019833364456   0.0036933409103257733
13323.42   32   -0.35897682092815886   0.002090611421188738
13725.66   33   -0.35911910338435543   0.0018100908451585398
14125.67   34   -0.3593497685592   0.0026129151245846364
14463.9   35   -0.35951706610971196   0.0023218464283942934
14765.41   36   -0.3597184423010383   0.002099788566485379
15087.12   37   -0.35995117483633765   0.001394147037852905
15389.44   38   -0.360148741018029   0.002144596468783184
15691.3   39   -0.3602686961363182   0.0012030897943013361
15985.69   40   -0.36037733638585484   0.0016772896132737146
16227.2   41   -0.36044978057137184   0.0017611015584447524
16290.1   42   -0.36051010668328587   0.0013783202345432463
16346.28   43   -0.3605866385001102   0.001464558575977596
16400.49   44   -0.36064593381280663   0.0010272383917123993
16454.53   45   -0.3607020361652942   0.000920687767684717
16509.39   46   -0.3607671783300157   0.0010430835208409244
16562.8   47   -0.360847720101503   0.00111660256108701
16616.43   48   -0.36089264217805433   0.0007463390525548172
16669.31   49   -0.36093687844369615   0.000745826030831562
16723.94   50   -0.3609736908402034   0.0008948089428882889
16777.12   51   -0.36102808581534207   0.0010166709033583633
16830.83   52   -0.36107829368063393   0.001072879997825231
16886.21   53   -0.3611368187820131   0.0012491807032004886
16941.31   54   -0.36139106077548017   0.0031457615446541156
17005.41   55   -0.3617039344221761   0.0041647838774294225
17061.86   56   -0.3624132316056241   0.0030462913367230926
17117.53   57   -0.36306321216355786   0.0048876641091222675
17174.24   58   -0.36376601287787147   0.0027135565937924416
17231.7   59   -0.36406478053192126   0.0024163961779312465
17287.5   60   -0.36429260754344345   0.002632830219897392
17340.79   61   -0.36446877823810864   0.0018561432285628312
17394.78   62   -0.3645908215393306   0.001496395814091559
17447.77   63   -0.3646690898155716   0.0009312377686270613
17498.81   64   -0.36472820107643145   0.0013814905829971518
17550.67   65   -0.3647975913464406   0.0011490552621000938
17601.28   66   -0.36485515649543826   0.0012162561821218657
17652.07   67   -0.3649170614040635   0.001012845621285587
17703.47   68   -0.3649944801054565   0.0018695689414389622
17754.62   69   -0.36507517959916036   0.0007918908257698168
17807.51   70   -0.3651473354881716   0.0007915818182960239
17843.41   71   -0.36519121182127723   0.0008395737625748988
17895.2   72   -0.365248303040221   0.0006855069855054524
17947.58   73   -0.3653142874117686   0.0007808283812751154
17998.73   74   -0.3653868186941588   0.0010772156514320043
18051.01   75   -0.3654433404018542   0.0008034909713715394
18102.05   76   -0.36550585834783655   0.0009837662489127626
18154.11   77   -0.3655579153557424   0.0006915682744322172
18205.72   78   -0.36561128344273286   0.000604545649174024
18257.05   79   -0.3656618798338245   0.0007225683582784546
18309.12   80   -0.3657024331755175   0.000886884244925194
18360.3   81   -0.3657383690769559   0.000581745463637869
18412.01   82   -0.36577230289591994   0.0005674837405399315
18462.88   83   -0.3658130542691687   0.0007274895109480899
18514.52   84   -0.3658374572742435   0.0005860037336111869
18564.97   85   -0.3658568942387216   0.0006157025309052992
18636.35   86   -0.36587441876564797   0.00046868386735765424
18689.19   87   -0.36590311123785113   0.0005905486638574292
18743.72   88   -0.36592617471339817   0.0006009126363318007
18795.49   89   -0.36595037525775637   0.0005455879296557386
18871.45   90   -0.36597179096403376   0.000591407912395274
18970.56   91   -0.36599555413658236   0.00036229676779989497
19022.74   92   -0.3660164642374109   0.00035927365524605394
19076.3   93   -0.36602755877498794   0.00038573981686298574
19128.48   94   -0.3660413438121427   0.0003484365193346442
19181.54   95   -0.3660531391285049   0.0005577224832988699
19231.11   96   -0.3660692028802222   0.00031272849396587804
19283.8   97   -0.36607953075496186   0.0002279432542123409
19319.2   98   -0.3660876880442251   0.0004079080101711051
19371.38   99   -0.36609786694177915   0.00030913010977485594
19423.58   100   -0.36610879498091936   0.00048228347214565327
