0.0   0   -0.3681099708943616   0.2173999749056316
91.5   1   -0.3681097231219333   0.29182093524198466
105.43   2   -0.36810970688314554   0.0392977959161652
121.41   3   -0.3681109308154087   0.29110245217035347
136.95   4   -0.3686750755088373   0.0300192238593685
153.24   5   -0.3698220112330069   0.30355580976202806
192.05   6   -0.3698229307583027   0.031220088995262463
204.52   7   -0.3698419468442408   0.3332642231655592
212.55   8   -0.3698471709172472   0.29857167611890395
242.45   9   -0.36984697655025656   0.312397129415643
285.84   10   -0.3698469048062685   0.33647454966817647
297.17   11   -0.3698465352978867   0.03199085649311013
315.62   12   -0.3699245531362436   0.34822146156752365
340.46   13   -0.3699258265917653   0.020359676545118773
352.21   14   -0.3699279357383178   0.021969951102392925
363.95   15   -0.37005834028367396   0.26320923198146984
403.3   16   -0.3700580858125156   0.3013218964038458
419.63   17   -0.3700590021352659   0.3204140234097172
435.32   18   -0.37005878510776746   0.33636984308998463
454.71   19   -0.37007221678181274   0.3137426000994852
470.51   20   -0.3700722578150024   0.26146942062662454
502.3   21   -0.37007236266206744   0.33495798401467336
537.19   22   -0.37007202097699843   0.016638936162869548
545.55   23   -0.3700723255597084   0.27695539142096925
553.31   24   -0.3700846688555918   0.3060627497608893
633.76   25   -0.370084552099055   0.3155843540468726
641.22   26   -0.3700845654529741   0.01747915907208493
648.75   27   -0.37008457648159654   0.38522400659502526
656.74   28   -0.37009033877229147   0.28311902393962246
685.81   29   -0.37009013811622676   0.30701392225969976
719.97   30   -0.3700898252947948   0.017309573664551634
742.72   31   -0.37013943719915676   0.48401064996788373
750.99   32   -0.37014526352327176   0.2326550984189425
800.56   33   -0.3702770837601786   0.2697156198941388
845.96   34   -0.370276961996239   0.011784717912993702
856.89   35   -0.3702790599007574   0.3064276831612506
868.73   36   -0.37028681371327465   0.011582908942192388
907.64   37   -0.37041169133261   0.25339039207445646
971.5   38   -0.37041146581847945   0.2358144808252672
978.94   39   -0.3710421881078352   0.038763963812445984
989.8   40   -0.3711181559089209   0.3135338036840111
1013.03   41   -0.37111818802712415   0.2650458180276272
1035.88   42   -0.3711209095421233   0.48408283024332666
1050.92   43   -0.37114956729173376   0.02624244977430079
1074.3   44   -0.37121180676537924   0.03858328081629534
1093.9   45   -0.37164052998349933   0.27834684696430634
1178.24   46   -0.37164018735473997   0.3453345976708204
1236.66   47   -0.37163994830346325   0.30875366298879425
1255.9   48   -0.3716542503054047   0.27804464099602305
1263.83   49   -0.37165883829609214   0.25819342522035793
1274.48   50   -0.3716599099970335   0.02189283255535837
1286.43   51   -0.371664507786079   0.22802570941288205
1316.63   52   -0.37166417054889445   0.3316231023239102
1327.88   53   -0.37166570559587303   0.02230856277405398
1335.92   54   -0.37166624663635384   0.27759745503258126
1355.39   55   -0.3716717493509433   0.293527637031143
1375.27   56   -0.37167169486123885   0.2863747159861391
1436.11   57   -0.3716716916667448   0.2802379268606375
1471.31   58   -0.3716716719841363   0.22890280699317572
1498.98   59   -0.3716715330685531   0.02429647294600405
1510.37   60   -0.3716719855988235   0.024279645807198835
1537.55   61   -0.37177709356963506   0.1807947784829746
1545.46   62   -0.3719458638472886   0.28288873519802615
1584.33   63   -0.3719525232415219   0.4057439328269455
1591.92   64   -0.3719804073593471   0.29394514521823
1639.94   65   -0.37198013286872855   0.2636822641728777
1671.3   66   -0.37197985307491016   0.3252482693882244
1683.04   67   -0.37198051587489   0.2910396298634729
1707.13   68   -0.37198075986627244   0.31465368439055424
1743.05   69   -0.371980921815698   0.34277139870424345
1766.68   70   -0.37199591884533695   0.2137513242128466
1799.86   71   -0.37199564138829017   0.33908109739289893
1842.99   72   -0.3719954132637741   0.3150701392408803
1882.97   73   -0.37199531742469455   0.29983308197710334
1934.41   74   -0.3719950665923522   0.36121929849088447
1985.37   75   -0.3719947147998626   0.31269626462722183
2013.35   76   -0.37199444002589743   0.2982939666998706
2044.93   77   -0.37199410058208693   0.3110367491556333
2072.33   78   -0.37200141698521083   0.3205142157290686
2169.67   79   -0.37200104514333826   0.29251127115303643
2202.66   80   -0.3720010397594837   0.3108456674698885
2275.14   81   -0.37200066795311526   0.3571894901635552
2324.26   82   -0.3720005781073341   0.33625426380635876
2361.03   83   -0.3720005765881945   0.3106007255895807
2415.81   84   -0.37200057619130894   0.2029108671858568
2432.07   85   -0.37200054900629126   0.2780404228900677
2471.06   86   -0.3720002233432051   0.22476682372647902
2503.35   87   -0.3720001271984219   0.35420800728338625
2575.84   88   -0.37200008993638245   0.20962133476682834
2583.42   89   -0.37200011086055573   0.3291915807633626
2602.73   90   -0.37200010781146425   0.26276140131586107
2617.3   91   -0.37199998369489284   0.013896525033330198
2629.25   92   -0.3720001537055275   0.2757451014197748
2661.26   93   -0.3720001355186847   0.3380837614407336
2685.04   94   -0.37200013500899254   0.01387864830571732
2696.7   95   -0.3720001644633038   0.29593376231766205
2715.76   96   -0.3720001442085192   0.2541810302777386
2739.58   97   -0.3720000874518616   0.3240637337596746
2747.88   98   -0.37200007316074735   0.28639132697080655
2758.86   99   -0.3720000953823646   0.2916235343312048
2855.43   100   -0.3719998228282797   0.38745225429618346
0.0   0   -0.37199982282569444   0.25793960342401534
94.19   1   -0.3720025519007309   0.23953365023544335
238.56   2   -0.372002216282106   0.2457351652467392
349.02   3   -0.3720019221086903   0.018507780748107088
363.48   4   -0.3720019267205214   0.31059205416057656
390.34   5   -0.37200208516557254   0.32435247898713304
403.57   6   -0.37200255913640756   0.4320015375403679
485.42   7   -0.372030640006602   0.20655720731213437
572.13   8   -0.37203046772165377   0.2803494917035009
650.82   9   -0.37203010402202275   0.01444032877062132
676.66   10   -0.37203014697339065   0.2710819255756363
777.05   11   -0.37207484692762927   0.28863415544889887
790.5   12   -0.37209514485917144   0.010998207596154396
817.32   13   -0.3720965788747362   0.2579175533030678
830.33   14   -0.37213698781527754   0.00976306446101544
843.76   15   -0.3724437038762839   0.4852318757029556
938.02   16   -0.3724433377630304   0.2895167103685031
1030.46   17   -0.3724429931076133   0.2626421010699377
1070.85   18   -0.37244294632683483   0.35116622262256486
1084.99   19   -0.3724427174469838   0.347302915582905
1098.93   20   -0.37244252662816346   0.29151443168920277
1151.99   21   -0.3724425103636705   0.27468789336759114
1171.84   22   -0.372442776913548   0.40044428657324277
1185.22   23   -0.3724428337848013   0.2835689305370821
1217.91   24   -0.37244277681735893   0.4133559265725264
1245.93   25   -0.3724427012447901   0.2567031343561444
1305.47   26   -0.37244270118247935   0.3656137939920888
1331.76   27   -0.3724424792402895   0.2578291486998967
1344.56   28   -0.3724424379513473   0.36568146598296997
1397.59   29   -0.372442097255981   0.2733958295065202
1438.75   30   -0.37244207233078813   0.391014339158766
1459.12   31   -0.37244189115631204   0.2647745186229294
1479.74   32   -0.37244200538600297   0.31440566624837707
1492.46   33   -0.3724420175915566   0.28374327025916163
1527.22   34   -0.372441845410751   0.3856860224058032
1540.02   35   -0.3724418959472747   0.3496557473707172
1682.16   36   -0.37244171169757956   0.2656418677391961
1702.7   37   -0.37244147844213255   0.3202697221891496
1723.83   38   -0.3724416847751154   0.41627393574544913
1767.68   39   -0.3724416398181553   0.24675709291616052
1781.62   40   -0.372441612944572   0.011881961767338496
1808.22   41   -0.37244161459949215   0.31290658817558825
1828.84   42   -0.37244182685883737   0.3265584042939946
1854.34   43   -0.372444654162294   0.3344297085409547
1936.75   44   -0.3724442978310699   0.2997256429236287
2069.29   45   -0.37244427706898037   0.28897581130327876
2189.41   46   -0.37244392025299866   0.29455806453959493
2268.37   47   -0.37244357879164086   0.30636043233432647
2292.61   48   -0.3724435440022711   0.324180781979921
2317.88   49   -0.37244325371284587   0.2829880447359383
2335.37   50   -0.37244325371641407   0.30710082772164865
