0.0   0   -0.36997097714253946   0.1602671447460031
2800.42   1   -0.36997067558574304   0.1849888728832092
3592.73   2   -0.3699703388787748   0.1702654080438648
3785.67   3   -0.3699703520183748   0.2809483811624279
4664.75   4   -0.3703754800710196   0.013626268558631499
5320.28   5   -0.3724957588222171   0.013665321579772956
5501.35   6   -0.3730647842127318   0.02086863007714617
5704.73   7   -0.3737827556824408   0.009036053890485033
5943.71   8   -0.3744459351738004   0.008915380236784941
6236.61   9   -0.37497855334469243   0.011624299244115498
6561.0   10   -0.37535122348114414   0.011832607256380362
6891.3   11   -0.37562673873367103   0.004716742941961656
7261.76   12   -0.376004650410919   0.010607005800755957
7539.87   13   -0.37657418164630607   0.0056285570238258625
7824.24   14   -0.37688882659379197   0.003897331208526883
8092.97   15   -0.37710449151649617   0.0036155579113773405
8367.11   16   -0.37746419649914986   0.004584717039444444
8640.95   17   -0.3778093646668889   0.005796652237097323
8911.52   18   -0.3779610535845229   0.004481658011484644
9178.89   19   -0.37811217742927705   0.003575585646415625
9451.79   20   -0.3782648072476537   0.0028148221553639025
9700.2   21   -0.3784229204342372   0.0031050645562708075
9905.18   22   -0.37862912139831784   0.002887343840861799
10179.86   23   -0.3788337461973709   0.0032780418182975953
10474.71   24   -0.37902944525364834   0.004197284542109477
10763.79   25   -0.37918589951761594   0.0020962030362944254
11038.63   26   -0.3792904647729636   0.003426951565635637
11316.38   27   -0.3793943429630514   0.0019294473869894474
11510.46   28   -0.3794675528602176   0.0029667846805635635
11791.09   29   -0.3795134399698764   0.0020834124522559685
12071.77   30   -0.3795610715649957   0.0022594346062009977
12344.85   31   -0.37962822454387996   0.0030939000897657115
12522.77   32   -0.3796769936174639   0.001849445057494832
12810.29   33   -0.37972214188825826   0.0018922288738233235
13053.58   34   -0.3797741307901966   0.0020513736239610655
13105.46   35   -0.37982562875497394   0.0018774173081995448
13156.08   36   -0.37986901229566994   0.0023630465877154143
13205.79   37   -0.37989888691827123   0.001476218182459017
13255.41   38   -0.37993100824964593   0.001425107720052377
13305.65   39   -0.3799658762686554   0.0013732478655857907
13355.62   40   -0.3800015165121049   0.0018044118272406713
13403.9   41   -0.38002969043700374   0.001040584550386787
13453.07   42   -0.3800520550287928   0.0016453119986741377
13504.32   43   -0.38008764659752803   0.0017655114292005447
13563.47   44   -0.3801322402266767   0.0014199820587715796
13622.06   45   -0.3801641284875243   0.0012685077361248391
13657.19   46   -0.3801776617067917   0.0010533901312358375
13704.94   47   -0.38018938724206075   0.0019611132779007354
13753.84   48   -0.3802109781796662   0.0006429152691428791
13802.13   49   -0.3802352994452407   0.000924884603659109
13834.19   50   -0.3802428361973871   0.0011347628236369773
13881.19   51   -0.3802554525477607   0.0006558371804704535
13929.31   52   -0.3802696105831894   0.0007636909995835572
13960.97   53   -0.3802832789588961   0.000858675505053368
13991.02   54   -0.3802915883250958   0.0007142540985431074
14037.7   55   -0.3803003111233432   0.0006775338943706611
14083.88   56   -0.3803123841192979   0.0009632097347264379
14115.24   57   -0.38031742182504885   0.0005177210542478513
14161.52   58   -0.3803250235957937   0.0008078958825794051
14208.21   59   -0.38033538886458185   0.0012014291033023811
14255.42   60   -0.38034374887996425   0.0006114321245506662
14317.5   61   -0.3803544610933701   0.0005110149568034601
14364.18   62   -0.3803686363550351   0.0009818398442714051
14442.84   63   -0.3803728357152161   0.17144417179694219
14610.61   64   -0.3803728221160033   0.0012556499322792201
14639.65   65   -0.3803757658523096   0.0005658088393181874
14696.96   66   -0.38037976964987963   0.0010247567494175093
14782.54   67   -0.38038971318840475   0.2140688147489438
14825.79   68   -0.3803904806676437   0.0006066309101441056
14909.33   69   -0.38039091656391466   0.2352401481149627
15176.32   70   -0.3803906702558428   0.16007103971285358
15402.13   71   -0.3803903064889944   0.15214537624773625
15514.22   72   -0.3803901369600606   0.20748317616412196
15558.43   73   -0.380390344235406   0.2203564577562887
15633.08   74   -0.38039003494639057   0.1525335153933005
15704.29   75   -0.3803900711976441   0.1811406869258629
15805.74   76   -0.3803898025562798   0.24341234641719445
15850.49   77   -0.3803896299179393   0.13916811317296343
15951.49   78   -0.38038932957085936   0.0008324757269209907
16008.54   79   -0.3803893346008386   0.1559515742997514
16080.29   80   -0.3803909272126939   0.0006453404104590981
16137.65   81   -0.38039183063709286   0.19866374186309343
16328.8   82   -0.38039148948949664   0.21107707255591784
16358.82   83   -0.38039165330460645   0.16883783109462314
16476.05   84   -0.38039221440929516   0.2571810418308943
16604.34   85   -0.3803921124534473   0.1930572313052166
16750.08   86   -0.3803920442309988   0.21423947364475848
16779.97   87   -0.38039207087373617   0.28247801409715384
16809.87   88   -0.3803920766412255   0.16091304584000965
16839.93   89   -0.3803920867459912   0.24620472303888521
16869.75   90   -0.38039210058972645   0.23195177926247287
16916.81   91   -0.38039210058537487   0.14223236083530605
0.0   0   -0.38039210058843675   0.1477148672008789
3249.5   1   -0.3803917271301851   0.22644730924004114
3351.57   2   -0.38039162462083725   0.17279567859645753
3556.12   3   -0.38039131500622614   0.19016086343240513
3640.72   4   -0.3803912989771686   0.15416165079315108
3692.99   5   -0.3803912235045913   0.0008809552595593717
3778.53   6   -0.38039122760949445   0.1780034537151288
4274.3   7   -0.38039216884462435   0.0004925608535770429
4404.17   8   -0.380392331305991   0.21421613164877576
4600.03   9   -0.3803923850453047   0.20064712008124927
4857.47   10   -0.38039208082063625   0.2521872704771862
4952.59   11   -0.3803922434619752   0.16858311163013656
5069.6   12   -0.3803919481623146   0.284243875636453
5301.79   13   -0.3803916536841377   0.26175994195946783
5619.17   14   -0.3803912985733894   0.2360222280045775
5834.81   15   -0.3803910205117694   0.15394103490533664
6085.47   16   -0.3803910088254895   0.22907484065482794
6737.23   17   -0.38039098957730394   0.2272155747412827
6968.86   18   -0.38039097228924473   0.1630144144014842
7069.23   19   -0.38039097622344703   0.2289492032144979
7381.75   20   -0.3803907316721383   0.19921036275758894
7474.99   21   -0.3803908473662124   0.24052384584450437
7855.77   22   -0.38039058002944537   0.20373357155575242
8142.51   23   -0.38039030438682053   0.27645640295162294
8203.8   24   -0.3803905527376705   0.16504535646026725
8266.18   25   -0.38039051909669047   0.21290982099365077
8435.76   26   -0.38039027817605664   0.220299571849669
8685.61   27   -0.38038992368759356   0.2392127801475034
8830.3   28   -0.3803896193464403   0.16380749452509588
8892.41   29   -0.3803896473376455   0.17938751974543687
9018.85   30   -0.3803907058311077   0.2070100938600608
9113.32   31   -0.3803903269813766   0.23037503435834608
9273.41   32   -0.38038997680674325   0.28909671724575664
9421.1   33   -0.3803896950166215   0.23081207730380374
9531.98   34   -0.38038958798118117   0.2014316279617681
9590.8   35   -0.3803895363435689   0.21566932949767978
9724.93   36   -0.3803892037016059   0.18487432230715284
10045.78   37   -0.3803888246726479   0.26469998099320213
10211.46   38   -0.3803884450732271   0.24119402040397486
10360.08   39   -0.3803884431824244   0.25809751757941535
10431.57   40   -0.3803885498265933   0.23677873305814334
10755.07   41   -0.38038940976002217   0.21550296862837623
11061.5   42   -0.3803894090973483   0.14914512302335795
11374.54   43   -0.3803890541125377   0.18626204913989874
11607.43   44   -0.38038875570390834   0.18259323494022858
11657.5   45   -0.3803887490120651   0.20739633461316695
11706.82   46   -0.38038874566489095   0.1755004850086799
11799.87   47   -0.38038874322728544   0.15968334558324185
11868.05   48   -0.38038861876726937   0.23106753117614673
12034.01   49   -0.38038825314008917   0.15755885961424262
12081.86   50   -0.3803882788654361   0.16753776463286116
12156.37   51   -0.38038827882449167   0.2329382314455048
