0.0   0   -0.4469408594864568   0.013374971136391255
341.01   1   -0.4494299909689492   0.01091153403855436
659.73   2   -0.4524137955913927   0.021767706787733782
765.43   3   -0.4621141943674496   0.029327828158916776
840.53   4   -0.4661126028138014   0.028112542445778713
911.61   5   -0.4720271068866383   0.01672259649077528
1023.41   6   -0.4759600543082294   0.015232069218988053
1129.84   7   -0.4790917207117108   0.01200267977480089
1240.13   8   -0.48113815899752943   0.016602096379789027
1306.42   9   -0.48305432871474707   0.00710026987355084
1416.48   10   -0.48369180439541554   0.0032715449629142964
1520.1   11   -0.4837695099963733   0.0021152528488698552
1629.99   12   -0.4838042383359917   0.0017012153932993517
1742.24   13   -0.4838847974782014   0.002409530588402938
1852.49   14   -0.483983653829467   0.002238851322071377
1960.77   15   -0.4840540942414286   0.0010127479008027536
2058.5   16   -0.48406803989817854   0.001114116182696734
2191.25   17   -0.48415205706596887   0.002027846931752075
2300.03   18   -0.48426615025361175   0.001271941117436124
2447.33   19   -0.48445854568727775   0.0025525700452279595
2554.29   20   -0.48459750517380484   0.0025212179998111805
2661.19   21   -0.4847367120537937   0.0015214732389426586
2763.1   22   -0.48480240134784736   0.001292265004225042
2866.89   23   -0.4848737128523468   0.0007109958141810896
2975.38   24   -0.48491282862980967   0.001055593500932782
3074.28   25   -0.48496528206207756   0.0006587381025634853
3164.52   26   -0.48500167600465466   0.0009069444102721872
3261.65   27   -0.48507294950966234   0.0006245670861758707
3365.11   28   -0.48512042987610393   0.0007760211909525317
3437.09   29   -0.4851442184801591   0.000949248291063035
3538.94   30   -0.48517874505199227   0.0008483086392722367
3632.88   31   -0.4852181683666005   0.0006798065885714747
3731.24   32   -0.48524774661322034   0.0007876427775177467
3795.82   33   -0.48526133132310467   0.0007175863603932199
3854.67   34   -0.48526805381563454   0.0005597526774320192
3946.09   35   -0.4852724151325078   0.0004290603163075289
4034.86   36   -0.48529281589156587   0.0010122752747302097
4098.15   37   -0.485309762398178   0.000895835394483576
4204.07   38   -0.48532408358532775   0.0006853182730734892
4301.77   39   -0.48533471135132034   0.0005819503382528978
4395.87   40   -0.4853460539550687   0.0007156719161438196
4490.16   41   -0.4853593627808712   0.0008169097139642125
4579.78   42   -0.4853823625239937   0.00045845698579592795
4672.89   43   -0.485399785219142   0.000374503757467958
4767.61   44   -0.4854125754164007   0.00034842485215341924
4864.77   45   -0.48542979368615713   0.0005562608719890861
4966.66   46   -0.4854419567625218   0.0004209479983618416
5068.6   47   -0.48545058971395105   0.0004350269909767231
5169.9   48   -0.48546280681041853   0.0004005954915174075
5264.86   49   -0.4854700009356381   0.0003788238547223117
5358.04   50   -0.48547694761270005   0.0006249571035950651
5453.22   51   -0.4854820494160993   0.000385350523508213
5553.04   52   -0.485491588554007   0.0005044177780100245
5649.95   53   -0.4854988305720246   0.00040178949410888244
5744.75   54   -0.4855031741122615   0.00023936577534088924
5838.92   55   -0.48550655836370515   0.0003485323163651071
5935.71   56   -0.48550912790094625   0.00021779881119114
6030.32   57   -0.4855136251074069   0.0003327457608915986
6091.93   58   -0.48551487288871725   0.00029195197907476385
6186.07   59   -0.48551755524741946   0.0003152041882035826
6287.55   60   -0.48552024960529233   0.0001820883792039134
6390.77   61   -0.48552251774884125   0.0003208681873677673
6456.09   62   -0.4855239752868973   0.000275428467383596
6558.1   63   -0.48552610805458213   0.00015027701901659723
6660.17   64   -0.48552819165000677   0.00016406376509208348
6763.48   65   -0.48553003076883666   0.0001521007768209773
6866.56   66   -0.48553207973492485   0.00015095974626443308
6967.36   67   -0.48553315150064397   0.00014964153673782443
7072.27   68   -0.4855347464725098   0.00016391155184983464
7166.57   69   -0.48553654401747964   0.00019499361961215555
7259.93   70   -0.4855378061416288   0.00016903778560036905
7345.98   71   -0.48553927414462006   0.00012078782086069075
7398.37   72   -0.4855399585182754   0.00020365074405425526
7487.2   73   -0.485541012135318   0.00015840252766912707
7609.3   74   -0.4855422462658774   0.00026356483541613117
7699.76   75   -0.4855461519809079   0.00020404296931740941
7756.26   76   -0.48554738445480516   0.00022339379437938124
7814.84   77   -0.48554839209249645   0.0001701063432838073
7901.01   78   -0.4855491784358489   0.0001376274296959176
7990.92   79   -0.48555019217138096   0.00024113581698552054
8087.76   80   -0.48555141138669705   0.0002727983076652896
8188.44   81   -0.4855525915485584   0.00014866003136187038
8283.83   82   -0.48555434553716176   0.000168448919013177
8381.7   83   -0.4855559584819836   0.00029252746401872725
8477.31   84   -0.48555819271980316   0.00027401899529710293
8574.78   85   -0.48555948737376375   0.0001331800427677547
8672.04   86   -0.4855609988838745   0.00012632260951113888
8773.64   87   -0.4855629626327651   0.00013278702994129943
8873.96   88   -0.4855655100654567   0.00011930915890024288
8944.09   89   -0.48556702379231154   0.00025772243115764723
9048.19   90   -0.4855706728775334   0.00014666669301999317
9156.91   91   -0.4855741638184279   0.00040776596301224946
9257.23   92   -0.48557738995688016   0.00022224440346931164
9349.31   93   -0.4855799949598331   0.0002540231183192183
9438.44   94   -0.485583625758295   0.00034899710536192896
9528.81   95   -0.48558527383816696   0.00018007436176799472
9618.19   96   -0.4855867212330599   0.00019221782268481015
9704.04   97   -0.48558923668258946   0.00021204322203828392
9765.77   98   -0.48559065337147617   0.0001968837815295818
9854.23   99   -0.4855923046954441   0.0002103474999711266
9940.89   100   -0.4855949949237575   0.0002659057842223814
