0.0   0   -0.44025029090778894   0.11215085424508024
16.87   1   -0.44854576292651355   0.07773475569910268
31.22   2   -0.4558844203427662   0.029410158310961033
46.45   3   -0.4618368960950716   0.03297680089152254
56.64   4   -0.4691145560281308   0.1011262049360187
69.88   5   -0.4741101225585442   0.0249827735304353
83.35   6   -0.47683536868926296   0.017641590951601043
119.04   7   -0.48047701821932365   0.23847378248682008
127.22   8   -0.4815760942654523   0.022308777405927214
135.19   9   -0.48256305216896744   0.014521992761819818
143.63   10   -0.4830898421902131   0.008975671802181256
155.67   11   -0.48333166929380206   0.005839600180829326
167.44   12   -0.48350336904203156   0.007510360002931643
179.57   13   -0.4837801186876854   0.0038556082851762545
188.32   14   -0.4838572841539448   0.004086334290419688
200.62   15   -0.48391637076245064   0.0037523503423114706
217.67   16   -0.48400761516182345   0.0033312186911500924
230.63   17   -0.4841264337199867   0.0028691157906470784
243.56   18   -0.48417520929437224   0.001451690610194108
260.61   19   -0.4842238214926181   0.003398388330933779
272.91   20   -0.4843826541270079   0.002806874842123712
286.92   21   -0.4844438847020292   0.0032485816083136754
300.02   22   -0.48449727892949673   0.0023167296350191705
312.78   23   -0.4845825451491009   0.0014193186878734517
325.53   24   -0.48462731358769356   0.0021452290997708056
338.22   25   -0.48467045787567214   0.001843625382294901
351.07   26   -0.484719620032371   0.0011920584063606244
363.45   27   -0.4847487799519776   0.0014619046846420995
378.13   28   -0.4847948788013797   0.0018810700371068552
392.62   29   -0.4848258209197648   0.0012105503425483255
406.18   30   -0.48485620064907436   0.001558737121868327
420.09   31   -0.48489800196269084   0.0013961142777613902
429.43   32   -0.48491765501253004   0.0020793177172942993
438.41   33   -0.4849316242747513   0.0008777939633829036
451.85   34   -0.48493901673324397   0.0011443254294774957
470.27   35   -0.4849627479373303   0.0010476698405519347
485.91   36   -0.48497316189991235   0.0009934455377669752
495.64   37   -0.4849787550372297   0.17046417760872606
510.8   38   -0.4849787063398735   0.0009941362951828988
519.29   39   -0.4849789062954636   0.0007699411390348356
533.73   40   -0.4849835177063297   0.0006585109825821699
547.77   41   -0.48499205710394566   0.0008765660158538455
562.19   42   -0.48500237908898935   0.0006932538095615031
571.3   43   -0.48500517156448064   0.0005204200445039556
584.25   44   -0.48500898529556413   0.0006000729486190599
597.65   45   -0.48501705031167924   0.0008876429581578554
606.46   46   -0.48502164408760284   0.0003915810148438794
620.69   47   -0.4850244050820793   0.0007959469703128387
640.16   48   -0.4850314877573757   0.0006794911485610163
653.88   49   -0.48503609482614557   0.00047222564013537786
667.15   50   -0.4850373372920208   0.0003752602002897431
681.29   51   -0.48504046533752876   0.00047606240746525123
694.27   52   -0.4850468909494271   0.0010781250534053508
707.67   53   -0.4850524333582434   0.0006612090325804318
721.29   54   -0.48505711027215054   0.0005105550043938145
735.9   55   -0.4850603049096418   0.0004408408879564626
750.57   56   -0.485063271241937   0.0006305144346733513
763.98   57   -0.485070306644767   0.0005245298627014271
773.4   58   -0.485070800014193   0.0005810174923960409
786.83   59   -0.48507547412042396   0.0005120322876844942
800.71   60   -0.48507975090193   0.0006834984496851133
809.45   61   -0.48508214040015385   0.0004266699828140344
824.09   62   -0.4850858493221805   0.0004054427630163139
833.5   63   -0.48508805219385326   0.0004919191307975163
847.46   64   -0.4850921572108643   0.0006091773784358675
861.61   65   -0.4850990065987988   0.0008088708344283135
875.84   66   -0.48510740018467496   0.0005878559280469675
889.56   67   -0.485111203029367   0.0003954760221892452
903.2   68   -0.4851149656699029   0.0006873496661880703
916.08   69   -0.48511817752898123   0.0005636922647087218
931.38   70   -0.4851203472658711   0.0005884147608889847
946.14   71   -0.48512663125662736   0.0007048055555511056
956.05   72   -0.48513225014061223   0.0006725123484260765
970.74   73   -0.48513813630008074   0.00047691797410248047
985.64   74   -0.4851442731021129   0.0005149037975193879
995.05   75   -0.4851482326539043   0.000400509958796955
1009.47   76   -0.4851505887454176   0.0002816691514944645
1024.1   77   -0.48515243827634197   0.0004325604009370217
1034.75   78   -0.4851544987482887   0.00046571146910738846
1049.02   79   -0.4851572905177729   0.0004451414097106903
1062.79   80   -0.4851603524034178   0.00039963889703454263
1077.04   81   -0.4851637437759157   0.0003537523892721677
1092.99   82   -0.4851673316045349   0.0005253335462930994
1103.04   83   -0.48517026493546694   0.0007184931720941528
1117.83   84   -0.48517371758007927   0.0004916260070350114
1132.56   85   -0.48517581411661015   0.0003567586499630655
1147.7   86   -0.485179650384039   0.0005197053252121279
1162.57   87   -0.4851821197274852   0.0004984149820062449
1177.02   88   -0.48518311503896727   0.00021023466600134623
1190.44   89   -0.4851834993173189   0.00019994055330203937
1205.6   90   -0.4851844561225939   0.00038084783406604883
1220.54   91   -0.485186415481113   0.00029618971978499455
1234.26   92   -0.4851877721737115   0.00023837425071190763
1243.31   93   -0.4851885902014702   0.0001931640919139499
1258.08   94   -0.4851892820988784   0.00020826637758975734
1272.77   95   -0.48518994835243334   0.0003283723687923221
1286.59   96   -0.48519098573461267   0.00023208219644145744
1301.03   97   -0.4851923820650259   0.00017237751534427418
1315.7   98   -0.4851930057415382   0.00015289567127894688
1329.05   99   -0.48519346523082835   0.00012879692266746167
1342.64   100   -0.48519371766548114   0.00015789234803580555
0.0   0   -0.48519371766584857   0.0001995109753619382
11.61   1   -0.48519377312472073   0.00018767600856287397
31.32   2   -0.4851938940504657   0.00025149902149008117
47.79   3   -0.4851940300379324   0.16650160112075196
57.24   4   -0.48519393342512723   0.0002902974885746357
72.85   5   -0.48519394151029427   0.00026233667603652743
83.99   6   -0.4851940591938986   0.00025252100840129644
102.71   7   -0.48519441319212386   0.0001944761175578066
112.22   8   -0.48519454179040494   0.00015245097311698298
130.0   9   -0.48519476349755947   0.000228569145503455
143.82   10   -0.4851952204000959   0.0001809502523097163
158.31   11   -0.48519542681329053   0.00019747048299106318
176.23   12   -0.48519590259920026   0.00019534967678342112
189.27   13   -0.48519614375654013   0.0002022433064680201
202.93   14   -0.4851965980063155   0.00019981829582461932
216.36   15   -0.48519698289513735   0.0002372727683757363
242.84   16   -0.48519738208107266   0.00011683369194071365
262.19   17   -0.4851979666426213   0.00018721946875327656
275.27   18   -0.4851987014030146   0.00019809882938008112
288.7   19   -0.48519946319690477   0.00012947581172595906
302.09   20   -0.4852001189693761   0.00014747475804079735
321.16   21   -0.4852010182341304   0.0003153074873229272
330.13   22   -0.4852011516561926   0.00028223074771268085
343.49   23   -0.4852012895042701   0.00013828843318529268
362.37   24   -0.48520181600445894   0.00012798366166138649
376.16   25   -0.48520269356436413   0.0001233517368063787
389.7   26   -0.48520338833164794   0.00025264152502007365
400.4   27   -0.4852038140645729   9.486415954062028e-5
415.31   28   -0.4852040510371821   0.00016482863455284064
428.51   29   -0.48520417194007165   0.00016528589990716505
441.42   30   -0.4852043309260977   0.0001305713007453787
454.86   31   -0.4852045511364156   0.00018686486871904808
468.96   32   -0.4852047799707099   0.00019682390916202466
482.18   33   -0.4852049894074078   0.00014442268446552154
495.11   34   -0.4852050955946853   0.00015424764984542323
508.87   35   -0.4852053757330307   0.00018529840252502823
522.41   36   -0.48520567622433775   0.0002064944092582032
535.36   37   -0.4852059291293507   0.00013720274526261928
548.39   38   -0.485206061637607   0.00012848322343495113
562.94   39   -0.48520621389297736   0.00011078182091455078
576.35   40   -0.48520628276741296   0.00011238083188873939
594.46   41   -0.4852064287511485   0.00010028574190510367
608.56   42   -0.4852065361292474   8.6148466574767e-5
617.59   43   -0.4852066143252043   0.00016171776608044186
630.51   44   -0.4852066940395603   0.00012840086179587298
643.58   45   -0.4852068245840883   7.82389944599332e-5
657.69   46   -0.4852069940646654   5.91628341198797e-5
671.24   47   -0.4852071379266466   0.00010594220126583964
684.29   48   -0.485207204677604   0.1408638849144168
712.77   49   -0.48520686921280914   0.000378305851308924
723.06   50   -0.48520720455632516   9.558206375938755e-5
735.79   51   -0.4852072780308383   9.032339370117998e-5
748.15   52   -0.48520736977027235   0.0001237481141715121
776.62   53   -0.48520743573679115   0.00011032299242899104
790.21   54   -0.4852075069332906   6.369598036640942e-5
803.58   55   -0.485207543080984   7.372135656343935e-5
816.57   56   -0.48520758719087476   7.800665154115544e-5
829.45   57   -0.48520766357998385   6.59919056401034e-5
842.57   58   -0.4852077690246768   0.00013255855302095012
851.96   59   -0.4852078483321788   6.92225140804081e-5
865.29   60   -0.4852078922136175   7.812261507628276e-5
878.19   61   -0.4852079654013088   7.284427507587942e-5
890.77   62   -0.4852080421221676   0.00011076012460285808
904.9   63   -0.485208087064256   7.261492159229307e-5
918.05   64   -0.4852081264623687   8.882244521929466e-5
930.4   65   -0.48520815889096014   0.0001001106461338562
943.7   66   -0.4852081966535591   5.612786346140237e-5
956.41   67   -0.4852082267970518   5.258087262962238e-5
973.95   68   -0.48520827968679564   5.137400505903871e-5
988.22   69   -0.48520834289130826   4.307084874615617e-5
1001.88   70   -0.48520838762924934   6.63825057295659e-5
1015.81   71   -0.48520844887953635   7.110690758623786e-5
1029.36   72   -0.4852085487657949   6.723786269542345e-5
1043.81   73   -0.48520858748066714   9.662953010909446e-5
1058.7   74   -0.48520862641746726   8.023451261576183e-5
1072.65   75   -0.485208656979993   7.182044485973709e-5
1086.33   76   -0.48520871034840524   7.352755497309736e-5
1100.7   77   -0.4852088327654337   9.465850236092765e-5
1109.45   78   -0.48520886232123056   8.292893803862145e-5
1122.64   79   -0.4852089022832829   9.083469057878913e-5
1136.75   80   -0.4852089895553285   0.00016189158557732196
1152.51   81   -0.48520905520713675   0.00012562738861998356
1166.65   82   -0.48520910250402793   6.045690325194198e-5
1180.9   83   -0.48520914729578446   0.00010526141434085016
1195.73   84   -0.48520920472522244   9.42439934908879e-5
1210.07   85   -0.4852093105336843   0.00010856102015929491
1219.55   86   -0.4852093574566123   0.00010851137562119562
1233.53   87   -0.48520945290384787   0.00012238761731619716
1248.14   88   -0.4852095538919774   8.736616024605626e-5
1262.82   89   -0.48520961113372474   0.00010019884563309989
1276.93   90   -0.4852097232668914   6.77712658191517e-5
1290.57   91   -0.4852098436008125   7.820826230711371e-5
1305.94   92   -0.4852099659489152   8.260120319354229e-5
1321.46   93   -0.4852100548382363   5.991437739862002e-5
1336.4   94   -0.48521018984170217   0.00012296820042128213
1345.97   95   -0.4852102439268879   8.674781500090062e-5
1361.07   96   -0.48521028983718134   8.769663275351879e-5
1376.52   97   -0.48521033528001895   7.563059720093397e-5
1396.38   98   -0.485210389395351   8.75000625630548e-5
1411.61   99   -0.48521046117149574   7.090247812866672e-5
1426.21   100   -0.4852105315365321   9.629754118041575e-5
0.0   0   -0.4852105315365455   9.846968406724643e-5
13.33   1   -0.4852105427951724   6.671338253898166e-5
30.26   2   -0.48521055241728184   6.876532314285457e-5
47.25   3   -0.48521056252248507   6.135504097187623e-5
68.98   4   -0.48521058956303154   7.395247969167513e-5
86.58   5   -0.48521060839357033   4.776419176614345e-5
108.71   6   -0.48521063032893935   5.286970592652058e-5
124.57   7   -0.48521065713034256   4.670791642762336e-5
144.08   8   -0.48521072941391696   6.604537579466799e-5
160.16   9   -0.4852107730401194   4.9618196250339233e-5
169.8   10   -0.485210788837893   5.347589641345602e-5
184.38   11   -0.4852108288462793   3.731587058904013e-5
199.73   12   -0.48521084191080743   5.6010536624795965e-5
216.15   13   -0.4852108792896198   5.53284258929811e-5
231.5   14   -0.48521090505923214   8.486920633215002e-5
246.3   15   -0.4852109207485274   2.8222753229261727e-5
272.81   16   -0.4852109618811942   2.6309300301697458e-5
290.53   17   -0.48521101949985945   3.7007105813730994e-5
307.87   18   -0.48521107112699546   2.9064550993850855e-5
324.99   19   -0.48521111428043573   2.85890389289696e-5
343.16   20   -0.4852111710044265   2.580798634849496e-5
360.52   21   -0.4852112261966681   3.059237558453335e-5
377.68   22   -0.48521127242688344   3.034250859955365e-5
388.37   23   -0.48521127424928634   3.5811467799408124e-5
406.91   24   -0.4852112799943826   4.2481220735356936e-5
423.67   25   -0.4852112985805837   5.56982436313782e-5
433.68   26   -0.4852113050646266   4.354874001260685e-5
447.92   27   -0.4852113168042057   2.9898009930226055e-5
466.35   28   -0.48521133108718284   3.764920627477011e-5
483.08   29   -0.4852113470448059   3.650780108670135e-5
500.18   30   -0.4852113573970135   2.0812263528609233e-5
518.28   31   -0.4852113647768785   4.367141871741577e-5
535.12   32   -0.48521137994280705   4.3190221453742935e-5
562.81   33   -0.4852113968964992   6.161524564480551e-5
580.75   34   -0.4852114180783529   2.605967074945671e-5
598.71   35   -0.48521142402959583   3.486948885935196e-5
610.15   36   -0.4852114263520094   2.0961351189462986e-5
632.69   37   -0.48521143124638616   2.5977390260190553e-5
650.29   38   -0.4852114391782962   2.7055308776458565e-5
667.13   39   -0.48521144818926165   2.8955199158448213e-5
689.57   40   -0.4852114732964534   4.797010449174387e-5
705.91   41   -0.48521150178718964   2.508968602590339e-5
728.36   42   -0.4852115321859905   3.0519524145035165e-5
744.18   43   -0.48521156649738817   4.162735580227315e-5
754.52   44   -0.4852115687006384   2.710459327944205e-5
771.9   45   -0.48521157403519244   2.995256713876817e-5
789.94   46   -0.48521159491885063   8.231991717370163e-5
807.81   47   -0.4852116346246528   3.538168142252961e-5
830.8   48   -0.4852116575652604   6.445335998935771e-5
841.6   49   -0.4852116669210626   4.273884866069302e-5
858.19   50   -0.48521167499724305   4.705612573169095e-5
874.86   51   -0.48521169151736765   0.19335815610439547
894.63   52   -0.48521165481585316   7.432626007364092e-5
907.17   53   -0.48521169049063945   3.8505573066248655e-5
925.4   54   -0.4852116990776828   3.6411181803718795e-5
942.45   55   -0.4852116945354559   6.201375262263846e-5
960.48   56   -0.48521171050179296   7.6213238976591e-5
972.49   57   -0.4852117130816662   4.3516979265607e-5
989.61   58   -0.4852117167034138   3.446920845434123e-5
1010.81   59   -0.48521172703017745   0.19167275678536017
1023.87   60   -0.4852117270241089   3.305733068357676e-5
1086.3   61   -0.48521172974016946   3.4931996873249274e-5
1097.72   62   -0.48521173722673383   6.145872117023961e-5
1109.95   63   -0.4852117541164901   0.18586329707943228
1120.93   64   -0.48521171933022716   0.00013260050586312079
1378.2   65   -0.4852113490227676   0.00036053025802296255
1394.83   66   -0.48521175971009833   4.345365620830622e-5
1404.47   67   -0.4852117614058468   5.906597130933373e-5
1415.08   68   -0.48521176391942356   2.6733846597584906e-5
1430.36   69   -0.4852117665046246   2.2797411869218397e-5
1452.77   70   -0.48521177707049656   0.2065111420055782
1470.07   71   -0.48521177713213226   5.924841404371329e-5
1480.58   72   -0.48521177765218   4.537897303592907e-5
1492.05   73   -0.48521177755806966   4.84065804466705e-5
1509.12   74   -0.4852117775074013   4.718008728603168e-5
1525.58   75   -0.4852117820911822   3.131170772932554e-5
1541.8   76   -0.4852117882640207   4.315103430816739e-5
1563.18   77   -0.48521179612616155   0.23875639835310936
1598.55   78   -0.4852116749915929   0.0002680188139969243
1609.77   79   -0.48521179626422406   4.301375010866181e-5
1622.02   80   -0.485211796270706   4.2978691447863986e-5
1639.18   81   -0.48521180404307573   3.8816548423384006e-5
1650.41   82   -0.48521180794016805   4.1251337293864404e-5
1665.96   83   -0.4852118177493291   4.095211688909055e-5
1675.5   84   -0.48521182245897304   4.486739660534566e-5
1691.56   85   -0.4852118299334062   3.5920152892728244e-5
1702.65   86   -0.48521183719500804   3.9974619947683196e-5
1718.71   87   -0.485211845945962   4.971460120985278e-5
1734.89   88   -0.48521185789370086   5.28303148260997e-5
1751.25   89   -0.48521187265005433   2.987683988644215e-5
1767.61   90   -0.4852118784554877   5.649852868391753e-5
1778.94   91   -0.4852118798369845   5.7884339473034674e-5
1788.4   92   -0.4852118854282441   2.4955292995911225e-5
1804.54   93   -0.48521189084753663   2.1346785374420634e-5
1820.99   94   -0.485211903105107   2.5949835843710954e-5
1836.74   95   -0.48521192100231664   2.8648560284373022e-5
1853.22   96   -0.48521194114034   5.27927912563503e-5
1864.21   97   -0.48521195297346664   3.048783574982624e-5
1875.18   98   -0.4852119563733786   2.8275707698232345e-5
1885.53   99   -0.4852119712867826   4.4752397928733063e-5
1901.29   100   -0.48521199161718975   6.365742572253772e-5
