0.0   0   -0.40236183153817984   0.09519648483061269
15.57   1   -0.4128895750306949   0.024712794693372706
28.19   2   -0.4139246031857228   0.007680256880931087
46.26   3   -0.4141802670075606   0.006930216252847269
64.51   4   -0.4149579952418192   0.007539296450193046
73.72   5   -0.41509246673604455   0.004046769639941897
87.37   6   -0.41518321023855476   0.0041060561451014424
100.56   7   -0.4153718467850823   0.003873841572158335
113.6   8   -0.415644237245093   0.003184039627325512
121.89   9   -0.4157616761631385   0.0030702119094077433
135.51   10   -0.4158660369616307   0.0015388797514363157
148.6   11   -0.4159002085868289   0.001043677703005571
161.3   12   -0.41591895136528295   0.001070198995068518
173.9   13   -0.415963502735303   0.002368644071924697
188.53   14   -0.4159767124184811   0.0006291244157214302
200.4   15   -0.4159773416246939   0.00036617984712934964
220.69   16   -0.41598669255015197   0.0005745040044273143
233.92   17   -0.4160086731460295   0.0007166142342702788
246.68   18   -0.4160140732194765   0.0003526782830661293
258.81   19   -0.41601549394156795   0.0003949976187278446
275.32   20   -0.4160233949306038   0.0005149268486597906
288.22   21   -0.41603509200735916   0.0006045403495912047
301.05   22   -0.4160507470017172   0.0005342820147253448
313.52   23   -0.4160677311987796   0.001187745910312953
322.43   24   -0.41607883046008115   0.0007630710657686869
334.85   25   -0.4160828871111061   0.0003227147834619553
343.37   26   -0.41608347784786026   0.0002338759492887365
355.3   27   -0.41608459384450025   0.00043892957921640115
368.19   28   -0.4160886349500219   0.0006224623976577676
376.77   29   -0.41609212061585416   0.0005719504486414241
390.15   30   -0.4160969772522586   0.0003331591376531754
402.93   31   -0.4160980509751709   0.0001606950673025304
419.97   32   -0.4160991978247761   0.0007424626490064515
437.71   33   -0.4161034511794105   0.0004076217054359447
450.15   34   -0.41610641695113204   0.00019215701884462696
458.21   35   -0.41610687621899556   0.00023013798305378917
471.14   36   -0.4161075656613922   0.00020934759210662626
487.77   37   -0.41611020585218184   0.0004150148060361703
500.57   38   -0.41611552544527103   0.0004445422466422562
514.0   39   -0.4161191139596669   0.00029372755560895297
526.47   40   -0.4161216801478419   0.0007213101230127765
538.55   41   -0.4161314299543814   0.0006109613278382514
551.28   42   -0.4161393770153581   0.00042689254466462043
560.23   43   -0.41614153570979917   0.00030298584818817863
572.83   44   -0.4161432032482142   0.0002386997107692319
585.23   45   -0.416145230802597   0.00022357512102904364
597.65   46   -0.4161467161343293   0.00014922335001075695
606.39   47   -0.4161474238918098   0.000136874844116858
619.23   48   -0.41614795154141115   0.0001569561813142667
631.67   49   -0.4161491592357829   0.0003712416712955911
644.11   50   -0.4161498907405601   0.00020584923489948647
657.3   51   -0.4161502502401493   0.00012076792550838924
669.55   52   -0.41615069623476053   0.00018391851177868257
681.9   53   -0.41615119759210106   0.0002611391293616867
689.95   54   -0.4161515409095132   0.00016896441649610745
703.56   55   -0.41615216147390477   0.00011030510866690846
716.12   56   -0.41615293563126216   0.00019108677949163477
724.3   57   -0.4161535828444869   0.0001205209349785464
736.75   58   -0.4161540433158242   7.592228323174929e-5
750.22   59   -0.41615420514466245   9.573983963440786e-5
766.57   60   -0.41615469704799657   0.00020542514008936108
783.67   61   -0.4161567946335888   0.00021916737343795939
793.27   62   -0.41615761130895185   0.00010804378195203114
801.59   63   -0.4161578695561403   0.00011919904944172706
814.04   64   -0.4161582346466204   0.00011671152650283181
831.2   65   -0.4161599606670074   0.00018480375844694263
845.7   66   -0.41616199224033856   0.00022270348961094807
854.34   67   -0.41616291297360836   0.00023019134829336407
863.27   68   -0.41616349250324225   0.00012947955733766083
876.79   69   -0.4161637007514509   9.790927654629547e-5
890.38   70   -0.41616382784710604   6.990401428893339e-5
903.25   71   -0.4161639189721501   8.047428587585294e-5
916.22   72   -0.416164014613005   8.636946164474869e-5
928.79   73   -0.41616417917392473   0.00010244676028935766
942.73   74   -0.4161646557664743   0.0001852188971098784
951.48   75   -0.4161650813347212   0.0001903170602421226
964.24   76   -0.4161656488188725   5.435404176890524e-5
977.11   77   -0.4161657258543495   3.706362842727148e-5
990.34   78   -0.4161658105118464   6.65217642567129e-5
1002.49   79   -0.4161660273105784   8.637789385003503e-5
1015.2   80   -0.4161663410088445   0.00010997607376700636
1028.27   81   -0.41616673263181125   0.00012676466131303775
1041.61   82   -0.4161669132669677   5.501567746714759e-5
1055.32   83   -0.4161670080488465   7.266907275307614e-5
1072.86   84   -0.41616725422649187   6.754367112388054e-5
1086.27   85   -0.41616746659627535   5.637992236106513e-5
1099.08   86   -0.416167709720618   5.084020172351055e-5
1107.46   87   -0.41616777601030636   4.807508987007337e-5
1119.83   88   -0.41616788510972147   8.69096808758305e-5
1133.13   89   -0.4161680215579014   7.043495142801467e-5
1146.28   90   -0.4161680696488407   4.6505989226581884e-5
1158.86   91   -0.4161681314141106   5.328578759910494e-5
1173.21   92   -0.41616824292977117   0.00011702095391043965
1186.98   93   -0.41616840497098306   8.674514483606751e-5
1199.58   94   -0.4161686246113365   5.599227225285861e-5
1212.37   95   -0.41616881586163246   8.918735260723686e-5
1222.05   96   -0.41616888900569615   8.207709385365704e-5
1236.03   97   -0.41616896147422333   5.011122439412537e-5
1249.23   98   -0.4161691189801122   6.687203637426544e-5
1262.14   99   -0.41616923383632737   6.46141459957426e-5
1276.44   100   -0.41616931229872045   4.7076826349322216e-5
0.0   0   -0.4161693122987269   5.39184267991266e-5
12.88   1   -0.41616932269005985   4.3283012256920893e-5
27.41   2   -0.4161693288312502   6.152023592414068e-5
47.8   3   -0.41616940547467407   5.821714679735451e-5
57.68   4   -0.41616941761678267   7.0515479764362e-5
77.92   5   -0.4161694599488629   3.730513550618058e-5
98.76   6   -0.4161695240268505   6.109159570645449e-5
113.46   7   -0.4161696445413346   3.0515824241460107e-5
127.8   8   -0.41616974071290586   4.6516041804191456e-5
143.64   9   -0.41616986785127685   3.4839553424591e-5
158.87   10   -0.4161699671029204   2.77699069498488e-5
179.5   11   -0.41617012775667006   4.135984708456706e-5
189.83   12   -0.4161701723581416   3.010230067992058e-5
210.06   13   -0.41617029018834545   6.484365662149188e-5
224.77   14   -0.4161704675123419   4.745003321511677e-5
245.03   15   -0.4161709401598767   7.959609200718211e-5
260.6   16   -0.4161714038359219   7.590835249093417e-5
274.91   17   -0.4161716577721036   0.00011225205576791822
289.94   18   -0.41617210526798004   0.00012795009850300541
305.59   19   -0.4161725222723192   8.615383852400488e-5
320.93   20   -0.41617267401646396   6.989222970756474e-5
342.23   21   -0.41617338436927803   0.00026142465462557826
352.99   22   -0.4161735764983641   0.0001382124594359211
368.42   23   -0.416173658073152   5.7578140807309826e-5
384.52   24   -0.4161736771112728   5.8367022173440254e-5
399.98   25   -0.4161737238234451   0.0001076031065965895
422.39   26   -0.41617447450964407   0.00018408613782515683
432.88   27   -0.4161747068005641   0.00026464715461102555
449.11   28   -0.416175329358356   0.00013917259647342685
465.83   29   -0.4161756067015025   0.00010120362050623418
481.46   30   -0.4161757977760101   7.677187854035273e-5
491.36   31   -0.4161760487290847   0.00012080645556751971
506.9   32   -0.4161762411625614   7.895754442957031e-5
522.71   33   -0.4161764835350857   8.288795814515334e-5
538.83   34   -0.4161767569238995   5.131760581634831e-5
553.05   35   -0.4161769736482452   6.528402159323251e-5
567.51   36   -0.41617728501902296   6.192477702227417e-5
583.71   37   -0.41617750256910774   5.439075591020254e-5
599.01   38   -0.41617767004313283   4.8825733657124555e-5
614.4   39   -0.4161779001959647   9.411841579730995e-5
629.79   40   -0.4161780709161338   4.70460308437412e-5
645.16   41   -0.4161781068197559   3.8493664096590896e-5
665.31   42   -0.4161781328335606   4.562024282261874e-5
675.11   43   -0.4161781723190978   0.00014613552631466734
688.98   44   -0.4161783138483593   5.545786720420762e-5
703.72   45   -0.4161783695896983   3.775344475029287e-5
713.36   46   -0.41617839175267834   4.820201362838972e-5
727.94   47   -0.41617841467521394   4.17829617938685e-5
742.65   48   -0.4161784284950121   4.867802016289141e-5
757.29   49   -0.41617844695010897   4.078598251631926e-5
772.79   50   -0.4161784718004493   5.3992391425954164e-5
787.06   51   -0.41617852457901455   6.495068431884335e-5
801.25   52   -0.41617860574592946   6.894010099999493e-5
816.69   53   -0.4161787127182185   3.806269271838146e-5
832.99   54   -0.4161787489851743   2.5044317673765063e-5
848.25   55   -0.41617877534405234   2.2187876776957053e-5
862.65   56   -0.41617878875076825   1.931696446193833e-5
882.45   57   -0.4161788559081717   5.658696567401885e-5
898.18   58   -0.41617893229586234   3.606793319128661e-5
912.78   59   -0.41617896176756175   1.7742752576512187e-5
933.53   60   -0.4161790389539181   2.642675164915238e-5
949.49   61   -0.41617908026497796   2.5688653449131077e-5
959.01   62   -0.41617910673446645   2.0697133913736798e-5
974.22   63   -0.4161791568353029   3.654878032975985e-5
985.12   64   -0.4161791803347324   5.3542189595718536e-5
1000.94   65   -0.4161792210070532   2.8690038749041415e-5
1015.17   66   -0.41617923520735556   3.13931739251156e-5
1028.82   67   -0.4161792571755437   3.940513922427581e-5
1045.14   68   -0.4161793102430965   6.0724935783326875e-5
1055.21   69   -0.4161793238760577   3.2631201637010765e-5
1075.6   70   -0.41617934106115   2.2655008386644826e-5
1090.69   71   -0.4161793743490132   4.44222946888744e-5
1106.29   72   -0.4161794238664653   3.922799551954182e-5
1120.54   73   -0.4161794420518061   3.4214550207175103e-5
1134.18   74   -0.4161794773132677   2.340951963663393e-5
1148.66   75   -0.4161794921162239   3.623650277545895e-5
1162.9   76   -0.41617951157324684   1.878882533343831e-5
1177.79   77   -0.41617953547449277   2.5360254110409717e-5
1193.8   78   -0.4161795819971708   3.2671142115646846e-5
1210.39   79   -0.41617961405108195   2.653067828159708e-5
1225.76   80   -0.4161796358507837   0.0018058626141824602
1236.02   81   -0.4161792346074654   0.00016544915751122994
1246.28   82   -0.4161796336599194   1.2721885664865507e-5
1262.39   83   -0.4161796499734795   2.0693235708714913e-5
1281.84   84   -0.4161796901487224   2.602260921426615e-5
1290.74   85   -0.4161796979434875   3.775463412609776e-5
1305.21   86   -0.4161797270108214   2.6568613746763285e-5
1320.14   87   -0.4161797463186454   4.286301264400238e-5
1333.91   88   -0.41617976498264503   4.301739265339145e-5
1347.43   89   -0.4161797920642415   4.537936372464462e-5
1357.16   90   -0.41617980150102324   4.566650469980612e-5
1372.24   91   -0.41617982165452627   2.2932686671235077e-5
1386.52   92   -0.4161798352301657   3.229409720259428e-5
1400.58   93   -0.416179845168587   2.455333201068113e-5
1415.72   94   -0.4161798605241426   2.5813277588023082e-5
1431.02   95   -0.41617987751469365   3.750795755193982e-5
1445.99   96   -0.41617990443555064   4.141171861247591e-5
1460.98   97   -0.41617992602761256   5.548036304085981e-5
1475.78   98   -0.41617998996003774   4.1577503949749246e-5
1491.86   99   -0.4161800240683353   2.48899868643365e-5
1507.32   100   -0.4161800484813166   2.9506200196430016e-5
0.0   0   -0.4161800484812984   3.058062129314925e-5
47.76   1   -0.4161800509807506   3.355439188177349e-5
127.59   2   -0.41618005741923286   6.152227185137854e-5
199.23   3   -0.41618007722372247   4.8563058890274536e-5
252.83   4   -0.41618008563795594   2.8771797621368347e-5
322.18   5   -0.41618010865676136   1.8341078022724027e-5
376.51   6   -0.41618012905926294   1.1767129767353151e-5
417.48   7   -0.41618013767163947   1.920797864144731e-5
440.78   8   -0.4161801667645611   1.2921653986240474e-5
454.85   9   -0.4161801830281381   2.444448313801789e-5
469.83   10   -0.4161802014139724   1.1485255968871818e-5
482.83   11   -0.4161802127084098   1.795336964622135e-5
495.67   12   -0.41618023447864505   1.1483058452396111e-5
509.37   13   -0.416180247438994   1.8425024944359167e-5
527.29   14   -0.41618026303646627   6.317550863696926e-5
539.96   15   -0.41618028695332415   1.2695851702626163e-5
556.73   16   -0.4161802911237861   1.7524331385744905e-5
569.53   17   -0.41618030116102844   1.1757199164708317e-5
586.39   18   -0.41618032792815635   1.053442969621279e-5
598.5   19   -0.4161803606263704   1.3539989188461775e-5
611.8   20   -0.4161803811179452   2.207425297026189e-5
624.35   21   -0.41618040146803814   1.1248629088947462e-5
632.5   22   -0.4161804027677051   1.8275766467305176e-5
644.59   23   -0.41618040649318944   2.7804906650504968e-5
659.01   24   -0.416180417071109   4.2013474096085204e-5
672.37   25   -0.4161804570103529   2.3813734376289167e-5
685.55   26   -0.41618046414688115   1.1433858017001861e-5
693.86   27   -0.4161804647836445   1.1162739311522998e-5
712.11   28   -0.4161804679104325   2.1020434564404205e-5
729.68   29   -0.41618048586803535   1.4894681059827177e-5
744.42   30   -0.416180499394486   2.980175313542751e-5
759.15   31   -0.41618052387719184   3.450165872992279e-5
773.12   32   -0.4161805307036867   1.0294202520712584e-5
785.64   33   -0.41618053341269284   1.6993360811606295e-5
804.29   34   -0.4161805535571396   3.1062601547351e-5
818.95   35   -0.4161805887569774   3.41048544492248e-5
828.88   36   -0.4161805943285999   2.684032019559344e-5
845.11   37   -0.4161806061612682   1.6955988401954862e-5
861.2   38   -0.41618061321249683   1.6074532918589123e-5
875.93   39   -0.4161806157622506   7.549221917821469e-6
896.79   40   -0.41618061853030525   1.7539936074520214e-5
912.26   41   -0.4161806263487559   1.6880700676950357e-5
932.31   42   -0.4161806497150715   3.678654061318993e-5
946.59   43   -0.4161806566689087   7.842674560923933e-6
960.35   44   -0.41618065790323344   1.1563035344468901e-5
975.71   45   -0.4161806597977509   1.5107038537812589e-5
989.52   46   -0.4161806614844601   9.344051746860627e-6
1002.78   47   -0.4161806633225098   1.1713413144431614e-5
1016.86   48   -0.4161806668614906   1.2476119863413449e-5
1030.88   49   -0.41618067068709885   1.9422066143468742e-5
1044.76   50   -0.41618068045321377   1.565426122521957e-5
1058.94   51   -0.4161806881763014   1.1542831499373077e-5
1073.29   52   -0.41618069193752566   1.4495485607068118e-5
1083.19   53   -0.4161806933877813   8.965966038025785e-6
1096.72   54   -0.4161806968089634   1.5155640628707495e-5
1111.44   55   -0.4161807017933708   2.334552644706661e-5
1125.19   56   -0.41618070503906973   8.163419289436041e-6
1138.94   57   -0.416180706622533   1.6029126863050113e-5
1153.89   58   -0.4161807108149198   1.210253594685379e-5
1168.6   59   -0.4161807148458653   1.1769851439948584e-5
1178.23   60   -0.41618071734347334   1.6932208739682647e-5
1192.94   61   -0.41618072173826204   9.727452555400708e-6
1207.91   62   -0.4161807240507344   8.374722459820114e-6
1221.88   63   -0.41618072678326984   1.2499168071210148e-5
1235.87   64   -0.4161807281495321   1.3505930378743528e-5
1250.65   65   -0.4161807298887853   1.447168586640656e-5
1264.49   66   -0.41618073198653527   9.204812997181226e-6
1273.38   67   -0.4161807326974827   9.796901000299432e-6
1286.58   68   -0.41618073416434437   8.69833831137639e-6
1301.03   69   -0.4161807365190137   1.3490645206854005e-5
1315.02   70   -0.416180739190128   5.407096359834455e-6
1329.07   71   -0.4161807410361569   9.499769440298426e-6
1342.42   72   -0.41618074357177737   1.4971660264091622e-5
1357.55   73   -0.41618074592410503   6.096861335457193e-6
1370.92   74   -0.41618074662640153   6.472351276977883e-6
1385.1   75   -0.41618074769361313   7.674646487851262e-6
1399.48   76   -0.416180748381063   9.186848445251462e-6
1417.69   77   -0.41618074874432087   4.079631513971724e-6
1439.73   78   -0.41618075046145925   1.352574483942253e-5
1455.3   79   -0.4161807526829056   1.1926034152974469e-5
1470.96   80   -0.41618075442720626   1.3837324231628525e-5
1492.35   81   -0.41618076001287274   1.5434067841043284e-5
1508.26   82   -0.4161807686352089   9.496016477624751e-6
1525.15   83   -0.4161807711467187   5.907483208057749e-6
1541.96   84   -0.41618077328094805   9.601142194443747e-6
1558.34   85   -0.4161807745261605   1.0530739587981157e-5
1573.64   86   -0.41618077797836217   1.5035322910106536e-5
1590.86   87   -0.41618078021938865   5.982728707861256e-6
1606.71   88   -0.41618078184598256   8.503452706632684e-6
1621.83   89   -0.41618078545139187   1.3491819281000545e-5
1631.78   90   -0.41618078625540955   1.1299614543912613e-5
1648.14   91   -0.41618078721966045   4.610817450655175e-6
1666.24   92   -0.4161807891452997   1.3273096333139035e-5
1679.77   93   -0.4161807958052096   1.6425938359007327e-5
1689.45   94   -0.41618080000118884   1.0178133468461069e-5
1698.73   95   -0.41618080114806955   8.152195045508386e-6
1711.87   96   -0.41618080251616657   7.803499271291962e-6
1725.42   97   -0.41618080300643034   6.699443375584296e-6
1739.07   98   -0.4161808033389809   4.686582984328091e-6
1756.99   99   -0.41618080408510866   7.674469396165242e-6
1770.49   100   -0.41618080520691547   1.1327347551261318e-5
