0.0   0   -0.41133518672927094   0.010400821767669002
84.12   1   -0.4127286495628871   0.0029442859054329726
186.04   2   -0.4128338643632591   0.0030006200553593077
334.74   3   -0.41420363363189   0.004568986451420055
392.11   4   -0.4146912700768988   0.0025662611823684066
468.92   5   -0.4149568922874206   0.0032104972491536756
543.64   6   -0.4153282008188012   0.002407078168931632
622.6   7   -0.4155713751333865   0.0025265693181318024
700.42   8   -0.4158098747710527   0.0022952299592557787
749.13   9   -0.41591579075110985   0.0007154429397228072
793.94   10   -0.41594086357260623   0.0003966869851609903
837.41   11   -0.4159477502119392   0.0003544326011485628
913.4   12   -0.41595183766814525   0.0003962421950976773
986.91   13   -0.41595922243427436   0.0004973190175176469
1055.58   14   -0.41596874565871667   0.0006586758417698664
1161.9   15   -0.41599377583127434   0.0003617298301071511
1238.68   16   -0.41599709877107804   0.00016377012453549754
1328.17   17   -0.416004900380631   0.0005400061353673125
1401.15   18   -0.4160196335848868   0.00040471092250851583
1474.16   19   -0.41603762111697173   0.0003752471059930591
1546.71   20   -0.41605331067513274   0.0007520155881799694
1616.22   21   -0.41606541712638173   0.00031566989893768344
1662.27   22   -0.4160696049814163   0.0003194398293265709
1760.34   23   -0.41608480020455074   0.0007025738409896317
1842.02   24   -0.4161052405460768   0.0006970429320518117
1896.17   25   -0.41611262746088895   0.00034829018769111483
1946.34   26   -0.4161181541298103   0.00021780965662222734
2020.64   27   -0.4161280428639641   0.00020789415490109567
2095.36   28   -0.4161429101489774   0.0003572234255255447
2159.89   29   -0.4161486144748717   0.00017339851652350055
2232.49   30   -0.4161500978070657   0.00016979582179874614
2306.69   31   -0.41615416275949413   0.00018410582980435774
2384.18   32   -0.4161583038499104   0.0003080860500185611
2450.92   33   -0.41616165960375456   0.00035200256040206115
2517.7   34   -0.41616597488018325   0.00014209177666204946
2584.18   35   -0.41616751193258084   8.811790891031193e-5
2649.46   36   -0.41616811136491705   0.00010679708941698048
2734.46   37   -0.4161705348381981   0.0002250890098839394
2797.75   38   -0.4161750798533921   0.00020651784033061122
2842.7   39   -0.41617584891447534   9.591995998084796e-5
2915.42   40   -0.416176300169382   6.926544581872025e-5
3023.47   41   -0.416180027873229   0.00031025324191562596
3107.72   42   -0.41618995351646504   0.00027925967423314
3163.3   43   -0.41619360985261494   0.00038368940325299837
3218.27   44   -0.41619979250130756   0.00015603747080323175
3274.45   45   -0.41620175602277165   0.00012750348942520954
3331.56   46   -0.416202121397227   0.00015306300108247295
3415.76   47   -0.41620324424864197   0.00013012045178411094
3532.97   48   -0.41620661440662043   0.00018434141615374745
3614.86   49   -0.4162083518905465   0.00011290325401158186
3696.37   50   -0.41620929131010903   7.062338766869888e-5
3778.44   51   -0.41620964198089233   5.786880942693984e-5
3866.88   52   -0.41621009889168625   8.996456448109371e-5
3942.47   53   -0.4162108553105078   0.00012309248813807908
4016.91   54   -0.4162120127659133   0.0001241915239638579
4063.65   55   -0.4162125910985337   0.00015064788805311402
4134.8   56   -0.4162133992484834   9.600989442865371e-5
4203.72   57   -0.41621432068905656   8.2745354039746e-5
4280.95   58   -0.4162148298915417   0.00010360715332239932
4354.97   59   -0.416215348239345   7.663615855578573e-5
4434.09   60   -0.4162160120850126   0.00014989619066212254
4517.69   61   -0.41621687259913526   0.00011378200021121206
4607.38   62   -0.41621837558568914   9.724219343212649e-5
4706.28   63   -0.41622034750105896   0.00010481378814527206
4763.88   64   -0.4162210344736788   7.60705959361733e-5
4845.61   65   -0.41622124983740444   7.559409988900878e-5
4965.55   66   -0.41622163879862195   7.05546893596814e-5
5056.39   67   -0.41622206422606567   0.00010218416485035347
5148.34   68   -0.4162233411547386   7.142062248427646e-5
5238.5   69   -0.41622412308686035   0.00010154038157210556
5322.81   70   -0.41622441891617173   3.872495120853335e-5
5408.59   71   -0.4162245996379041   7.177886813720796e-5
5488.99   72   -0.41622476815897513   4.1767651070722226e-5
5564.45   73   -0.4162250042315592   7.339308097219384e-5
5640.67   74   -0.416225278674349   9.160001446907347e-5
5715.51   75   -0.41622610759345513   6.960890186101232e-5
5762.29   76   -0.4162264570040495   0.00012903623418093418
5838.47   77   -0.4162271209000873   5.207114676817311e-5
5912.37   78   -0.4162273959702272   3.653197323635833e-5
5983.94   79   -0.41622771680626935   5.919032260259266e-5
6033.5   80   -0.41622785657190736   5.026658001556727e-5
6109.07   81   -0.4162279942034445   4.658164233427898e-5
6189.3   82   -0.41622849105563636   8.808076949697568e-5
6239.4   83   -0.4162289267778841   0.00011407988192278215
6316.47   84   -0.4162296427183662   8.89000343013806e-5
6400.01   85   -0.41623006370662624   5.9569416233714086e-5
6482.12   86   -0.4162303617916061   8.92647319295904e-5
6560.26   87   -0.4162307913514811   5.612256906329153e-5
6638.11   88   -0.4162314000762491   7.51749781901225e-5
6691.22   89   -0.4162317337660364   5.146287300935063e-5
6768.75   90   -0.4162321042512109   4.673698577185233e-5
6827.47   91   -0.4162321934611202   6.054572241915689e-5
6911.96   92   -0.4162323109073045   4.1578781876564836e-5
6996.05   93   -0.4162325456377175   4.853635949807462e-5
7078.71   94   -0.41623283507628683   6.913355702248008e-5
7133.5   95   -0.4162331012884036   7.837033215583216e-5
7217.04   96   -0.4162334234212203   7.851995216404605e-5
7301.89   97   -0.41623367518733523   6.883859729009624e-5
7384.66   98   -0.41623399793844795   3.5937455888772e-5
7469.74   99   -0.4162341932507303   4.380661947292562e-5
7525.03   100   -0.41623440493812647   3.387639087221252e-5
