0.0   0   -0.6687690310858345   0.0006420248504350429
33.3   1   -0.6687759602043233   0.0007033604273658855
104.98   2   -0.6688098030551124   0.0011176902389707763
151.54   3   -0.6688456112695027   0.0008700858265881142
175.93   4   -0.668856140453671   0.00029209908303681406
241.58   5   -0.6688825068962065   0.0011121758126952119
284.4   6   -0.6688998566824251   0.00027025978832839054
341.44   7   -0.6689125199728218   0.0007435947032078018
386.53   8   -0.6689255900885906   0.00030080439579165813
445.12   9   -0.6689368221948147   0.00035495748870294767
0.0   0   -0.6689368623175994   0.0003599711610269311
24.22   1   -0.6689374760282996   0.000139063077501713
68.62   2   -0.6689397611846107   0.0002920562222101702
105.96   3   -0.6689431190582528   0.0002096293924061047
126.83   4   -0.6689439909121878   0.0001645930313076822
173.13   5   -0.6689508188885948   0.0002746254168525765
240.56   6   -0.6689666654066403   0.00033717813415188946
294.0   7   -0.6689863568079119   0.00021449752893824088
344.49   8   -0.6689985541921155   0.00027213552659520896
391.52   9   -0.6690130816501854   0.0001923331234252466
443.4   10   -0.669024246284133   0.000242153363041845
494.79   11   -0.669048637575167   0.0003570627952783419
529.32   12   -0.6690614654175177   0.0005332627187230367
580.76   13   -0.6690889409556107   0.0005522589216886614
632.36   14   -0.6691183244533606   0.0011123456107758373
665.97   15   -0.6691466874235027   0.0005007005607028173
717.87   16   -0.6691556871784576   0.0003901790451697554
751.31   17   -0.6691583145101128   0.0003570460676027588
822.85   18   -0.6692009748151081   0.0006464339006177142
856.1   19   -0.669201214965742   0.0003324536781147001
887.58   20   -0.6692182692614468   0.00017461606805462527
955.79   21   -0.6692335780562971   0.001960058631737649
1266.28   22   -0.6692303102173265   1.1673921051658027e34
0.0   0   -0.6692303102471352   1.3147407290340537e52
0.0   0   -0.668916697281219   0.07846657776976146
