0.0   0   -0.5001658122027742   0.0013531578016375337
48.33   1   -0.5849690631083345   0.004195440248467733
105.63   2   -0.6018745705044067   0.0007129125371451294
122.71   3   -0.6144792168221557   7.12523257375162e-5
172.32   4   -0.6266230231631715   5.879357060679567e-5
189.06   5   -0.6432112773873381   0.00010463123952005369
211.59   6   -0.6456585425060899   0.00012998390533524386
238.46   7   -0.6491669709866962   0.00011831070508951151
263.31   8   -0.6558527322251219   9.096561870528477e-5
293.04   9   -0.6580318378232912   7.177528449840073e-5
320.35   10   -0.6596667381170661   2.72221081121926e-5
347.72   11   -0.6598706184892877   2.524046281715126e-5
386.31   12   -0.6600708988571996   2.724138098286079e-5
413.69   13   -0.6602104749266081   9.783235129969298e-6
430.92   14   -0.6602684731628002   8.065683656625705e-6
468.85   15   -0.6607547504891446   2.717810857891351e-5
492.61   16   -0.6609894131924018   3.08670088309225e-5
517.5   17   -0.6611987163099347   3.774760052656031e-5
554.16   18   -0.6618175149734206   3.209851001702658e-5
591.36   19   -0.6626888647173749   3.0173573545341087e-5
626.56   20   -0.6642674631695907   2.4176352866098175e-5
651.45   21   -0.6653393511442145   4.930753343690633e-5
677.96   22   -0.666623909868882   2.7308403349364315e-5
703.73   23   -0.6674668667871558   2.8546186244375666e-5
742.96   24   -0.668080589608421   2.3758081007358443e-5
768.46   25   -0.6683495769032792   1.0235982119173313e-5
807.39   26   -0.6684221567520369   7.211628477717771e-6
845.96   27   -0.6684783111529725   1.2866567166441282e-5
884.74   28   -0.6685141548040126   1.1720843775502291e-5
923.49   29   -0.6686344993531609   1.0324502770908985e-5
1192.65   30   -0.6684111344698287   5.112711737206544e-5
1218.65   31   -0.6684314364116672   7.342112238196707e-5
1534.21   32   -0.6684116638223523   9.041101474762846e-5
0.0   0   -0.6684116638039269   0.010059287692277858
98.38   1   -0.6684188127622527   0.001009943521006025
269.72   2   -0.6684118598912481   0.016968653741381106
0.0   0   -0.6684118596219787   3.933674147245997e56
0.0   0   -0.6684023969905262   0.01788246071693418
159.38   1   -0.6684052773773919   0.0012842136795923897
206.2   2   -0.668420248892819   0.0007384981603738433
255.27   3   -0.6686406404120384   0.0010044068619869486
279.88   4   -0.6687193406138224   0.0009471446365477326
317.24   5   -0.6687611883722073   0.001421332131627735
354.19   6   -0.6687656117401465   0.0010482462188250593
390.83   7   -0.6688693997577754   0.002233697222110052
427.5   8   -0.6689506949683095   0.00138920147276053
464.13   9   -0.668999670478071   0.001505043470371025
501.6   10   -0.6691620375497797   0.0016994065140969877
539.04   11   -0.6691895783960328   0.0016679998435662397
576.59   12   -0.6693100258221127   0.0006930360776343572
931.94   13   -0.6693223388546641   4.503891766739082e50
955.93   14   -0.6693252138086526   0.00044540497752394975
