0.0   0   -0.6693621741531687   0.028090393131766568
0.0   0   -0.6693586453865396   0.00014939518022515766
0.0   0   -0.669359307689289   0.00015301167555391415
479.37   1   -0.6693589397534423   8.874846534740385e-5
1000.57   2   -0.6693598150466971   0.00021452126134248876
1392.41   3   -0.6693603709531811   0.00035448149208417145
1947.57   4   -0.6693632561076319   0.0003575110537944984
2483.9   5   -0.6693654334928194   0.00029741694393455893
2875.77   6   -0.6693664944548166   0.00024078956501449568
3269.64   7   -0.6693672307377666   0.00013575674520310203
3860.09   8   -0.6693684322084227   0.0005569865867646319
4253.96   9   -0.6693701177501592   0.00022690357884359874
4664.7   10   -0.6693712274782407   0.0001565177327612197
5059.69   11   -0.6693726348473533   0.00014419322994277576
5766.05   12   -0.6693753742833469   0.0003057118276540738
6195.75   13   -0.6693768098377773   0.00017396212558324985
6590.13   14   -0.6693775893120829   0.000566364043278914
7001.28   15   -0.6693795023027254   0.0001611621066778438
7394.83   16   -0.6693802073868851   0.00020895325293266033
7807.51   17   -0.6693808312097758   0.00014622941052820762
8201.6   18   -0.6693825310359098   0.0003236813431766591
8661.6   19   -0.6693827553537309   7.727073661896022e-5
9057.71   20   -0.6693844443023931   9.026656108442575e-5
9722.78   21   -0.6693863905357958   0.0003065747357696748
10201.08   22   -0.6693914761701086   0.000501894040318249
0.0   0   -0.6693913958534818   0.000513023292094359
