0.0   0   -0.5001658122264288   0.0013532373954243246
133.93   1   -0.5869010295704526   0.006091350785054583
309.45   2   -0.6473603693425394   0.006693235612764246
0.0   0   -0.6691682651041875   0.009927635694760377
0.0   0   -0.669177886072959   0.0013627651661665453
90.88   1   -0.6691837448963641   0.000583838338579909
214.31   2   -0.6691869246040342   0.0006459014510356226
0.0   0   -0.6691869086385848   0.0006455248075488543
91.26   1   -0.6691885065151151   0.0003851164264370261
246.15   2   -0.6691963557698077   0.0011069112056435154
380.27   3   -0.6692020859325247   0.0006795969653279282
561.53   4   -0.6692264804050818   0.0017284160686823306
700.74   5   -0.6692543236098467   0.00039764074518250467
840.83   6   -0.6692599658515259   0.0003399793307118336
979.06   7   -0.6692694044622584   0.0002696464321164288
1122.14   8   -0.6692769325468665   0.0005426522778587461
0.0   0   -0.669327914366151   0.0008264210540953139
86.44   1   -0.6693274070666684   0.0009271284315689776
207.17   2   -0.6693325471400131   0.0011100501072142089
326.68   3   -0.6693432698005743   0.0007170908065459229
460.64   4   -0.669367893659441   0.0011022254131871265
636.51   5   -0.6694093984483922   0.0023814098360836395
774.61   6   -0.669432509440376   0.0006173212865648314
908.04   7   -0.6694393782272707   0.0011915211430241737
1044.54   8   -0.6694507014523328   0.0007780422420009977
1179.83   9   -0.6694537805219464   0.00030102403683954834
1372.32   10   -0.6694636499128743   0.0011668625180234358
0.0   0   -0.6694635878159094   0.00117709751940598
93.3   1   -0.6694654912858092   0.0003838892075377215
281.13   2   -0.669473907290078   0.0005619826856801634
375.33   3   -0.6694769379930178   0.000572235107759448
516.13   4   -0.6694859060183184   0.0014537517541868459
642.71   5   -0.6695019749496318   0.0008238340728709458
775.02   6   -0.6695163802576877   0.0005352391146994088
905.29   7   -0.6695265875404408   0.0004215489507701231
1026.36   8   -0.6695316070123873   0.0006087781758226736
1197.99   9   -0.669548535349695   0.001996254512238378
1336.57   10   -0.6695769980759183   0.0009779707336577547
1477.0   11   -0.6695876879934318   0.0005515273447750883
1601.55   12   -0.6696024309724239   0.0015949563234848644
0.0   0   -0.6696024548984684   0.0016228569868394773
92.81   1   -0.6696072853680599   0.0006490115937510698
276.51   2   -0.6696104625252862   0.0013503482243123752
400.97   3   -0.6696180269927772   0.0005502456166105169
531.82   4   -0.6696228853598226   0.0010016079824677955
666.79   5   -0.6696264736025805   0.0005713119579918797
835.52   6   -0.6696383585348622   0.0023460276631716436
969.94   7   -0.6696472017733359   0.00047944271609873246
1074.18   8   -0.6696514541122799   0.0005574056671527346
1211.33   9   -0.6696648299007979   0.00038388080231814775
1348.18   10   -0.6696807960333068   0.0009630755286998841
0.0   0   -0.6693191025271986   0.0006624525884785237
0.0   0   -0.6693291086828062   0.00040634308661836177
96.45   1   -0.669330336326255   0.0007674742583438035
269.17   2   -0.6693365813589593   0.001233867891887898
403.08   3   -0.6693492371541637   0.00037615214584065985
538.65   4   -0.6693658182774255   0.0020753687393424386
0.0   0   -0.6693658481223805   0.0020979164042541007
0.0   0   -0.6693658149412728   0.0020972673731750073
0.0   0   -0.6693657991181419   0.002096945679992201
90.49   1   -0.6693727485864007   0.0008893781664340935
224.99   2   -0.6693757259655704   0.00021409633978513969
345.94   3   -0.6693785326826363   0.0004623478742406643
483.03   4   -0.6693831211493003   0.0003505253272597563
0.0   0   -0.6693850532148741   0.00034134823580239497
93.25   1   -0.6693856061767774   0.0007112454662733045
220.26   2   -0.6693904272022052   0.00045097370234305423
359.76   3   -0.6693939403828134   0.0004336833961456118
542.07   4   -0.6694096075479942   0.0010360110873502684
