0.0   0   -0.501174957589169   0.004940181886472678
47.09   1   -0.6354318358898424   0.028781525079371498
59.59   2   -0.6435169475074801   0.02507400417865046
75.59   3   -0.6601594979078483   0.0014205037088383587
96.63   4   -0.6602248276664411   0.00031354875145664753
119.75   5   -0.6602369086235902   0.0006339986504101588
156.24   6   -0.6602783262742654   0.0023719459038205395
257.45   7   -0.6610052610012983   0.005099402810173672
267.81   8   -0.6613583019564274   0.004367101805289526
280.68   9   -0.662634448883171   0.0028212184813926435
298.05   10   -0.6634896946219243   0.006364094332058241
317.47   11   -0.6641621788410305   0.004544316205065461
0.0   0   -0.5011749575891695   0.004940181886363825
48.76   1   -0.6354318352034005   0.028781525166763383
62.21   2   -0.643516948938932   0.025075159727346877
74.85   3   -0.6601595058035484   0.0014141814391430583
91.0   4   -0.6602248357770891   0.00031293290467407803
109.25   5   -0.6602370690945032   0.0007329010662125222
134.49   6   -0.6602787639519608   0.002488420130306937
234.85   7   -0.6611406985513129   0.005599217411316892
266.06   8   -0.6615052094084933   0.0035240862161304842
