0.0   0   0.43616812984654785   0.1073308806083912
15.49   1   -0.07691556416563079   0.14259078407060846
25.27   2   -0.29662669477596715   0.10985090826116606
38.63   3   -0.40123812697345757   0.07054868151777359
51.44   4   -0.4596683411235196   0.057204138023181014
69.53   5   -0.5141126431661945   0.03472875015319746
83.15   6   -0.5370502560886946   0.05497709764442087
98.24   7   -0.5810618141607355   0.24426100236446874
215.69   8   -0.5810615805220163   0.24564511685442753
243.72   9   -0.5821519781151213   0.04015176514975361
256.9   10   -0.5923563630691655   0.0275327162857681
265.84   11   -0.6026401599430673   0.02788287292284733
274.62   12   -0.6110927909257453   0.2261621474433799
344.25   13   -0.6110928062850894   0.01958686324281673
362.85   14   -0.6123362848559407   0.016287294532421028
377.06   15   -0.6212561844866815   0.015193122720731712
391.91   16   -0.6302069602056053   0.19180303847628363
439.59   17   -0.6302284578215627   0.01509544869347475
458.39   18   -0.6321527484332601   0.009870866846976547
473.39   19   -0.6347386079631249   0.0060028983708302446
483.0   20   -0.636035191383711   0.005804343897327287
497.63   21   -0.6366756481017871   0.23961896751372538
521.59   22   -0.6366768576808393   0.002163442423101224
539.68   23   -0.6367129250151418   0.0020951179270442166
554.07   24   -0.6369272998858351   0.0019123464195184528
563.97   25   -0.6370044389166113   0.20320133067532728
586.98   26   -0.6370045688547843   0.0016632905127758736
600.94   27   -0.637061980948932   0.0012672628641622065
610.25   28   -0.6370762485571883   0.0016559836275246193
629.13   29   -0.6371713189604777   0.001546181424217672
643.51   30   -0.637246620866131   0.001540759266941875
658.24   31   -0.6373014781987638   0.0011696917713007278
677.34   32   -0.6374196998439408   0.0011459756494774406
686.77   33   -0.6374221052231767   0.0012442893279634621
696.35   34   -0.6374306740773473   0.218144955846848
711.63   35   -0.6374308038371505   0.0011693209234736501
726.17   36   -0.6374344007810331   0.0011374769183702606
734.93   37   -0.6374508773277578   0.0014534610471169983
748.63   38   -0.6375675201359985   0.0011405565441898566
759.27   39   -0.6376262965790316   0.0008371985877018092
769.66   40   -0.6376403533497941   0.18780147630372268
802.22   41   -0.637640053589772   0.0007934666757355962
811.91   42   -0.6376618501580481   0.0007501775454345994
822.78   43   -0.6376645224465912   0.1733817179340996
832.48   44   -0.6376646446229806   0.0008436900268722912
842.38   45   -0.637672073250706   0.0004899816521918642
862.31   46   -0.6376744926888217   0.0005321563932831402
873.7   47   -0.6376868719114823   0.18887474050650765
888.23   48   -0.6376879661639676   0.0005231346298962881
911.44   49   -0.6376903273607188   0.0005558051631022637
926.01   50   -0.6377033163716491   0.0009195026902809459
939.83   51   -0.6377266757275182   0.0003953533942709978
953.17   52   -0.6377331462116115   0.00023718714041010027
966.9   53   -0.63773683018751   0.00022924860853274114
979.87   54   -0.6377410770443595   0.00023532040374477016
989.08   55   -0.6377418491600242   0.00027441249729097937
997.7   56   -0.6377437188195623   0.0003139902147745333
1007.21   57   -0.6377514924254638   0.000497397600752992
1021.56   58   -0.6377598909647301   0.0002907100704605715
1036.59   59   -0.6377767301116322   0.0003010681476682063
1055.4   60   -0.6377918208479116   0.0003974560108832393
1080.8   61   -0.6377929104556029   0.0004846644781946404
1096.49   62   -0.6378523111808801   0.21215900187718678
1123.38   63   -0.6378548505374496   0.2040779979595852
1165.74   64   -0.6378582711730375   0.0007087669544057804
1184.47   65   -0.6378878302479665   0.0005521194988116102
1193.59   66   -0.6379057755088354   0.0006701370405247744
1216.7   67   -0.6379288965096861   0.0011323889783449526
1226.5   68   -0.6379461875592755   0.001257693624352449
1236.57   69   -0.6379753903963717   0.0010637188379728846
1269.51   70   -0.6379998015106421   0.001245092167355741
1283.82   71   -0.6380797982488737   0.0006585422977168663
1310.77   72   -0.6381272164703392   0.0007393258444343936
1338.33   73   -0.6382269366802881   0.21912379404027332
1348.19   74   -0.6382319364312109   0.18215764689835323
1419.7   75   -0.6382322961613462   0.0005778418718059286
1468.18   76   -0.6382388288502118   0.0010983211840151713
1477.49   77   -0.6382619451098697   0.0011991980093359752
1502.43   78   -0.6382915835539035   0.21045965891112314
1578.26   79   -0.6382909801676477   0.0008983685353530298
1594.89   80   -0.6382976676241235   0.0007771451068773066
1605.61   81   -0.6383082682182274   0.0007121439487071218
1627.67   82   -0.6383432050491507   0.0005545234206474705
1638.63   83   -0.638344799144656   0.22205598877272312
1662.52   84   -0.6383599526774141   0.0005037264177016567
1679.29   85   -0.638370276282105   0.0005587483696510847
1691.45   86   -0.6383716395904059   0.21832541515537057
1735.71   87   -0.6383713995470793   0.0005275298629063629
1745.64   88   -0.638371847817258   0.0005213769457780834
1757.15   89   -0.6383899480753932   0.22211375986131682
1783.78   90   -0.6383902576583441   0.000790024033949857
1799.42   91   -0.6384010550314081   0.0006238292252448819
1809.62   92   -0.6384094322385839   0.000910541343241946
1819.84   93   -0.6384284814839182   0.0009212807184902482
1835.66   94   -0.6384466734893549   0.0007975078947347455
1846.1   95   -0.6384602824689557   0.0007384432670103993
1886.56   96   -0.6384803239699168   0.0008556836590477135
1898.07   97   -0.6385726190977097   0.0010967004000030907
1910.18   98   -0.6386220922687074   0.0013262021134398082
1944.61   99   -0.6386337839662161   0.001426305495189964
1963.18   100   -0.6387175663204326   0.0007994654703191008
0.0   0   -0.6387175663095512   0.21888460286949993
77.5   1   -0.638718013501969   0.23572075398675105
98.28   2   -0.6387178947377445   0.2503467197518644
114.44   3   -0.6387178947328099   0.26219533858672733
0.0   0   -0.6387178947433462   0.21048788937894372
639.59   1   -0.6387177459973757   0.2830516400530335
780.03   2   -0.6387191096537757   0.19885185039735442
841.64   3   -0.6387186890266625   0.0033213621191707154
966.92   4   -0.6387187214582641   0.234383363064949
1061.18   5   -0.638721424920307   0.26717271779190216
1248.27   6   -0.6387211870735985   0.26307799721328196
1475.25   7   -0.6387206344663441   0.0032187650142623822
1539.95   8   -0.6387207058182869   0.28372434194656715
1705.16   9   -0.638741371979096   0.004511627669324959
1833.12   10   -0.6387413731655273   0.33560300920577885
2023.06   11   -0.6387532364154159   0.0067939487439825814
2077.57   12   -0.6387536087260123   0.006766925344226308
2220.39   13   -0.6387981331315066   0.2345942607129825
2498.59   14   -0.6387976442628528   0.005893203574563988
2672.87   15   -0.6388094259404004   0.20959064082277876
3123.5   16   -0.6388087997719891   0.2350398067292438
3237.23   17   -0.6388083449643309   0.0034353103911743477
3331.82   18   -0.6388094439486791   0.2592605405853155
3423.73   19   -0.6388096776203337   0.22840946157785613
3488.34   20   -0.6388092512072251   0.0032808163551923124
3566.18   21   -0.6388094592413882   0.2831722897850686
3642.33   22   -0.6388095047868447   0.202621102543745
3848.23   23   -0.6388094714671457   0.0037721155271682994
3974.4   24   -0.6388118096756833   0.0030641879526999813
4142.25   25   -0.6388175896372477   0.23143249469910193
4197.74   26   -0.6388171088966969   0.2823121422663061
4252.92   27   -0.6388176419058028   0.24548460793767307
4479.41   28   -0.6388181982942934   0.2676032960368592
4802.14   29   -0.6388176161277739   0.2618484591148992
5255.51   30   -0.6388175686538721   0.269871064695844
5388.51   31   -0.6388175558869321   0.22013475866671522
6017.96   32   -0.6388169301136241   0.21666174828178128
6627.69   33   -0.6388163726310793   0.002935730202797156
6790.41   34   -0.6388311520972043   0.0026498936226652964
6864.53   35   -0.6388460208613111   0.0023132216718573066
7020.35   36   -0.6388563638559003   0.19292806484309538
7311.34   37   -0.6388576073858707   0.21977386797470294
7473.81   38   -0.6388574451493343   0.2535375344676855
7519.21   39   -0.6388631781752675   0.002924577916044179
7704.49   40   -0.6388641068459706   0.2658900340470598
8075.27   41   -0.6388638594251049   0.2479914611520529
8151.95   42   -0.6388633576128788   0.006091000516436136
8289.18   43   -0.6388653311251402   0.006030256444328515
8329.66   44   -0.6388746030829004   0.004254214860404817
8420.04   45   -0.6389004290270358   0.004346270109221768
8483.44   46   -0.6389235925094208   0.00635985914808586
8526.03   47   -0.6389720516938415   0.2280474312925132
8728.08   48   -0.6389715524963049   0.1946579181846757
8933.44   49   -0.6389713011915149   0.004937781256455285
8982.01   50   -0.6389728537073415   0.004910944023781259
9075.9   51   -0.6390028432842473   0.004226135911989832
9195.64   52   -0.6390116498999789   0.005322911010727326
9396.46   53   -0.6390238234185709   0.27619429739114637
9460.93   54   -0.6390267011141264   0.24069879905268568
9739.43   55   -0.6390266255150766   0.20081753710053873
10181.51   56   -0.6390266255006254   0.22976627143484787
10875.82   57   -0.6390263648232515   0.23470863881292317
11199.22   58   -0.6390263637750283   0.23484937088148566
11825.65   59   -0.6390261538965382   0.24070857136517634
12170.06   60   -0.6390257698601605   0.23588036996851652
12319.5   61   -0.6390257602956062   0.23521235613189012
12444.76   62   -0.6390257597835526   0.0046563828980074155
12463.17   63   -0.6390304488439585   0.004374040256246217
12499.08   64   -0.6390312067313308   0.004498882987878236
12513.36   65   -0.6390313747714084   0.004698963628806014
12628.52   66   -0.6390309790022629   0.2385188239748411
12706.77   67   -0.6390350175360294   0.006143825974748772
12735.66   68   -0.6390685763278806   0.0026157100645909526
12760.22   69   -0.6390844469073778   0.002433616087788311
12785.13   70   -0.6390937993123417   0.1904888268388338
12819.26   71   -0.6391012219450748   0.2815419926740823
12952.54   72   -0.639100585593988   0.002465254108743454
12969.75   73   -0.639101378979575   0.001964790697693003
13005.9   74   -0.6391084070758403   0.0020228499694124997
13148.23   75   -0.6391307204869782   0.26388289429010703
13323.34   76   -0.6391301678356265   0.2726883109167412
13361.47   77   -0.6391299007783234   0.24211208337872756
13401.73   78   -0.6391298878320154   0.23536391712059876
13555.48   79   -0.6391298656588498   0.23405643994424133
13763.35   80   -0.6391298357127808   0.21770941725621223
13832.06   81   -0.6391316845398098   0.009636036373608119
13859.65   82   -0.6392786468601046   0.00564844622361918
13870.86   83   -0.6393107001985799   0.0033300911434478355
13886.9   84   -0.6393296376568676   0.0024839587762845723
13902.57   85   -0.6393605562284848   0.004858113659843296
13919.7   86   -0.6394244238746761   0.007916203420493133
13936.99   87   -0.6394822001410335   0.005440944067394602
13960.33   88   -0.6397793736383163   0.006925133503083482
13972.97   89   -0.6399597147380227   0.00883681040593076
13986.55   90   -0.6402179444129745   0.010413108679966513
14000.73   91   -0.6403343905036913   0.0074703468377049645
14013.18   92   -0.6404368515568175   0.004183537674993191
14029.59   93   -0.6404799561818203   0.00414325959268713
14047.42   94   -0.6405482064097994   0.0034042515834526803
14058.76   95   -0.6405845540627759   0.2688771880339266
14082.61   96   -0.6405841536411705   0.0026310590902265014
14093.12   97   -0.6405848546042348   0.00225737607438237
14109.94   98   -0.6406173860657003   0.002318539724060282
14126.7   99   -0.6406488326470391   0.0022588398007577265
14143.46   100   -0.6406747411173161   0.0035317695736368174
