0.0   0   0.444276373431843   0.012307256031816555
98.6   1   0.25290099448015846   0.07065828962111136
184.35   2   -0.008862414159226728   0.028317045832449993
247.47   3   -0.26152448712910226   0.15807753938381866
327.04   4   -0.26355227615159804   0.14787108530573576
895.69   5   -0.2635521247281385   0.02020325053058044
959.86   6   -0.3030008450632744   0.17083389417042272
1481.41   7   -0.3030006310595884   0.01894387701584073
1558.09   8   -0.30611185613625413   0.017652860804103377
1705.83   9   -0.38688709707523755   0.025965366183355133
1747.04   10   -0.4757215556868683   0.01194441538528243
1868.02   11   -0.5193961170397959   0.005137666138259341
1933.05   12   -0.5556574087241134   0.0034775428450520246
1998.57   13   -0.5828387755500425   0.005214096452142246
2067.54   14   -0.6086665660478505   0.004311634505217292
2142.34   15   -0.6191206575302491   0.10561078041196065
2447.83   16   -0.6191201971901302   0.001680394887480094
2489.28   17   -0.6192236368262398   0.0016879890333674533
2618.29   18   -0.6234092824965923   0.0042025415139188595
2684.45   19   -0.6328709208631998   0.002097160818788843
2727.23   20   -0.6349302962021175   0.000975240663321374
2789.28   21   -0.6354667365338162   0.0007297908079373458
2871.99   22   -0.6360230878296231   0.0006913244416637748
2935.07   23   -0.6366565739588957   0.0004512434069635101
3000.29   24   -0.6369803813208457   0.0003748358211601324
3064.47   25   -0.6374070099456984   0.00036865656990372054
3106.61   26   -0.6374112597253767   0.10106799124691468
3147.85   27   -0.6374179826423728   0.0003700448116121849
3192.64   28   -0.6375352292769326   0.12976785952378064
3350.89   29   -0.6375352773005486   0.000442730423377661
3392.05   30   -0.6375495173079447   0.0003905462755109001
3432.63   31   -0.6375820566609568   0.00034892832369633436
3474.73   32   -0.637787318954022   0.14848533237018213
3745.75   33   -0.6377869576484072   0.00038580694332416676
3863.38   34   -0.6378060370091004   0.00021826178136445432
3923.32   35   -0.6379254263668939   0.00038539056257821936
4019.41   36   -0.6380363492638256   0.0006079191426151555
4060.85   37   -0.6381030875793603   0.11020327969277015
4121.43   38   -0.6381099355348244   0.00037411355187785415
4179.12   39   -0.6381985910994878   0.0003976563293576411
4223.11   40   -0.6383448924279498   0.00030655840422537774
4288.02   41   -0.6386794052430252   0.0005796307231834882
4331.77   42   -0.6388878620790666   0.00042802971226309043
4393.28   43   -0.6390715832548789   0.0003868414586710547
4435.07   44   -0.6390889446116773   0.14293281934157526
4546.81   45   -0.6392337874923126   0.00045591412977231895
4668.43   46   -0.6393140463085815   0.00025969799636847674
4731.76   47   -0.6394890320918479   0.0003760888162392908
4776.37   48   -0.6394920065325296   0.0003237307495506803
4821.82   49   -0.6396897571134975   0.00037564270316791466
4866.99   50   -0.639704516126749   0.00041104171542280933
4907.23   51   -0.6399830831579871   0.1389681879175605
5131.36   52   -0.6399827160957438   0.0002917891441914705
5170.83   53   -0.6399856370172307   0.14711997664322146
5243.16   54   -0.6400394026427328   0.0003428812153766577
5327.5   55   -0.6400395978732757   0.15212707819425464
5367.69   56   -0.6400433471895092   0.00030052905473537753
5447.41   57   -0.6400439277484243   0.0003044023381643046
5513.53   58   -0.6400486838687132   0.0002620363291479299
5558.0   59   -0.640057547084607   0.00030967424527669323
5620.04   60   -0.6402250930134181   0.0004709784016625681
5684.53   61   -0.640431716123787   0.0005673873326179316
5747.28   62   -0.6406887138468453   0.0005079094319151485
5788.64   63   -0.6407945619226699   0.0004805286466693158
5832.25   64   -0.641027720226564   0.0003254350661084478
5987.32   65   -0.6410287977761492   0.00031575600954292785
6070.95   66   -0.64106565387562   0.0002849291224422358
6154.28   67   -0.641095052810938   0.10523815538921427
6335.7   68   -0.6410944643903107   0.000360242973965577
6398.1   69   -0.6411116420892158   0.11093563539996211
6724.26   70   -0.6411129626828803   0.12073189428946081
6972.01   71   -0.6411127248102924   0.00018502592863950846
7167.37   72   -0.6411218843546881   0.1322769388219832
7516.71   73   -0.6411217770144891   0.0002981116273834785
7556.87   74   -0.6411320990226259   0.00022480064639165693
7600.89   75   -0.6411475665229325   0.00022848886288706684
8045.03   76   -0.641150626581055   0.00022431000144397498
8093.38   77   -0.6411529867965635   0.0001970654200673416
8137.41   78   -0.6411826331782393   0.00018733824307625864
8177.2   79   -0.6412471355779459   0.00021758519141625398
8238.06   80   -0.6413518020637899   0.00015702851831274516
8306.77   81   -0.6416015680435511   0.0002612793114640972
8351.9   82   -0.6417625465013561   0.0003628140602275782
8420.15   83   -0.6420027557918604   0.0002059997929794635
8488.12   84   -0.6423192911478519   0.11164224761363048
8733.32   85   -0.6423192707359859   0.0002185510446846432
8772.73   86   -0.6423359705875132   0.00018037334227678306
8812.4   87   -0.6424167719249787   0.0002462393684525473
8873.84   88   -0.6426109705817344   0.0004903262781080081
9236.27   89   -0.6426371578555921   0.00040288344502884406
9869.12   90   -0.6426367537112415   0.11862329304209868
9966.59   91   -0.6426448197062522   0.0003476110443889238
10027.27   92   -0.6426456729628359   0.16815643168731106
10166.3   93   -0.6427022922525935   0.00030509662861424115
10207.46   94   -0.6427022975917385   0.10480969881401936
10249.94   95   -0.6427109238158712   0.0003191278971154881
10328.35   96   -0.6427109277391035   0.14191510594483317
10642.03   97   -0.6427112970806184   0.16884208404548723
11017.06   98   -0.6427108341307024   0.11612916815095167
11092.84   99   -0.6427102469868516   0.13652442400806655
11285.92   100   -0.6427098097182463   0.13826738530488045
0.0   0   -0.6427098097168219   0.12555028532061968
525.07   1   -0.642709469573921   0.005127350760334499
623.22   2   -0.6427096030257842   0.11629325600213494
671.77   3   -0.642709652761315   0.15430261999249206
774.31   4   -0.6427095415113399   0.1332446713633157
1017.06   5   -0.6427095154422359   0.005124763828210118
1130.16   6   -0.6427097305085828   0.14363579950457894
1181.43   7   -0.6427092772036919   0.13383343186693453
1217.89   8   -0.642709303515831   0.11010718701778403
1298.94   9   -0.642708708667421   0.14537159766344915
1340.98   10   -0.6427086983115607   0.13070074165062823
1512.77   11   -0.6427081048493728   0.1591095962439057
1558.25   12   -0.6427081459999754   0.005189286591484914
1783.19   13   -0.6427084326289815   0.12830566959991216
1892.9   14   -0.6427079041730779   0.10437963992016198
2046.79   15   -0.6427072752820645   0.1208551856772698
2212.17   16   -0.642707226638743   0.1245193484819983
2495.25   17   -0.6427066899233305   0.13169528653698057
2545.12   18   -0.6427066483830752   0.14917314247935998
2685.53   19   -0.6427074457125732   0.00522028895266327
2741.13   20   -0.6427572210863437   0.0026820607903866264
2825.99   21   -0.6428164638996242   0.14645947695154835
3068.76   22   -0.6428163845223896   0.0025458607747607127
3222.51   23   -0.642816484549217   0.002529047796557871
3278.36   24   -0.6428191232964626   0.11258235620386015
3457.86   25   -0.6428189142482773   0.1281368173215436
4051.47   26   -0.6428186086222679   0.002475461634734731
4132.93   27   -0.6428189101422985   0.002499315851402204
4191.04   28   -0.6428406025773715   0.001702042265504909
4247.46   29   -0.6429006560130178   0.0034102111659185153
4332.97   30   -0.6429874952275665   0.003908569156625139
4418.64   31   -0.6430882116756858   0.003231944169525678
4504.21   32   -0.6432584356559968   0.0038933824985505914
4595.59   33   -0.6434372351986919   0.0031784329855826733
4696.6   34   -0.643522279572582   0.004151109735404519
4779.95   35   -0.6435983395774421   0.003467112811301153
4865.13   36   -0.6437070979622207   0.0029228833506315306
4952.41   37   -0.6438226818133806   0.003402090615573414
5045.91   38   -0.6439117247070965   0.004258588620507706
5107.5   39   -0.6440878738618204   0.003955389444104102
5168.71   40   -0.6441709370657249   0.0022668821271986587
5252.07   41   -0.6442759412644019   0.008577958264924058
5343.21   42   -0.6444372601687304   0.002257037668643326
5447.1   43   -0.6445509583135385   0.003333729342677092
5547.83   44   -0.6446961580274719   0.0020984179389246485
5638.02   45   -0.6447941276937825   0.002400275557664207
5729.47   46   -0.6449068232122471   0.0023034213447406977
5820.33   47   -0.6450205235724424   0.003681638617651981
5951.09   48   -0.6451566234231458   0.0027875321868042623
6012.28   49   -0.6452239680607834   0.003347200071443149
6105.86   50   -0.6452873366275416   0.0023090319812830544
6202.9   51   -0.6453275523667211   0.002072532602118728
6306.98   52   -0.6453970061104409   0.0019356956921087762
6405.21   53   -0.6454388521915924   0.002359085944315565
6506.3   54   -0.6454674413831631   0.0017917267571187947
6600.9   55   -0.6455023038540044   0.0016067544041949023
6697.25   56   -0.6455467852634231   0.0016619120252234867
6800.15   57   -0.6455744386552639   0.0016860442520650668
6923.61   58   -0.6456065564832295   0.0018699899365308607
7030.36   59   -0.6456391205345889   0.0022105125743368324
7124.07   60   -0.6456706901038548   0.0013330984962207821
7225.19   61   -0.6457142091371157   0.0013159817354868942
7333.63   62   -0.6457491223205429   0.0012892146219924976
7428.85   63   -0.6457777631779751   0.0019422860023851287
7524.63   64   -0.645809025561895   0.0015982444681955847
7615.9   65   -0.645838307325587   0.0011332436955880983
7706.92   66   -0.6458749947528405   0.0019541628228887616
7799.81   67   -0.6459215167429743   0.001442606588903758
7892.01   68   -0.6459604765765083   0.0016454900719411367
7983.87   69   -0.6459882698260564   0.0015899179331630312
8073.44   70   -0.6460141865119808   0.0012530667370609521
8169.18   71   -0.6460379131084261   0.002170631327829919
8270.67   72   -0.6460664689653703   0.001295572036585307
8360.16   73   -0.6460929126711172   0.0014481778348163698
8446.33   74   -0.6461258119106329   0.001402555277516146
8509.28   75   -0.6461406363513649   0.0017191579994742957
8593.09   76   -0.6461571691034548   0.0014479599412269364
8676.68   77   -0.6461796288069237   0.0013349295443293547
8762.47   78   -0.6462012397403776   0.0010833708305443893
8853.73   79   -0.6462199204555825   0.0008888761754863413
8944.46   80   -0.6462355631319042   0.0015626688973839542
9035.68   81   -0.6462458548638627   0.0009346477262269424
9125.28   82   -0.6462629836931268   0.0010088516446540587
9208.13   83   -0.6462873765335315   0.001090097360342499
9295.04   84   -0.6463002965472711   0.0012228925188441481
9385.45   85   -0.6463126764982062   0.0008570726167278627
9496.28   86   -0.6463231454749935   0.0013885803709545134
9592.91   87   -0.6463355768053807   0.0010082617770981613
9684.94   88   -0.6463451407288064   0.0008930462417383686
9775.44   89   -0.6463551868522398   0.0009560330970605964
9871.18   90   -0.6463712651507543   0.0008829023811738621
9961.86   91   -0.6463818267058012   0.0009759460006544334
10069.49   92   -0.6463914789449972   0.001252579629066467
10190.45   93   -0.6463998471270318   0.0007911142521592908
10306.62   94   -0.6464087267798395   0.0006627207432401967
10393.55   95   -0.6464194928264455   0.0008986785873823604
10447.44   96   -0.6464248204771473   0.19647267325800766
10568.94   97   -0.6464247720834697   0.000820668574952077
10619.85   98   -0.6464249958385823   0.0009674689067422638
10670.7   99   -0.6464261197608869   0.0004790047677539471
10723.59   100   -0.6464311412783124   0.0008445609388377463
0.0   0   -0.6464311407171354   0.15819829930677412
575.94   1   -0.6464306936286202   0.15091172094719538
656.67   2   -0.6464306464983733   0.11483996683028269
745.76   3   -0.6464306131776448   0.11012751074228438
912.09   4   -0.6464306084576614   0.18110663535897192
1027.29   5   -0.6464306469758752   0.1745922603933073
1149.41   6   -0.6464305260124101   0.12448879365983519
1664.72   7   -0.6464302218169439   0.11274988393691876
1822.66   8   -0.6464299017502916   0.17232917694737382
1879.21   9   -0.6464299017112775   0.12851187025883454
2188.64   10   -0.6464297563451321   0.1222572567558115
2989.53   11   -0.646430873919153   0.18373663420251551
3076.3   12   -0.6464313889468876   0.0011224659404199912
3185.8   13   -0.6464314141231761   0.13300212436681122
3951.16   14   -0.6464315758872183   0.18450046686346983
4816.32   15   -0.646431564460791   0.17704547786898214
5101.32   16   -0.6464312270428164   0.13312774283772302
5190.39   17   -0.6464313223572719   0.1613728341376262
5334.87   18   -0.6464308704702599   0.11175791242328545
5390.94   19   -0.6464307087518049   0.15195218154648094
5445.53   20   -0.6464307978328901   0.18039433253700848
5500.14   21   -0.6464308560756391   0.1840540896233742
5774.41   22   -0.646432090562234   0.0009146029726970893
5829.97   23   -0.6464321524458471   0.17601536642361
6054.82   24   -0.6464316253455813   0.1491860043308322
6190.3   25   -0.6464310490517587   0.14500068893909235
6819.76   26   -0.6464308540235354   0.17012062098418987
6865.76   27   -0.6464306808882065   0.14699731750225806
7075.73   28   -0.6464302271386658   0.1928492139107776
7189.28   29   -0.6464312120606479   0.001044006558436011
7236.27   30   -0.6464312187090301   0.15305108579421361
7287.94   31   -0.646433395816893   0.0007528799455040837
7521.5   32   -0.6464333821943599   0.18199622958049755
7686.96   33   -0.646433382538904   0.16057893155574163
7738.27   34   -0.6464333831641618   0.1773497867343924
7787.23   35   -0.646433383108653   0.135109408194093
7935.4   36   -0.6464333831650375   0.12112248052282246
