0.0   0   -0.3300341088893731   0.3014171415508425
138.44   1   -0.33003379947718436   0.011653186873036235
172.25   2   -0.33019440163385677   0.004065291482680999
181.71   3   -0.3302148924419187   0.003829539977995737
195.03   4   -0.33022805136857036   0.2784115725900239
216.04   5   -0.3302280574734519   0.0017743359083793203
224.6   6   -0.3302280611740942   0.001775868624043311
246.52   7   -0.3302306577226978   0.004897132616332438
255.41   8   -0.3302326419769651   0.3812017082454094
277.95   9   -0.33023452232359796   0.0016701248065047506
286.24   10   -0.33023662813692534   0.0018087702297232924
294.92   11   -0.3302405924782964   0.3762418296767676
317.77   12   -0.33024056223646314   0.0030577468148014746
331.07   13   -0.3302477978151737   0.002886751810030417
343.52   14   -0.3302632908945808   0.002244322733737267
356.15   15   -0.33028830210569454   0.002542470497510366
364.8   16   -0.33029309212286184   0.30986996823468715
373.93   17   -0.3303024055668585   0.0014429222297617486
387.23   18   -0.33030334946783413   0.0014779112902452399
395.75   19   -0.3303066695351403   0.38610010207563106
404.6   20   -0.33030809614058976   0.31459328946889853
435.18   21   -0.3303078859896107   0.0015539711670955589
447.51   22   -0.33030878694444593   0.0011442474118769463
455.8   23   -0.3303092939165596   0.0012005788966045201
469.06   24   -0.3303115017314409   0.0011939877404072976
482.05   25   -0.33031426990721713   0.384644213301342
490.49   26   -0.33031401205654604   0.001113044545432233
