0.0   0   -0.5001863078417154   0.025252386469916413
13.06   1   -0.50115804394905   0.02493580508002083
51.65   2   -1.828912915037667   0.38971611914170246
64.97   3   -1.848971880463656   0.48692282538717263
77.7   4   -2.0231281278322077   0.035320239698714284
90.39   5   -2.025089001291237   0.04100826222211948
116.14   6   -2.028701307973502   0.04164905951476935
134.92   7   -2.0309108102391082   0.009500941542707166
152.81   8   -2.031213230420672   0.00968172347198085
170.8   9   -2.031257610219236   0.0007667358476899452
187.63   10   -2.0312602363651746   0.0002429723388702206
208.77   11   -2.031261794965828   0.0011806256502118564
231.76   12   -2.031279931152879   0.0023164637836396423
250.28   13   -2.0312868656985517   0.001157229982416204
268.22   14   -2.0312896710793837   0.0006338927596174654
284.75   15   -2.031290298539763   0.00021417771147921335
302.31   16   -2.031290497171211   0.00016593531621495947
0.0   0   -2.031290497171212   0.0001970820099590169
10.76   1   -2.0312905117640705   2.4427762012919325e-5
39.87   2   -2.0312905162723736   0.00010136552311550717
0.0   0   -2.031290516272373   0.0001025544448184734
11.69   1   -2.0312905203100238   2.0661104945352465e-5
34.03   2   -2.031290521446007   4.736798456200625e-5
0.0   0   -2.031290521446007   4.8558938088810596e-5
2.92   1   -2.0312905224274402   3.0169690905976204e-5
7.14   2   -2.0312905230916334   3.155929710348087e-5
0.0   0   -2.0312905230916347   3.275134100038768e-5
2.92   1   -2.0312905234490817   4.49835006470219e-5
7.33   2   -2.0312905245259545   2.653360817990576e-5
0.0   0   -2.0312905245259536   3.148079568843016e-5
2.84   1   -2.0312905248051534   4.892785012778577e-5
7.0   2   -2.0312905260894034   2.273860758630218e-5
