0.0   0   0.2814726928956451   0.08906726943484763
22.37   1   0.2784678765909525   0.01784362044813032
39.92   2   -0.218525980191187   0.004631627317915422
53.41   3   -0.27552983492733063   0.005096830777671149
66.97   4   -0.30275235608823914   0.0033525615168659827
94.3   5   -0.3151231496797267   0.003472436069171412
111.7   6   -0.3416669913911725   0.0035540335092622763
134.37   7   -0.3534788101376229   0.0019226972703109938
198.39   8   -0.3549265743945363   0.24910347839186783
284.0   9   -0.35492657105394243   0.0017969783006742451
383.13   10   -0.35590697007441496   0.2453195510086294
487.37   11   -0.35590672457052075   0.22347485565148356
496.06   12   -0.3559067827477883   0.001253413685935188
520.09   13   -0.3559067838612866   0.337792773453353
538.71   14   -0.3569206156513527   0.4131901403381807
569.51   15   -0.35695697555569794   0.0017063772340857213
588.51   16   -0.3573929268652626   0.45618160665728097
609.01   17   -0.35782411408682346   0.2847003383967792
715.89   18   -0.3578239041515769   0.2556766440346466
725.44   19   -0.3580331231854101   0.0014874418270629363
767.68   20   -0.35842539652660477   0.0032069412495104406
777.44   21   -0.35865500037606485   0.2717706355643936
787.09   22   -0.3586884271290368   0.0028175015039944022
809.94   23   -0.3589269053652042   0.0021834034964761818
825.05   24   -0.3602745242904462   0.41505140225372517
847.92   25   -0.3603257586892064   0.4262968595869959
885.87   26   -0.3603507274657075   0.25168668340320116
949.29   27   -0.36035066910829994   0.0007562771915388766
973.15   28   -0.3603510523497533   0.0007389280622528789
986.75   29   -0.3624336991430715   0.0019760948527420717
1001.07   30   -0.3686839505639024   0.26906486929302986
1020.61   31   -0.3688559502363338   0.4301839669906479
1120.53   32   -0.368855947567035   0.0017829005821016894
1142.17   33   -0.36895716551118213   0.4224478151373486
1157.16   34   -0.3692419975724085   0.4307085025297786
1171.74   35   -0.3693185512405248   0.0014984732669736706
1295.69   36   -0.3693215560423351   0.25373519610924467
1530.95   37   -0.3693214111153221   0.0019003853527618235
1590.8   38   -0.3695277379757941   0.32748639294947884
1660.29   39   -0.36952762197190275   0.24759749569100928
1751.41   40   -0.3695274883240307   0.3062540763167365
1847.08   41   -0.3695271901465488   0.0017750078955968748
1906.73   42   -0.3695272427031467   0.001774975796660447
1921.96   43   -0.3695700108496529   0.0017520912419187326
1937.0   44   -0.375211604265262   0.0011034780093335595
1954.19   45   -0.37539525192847384   0.38078343916846624
1964.4   46   -0.3756357566803407   0.47303392875811434
1999.07   47   -0.3759433874196022   0.0008157063166013524
2020.17   48   -0.37608072856048186   0.3175842705342612
2054.25   49   -0.3760854265805999   0.0010053917810318427
2090.72   50   -0.37610112323096356   0.0009528122580372476
2100.26   51   -0.3763018315915752   0.0008804721386904272
2122.47   52   -0.3785727616313217   0.312549966307878
2180.29   53   -0.378572498633467   0.31613482315945624
2209.88   54   -0.37857239262191145   0.0011665905152578788
2224.22   55   -0.3785753856374176   0.36760407879866125
2239.56   56   -0.37857526907291605   0.0012280405800952348
2248.46   57   -0.37857606386792075   0.0012045850783022904
2282.74   58   -0.3786421146019513   0.30093283925518366
2296.49   59   -0.3786843212756047   0.3100574804972409
2338.96   60   -0.37868395405397365   0.0010488325104370984
2502.93   61   -0.37869561191077283   0.22544924709366626
2552.11   62   -0.3787004604146432   0.25349933321466467
2624.52   63   -0.37870008721748233   0.22812315397905517
2668.32   64   -0.3786997306514533   0.0008771397554252042
2685.41   65   -0.37869974625906166   0.296654040309138
2715.2   66   -0.3787011090517045   0.31558982254656387
2771.22   67   -0.3787007368216108   0.2470945778909869
2803.01   68   -0.37870064141447823   0.0008769154214975768
2852.37   69   -0.3787006529461565   0.25589060287813453
2881.34   70   -0.37870745921567167   0.2823707067162334
2889.62   71   -0.3787449621325256   0.379375011695886
2897.72   72   -0.3787650975551012   0.0005750439257879864
2934.8   73   -0.37877155933767137   0.3093232576565234
2948.59   74   -0.3793949838705551   0.0005506365244017733
2966.08   75   -0.3815090249414927   0.1734662089018472
2991.72   76   -0.38152348345014436   0.0007264239156194648
3027.44   77   -0.38190866900628095   0.4361474383733903
3115.43   78   -0.3819083466918551   0.00037134518068612804
3345.64   79   -0.3819208040632344   0.4306260674017842
3354.65   80   -0.38202779973054446   0.0007586070772832979
3396.47   81   -0.38212863310997197   0.0006386281411436849
3420.3   82   -0.38257239698901635   0.0010659079971542358
3463.24   83   -0.38293002249371777   0.2380853571402913
3568.4   84   -0.38292987134177714   0.0005661241875368212
3577.6   85   -0.3830251183770548   0.0002839255821391097
3669.0   86   -0.38310069525306445   0.25393325765090613
3678.07   87   -0.3832313361665681   0.0003227045838164275
3731.32   88   -0.3832384799432189   0.2355371467645029
3752.13   89   -0.38323847298012265   0.0004196283607748735
3761.81   90   -0.3832520355743652   0.00035553285228050044
3780.49   91   -0.3835224615969203   0.4316997451501862
3795.44   92   -0.38362242431788507   0.0002357378903244975
3994.23   93   -0.3836523439115035   0.4281439750195303
4070.05   94   -0.38365234391159175   0.0009974851691211145
4087.84   95   -0.3838555111602428   0.0005675479039350615
4102.0   96   -0.3849870256463639   0.00040839942209424686
4133.88   97   -0.38596511958952906   0.0005046131436303091
4162.27   98   -0.38731704573413045   0.2462369537640763
4171.59   99   -0.3874204265102734   0.00048092870108343993
4194.79   100   -0.3874564695044393   0.4618974465185758
0.0   0   -0.38745646950447693   0.022814171070209072
19.84   1   -0.3880959156400933   0.4666569897213985
92.28   2   -0.3880955459484533   0.300925049095846
144.99   3   -0.3880952798780189   0.018325952026119495
172.29   4   -0.3881073965787504   0.405871670407444
183.11   5   -0.38810745976417865   0.33147674656029347
259.43   6   -0.38810723273369613   0.37924851906892126
269.75   7   -0.3881068540034662   0.019146909333618685
294.47   8   -0.388107361343894   0.2549142765475844
321.52   9   -0.3881206679219518   0.46858917942677364
364.61   10   -0.38812044930215917   0.019979909453091835
392.58   11   -0.38812853724258767   0.3320552635085157
410.05   12   -0.38813466343228503   0.3622066775060828
432.94   13   -0.3881449853060276   0.37518374118753267
532.84   14   -0.38814491829831693   0.5030627974909969
548.86   15   -0.3881498645676206   0.306255968785431
769.06   16   -0.38814985956484177   0.021705811062778455
784.18   17   -0.38815059751922043   0.021757139324497386
799.79   18   -0.38894184587144065   0.3072798361124059
811.09   19   -0.38902661394874877   0.465558692499432
843.06   20   -0.38903889486895016   0.3694696450431778
857.24   21   -0.3890534384698937   0.041014318324085426
874.27   22   -0.38908776320234395   0.36579683553411774
916.89   23   -0.3890890360908547   0.32330979769099627
928.15   24   -0.38908909505453043   0.3416748318574158
976.53   25   -0.38908881673199414   0.04386501062183467
987.23   26   -0.38909009035760045   0.337717098043547
998.26   27   -0.389095936765109   0.38361324033155736
1009.24   28   -0.3890956084353861   0.42231499775800835
1020.04   29   -0.38909654628812573   0.37222623327355764
1030.88   30   -0.38909764283155773   0.3694715115704377
1052.62   31   -0.3891481991739269   0.04146224895677876
1097.26   32   -0.38944713948012205   0.2082864576892411
1108.28   33   -0.3896958132367134   0.0343021587241481
1190.82   34   -0.38969655304946815   0.35019942016770955
1265.04   35   -0.38969641746637346   0.3380354107073856
1281.85   36   -0.3896964174663575   0.333279975145071
0.0   0   -0.38969641746701644   0.2098618003196531
46.53   1   -0.38972744738596976   0.029605392185823785
58.33   2   -0.3904981129054388   0.30787888649876727
70.33   3   -0.3904981129163266   0.2766335829736399
0.0   0   -0.3904981129149409   0.3726097030479676
65.82   1   -0.3906168011244934   0.3243389759485256
126.91   2   -0.39061669372746244   0.3103604956867402
172.86   3   -0.39061657322152893   0.3935782339051978
209.23   4   -0.39061620123375157   0.19495914706025344
237.52   5   -0.3906161638912761   0.026621150434354035
249.24   6   -0.390616280893695   0.30533535655403216
262.12   7   -0.3906243545177687   0.33464839277141756
280.05   8   -0.39064632197774346   0.23030513544807982
327.79   9   -0.39064605002270436   0.026020359851323227
346.54   10   -0.3906585580508976   0.27975221546049256
400.76   11   -0.39065839710338374   0.39647139205463416
422.71   12   -0.39066017015814414   0.3369101861641134
437.75   13   -0.3906613435288875   0.26305098111549435
572.99   14   -0.39066104008564706   0.23716802569418513
612.17   15   -0.39066073818924274   0.31436365655312015
624.73   16   -0.3906607620279676   0.3575107232228108
637.56   17   -0.3906609978816486   0.2712438648988406
655.69   18   -0.3906614906955725   0.32921797536306563
681.74   19   -0.39066146339020136   0.31337198599040894
700.9   20   -0.3906614665557865   0.3422669943245742
743.34   21   -0.39066126387740396   0.29391270998824065
768.41   22   -0.3906610236666705   0.3434001175333247
828.7   23   -0.3906610024659654   0.36264169328403467
839.3   24   -0.39066106313018606   0.024509253033831963
864.32   25   -0.3906619845499746   0.317621191696855
896.53   26   -0.39066180553944513   0.2908604922705552
921.12   27   -0.3906616223759164   0.32568076248666494
1049.54   28   -0.3906612325419284   0.40643835791592997
1170.84   29   -0.39066086359987745   0.3307252142296564
1182.77   30   -0.3906609858297551   0.3646783789146023
1209.88   31   -0.3906617763629123   0.36923626430807915
1229.37   32   -0.39066177636315896   0.34333870933951177
