0.0   0   -0.3639119873796422   0.012046547974156403
205.29   1   -0.36495036120234725   0.012029211920841689
497.76   2   -0.3657792074320725   0.02030606907089006
783.51   3   -0.3665577435762615   0.011837320067637061
1095.68   4   -0.3671940281355629   0.01049748130028511
1578.47   5   -0.3688090538809001   0.01722030031284327
1946.28   6   -0.37271867484238697   0.022426559771421207
2295.07   7   -0.37751456161952757   0.029711113307691397
2539.27   8   -0.39052893598414096   0.08688062985798563
2865.35   9   -0.4019014386719255   0.040132843996828406
3172.84   10   -0.4084969719112199   0.024485272781380314
3531.87   11   -0.41217158880500515   0.019722614721014775
3886.39   12   -0.4144608602966683   0.015028391899575118
4234.66   13   -0.41570361328461886   0.005244122236676719
4574.83   14   -0.4163489517890827   0.004606753446325301
4850.36   15   -0.41673395858183704   0.004654187167987953
5136.3   16   -0.41697507727328886   0.0026199269963729874
5411.91   17   -0.41715364222317214   0.002843230600612474
5718.89   18   -0.41738816531875955   0.003025085892445449
6032.86   19   -0.4176558546252616   0.00286775826359517
6365.8   20   -0.41786277697530533   0.003031017064822882
6674.23   21   -0.4180800524516787   0.0032089448862589703
6956.02   22   -0.4183895980459449   0.0029195108477771425
7234.21   23   -0.41860397149656914   0.0026091088401920645
7496.65   24   -0.41887655158450043   0.003494679892610743
7778.68   25   -0.4191096831639009   0.0027404311079556733
8007.36   26   -0.4193158811109378   0.004216602470382802
8217.01   27   -0.41957905595640976   0.0037179806887126868
8429.61   28   -0.4197540200865446   0.004333544022098104
8648.81   29   -0.419904310290252   0.003442429813303733
8929.51   30   -0.4201138232319669   0.001885265865370279
9132.11   31   -0.4202493547173799   0.0019438467543968284
9348.98   32   -0.4203415643553026   0.001854694310842892
9548.98   33   -0.42040178384486865   0.0020184188720404456
9752.13   34   -0.42044113986903714   0.0012396650342330925
9938.28   35   -0.42050259788120403   0.0016054253811546805
10147.36   36   -0.42058596098650164   0.001349451630190592
10432.68   37   -0.42067031053240367   0.0015892400290492877
10719.01   38   -0.42076641885995447   0.002226349992952694
10819.92   39   -0.42083018131186867   0.0015599258663730215
10866.95   40   -0.4209092652235837   0.0017772242921957713
10913.19   41   -0.4210487525206028   0.0020947273194763653
10944.53   42   -0.42111387085090357   0.0014780231477613975
10991.8   43   -0.4211554059711693   0.0015855431462143996
11038.54   44   -0.42118264499855373   0.0011811236883177392
11086.12   45   -0.42122337361191076   0.0007325412877548734
11118.08   46   -0.42125055287776125   0.0008997725360228781
11164.6   47   -0.4212915397457525   0.0008413317389582603
11211.14   48   -0.42131269984645364   0.0012866208618502876
11257.58   49   -0.42133363919026495   0.0006540992490786582
11303.18   50   -0.42135435229737506   0.0011357815781220025
11350.25   51   -0.4213747764345621   0.001217862597971363
11396.32   52   -0.4213958751904933   0.0008832023457047374
11442.62   53   -0.42143049982394243   0.0008210421745468757
11489.86   54   -0.42145579973206837   0.0009498652874196738
11536.45   55   -0.42147095563432563   0.0007291397196732473
11582.4   56   -0.42148770686759596   0.0007112189995451818
11628.98   57   -0.421504077445696   0.0006700066565311723
11674.54   58   -0.42152102540325487   0.0004708922881730351
11721.0   59   -0.42153831191599256   0.0006061931945924596
11750.12   60   -0.421548020154808   0.0011638865855093774
11796.41   61   -0.42156153887189707   0.0004916331974152134
11842.68   62   -0.42156750287402756   0.0005309077974979423
11888.47   63   -0.4215756630312495   0.00045114791516424386
11935.49   64   -0.42158612510616394   0.00036035996572726035
11981.28   65   -0.42159645242650207   0.0005269233197293727
12012.25   66   -0.4216008976774021   0.0005644182572021201
12059.41   67   -0.42160679877489327   0.00029172845651943315
12107.02   68   -0.42161320425455917   0.000352754066507924
12154.87   69   -0.42162262724610766   0.0003177116398689345
12205.05   70   -0.4216290896946498   0.00037586836534934075
12254.81   71   -0.42163355336205566   0.0004547362052779363
12302.69   72   -0.42163847036714996   0.0006108180404918883
12360.39   73   -0.4216461444482338   0.0005142754726575405
12409.76   74   -0.4216521910980764   0.0005372642915911734
12458.31   75   -0.42165879503804693   0.0005769067044634356
12507.56   76   -0.4216687389772661   0.00032116986325685614
12556.16   77   -0.4216761288826424   0.0005227168430944443
12588.82   78   -0.4216800972142994   0.0004334130082687078
12637.61   79   -0.4216859032994781   0.00031658070248842296
12687.59   80   -0.4216912423506822   0.0005214142607666139
12743.77   81   -0.42169849793787806   0.00036371256953450964
12798.21   82   -0.4217082876040084   0.00038471385677105445
12831.71   83   -0.421711002865518   0.0007184667765417672
12882.68   84   -0.42171717074814274   0.00045560480864681457
12933.7   85   -0.42172520405687675   0.0006459515887010642
12967.41   86   -0.42172977111711407   0.00029598754345242775
13017.5   87   -0.42173539625184925   0.00031400226221030275
13067.27   88   -0.421744145492279   0.0004747348462896789
13101.52   89   -0.42174750732403105   0.000530442991995736
13151.69   90   -0.42175334195504094   0.00041266621888774865
13202.24   91   -0.42175980478789543   0.0003106512370486
13253.03   92   -0.4217656573415516   0.0004422092427737755
13303.48   93   -0.4217708435680688   0.0003778874096138775
13354.88   94   -0.42177510081252223   0.0004738386924958624
13404.42   95   -0.4217791285710826   0.0005010848275535057
13454.62   96   -0.42178337023205603   0.0003905268736347428
13503.67   97   -0.42178675504617624   0.00030672105343635797
13552.78   98   -0.42179108362727336   0.0003064821838682004
13602.3   99   -0.4217974645712641   0.0002677567587001617
13651.66   100   -0.421802484588242   0.0003076252643262921
0.0   0   -0.42180248423045363   0.0005892847168985617
281.4   1   -0.4218034034208235   0.000660672910637682
698.88   2   -0.42180493858466284   0.0007970737117619114
1059.37   3   -0.42180608262561436   0.0006432208104674175
1376.63   4   -0.4218078234374605   0.00048526439025904937
1705.3   5   -0.42180940574748577   0.00042618387756303917
2071.09   6   -0.4218115999929804   0.0006057055221086317
2487.98   7   -0.42181325837539474   0.0005333284347473701
2903.62   8   -0.4218146862919868   0.0005748709346894014
3328.47   9   -0.42181667415755   0.0004919670117653223
3748.72   10   -0.4218184870064147   0.0007055008101728379
4160.78   11   -0.42182063058926156   0.0006317026113430764
4482.81   12   -0.4218219839698715   0.0004544436988622738
4795.18   13   -0.42182382725804823   0.0005357787911591102
5142.68   14   -0.42182568403443416   0.00042205621659667335
5505.02   15   -0.42182898340542024   0.0003243846066878754
5878.99   16   -0.4218321324303378   0.0003539529249039634
6225.56   17   -0.42183651087898233   0.0004574296159461355
6547.31   18   -0.42184068165228805   0.00036268367435584535
6878.01   19   -0.42184430978444454   0.0003181234785260645
7275.51   20   -0.4218481457919226   0.00034651493596365285
7636.15   21   -0.4218510424268439   0.00024434478721997895
7995.92   22   -0.42185280199394315   0.0007885874569921114
8229.07   23   -0.4218539756577105   0.0005592835561739506
8577.68   24   -0.4218548872286073   0.0006111163362137836
8903.67   25   -0.42185643933809003   0.0005805070596113092
9216.54   26   -0.42185771758467794   0.0003815519841165242
9575.66   27   -0.4218589083168357   0.00036723346106330446
9978.9   28   -0.4218598452205763   0.0004635417043460334
10391.15   29   -0.42186101819254923   0.0006389698566316166
10784.14   30   -0.4218620818825767   0.00035388106864335305
11198.49   31   -0.4218632845352237   0.0003805923508295724
11550.61   32   -0.4218642084948291   0.00027883846166804613
11881.59   33   -0.4218653347660175   0.0003939194945958236
12226.37   34   -0.4218662905730926   0.00033517024198541286
12556.8   35   -0.4218671261225416   0.000269373631237956
12879.27   36   -0.4218685362345034   0.00039695888697428166
13208.75   37   -0.42187000247023787   0.0003229411926772439
13553.35   38   -0.42187089919386866   0.00028359694954832945
13879.42   39   -0.42187192630042064   0.00031246081726270795
14175.74   40   -0.4218735262713127   0.00023815414460628053
14261.27   41   -0.4218751445542325   0.0002193222851443227
14345.22   42   -0.4218764425695004   0.0002695585089893997
14431.64   43   -0.4218776398294996   0.0003115096961893805
14485.58   44   -0.4218778404593498   0.00030597127188460965
14556.39   45   -0.4218781466081132   0.00019204691287270803
14625.04   46   -0.42187899303899246   0.0004127477053573622
14674.94   47   -0.42187934841857305   0.00018785977504189974
14726.88   48   -0.42187934926134485   0.16676597639418017
14816.38   49   -0.4218801402862643   0.034687363521158865
14933.64   50   -0.42187990686979926   0.00021728735802028484
14988.99   51   -0.42187997965519697   0.00019030189082473498
15065.29   52   -0.4218805589768134   0.0003605259271035413
15143.0   53   -0.42188126428238537   0.0003092259035668564
15224.1   54   -0.42188160631095273   0.0002935492556418706
15415.24   55   -0.42188253362885914   0.19949460340799763
15607.82   56   -0.42188234706415206   0.19340472493535762
16019.17   57   -0.42188203074651587   0.21556999473318114
16319.13   58   -0.4218817998799631   0.27859662790967366
16519.94   59   -0.42188161984134   0.22030503378686864
16616.02   60   -0.4218814463822886   0.19622885358051628
16690.35   61   -0.42188191781286527   0.208036781218628
16828.26   62   -0.4218817053055984   0.2415772175100972
16894.16   63   -0.4218818713248029   0.00048580995012238964
16980.06   64   -0.4218820715720028   0.0003651567934345436
17026.91   65   -0.4218822922724276   0.0003281461343976761
17070.94   66   -0.421882422444078   0.00024394586555849412
17135.71   67   -0.42188286628706745   0.00027231125053591885
17172.06   68   -0.42188317706565304   0.19960344817745013
17232.13   69   -0.42188317806632   0.0002769250880208235
17269.18   70   -0.4218832188595646   0.2100740385789893
17317.39   71   -0.42188329593107715   0.0002766777153792986
17361.77   72   -0.4218833546086186   0.0003534780025065081
17404.04   73   -0.4218833849983183   0.00034161296275915125
17470.22   74   -0.42188394180239197   0.0003734654347833324
17535.71   75   -0.42188471514951387   0.0003941301211919825
17594.61   76   -0.4218852424387164   0.00033029701437259525
17634.37   77   -0.4218852632643383   0.0003619959926282224
17681.33   78   -0.4218852623997307   0.00032797547994264654
17741.57   79   -0.421885251062689   0.0003661749577950115
17781.19   80   -0.421885320183203   0.00035426988679983587
17819.14   81   -0.4218853394419035   0.00037680948172289663
17859.95   82   -0.4218856442224039   0.00029978824470893264
17904.5   83   -0.4218856150758136   0.0002657132455425923
17946.2   84   -0.4218856724604909   0.0002713543505716018
17992.38   85   -0.4218862187749246   0.00035052191801772934
18057.2   86   -0.42188683075703104   0.0003964445502557836
18117.95   87   -0.42188741432442234   0.0002328631149580216
18176.28   88   -0.4218879332326393   0.000361802885208594
18298.91   89   -0.42188792646414053   0.00036186680807842803
18364.91   90   -0.42188843744142446   0.0003031232292937938
18490.59   91   -0.4218884369072501   0.00030289467175991875
18549.57   92   -0.42188918573872575   0.0003713030603418995
18610.96   93   -0.42188970754513716   0.000302369592540623
18667.49   94   -0.4218901380344179   0.0002597834652789535
18724.14   95   -0.4218909629606634   0.00020441078436733454
18784.55   96   -0.421891974799686   0.00025191395149120943
18823.68   97   -0.4218924096190085   0.0002802486545573773
18888.09   98   -0.42189301296189224   0.0003416430707531549
18947.44   99   -0.4218936207192001   0.0003025013180730647
19002.47   100   -0.42189453283912143   0.0002535467006054917
