0.0   0   -0.2792606281101372   0.18742371748099265
62.42   1   -0.28537148894552306   0.3303267420887335
86.65   2   -0.28686403197614724   0.16708833652623226
228.46   3   -0.28686374511662427   0.24954728511891655
282.13   4   -0.2870156177256542   0.2198401282246159
291.75   5   -0.2876538691147961   0.25947778976625896
326.23   6   -0.2882362009640782   0.2588100168858666
427.01   7   -0.28823595996913953   0.2596143821908544
450.71   8   -0.29128716679951805   0.037167039179257316
460.08   9   -0.2913459216868418   0.26885949387732805
469.1   10   -0.2923630414150128   0.1939307704993601
488.96   11   -0.2967748687916747   0.04138568934763733
503.09   12   -0.29761799888112694   0.16366701417881468
516.96   13   -0.29855943587915346   0.03746328387804195
526.31   14   -0.29949185763186137   0.03791789503690271
559.16   15   -0.30194096395371783   0.1072354191096564
572.88   16   -0.3174940670810025   0.06196036189740771
587.31   17   -0.32365954998193325   0.02937854225651891
600.37   18   -0.3259424985359871   0.016009543503554463
613.66   19   -0.32703681520258165   0.011563074982137872
627.99   20   -0.3277612007623516   0.015963124252157512
641.53   21   -0.3283226205827792   0.012378024834317193
654.37   22   -0.32872538263961215   0.007172411010660065
667.9   23   -0.3288493208491734   0.003224180290649114
680.87   24   -0.32890891550451784   0.0036128862298857693
693.2   25   -0.3289940325499   0.0035923148313833776
705.43   26   -0.3291702258430277   0.002591195401406019
718.6   27   -0.329237082356762   0.0025523699218720844
731.26   28   -0.329319261739515   0.0030873190616516576
744.06   29   -0.32945723033538044   0.0030398143077911576
756.7   30   -0.3295357864252201   0.003142263519982194
770.29   31   -0.3296313196247519   0.005740653348427903
795.96   32   -0.3297382758218324   0.006181270749457364
809.6   33   -0.3299130116544582   0.003175020194322969
823.12   34   -0.3299732284782203   0.001573194972233844
836.95   35   -0.33003302962867415   0.0019506052092334966
850.38   36   -0.3301833301146698   0.002121610180079963
863.96   37   -0.33031092989956384   0.001366968267414265
876.42   38   -0.33035878632813703   0.001319411166733272
888.94   39   -0.3303822124595412   0.0015767391452372367
906.99   40   -0.3303964033627171   0.0013199896420935907
919.52   41   -0.3304101442672447   0.0010382283889401546
931.72   42   -0.33041986674442814   0.0010801157138408822
997.43   43   -0.33042529981380464   0.0021385532564181064
1010.13   44   -0.33044855747565044   0.3038369152179918
1030.74   45   -0.330448580545225   0.22929436054182617
1084.05   46   -0.33044858070705996   0.0008979840655365115
1097.02   47   -0.33044901677845245   0.000827513511893564
1108.97   48   -0.33045078907523473   0.0007566952952342908
1120.91   49   -0.33045289296033964   0.3314535945803006
1137.39   50   -0.3304526494740649   0.0005727630780617143
1149.48   51   -0.3304534992581119   0.0005649637403860243
1160.7   52   -0.33045517287931253   0.0007164875692198141
1169.07   53   -0.33045658361761976   0.00047835841830277075
1186.04   54   -0.3304634556084012   0.00039544264576705504
1193.94   55   -0.3304656790799314   0.001060113098555028
1205.36   56   -0.3304706857704925   0.0005219638612913851
1219.0   57   -0.3304748617149872   0.000560990270898185
1231.62   58   -0.33047754330257356   0.00032295560619274703
1243.71   59   -0.3304789784879216   0.0006321282588626148
1256.59   60   -0.3304812856699625   0.0002818518212972032
1269.24   61   -0.33048300665194813   0.0003905923914925418
1280.95   62   -0.3304867288785635   0.0005041703290322547
1288.88   63   -0.33048750507878444   0.0003725260664496604
1301.52   64   -0.33048887892793644   0.00032039451991084186
1314.04   65   -0.3304908491203618   0.00029212515808589123
1336.93   66   -0.3304911145711617   0.00031920586293338255
1361.72   67   -0.3304925925471393   0.0005848581725145598
1373.77   68   -0.33049438185795543   0.0002503014799657499
1385.28   69   -0.3304957240016594   0.0003277490001633689
1400.21   70   -0.3304957268201206   0.0003273082117493913
1412.75   71   -0.3304971340407563   0.0002806959172160714
1424.99   72   -0.33049813556941576   0.0003716973717391239
1437.41   73   -0.3304986825933782   0.00017948810830311477
1454.68   74   -0.3304995853037258   0.0002575182495232716
1462.64   75   -0.330500153959955   0.00022021458119953093
1474.3   76   -0.33050058896402223   0.00019592802930829803
1487.06   77   -0.3305010091327   0.00026236448454334784
1499.34   78   -0.3305017310765578   0.00034116398472158597
1510.85   79   -0.33050277144235474   0.0003353164386384724
1523.15   80   -0.3305038022706937   0.0002513802947804952
1535.56   81   -0.330504210688893   0.00026856266657842394
1547.26   82   -0.3305047124455388   0.00010070914294697205
1558.75   83   -0.3305050900531345   0.00014346088038145785
1567.54   84   -0.3305053164115546   0.00016644469642911617
1579.65   85   -0.3305057421774347   0.00013848508019026904
1591.15   86   -0.33050605045240633   0.00022899072356805713
1602.65   87   -0.330506498458816   0.00023412323281919132
1615.26   88   -0.3305068160756207   0.00012079123036073364
1627.43   89   -0.3305071026057739   0.00015334318248266194
1639.27   90   -0.33050728666631607   0.00012889870857635293
1651.44   91   -0.3305076289237693   0.00019021316663679733
1663.61   92   -0.33050819792109154   5.985001408529076e-5
1675.5   93   -0.33050845369497656   0.00018072119552805342
1683.07   94   -0.3305085711643292   8.076144289518209e-5
1695.77   95   -0.3305086623882035   5.3062369208348676e-5
1708.06   96   -0.33050883836132433   0.00014874011984046228
1719.88   97   -0.3305090486395502   9.534159923085156e-5
1731.68   98   -0.3305091547517985   0.00012336611105612683
1759.08   99   -0.33050921807148126   0.000201068423347304
1783.16   100   -0.33050932882945394   6.119234287651011e-5
0.0   0   -0.3305093288294543   7.891770895716267e-5
9.19   1   -0.33050935471558607   9.709396868244119e-5
22.97   2   -0.3305094499717427   0.0002191726044178087
34.11   3   -0.3305095577822095   0.00010872939118882228
44.35   4   -0.3305096013768499   0.0001572657825046344
54.33   5   -0.3305096633181028   0.00018520824694995535
65.03   6   -0.33050971953539826   8.751347399077123e-5
75.95   7   -0.33050974615343126   9.516544013948325e-5
89.66   8   -0.33050983890089114   0.000147066199400123
99.89   9   -0.3305099548315493   9.975366456841426e-5
110.44   10   -0.3305099937062789   8.738363863305769e-5
120.77   11   -0.3305100874775949   0.0001442363137635992
142.13   12   -0.33051016739343375   8.342635592762594e-5
155.89   13   -0.3305103098462934   5.905877976551654e-5
166.31   14   -0.33051044540035307   7.765435374943719e-5
176.87   15   -0.33051059048370157   6.776642153325459e-5
188.1   16   -0.3305109223350376   6.065244419505773e-5
199.25   17   -0.33051111935708455   4.939047870087758e-5
209.97   18   -0.3305112924846752   4.680548091898891e-5
220.39   19   -0.33051151917431665   5.867132580296537e-5
231.23   20   -0.33051174551523277   5.1679850333104844e-5
241.84   21   -0.3305119825515524   5.82537078901314e-5
248.37   22   -0.33051208925245923   0.0001387940129635011
255.3   23   -0.3305121165484872   6.474199519307746e-5
266.32   24   -0.33051212899154286   4.674696564539726e-5
279.7   25   -0.3305121944980074   0.00013212200758947398
286.39   26   -0.3305122280303765   0.00010122095964271283
297.4   27   -0.3305122413643272   6.079877623892324e-5
599.28   28   -0.3305120746275788   0.3629772888314297
664.63   29   -0.33051187778553115   0.0006654683754016153
685.19   30   -0.33051224241007415   0.00021643199427046368
695.08   31   -0.3305122993208986   9.286158605598664e-5
710.11   32   -0.3305123453779071   0.00017895872967667382
720.72   33   -0.33051239573673835   6.260369060264322e-5
730.96   34   -0.3305124103462193   6.433460357281789e-5
742.26   35   -0.3305124255465589   8.93649849865589e-5
752.89   36   -0.3305124474731134   4.3595268303703086e-5
763.09   37   -0.3305124552377907   6.449605195938252e-5
777.52   38   -0.33051248284928153   0.2484787932283316
804.97   39   -0.3305124803716603   0.0001510123815281813
811.51   40   -0.33051248683977313   0.00010323138847567146
818.5   41   -0.3305125076863958   6.138052466788516e-5
825.36   42   -0.33051251702031925   4.270520771693105e-5
839.37   43   -0.3305125528175862   4.82690465987705e-5
846.19   44   -0.3305125633205608   5.2410039152085804e-5
860.28   45   -0.3305125976970657   0.3286273351151415
874.07   46   -0.33051237283877133   0.0003470636837080816
881.5   47   -0.33051259941509625   6.382270198036553e-5
888.26   48   -0.3305126050360855   3.27659133411184e-5
898.48   49   -0.33051261603823306   7.203885656957517e-5
912.58   50   -0.3305126443018892   4.869208177725e-5
926.84   51   -0.3305126889793855   3.656059684765201e-5
937.64   52   -0.33051271639030816   8.517095135387097e-5
944.39   53   -0.33051272690368894   3.737614938659038e-5
954.3   54   -0.33051273677033355   4.4321637398158124e-5
964.73   55   -0.3305127437314031   4.939681797217252e-5
975.19   56   -0.33051275095883237   5.465934204800253e-5
985.8   57   -0.33051275524022805   3.883107129573715e-5
995.89   58   -0.33051276249106976   2.211820619329163e-5
1002.82   59   -0.3305127631690784   2.0042037773572423e-5
1016.81   60   -0.3305127777260704   2.5083375682077302e-5
1027.74   61   -0.3305127830377414   2.930313954375092e-5
1038.33   62   -0.33051278992087224   3.7396416950684624e-5
1048.61   63   -0.330512798898839   2.678415450695735e-5
1058.88   64   -0.3305128045567179   1.985933549687886e-5
1068.94   65   -0.33051281202946203   4.365467997966589e-5
1080.14   66   -0.33051281868279103   2.7266852829190215e-5
1090.28   67   -0.3305128256485197   1.1751853413944491e-5
1100.06   68   -0.330512829754423   1.538957306583665e-5
1111.0   69   -0.33051283219795397   2.5037765774961404e-5
1121.61   70   -0.3305128378206709   1.9945103328265404e-5
1131.99   71   -0.3305128419132484   5.013506334501584e-5
1142.01   72   -0.3305128508982784   2.5470979004692718e-5
1153.09   73   -0.33051285922632806   1.7996217315529445e-5
1163.6   74   -0.33051286433183913   5.4330967803282545e-5
1173.71   75   -0.33051287155206543   2.9193574955142734e-5
1184.43   76   -0.3305128757509353   2.5625047645172827e-5
1195.04   77   -0.33051288180890726   3.5423126208827836e-5
1205.54   78   -0.33051288650982663   5.132132125123356e-5
1215.43   79   -0.33051289914226367   3.1314726039593753e-5
1225.66   80   -0.33051291741502925   2.2631730825343457e-5
1235.48   81   -0.33051292344984484   1.957300590885876e-5
1245.4   82   -0.3305129331091231   1.9102220545128426e-5
1253.03   83   -0.33051293772214135   3.2021577954832095e-5
1264.84   84   -0.33051294298443296   1.263048699421322e-5
1276.16   85   -0.3305129470325524   1.9581393373147537e-5
1287.44   86   -0.33051295146991816   1.8049950046549578e-5
1299.45   87   -0.3305129557863839   2.226201673549658e-5
1310.0   88   -0.33051295858895957   1.1625942511872295e-5
1320.09   89   -0.33051296185142603   3.1027572522559986e-5
1331.02   90   -0.3305129649265538   1.950651225877347e-5
1341.74   91   -0.33051296635185357   1.639543479822482e-5
1352.2   92   -0.33051296757683   1.4733359953251744e-5
1361.85   93   -0.33051296890381143   1.4175101808666951e-5
1372.37   94   -0.3305129709394399   1.1547588881984491e-5
1383.02   95   -0.3305129727228883   1.799913898627155e-5
1392.83   96   -0.33051297414723924   1.6829378352162765e-5
1403.24   97   -0.3305129762248065   2.3726690068284222e-5
1413.18   98   -0.3305129789803365   1.839384473611518e-5
1427.14   99   -0.3305129863281078   3.195147740751192e-5
1434.61   100   -0.3305129879537444   0.3144107935697879
