0.0   0   -0.31191513071325544   0.07942358497248679
43.22   1   -0.31238310305890393   0.2871003102531711
138.5   2   -0.31238302200964513   0.3296365151827903
182.28   3   -0.31238302181130034   0.28598147009661196
293.11   4   -0.3123830216641865   0.12488048640454293
310.06   5   -0.31238302500395076   0.3224234576475966
333.21   6   -0.31238324204532375   0.41771884625729067
371.37   7   -0.3137678009018915   0.2596894541932616
494.63   8   -0.31376764857946304   0.08963005265075079
507.99   9   -0.31403939589037105   0.09017634618150833
572.9   10   -0.31404654948126276   0.34543305158641563
654.66   11   -0.3140463528169993   0.4265949802434034
814.46   12   -0.3140461911173958   0.15309540128394342
827.31   13   -0.3140473271289456   0.15307789611011102
840.55   14   -0.31978234701177566   0.23164901032313118
859.68   15   -0.31983706254669525   0.2819099345707069
900.18   16   -0.3199189574345464   0.38756861293679734
1000.16   17   -0.3199188024126429   0.2601278421627313
1095.48   18   -0.319918485480438   0.049622020472888134
1103.8   19   -0.31994883868077745   0.04754523392739492
1115.92   20   -0.3212079204277247   0.02186322509002162
1129.71   21   -0.3225587220057798   0.23194902128395437
1189.46   22   -0.3225585481821408   0.01791285960375794
1220.88   23   -0.3227919873444498   0.016099496505568533
1235.47   24   -0.32319900019147174   0.011906030647406292
1250.82   25   -0.32330717931563707   0.007076706264699994
1274.51   26   -0.32339128726305866   0.2784711012847331
1281.66   27   -0.32341610267897397   0.23375356838285427
1344.01   28   -0.32341581058417357   0.3907031115685535
1418.72   29   -0.3234157530472487   0.3190242492150748
1433.02   30   -0.3234157531822608   0.006633614882330428
1455.05   31   -0.32342026159848036   0.00971004287369634
1462.66   32   -0.323520415213203   0.27322399773056016
1476.84   33   -0.3235304923179461   0.014719651956879447
1487.62   34   -0.32354984465823905   0.016087151741325564
1502.7   35   -0.32360285175304954   0.006448544449075527
1517.32   36   -0.3237416969520267   0.009196852879277602
1524.92   37   -0.32379268604038414   0.20255907349680888
1532.72   38   -0.32380044702204086   0.008988920411899403
1539.66   39   -0.32381274906945134   0.009168247847409987
1554.75   40   -0.32385849226729607   0.01230869764060174
1574.76   41   -0.3239943801912373   0.008615036195012022
1589.51   42   -0.3240291206976338   0.007583160532983997
1616.48   43   -0.3240656728381266   0.007806560403349939
1628.87   44   -0.3242490336026608   0.3034232255298673
1658.9   45   -0.3242493899970509   0.32387356973596076
1711.27   46   -0.32424932494629055   0.33510463515743993
1805.85   47   -0.3242492017691166   0.003239175405828887
1815.95   48   -0.3242527479459001   0.0026502761211803366
1831.85   49   -0.324252972287569   0.002639784935743444
2025.74   50   -0.32425603824008564   0.004401792497425026
2037.88   51   -0.3242838813474077   0.31855541853871117
2048.89   52   -0.32429561381678995   0.004963983863780209
2059.67   53   -0.324304620676857   0.00296050611314431
2070.79   54   -0.32430817355836006   0.0031449507309199284
2078.4   55   -0.3243319426766171   0.003060814842122439
2089.97   56   -0.32438235006573973   0.2666301920461353
2104.74   57   -0.3243862251644095   0.005970413177216921
2113.16   58   -0.32439592695732616   0.2917680071480341
2120.84   59   -0.3243987041656454   0.0030297090050979696
2131.46   60   -0.324401580983586   0.0025402279611164476
2143.17   61   -0.32440498845531446   0.002623863562818327
2158.72   62   -0.3244238548504977   0.004575562203637612
2166.47   63   -0.32443841499202664   0.31821227087270226
2173.58   64   -0.32444616807086657   0.0015877879024794154
2181.01   65   -0.32444983106852565   0.2553883151471614
2189.3   66   -0.32445092389692975   0.2929395666862284
2209.97   67   -0.3244528373116265   0.3647477025229948
2227.64   68   -0.32445282020669586   0.002456544389806108
2242.64   69   -0.32445441186790525   0.0019428947429666209
2366.47   70   -0.3244544046321202   0.23279468979269724
2498.56   71   -0.32445411575693195   0.29926787974226804
2547.46   72   -0.3244552244172985   0.3840609609894433
2573.94   73   -0.32445502001773757   0.002312001441508829
2581.48   74   -0.32445502011930216   0.32057191896520326
2589.6   75   -0.3244550206320663   0.3300702240230246
2597.38   76   -0.32445503009579024   0.3954093774778443
2609.21   77   -0.32445501006882177   0.32982863318684297
2620.15   78   -0.3244549785226833   0.36736311568642693
2657.45   79   -0.3244548823965149   0.31118236296219487
2667.48   80   -0.32445466646995613   0.0023338113818892406
2675.59   81   -0.3244546795917173   0.32562124541186416
2686.85   82   -0.32445474406747593   0.3389815138244766
2701.15   83   -0.32445445883484725   0.3209293646886678
2716.43   84   -0.3244544503557009   0.3196410025795823
2727.53   85   -0.3244545276637598   0.23218008169839371
2781.8   86   -0.32445579077893766   0.25349801102918584
2797.1   87   -0.32445656449078375   0.28953070932420427
2805.05   88   -0.3244565505819673   0.3770271696046825
2812.58   89   -0.3244566248991012   0.2812028732047808
2827.19   90   -0.32445651748870225   0.41221787690403056
2842.81   91   -0.3244563673745336   0.002056472697587907
2857.29   92   -0.32445636989487214   0.25260318812142685
2871.79   93   -0.3244565120402946   0.306109778480864
2890.26   94   -0.32446185566384744   0.0037337397127362396
2901.02   95   -0.32446221522967084   0.3362059671463098
2907.75   96   -0.3244621690087471   0.007460910856735802
2941.57   97   -0.32446774436714826   0.30606048340691455
2960.92   98   -0.3244711475256642   0.32942184751455156
2979.27   99   -0.32447101951534707   0.4079957681602235
2990.94   100   -0.32447103284064777   0.001982877582367139
0.0   0   -0.11093091153908027   0.06704034024567045
9.94   1   -0.13849818360029925   0.12451720940654819
23.18   2   -0.14516516713956917   0.3537476240736989
48.3   3   -0.14666522712511187   0.25986432233721823
137.46   4   -0.1466650875089335   0.26641363881368896
166.95   5   -0.14912794847465277   0.3067137596340428
175.66   6   -0.1550348648616207   0.2491141705592075
259.62   7   -0.1550348269092156   0.32307104130959813
287.87   8   -0.1975604881778123   0.27216561844476306
296.09   9   -0.20220922409897282   0.18191331162004776
305.09   10   -0.2173506741878841   0.17273246823686986
321.47   11   -0.24164618303589985   0.11746143202593802
329.33   12   -0.2486141895788268   0.37698659141953283
433.68   13   -0.2486140587248215   0.05609881311199779
445.57   14   -0.2701220773828642   0.050833305115531205
458.86   15   -0.2783227735189155   0.04704900214901519
467.39   16   -0.29146625496152256   0.3417477745265784
479.97   17   -0.2921304534053314   0.02809271005406394
488.07   18   -0.2941468283628972   0.03162342342108058
499.95   19   -0.30062423279965345   0.016250146692942724
512.57   20   -0.30265065202011143   0.02123103593496904
520.65   21   -0.30319498217643176   0.020126843025161385
528.29   22   -0.3045397132435061   0.28714026400538806
577.69   23   -0.30453945213173084   0.03019571058424716
589.44   24   -0.30453999023385514   0.029607955026506896
596.71   25   -0.30507475197698297   0.029925219467876837
620.23   26   -0.30571173416331726   0.06751646570778035
632.56   27   -0.30990780778076427   0.25213680496334
644.49   28   -0.31016247344333736   0.3816470384839332
656.58   29   -0.3103245464806233   0.04203593157861002
668.63   30   -0.3147028860980291   0.04224991531126883
684.03   31   -0.3193869465530693   0.02939307822729433
695.61   32   -0.3222157915576972   0.014624708957459933
707.15   33   -0.3228916010422867   0.005167771076442267
719.59   34   -0.32312565584950614   0.007028605890741491
731.27   35   -0.3236187230384042   0.007009668913923781
742.62   36   -0.3239346405019633   0.003243377010017165
749.84   37   -0.32394686799209904   0.0026542071561292836
762.08   38   -0.3240455423124929   0.00244361496935622
778.45   39   -0.3242108536698648   0.0020550207443528414
789.9   40   -0.3242619546349288   0.0031728957580517444
801.96   41   -0.3242779284325329   0.003990426235084783
813.44   42   -0.32432115208463164   0.32687744258592133
835.49   43   -0.3243211652348224   0.001119565672325955
847.14   44   -0.32433497793805305   0.002129429890374294
854.46   45   -0.32435407884791556   0.0031633895680069422
865.33   46   -0.32444366090699894   0.001347498267930397
882.19   47   -0.3244928621825316   0.002114177238375751
897.06   48   -0.3245461325972195   0.0010042728658411879
904.76   49   -0.32456855682472485   0.0011753695998849658
918.53   50   -0.3246464906674886   0.29581639504196916
953.12   51   -0.3246461797916804   0.001594648303238546
965.07   52   -0.324655990526569   0.0012747815417201726
979.63   53   -0.3246662310214853   0.0010004682343276432
991.42   54   -0.32473066648352167   0.3661889833811478
1012.3   55   -0.32473089268578864   0.0019529624197579605
1054.72   56   -0.3247347903964051   0.0010032777629196139
1063.2   57   -0.3247542758932487   0.0013055674421715813
1071.19   58   -0.3247797426846654   0.0012797178351168347
1082.7   59   -0.32481307388917924   0.28580908095297514
1098.69   60   -0.32481412682739746   0.0019940619411224223
1109.67   61   -0.32481907944509486   0.00116218209500374
1120.4   62   -0.3248542009900949   0.0020396807290432744
1132.69   63   -0.32487712325458257   0.0014400263261254587
1140.3   64   -0.32489103463676516   0.0011726826958227555
1147.51   65   -0.32490399572365425   0.0012117231093292792
1162.49   66   -0.32492359558646183   0.0009982367172721204
1190.44   67   -0.3249343366013343   0.003562977921510122
