0.0   0   -0.10724436784222591   0.01130242798351552
48.62   1   -0.16114394670223414   0.06630129119748573
93.9   2   -0.170139244260413   0.10396183457328355
136.89   3   -0.2591012168906104   0.03716175260964889
180.98   4   -0.28198120433299007   0.03203830021400796
222.1   5   -0.2909164411030499   0.022598834252161103
262.65   6   -0.29971630097541396   0.00846262809363368
290.02   7   -0.3022774335707189   0.007645160024795973
331.7   8   -0.305934436735772   0.013448712960245036
359.75   9   -0.3078648070705001   0.01696739878317033
386.25   10   -0.3107030556941079   0.012182401321285225
426.72   11   -0.31313869753529544   0.006710278279750863
465.53   12   -0.31478909060631755   0.011452279744873978
491.7   13   -0.31741098069793694   0.016565182034283237
519.72   14   -0.31964278825900944   0.015312746468104266
545.8   15   -0.3231835682819771   0.004838882710132248
570.79   16   -0.3236788124990448   0.002462912092402706
608.7   17   -0.3237921205324541   0.0022722704108300226
647.62   18   -0.3240062450936718   0.002186042518497376
687.73   19   -0.32421910190883413   0.0018904399261873161
727.98   20   -0.3243094155751792   0.0011070920344059957
766.41   21   -0.3243724239380785   0.0007632121821225893
804.3   22   -0.324398863372446   0.0008095893311351986
855.95   23   -0.3244655656929786   0.0008982489922639921
895.67   24   -0.3245775031429229   0.0010040741731971894
936.71   25   -0.32467757462653035   0.0013578116988371897
977.26   26   -0.324753994491479   0.0014522717471157668
1017.21   27   -0.3248459656259693   0.0010017574469730417
1058.59   28   -0.32489935083915844   0.0009438761707496472
1085.38   29   -0.32495658953275475   0.0007325013535706065
1126.94   30   -0.3250721206692603   0.0008848528385091319
1168.0   31   -0.32515989289921   0.0005706738302821171
1209.5   32   -0.32519520142860603   0.0009458635314301944
1249.33   33   -0.325246710865379   0.0007309537606882067
1289.78   34   -0.32528759300754795   0.0008025213016932912
1331.14   35   -0.3253740255439647   0.0010299118455795672
1370.37   36   -0.32544116147476043   0.0004432938831946566
1408.68   37   -0.32545824806538753   0.0004898320091840633
1433.84   38   -0.3254705840978967   0.0005256938112152467
1472.05   39   -0.3254894709191285   0.000359635079164594
1511.7   40   -0.32550138715158744   0.00046647434130020433
1550.79   41   -0.32551392176146327   0.0004184416972570016
1589.13   42   -0.3255323055356126   0.0005243574411546643
1629.24   43   -0.3255392769420461   0.0002670545205446945
1664.81   44   -0.32554312338416375   0.0002340727089743885
1714.13   45   -0.3255566983957565   0.00033327400962877954
1752.16   46   -0.3255737604581471   0.0006181399271139706
1790.74   47   -0.3255883194874124   0.00034424071010069634
1828.03   48   -0.32559729353222383   0.0005282217527474286
1865.54   49   -0.32561585136231785   0.00033797074961017855
1902.67   50   -0.32562703455349956   0.00039733647817735853
1938.89   51   -0.32563618676376066   0.0002544612957753218
1976.87   52   -0.32564808093845377   0.0004676855089819075
2015.17   53   -0.3256575471829441   0.0004637512855860073
2053.49   54   -0.325666030769986   0.00021327546369914965
2091.59   55   -0.3256704429914671   0.00021076523482884495
2129.8   56   -0.3256771551308812   0.00023902424479087828
2169.33   57   -0.32568678404226964   0.0003112189400250349
2207.39   58   -0.3256934051271242   0.0002050026990823797
2247.92   59   -0.32569971123108615   0.00020622105892184841
2285.85   60   -0.3257086487888711   0.0003065406456790636
2323.8   61   -0.32571512422805593   0.0001987749313223728
2361.41   62   -0.3257196937364706   0.0002946297100604344
2399.81   63   -0.32572397866431524   0.0003639853364410452
2439.04   64   -0.32572872644159584   0.0002114944821417312
2475.53   65   -0.3257338701775431   0.00032590187455915575
2498.4   66   -0.32573816019738466   0.00019269296158912807
2534.64   67   -0.3257415481152553   0.000128403977094491
2573.6   68   -0.32574709727896445   0.00025313037323816174
2598.69   69   -0.32575129968375655   0.00023479222870529152
2636.67   70   -0.32575419284112195   0.00023138751565420027
2674.38   71   -0.3257589454686069   0.00022383815056782345
2700.49   72   -0.3257629934197199   0.00027376231785355726
2736.52   73   -0.3257671987582231   0.00020621867582821572
2773.92   74   -0.3257703785937953   0.00020900180791371716
2810.18   75   -0.3257756464157067   0.0002591902507449713
2845.94   76   -0.3257778088470177   0.00015697664756309074
2884.42   77   -0.3257818790000419   0.00018429102054708088
2922.27   78   -0.32578757844452194   0.00019260435996408952
2949.94   79   -0.3257897898066584   0.00013361381211612078
2989.57   80   -0.32579271023231354   0.0002597977125595281
3027.01   81   -0.32579616701602865   0.00016947937125039546
3063.18   82   -0.3257988060057362   0.0001673389842490313
3100.3   83   -0.3258018625867837   0.00016101875667455664
3138.78   84   -0.32580435268715824   0.00013287544844229124
3162.66   85   -0.3258052348991285   0.00012948255216166239
3198.19   86   -0.32580735362109275   0.00018092379046948025
3224.41   87   -0.3258094181642828   0.00018324908029252796
3260.49   88   -0.32581355090639436   0.00023066923182321706
3296.15   89   -0.32581645424468897   0.00018510266144117693
3334.06   90   -0.3258203847278095   0.00016802655125877639
3357.42   91   -0.325821639689298   0.00015307397479671794
3393.77   92   -0.3258226728058443   0.0001803082291887559
3430.7   93   -0.32582530006444016   0.0001568680095187157
3453.01   94   -0.32582698593642884   0.00018794959289976607
3490.34   95   -0.3258287634652145   0.00011335344009097889
3525.59   96   -0.3258310813611137   0.00015029608350915287
3563.32   97   -0.325833379597732   0.00019620551204322336
3600.81   98   -0.3258349705249133   0.00014672328695105038
3638.05   99   -0.32583629020701343   0.00018430174845633112
3674.32   100   -0.3258384416369312   0.00018384077912858037
0.0   0   -0.3258384423941081   0.00042603879824350044
30.61   1   -0.3258389023788396   0.0002751412359004507
75.24   2   -0.3258396242255237   0.00028720770461473965
119.61   3   -0.3258407403071288   0.0003028507961385604
147.73   4   -0.32584104941312064   0.00019112490516323983
204.3   5   -0.325841508845532   0.0002898858684229972
246.06   6   -0.3258428449755979   0.00031204859978064083
273.73   7   -0.32584329423303815   0.00014243316478461976
315.22   8   -0.32584366863327996   0.00027358932921528716
356.69   9   -0.325844215707751   0.0003945605916528197
398.21   10   -0.32584519082506963   0.00013176716561558673
440.1   11   -0.3258455339798151   0.0002105657071939956
496.16   12   -0.32584749119970047   0.0001451303554084254
539.37   13   -0.3258488417365246   0.0001663015138328983
582.27   14   -0.32584990307782424   0.00016235291692262628
641.05   15   -0.3258518944579932   0.0002044513176805984
683.64   16   -0.325853920449338   0.00025383786452755054
725.9   17   -0.3258562886910277   0.00013836077297057567
767.27   18   -0.32585843348442567   0.0001639314805293373
811.14   19   -0.3258601895589759   0.0001801130788689387
854.47   20   -0.32586162468566676   0.00010152328024819086
898.48   21   -0.32586308017067855   0.00010334456779933173
942.87   22   -0.3258636438995467   0.0003577794219450956
984.37   23   -0.32586439450118027   0.0002483976108261498
1025.33   24   -0.32586478630528565   0.00012546326171896817
1065.75   25   -0.3258650941977888   0.0001503310513261728
1105.07   26   -0.32586544248210225   0.00020300502935968956
1146.87   27   -0.32586612872220916   0.00020435258398325188
1173.12   28   -0.32586636089035914   0.00019081542459330555
1215.08   29   -0.3258666320189789   0.0001665485473868877
1258.38   30   -0.325867069965123   0.00018827255370431793
1300.95   31   -0.3258674420437974   0.00015746378162329375
1340.86   32   -0.3258676553570692   0.00015206555913126942
1380.61   33   -0.32586791575497365   9.453382094546609e-5
1421.85   34   -0.32586845877872617   0.00018323245458561814
1448.29   35   -0.32586868783976186   0.00010418025187786557
1488.88   36   -0.3258689260979941   0.0001280131140197971
1527.51   37   -0.32586939090772493   0.00015874176273648254
1567.14   38   -0.3258696541242829   0.0001097812649084807
1606.27   39   -0.3258700039001489   6.71107790700257e-5
1645.18   40   -0.3258706373844691   0.0001062042122807551
1685.77   41   -0.32587144133646095   0.00013638903514427722
1725.02   42   -0.32587194771271877   0.0001441738863983756
1764.9   43   -0.3258725158937637   8.66013768542908e-5
1804.48   44   -0.3258730122384719   0.00019856674354195683
1831.1   45   -0.3258731581812045   0.00014582113371610733
1868.3   46   -0.32587328988563513   6.897695635464538e-5
1905.66   47   -0.325873495092117   0.00020948381940128264
1944.28   48   -0.32587377575353577   0.0001930802849671264
1984.33   49   -0.32587402677560257   0.00012002865188970351
2021.88   50   -0.3258742358430522   0.00014970739389334853
2061.28   51   -0.3258744201900502   0.00012429608058394883
2099.63   52   -0.32587454584840264   0.00010456035438349242
2137.63   53   -0.32587466466108883   6.353392699958863e-5
2175.05   54   -0.32587491485365766   0.00010162844308418953
2200.39   55   -0.325875043037843   7.648635317820322e-5
2239.36   56   -0.32587520501363565   6.791278806522367e-5
2278.42   57   -0.325875316626153   9.695860510925711e-5
2317.2   58   -0.32587543963513954   7.781717960696366e-5
2355.15   59   -0.32587551925338687   6.366160207610155e-5
2391.81   60   -0.32587569829180546   9.68345795109855e-5
2430.69   61   -0.3258758558927378   6.757567189147712e-5
2468.48   62   -0.32587598735369605   5.340024789303691e-5
2506.09   63   -0.3258761242797353   9.051394645930477e-5
2545.38   64   -0.32587635076420063   0.00010441015812494322
2584.71   65   -0.32587661748369373   8.553769292095627e-5
2608.64   66   -0.32587666096343176   0.0001033014971133089
2646.83   67   -0.32587673363025477   5.018456922395883e-5
2685.22   68   -0.3258768394751864   0.00012745250393154283
2722.01   69   -0.32587695303218606   6.409499155746493e-5
2759.11   70   -0.325876997828573   5.9191339901488394e-5
2797.49   71   -0.3258771102460002   0.00012639446177635226
2835.07   72   -0.32587721442043405   7.527317829283745e-5
2872.79   73   -0.32587726259435745   7.676930102529484e-5
2924.51   74   -0.3258773735281316   5.9820839558110864e-5
2965.83   75   -0.32587748372287384   0.00011392007060538922
3006.39   76   -0.3258775772596878   7.690304603930168e-5
3045.6   77   -0.3258776748236413   8.377101465343081e-5
3084.68   78   -0.3258778603413607   6.540057141863306e-5
3122.43   79   -0.3258779977538123   6.919472793808824e-5
3146.95   80   -0.3258780770499265   6.447273568775125e-5
3185.45   81   -0.32587818128564217   7.46351193059149e-5
3223.01   82   -0.32587831844041787   8.78975335709181e-5
3261.36   83   -0.32587842503627096   4.9272415577354056e-5
3298.97   84   -0.32587858163840855   8.050092926976492e-5
3323.29   85   -0.32587866513306274   6.268975884141344e-5
3360.16   86   -0.32587874819208784   8.446177977412184e-5
3397.79   87   -0.32587883800272877   6.67075039568334e-5
3435.7   88   -0.3258788916872353   4.034047593637703e-5
3489.19   89   -0.32587906315839893   7.277583492824711e-5
3514.9   90   -0.3258791336828919   9.73343821762169e-5
3552.76   91   -0.3258792257474437   5.39918539770609e-5
3589.67   92   -0.32587929574649804   0.00011601488782652838
3626.51   93   -0.3258793637915429   9.963086446991378e-5
3662.26   94   -0.32587948874093053   6.695302928991596e-5
3686.14   95   -0.3258795200040165   7.152223203578448e-5
3722.69   96   -0.3258795943489091   8.195964255020664e-5
3760.5   97   -0.325879687587841   5.209047313671411e-5
3798.69   98   -0.32587977761815184   6.704332743546243e-5
3836.34   99   -0.32587991805952715   8.130765512867662e-5
3862.3   100   -0.3258800136991513   5.7671873214109064e-5
