0.0   0   -0.6693458696528248   0.020436786447617667
1126.65   1   -0.6693459057211961   0.02384060916774653
1561.42   2   -0.6693599816855725   0.009651619370024003
1705.01   3   -0.6693656218629824   0.0032694507560660415
1971.68   4   -0.6693692312064107   0.00372501405019575
2252.7   5   -0.669369491935806   0.0061642682255388485
2511.18   6   -0.6693769369849826   0.009286034863250303
2796.11   7   -0.6693827644982018   0.015440403024585058
3003.15   8   -0.6693919211719352   0.0016713541205480127
3205.03   9   -0.6693976376422314   0.03370197212406061
4981.35   10   -0.6693931148286175   0.006420977290539962
0.0   0   -0.6693931152049922   0.006420973550915232
1128.98   1   -0.6693924939374455   0.007431675941382853
1587.03   2   -0.6693939625749826   0.005276214156539142
2053.42   3   -0.6693934085113624   0.0038309117910752593
2339.73   4   -0.6693941476200131   0.0033851881699333035
2681.96   5   -0.6693935172586783   0.0037899896793344434
2887.7   6   -0.6693941774501614   0.0030539215024087867
3141.25   7   -0.6693945200971859   0.011706742678646085
5111.05   8   -0.6693931901544534   0.003945802400951287
6831.51   9   -0.6693930213160061   0.006923252268760262
8782.18   10   -0.6693923492546472   0.008639613552465434
10891.07   11   -0.6693918884063916   0.008558375483519091
10979.19   12   -0.6693932645635906   0.006795828716969737
11224.54   13   -0.669409345498284   0.0014623264605910739
11466.2   14   -0.6694205698876069   0.003428133630245023
11719.74   15   -0.6694226293442763   0.006960529643273013
11993.78   16   -0.6694503936315656   0.01027262838861933
12242.71   17   -0.669496342981515   0.006760403405245483
15219.9   18   -0.6694356902603418   0.003472562573469569
0.0   0   -0.6694356841422962   0.0034727954621074867
3108.33   1   -0.66943502113514   0.01756838214408515
5741.08   2   -0.6694326447805338   0.01640315585066874
7953.89   3   -0.6694321170671607   0.016314012294759574
10000.95   4   -0.669431760389764   0.016039770019454298
12049.47   5   -0.6694315851532512   0.016039247989524996
12323.75   6   -0.6694326434702227   0.001460065597189717
12514.57   7   -0.6694354832840215   0.0014260335302349932
12780.22   8   -0.6694436507445154   0.014398087505237042
13047.66   9   -0.6694478647024407   0.009809714089869723
13342.51   10   -0.6694487605184606   0.00554166323930084
13445.81   11   -0.6694481952798942   0.03250522059226334
13590.31   12   -0.6694483175984387   0.00955544234898154
13920.58   13   -0.6694477239061155   0.03487566523332067
14075.5   14   -0.6694484866658549   0.02982178245224897
14258.88   15   -0.6694518076016177   0.0021614284486381587
14480.22   16   -0.6694530718662739   0.010509065279261851
14573.46   17   -0.6694535601012941   0.03559564379036477
14747.35   18   -0.6694537829455373   0.032642759465367766
15055.59   19   -0.6694560888715806   0.0072093248567602665
15192.43   20   -0.6694566653104441   0.033360993678583556
15536.41   21   -0.669457751528062   0.003449941140638087
15864.19   22   -0.6694573829201287   0.02287287762545431
16021.13   23   -0.6694572428974581   0.018521663080989962
0.0   0   -0.6694186864316344   0.020286610225822076
502.88   1   -0.6694511457439639   0.06050130439515064
930.24   2   -0.6694507153468541   0.019776052261038936
1218.86   3   -0.6694668920212665   0.03814085023006577
3513.38   4   -0.6694654092695291   0.015158441462997834
