0.0   0   -0.5000874479533673   0.0006363953270550698
114.77   1   -0.6588395694953575   0.003341568455683715
148.04   2   -0.6602184927991198   0.00019367846000941345
185.24   3   -0.6602245859728515   0.00023350545563769417
222.45   4   -0.6602303007301512   0.00023548739292944125
271.77   5   -0.6602358270160704   6.47185430823002e-5
321.25   6   -0.6603625454983645   0.0009152327855870925
379.16   7   -0.660383967614461   0.0011567720041076905
425.78   8   -0.6605440718761283   0.0015477872810361814
457.48   9   -0.6608076900749419   0.0017950878212940299
521.67   10   -0.6615413100584003   0.0015598725359669222
585.2   11   -0.6624858346932889   0.004551541251908629
634.31   12   -0.6639034431313942   0.0019895325043756693
666.27   13   -0.6646934934516348   0.0023643502424008553
707.72   14   -0.6663515731223432   0.002067309846198043
753.22   15   -0.6669009117145287   0.0010699564278680007
808.99   16   -0.6674838636517301   0.001993019720489627
875.56   17   -0.6681439442428935   3.209192422060486e14
895.61   18   -0.6681575325438991   0.0007846865532718996
937.03   19   -0.6681837879748668   0.00139201413711557
971.93   20   -0.6682975239585891   0.0008487846901778976
996.16   21   -0.6683408058156335   0.00037190817726234484
1034.57   22   -0.6683714331034634   0.0003552920399710522
1073.46   23   -0.668441152109082   0.0008328291291761445
1114.13   24   -0.6684876973810278   0.0003099544957280958
1152.82   25   -0.6685572535202324   0.00044304825688323574
1191.16   26   -0.6686478283046254   0.0005439919119956272
1234.03   27   -0.6687015396032453   0.00048368299720282583
1273.32   28   -0.668735115378871   0.0003369743243584911
1309.58   29   -0.6687477486540115   0.000193339815890637
1349.11   30   -0.6687749047627694   0.0004693497627321176
1388.85   31   -0.6688101124912246   0.0002535583361361207
1428.47   32   -0.6688431958495181   0.00017948612019129455
1468.21   33   -0.6688744600158004   0.0004702042023778621
1510.8   34   -0.6688951363887905   0.00011291813898682637
1552.63   35   -0.6689045337578633   0.00023364193540321206
1597.54   36   -0.6689100109909072   0.000278542987313131
1633.42   37   -0.6689148377000872   0.000104590938322849
1672.18   38   -0.668922135650148   0.00024194376852094317
1711.65   39   -0.6689274289098509   9.847676205508062e-5
1751.01   40   -0.6689294089908897   6.984237293394466e-5
1787.18   41   -0.6689352506929399   0.00013791459984170763
1829.15   42   -0.6689394242273161   0.00010577800748977775
1868.47   43   -0.66894415623132   0.00010799212287883606
1909.24   44   -0.6689510962950074   0.00011512268199302412
1950.23   45   -0.6689541104588472   4.6622216651650425e-5
1989.97   46   -0.6689567090409818   3.848539390708533e-5
2030.05   47   -0.6689602811241538   0.0001467597848142503
2069.68   48   -0.6689637022512498   4.060644398609258e-5
2105.92   49   -0.6689649459527719   6.914479978153107e-5
2144.68   50   -0.6689680771755497   0.00015055636578210777
2193.36   51   -0.668971316483949   0.0001853386297003562
2234.98   52   -0.6689845541673485   0.00016314468491784024
2288.18   53   -0.6689876283163013   0.00018870161646145398
2352.02   54   -0.6689991371259291   0.00021427925228325077
2416.89   55   -0.6690066470806006   0.000147293628827111
2475.39   56   -0.6690201755690885   0.00025105890467048736
2504.19   57   -0.6690264093748362   0.00032957644700538967
2541.95   58   -0.6690442366375438   0.00035897072402482237
2598.91   59   -0.6690767367565219   0.0004130581380897258
2643.33   60   -0.6690902586247518   0.0004284785948027345
2686.94   61   -0.6691104926415197   0.0003835755034555378
2732.33   62   -0.6691216666836657   0.0002481464375174694
2798.12   63   -0.6691313954122555   0.00032386536455262545
2854.82   64   -0.6691457098132594   0.0001578084438902225
2908.84   65   -0.6691632587117761   0.0002926963798119982
2971.51   66   -0.6691987362968993   0.00022883362234317315
3038.53   67   -0.6692469508557642   0.00029460627497228734
3076.58   68   -0.6692592429565147   0.0002157691963355242
3112.09   69   -0.6692693482009532   0.00013800010135251576
3166.86   70   -0.6692795587566783   0.00025224220602043564
3230.15   71   -0.6692854357481317   0.00015578357145429789
3290.51   72   -0.6692957047720146   0.00015475587726343208
3320.82   73   -0.6692991581536614   8.756925637406349e-5
3374.91   74   -0.6693065524422008   0.00016412288565671355
3425.76   75   -0.6693161076329777   9.435813411561298e-5
3479.1   76   -0.669327283051006   0.0002721506984235373
3534.96   77   -0.669339659177904   0.00016228654605004785
3591.5   78   -0.6693489704468931   9.594319003539131e-5
3644.34   79   -0.6693529093658296   0.00010367074051092141
3695.22   80   -0.6693582236430251   0.00010460709793206138
3745.86   81   -0.6693657118111572   0.00023706026705673508
3800.53   82   -0.6693727228302571   0.0001996575472261532
3853.35   83   -0.6693794032686876   0.00018637873875239474
3907.46   84   -0.669380807468906   0.00011438786131654725
3954.1   85   -0.6693866666434932   5.244534048897678e-5
4330.12   86   -0.6693880253874749   0.0251064823956986
4449.97   87   -0.669388491889432   9.205153668684352e-5
4481.79   88   -0.6693913441247158   0.00010399573330938516
4509.56   89   -0.6693927038875945   0.00013084607933013136
5214.14   90   -0.6693813087057208   0.005479330891678496
5339.37   91   -0.6693945360144116   0.00037173212134329235
