0.0   0   -0.6693930538905168   0.0022266840953268363
561.24   1   -0.6693935474334649   0.0022004668808998816
655.28   2   -0.6693937099532835   0.0003800144020115258
696.16   3   -0.6693938430726181   0.0023511328119116296
744.32   4   -0.6693942061574821   0.002451814734058853
827.36   5   -0.6693946182712709   0.0004057375563911619
905.14   6   -0.6693946600959451   0.00043107396437190674
975.77   7   -0.6693951811520897   0.002475603161740115
1038.57   8   -0.6693951964410498   0.0004691125542621005
1124.72   9   -0.6693955720595246   0.00033768697427785047
1232.87   10   -0.6693953641037602   0.0005326712155670112
1315.53   11   -0.669396795584446   0.00027838907404067244
1397.42   12   -0.6693968822043085   0.00040115571684031306
1477.66   13   -0.6693973515458385   0.00028628015280316897
1556.0   14   -0.6693973351325735   0.000390088617835859
1623.28   15   -0.6693979148343506   0.002395744276054957
1674.9   16   -0.6693976533601823   0.00040424509367509065
1758.46   17   -0.6693980559457964   0.0005479961936354413
1856.85   18   -0.6693979255597637   0.0002935093070389294
1904.13   19   -0.6693983875227668   0.0026267085883744947
1962.96   20   -0.6693985079044844   0.00024868432473838104
2031.82   21   -0.6693983021634681   0.00026120092095492035
2110.92   22   -0.6693984629802084   0.0005278844224904933
2160.94   23   -0.6693983924522716   0.0006048433901121745
2266.8   24   -0.6693982215955292   0.0005478340893442753
2327.4   25   -0.6693980816694843   0.00028082384803989474
2374.31   26   -0.6693987207396938   0.002395621198616058
2438.8   27   -0.6693989659892697   0.0006058630686007623
2515.78   28   -0.6693990986774998   0.0002240991200913705
2561.87   29   -0.6693989345563157   0.0003798813242537848
2614.94   30   -0.6693989444286494   0.0005406416763378989
2680.01   31   -0.6693992645474286   0.0003154648690968786
2769.86   32   -0.6693998695706179   0.000602072624168264
2861.56   33   -0.669400422093206   0.0004936123959852708
2955.23   34   -0.6694012356288467   0.0004646456315819937
3047.08   35   -0.6694026559361097   0.0002621045244819661
3113.29   36   -0.669402976960076   0.0003559562212105549
3164.53   37   -0.6694030644137655   0.0005476505118759428
3226.48   38   -0.6694030737680811   0.0004201155650281296
3318.62   39   -0.6694042856483323   0.0003878521435297512
3393.02   40   -0.6694045234000509   0.0006022009224759254
3459.4   41   -0.6694051102756216   0.0002756387267377596
3536.59   42   -0.6694052317500043   0.00042686426611951856
3609.92   43   -0.6694057754817428   0.0004710571062983654
3698.79   44   -0.6694062092146892   0.0003243435665834408
3799.24   45   -0.6694075008455751   0.00012494212320527772
3875.07   46   -0.6694085924815882   0.0002944902781316094
3930.62   47   -0.6694085955840462   0.00031208976268451124
4021.04   48   -0.6694098289052861   0.000204506576672359
4065.83   49   -0.6694099405661617   0.002755285536636559
4548.1   50   -0.669409479610589   0.00035116876585173767
4863.01   51   -0.6694102209735884   0.0002181544733407211
5156.39   52   -0.6694110972248893   0.00018315876048202636
5269.74   53   -0.6694122256006768   0.0004211689746246256
5357.79   54   -0.6694132347566778   0.00011049375707285983
5437.76   55   -0.6694142342024253   0.00028928922713830255
5551.46   56   -0.6694147460609384   0.00025867172685124237
5630.97   57   -0.6694159595253419   0.0001603821434737918
5709.36   58   -0.6694170138936444   0.00026561322195425494
5814.81   59   -0.6694176097668415   0.00017429487031033527
5903.63   60   -0.6694193236727547   0.00017444220104126065
6013.53   61   -0.6694197877503572   0.00015491668382102038
6104.0   62   -0.6694209584820505   0.0002699612580486183
6197.04   63   -0.6694211399454053   9.437094897746346e-5
6279.57   64   -0.669421938268807   0.00037619032730985683
6353.06   65   -0.6694216318188023   0.0004930948521815077
6446.05   66   -0.6694232321318161   0.0005553920791226425
6512.69   67   -0.6694254164046054   0.00020562510154298157
6563.72   68   -0.6694259544367647   0.002360461735226631
6735.78   69   -0.6694254740076223   0.0006486461594282795
6816.22   70   -0.6694264113482361   0.00020362472182373825
6869.19   71   -0.6694262550136884   0.00028238018310766644
6931.94   72   -0.669425789739926   0.0003306101778119588
7005.29   73   -0.6694265209083207   0.00019480926812035643
7118.25   74   -0.6694278634325166   0.00015329357399820843
7209.94   75   -0.6694292810319922   0.00045080329185304987
7284.02   76   -0.6694304762187776   0.00024885471565630387
7394.07   77   -0.6694312091156052   0.00018634040017823702
7494.57   78   -0.6694324404643355   0.0002295866876201816
7618.29   79   -0.6694335250722315   0.0002995146996814135
7734.31   80   -0.669434784556722   0.000216021753520676
7786.76   81   -0.6694364484520267   0.0063897975418114004
7889.19   82   -0.6694361194536286   0.0006750273073716468
8008.05   83   -0.6694369207744579   0.00037838805290776824
8110.08   84   -0.66943864868702   0.0005649413712966433
8211.8   85   -0.6694403871169501   0.00045700760266028794
8323.17   86   -0.6694418806470412   0.00037639678697981484
8434.92   87   -0.6694429256041778   0.0004890076671289591
8737.96   88   -0.6694444030757726   0.008048445287414654
0.0   0   -0.6694422532851588   0.0003556170398003957
199.99   1   -0.6694431629170972   0.00027426927507528796
528.33   2   -0.6694440421334448   0.00023619286085309246
925.81   3   -0.6694445591159505   0.00027595330898302515
1131.05   4   -0.6694440681672481   0.0003487520221780851
1481.36   5   -0.6694456691728151   0.00026722060726905756
1766.0   6   -0.6694469803551251   0.00020800568079790943
2048.68   7   -0.669447331459422   0.00022029184729748918
2349.07   8   -0.6694485654727381   0.0003801495403715593
2596.41   9   -0.6694496456556234   0.00017846567569838875
2770.65   10   -0.6694495778044256   0.0006004329661327779
2915.24   11   -0.6694503766663666   0.0001620283410487798
3013.21   12   -0.6694509824623234   0.0005372614990457839
3124.08   13   -0.6694509134149991   0.0013687382598578156
4162.33   14   -0.6694506855700926   0.00042489399172884767
4381.5   15   -0.6694512509561904   0.0004864702254381032
4511.84   16   -0.6694514744800689   0.00023237662256024949
4629.1   17   -0.6694518513699413   0.0001450919692271865
4715.55   18   -0.6694531881588076   0.010912093265898112
