0.0   0   -0.6693965290844132   0.007482504513015936
527.89   1   -0.6693987993485768   0.00017093893296800042
652.93   2   -0.6693989564590366   0.0003640698625128026
735.02   3   -0.6693994158733776   0.00020500000489862214
793.17   4   -0.6693995953002081   0.00032614016433072854
882.91   5   -0.6694003580659927   0.00031181343587676126
940.75   6   -0.6694011059111344   0.00018448887296282422
1001.43   7   -0.6694022562456866   0.00039343066977257004
1078.29   8   -0.6694037767941432   0.0006534568800267794
1148.83   9   -0.6694048980047101   0.00035090345727032735
1285.9   10   -0.6694054413893857   0.00022985582405805904
1344.53   11   -0.6694067056020435   0.00027691228005434536
1416.52   12   -0.6694083477707734   0.00042751068688660394
1483.58   13   -0.6694090822302704   7.929655946062666e-5
1576.74   14   -0.6694102598329171   0.00015433127775772536
1646.71   15   -0.669411649806615   0.00018547778069332617
1703.45   16   -0.6694131042336698   0.00011127130159442902
1771.97   17   -0.66941529484871   0.00027060580442205917
1839.82   18   -0.6694167235209315   0.00014169053423457594
1909.7   19   -0.6694180694979507   0.0003261134151682169
1966.76   20   -0.6694192304054531   0.00026110929432172984
2031.76   21   -0.6694201518773593   0.00022622633628494252
2103.47   22   -0.6694207000058697   0.0002534233983106986
2168.15   23   -0.6694214407613729   0.000388196770891447
2240.78   24   -0.66942249674389   0.0002198622446670795
2299.67   25   -0.6694231112245206   9.419173923853873e-5
2364.85   26   -0.6694234939767006   0.0001602702753929788
2423.13   27   -0.6694238801409937   0.00023490049444757795
2480.62   28   -0.6694248157208631   0.00022441217994018103
2541.34   29   -0.6694261268839183   0.00019140298671810853
2580.62   30   -0.6694265203255819   0.0001936812732668108
2637.18   31   -0.6694275076544213   0.0001781740725185733
2708.12   32   -0.6694285624047732   0.00019623918849497046
2747.72   33   -0.6694289247588261   0.00014260817781019952
2805.1   34   -0.6694289594482874   0.00011551546432222758
2885.68   35   -0.6694299233469803   0.00033083340572665664
2943.6   36   -0.6694320915290054   0.00014429297100745407
3003.83   37   -0.6694331094554175   0.00021543692600297783
3061.84   38   -0.6694352317195265   0.0004833655807702687
3130.42   39   -0.6694363635521069   0.00016021362229005987
3246.72   40   -0.6694369686622158   8.809518648210737e-5
3306.64   41   -0.6694370363456836   0.00018410556751834205
3365.86   42   -0.669437466292636   0.0002621805486617016
3434.5   43   -0.669438092176247   0.00039766857296103945
3493.84   44   -0.6694390888327634   0.0002071020292527953
3567.97   45   -0.6694403849682945   0.0001167236223579497
3605.65   46   -0.6694405375746767   0.0001502785815234095
3665.43   47   -0.6694403097207603   0.00014854727803619017
3746.99   48   -0.6694409918993742   0.00028198047145876984
3805.89   49   -0.6694420731889281   0.00021420117317186814
3898.69   50   -0.6694414810635516   0.00018279941215062215
3969.4   51   -0.6694415937932072   0.00019304845891409965
4029.33   52   -0.6694420139195539   0.0001915234591295962
4101.46   53   -0.6694422629592365   0.000144737799458344
4160.27   54   -0.6694446646943709   0.0003637492488375079
4242.97   55   -0.6694453045137387   0.00030195895045968715
4340.37   56   -0.6694466579761408   0.0002296094638421821
4378.78   57   -0.669446988507186   0.00022370427427408407
4441.36   58   -0.6694468982434985   0.00017146686176526372
4520.96   59   -0.669447005770945   0.00021454591842067286
4559.21   60   -0.6694475566547912   0.0002866460803694017
4624.47   61   -0.6694485183788018   0.00011630352265540322
4691.03   62   -0.6694487033131702   0.0001207572430509112
4754.53   63   -0.6694493672570119   0.00017769998000121431
4813.06   64   -0.6694495833228276   0.00028866067811592614
4881.44   65   -0.6694500432166519   0.0003302505233540743
4924.61   66   -0.6694501662813765   0.0003057050197109937
4987.37   67   -0.6694511095998544   0.00026199654697481203
5056.49   68   -0.6694525081268382   0.0003385528268957791
5173.71   69   -0.6694531960582909   0.00026654465749145377
5235.53   70   -0.669453345458488   0.00034245912247513977
5308.51   71   -0.6694545764710662   0.0005506543451156397
5431.9   72   -0.6694548767033919   0.0003903642619339668
5522.07   73   -0.6694553373741874   0.00022522792535190097
5584.15   74   -0.6694555693910015   0.0003962783253951978
