0.0   0   -0.6693621741531687   0.028090393131766568
0.0   0   -0.6693586453865396   0.00014939518022515766
0.0   0   -0.669359307689289   0.00015301167555391415
479.37   1   -0.6693589397534423   8.874846534740385e-5
1000.57   2   -0.6693598150466971   0.00021452126134248876
1392.41   3   -0.6693603709531811   0.00035448149208417145
1947.57   4   -0.6693632561076319   0.0003575110537944984
2483.9   5   -0.6693654334928194   0.00029741694393455893
2875.77   6   -0.6693664944548166   0.00024078956501449568
3269.64   7   -0.6693672307377666   0.00013575674520310203
3860.09   8   -0.6693684322084227   0.0005569865867646319
4253.96   9   -0.6693701177501592   0.00022690357884359874
4664.7   10   -0.6693712274782407   0.0001565177327612197
5059.69   11   -0.6693726348473533   0.00014419322994277576
5766.05   12   -0.6693753742833469   0.0003057118276540738
6195.75   13   -0.6693768098377773   0.00017396212558324985
6590.13   14   -0.6693775893120829   0.000566364043278914
7001.28   15   -0.6693795023027254   0.0001611621066778438
7394.83   16   -0.6693802073868851   0.00020895325293266033
7807.51   17   -0.6693808312097758   0.00014622941052820762
8201.6   18   -0.6693825310359098   0.0003236813431766591
8661.6   19   -0.6693827553537309   7.727073661896022e-5
9057.71   20   -0.6693844443023931   9.026656108442575e-5
9722.78   21   -0.6693863905357958   0.0003065747357696748
10201.08   22   -0.6693914761701086   0.000501894040318249
0.0   0   -0.6693913958534818   0.000513023292094359
0.0   0   -0.6693912959904597   0.0005123397937003479
120.42   1   -0.6693918477167384   0.0003008665150215108
220.62   2   -0.6693922172850539   0.00028477428096434116
414.18   3   -0.669393030576747   0.00025693222937378654
516.07   4   -0.6693935289849756   0.00019947750282043174
660.37   5   -0.6693938541224623   0.00017167068520903512
809.68   6   -0.6693943130237823   0.00014199044648227602
1913.71   7   -0.6693943136652877   0.00025790466472455826
2014.98   8   -0.6693939316124234   0.0001696030503292278
2162.94   9   -0.6693944593593328   8.109729638017335e-5
2319.41   10   -0.6693939540872043   0.00011450457601189235
2479.95   11   -0.6693947644513866   7.405473724192564e-5
2632.07   12   -0.6693954895591112   0.00013402899985861223
2781.18   13   -0.6693977740995345   0.00011872385546014136
2937.96   14   -0.669400368734736   0.00012959677269837148
3096.97   15   -0.6694031439155362   0.00021580481884250075
3273.91   16   -0.6694044333637665   0.0001877677845783174
3431.21   17   -0.6694064268906004   0.00039035886481904124
5045.94   18   -0.6694072140741345   0.017861063014567358
0.0   0   -0.6694069919183403   0.00041238688946875786
296.39   1   -0.6694069845450239   0.024290927067333323
342.5   2   -0.6694069981426447   0.0014563828734821041
418.73   3   -0.669407123400108   0.00016094953121491425
500.38   4   -0.6694069513779823   0.00045577606922985337
575.85   5   -0.6694072974476487   0.00031805767171297236
660.91   6   -0.669407492215555   0.00047323366168402706
718.61   7   -0.6694076408380663   0.0002123133843834658
1521.17   8   -0.6694046924826597   0.025292457397622942
0.0   0   -0.6693916572838036   0.0007646529187029412
1946.22   1   -0.6693865025332097   0.014344016388531526
0.0   0   -0.6693864404565764   0.00029150374024053405
182.55   1   -0.6694048832495857   0.0007206409740487063
483.11   2   -0.6694072393522825   0.0001874923764718308
769.36   3   -0.6694089558523842   0.00037936130914736595
1039.52   4   -0.6694089999691183   0.00016466044032724836
1417.57   5   -0.6694092492049208   7.534633851304096e-5
1697.1   6   -0.6694100297646147   0.00025777614454316225
1994.83   7   -0.6694103975961209   0.00019955551497890652
0.0   0   -0.6694087610516354   0.0003213522434584424
199.15   1   -0.6694104062177986   0.0003421896696948518
499.95   2   -0.6694105413030743   8.486318830612506e-5
0.0   0   -0.6694105551895961   8.594100825563834e-5
185.9   1   -0.6694106298250948   0.00026882215654684026
476.55   2   -0.6694108247508259   0.00016086658834356559
774.86   3   -0.669410820920291   0.00017862497974243248
0.0   0   -0.6693765110169378   0.0027116209623314364
287.74   1   -0.6693999473218017   0.0031212586467093103
576.51   2   -0.6694105755114094   0.00026283256707942444
842.25   3   -0.6694110586660746   0.00025779456066836345
1124.84   4   -0.6694111317387597   0.00011285164944885642
1398.73   5   -0.6694113262805946   6.785975386933152e-5
1769.95   6   -0.669410733805423   0.0003158513664920691
2065.53   7   -0.6694115055246433   7.115738652664299e-5
4873.81   8   -0.6693829265458037   1.477718447379535
5067.88   9   -0.6693824310059273   0.0004972753892598583
5255.35   10   -0.6693844837101995   0.00021097032110025705
5538.41   11   -0.6694039448428138   0.0005882964171637887
5837.34   12   -0.6694096494454571   0.0003562808012568715
7035.24   13   -0.6694092819566049   0.0002527234883296578
7317.96   14   -0.6694117860313564   0.0001329007138929213
10191.78   15   -0.6693849807000174   0.0004083352867279477
10470.35   16   -0.6693978472063966   0.0006082546929484315
10650.79   17   -0.6694066158110714   0.0011067566429007547
10960.31   18   -0.6694111087040235   0.0002092734163938277
0.0   0   -0.6693870685837587   0.00032939202228217927
191.42   1   -0.6693918605190055   0.00021797208239923097
0.0   0   -0.6694147056289262   0.035863300409420096
