0.0   0   -0.6693182612125537   0.004953161792597929
427.14   1   -0.6693214648345243   0.0005569877349224382
606.87   2   -0.6693247640616943   0.0003572120568935469
722.17   3   -0.6693248822145429   0.0002518020825057507
936.49   4   -0.6693254901736287   0.00041959837375780154
1116.05   5   -0.669326106790797   9.897803888367251e-5
1252.38   6   -0.6693284958173412   0.00038389691894764915
1295.21   7   -0.6693291370886817   0.0004314113015073106
1342.67   8   -0.6693299130385736   0.00012333298000818181
1392.3   9   -0.6693310336323905   0.00023791077613965063
1445.86   10   -0.6693328223211755   9.615268301520902e-5
1497.12   11   -0.6693353714133428   0.0001435812596680341
1564.21   12   -0.6693387873169795   0.00012207744116704555
1613.23   13   -0.6693416382882587   0.0001324622869669249
1664.12   14   -0.6693436127628198   0.0001071514181167135
1713.37   15   -0.6693456007662903   0.0003943049395718419
1760.91   16   -0.6693499094570718   0.0027282998359511547
1975.98   17   -0.6693494430310752   0.00024205530020227601
2099.5   18   -0.6693524488447723   0.00017762019818207651
2260.69   19   -0.6693551721358363   0.00022853402849495083
2297.52   20   -0.6693557877963867   0.0004138846719447097
2344.68   21   -0.6693570011304998   0.000283098440271441
2395.97   22   -0.6693580700273897   0.00012587166013401738
2443.63   23   -0.6693590400409505   0.0002292250100217327
2496.62   24   -0.6693599793284722   0.0004048496247277317
2554.75   25   -0.6693614902154384   0.00018995659244205214
2604.92   26   -0.6693614374008453   0.0003157573758884861
2655.74   27   -0.669361883244975   0.0002498708334722436
2716.58   28   -0.6693628344714389   8.391686038963786e-5
2771.77   29   -0.6693636218697825   7.777501791375448e-5
2823.14   30   -0.669364426696769   0.0005351350745855809
2883.39   31   -0.6693646158354256   0.0022130824604576654
3151.26   32   -0.6693641887170708   0.0002316216827582254
3398.46   33   -0.6693646922820475   0.0002487787828478753
3522.02   34   -0.6693649533491226   0.00016640454606375009
3694.38   35   -0.6693656110923268   0.00023690451271912643
3880.21   36   -0.6693659724331839   6.967853408258728e-5
4043.12   37   -0.6693673175853522   0.00010726806793545478
4174.58   38   -0.669368379921657   0.00015768029597987087
4224.03   39   -0.6693690603716349   0.00044310251331254006
4259.7   40   -0.6693690691450073   0.00014293300599316872
4306.94   41   -0.6693693561497308   0.0003438971626249623
4373.26   42   -0.6693691567971537   0.00024409961721799222
4427.63   43   -0.6693695195279679   0.0003368896059858228
4480.28   44   -0.669369405839028   0.00010701516087163691
4510.21   45   -0.6693696681760406   0.0024764462583184267
4546.26   46   -0.669369734579478   0.0002053997201509547
4592.49   47   -0.6693701340532063   0.002537103123727589
4639.18   48   -0.6693703011211813   0.0005560535131868896
4685.33   49   -0.6693707778009382   0.00034674543999371814
4733.66   50   -0.6693724766008905   0.002788158328444542
4768.3   51   -0.6693724550241557   0.0006130966307082806
4817.48   52   -0.6693727444280902   0.0005056872891906877
4868.24   53   -0.6693753110464782   0.0005199578020378618
4928.44   54   -0.669375514858186   0.00018912487246893143
4982.03   55   -0.6693781770479675   0.0003275762662910357
5015.68   56   -0.6693784410824188   0.0004750542944222052
5064.34   57   -0.6693780218390817   0.0003467239710803965
5118.09   58   -0.6693787520867646   0.00036266635969763706
5168.17   59   -0.6693791088330594   0.0004366899143773764
5202.25   60   -0.6693793615569787   0.00046109059217334936
5244.49   61   -0.6693787436229797   0.0003961344536535188
5299.95   62   -0.66938185671193   0.00033605322287640375
5355.35   63   -0.6693832325574665   0.00017460288041330736
5406.96   64   -0.6693841038765   0.00015679751440551837
5458.66   65   -0.6693849366612185   0.0003084285149397918
5794.01   66   -0.6693851641430687   0.0005041562882738732
5911.44   67   -0.669388753837773   0.0001378468229072387
6074.35   68   -0.6693896894021517   0.0002652302854172057
6155.66   69   -0.669390950672743   0.00021311451723999612
6271.72   70   -0.6693943168650419   0.00024331531976740152
6455.32   71   -0.6693962819795914   0.00014719941221373454
6569.81   72   -0.6693980973894808   0.00036337440042837895
6634.29   73   -0.6694018109673974   0.0004725780850201891
6694.78   74   -0.669403795841804   0.00034561683842169604
