0.0   0   -0.6693005816571228   0.016792788929924266
301.39   1   -0.6693112622122891   0.0005050631259512082
357.94   2   -0.6693137226802719   0.00022171758175109236
396.74   3   -0.6693149508257065   0.00015101668432048612
440.43   4   -0.6693163247594801   0.0002830548373916644
479.7   5   -0.6693180746318504   0.0002453714744617088
534.91   6   -0.6693237154623017   0.00012782769532540712
578.76   7   -0.6693284807871103   9.585413277913069e-5
617.58   8   -0.6693324455610613   0.00026591622401910345
660.1   9   -0.669335491404133   0.00010615566242859985
717.97   10   -0.6693384423872305   0.00020543187941555874
761.09   11   -0.6693432804167349   0.00016261316403251984
801.47   12   -0.6693457175001841   0.0004035672661847183
847.82   13   -0.6693567475601752   0.0002412960207697349
969.32   14   -0.6693562514138929   0.00010954853968448905
1011.56   15   -0.66936239873307   0.0001321711893507861
1054.43   16   -0.669365940999858   0.0002303705382115022
1102.13   17   -0.6693677108129916   0.0003526097482914788
1145.28   18   -0.6693755634220397   0.00014794317575675796
1635.49   19   -0.6693803601649773   0.00785328879715411
2477.31   20   -0.6693803854419372   9.256809967083703e-5
3091.04   21   -0.6693804788896326   0.02142836490816693
3407.7   22   -0.6693806359322172   0.02950463194451728
3435.18   23   -0.6693814495089878   0.0002505831323646057
3480.29   24   -0.6693822292787156   0.00015142671862515615
3522.09   25   -0.6693821213877145   0.0002489536762559472
3565.25   26   -0.6693876739119007   0.00048016559988219547
3604.46   27   -0.6693917888349897   0.00021683572690770966
3646.37   28   -0.6693914851938982   0.0002093478360737442
3685.14   29   -0.6693954597873026   0.0001849222445159875
3733.39   30   -0.6693949061888822   0.0003852109632918153
3776.14   31   -0.6693980622427732   0.00013359029923751958
3815.84   32   -0.6694002556818384   0.00016870314699616185
3858.48   33   -0.6694007733092462   0.00019321685223205442
3898.96   34   -0.6694042532054277   0.00012012512996551947
4738.06   35   -0.6693853907261863   0.00038771460241117037
4792.02   36   -0.6694032056802699   0.0001910248275540649
4836.71   37   -0.6694062361046911   7.78212107923205e-5
5549.92   38   -0.6694045470208377   0.004173816283868131
6438.38   39   -0.6694045409786631   7.755393097144507e-5
6479.35   40   -0.6694065522474032   0.00011651476798062331
7468.53   41   -0.6694071602669964   0.00011167898909021896
7595.06   42   -0.6694071207449352   9.474019406532626e-5
7717.68   43   -0.6694072245618561   8.890219417566407e-5
7778.54   44   -0.6694070366453978   7.056984805108996e-5
7825.87   45   -0.6694071231169791   7.032449774891027e-5
7907.91   46   -0.6694072127999604   0.0001377810240663002
7955.39   47   -0.6694078086295959   0.00023576123027931604
8011.42   48   -0.6694085560501156   0.0003096345180159031
8046.74   49   -0.6694097929080332   0.00011297195472809163
8100.15   50   -0.6694100736025567   0.0001724045637248922
8144.8   51   -0.6694111171874029   0.0002288461018224778
8183.91   52   -0.6694116607510071   0.00025019471592206585
