0.0   0   -0.5002574406515785   0.0015726367716205171
157.12   1   -0.5031295083142936   0.0007763666286066198
213.17   2   -0.5978839282077457   8.64183980621864e-5
242.61   3   -0.6215798953411666   0.00027997049072009405
268.04   4   -0.6404168147457305   0.0001223672896712146
285.7   5   -0.6593767243173523   3.905324289147167e-5
303.51   6   -0.660782051566171   2.4813864109997994e-5
340.65   7   -0.6620650357963965   1.939099246375285e-5
371.05   8   -0.6628661711559364   1.7266662619832146e-5
399.1   9   -0.6634224140858882   1.2295140958347752e-5
434.25   10   -0.6638644414587194   1.0800067290170611e-5
461.27   11   -0.6643035771101362   7.0612297219131735e-6
491.32   12   -0.6643531051236286   3.4507159438505708e-6
519.04   13   -0.6644047189830036   3.0483261292856952e-6
577.13   14   -0.664629039506016   7.7757665272596e-6
602.62   15   -0.6648457049811777   1.2939641990931728e-5
637.69   16   -0.665084866582185   1.5531120804158138e-5
670.94   17   -0.665471186440732   1.612034363131038e-5
703.14   18   -0.6661336232380234   1.6431063227905353e-5
759.84   19   -0.6673130512967955   6.161313932201457e12
1175.78   20   -0.6673128149743512   1.896736099369495e-5
1589.01   21   -0.6673131701709643   1.8977307323139232e-5
1636.16   22   -0.6680677012708389   2.0556048478971266e-5
1658.87   23   -0.6682823709595712   9.197776056587284e-6
1677.25   24   -0.6683566507689704   5.7127507239832924e-6
1707.94   25   -0.6684045273948778   3.2456999864607743e-6
1747.13   26   -0.6684576107127959   5.153121847333423e-6
1776.44   27   -0.6685177180700067   4.54905612706768e-6
1810.85   28   -0.6686309882538594   4.611306400595072e-6
1844.56   29   -0.6687015193420153   6.038742650881719e-6
1862.87   30   -0.6687444141509489   3.886868561114741e-6
1891.01   31   -0.6687650609061411   3.469217282331675e-6
1921.01   32   -0.6687951062816332   2.1482299819595226e-6
1948.26   33   -0.6688072362309551   1.8668651087147026e-6
1985.75   34   -0.6688175242181907   2.895354054764793e-6
2017.1   35   -0.6688478053499747   2.003406406937225e-6
2046.02   36   -0.6688622393283004   2.662083712108625e-6
2074.89   37   -0.6688800105693447   1.7145247956769124e-6
2104.09   38   -0.6688925838067489   1.3244587616872476e-6
2139.06   39   -0.6689122210804533   1.6438022034924672e-6
2173.48   40   -0.668912495848636   1.6922196551713064e-6
2228.72   41   -0.6689239355483856   1.0596622249314433e-6
2276.94   42   -0.6689273108001583   9.01771531407764e-7
2328.64   43   -0.6689365407115868   1.7199256301826282e-6
2361.39   44   -0.6689405565912141   5.62406083785903e-7
2390.75   45   -0.6689415063434964   3.4302643810437555e-7
2436.2   46   -0.6689446768520909   6.12043452672859e-7
2464.26   47   -0.6689487197821574   1.1956050366538183e-6
2493.42   48   -0.668951157353094   7.164152372093345e-7
2524.12   49   -0.6689528238781217   7.005817142106995e-7
2554.03   50   -0.6689547728209267   7.448495095549529e-7
2582.28   51   -0.6689554138573245   4.2661526202258805e-7
2613.1   52   -0.6689562021820832   6.372398824604675e-7
2666.06   53   -0.668962393665114   1.187743381198154e-6
2702.6   54   -0.6689675434224199   5.305251600428091e-7
2744.09   55   -0.6689726124308433   6.052209250571977e-7
2763.88   56   -0.6689749810196798   7.055057596133777e-7
2787.06   57   -0.6689771363572397   6.759592198801361e-7
2823.39   58   -0.6689784622907109   1.043244326055845e-6
2868.38   59   -0.6689861742545725   1.394753147736933e-6
2902.4   60   -0.6689923416829611   1.5461078720140458e-6
2927.93   61   -0.669004683662079   2.374652908264452e-6
2955.12   62   -0.6690138361678889   1.8556134126120194e-6
2999.97   63   -0.6690304138676059   1.3508716171675058e-6
3051.34   64   -0.6690484819317069   2.0902750817248296e-6
3085.73   65   -0.6690592980630218   3.7842857337524746e-6
3138.05   66   -0.6690772675246093   2.049876075731213e-6
3193.4   67   -0.6691074771792126   2.3470180296483137e-6
3246.69   68   -0.6691436100571457   9.269304640460878e-6
3299.28   69   -0.6691861782569098   2.8843527792227262e-6
3337.48   70   -0.6691985902415757   2.629774163085848e-6
3373.14   71   -0.6692173889245029   2.2100951052801584e-6
3427.0   72   -0.6692262149408783   1.704443536420444e-6
3480.44   73   -0.6692374337865721   2.59284607627116e-6
3530.98   74   -0.6692432838958726   2.2872475028594416e-6
3580.4   75   -0.6692489379550031   1.0364121156779465e-6
3617.79   76   -0.6692613739733198   2.0233634967706646e-6
3671.11   77   -0.6692801256475575   1.891531669215469e-6
3706.76   78   -0.6692900582211639   2.745816902535707e-6
3762.67   79   -0.6692956310243654   5.854178220686954e-7
3806.03   80   -0.6692980966642595   1.6567109000753045e-6
3845.02   81   -0.669303590162847   1.4751262915232775e-6
3890.44   82   -0.6693128133474552   1.462957329391684e-6
3941.0   83   -0.6693211669666186   1.8372235335577215e-6
3997.87   84   -0.6693245732971526   6.856411664245278e-7
4043.16   85   -0.669327653006894   9.489849767654846e-7
4087.41   86   -0.6693329335196876   1.0356392733354e-6
4141.06   87   -0.6693385947088839   1.0791452167518822e-6
4191.81   88   -0.6693485954269023   1.0232391283996245e-6
4243.63   89   -0.6693585294995384   2.4163667785878826e-6
4300.16   90   -0.669368478029514   1.0498537680400722e-6
0.0   0   -0.6693653054145092   0.00015260644544947544
25.59   1   -0.6693688500195789   0.0003105172612690859
66.91   2   -0.6693703695061626   0.00034771576343724394
105.65   3   -0.6693722351167255   0.00022745540204760321
140.68   4   -0.6693737617738751   0.00037030929253725476
200.13   5   -0.6693765597675596   0.0002951039812042111
247.21   6   -0.6693825076970433   0.00035181873478140244
298.51   7   -0.6693886078045129   0.00046914327200503063
0.0   0   -0.6693377697146049   0.0003592246843150804
34.47   1   -0.6693467099673972   0.0003817693309574148
57.52   2   -0.6693482860251663   0.0005062983470028627
93.41   3   -0.6693494091478925   0.00019741737973790266
152.32   4   -0.6693822532964852   0.0008003801117092849
179.32   5   -0.6693873736576197   0.00019223034868738937
236.17   6   -0.6693867367215267   0.00016189019373960353
276.89   7   -0.6693913835319968   0.00018880432048546704
319.72   8   -0.6693962887393743   0.00047432876684695127
359.08   9   -0.6693980152654688   0.00022774983346287827
0.0   0   -0.6693942196276549   0.0003993566833083809
35.34   1   -0.6693981376978648   0.0002906956230478575
69.9   2   -0.6693985563893278   0.00015526463312063744
672.2   3   -0.6693999157881281   195.0429495316157
1632.0   4   -0.6693992775965656   0.00014113841977717132
1836.36   5   -0.669400555476395   0.0001960657952691317
2622.07   6   -0.669336551180792   2.459779938301356e6
3445.98   7   -0.6693858243593209   0.001403905403533285
