0.0   0   -0.6693801599407803   0.00489042975153307
330.66   1   -0.6693810041467179   0.00041042312316529354
397.79   2   -0.6693810164079196   7.734324700556912e-5
455.08   3   -0.6693811988448721   8.659617802382883e-5
504.3   4   -0.6693813629314653   9.902440957980374e-5
546.35   5   -0.6693815380042908   0.00017980414983324058
605.52   6   -0.6693830188200551   0.00016443829159822065
653.34   7   -0.6693853067928951   0.00020668960852716564
696.03   8   -0.6693863809278534   0.00014998259614972358
742.52   9   -0.6693867858338955   0.00017489751006030842
789.96   10   -0.6693872420211364   0.00011607883991145756
834.24   11   -0.6693878622658117   0.0002524528727045004
877.05   12   -0.6693881333700082   0.00015190634314740206
936.67   13   -0.6693887744400459   0.0001684178317415721
983.46   14   -0.6693898914801792   0.00017948037521096916
1023.97   15   -0.6693911365771074   8.646860937662482e-5
1072.9   16   -0.6693924638834527   0.00025313313651341196
1113.25   17   -0.669393830600563   0.0003000008173801918
1158.03   18   -0.669394987238251   0.0002229964079653573
1198.67   19   -0.6693971077634542   0.00012883691849156849
1246.82   20   -0.6693979389167969   0.00037424590244490986
1287.3   21   -0.6693997913281541   0.00018916335654135807
1337.74   22   -0.6694012804579712   7.71423871562052e-5
1378.52   23   -0.669402462601446   0.00048625387826705925
1425.54   24   -0.6694046823179667   0.00018812239539323095
1489.46   25   -0.6694052553735206   0.00015192303896938852
1580.6   26   -0.6694058638819701   0.00020129917234561716
1666.66   27   -0.6694067297403848   0.00011973125111802212
1720.96   28   -0.6694078159041082   0.00028610253826729596
1804.41   29   -0.6694088713760893   0.0001871572311401284
1871.75   30   -0.6694093299985922   0.00021408032055630753
1916.94   31   -0.6694103507653216   0.00021946849133835114
1969.99   32   -0.6694107544796618   0.0002651612441947289
2003.46   33   -0.6694122023628674   0.0004585676108682825
2030.08   34   -0.6694138034658191   0.0004050702530148585
2083.53   35   -0.6694149146346421   0.00015178835370128569
2129.51   36   -0.66941733896204   0.0004541024415504383
2180.92   37   -0.66941972699898   0.0003858358754686317
2223.61   38   -0.6694235234763244   0.000272030650602606
2281.67   39   -0.6694274967343317   0.0005791803960045012
2336.01   40   -0.6694303734911344   0.0002220359619695019
2999.66   41   -0.6694301205593536   0.0002055450941612369
3028.94   42   -0.6694311482936481   0.0003583599080352113
3085.83   43   -0.6694328114775139   0.0002920239453990863
3135.52   44   -0.6694358345495468   0.0005640918188295747
3186.32   45   -0.669436829157295   0.000280413029674587
3855.84   46   -0.6694233130260634   0.0003198137213014545
3907.55   47   -0.6694311775352682   0.00012196250789747371
3965.43   48   -0.6694380489934106   0.00032942466128106206
4021.13   49   -0.6694388579442898   0.00027502939540070825
4077.03   50   -0.6694414209354121   0.00046521103016670956
4127.33   51   -0.6694435172123409   0.00029173633092971247
4179.69   52   -0.6694449571080952   0.00016970331124137143
4212.9   53   -0.6694458599237811   0.0003637829993665558
4256.57   54   -0.6694466430727948   0.00039799049941535236
4288.86   55   -0.6694493194077923   0.0006510614719162057
4341.88   56   -0.669451952888871   0.0003228547754104902
4397.4   57   -0.6694547271252828   0.00030209558245152825
4449.45   58   -0.6694555991087017   0.0001243278434142174
4499.45   59   -0.6694560161840872   0.00020670800131392109
4534.79   60   -0.6694565580561216   0.00038380986593013487
4587.34   61   -0.6694589403340439   0.00032086902975411204
4614.73   62   -0.6694596578674283   0.00022234449582031007
