0.0   0   -1.0001169956648017   0.025946231898645145
12.75   1   -1.0009988596792778   0.020199608963149783
60.62   2   -1.1266039253672653   0.7631264267977759
73.98   3   -2.0148887796920576   0.35731658194547977
94.34   4   -2.0598884608538524   0.3039354664412677
114.16   5   -2.119171693522244   0.03805820524763409
132.96   6   -2.1206809066171104   0.045016148068044326
158.84   7   -2.1246000817934982   0.042309389686940826
177.66   8   -2.1254046263655373   0.0024898687956062876
197.5   9   -2.125437101785321   0.00253515766635444
215.79   10   -2.125446426776729   0.0012230435720585963
247.09   11   -2.1255638803284427   0.00999596817026174
265.74   12   -2.125630464360877   0.0012553076498543875
285.7   13   -2.1256490422727765   0.002168897627246413
305.02   14   -2.125655480859871   0.0004817560010434441
323.76   15   -2.12565744873994   0.0005919222392544175
343.03   16   -2.125657699953034   8.032540009769596e-5
0.0   0   -2.1256576999530346   0.0002416177218458579
11.81   1   -2.1256576901083943   0.000179372896091514
28.88   2   -2.12565770483578   1.8357547246942414e-5
0.0   0   -2.1256577048357803   0.00022220762473908868
11.46   1   -2.125657680424969   0.00018233215233503922
23.16   2   -2.1256577066763067   2.7972787073159244e-5
0.0   0   -2.1256577066763063   0.00022331521298355183
4.57   1   -2.1256576819716724   0.00020003738557657194
7.41   2   -2.1256577080746846   2.8986860237333732e-5
0.0   0   -2.125657708074684   0.00022277909998248105
3.12   1   -2.125657683349754   0.0001980886966374989
6.06   2   -2.1256577092332134   3.0883962938613134e-5
0.0   0   -2.1256577092332134   0.00022274326959784792
3.88   1   -2.1256576844304784   0.00019557877324173574
6.64   2   -2.125657710207521   3.26801015626225e-5
