0.0   0   -0.5036817432559982   0.043945991146851084
1.63   1   -0.5572757419753875   0.10048686030384162
6.38   2   -0.6373482007294367   0.008918200817824925
8.25   3   -0.6436329699017681   0.005927203902035825
9.97   4   -0.6503307443546785   0.0015205208298678802
11.94   5   -0.6523182373644001   0.003135147841249375
14.36   6   -0.6566331174503139   0.0009038148440146052
15.21   7   -0.658082996935011   0.0011811740014191225
16.04   8   -0.659064819002425   0.0014324151104629166
16.86   9   -0.6595743611809843   0.0002317314080232135
17.71   10   -0.6597710220511798   0.00029069748648635605
18.49   11   -0.6598902385636176   0.000383837241178112
19.3   12   -0.6599950676251454   9.624860688750667e-5
20.09   13   -0.6600555258455466   8.321308497102841e-5
20.85   14   -0.6601068864796817   0.00015788637648588694
21.94   15   -0.660180532963818   6.018781718436132e-5
22.72   16   -0.660227287694104   4.5010380372257696e-5
23.51   17   -0.660230317934137   1.0338264898919814e-5
24.25   18   -0.6602304685450627   3.581603999354327e-6
24.94   19   -0.660230531570622   2.744052889188742e-6
