0.0   0   0.06878487775712606   0.011156321945222758
92.13   1   0.03374510841558312   0.2022945102160683
131.48   2   -0.030263449336726894   0.2675986188836383
596.34   3   -0.030263443575529854   0.2531770795111984
1088.1   4   -0.030263440034290268   0.13566820359562864
1517.84   5   -0.030263429279883014   0.15032628358170055
1560.07   6   -0.030263404271031268   0.18354169610903873
1750.99   7   -0.030263394378997402   0.2484807124961229
1790.9   8   -0.03026339387905755   0.13509855507078258
1971.38   9   -0.030263382378116446   0.13578334389413055
0.0   0   -0.030263382201918772   0.24034909387973802
4833.68   1   -0.030263358701001372   0.13444734749229667
6231.48   2   -0.030263335903424927   0.13240669293039417
7249.1   3   -0.030263324783304624   0.19711819997738947
7866.42   4   -0.030263587820940532   0.25801067331342
8169.74   5   -0.0302640287844572   0.23935559642972526
8790.06   6   -0.03028656218591229   0.27261499559116004
11781.79   7   -0.03028653253109064   0.1826381026349775
12067.06   8   -0.030286506358570685   0.2433270348501011
13392.92   9   -0.030286487659658294   0.19837715862740543
14374.71   10   -0.030286462178267026   0.15734171497051855
14774.21   11   -0.030286463858697682   0.24306939430765487
15327.87   12   -0.030286449712520945   0.26514132193560447
16313.81   13   -0.03028644285764527   0.23529290450678256
18752.08   14   -0.03028643012701758   0.1470260565612714
23915.59   15   -0.030286429509892576   0.1682848544841871
24598.68   16   -0.03028641823120938   0.27047335084266877
24863.59   17   -0.030286398331612965   0.27046726729574433
25299.62   18   -0.03028642186094673   0.25616318768288976
25990.49   19   -0.030286414005916196   0.15193971381825336
26271.57   20   -0.030286410899554722   0.13768868691238662
26560.06   21   -0.030286408305031105   0.2633360483313339
26847.76   22   -0.030286411503427216   0.2762123221082022
28495.99   23   -0.034254557078764514   0.19551999510322696
29759.57   24   -0.03425453643233113   0.1258277462677791
29881.32   25   -0.034444188745798965   0.2487078114412239
31164.79   26   -0.0344441545750782   0.1780034074740614
31197.31   27   -0.03444422553816508   0.14237787996287557
31246.99   28   -0.0344443709571502   0.15940614082172536
31312.83   29   -0.03444539636168978   0.2591296501448327
31437.14   30   -0.03444537698275858   0.27366955524775566
31516.3   31   -0.03444535140943529   0.19231277450800702
31637.97   32   -0.034445328722408644   0.25256942849272285
31820.76   33   -0.034445296541173995   0.15219578203087286
32017.43   34   -0.03444528196929572   0.15644041132488914
32047.18   35   -0.03444527609288245   0.16978210149293535
32077.4   36   -0.034445274520761446   0.15669238995902965
32141.77   37   -0.034445272276818026   0.2755241058016253
32200.81   38   -0.03444527027118639   0.197303238122476
32399.5   39   -0.03444526351103926   0.26768924414633233
32506.55   40   -0.03444524800813876   0.284634738457481
33016.66   41   -0.03444521907679542   0.18553159468412633
33064.1   42   -0.034445318460941766   0.2509870198311898
33329.31   43   -0.034452354680298725   0.16312952897636235
33477.99   44   -0.03445233511519329   0.1418862701921807
34134.69   45   -0.034452300669172424   0.1822462223782958
34311.63   46   -0.03445228652701733   0.154485696973556
34692.74   47   -0.034452285559426254   0.18365015711564323
34818.58   48   -0.03445920200914877   0.29843131419866603
34991.43   49   -0.034492824623717215   0.19984807092742551
35457.0   50   -0.034492791571436386   0.17910502156385436
35530.68   51   -0.036927340180162846   0.16907424441382984
35609.12   52   -0.04620335439691761   0.2417667775549749
35667.41   53   -0.11877274050404477   0.11666045152756754
35705.18   54   -0.17642864323029797   0.06842769718155421
35762.76   55   -0.22448242693042686   0.051571610342301635
35821.33   56   -0.2354421844711396   0.08048330087710757
35877.57   57   -0.2736543782372838   0.06696143211687913
35935.3   58   -0.30801934747570325   0.049868408315760636
35971.47   59   -0.3277174824144726   0.04144483371571138
36028.71   60   -0.34658885450790156   0.02864211049200343
36085.73   61   -0.37099145765785085   0.02927946060076292
36140.72   62   -0.38209903715586735   0.02164207784179327
36177.53   63   -0.3926405058162035   0.01780471494242626
36215.18   64   -0.3977567631906002   0.0070240844754807935
36272.28   65   -0.39931957026623116   0.004465520283179157
36328.78   66   -0.4001139230208649   0.003374736632093558
36383.13   67   -0.4007901901537062   0.003566303000815876
36419.17   68   -0.4009932439302435   0.0018647635568553908
36474.1   69   -0.4010764978236987   0.0017447529122588087
36527.77   70   -0.4011731476364927   0.001526165362026629
36579.32   71   -0.40126291500087163   0.0022401434347473206
36629.7   72   -0.40137342837491835   0.0018695368019581145
36678.95   73   -0.4014511849311304   0.0011552138227783773
36749.84   74   -0.4015972007024426   0.002140576260806597
36807.54   75   -0.4017800601156918   0.0012104141948459986
36861.68   76   -0.4020651601250237   0.002464727370681743
36913.28   77   -0.40260449155361727   0.0036919833731080503
36953.25   78   -0.4032468397702963   0.004272676929874272
36992.56   79   -0.40382231298175586   0.003562585684351075
37032.08   80   -0.40420774776886403   0.0030277488284631998
37070.3   81   -0.40444557705318573   0.0020329020795525304
37124.83   82   -0.40463948559817564   0.001687434670869723
37177.43   83   -0.4047890997494608   0.0013515396557512189
37230.26   84   -0.404895521067297   0.0010554749360274774
37280.42   85   -0.40497479827261673   0.0007704568245248862
37327.69   86   -0.40503623673931055   0.0005892178154604625
37374.62   87   -0.4050739100966654   0.0009775224616441862
37423.34   88   -0.4051353884168194   0.0013158737303129993
37472.62   89   -0.40518701698753085   0.0010643662735180747
37520.94   90   -0.40524294934839467   0.000901281439128403
37570.76   91   -0.4053208707635785   0.0007950090881243251
37620.06   92   -0.40538949132175955   0.000962408043511462
37670.52   93   -0.40545833257240443   0.0013393924707177972
37719.25   94   -0.40558467841735063   0.0017254604212117457
37767.98   95   -0.40567034043279815   0.0009990298108310408
37818.78   96   -0.40575509152176514   0.0007990952832271762
37868.57   97   -0.40585470541228286   0.0012042525347722172
37920.13   98   -0.40597278797933   0.0008073117786559094
37973.67   99   -0.4060869594742138   0.0009358037534538568
38008.57   100   -0.4061516964712653   0.0013222938542191431
