0.0   0   0.07319488284681894   0.060947300971503665
18.03   1   -0.025035321964358835   0.21094678361997987
51.53   2   -0.08266333487077841   0.3439462473246811
199.3   3   -0.08266325976799124   0.3293484425069435
311.54   4   -0.08266319878699095   0.33089723675745736
422.34   5   -0.08266319355721581   0.3707358064628639
516.79   6   -0.08266311188386605   0.4134963939241159
675.03   7   -0.08266303975180872   0.2884485848037193
692.92   8   -0.08266301095852535   0.2900840625154837
715.86   9   -0.08266307040207596   0.30502792511255655
741.55   10   -0.0972582004366653   0.3381196027836094
899.85   11   -0.09725819065869842   0.3608870780001367
1057.23   12   -0.09725812524337474   0.24706737092883355
1090.93   13   -0.09725811058442778   0.3144339007846474
1142.49   14   -0.09725809338174157   0.3690547439216393
1170.28   15   -0.0972580912586676   0.29425012209894547
1186.7   16   -0.09725806576830577   0.36414226642074865
1209.29   17   -0.09725801852981938   0.4106601412581103
1248.95   18   -0.09725794801476263   0.33873053201120795
1287.51   19   -0.09725793687895315   0.2830605138284318
1343.61   20   -0.09725784082091163   0.27814411848219717
1366.28   21   -0.09725785735890233   0.42988990700677493
1378.02   22   -0.09725791529738187   0.4116464523836563
1400.19   23   -0.12227329729202133   0.4535800838852658
1555.78   24   -0.12227326409824965   0.40487263121697453
1577.37   25   -0.13794443697582975   0.29606359533507487
1600.81   26   -0.14392955047515105   0.30589107110007674
1708.87   27   -0.14392942827533164   0.37460346149245977
1720.41   28   -0.14399389353566414   0.4355506198047529
1743.42   29   -0.14403791200605903   0.4013495769751258
1766.55   30   -0.14404745349870432   0.42424581678794016
1785.26   31   -0.1440497128697742   0.42732607409672996
1802.92   32   -0.1442973003174656   0.42954692230791774
1825.59   33   -0.14429770562005506   0.39435679846741295
1915.95   34   -0.14429763611479163   0.4147251378492078
2054.37   35   -0.14429755291016094   0.4299801219728407
2077.86   36   -0.14429841448283204   0.27191853412966666
2126.85   37   -0.14429828819927226   0.33064067836488265
2217.89   38   -0.1443011949354169   0.3227829268564559
2331.09   39   -0.14430105066380838   0.43051194617492955
2351.3   40   -0.14430104995409337   0.36112656860395237
2478.95   41   -0.14430091279340934   0.43076995509099275
2500.68   42   -0.1446128440169149   0.408656682459289
2517.53   43   -0.1460513557165828   0.30039590902161395
2559.48   44   -0.1637198103442709   0.2575461993736402
2711.88   45   -0.16621025857778987   0.30940920505403946
3061.75   46   -0.16621009141008225   0.3525877447413244
3174.14   47   -0.16620999883542129   0.48322964678206276
3196.62   48   -0.18645467045803954   0.2752896780293167
3221.24   49   -0.2490516005459407   0.010885583127298098
3245.54   50   -0.25933882990059626   0.015634971456793982
3254.2   51   -0.26407371088329645   0.012898992117899659
3268.7   52   -0.27683294378453743   0.007215015730246207
3299.84   53   -0.31040846725254145   0.34289825937673096
3324.98   54   -0.3158220443729919   0.37726605983482775
3459.71   55   -0.3158219036821014   0.005864470496906411
3468.96   56   -0.31753064528410907   0.005539181519282191
3487.36   57   -0.3202277553149678   0.005853780623934
3506.43   58   -0.32795241661719504   0.005663916415387263
3515.29   59   -0.34300226173477794   0.011842487671947878
3533.75   60   -0.35023952844267975   0.008742637013793676
3543.43   61   -0.3547437496163225   0.0076352250738715155
3570.18   62   -0.3608211702938203   0.0054835231545910645
3590.28   63   -0.36753173702186914   0.0026154381352559344
3599.94   64   -0.36766452369612224   0.4022257746139149
3609.04   65   -0.3696001313684478   0.29435015221933125
3639.33   66   -0.37052127655853834   0.005629208576507305
3649.8   67   -0.37152239366463097   0.34097709133101906
3724.83   68   -0.37154478215383385   0.3796775694403973
3809.13   69   -0.3715447507596114   0.004860926704651315
3818.25   70   -0.37173528298205205   0.004764076709756542
3827.35   71   -0.37223492195155994   0.385486576738009
3836.28   72   -0.3725067225062259   0.2722829222979245
3926.83   73   -0.3725065327538559   0.004469681532522044
3950.56   74   -0.3725930403638588   0.3825512631781844
3960.6   75   -0.3738925460885209   0.34321890393091414
4027.09   76   -0.3738923605533026   0.004901458256273895
4041.04   77   -0.374070609690198   0.00775806201931315
4054.92   78   -0.374535097126364   0.0038954662323248484
4064.4   79   -0.37574165270406584   0.3028084906012356
4150.57   80   -0.37574309696076635   0.002446704564661496
4165.07   81   -0.3760018339968746   0.0025850529376203854
4174.73   82   -0.3768457332222679   0.2517097267128108
4203.37   83   -0.3768500698792451   0.00420461497054916
4228.13   84   -0.3770805558978279   0.314090954991967
4243.46   85   -0.377112064346152   0.003870389991050636
4253.17   86   -0.3771497886223012   0.003858345886249499
4291.14   87   -0.3772026588307423   0.38879671929084675
4301.0   88   -0.3773107373991835   0.0037629548006938617
4324.09   89   -0.37741660434796254   0.0036777799395050015
4349.49   90   -0.3775895797947523   0.003747801644320757
4359.76   91   -0.38058097814209224   0.0036793893242966723
4590.64   92   -0.38061193585741193   0.3009262984621236
4600.26   93   -0.38277160648873443   0.0036491683810491488
4615.56   94   -0.38288896648161236   0.33824239355928887
4660.39   95   -0.38293747301909703   0.005884464656222291
4681.29   96   -0.3839149568650683   0.42729226503931006
4691.66   97   -0.3839647546917801   0.003216496419512107
4706.2   98   -0.3841901185826292   0.3706820782699355
4720.51   99   -0.38423663553603066   0.003015555902401324
5015.23   100   -0.3842408894923525   0.0044387510536755305
0.0   0   -0.3842408894923527   0.06708321729625348
28.11   1   -0.3877333858945284   0.0450812497870153
86.15   2   -0.38827422703288483   0.25656881074703397
203.79   3   -0.3882738589464075   0.26339236118998804
217.98   4   -0.390091530440095   0.39621939035238335
240.99   5   -0.3902113869544072   0.11683572579150155
250.83   6   -0.3910097062961142   0.27782272169383015
280.36   7   -0.39107686317268564   0.2785566174572429
295.82   8   -0.3919494772998537   0.25636921241822735
351.92   9   -0.39194939522024935   0.4676559168155991
421.28   10   -0.39194933168836227   0.49550561229376866
460.57   11   -0.39194916986988176   0.4372367099048557
483.41   12   -0.39194910300556274   0.10060110361732151
498.03   13   -0.39194999552124754   0.41887846721939026
507.56   14   -0.39195030125724106   0.2696272459054897
527.27   15   -0.3919694800606879   0.39431855234159585
590.76   16   -0.3919690907377805   0.4406545850806969
610.87   17   -0.39197758599312543   0.4911194295294178
653.76   18   -0.3919772071989181   0.09849553607217665
663.2   19   -0.39197754577900157   0.3410696207952069
681.28   20   -0.3919815009374033   0.409987407777074
690.79   21   -0.39198250085203673   0.413492949957088
739.98   22   -0.3919825005912353   0.4459625089354026
795.09   23   -0.39215499985650526   0.2773189540223063
836.96   24   -0.3921548865586839   0.41468882744798685
846.46   25   -0.39216913987851937   0.3803942914934243
864.14   26   -0.39323657380084975   0.06312743606796219
873.19   27   -0.3939892258539006   0.2788210974314438
882.43   28   -0.39527103523293844   0.05248087181007118
891.9   29   -0.3952886392652546   0.4420016648564323
910.32   30   -0.3953598789008099   0.03207908110678306
929.28   31   -0.39576572320083053   0.4640810608964737
1056.6   32   -0.39576533466596103   0.4587130028767152
1089.6   33   -0.39576527770703795   0.2762652141616624
1103.68   34   -0.3959997693942558   0.29306742752849724
1116.33   35   -0.3960002600775557   0.27708417299863947
1152.48   36   -0.3960002501001254   0.40593572737796757
1206.37   37   -0.3960001995040786   0.4135573076173881
1321.95   38   -0.39600018693586325   0.04037837531064611
1335.38   39   -0.39600058904074387   0.30026671368287206
1348.42   40   -0.3960009618503516   0.040405496273927664
1361.77   41   -0.3960044924103895   0.0404412258325595
1385.79   42   -0.396211892534392   0.27785601622240036
1403.47   43   -0.3963737617037331   0.32733768902910493
1413.66   44   -0.39643172906224466   0.2891746198686419
1423.38   45   -0.3964352020560542   0.45022685442020594
1492.5   46   -0.3964348643724936   0.38410686368538693
1507.03   47   -0.39643794027011436   0.37074093674718417
1522.45   48   -0.39643922156051314   0.4737144972287436
1585.01   49   -0.3965000936020961   0.3343429040525511
1640.71   50   -0.39649971839823556   0.057471251702161705
1660.84   51   -0.3965085037809955   0.4634510394890022
1676.56   52   -0.3965092327885716   0.28426745516963275
1728.3   53   -0.3965090361653903   0.42829409833755866
1749.03   54   -0.39652228661798444   0.39082432671904943
1817.32   55   -0.39653425690962135   0.4335084583797402
1843.57   56   -0.39653425652836655   0.06062735081117265
1853.07   57   -0.3965342578391808   0.4579133223449567
1862.79   58   -0.3965342575402126   0.4102208925679139
1897.65   59   -0.3965392261860643   0.3203595728230244
1923.47   60   -0.39654145655559253   0.3681306920319026
1933.77   61   -0.3965455384711736   0.44896547056945824
1944.92   62   -0.39654537084573593   0.2634369121589421
1955.98   63   -0.3965460680104154   0.4199637500572306
1995.83   64   -0.39654588380711536   0.058397815249728036
2019.99   65   -0.39654618834452193   0.32824972230163585
2050.77   66   -0.3965461786754802   0.42582562700692855
2079.63   67   -0.3965458997904546   0.41224485526687643
2134.26   68   -0.39654552171211166   0.3797505709661545
2144.15   69   -0.3965455328789192   0.4737517859271444
2154.12   70   -0.39654529664814864   0.3698821255192919
2192.96   71   -0.3965449275812734   0.3073170018241109
2202.23   72   -0.3965447523291124   0.3386575651061521
2216.42   73   -0.3965446519028333   0.058727888976612276
2234.11   74   -0.396546054587403   0.05859237232718719
2242.88   75   -0.3971133505900494   0.35192171100225084
2290.47   76   -0.39716990576133904   0.36808497146239677
2319.27   77   -0.397176434776514   0.018384743039532286
2341.48   78   -0.39718334775490105   0.024441921241824885
2413.8   79   -0.39718333634150305   0.368596383460239
2483.99   80   -0.3971831219988966   0.04168026518389003
2502.28   81   -0.3974700265207419   0.45017041848723566
2515.4   82   -0.39748138822958384   0.461334142510468
2524.39   83   -0.3975296373383124   0.44049294244786735
2542.69   84   -0.3975532293358247   0.4716304163254339
2567.47   85   -0.39755300920313486   0.019031515232791993
2587.45   86   -0.39758771757258454   0.35832772274412006
2645.79   87   -0.3975873216067145   0.017448706494232018
2674.05   88   -0.39759020292579556   0.016314574830900992
2682.63   89   -0.3976090352470222   0.4365981183074692
2727.68   90   -0.39760880804456294   0.01685109650374052
2751.93   91   -0.3976100804930182   0.38404648645664663
2784.18   92   -0.3976098995600003   0.4374652637143226
2801.26   93   -0.39760999462533625   0.016322013655375594
2822.66   94   -0.39763915103676   0.4609006022857977
2868.81   95   -0.39763881285792085   0.02299629641073839
2890.99   96   -0.3976948762514598   0.01833246318232774
2903.8   97   -0.39825809072569507   0.034826852963037065
2912.03   98   -0.39882432980016724   0.025320425874692763
2920.33   99   -0.3992835590550078   0.02030774132663872
2933.53   100   -0.399865738522563   0.03253176252527339
0.0   0   -0.39986573852258517   0.03300987580038569
76.75   1   -0.4001654209882817   0.4311134515922777
443.11   2   -0.40016519959069136   0.028295428915172456
517.75   3   -0.4001968646005305   0.019107091285788275
635.37   4   -0.4006029041403705   0.012376179648928683
704.39   5   -0.4008032208231252   0.005703871081808286
775.24   6   -0.4008903960838338   0.00781991511907792
899.3   7   -0.4009844570072391   0.008317319292922287
972.65   8   -0.40107139980827256   0.004878575061901557
1070.56   9   -0.401100579761966   0.004585277563318216
1117.57   10   -0.4011880509649097   0.0032493265342495455
1164.79   11   -0.4012034932008011   0.001416602104991373
1236.04   12   -0.40120947100145404   0.002286616018493306
1308.12   13   -0.4012192960505167   0.001047970327017874
1380.13   14   -0.4012260238974566   0.0011254107305431473
1449.18   15   -0.401232294367126   0.002079078940952023
1521.32   16   -0.40123956980552744   0.45533480093626744
1672.19   17   -0.4012395682330271   0.0008041522500712807
1741.84   18   -0.4012401801944613   0.0010755105741307557
1786.53   19   -0.4012416254458394   0.0010223861080288468
1857.04   20   -0.4012451573376915   0.000925826288121528
2607.57   21   -0.40124515336573635   0.0037531752489272105
2669.58   22   -0.40126348627001646   0.3120187560880771
2806.21   23   -0.4012632814176639   0.0011102004253105131
2851.83   24   -0.4012632989001003   0.2249418905432465
2905.44   25   -0.4012633604756531   0.3172424459854979
2959.9   26   -0.4012665546351058   0.0009937254500065268
3052.19   27   -0.40127040289921745   0.2635107046798881
3195.62   28   -0.40127066977156917   0.0025424409527367146
3254.47   29   -0.4012764284696265   0.004868239693667357
3322.82   30   -0.4012778282284013   0.0046807702612554365
3393.02   31   -0.40128916978300977   0.002569337879728384
3506.66   32   -0.4013004528628561   0.32702357798382525
3617.94   33   -0.4013004070548689   0.004886216981534255
3705.35   34   -0.401307341734426   0.001940750843281313
3766.53   35   -0.40133697273538177   0.007843889068430393
3809.87   36   -0.40133949330646385   0.2423972271096294
3854.52   37   -0.40136325115914606   0.36904483521016823
3899.75   38   -0.40136469768167554   0.45933479314906617
4164.87   39   -0.40136452062203465   0.005456989170440625
4176.35   40   -0.4013698093096812   0.004806546080706826
4241.0   41   -0.40137007172433853   0.005028638246792385
4260.01   42   -0.40138393386266635   0.003582313774506656
4271.49   43   -0.40138569279498687   0.003363474124523433
4289.88   44   -0.40138878058823907   0.004100530885610477
4309.3   45   -0.40138978477986226   0.00453408697746746
4364.72   46   -0.401392233576952   0.004942707635303918
4387.02   47   -0.4013937083112069   0.33468571864613084
4398.24   48   -0.401393843838073   0.004018521638557056
4420.15   49   -0.40139626930131067   0.0035927436616177474
4444.32   50   -0.4014132640504196   0.45581920274594323
4572.91   51   -0.40141289791902257   0.0067528513228459165
4601.65   52   -0.40142053105812425   0.004304987785518035
4613.29   53   -0.40142536901914294   0.004099007818561504
4625.69   54   -0.4014258564873135   0.37154361392190294
4636.89   55   -0.40142686426732305   0.0029876264507177454
4673.26   56   -0.4014300568745325   0.35568628765989824
4734.68   57   -0.4014299551673399   0.002481993826205488
4749.15   58   -0.401430055061494   0.4731784049332808
4759.44   59   -0.4014300454027375   0.0025849571991029864
4774.42   60   -0.40143008642959843   0.0025476517217483388
4908.9   61   -0.4014299597742135   0.4724609361273118
4972.32   62   -0.40143131086421957   0.0026759733005692586
4995.72   63   -0.40143924435052286   0.002655182408899795
5010.3   64   -0.40144501339958866   0.0034828932325051153
5024.78   65   -0.4014533301581339   0.002425955307610197
5052.65   66   -0.4014606003694163   0.4624127158719834
5081.7   67   -0.4014603724516253   0.0032189008379309974
5101.72   68   -0.4014619307366609   0.001914747361717736
5121.55   69   -0.4014692322670215   0.001572627212827536
5136.11   70   -0.4014817843353705   0.0015297984331858732
5161.91   71   -0.4014968277138575   0.002443508882952736
5221.35   72   -0.40150590285326515   0.005083768508843506
5247.1   73   -0.4015259988872671   0.0013389769298319588
5261.8   74   -0.4015355583455784   0.2519490952072139
5305.32   75   -0.4015355575475984   0.2979369297721205
5350.07   76   -0.40153555695497817   0.002020308349061877
5396.79   77   -0.40153812829037555   0.001450414758841272
5408.05   78   -0.40153933001924447   0.3239247159235797
5448.28   79   -0.40153914252461664   0.002110937223406277
5538.87   80   -0.4015392780399061   0.3795118697177797
5701.89   81   -0.4015392062118852   0.3766912698446785
5784.24   82   -0.40153881488484255   0.505698286399446
5818.99   83   -0.40153844421126195   0.41352803957683437
5960.2   84   -0.40153844416113504   0.3352401505984845
5977.94   85   -0.4015386359283686   0.0010872747571491115
5988.33   86   -0.40153873357319014   0.001284088015933437
5998.1   87   -0.40153886369643904   0.0016579522357308678
6008.17   88   -0.40153888127314313   0.2606716184985629
6022.24   89   -0.40153936061179873   0.33179579222925376
6045.18   90   -0.401539217376222   0.0027113870278803014
6059.35   91   -0.4015397594613048   0.0016703889054989008
6068.38   92   -0.40154065840764824   0.0013278296104951774
6077.63   93   -0.4015421816839234   0.0020194933539603582
6087.06   94   -0.4015439269026314   0.002377482544839525
6103.52   95   -0.4015499769130678   0.24110957016796628
6128.48   96   -0.40154979729222723   0.43295539844888237
6164.84   97   -0.40154940831442376   0.001965648622500165
6179.36   98   -0.40155044022859254   0.0017311250325614208
6194.56   99   -0.40155055324947236   0.0013784083198717435
6292.2   100   -0.40155068760674273   0.4199434671793176
