0.0   0   -0.4791472928954514   0.07325890279388828
7.77   1   -0.49382679485299436   0.04197143519702928
19.62   2   -0.49664397441112607   0.024161485321684342
32.03   3   -0.5001950448896527   0.007444145823935761
141.79   4   -0.5798779248727172   1.6392260108103092e39
150.66   5   -0.5842700587188872   0.2324394816749034
187.79   6   -0.6187171370239781   0.3351938574987363
198.42   7   -0.638052218238472   0.09952981198848085
213.8   8   -0.6559818994595077   0.025749038701113218
223.59   9   -0.6572148702707774   0.01790807920010231
233.35   10   -0.6579152806808067   0.013279227518965906
253.07   11   -0.6593286000273471   0.011568145057877923
268.18   12   -0.6596548813882719   0.004929271783954373
283.34   13   -0.6597879061522666   0.0037299353944439803
298.46   14   -0.6598925490884324   0.0031594744965370153
313.63   15   -0.659981827383326   0.003444755631197467
329.2   16   -0.6600362023371948   0.0017715920227054556
343.68   17   -0.6601148892470545   0.0018683230125648522
358.4   18   -0.6601683241850053   0.0017833668798406103
373.08   19   -0.6601991124736133   0.0006255908866365301
388.2   20   -0.6602031811136706   0.0004931458016876199
408.93   21   -0.6602120294048304   0.0007328270726688965
423.42   22   -0.6602184916844643   0.00019259994596701469
438.22   23   -0.6602201006381235   0.00024244002213263022
453.44   24   -0.6602230554631519   0.000465533353783768
468.69   25   -0.6602242862652407   0.00013106898260480045
484.19   26   -0.6602247852486736   0.00015459066506254976
499.84   27   -0.6602256159586122   0.0002419468154658847
514.28   28   -0.6602266176486291   0.00011346967297346159
528.87   29   -0.6602273741651907   8.154224285446057e-5
543.69   30   -0.6602282083161909   0.00016723477811027575
559.0   31   -0.6602290612853606   0.00011687983843428762
574.32   32   -0.6602293779185617   0.00014462366949440504
590.4   33   -0.6602295740492374   9.729527675980984e-5
