0.0   0   -0.4791472928954512   0.07325872630026337
2.01   1   -0.493826795130137   0.04197154676791269
5.02   2   -0.496643974873248   0.024161454295235484
8.05   3   -0.5001950439568976   0.00744414961812629
18.95   4   -0.6217484566746927   0.07790844059763771
30.39   5   -0.6222458356343454   0.07661407063333486
38.22   6   -0.657279420189455   0.013366846609233558
45.69   7   -0.6582597616532297   0.01644233747988974
50.04   8   -0.6590178895723672   0.012960152304362451
54.25   9   -0.6596366089695997   0.00979286997231548
58.35   10   -0.6597788262343964   0.004148952872921987
64.19   11   -0.6599481088245098   0.0037875561815628564
68.1   12   -0.6600645001285006   0.0012616431746552007
72.14   13   -0.6600928023693735   0.001841275379862202
75.94   14   -0.6601170557393655   0.0010704234146655068
80.07   15   -0.6601565474708206   0.0012848229209169602
84.84   16   -0.660181775644681   0.0007805819725311456
88.54   17   -0.660196673109551   0.0008957752805668541
92.45   18   -0.6602110463117565   0.0007688796968540667
96.2   19   -0.6602186845461031   0.00023633515040242915
100.25   20   -0.6602200399098919   0.00023119096355149037
105.88   21   -0.6602229998844658   0.00019891208455383036
110.33   22   -0.6602252713990104   0.00020362921312112175
114.96   23   -0.6602260832710287   0.00010432475765663915
119.07   24   -0.6602262811540582   0.00012582003438115847
122.9   25   -0.6602265016946718   6.7823939149724e-5
0.0   0   -0.4791472928954512   0.07325872630026337
3.16   1   -0.493826795130137   0.04197154676791269
7.82   2   -0.496643974873248   0.024161454295235484
11.96   3   -0.5001950439568976   0.00744414961812629
27.24   4   -0.6217484566746927   0.07790844059763771
42.21   5   -0.6222458356343454   0.07661407063333486
51.99   6   -0.657279420189455   0.013366846609233558
62.16   7   -0.6582597616532297   0.01644233747988974
68.0   8   -0.6590178895723672   0.012960152304362451
73.68   9   -0.6596366089695997   0.00979286997231548
79.59   10   -0.6597788262343964   0.004148952872921987
87.13   11   -0.6599481088245098   0.0037875561815628564
92.3   12   -0.6600645001285006   0.0012616431746552007
97.66   13   -0.6600928023693735   0.001841275379862202
102.78   14   -0.6601170557393655   0.0010704234146655068
108.26   15   -0.6601565474708206   0.0012848229209169602
113.99   16   -0.660181775644681   0.0007805819725311456
119.07   17   -0.660196673109551   0.0008957752805668541
124.45   18   -0.6602110463117565   0.0007688796968540667
129.52   19   -0.6602186845461031   0.00023633515040242915
134.98   20   -0.6602200399098919   0.00023119096355149037
142.63   21   -0.6602229998844658   0.00019891208455383036
148.22   22   -0.6602252713990104   0.00020362921312112175
154.02   23   -0.6602260832710287   0.00010432475765663915
159.31   24   -0.6602262811540582   0.00012582003438115847
164.17   25   -0.6602265016946718   6.7823939149724e-5
0.0   0   -0.6602265016946729   0.02861115991107984
12.39   1   -0.6602265080052472   9.340645458986055e-5
23.91   2   -0.6602265934662424   0.00021333169342445857
0.0   0   -0.6602265934662426   0.028653748780870354
0.0   0   -0.6602265934662425   0.028653748780875968
0.0   0   -0.6602265934662426   0.028653748780876457
0.0   0   -0.6602265934662426   0.028653748780877106
