0.0   0   -0.37204892364551073   0.0019714430063651825
165.22   1   -0.3751059648671164   0.0017389003810138511
323.68   2   -0.3923366729443838   0.003728790457585068
406.21   3   -0.40113056780275713   0.00573116809850484
489.25   4   -0.41332007374325247   0.007573281235676466
610.21   5   -0.4224124250151664   0.005754175952698981
0.0   0   -0.37204892364546893   0.0019714430063649657
86.22   1   -0.3751059648672306   0.0017389004316087698
171.58   2   -0.39233667518909204   0.003728784533656603
215.91   3   -0.40113056752326975   0.005731166418846884
262.62   4   -0.4133200535374479   0.007573295287795446
335.59   5   -0.42241331214754296   0.005754511501045011
411.07   6   -0.43353697663627194   0.00503448253471041
535.87   7   -0.5223679690951393   0.002534413551420088
584.53   8   -0.5345909640543901   0.0006063452361250974
660.84   9   -0.5350973636497893   0.0003751218245796828
736.96   10   -0.5353143773982849   0.00021218100729348486
814.91   11   -0.5354993800751628   0.00016348591912994237
896.26   12   -0.5356046175635227   0.00019460258559475633
1007.17   13   -0.5359274714477238   0.0001836074291912353
1093.48   14   -0.5362115608074576   0.00024403935802978538
1149.77   15   -0.536488755824202   0.00021056545672863068
1207.86   16   -0.5367934085357813   0.00019984104617069387
1289.02   17   -0.5370167873409416   0.00020534994458614638
1374.37   18   -0.537415315499177   0.0003140926756980013
1433.1   19   -0.5377426150004844   0.00031975830970509394
1522.38   20   -0.5381506608358063   0.0002458765026572272
1614.42   21   -0.5384912625643788   0.00024053784914186373
1707.61   22   -0.5389919865020552   0.00021082622196694057
1801.06   23   -0.5394854084997368   0.0001990904073726519
1888.83   24   -0.5397156044056598   0.0001947803740677895
1986.21   25   -0.5399164745918741   0.00020626386816735456
2074.89   26   -0.5402566395911752   0.0002518399509578289
2169.16   27   -0.5405206092229198   0.00027471121335654035
2228.86   28   -0.5407278478355946   0.00018425206346840047
2318.67   29   -0.5408442524008912   0.0001182732219420391
2416.87   30   -0.5410380876338086   0.0001231112711170344
2478.98   31   -0.5411278203192146   0.00013153930598064047
2579.07   32   -0.541183277613252   0.00016625529336175375
2683.29   33   -0.5412462369629601   0.00015767418301430234
2794.02   34   -0.5413243820929   0.00012171783143797171
2901.72   35   -0.5414351279570734   0.00014746729471441666
3012.95   36   -0.5415505656203543   0.00012029809867324886
3114.54   37   -0.5416586185251618   0.00013737578854736626
3220.62   38   -0.5418498829114629   0.0001436669961029133
3295.41   39   -0.5419753978902289   0.00012164482396193445
3404.82   40   -0.5420833682543859   8.859005404564107e-5
3535.16   41   -0.5421726943201496   8.60788509101358e-5
3655.47   42   -0.5423045600919851   0.00011516594232152772
3745.09   43   -0.5423645416970343   9.165972950023554e-5
3867.51   44   -0.5424081590619512   8.037664435374982e-5
3993.03   45   -0.5424643330586064   9.889012768285092e-5
4125.68   46   -0.5425127158215212   7.309852220403926e-5
4249.9   47   -0.5425563922443658   7.868015541174537e-5
4375.35   48   -0.5426099150585781   7.364349742490286e-5
4501.25   49   -0.5426582715079875   0.00010440708459271508
4646.1   50   -0.5426992058165223   9.879771449862725e-5
4769.78   51   -0.5427486452328071   8.364429407207671e-5
4924.02   52   -0.5427920902786126   7.326257744795819e-5
5053.43   53   -0.5428234114585672   8.499972676259034e-5
5202.23   54   -0.5428460404463181   5.0575961888111685e-5
5341.82   55   -0.5428680870586655   0.00012096341009125929
5478.28   56   -0.5428814066496845   4.90441997647689e-5
5614.91   57   -0.5429141215371619   5.176329626721535e-5
5707.75   58   -0.5429331857639411   6.726430118020972e-5
5874.27   59   -0.5429553158880498   9.575799424297885e-5
6016.13   60   -0.5429666365492563   6.396631654137798e-5
6156.87   61   -0.5429817506091196   5.986274383194475e-5
6258.11   62   -0.5429824245020601   4.827232394583355e-5
6388.21   63   -0.5429928494975043   0.0012633987044778354
6551.48   64   -0.5429927087355457   0.0007961454250232447
7018.37   65   -0.5429925553967233   0.00011524450608871142
