0.0   0   -0.4262360666941758   0.11111696682686686
17.84   1   -0.4316588520650887   0.099899062792447
31.46   2   -0.4431444172108641   0.03748640284223888
51.29   3   -0.45822288867699124   0.12861618285855175
61.02   4   -0.4636122080074184   0.10274112994733808
70.24   5   -0.4708437101794717   0.03141406864745311
83.51   6   -0.4716221503563575   0.034450747974680035
98.69   7   -0.47895918771118406   0.03551050960547883
108.51   8   -0.4804665363041192   0.023839777673766653
122.42   9   -0.4819975762744832   0.01333407764746647
137.12   10   -0.4825951865111281   0.004720564672913388
152.05   11   -0.48280817789041264   0.006774548041324915
165.94   12   -0.4830217404782214   0.007938979349207766
180.03   13   -0.4832687347346678   0.003962540565095128
194.44   14   -0.48334395464219587   0.003732473583727073
209.11   15   -0.4834320074364344   0.0032093315871271123
223.67   16   -0.48360037821358137   0.0020967426293824485
236.93   17   -0.4836634878402124   0.0035678967373737806
250.99   18   -0.48382205486081986   0.004634706862150522
264.39   19   -0.48389974027999605   0.0019369956613302772
276.85   20   -0.4839205997645423   0.0027648635565453877
296.13   21   -0.48403055596266503   0.004143490699419749
309.88   22   -0.48410314965556445   0.0019976638408524456
318.88   23   -0.4841043871852404   0.27800482112362107
327.79   24   -0.4841397346270337   0.002468345188405233
344.87   25   -0.48415297284331615   0.0019312434896150339
362.73   26   -0.48419786740662013   0.002419901003457838
375.61   27   -0.4842389606880804   0.0011917510605647151
393.81   28   -0.484248246931089   0.001133413601259533
407.53   29   -0.484276657225622   0.0027555862219014573
420.61   30   -0.4843046894362715   0.0010759047432996015
463.27   31   -0.4843075760710167   0.0014127799432375478
816.21   32   -0.48430923825078653   0.0020837027083217543
830.34   33   -0.4843300087249175   0.000737196060140318
853.31   34   -0.48434766684860264   0.0013761305840430534
862.82   35   -0.48437213174415417   0.0011619402487628957
873.03   36   -0.48437746891974465   0.0007535175899466551
887.44   37   -0.4843819084228081   0.0007297842940206501
901.49   38   -0.48440010444216786   0.0013968678491700958
919.89   39   -0.48440994279038174   0.0013601176966492271
929.99   40   -0.4844320713380813   0.002853111584325101
944.7   41   -0.48445663911731734   0.18032757381276823
1024.45   42   -0.48445621201876166   0.0010394663062831746
1034.24   43   -0.4844594317677602   0.0009507516935227039
1045.0   44   -0.4844595836272534   0.0008866791632463913
1058.65   45   -0.48446562092070017   0.0008473373830677128
1080.79   46   -0.484480965942486   0.0026851864773638824
1094.72   47   -0.4845090837918929   0.1704017694580026
1108.4   48   -0.4845090920427437   0.0009383116620109686
1117.76   49   -0.48451309744662524   0.23676326214653942
1177.39   50   -0.48451277825602035   0.0009761494162397709
1248.92   51   -0.4845128312209779   0.18758941448819902
1307.84   52   -0.48451283122578837   0.0010240625547154394
1321.63   53   -0.4845143687454756   0.0006770800050669836
1330.39   54   -0.4845167516052684   0.24446694510649747
1344.73   55   -0.484516807176232   0.0007836819879332864
1354.2   56   -0.4845170083634822   0.0008305522911359061
1368.01   57   -0.4845237944004655   0.001375213334653898
1377.43   58   -0.48452831879967245   0.002050434238481483
1393.27   59   -0.48454404637593645   0.18080518955021857
1407.13   60   -0.4845442583314443   0.0010819820668011182
1424.75   61   -0.48454548815172194   0.0010420491081782285
1433.92   62   -0.4845498015297125   0.0013296035607688111
1444.66   63   -0.48455238014862073   0.0009594426361457088
1454.33   64   -0.48455925815566814   0.0006504388976199833
1468.06   65   -0.4845612564971485   0.0008258855908913451
1487.22   66   -0.48456187721434085   0.24059123191916956
1496.97   67   -0.4845632399418183   0.001174182435388492
1506.33   68   -0.48456480240685074   0.00039015674369921187
1516.89   69   -0.48456510145119724   0.17802220551229977
1525.58   70   -0.48456538719162356   0.00043180455605335325
1535.55   71   -0.4845653875804947   0.18604091113349946
1544.95   72   -0.4845655302123414   0.0004286682051078508
1565.1   73   -0.4845655492404248   0.14987001877860465
1574.48   74   -0.4845653940271664   0.15503712395906674
1587.8   75   -0.4845655191863354   0.00066546047973983
1597.39   76   -0.4845658322631593   0.0004933306569808461
1641.63   77   -0.48456589582574255   0.0005585485016970012
1676.31   78   -0.48456691324984263   0.1865730056493903
1689.87   79   -0.48456845996287945   0.20172366095782082
1704.55   80   -0.4845684608154871   0.0006089259270284807
1718.17   81   -0.4845686030190792   0.0005011971632841106
1729.05   82   -0.4845699065528488   0.0004277884843317176
1739.09   83   -0.48457086204464617   0.0006446817538868496
1749.85   84   -0.4845757123593526   0.0005574042599748392
1764.52   85   -0.4845810920251321   0.001196672783212291
1778.41   86   -0.48458488467825056   0.0009084199339948427
1826.35   87   -0.48458573237156877   0.0008978624661967839
1836.65   88   -0.4845862682148583   0.0006406312419777071
1851.06   89   -0.4845956289857788   0.0011338527098827891
1865.83   90   -0.48460406776325987   0.1778135536362851
1880.63   91   -0.4846040666956877   0.1313382884829468
1895.4   92   -0.48460771722209683   0.0011390659660325125
1904.75   93   -0.48461093715285786   0.000825003828807799
1915.67   94   -0.4846110487515816   0.0008497297837530061
1927.11   95   -0.48461117270398524   0.0008567270727078748
1937.73   96   -0.48461316579348185   0.0007806580819855254
1976.77   97   -0.48461405098826676   0.0006234327798238707
1986.96   98   -0.48462094291090096   0.0005635547046222235
1996.52   99   -0.4846235648646511   0.00047025598518839597
2011.36   100   -0.4846266766644935   0.00043321133527208643
0.0   0   -0.4846266766647866   0.19203164684729362
66.09   1   -0.48462621082684343   0.00120632102641289
200.25   2   -0.4846262270793583   0.18412343751153099
296.72   3   -0.48462579294936026   0.001550220352779881
324.39   4   -0.4846268960682172   0.0010233006686352103
333.03   5   -0.48462834817772343   0.0005039023360930418
522.47   6   -0.48462816346282755   0.001593733470319477
534.63   7   -0.484633264267465   0.0006608396101559505
561.77   8   -0.4846337775731725   0.20572650559974406
575.32   9   -0.48463473596849027   0.0008787483890810616
583.86   10   -0.4846348051308254   0.0007739564017195914
623.1   11   -0.4846351392539925   0.0012234745771744254
631.89   12   -0.4846351979491448   0.1684759314558549
640.36   13   -0.4846364855348638   0.0005304681431935465
664.22   14   -0.4846365941028651   0.0006191006594374439
697.13   15   -0.4846395303296601   0.00111508623170003
706.16   16   -0.4846426001999556   0.21549118563837033
743.38   17   -0.4846421516490355   0.00108825200724532
753.19   18   -0.4846427718030746   0.0009431819495607888
766.83   19   -0.4846444093631461   0.0007528837057194481
785.68   20   -0.4846450575706866   0.0006157542453572623
801.56   21   -0.4846503214365206   0.001315715458618113
817.76   22   -0.48465429523182035   0.0010861537369029953
833.27   23   -0.4846650835455333   0.00106764030527424
843.97   24   -0.4846652596426798   0.16196785493297403
854.15   25   -0.48467025383725637   0.20549454202394712
873.86   26   -0.4846711132528927   0.0013574958471533267
887.79   27   -0.4846737984423759   0.0018278728971483742
897.03   28   -0.4846753731056279   0.1827495458169501
912.16   29   -0.48467566433002796   0.14059191630797405
946.0   30   -0.4846754709598119   0.0014457333719823582
970.9   31   -0.4846775641290141   0.18748226195642
990.04   32   -0.4846773016211796   0.0014096428761609361
999.37   33   -0.4846780228799342   0.19712807736409851
1009.35   34   -0.4846778439265669   0.0010443523339578303
1024.03   35   -0.4846788961310294   0.0007492098748014542
1033.98   36   -0.4846789078257123   0.0007304481956362542
1042.4   37   -0.4846811282148972   0.0008278195593490055
1051.64   38   -0.48468303542727054   0.0007660747376482662
1066.14   39   -0.4846914265895128   0.001109061149118508
1080.72   40   -0.4846995198358587   0.0015691459925695757
1089.5   41   -0.4847034107192789   0.0012459274046885433
1102.5   42   -0.4847104643867272   0.001509292702718634
1117.21   43   -0.4847233574481147   0.0011716020969909588
1131.43   44   -0.48473559935429233   0.20779285034632428
1161.89   45   -0.4847351741928838   0.18977489992004393
1176.54   46   -0.48473565197295293   0.0011829542863584217
1189.93   47   -0.4847371580216536   0.0006964800991747643
1200.11   48   -0.4847390136022805   0.0010069782319719858
1211.55   49   -0.4847395153405633   0.0010576972838810077
1225.26   50   -0.48474071303878846   0.0008123007401519104
1245.65   51   -0.4847407176731586   0.0007937383258661033
1273.68   52   -0.4847433681395363   0.1986255840857273
1284.49   53   -0.4847437165959682   0.0015207048875000959
1298.02   54   -0.4847470312542402   0.0008917589259513634
1330.96   55   -0.4847589565182391   0.000771991058525518
1341.15   56   -0.48475926061272945   0.0007292090674232116
1350.5   57   -0.4847662043591729   0.0011191207502501217
1366.37   58   -0.48477157532292825   0.0006187788835706045
1391.57   59   -0.48477454439233203   0.0008535213584942687
1416.52   60   -0.4847812209382108   0.18019767736533332
1432.91   61   -0.4847808167261993   0.0008534079764950246
1442.86   62   -0.48478174688440295   0.0005375807353408712
1462.15   63   -0.48478339130879367   0.0010411774553898076
1537.87   64   -0.48478372041425954   0.19202309534850515
1742.3   65   -0.48478372041428763   0.0009318832116008893
1756.85   66   -0.4847865754560028   0.00047102370862396506
1766.83   67   -0.4847869959982837   0.0004169951769931729
1786.71   68   -0.48479050359652365   0.0003953403744657883
1806.66   69   -0.48479350837350893   0.0005853296908749574
1817.14   70   -0.4847935215733513   0.1388529557967596
1826.55   71   -0.4847939974804022   0.0005564614511012426
1836.43   72   -0.484794299406021   0.00039402592924630967
1847.49   73   -0.4847943044454914   0.0003759869488071393
1857.91   74   -0.48479475118052207   0.0002842993406178775
1883.26   75   -0.484797161343083   0.0008130671941645735
1898.75   76   -0.484799553833201   0.17541276283345714
1913.55   77   -0.48479955210580467   0.0005284288502796537
1928.02   78   -0.4847997847697437   0.000584179329574036
1942.14   79   -0.48480037494381145   0.00030777164202459026
1956.77   80   -0.4848018437798953   0.00043553340614729266
1966.46   81   -0.48480199057917944   0.0003139213778711836
1977.73   82   -0.48480275971995485   0.0004316733498577015
1987.5   83   -0.4848027769435651   0.16754145120699526
1997.57   84   -0.48480423606779866   0.0003546789933690051
2012.36   85   -0.4848043547025713   0.00028920251954984766
2026.49   86   -0.4848050046705057   0.0003719427928812871
2058.86   87   -0.4848050943345299   0.13903559577259014
2079.73   88   -0.4848059163391762   0.1600069533824304
2099.71   89   -0.4848056587793048   0.0006829273165428116
2114.2   90   -0.48480577516179446   0.00039356750439710844
2125.49   91   -0.4848059372073481   0.0003701308253550178
2189.47   92   -0.4848063364427141   0.0003139293118654755
2200.84   93   -0.48480822993655376   0.0004041542704081013
2223.48   94   -0.48480879084571227   0.0008448728890196236
2365.84   95   -0.4848084746758516   0.0009695859126055025
2376.26   96   -0.4848087682954253   0.18202245355141594
2441.4   97   -0.4848084486546207   0.1968262645525562
2517.7   98   -0.48480843950368596   0.19416394186790473
2601.92   99   -0.4848079598380868   0.0013120279447305428
2611.88   100   -0.4848106862237339   0.19723211558388537
0.0   0   -0.4848106862236428   0.17310238505807313
430.81   1   -0.4848102168276588   0.000600611729959019
548.63   2   -0.4848109801251204   0.0004468076379158895
703.64   3   -0.48481108537957224   0.0007307403502005052
802.94   4   -0.4848115382949864   0.14105088347074043
862.06   5   -0.48481154636752444   0.0003466035043283613
921.11   6   -0.48481169656735196   0.0005006340680270987
961.13   7   -0.48481183329777855   0.00043954973073314035
1049.92   8   -0.484813836122977   0.000425693635213777
1090.08   9   -0.4848143210787198   0.0003540246423012162
1151.91   10   -0.48481474505417577   0.0002643560330248044
1298.46   11   -0.48481485555908954   0.0002484176332768174
1383.71   12   -0.48481599940526443   0.0005366157517561003
1446.05   13   -0.48481710953321533   0.00029531769205682815
1528.99   14   -0.4848184585624983   0.00020884763982322808
1595.87   15   -0.48481970944177455   0.00034966292864909945
1637.5   16   -0.4848206166386602   0.0003384054951111698
1702.61   17   -0.4848224682529766   0.0002647548897314472
1744.08   18   -0.4848230643650154   0.0002894799906309005
1839.17   19   -0.4848252099478992   0.15262210969788642
1993.17   20   -0.48482502962068097   0.0005866640438713441
2032.25   21   -0.48482531821423236   0.0002996217715387971
2092.28   22   -0.484825574325498   0.00023177805274688675
2169.05   23   -0.4848267769090862   0.0002148750891895486
2230.47   24   -0.48482838443299714   0.0001437798585759687
2308.7   25   -0.4848301296049734   0.00024192908811805278
2410.46   26   -0.4848317201049333   0.00021194682135534164
2471.44   27   -0.48483602236409656   0.00043738899221116965
2562.64   28   -0.4848364687442175   0.0005307742551945527
2615.78   29   -0.48483697973882084   0.14303456804599154
2794.19   30   -0.48483673210222206   0.000426300445571734
2828.19   31   -0.4848369768118092   0.0002837963911854496
2913.14   32   -0.4848370110196264   0.000267753130404442
2967.56   33   -0.48483809935808464   0.16129986470485755
3023.08   34   -0.48483827921429357   0.14882325088370377
3118.04   35   -0.4848382956702508   0.0004825240027676661
3166.3   36   -0.48483896839451   0.0005264143878443506
3203.13   37   -0.48483948414694916   0.00020442093931205096
3260.56   38   -0.4848396837526631   0.0001897089553519852
3308.05   39   -0.4848400667475421   0.0002185611330525474
3356.37   40   -0.4848403141948574   0.00026335624150849107
3391.41   41   -0.4848405460977125   0.00020546449654530426
3444.43   42   -0.48484077858200714   0.00014597135015623103
4540.98   43   -0.4848407253768014   0.00019317351631961035
4611.77   44   -0.4848414174293248   0.00028182044488779984
4645.59   45   -0.4848415842510857   0.0001379890038371685
4694.42   46   -0.4848419767979354   0.00015645114236687027
4741.18   47   -0.4848424015568764   0.00023269240130627958
5272.66   48   -0.48484254401772325   0.13392255510576725
5426.86   49   -0.4848425497325787   0.0003512882969855037
5499.93   50   -0.4848427610317131   0.1406938140160338
6149.21   51   -0.4848424381954985   0.0005540354799413368
6214.14   52   -0.4848427089036103   0.00023829050792846784
6248.7   53   -0.4848429025897868   0.0002106723917660072
6302.87   54   -0.4848429872063084   0.22384026528105858
6327.9   55   -0.4848429788387928   0.15664843081970653
6376.53   56   -0.4848429795333878   0.00019389195553261732
6789.06   57   -0.48484261259841   0.00043946103384706316
6796.46   58   -0.4848427417476925   0.0005297681417132782
6803.75   59   -0.48484305736315586   0.00030440300158213787
7061.98   60   -0.48484282986982014   0.0005260901961241831
7073.28   61   -0.4848431928942939   0.00015373377724667083
7087.51   62   -0.4848434551119196   0.00016207725851101812
7097.82   63   -0.48484357217744234   0.0001054107683491079
7112.78   64   -0.48484381925502473   0.00026619417320583854
7119.79   65   -0.4848439589004866   0.00015721200907330986
7130.04   66   -0.4848440270098569   0.00011243574049558609
7144.47   67   -0.4848442406143447   9.505388506958881e-5
7155.56   68   -0.48484448803039354   0.0001484691978899262
7166.77   69   -0.48484476718003944   7.758284939678653e-5
7202.49   70   -0.48484484222197327   0.15221096234090792
7209.86   71   -0.48484499336027276   0.00014953120401816025
7221.91   72   -0.4848450844162022   0.2036307910477805
7259.36   73   -0.48484502018256637   0.1711776454602775
7277.58   74   -0.484845010080585   0.00010392432661020778
7285.4   75   -0.48484513810770336   8.545706947652065e-5
7303.51   76   -0.4848451387788707   8.653953292236018e-5
7318.01   77   -0.48484514138847123   0.00010329863244407047
7326.39   78   -0.48484535063499345   0.00012946687614217312
7338.27   79   -0.4848460810701609   0.00020019208400940715
7346.12   80   -0.48484619465256873   0.0003095805592738094
7362.83   81   -0.4848462099498927   0.15302293221876082
7371.53   82   -0.48484635373783697   0.17511098755553295
7382.87   83   -0.48484629334174584   0.00019571259896248384
7492.04   84   -0.48484611977512415   0.18341084208474864
7551.01   85   -0.48484612322032344   0.0003747840239710905
7575.98   86   -0.4848462108185844   0.00020813083520928005
7591.09   87   -0.484846242756496   0.00013179144580892824
7602.03   88   -0.48484631518542065   0.00018772967164638985
7623.2   89   -0.48484635214782995   0.00016863764708686637
7634.95   90   -0.4848465428643322   0.00017094759591367102
7649.34   91   -0.4848465785979848   0.00014874163521257975
7659.77   92   -0.4848467347179979   0.0001290291521882908
7670.89   93   -0.48484681905321075   0.00020435340668876367
7681.59   94   -0.4848470151431472   0.00015401657017069694
7692.14   95   -0.4848470952121761   0.00014670766598911554
7699.37   96   -0.48484709532045767   0.22179566223799713
7707.06   97   -0.48484717239274144   0.0001849789311005353
7721.87   98   -0.484847177890491   0.00015817704509819752
7732.32   99   -0.48484733192115176   0.00016443074316667427
7743.01   100   -0.48484745388411804   8.42667014351897e-5
