0.0   0   -0.4317208823094453   0.013582363960635358
56.29   1   -0.4352832375666741   0.015145218285028223
143.2   2   -0.44135213913142624   0.029116285613694188
234.63   3   -0.45087320360347466   0.044157154334633
294.2   4   -0.4609785971753039   0.036485043249198865
354.34   5   -0.46906256191395723   0.01729770040424655
443.22   6   -0.4742365717113475   0.014267403366646694
534.32   7   -0.4786590132857481   0.018978124119088016
590.78   8   -0.48083237428326403   0.01826616275381064
651.68   9   -0.48219216553777705   0.006695685952387122
710.2   10   -0.48289941667633457   0.0036319080293065508
800.86   11   -0.4830382909258288   0.002988232603472639
888.1   12   -0.48313559243929977   0.0027572927639306554
973.35   13   -0.4833326645556464   0.002477733376251903
1064.78   14   -0.4834351512921863   0.0009546517531036146
1142.71   15   -0.48345934958375675   0.001234704818693809
1249.92   16   -0.4836314008095124   0.0016568286675517215
1328.87   17   -0.4837181818237166   0.002607353872654815
1411.55   18   -0.4838629214290494   0.0019008040983469086
1496.72   19   -0.483999559495292   0.0018815912815096031
1586.55   20   -0.48408169490844727   0.0016755872170872664
1674.8   21   -0.4841316203836508   0.0019241476408764563
1767.7   22   -0.48426969462993213   0.001562361021254397
1856.07   23   -0.48439899049334   0.0012651137658484515
1939.28   24   -0.48451096451960673   0.001631594550867366
2028.23   25   -0.48466303615661904   0.0014748392134050104
2110.41   26   -0.48480939697681846   0.0014135196424183243
2188.63   27   -0.4848937325957154   0.0015224069401957112
2242.38   28   -0.48493305689663874   0.0011651986912060443
2324.87   29   -0.48497386987787705   0.0011862430895780162
2407.78   30   -0.4850470947555032   0.001329808541720573
2496.66   31   -0.48509053359261745   0.0016312367529946637
2597.96   32   -0.48513953143282507   0.0011118078488391034
2693.52   33   -0.4852004464415656   0.001369842701674064
2750.38   34   -0.48523640289447695   0.0014625318703569746
2833.95   35   -0.4852864327703327   0.0010621746547173497
2914.48   36   -0.4853057229853711   0.0011088389901478058
2990.91   37   -0.4853270723592084   0.0007336914371461396
3069.65   38   -0.4853609581123073   0.0006996679909845155
3124.02   39   -0.48536875700785426   0.0009166135641638714
3202.86   40   -0.4853802190703754   0.0004905719658514328
3286.5   41   -0.4853861304459114   0.0005748080770300522
3370.31   42   -0.48539556273440715   0.0008790142349427599
3452.9   43   -0.4854038061772349   0.0005642282952549678
3533.5   44   -0.4854073686293839   0.00032981404555963213
3612.3   45   -0.4854179731233828   0.0003863827470231381
3692.58   46   -0.48542749574506716   0.00035456203264962183
3775.48   47   -0.4854327791153345   0.00036848765571345806
3861.33   48   -0.48543599496150425   0.00026154703489291136
3944.82   49   -0.4854403762059002   0.0004517580223500651
4001.45   50   -0.4854427561060568   0.0002763938843825613
4085.26   51   -0.485445651673457   0.00025243188774226903
4145.43   52   -0.4854494993206936   0.00029879673472237315
4233.79   53   -0.4854540326108611   0.0002558218836367474
4323.19   54   -0.4854580809792113   0.0002337061638729037
4409.31   55   -0.48546135623683356   0.0002474950041854878
4491.25   56   -0.48546500280817134   0.00028078194114623757
4546.09   57   -0.4854667232280614   0.00025784076380948713
4630.19   58   -0.48546966306799044   0.000208116034549197
4711.48   59   -0.4854745875664108   0.00023236983344343106
4789.04   60   -0.485477980604797   0.0002450830702906242
4827.89   61   -0.485479317273321   0.0003039884951653117
4895.53   62   -0.48548049736890975   0.000178671843394761
4998.5   63   -0.4854822934172341   0.00019614219285731392
5082.78   64   -0.48548404616071694   0.00022041028090564224
5167.17   65   -0.4854851774101562   0.00017660997982719403
5250.61   66   -0.48548664200239666   0.00024604563837261363
5335.05   67   -0.4854906746316616   0.00026762117767088577
5391.49   68   -0.4854930529547701   0.00021121921932076314
5479.96   69   -0.48549501038801657   0.00028464777178692345
5566.73   70   -0.4854974910150998   0.00016833493507870903
5622.95   71   -0.48549866170127587   0.0003460344196719045
5706.06   72   -0.4855001707362891   0.0002006436974853534
5789.38   73   -0.4855016402805947   0.00014353691586622044
5862.03   74   -0.48550338547956784   0.00019089794524371106
5937.32   75   -0.48550659351408243   0.00029725522253419144
6015.44   76   -0.48551102933791634   0.00024232615346402289
6095.01   77   -0.4855150485769876   0.0002786383901187639
6181.29   78   -0.4855179191106146   0.0002730911597000685
6265.95   79   -0.48551948621634616   0.0002912107840571716
6352.71   80   -0.48552143405465853   0.0002740283073550663
6440.11   81   -0.4855240932784342   0.0002542991505262656
6524.79   82   -0.48552575511128726   0.00025437286939041816
6609.56   83   -0.4855276035278828   0.0001581919427262421
6693.61   84   -0.4855290709866713   0.00018540414059806668
6774.03   85   -0.48553096939165147   0.0002739127741917537
6824.67   86   -0.4855329178144688   0.0003310123389240357
6899.43   87   -0.4855356440711206   0.0002522563699190727
6979.24   88   -0.48553869486878465   0.00024221517131489732
7054.23   89   -0.4855401638659099   0.00023698818070514607
7130.59   90   -0.48554136349120625   0.00022554248554674196
7213.83   91   -0.48554442055541197   0.0002613135556399619
7270.85   92   -0.4855455951162246   0.0002608580592654175
7354.85   93   -0.4855467814271266   0.00014422450417740732
7438.29   94   -0.4855478088667065   0.000303034522447507
7530.92   95   -0.4855491139410901   0.0001637586913514142
7619.73   96   -0.485550316210695   0.0001382993280256293
7704.29   97   -0.48555265873697284   0.00022072171682607325
7788.1   98   -0.485554813333741   0.00021077291025609326
7870.94   99   -0.4855569413578122   0.00024758282784785834
7943.51   100   -0.48555931838465327   0.00015980496625003836
