0.0   0   -0.250454092633425   0.00026757785080837716
305.34   1   -0.25185367980571227   0.0004309524977662017
630.1   2   -0.27816654937876456   0.004831925804523075
784.3   3   -0.31291229070520404   0.0019767903252141785
966.83   4   -0.34802385722998924   0.0009808568606397335
1214.33   5   -0.3651336233132048   0.00043481511116344506
1359.93   6   -0.36652948564955734   0.0001249566693029855
1702.06   7   -0.3667359905713061   6.688468049266216e-5
1886.86   8   -0.36679012665700367   5.386720683777771e-5
2197.67   9   -0.36682272956842027   3.257360246016807e-5
2499.21   10   -0.36685090306458645   3.56817148289879e-5
2692.5   11   -0.36688501145045643   6.138465618886408e-5
3073.63   12   -0.3669880915729547   0.00013317947865894148
3591.3   13   -0.3675041597344393   0.0004338913194470031
3819.6   14   -0.36756602804862243   0.0004747988055635033
4048.68   15   -0.3683493836770394   0.0007018462666594012
4273.92   16   -0.36911628135466434   0.0008578020105146585
4498.11   17   -0.3712755951949164   0.0010245045244224459
4839.9   18   -0.37456644318061366   0.00036784961621685354
5154.15   19   -0.37555910257710146   0.00019657125134059486
5476.46   20   -0.37609629684449697   0.00017250773183161177
5642.21   21   -0.3764287068328638   0.00012698388543361646
5892.72   22   -0.37666113240925203   0.00011973062659085136
6166.47   23   -0.37710834315341774   0.0001938821366967829
6486.55   24   -0.37750822410509444   0.00020589402199212343
6676.79   25   -0.377877067832349   0.00018778310595118886
6985.1   26   -0.3780645060696772   0.00016473417491821
7294.75   27   -0.3782200214644034   0.00014820778729488616
7606.59   28   -0.3784225103092044   0.0001252091546439957
7916.87   29   -0.3787305202750213   0.00011144902680698486
8229.47   30   -0.3789039545394343   9.131527384808557e-5
8543.42   31   -0.37909725120008136   0.0001098329625724947
8855.38   32   -0.3792149368423639   0.0001454067048859012
9165.57   33   -0.37929462899675753   0.000132314595394198
9474.5   34   -0.37942570793797675   7.288539898433681e-5
9783.48   35   -0.3794880124611984   5.055417213448397e-5
10053.69   36   -0.3795458258553902   5.252928984076047e-5
10342.44   37   -0.37963195690580664   9.929619763874849e-5
10644.29   38   -0.37971957985749494   5.608024693228858e-5
10943.28   39   -0.379797456368575   6.029886263002596e-5
11251.81   40   -0.3798684589013285   0.00010094794003179911
11562.7   41   -0.3799763501474698   7.970475532425776e-5
11872.77   42   -0.38006960994179073   6.959585408761084e-5
12046.59   43   -0.3801449869072235   6.816354983044824e-5
12359.1   44   -0.3802580089387344   6.0545895618228896e-5
12672.39   45   -0.38031849410148566   8.266566139673886e-5
12986.36   46   -0.38044558093009523   7.706270851207781e-5
13313.43   47   -0.3804895357916239   0.0001393525456035261
13529.53   48   -0.38055154914513195   0.00011929951049289122
13858.09   49   -0.3805703465910831   0.00010260596259549059
16822.54   50   -0.3805699660206813   0.00014248445100327903
19327.7   51   -0.38056958545053354   0.00013772306915909498
22384.84   52   -0.3805692048894632   0.0001435506497092657
0.0   0   -0.3805690491901464   9.484037294751402e-5
670.29   1   -0.3805915006639652   0.00010259052526323138
1089.48   2   -0.38065539300434953   9.899212799476686e-5
1408.26   3   -0.38066245944104904   0.00014039375158536897
1722.47   4   -0.38066238603813574   0.00011898934132784677
2034.9   5   -0.3806899653509373   0.00014203095987005217
2350.43   6   -0.38077164262559626   0.00017591779939292576
7494.62   7   -0.38077126684887846   0.00016852708339069712
12249.75   8   -0.3807708860737079   0.0001790606640679957
16950.83   9   -0.3807705053135275   0.00017040153178567814
17263.92   10   -0.3807707636607544   0.0001112314073525029
0.0   0   -0.38077072625929137   7.674329818909505e-5
764.06   1   -0.38085382841458176   8.365366558115979e-5
1014.6   2   -0.38088726649412286   6.120872323413283e-5
1393.63   3   -0.38091468278166263   4.8894666895186714e-5
1769.35   4   -0.38096020399191   6.41062018175497e-5
2148.29   5   -0.381006688415961   4.587059154769003e-5
0.0   0   -0.3810066753936698   0.0001579510014334132
0.0   0   -0.38100669308438767   4.5748684602925236e-5
690.34   1   -0.3810198021203845   3.5324518909321154e-5
1028.64   2   -0.38102705922749014   3.986071477072846e-5
1388.28   3   -0.3810402347811248   3.3112579831631437e-5
1746.51   4   -0.3810679680472326   4.3224243567407445e-5
2120.95   5   -0.3811367682262022   4.6042313276033116e-5
2493.77   6   -0.3812279895966442   4.434498288426182e-5
2869.38   7   -0.38130243410476244   4.300270235446085e-5
3247.12   8   -0.3813540685525344   2.97133833126295e-5
3622.01   9   -0.38139294831574333   3.731401950829419e-5
3994.1   10   -0.38143908649834596   2.9948156981038437e-5
4368.5   11   -0.3814985250904064   3.925483700038632e-5
4740.72   12   -0.38154134398610273   4.1231675427136176e-5
5365.39   13   -0.38156872478745507   4.500479478887777e-5
5615.71   14   -0.38160777426571185   2.6536633005808884e-5
5994.53   15   -0.38163966585513803   3.413535283957624e-5
6388.75   16   -0.3816823433472226   2.1669250497574627e-5
6781.82   17   -0.38172377322140294   3.266788578627836e-5
7165.66   18   -0.3817639229147744   4.2790187941442427e-5
7558.8   19   -0.38179111801580545   2.216901504843305e-5
7949.01   20   -0.3818100391825809   2.720986081249119e-5
8338.86   21   -0.3818320548465828   2.8103538943470986e-5
8723.57   22   -0.3818500004402948   3.486429915965721e-5
9101.0   23   -0.3818616947837969   3.494844909272269e-5
9480.29   24   -0.3818754315275178   3.072853439089535e-5
9865.7   25   -0.38189048329951764   2.5748222627189e-5
10249.95   26   -0.3819056973088561   2.3768459817013858e-5
10630.38   27   -0.38192126757682415   3.207948520440781e-5
11004.09   28   -0.38193874482292267   2.5341213522833814e-5
11380.26   29   -0.38196545010553695   2.530721479704985e-5
11759.07   30   -0.38198401306314694   2.7459943277354415e-5
12141.44   31   -0.3820064619066845   2.9540462084660217e-5
12524.64   32   -0.3820367699772476   2.529372143748031e-5
12906.98   33   -0.3820916336726319   3.4219564895532185e-5
13289.73   34   -0.3821309933184474   3.2353354560575066e-5
13666.69   35   -0.382158192100256   2.7495475591761408e-5
14046.64   36   -0.38221291434569155   2.7231871678341586e-5
14298.67   37   -0.38230381286686854   4.556915242123313e-5
14673.0   38   -0.3824300880330736   4.996206411069909e-5
15047.81   39   -0.3825516290054052   4.929696838416303e-5
15299.06   40   -0.3826396362762583   5.1046419867827205e-5
15552.12   41   -0.3827882041588232   7.377430131037341e-5
15933.94   42   -0.38301216033139024   6.568580071514597e-5
