0.0   0   -0.36656036100451744   0.0007921004815676703
286.1   1   -0.3665715850365424   0.0005561751933034458
556.82   2   -0.3665973946022034   0.00038515182119443865
765.62   3   -0.3666087831545551   0.0005383096784382655
1029.03   4   -0.3667427290184329   0.0010541656921426571
1222.37   5   -0.36684521095413114   0.0005380985000435625
1422.64   6   -0.3669082225635439   0.0004830797731660778
1625.03   7   -0.3669498827001564   0.0005320979541451262
1826.92   8   -0.36702245609441597   0.0006922809620866357
2028.5   9   -0.36712350463034726   0.0005200214478291922
2225.6   10   -0.3672325967300957   0.0006362771768618014
2423.88   11   -0.3673291626306802   0.000509252631435286
2620.8   12   -0.36746332098977474   0.00048037102408510213
2747.08   13   -0.36760113825849844   0.0005335371338334537
2941.86   14   -0.36782571160987754   0.0009636802203004304
3143.64   15   -0.36801287311647457   0.0007010835842278706
3268.51   16   -0.36825448219805135   0.001661751385844461
3516.51   17   -0.3686299284668918   0.0013763223121892234
3939.35   18   -0.3691862272984775   0.002344560178345344
4071.46   19   -0.36993830504508307   0.003723299350265346
4266.44   20   -0.3708891986456676   0.0013695756385596197
4400.23   21   -0.3711797016856751   0.001054855615693373
4528.22   22   -0.3713767771762623   0.001514292974881345
4721.34   23   -0.3716343992538131   0.0010504687096051912
4920.41   24   -0.37176811832311907   0.000784218434029564
5115.22   25   -0.3719559570899591   0.0005058440731761039
5306.25   26   -0.37206556725494916   0.0004224308466260712
5441.55   27   -0.3721607028823535   0.0005911745069334261
5645.01   28   -0.3722337877682228   0.0002974959806008987
5847.12   29   -0.3723001485541599   0.0002765111854863009
6052.0   30   -0.37233873892426983   0.00047595017250171966
6257.83   31   -0.3723843759883939   0.00024006953457205316
0.0   0   -0.2565647271528592   0.011488969891126959
