0.0   0   -0.1826361822921669   0.06315262888694984
0.0   0   -0.3665603375068591   0.0007928723537645377
655.56   1   -0.36657156202560603   0.0005566154252831547
0.0   0   -0.36657156203062247   0.0005566132678004576
0.0   0   -0.3665715638912848   1.5744725178135062e31
0.0   0   -0.3665715638912848   0.0005564085678308499
708.23   1   -0.36657934061235303   0.0005024805806331805
1418.25   2   -0.36660367724437537   0.00045998168570315326
1951.64   3   -0.3666299346058629   0.0010030995950922738
2589.62   4   -0.3667776854148923   0.0005112649883258943
3114.44   5   -0.3668544610372336   0.00044168811643270156
3413.63   6   -0.36689445114611696   0.0008192558670171582
4043.59   7   -0.36692764724862215   1.477786875100104e153
0.0   0   -0.36692764724841165   NaN
0.0   0   -0.24987324712363462   0.0003993604849975728
1088.5   1   -0.2576347093499542   0.0016547629396500365
1430.86   2   -0.26187147303086517   0.0021780883425139754
1809.09   3   -0.26959885312543075   0.0023390735016746624
2538.79   4   -0.2876140905272922   0.0018772698058627903
3064.56   5   -0.30971388499126057   0.0006983090550766807
3564.24   6   -0.3124387820457308   0.0001136767716355166
4024.95   7   -0.3125215123152106   3.2727370084283396e-5
4493.32   8   -0.31252957721758057   4.97048189959156e-5
5791.83   9   -0.3146813937025662   0.0005032659853249199
6473.17   10   -0.31469435419634345   0.000528659783093847
7123.01   11   -0.3163980786460973   0.0006535835215076159
7779.16   12   -0.3175987682923661   0.00014861135927003288
8272.57   13   -0.3177456281538652   0.00014754289982596918
8777.5   14   -0.31798476278445453   0.00021045345576732713
9279.67   15   -0.31857540824647257   0.00028157556695544174
10780.01   16   -0.31960213997027725   0.0007221489326849338
11464.25   17   -0.3214295582648744   0.001352133282545698
12002.4   18   -0.32274920762170917   0.0015486432543125063
12312.46   19   -0.3274614617710672   0.001329795303187695
12856.11   20   -0.3347552704125873   0.0009411288708862724
13176.11   21   -0.33576340397941357   0.0005090424383300938
13685.6   22   -0.3388260387775499   0.0007525658975239454
13988.58   23   -0.3398550431226191   0.000667855423753277
14504.89   24   -0.3426941172076133   0.0012781405480633593
14992.05   25   -0.34653411406009876   0.0016513717430478455
15317.73   26   -0.35016846811099733   0.000648512925378575
15779.66   27   -0.3529208170402303   0.0004669418518181594
16250.37   28   -0.35390885224850943   0.0003347551701837415
16717.58   29   -0.35504482852189745   0.0003612111831885957
17174.15   30   -0.3562171492947069   0.00043370327364232334
17697.59   31   -0.35799279629072334   1.702670070888748e7
18918.6   32   -0.3584728611727734   0.00047036564582181886
19417.04   33   -0.359118927503199   0.0004804364518164113
19748.2   34   -0.3601643667038093   0.0004722274407486727
20528.66   35   -0.36175919196251655   0.0009377505589272599
20872.4   36   -0.3628490756201679   0.0010750576009937436
21394.14   37   -0.36566707625650996   0.000857052879050881
21873.58   38   -0.3682551892594584   0.0004990046780349619
22375.28   39   -0.36955087235889955   0.00039285409021210156
22717.82   40   -0.37049039539196577   0.00025390884539018587
23204.48   41   -0.3710308689957445   0.00038595901460565404
23753.6   42   -0.37155431493906377   0.00025496069935504933
24228.94   43   -0.3719043870316944   0.0002653366396663887
24681.65   44   -0.3722167592907017   0.0003278897101354535
25190.92   45   -0.37265181038351564   0.0001898863333731003
25645.28   46   -0.37305056681796334   0.0001894528585818902
26118.21   47   -0.37328052779982396   0.00018740863529387747
26596.36   48   -0.3734906276671498   0.0002604542678603135
27067.66   49   -0.3736449530019143   0.00016441853650414666
27516.82   50   -0.3738291848280452   0.0001397707683615898
27970.14   51   -0.37409156421293954   0.00016561175630572323
28269.79   52   -0.3743299546906346   0.0001994114603039843
28761.11   53   -0.37455357237181147   0.00015332054760698962
29212.79   54   -0.3748241826551042   0.00015810650544799084
29678.37   55   -0.3750446589068377   0.0002226563099214115
29980.82   56   -0.3751048090382048   0.00023070855593540485
30494.33   57   -0.3752242541459892   0.00013991513475159015
30984.89   58   -0.3753555811403078   0.00013463959568848718
31510.7   59   -0.3754772502460598   0.00013262287033465346
31988.87   60   -0.3756016608553075   0.00012414067147282798
32507.64   61   -0.37574468757637614   0.00013922923208452016
32983.76   62   -0.3758608627350228   0.0001579376928289005
33430.72   63   -0.37596542603494415   8.858122778518236e-5
33901.89   64   -0.37610463996315446   0.00011304863799351574
34433.4   65   -0.37620979199093046   8.246357447573983e-5
34851.03   66   -0.3763212082653563   0.00011988010109677911
35221.99   67   -0.3764226784477562   0.00012729186859495266
35827.74   68   -0.3765248966295184   0.00015033082229244654
36466.71   69   -0.37665251964425006   9.996883229828792e-5
36854.4   70   -0.3767638487739609   0.0001223412694834861
37415.32   71   -0.37689595403845544   9.494732862395694e-5
38034.74   72   -0.37706796425926803   0.00013418693311764826
38611.14   73   -0.37717595904918005   0.000107026655236534
39171.97   74   -0.37725019760901823   0.00011919710882164368
39738.72   75   -0.37736017156544965   0.00012380140374782878
40320.06   76   -0.3775362898443949   0.0001122561694569265
41808.29   77   -0.37763520887986185   0.00010086235502523917
42232.27   78   -0.37779288344577167   0.00019105973705652458
42609.53   79   -0.37792390210914983   0.0001246005282740636
43178.96   80   -0.37798340966883365   6.7879917165938e-5
43771.89   81   -0.37809321705002696   9.887662490051742e-5
44132.07   82   -0.37822631343924745   0.00013551833267285319
44511.32   83   -0.378326404520154   0.00017353638671932362
45068.58   84   -0.3783957418032403   8.104307775325226e-5
45654.68   85   -0.3784640813632648   7.91362882216616e-5
46264.58   86   -0.37853615527614115   8.821418613373709e-5
46813.14   87   -0.3786084732506461   0.00012270623359345945
47370.09   88   -0.3786674905972209   7.291565548362693e-5
47914.21   89   -0.37869585737166833   5.328929368423971e-5
48544.66   90   -0.37874357628213634   6.505398913343112e-5
49139.37   91   -0.37879874974103184   5.4875102886507926e-5
49718.08   92   -0.3788410053913543   5.581887381143582e-5
50301.79   93   -0.37890859320671766   0.00011308018749594316
50861.15   94   -0.37896871772199725   5.4649285627007273e-5
51424.72   95   -0.37901069526127174   5.7499519996661466e-5
51980.25   96   -0.3790751526881379   6.216754707844604e-5
52522.13   97   -0.3791183831568109   5.4352741167383784e-5
53141.56   98   -0.3791746090208305   0.00010689509450154556
53655.57   99   -0.3792332269402769   4.915431220507108e-5
54146.4   100   -0.37927018398353785   9.593590039283533e-5
0.0   0   -0.37927016715377804   9.579227222467936e-5
821.77   1   -0.3792798452234778   5.867104101952569e-5
1454.79   2   -0.3793017445331775   6.690231997357463e-5
2010.44   3   -0.3793327956790134   5.106749028693997e-5
2612.75   4   -0.379358103443465   7.150071532084537e-5
3184.78   5   -0.3793790910065137   6.254149608105216e-5
3778.45   6   -0.37939625563702123   4.676448944864836e-5
4382.5   7   -0.3794180657893523   5.272081328121551e-5
4934.56   8   -0.37946274098744964   6.461396597992836e-5
0.0   0   -0.3794626839385424   0.0011812943694197544
384.36   1   -0.3794626384262463   6.547311699628948e-5
1312.57   2   -0.37946990608880665   5.440358128866748e-5
1841.52   3   -0.37948523012254554   5.60806614925205e-5
2424.67   4   -0.379499918702827   3.5137664225660015e-5
2985.16   5   -0.37950587520541923   3.7684788823204524e-5
3528.28   6   -0.37952072101526285   5.924645565689367e-5
4071.33   7   -0.37953315940436105   3.625783583720299e-5
4593.09   8   -0.3795484731807422   6.0947022940953144e-5
5152.47   9   -0.3795660786761216   4.798358290749867e-5
0.0   0   -0.379566248183861   4.916841948105291e-5
1109.78   1   -0.3795692361405221   4.4568412121631266e-5
1856.29   2   -0.3795791038405877   4.1427230146069e-5
2397.53   3   -0.3795890915077752   3.929831526967799e-5
2957.31   4   -0.37959973709037786   5.110645124156173e-5
3506.47   5   -0.37961120738677645   2.7911039254229977e-5
4069.74   6   -0.3796231902312698   4.3465789743281585e-5
4641.06   7   -0.37963093195020237   4.6461843548024375e-5
5179.83   8   -0.3796420398999145   5.176467359176043e-5
0.0   0   -0.3796423924923198   0.000867999532248326
396.46   1   -0.37964292744287476   5.902605121058693e-5
0.0   0   -0.37964176922553977   0.02081770287643793
1625.3   1   -0.3796423143232609   0.012687025651769983
0.0   0   -0.37964176922553977   0.02081770287643793
1852.14   1   -0.3796423143232609   0.012687025651769983
0.0   0   -0.37964176922553977   0.02081770287643793
1929.98   1   -0.3796423143232609   0.012687025651769983
0.0   0   -0.37964176922553977   0.02081770287643793
1666.71   1   -0.3796423143232609   0.012687025651769983
0.0   0   -0.37964176922553977   0.02081770287643793
1973.82   1   -0.3796423143232609   0.012687025651769983
0.0   0   -0.37964176922553977   0.02081770287643793
1945.01   1   -0.3796423143232609   0.012687025651769983
0.0   0   -0.37964176922553977   0.02081770287643793
1966.58   1   -0.3796423143232609   0.012687025651769983
0.0   0   -0.37964176922553977   0.02081770287643793
2020.68   1   -0.3796423143232609   0.012687025651769983
