0.0   0   -0.3665562963105753   1.361378738592642
593.46   1   -0.36658913932533044   0.005867045163765177
1258.75   2   -0.36661786610484093   0.000787862404234445
1745.15   3   -0.36663146881552033   0.0051167744849771
2406.53   4   -0.3666387837403634   0.00045200760299934966
2724.81   5   -0.36664278944751033   0.0005179164661302548
3388.81   6   -0.3667286769819335   0.0013045021505892678
3882.33   7   -0.367062524076456   0.001753075245888592
4433.6   8   -0.367689602684257   0.0019508141873322941
4769.18   9   -0.3682865172456457   0.002681997219583017
5251.96   10   -0.36905043911633834   0.0013315498544284108
5763.3   11   -0.36930244964629433   0.0009231445963175696
6297.65   12   -0.369615903707664   0.001192490634704924
6752.14   13   -0.3699150424028835   0.00042834120027841435
7222.06   14   -0.37006028268754576   0.0008457388953249992
7676.6   15   -0.3702795262872029   0.0009854455679582307
8145.64   16   -0.3704218543849971   0.000653843129725037
8609.08   17   -0.37060445601926517   0.0008587057379134277
8927.17   18   -0.37073385708986617   0.0013373671186040674
9500.65   19   -0.37086290612557316   0.001166115942989671
10003.4   20   -0.3710352359096329   0.0011797565480219504
10470.92   21   -0.3711814206287678   0.0005216916187333607
10928.72   22   -0.3712642958239121   0.0013679700217036402
11374.22   23   -0.37146732216951   0.0009805363447506908
11820.81   24   -0.3717365876999386   0.0008141408416633606
12264.9   25   -0.3718767162361012   0.0006319063535427097
12572.81   26   -0.37190365532562   0.0008608758035675392
13110.17   27   -0.3721081533728608   0.00047524384160203446
13570.69   28   -0.3723117495747439   0.0005314066206041797
14007.17   29   -0.37243613574950235   0.0006007289068423109
14310.34   30   -0.37251722715756874   0.00023782112003952686
14774.11   31   -0.3725681777682568   0.0003207069567739746
15074.36   32   -0.37264264015698034   0.0006055757501421499
15536.44   33   -0.37269406962498997   0.0004357606532393668
15995.53   34   -0.37273612678037815   0.00021216494460909888
16464.85   35   -0.37278162623121275   0.00019373383250183241
16796.53   36   -0.3728082507077921   0.0003299661361286435
17266.61   37   -0.37284549565013325   0.0004698826053898236
