0.0   0   0.26551258286947144   0.0093209543094518
665.8   1   0.09528101741917552   0.041804039221752146
1088.81   2   -0.06366475230702001   0.016380288522624815
1498.19   3   -0.16955466977417066   0.009126111320315752
1901.2   4   -0.21982472362782476   0.00637697484496839
2605.25   5   -0.27652432534790966   0.01572708121827804
2971.33   6   -0.29776290178427706   0.005712911927771217
3493.18   7   -0.34039380581490286   0.004465099522898401
3882.96   8   -0.352510846546726   0.003939783037918799
4252.71   9   -0.3627476369723062   0.0017267169464785623
4651.75   10   -0.3652919909384405   0.0011072503128913716
5063.21   11   -0.36733036016187254   0.0010580333711873475
5480.23   12   -0.3696600255935939   0.0017322129794478352
5874.96   13   -0.3725151569863666   0.0016611588642934103
5961.85   14   -0.37520840191357324   0.0017607889673853833
6006.86   15   -0.3779208831151735   0.001499235694092619
6082.6   16   -0.3808854291296191   0.001136841076256855
6161.15   17   -0.38196912272709393   0.0005208234953378036
6233.73   18   -0.38238919883865785   0.00031780509015003755
6304.78   19   -0.3825195548890655   0.0001972123218835957
6405.03   20   -0.382555542344198   0.00015329944934068063
6482.75   21   -0.3826496912267929   0.00015023864669365674
6559.64   22   -0.38267862733275426   0.00012993049882309941
6629.77   23   -0.38272105639007675   0.00014200404276881054
6705.49   24   -0.3828064698018536   0.000177046714651236
6789.04   25   -0.382881419518485   0.00022865789180040084
6876.25   26   -0.3829767732775603   0.00026002723993397397
6960.78   27   -0.38309920485804816   0.00019061020804308378
7040.29   28   -0.3833310470646632   0.0003300794678591094
7117.23   29   -0.3836346707335956   0.0004230939476456578
7167.67   30   -0.3839602612402373   0.00029826968063105844
7245.89   31   -0.38423002959317143   0.00031349623794968065
7319.34   32   -0.38447039546554546   0.00034850421777673265
7360.97   33   -0.38480265239575806   0.0005112541141668668
7415.82   34   -0.385287801758035   0.0003818076869268717
7451.07   35   -0.3856911490483169   0.00021144214916247976
7502.48   36   -0.3858498704268885   0.00029684244728158874
7558.24   37   -0.3860039121344741   0.00015156492607481013
7616.66   38   -0.3861171238159147   0.00013542164638535175
7655.86   39   -0.38616089033845813   0.00018377289279523638
7715.95   40   -0.3862463194576281   0.0001448690558764167
7754.17   41   -0.3862850919705245   0.00014010162629003029
7811.65   42   -0.3863413805878358   0.00020427206371194408
7867.88   43   -0.3864296746026128   0.0002675259868593868
7925.89   44   -0.386564911443662   0.00018620415147794806
7985.25   45   -0.3867293269381712   0.0001347499318004045
8025.7   46   -0.38684930763364617   0.000184096902831937
8085.86   47   -0.3869175424645802   0.00013579477440493458
8145.27   48   -0.38698775372356786   0.00017843566629536703
8206.0   49   -0.38708207579351606   0.0002154141206336308
8248.02   50   -0.38718337949996856   0.00012041658332062624
8308.58   51   -0.38725678709682687   0.00014515208936464598
8378.1   52   -0.3873268089423167   0.00010623814346450291
8451.34   53   -0.3873834474867861   9.951820304777544e-5
8520.48   54   -0.38743504874888596   0.00015522674619028372
8590.66   55   -0.38747318785201657   7.903889494908924e-5
8654.78   56   -0.3875024961117054   5.8728400355796106e-5
8714.51   57   -0.38753044778059953   6.500098682728736e-5
8773.78   58   -0.3875567270328206   8.835608466026291e-5
8833.22   59   -0.3875762776848367   8.429625591354947e-5
8897.3   60   -0.38760364023347404   6.444875369660144e-5
8957.01   61   -0.3876303122544412   6.602513095606658e-5
9015.96   62   -0.3876532368937622   9.328863782630928e-5
9076.94   63   -0.38767310224252494   0.00011041255411544123
9141.87   64   -0.3877004657912318   8.448126180033562e-5
9203.21   65   -0.38771828943606956   9.725399497598118e-5
9263.27   66   -0.3877442653529111   7.61604103516977e-5
9322.89   67   -0.38778193725032273   7.291753474262361e-5
9384.34   68   -0.38780795025747494   0.00010175064836264384
9443.92   69   -0.38783078409655297   8.833252958489679e-5
9518.81   70   -0.38784792658169315   7.197626796115285e-5
9581.36   71   -0.3878735620639622   8.416151931854555e-5
9643.4   72   -0.38790143194092164   9.554564519683028e-5
9713.1   73   -0.3879222933282219   7.726521534612742e-5
9774.62   74   -0.38794212568330205   6.560843506701415e-5
9835.16   75   -0.3879608597015054   9.782251243780096e-5
9896.78   76   -0.3879799593495381   4.093303072431543e-5
9959.24   77   -0.3879961043694923   9.727963983175842e-5
10019.99   78   -0.38801342836590985   4.2404683201558995e-5
10080.61   79   -0.3880242843133499   5.0954283534924855e-5
10139.82   80   -0.3880374682063655   7.488044848420819e-5
10198.98   81   -0.38805130405110744   4.157044913652841e-5
10257.99   82   -0.3880641341955017   5.5276571640223815e-5
10315.61   83   -0.388080225018822   4.860998369258743e-5
10354.7   84   -0.38808779224822315   6.282909687328642e-5
10412.51   85   -0.38809427462470314   6.742398047170304e-5
10471.19   86   -0.38810108822618256   3.442457021301146e-5
10529.13   87   -0.3881079481902358   5.8201114826630376e-5
10568.51   88   -0.3881116428956521   6.028020317995348e-5
10626.82   89   -0.38811675085386765   3.6828823807476e-5
10688.37   90   -0.38812302064583737   3.005205481187395e-5
10748.47   91   -0.3881277541221284   4.453323626979107e-5
10808.81   92   -0.3881318144432825   4.0170351882896515e-5
10868.39   93   -0.3881364995991027   4.246947100463726e-5
10938.59   94   -0.38814164797308687   3.176740363208861e-5
11005.49   95   -0.38814483773753883   3.7489435797148544e-5
11066.49   96   -0.3881502525943747   2.3762240847150096e-5
11106.97   97   -0.38815501077537795   0.18395366205037725
11207.43   98   -0.38815501265687236   3.2423733678148716e-5
11246.51   99   -0.388155072354565   0.12623753902028167
11321.19   100   -0.3881550705121516   3.404015331031465e-5
