0.0   0   0.2566608443428077   0.06116470244528322
16.61   1   -0.14561160728934983   0.08049332246801709
31.06   2   -0.2149171717981055   0.12396875736423425
39.76   3   -0.2859209159308394   0.054561544867157884
54.02   4   -0.3242237127721481   0.036729675857939695
69.41   5   -0.346681806026084   0.03871004734033441
82.88   6   -0.35680964595577563   0.024794651309162793
97.43   7   -0.3628622218782537   0.009426299339618993
110.97   8   -0.3649996253707525   0.012584811710784249
125.33   9   -0.36829357893836   0.009196461500752293
145.28   10   -0.3696707184297166   0.007162354074351778
159.47   11   -0.3709368434300317   0.007715844702659197
175.07   12   -0.376493526541212   0.23017388676261658
189.28   13   -0.3770934725121563   0.010871561711736722
216.28   14   -0.37754216238665955   0.19401281935991416
347.46   15   -0.377542162385658   0.20487292754399858
420.54   16   -0.3775419753784807   0.010411782131353737
441.62   17   -0.37790741550253093   0.24525704816220192
522.91   18   -0.3779074038368972   0.2567700168268991
601.93   19   -0.377907370845   0.2882779875565987
677.26   20   -0.377907091175656   0.010181749445792485
686.91   21   -0.37816716288366703   0.010478617762754723
701.55   22   -0.37840282279710363   0.008695234114442727
717.04   23   -0.3786156288934791   0.008565697173558687
736.51   24   -0.37971010489831736   0.006843850012589452
786.38   25   -0.3798101551765951   0.2791259851293589
911.9   26   -0.37981007633848846   0.23881257534609532
971.9   27   -0.3798097797549078   0.012158864345886082
985.85   28   -0.38057924306046037   0.2736584385104821
1012.78   29   -0.3805813966737706   0.21019790953429446
1065.99   30   -0.3805810937721268   0.30291813470230744
1140.03   31   -0.38058088226749365   0.22481257568960752
1174.7   32   -0.3805877585077931   0.010267465558313182
1192.5   33   -0.3806235773419825   0.2770767912573353
1249.11   34   -0.38062326582293193   0.21285370260852476
1266.53   35   -0.38062296896323716   0.01022023764176718
1279.68   36   -0.3806267401176169   0.3577534057925891
1288.44   37   -0.38063209699281264   0.010217387119624232
1301.3   38   -0.3806869508106608   0.010048096853123595
1322.74   39   -0.3807720631561935   0.010074145507694622
1364.72   40   -0.38082964526634866   0.30438457543669334
1372.68   41   -0.3808508750312105   0.009331899280594875
1385.59   42   -0.3808608587285359   0.009404788877113563
1403.19   43   -0.38088012706382957   0.009295454325986488
1429.77   44   -0.38089987158637334   0.28282086378222515
1464.41   45   -0.3808998653039385   0.008773321565492714
1477.41   46   -0.3809113012650972   0.35449497507918243
1494.36   47   -0.38091199527306085   0.25952535972992963
1549.65   48   -0.3809118336475632   0.008463364044917529
1562.29   49   -0.3809145295833388   0.008495922076284648
1617.03   50   -0.38097890755010927   0.007968062932330117
1639.09   51   -0.38097994071742686   0.008004870975253358
1661.42   52   -0.3809849145720945   0.007814134281371872
1784.48   53   -0.38098562093780025   0.008086167996163176
1798.6   54   -0.38115084974573377   0.23841913541621906
1807.78   55   -0.3812436551382192   0.2728275656971839
1860.3   56   -0.381243474939279   0.2908976454530629
1926.66   57   -0.3812431508601709   0.006933350937641702
1944.82   58   -0.38130627738267997   0.3562878220071781
1953.37   59   -0.3813239030565264   0.2602582227009572
1966.77   60   -0.38132527018285056   0.006149001841312322
1989.13   61   -0.3813368992131775   0.006064256083933898
2017.23   62   -0.38134071481579934   0.27557716982048946
2039.37   63   -0.3813404936490327   0.2465283367139698
2081.39   64   -0.3814055670602973   0.20006346987527632
2139.2   65   -0.38140534158229855   0.005695071116130316
2196.82   66   -0.38140706132484875   0.2592253299269561
2209.68   67   -0.3814067198261649   0.005699761187237728
2241.62   68   -0.38200928909219617   0.002191836039783118
2254.76   69   -0.3821658394453784   0.2556946855276088
2322.13   70   -0.38216559379479204   0.001817660221734999
2339.12   71   -0.38216820856152484   0.0020062731736948604
2347.65   72   -0.382214858977308   0.2641644351085545
2360.85   73   -0.38229777869161374   0.2655999210282351
2399.28   74   -0.38229802361222487   0.27065500069114723
2415.88   75   -0.3822979089814808   0.002252903414612194
2429.34   76   -0.38229921285649165   0.2783491783675852
2498.72   77   -0.3822989156368773   0.25664237634570025
2506.88   78   -0.3822988252814689   0.002260925628736659
2526.79   79   -0.3823077291522488   0.257603322219978
2551.03   80   -0.3823074030615791   0.0023784249445498295
2574.57   81   -0.3823075198712299   0.002385447413843965
2599.72   82   -0.38233343973107875   0.21637079116937566
2632.66   83   -0.3823333696320086   0.25857066192397704
2647.35   84   -0.3823505328467092   0.002026339587473217
2654.87   85   -0.38235054884659614   0.2992770934516968
2674.03   86   -0.38235154597272425   0.25464522599369505
2738.86   87   -0.3823513192615178   0.0019437794989041006
2820.06   88   -0.3823515797481592   0.0019412072525908791
2830.85   89   -0.3824380494129788   0.2528963714804786
2873.19   90   -0.3824379704575365   0.32149857263971965
2929.05   91   -0.38243777283258285   0.0008554633985078799
2939.55   92   -0.38243794323834635   0.3130482833352197
2950.28   93   -0.38244051734201506   0.29126408239465323
2964.56   94   -0.3824403586753328   0.0009053458730695665
3024.51   95   -0.38244039061830837   0.2686705374759308
3031.1   96   -0.38244037608530124   0.0009057339396553116
3045.39   97   -0.3824404003585913   0.30412578932615864
3052.31   98   -0.3824407480935985   0.0009264555247019571
3191.05   99   -0.3824405828463351   0.0009118317109238725
3198.14   100   -0.38244488375011454   0.0010027337158195692
0.0   0   -0.3824448837480482   0.0037323339708352694
11.98   1   -0.38246845312482547   0.0017141718189314695
26.29   2   -0.38248172612614273   0.003775188277802401
79.97   3   -0.3824979831557994   0.0038317305931852984
95.84   4   -0.3825491549557599   0.25915376596073886
141.46   5   -0.3825491471332522   0.0015449812587261466
162.65   6   -0.38255195987501567   0.00211932201478944
323.83   7   -0.38255171394863735   0.21828135539043553
431.43   8   -0.38255142350318766   0.3042154619085652
539.2   9   -0.3825513804784595   0.30134604695888345
622.16   10   -0.38255100501399986   0.2993607104052511
731.06   11   -0.38255071792573647   0.0033850627835210847
772.62   12   -0.3825513033299801   0.29512930109284785
783.26   13   -0.3825523393701312   0.298934346283172
798.51   14   -0.38255210436018583   0.2579039400674297
829.71   15   -0.3825587682179983   0.226250452110778
845.58   16   -0.3825587682120841   0.2737927130799417
0.0   0   -0.38255876821092016   0.020619926244595504
222.0   1   -0.38256261808755976   0.002744555261120184
271.67   2   -0.38256292879215725   0.3363129106752745
324.04   3   -0.38258599854626835   0.002039116993303987
371.04   4   -0.38258599906098867   0.24012321568430156
435.69   5   -0.382585999061561   0.30964823843809663
