0.0   0   -0.07319488284681919   0.06094730097157472
41.04   1   -0.1020715614044296   0.3241660387974547
181.8   2   -0.1020715273389066   0.23621081300747962
203.35   3   -0.1214098620733978   0.19693690737096148
339.59   4   -0.1214097437004524   0.23116123652085319
462.41   5   -0.12140971625563352   0.17791607885835484
482.68   6   -0.12141077971030109   0.3388485383105989
519.12   7   -0.12141502493339666   0.33076555478920205
569.81   8   -0.12141498006813209   0.17794253176092625
579.16   9   -0.12141524901360437   0.3094623720807879
599.16   10   -0.12141513991823018   0.34928684280393557
628.24   11   -0.12141510765197255   0.29603825029166175
637.08   12   -0.12141509844363059   0.1779424454515777
661.56   13   -0.12142311842617964   0.17792560034799093
671.67   14   -0.14939816985245288   0.27901546925212617
681.71   15   -0.1757639378330409   0.2593416195715582
691.81   16   -0.241340043959367   0.1243285972454861
723.85   17   -0.2471714081598424   0.2977290708678005
831.94   18   -0.24717116567826009   0.2858076154979778
939.09   19   -0.24717105196211137   0.3390616453517881
949.22   20   -0.2501855334347445   0.39850057396037947
964.96   21   -0.253312382924587   0.3023064150254962
975.87   22   -0.272338667778357   0.22060348900952345
995.97   23   -0.28538484478297826   0.3358902847586473
1108.2   24   -0.28538460597152465   0.3503505463247051
1174.92   25   -0.28538450139823063   0.3293826790238022
1252.9   26   -0.2853843466756442   0.314306180291178
1369.55   27   -0.2853840638039111   0.4814476590756827
1384.62   28   -0.2854296827075683   0.2645730638204936
1525.0   29   -0.2854295289864937   0.25918717912882305
1544.82   30   -0.2854297869525781   0.07775552788291976
1559.43   31   -0.2854315492517865   0.4225220337754407
1568.24   32   -0.2897992147182433   0.02642245830843166
1578.38   33   -0.2918943663862549   0.018341387639972898
1708.32   34   -0.29198425285115615   0.2802805168590086
1861.39   35   -0.2919842528511657   0.06910985164629084
1874.82   36   -0.2946342019661989   0.02471387110823363
1893.19   37   -0.29727487294509275   0.011104784422506992
1907.36   38   -0.2986821672321272   0.014045695434861588
1921.95   39   -0.3018450982562275   0.011373245230655079
1935.35   40   -0.3044678895053215   0.011974638409515933
1948.11   41   -0.3076393772696099   0.013663110003016048
1957.14   42   -0.3089318855851866   0.012481839418183446
1971.5   43   -0.31065269164234804   0.004772190477266798
1980.58   44   -0.3107964993001978   0.0020681269418888143
1993.38   45   -0.31088004436824923   0.0015675520260191717
2011.16   46   -0.3110236763399197   0.004120497896654549
2024.47   47   -0.31114130722745525   0.001781733524967704
2037.09   48   -0.3111730191310378   0.0007652904764551577
2054.43   49   -0.31122216174799655   0.0021691988790966074
2069.49   50   -0.31138284094685553   0.0011163777509371959
2083.17   51   -0.31142853000258003   0.0011641824902534524
2096.19   52   -0.3114585241242628   0.0013082881653858124
2110.07   53   -0.3115016556317768   0.0011690049112177017
2118.9   54   -0.3115262250220771   0.0005653318163252047
2141.25   55   -0.3115307468409148   0.0010024768819610972
2154.14   56   -0.3115531826561325   0.00033307763881383493
2167.82   57   -0.3115642944045499   0.0003421999983041232
2176.81   58   -0.31159488282207304   0.001125327447601918
2185.37   59   -0.3116017202424528   0.00030565600978802615
2202.4   60   -0.3116085152442389   0.0008535948284917268
2215.55   61   -0.3116339488146874   0.0003402357023653463
2228.63   62   -0.3116527904964236   0.0007824968972041365
2241.45   63   -0.3116772626739469   0.3564857800369142
2297.3   64   -0.31167736754953934   0.0008090205020828805
2306.41   65   -0.3116810767209727   0.00034044716510021504
2315.81   66   -0.31168376419866084   0.0004104697838405079
2324.72   67   -0.3116876274290554   0.0006282766624722975
2343.23   68   -0.3117069929251612   0.0007855598796268092
2363.66   69   -0.31171828227743503   0.0013925022166996236
2381.52   70   -0.31172718661173066   0.00021958071173171367
2394.51   71   -0.3117296728806481   0.00030440008668566876
2408.56   72   -0.31173717475672236   0.0004070793689783686
2417.92   73   -0.3117426174471183   0.00033724555192541863
2426.59   74   -0.31174522594267245   0.00032317131519217176
2439.8   75   -0.31174853369139854   0.00041796294386610297
2454.58   76   -0.31175616164857   0.0006815297489494297
2472.55   77   -0.31175981784976714   0.0004384961048469823
2485.55   78   -0.3117649607976879   0.00017975823342104592
2504.81   79   -0.31177071509979737   0.0004124010431205695
2514.7   80   -0.31177300770788335   0.0004744634539710862
2528.48   81   -0.311775791192062   0.0003329826230297617
2542.28   82   -0.31177890024260896   0.00020739445354385778
2557.69   83   -0.31178142848068796   0.0002847570232830461
2575.81   84   -0.31178483373022403   0.45011940841801595
2603.47   85   -0.31178455015627393   0.00048304860796176115
2612.67   86   -0.3117850473540824   0.00026120638188116584
2626.79   87   -0.31178922602465475   0.00021495539216061403
2641.4   88   -0.31179315143789127   0.00033373080062133574
2651.37   89   -0.3117931747432686   0.35338538075791565
2661.52   90   -0.31179598945866605   0.0001774064846748868
2685.03   91   -0.3117961636714556   0.0002121544821003205
2694.38   92   -0.31179631254491735   0.42600403532274483
2704.89   93   -0.31179631561346244   0.0008896674354606435
2715.03   94   -0.3117963493343595   0.4638876823962698
2775.07   95   -0.31179620283483706   0.0003197083829703685
2803.72   96   -0.3117968485743048   0.00044803009542925074
2822.72   97   -0.31179777299131456   0.0002813415946270796
2836.55   98   -0.31179839849557867   0.00014258309528933244
2868.8   99   -0.31179954003999066   0.320477880670845
2911.27   100   -0.31179934998463155   0.0003500724714960942
0.0   0   -0.31179934998476516   0.0008539855697181506
12.16   1   -0.3118008196081173   0.0014311203831058256
27.04   2   -0.31180151475173606   0.00048466538097213915
41.07   3   -0.311802052864669   0.00033292311138583024
55.84   4   -0.31180253266964497   0.0007160129960991266
69.43   5   -0.3118031496450641   0.0004473011605255034
82.74   6   -0.31180393091155867   0.0005290615779833939
96.56   7   -0.31180603774380167   0.0006561294462635774
110.03   8   -0.31180760429448257   0.00025532218119280283
126.94   9   -0.3118100531289873   0.0005455270578259941
135.23   10   -0.31181141276913293   0.0003868947651432802
148.4   11   -0.3118127172324519   0.000560500338378195
170.97   12   -0.311816014249699   0.00019292966221589111
183.26   13   -0.3118174150451877   0.00019655210014378743
196.04   14   -0.3118189504871875   0.00022497343118781812
209.37   15   -0.31181985688526104   0.0001978310199727581
230.26   16   -0.31182075460866654   0.00017270737496777672
256.96   17   -0.31182158298533325   0.3615177420565551
292.1   18   -0.3118213490877942   0.0007643825164326055
301.29   19   -0.3118214247065964   0.4133280904725033
310.78   20   -0.3118215124921747   0.0006622998503863625
319.64   21   -0.3118217438288508   0.00040061613589025176
333.01   22   -0.3118219690685181   0.42898811161856976
347.51   23   -0.3118218522728482   0.38385933006453016
378.38   24   -0.3118218431260419   0.0008782400010926976
386.89   25   -0.31182213830718986   0.0002804388352137119
395.79   26   -0.31182218502985765   0.00014014351370057206
408.83   27   -0.31182226859776513   0.00019660323389175563
417.5   28   -0.31182240860973576   0.00020826663465666089
426.56   29   -0.31182254065340653   0.000454595716527728
457.81   30   -0.31182279622063025   0.00018884616667681878
471.13   31   -0.31182295177051556   0.0002235075895441175
480.96   32   -0.311823086396739   0.00025281685455693194
494.51   33   -0.31182341352419274   0.0003010449639543848
503.71   34   -0.31182358703247887   0.00027220159142878075
548.68   35   -0.31182375086808056   0.0003683231888083221
561.48   36   -0.3118241608591625   0.00014950143449680672
575.5   37   -0.31182450947170653   0.00013432294078160673
589.03   38   -0.3118247447331383   0.00012934543497064967
598.47   39   -0.3118247476170374   0.33357338556157184
607.63   40   -0.311825008397121   0.00019485846100350117
621.45   41   -0.31182504120234067   0.00014881388784295475
635.72   42   -0.3118250432436028   0.32840782297392757
644.6   43   -0.3118250482927646   0.00019503141176990314
653.55   44   -0.31182507801136716   0.0001517061594083803
667.85   45   -0.3118251121053861   0.00015290206526085337
867.34   46   -0.3118248244939875   0.43225649214242023
935.39   47   -0.3118245532354148   0.44541867306519534
944.23   48   -0.31182442113542513   0.0006373387330834872
970.7   49   -0.31182470828419606   0.3264186668149568
979.89   50   -0.31182445205024867   0.31777404693789385
1011.01   51   -0.31182417345187385   0.0008391633944950139
1033.18   52   -0.3118249134887092   0.0006847060742362608
1046.11   53   -0.3118252851435007   0.00022167675583810973
1319.08   54   -0.31182516043919306   0.3863525707112691
1404.15   55   -0.3118250370171906   0.34257531587246925
1413.25   56   -0.31182500973258614   0.0005983710685862175
1426.54   57   -0.31182501131482315   0.39892361688987427
1458.06   58   -0.31182552819692533   0.00045796443160308904
1475.9   59   -0.3118255289337538   0.3698419685402042
1495.19   60   -0.3118255533710333   0.48940021047361904
1503.56   61   -0.31182554140134816   0.0004399754003717076
1642.25   62   -0.3118255651315043   0.3620172996122893
1723.13   63   -0.31182547632692104   0.0007209113370146101
1751.53   64   -0.31182573362198734   0.0002237981312904752
1765.0   65   -0.31182579398346993   0.00023694117496061962
1778.71   66   -0.31182582883513005   0.00011404621264660218
1798.19   67   -0.3118259051844345   0.00011928645216606706
1817.84   68   -0.3118261492279634   0.49036847451061466
1833.17   69   -0.311825984624372   0.00034037263548454484
1848.42   70   -0.31182612876629245   0.00016822743282102028
1858.15   71   -0.3118261714094575   0.0001624084857725758
1877.72   72   -0.31182626411793457   9.229429378268315e-5
1898.54   73   -0.31182636719527485   0.00012018106916595139
1912.7   74   -0.3118264596684119   0.0001000373763412234
1931.02   75   -0.3118267027719453   0.00016793778475588641
1945.6   76   -0.3118267760949683   0.00012453817819506086
1959.38   77   -0.31182691143472796   0.00018624227261436778
2258.46   78   -0.3118268305016497   0.3473218320974863
2287.61   79   -0.31182678327897934   0.00044486007107818364
2296.84   80   -0.3118270084201331   7.007149545227234e-5
2311.16   81   -0.3118270478692792   8.107777138201589e-5
2325.65   82   -0.3118271580578432   0.00011505903004808881
2360.15   83   -0.31182726269928257   0.00010576989354154663
2369.96   84   -0.3118272934772467   0.0001438157735126
2380.14   85   -0.31182729770916606   0.40971007883977295
2389.39   86   -0.3118274020234557   0.0002887789575724085
2404.02   87   -0.3118274094673331   0.00021994105768815005
2430.5   88   -0.3118274320097212   0.00013230502855778132
2444.55   89   -0.311827476050817   0.00019180358809139255
2453.86   90   -0.31182750362661826   0.00038684258257897544
2468.8   91   -0.31182775088393333   0.00014018009300740685
2483.08   92   -0.3118277990584055   9.689114013695594e-5
2497.56   93   -0.31182782867683756   0.3551204513653534
2511.7   94   -0.31182789937177297   0.45083588832761406
2542.77   95   -0.3118276251432536   0.3263106205262487
2632.69   96   -0.31182750291045724   0.0005988227989157091
2643.0   97   -0.3118278739330562   0.0001620298100907282
2658.0   98   -0.31182802301416634   0.00016786010410121342
2667.84   99   -0.311828146889695   0.3672149790931037
2677.36   100   -0.31182807641563437   0.00021790564632134433
0.0   0   -0.31182807641557425   0.0002189792997752316
12.88   1   -0.3118281397974926   7.238087582343688e-5
23.46   2   -0.3118281458065142   5.1133404345341186e-5
34.86   3   -0.3118281459229705   0.4244334930754768
182.81   4   -0.31182814779979146   0.00020593502270784247
370.24   5   -0.31182791492582895   0.4986452707196498
486.09   6   -0.31182781770317297   0.0003741261389604326
521.54   7   -0.31182786368141835   0.3310440404984141
532.15   8   -0.3118278211655743   0.3428853185863108
557.42   9   -0.31182772314826146   0.35609935991033576
598.75   10   -0.3118276503470107   0.3629355989587275
639.37   11   -0.3118273836064562   0.0009146451673219022
664.38   12   -0.31182795666855373   0.0004157492731756794
679.04   13   -0.31182805813749653   9.80801599447356e-5
709.05   14   -0.3118280718348976   6.8224374752697e-5
722.84   15   -0.3118280991745541   8.395618831576643e-5
742.24   16   -0.3118281542201977   0.00012123917899768134
755.93   17   -0.31182818542380986   0.4251100751177982
774.43   18   -0.31182798500674197   0.0003973814565678878
784.56   19   -0.3118281844976303   6.645653221058244e-5
795.24   20   -0.31182818482795943   0.37595027249229535
804.59   21   -0.31182818854739297   5.1817305985696926e-5
908.1   22   -0.31182818849464   0.3724198228851378
987.57   23   -0.3118281483713744   0.00016213147265570926
1002.72   24   -0.3118281485403547   0.3595649279072107
1025.52   25   -0.3118281524568264   0.00015792830671271195
1038.97   26   -0.31182815345364934   0.3756059118162477
1048.86   27   -0.3118281524863548   0.00015789713196504287
1155.92   28   -0.3118281524864013   0.39237242497006397
1165.05   29   -0.3118281524866874   0.32621309504703794
