0.0   0   -0.06878487775712638   0.011156321945205784
210.01   1   -0.14926620239795851   0.13771545449593556
308.67   2   -0.24932092813137735   0.04790792745840301
405.03   3   -0.2818629684488725   0.02183314389902127
499.22   4   -0.28608839927095187   0.009694285855445612
557.57   5   -0.2872671590015676   0.010798941970831153
648.3   6   -0.29300933159201725   0.008229225717214126
706.61   7   -0.2958799149044081   0.006272183627319129
799.21   8   -0.2981689173636252   0.012570160866658499
893.42   9   -0.30100382979314605   0.008709341262594449
955.8   10   -0.3020621448213154   0.006330392179547533
1017.2   11   -0.30322275994283027   0.0019334644787097858
1107.76   12   -0.3033779384329   0.0016242665849711328
1276.04   13   -0.3071561283806524   0.013785589472890311
1335.23   14   -0.30729055767631963   0.013913195966757545
1418.85   15   -0.3099514321749622   0.004828193916040523
1502.54   16   -0.3107822866601581   0.001484029926356207
1581.48   17   -0.3110384025101207   0.0024410378230545924
1658.55   18   -0.3112739955188093   0.0018608291112801884
1739.6   19   -0.3113779919585304   0.0007596328703660481
1822.26   20   -0.3114438571972796   0.0010965883904323125
1898.13   21   -0.3115011357145348   0.00048387997074211933
1963.43   22   -0.3115350261743687   0.0006849011022557981
2030.66   23   -0.31159878831153054   0.0006895150194342519
2097.6   24   -0.311626599026246   0.00045063714887824495
2164.97   25   -0.31164573022168746   0.0005621660549987566
2232.85   26   -0.3116940936323834   0.0005531976418266842
2303.96   27   -0.31170572984811995   0.0004477963632793294
2379.08   28   -0.31171270465842765   0.000355412319085643
2493.99   29   -0.311752556866688   0.00043493123280038986
2585.36   30   -0.31179109227709223   0.0005195354955160091
2679.17   31   -0.31184641496213994   0.0005482998869160207
2737.4   32   -0.31189356916192856   0.0006970591618803908
2797.26   33   -0.31191446792029914   0.00042181268067373356
2891.27   34   -0.3119279023383492   0.00032886649920988993
2977.43   35   -0.31194383814213855   0.00047523125392815715
3057.42   36   -0.3119526396111711   0.000294005952098546
3140.44   37   -0.31195684491958736   0.0003098797707940511
3216.93   38   -0.3119674647103522   0.0003508352182440476
3294.35   39   -0.31198674639279383   0.0005160076896278258
3373.2   40   -0.31200286705667424   0.0003696502246736721
3453.28   41   -0.312011720115743   0.00043433072939167013
3544.85   42   -0.3120298989310373   0.00040629759539081804
3650.06   43   -0.31205065022945416   0.000321693769346424
3717.51   44   -0.3120604474841089   0.0004503956612061566
3816.62   45   -0.3120740493719162   0.00039880828639349026
3903.86   46   -0.31209081437837405   0.00046871317115289556
3993.46   47   -0.31210449383483624   0.00040774910277070487
4076.77   48   -0.31211289049553   0.00032610823594354647
4170.21   49   -0.31212577076691006   0.00037344093670983123
4246.5   50   -0.31213725249733737   0.0004017282605110426
4293.25   51   -0.3121462074879714   0.00029284942567200483
4343.21   52   -0.3121556698389554   0.0004473082597812061
4421.46   53   -0.3121720726721781   0.0005405425296026198
4498.39   54   -0.31218449936230097   0.0003403541063884374
4577.91   55   -0.3121971148326351   0.0005004804951177532
4657.84   56   -0.3122130942163071   0.000433359316374096
4741.85   57   -0.31222861538781393   0.00031394277728094664
4830.96   58   -0.3122419356206425   0.00045745543279858175
4889.87   59   -0.3122504691059556   0.0005046022981542427
4971.95   60   -0.3122625759960173   0.000294899386189327
5046.73   61   -0.31226890707981975   0.0003068415196963624
5122.18   62   -0.3122744869595881   0.00027545815595797734
5201.12   63   -0.312281307703675   0.0002681430442766318
5283.61   64   -0.31228666700259455   0.0003025310201693545
5336.36   65   -0.31229107313855886   0.00035475637605998997
5420.35   66   -0.3122950495455913   0.00030962442865466655
5498.46   67   -0.31229821195452234   0.00032030401341542826
5583.96   68   -0.312302796148091   0.00019763408057258615
5677.48   69   -0.31230908683641767   0.00027619041313173823
5766.86   70   -0.31231315574280283   0.00014252008775413562
5853.35   71   -0.31231498631637844   0.00014067861232433784
5939.37   72   -0.3123164916893999   0.00016563800296608846
6022.53   73   -0.31231834686137017   0.00013348913934034545
6101.29   74   -0.3123207031708868   0.00015966821117729057
6177.43   75   -0.31232282122881055   0.00014565895414875356
6258.37   76   -0.3123251472385197   0.00024534315660440905
6337.44   77   -0.3123271730500847   0.0001667945056018912
6415.46   78   -0.3123292027831975   0.00011299524240258048
6488.16   79   -0.31233220536979694   0.00016732801912325981
6568.74   80   -0.3123341795306766   0.00011562605585399624
6618.72   81   -0.31233504323696454   0.00017101833990692964
6694.95   82   -0.3123363063264237   0.00012716752729049742
6771.82   83   -0.31233751720126496   7.792094051571336e-5
6844.78   84   -0.3123383210047559   0.00011603885259223438
6921.04   85   -0.3123393404686133   0.000128710166937027
6995.19   86   -0.31234031648586413   0.00014977882600084134
7070.31   87   -0.31234108894539886   9.298094603659223e-5
7142.94   88   -0.312342601320293   0.00010967306034596762
7189.99   89   -0.31234344053034613   0.00014715247591222093
7268.43   90   -0.31234410319035927   0.00011219581277783792
7377.57   91   -0.3123456555720699   7.566395413298148e-5
7465.87   92   -0.31234711631868284   0.00016093388171802217
7522.73   93   -0.31234846570764957   0.00012120938464799176
7612.25   94   -0.3123492142371472   6.535340455985148e-5
7695.14   95   -0.31234996462361986   9.90633085149921e-5
7779.99   96   -0.31235090335588733   9.139924139617803e-5
7836.83   97   -0.31235153758444023   7.543233982907033e-5
7917.41   98   -0.3123520147333566   6.923414194837799e-5
8002.1   99   -0.31235276930319955   9.478190500717692e-5
8086.58   100   -0.31235326293835797   6.885702721246483e-5
