0.0   0   -0.18151063517345348   0.10368467411317762
10.75   1   -0.2084304327840669   0.10341201943860968
25.15   2   -0.2952422836851901   0.0730370329318696
36.43   3   -0.304400582150681   0.05954065021962899
52.82   4   -0.3127450501775564   0.03446574455286834
70.11   5   -0.3155311012613271   0.016524739406243338
86.53   6   -0.3163639213052647   0.00924173013833338
102.25   7   -0.31673788298599864   0.010208088727706927
118.57   8   -0.3174511792427381   0.008951226879307042
135.27   9   -0.31862706557990367   0.018972472697825926
146.16   10   -0.3199417784109103   0.025016288736002194
157.12   11   -0.32250860125154496   0.03434934082832393
176.16   12   -0.32778076306615533   0.016650994561749604
195.41   13   -0.3301266021862707   0.014980839057404858
213.87   14   -0.33111196409471244   0.009430935141948593
225.79   15   -0.33143513790674434   0.007555264083200994
244.81   16   -0.3320649987965653   0.008076935325783472
265.55   17   -0.33231952563037237   0.0023381698842547785
285.01   18   -0.3323924622341969   0.002489095487646639
304.39   19   -0.33247289604203806   0.0019147729096276448
324.93   20   -0.33251091054187376   0.0012163650658303822
346.59   21   -0.3325330916851432   0.0007415120082484004
367.14   22   -0.33254748225465974   0.0008613529667915035
388.72   23   -0.33256871913938446   0.0010198610866684731
409.47   24   -0.33257518168216704   0.0006196971589700198
437.09   25   -0.3325836215635681   0.001173817133352352
458.11   26   -0.3326001500951989   0.0011684505736768965
479.98   27   -0.3326351677465792   0.0022206977646406696
502.64   28   -0.33268260460219096   0.002200970411124493
516.92   29   -0.33273767304521906   0.0026850332928768455
539.91   30   -0.3328050373176534   0.0019866023416426734
555.66   31   -0.3328243507619556   0.0017956325979453483
579.32   32   -0.3329035809042878   0.0016187712921190475
601.64   33   -0.3330149558645417   0.002500636988438905
625.89   34   -0.33312475515688905   0.0013725640951738256
649.97   35   -0.33319133506334075   0.0016970708702958982
672.98   36   -0.33322907908070015   0.0014554742863074556
696.62   37   -0.3332982664220403   0.0017137064579353537
720.95   38   -0.33335862229866564   0.0034354523585716137
737.22   39   -0.3333880982973992   0.0011473536967534792
761.12   40   -0.33341211131674797   0.00150358478530069
785.75   41   -0.33345926357608574   0.002132007307372834
812.75   42   -0.3335671211198442   0.0035078606722279975
952.48   43   -0.3361604983817158   0.053103080769809775
993.63   44   -0.33626454047659043   0.029668901495347757
0.0   0   -0.33626454124649857   0.062149138450497056
56.8   1   -0.3403480516678381   0.03629417146625455
116.87   2   -0.3433422630730683   0.0454399631695429
153.01   3   -0.34655100632921665   0.01625034988169882
184.23   4   -0.3471507498223434   0.01356492820187881
219.37   5   -0.3477101765952709   0.012897998937101583
256.36   6   -0.3481925809313752   0.008738389301994642
288.64   7   -0.34839537840857726   0.006937969785886668
317.08   8   -0.3485782031202575   0.005921802152024743
347.61   9   -0.348773469015621   0.004629475603874824
366.32   10   -0.3488771566167849   0.005842704135676487
397.98   11   -0.3489671631185635   0.0056044389574710285
424.52   12   -0.3490963043283397   0.007114021363224365
488.86   13   -0.34918610868359407   0.011567859347032843
507.65   14   -0.3493510880900246   0.0031755463722332043
538.6   15   -0.3494070050443238   0.004190694948075002
570.16   16   -0.34947273058677286   0.004564395742656611
605.55   17   -0.349583243651343   0.003592818284017896
623.56   18   -0.34961941697347015   0.0026982230923860645
653.4   19   -0.3496663910622875   0.002646561162418308
682.89   20   -0.3497193298185559   0.001964519116657563
718.42   21   -0.3497459869570424   0.0022129646414777104
751.54   22   -0.3497616631298583   0.001978697170796925
785.77   23   -0.3497737744965418   0.0011074073423052457
820.09   24   -0.34978537764419254   0.0008855963963427907
848.62   25   -0.34979121658397594   0.0019099522163582953
879.22   26   -0.3497953268318243   0.001016635240103224
898.02   27   -0.3497984707290387   0.0010755503780250908
964.19   28   -0.34980214097691076   0.0010141356146415462
983.33   29   -0.349805528439211   0.00041870454669015977
1012.53   30   -0.3498072898453677   0.00024158620131087028
1042.97   31   -0.3498079574065509   0.00041397485187925784
1075.33   32   -0.349807959193866   0.00021176576025219298
1132.64   33   -0.34980816366764966   0.00016556567450824313
1161.8   34   -0.3498084097415263   0.0002384234577373772
1189.84   35   -0.34980860037826234   0.00019040203464525438
1219.42   36   -0.34980877041726915   0.0002502730954244976
1239.57   37   -0.34980871883742715   0.00021859894252413694
1270.32   38   -0.3498088373251748   7.153721008109698e-5
1298.37   39   -0.3498089102073464   7.551147956871283e-5
1317.7   40   -0.3498089809196985   0.31774659614971923
1342.43   41   -0.3498086453816927   0.000424857308462285
1400.96   42   -0.3498089820038676   0.00031512598757285046
1451.41   43   -0.34980870982056833   0.00024278330336230982
1481.59   44   -0.3498089175945236   0.00010320520401668904
1500.95   45   -0.3498089544200276   0.00012947658550042907
1519.76   46   -0.3498090268216912   0.00012733260086401452
1547.93   47   -0.3498090592453853   8.12667721148383e-5
1577.19   48   -0.3498090818211009   8.253851058162562e-5
1607.17   49   -0.34980911023133376   7.965513944203983e-5
1634.98   50   -0.3498091408009582   6.590689188616354e-5
1663.86   51   -0.34980916275923474   8.640215823838673e-5
1693.49   52   -0.3498091911533818   5.299337609002126e-5
1722.75   53   -0.3498092133753372   5.127543527518631e-5
1740.51   54   -0.3498092247702476   3.389584987744992e-5
1767.78   55   -0.34980923005694836   3.5722809807726737e-5
1796.34   56   -0.34980923698278754   3.639367957850258e-5
1825.75   57   -0.34980924307681366   2.7019268203633585e-5
1853.08   58   -0.3498092481184675   3.7586548768273684e-5
1881.54   59   -0.3498092535056427   2.3370543530416582e-5
1910.63   60   -0.34980925679176994   2.0676388219598944e-5
1931.48   61   -0.34980925705213894   4.6488901562383376e-5
1949.95   62   -0.3498092569249929   3.4313213932061134e-5
1976.53   63   -0.3498092590594803   1.8300909487022963e-5
2013.77   64   -0.34980926364565357   2.6644184137511995e-5
2043.71   65   -0.3498092678612218   2.6971523382057566e-5
2184.57   66   -0.3498092687047199   0.30021938473953824
2381.75   67   -0.3498091001229123   0.29488297766996185
2520.83   68   -0.34980901249855656   0.3067186464084285
2732.0   69   -0.34980881140140074   0.2853781924821201
2770.18   70   -0.349809217600248   0.0001690723384250211
2886.13   71   -0.34980921761350503   0.2758529233975036
2905.38   72   -0.34980924991592827   5.6075391234064704e-5
2956.02   73   -0.34980924998300356   0.28799437882662554
2984.41   74   -0.34980924918036876   0.3035885138503523
3195.84   75   -0.34980924866819696   8.782502765461808e-5
3233.16   76   -0.3498092486853549   0.27105213735363237
3485.85   77   -0.34980917367132547   0.27343773439758734
3506.39   78   -0.3498091929317711   0.2755360251681728
3564.54   79   -0.3498091420693152   0.2689303945544252
3720.52   80   -0.34980892435812105   0.31036742223701047
3740.72   81   -0.34980888687294925   0.2816663374556656
3838.44   82   -0.3498088619748061   0.29808907910630755
3858.26   83   -0.34980883224686   0.2915744425562543
3876.38   84   -0.3498087216429644   0.27953476375110803
3894.72   85   -0.3498087080183817   0.28116276093338133
3982.37   86   -0.34980862326316664   0.274593853395639
4176.93   87   -0.34980841070932106   0.33681976757164306
4224.7   88   -0.34980840637958993   0.31424999645837115
4244.37   89   -0.34980838629524136   0.0007508461682108384
4311.84   90   -0.34980838630746874   0.27799560640052023
4360.39   91   -0.34980838628685895   0.2684017510884073
4391.0   92   -0.34980838629201666   0.27751379514053914
0.0   0   -0.18358944656498088   0.07765326787104879
15.5   1   -0.20120274214867911   0.09505891386474513
30.72   2   -0.2118145873698464   0.1007190500429413
53.71   3   -0.24251418691133966   0.11626878880296292
102.12   4   -0.26320885655751575   0.1588369918989186
126.02   5   -0.2822868964618681   0.07929966851935898
149.99   6   -0.29813980537841983   0.07110095597947838
173.58   7   -0.31004847217310416   0.038457038315561534
215.88   8   -0.31282749728534476   0.19206463420743353
372.66   9   -0.3128272764047514   0.2130038596775388
396.01   10   -0.3134354462840419   0.17540047943165166
491.42   11   -0.31343533816702496   0.042667643630921785
505.39   12   -0.31381733164323783   0.22854670716556127
604.14   13   -0.31381714728656523   0.02002379021954229
628.08   14   -0.31398879745995256   0.17940805042463323
714.01   15   -0.31398855451401536   0.012255741828529487
752.3   16   -0.3140616777850236   0.013302344050391305
1018.09   17   -0.3140639933035034   0.2192065926843188
1240.0   18   -0.314063980138149   0.17725549187475717
1317.61   19   -0.31406375243533646   0.022515307839930394
1331.44   20   -0.3140761457174952   0.022912539428150788
1354.41   21   -0.31415003582153356   0.25884631773293404
1442.11   22   -0.3141497505202432   0.02861007329304679
1464.56   23   -0.3141725691596579   0.19224581713858452
1488.66   24   -0.3141737730515046   0.17551163427896385
1547.71   25   -0.31417348665498873   0.02637118737506514
1570.23   26   -0.3141871293834369   0.025439771035547013
1585.29   27   -0.3141999791361844   0.023761513537996732
1614.4   28   -0.3142180585173388   0.02311170700928157
1644.83   29   -0.3143013590518643   0.22220717955503055
1661.42   30   -0.31432157687113044   0.20000845934442193
1701.18   31   -0.3143410963979894   0.022756410125155786
1757.84   32   -0.31439943498493994   0.20511340378171744
1908.37   33   -0.31439914584908624   0.026051644107931596
1948.09   34   -0.31445354591964236   0.023354774836145724
1982.58   35   -0.3145143980692815   0.019228015312072536
2017.94   36   -0.3145341423986382   0.019495258551987065
2053.89   37   -0.31457246365884617   0.21135227880328386
2140.97   38   -0.31458701882742296   0.22055392350700326
2289.37   39   -0.31458701324599475   0.016738236460005298
2319.46   40   -0.3146127039415638   0.017485267566218557
2356.6   41   -0.31475895141906024   0.018908864343963994
2381.42   42   -0.31492216963598013   0.01567311668547334
2399.39   43   -0.31512933249487335   0.3452543538850725
2539.82   44   -0.31512912721771646   0.18845806950701038
2654.04   45   -0.3151288818729349   0.017271068399145384
2895.88   46   -0.3151393798189998   0.22289589473679203
2921.72   47   -0.31525000794974517   0.21932696374614666
3028.04   48   -0.31524976459427045   0.1860365004860974
3140.31   49   -0.3152495468122446   0.014875708014511817
3184.36   50   -0.31527895032351566   0.2297919749019798
3278.23   51   -0.3152786440853721   0.015094185180820719
3299.74   52   -0.3152932299339602   0.015300855086401405
3352.64   53   -0.3152964858029582   0.2351159059317127
3445.85   54   -0.315296247060638   0.19076467058259897
3612.87   55   -0.3152960190441166   0.16820489408755904
3684.38   56   -0.3152959605694135   0.19682995451031185
3768.03   57   -0.31529572787993765   0.17208879566278887
3836.1   58   -0.315295441294156   0.20344527368832938
3918.31   59   -0.3152954147259975   0.18658576300805946
4105.77   60   -0.31529538692657993   0.18731831350389355
4189.25   61   -0.31529508313755966   0.20114871380312876
4236.27   62   -0.31529477888711066   0.21018900167972687
4293.44   63   -0.31529477752749796   0.22555324071895758
4406.78   64   -0.3152944647809292   0.22656548109955585
4450.96   65   -0.3152944265762585   0.1748723682043584
4556.24   66   -0.3152941862307562   0.2077715592900842
4586.5   67   -0.31529432406997554   0.17710214551567754
4631.31   68   -0.31529428324462133   0.22983427046503588
4647.4   69   -0.315294802012959   0.2333097994953678
4677.13   70   -0.31529611568704274   0.20515234341888053
4809.44   71   -0.31529914209825355   0.21024579508251126
4905.24   72   -0.3152989540814623   0.22500125559000167
4928.3   73   -0.3152987522139736   0.014336036964362737
4941.65   74   -0.31529876154722575   0.20594766856704738
5010.27   75   -0.3157501128668039   0.2121670598590938
5031.93   76   -0.31575011286922494   0.0237919168180334
