0.0   0   -0.6546793514521566   0.1962137618787767
2011.34   1   -0.6546806106891039   0.003672415636341737
2124.53   2   -0.6546814264281731   0.15388027096049944
2183.1   3   -0.654748342599741   0.004073623549511255
2221.5   4   -0.6547483431018538   0.16782619869378018
2278.51   5   -0.6547634216619148   0.0022420622854717655
2336.8   6   -0.6547642637877029   0.1930140532507835
2374.61   7   -0.6547723114725643   0.0031795210077940313
2921.18   8   -0.6547716568294437   0.14790497578900583
3412.89   9   -0.6547715862073745   0.12820984076786954
3692.85   10   -0.6547709815913627   0.14780442978967748
3799.5   11   -0.6547708964647257   0.12822142353088797
4067.5   12   -0.6547707865817086   0.1465114146180796
4147.23   13   -0.6547706936088267   0.1754820966842088
4202.66   14   -0.6547707969011327   0.13213338682618966
4506.3   15   -0.654770178016478   0.1651894172472929
5029.51   16   -0.6547695253590686   0.13999831907187354
5101.86   17   -0.6547695622058647   0.13827621507562113
5338.72   18   -0.6547695018201719   0.1469019394274655
5535.63   19   -0.6547692017875012   0.12288428983378026
5815.53   20   -0.6547692296183283   0.12307104133609434
6019.27   21   -0.6547691105775687   0.13552064201815928
6093.59   22   -0.654769110200882   0.15801642404135016
0.0   0   -0.6547691102611893   0.16946610013881167
523.76   1   -0.6547685997659719   0.15300413268454793
605.74   2   -0.6547681875752538   0.15388241199905048
710.18   3   -0.6547709317888275   0.0031815969575327593
809.96   4   -0.6547716565335903   0.1148510374802802
863.31   5   -0.6547877309427725   0.0016053708111396306
1056.16   6   -0.654787727934068   0.1509255859155049
1113.36   7   -0.6547877412857827   0.1532707365109301
1174.3   8   -0.654787930940805   0.0013034301879032088
1306.09   9   -0.6547893284482842   0.13802696366609693
1400.59   10   -0.6547943714240445   0.0022424989184073245
1529.36   11   -0.6548028069132794   0.1695403606100402
1692.07   12   -0.6548027324059519   0.16714155425760321
1938.82   13   -0.6548023665479182   0.1261868345280959
2196.81   14   -0.654801824220959   0.11562290885822595
2464.67   15   -0.6548013140123948   0.16934817351991843
2595.25   16   -0.6548010514720748   0.15985488595605526
2723.5   17   -0.654801058102352   0.16758636959529108
3079.56   18   -0.6548006169308318   0.15173630760031667
3141.41   19   -0.6548006189968805   0.11394110067060999
3268.51   20   -0.6547999857288721   0.176999958156848
3328.83   21   -0.6547997887866288   0.15759521187147765
3788.07   22   -0.6547991603888853   0.1525135905727797
4853.54   23   -0.6547987120175756   0.15583605502084846
5397.47   24   -0.6548001028633752   0.0025176514665250296
5524.44   25   -0.654812036772337   0.0016819602889072505
5578.59   26   -0.6548155149654158   0.13205388245951358
5979.84   27   -0.6548155419053514   0.0010958135732119958
6037.11   28   -0.6548155162947892   0.14904255181970041
6087.99   29   -0.6548155200656953   0.13507516690598753
6192.98   30   -0.6548155212497646   0.1629904015717508
6659.13   31   -0.6548154102985264   0.001053338611182981
6717.1   32   -0.6548154214650223   0.1724724465029732
6831.01   33   -0.6548182273804083   0.0012892850134027863
6992.29   34   -0.6548182213843091   0.14934663839505155
7268.35   35   -0.6548176305074893   0.13762258837176505
7765.98   36   -0.6548174845431223   0.176356255940622
8412.79   37   -0.6548172117374811   0.1592375917714429
8511.78   38   -0.654816582221468   0.0024676452756385095
8643.18   39   -0.6548180937222019   0.15068725005893863
9098.75   40   -0.6548175556294783   0.002798991138813935
9267.57   41   -0.6548227842686405   0.0009675239029547134
9351.85   42   -0.6548248411956102   0.15671949329740256
9502.13   43   -0.6548244845831415   0.11000126191487183
9962.41   44   -0.6548243876751538   0.1051141230188105
10199.86   45   -0.6548243849516183   0.1615127039165167
10334.86   46   -0.6548239434336092   0.16308641943326033
10444.52   47   -0.6548234298723303   0.18030646981373435
10573.08   48   -0.6548244304148416   0.16373670346313646
10850.45   49   -0.6548242566050412   0.14217601728440912
11787.6   50   -0.6548237500486573   0.17919722517635064
12544.25   51   -0.654823250468576   0.128638338347399
12646.17   52   -0.6548228269205073   0.11611474297379684
12694.89   53   -0.6548228742021533   0.14902683271124104
12743.62   54   -0.6548234646525924   0.13483105880802104
12921.87   55   -0.6548235717159723   0.10986933911842672
12969.22   56   -0.6548237164601682   0.0030121985945090438
13057.54   57   -0.6548244621425237   0.13717034230526265
13107.67   58   -0.6548265162109427   0.12421508644928812
13156.42   59   -0.6548296138550145   0.17479329822848974
13296.06   60   -0.6548294174231168   0.1715578298921919
13366.28   61   -0.654828833548459   0.1772812362476395
13826.61   62   -0.6548281863588536   0.1652370270074521
14019.56   63   -0.6548281742358486   0.1766663670511485
14269.99   64   -0.6548281454327336   0.1282920362053792
14333.84   65   -0.6548281455493072   0.19353175773122785
