0.0   0   0.4422519139106104   0.11138783883246788
15.82   1   -0.068431959981096   0.16165481796162864
25.82   2   -0.3161531072126949   0.29420156913098483
155.42   3   -0.31615283269475236   0.10205616419029664
172.3   4   -0.32060956714033284   0.12190822495815463
191.77   5   -0.3418572028695357   0.1448355559421897
206.4   6   -0.3579240832407925   0.15292062964485906
214.61   7   -0.43021012382209933   0.10364743880001148
223.18   8   -0.451614249713349   0.03955936812065081
236.93   9   -0.48126528097032445   0.0508520703549407
245.71   10   -0.4930650884184621   0.05670360859018959
255.13   11   -0.5186139329631679   0.07567073294860371
269.05   12   -0.573741411493007   0.0501163629362107
277.89   13   -0.5974834992357851   0.0316725333871176
292.41   14   -0.6254975494097961   0.03521309836247036
307.13   15   -0.6383825064177527   0.011768934576075115
320.47   16   -0.6419287884487411   0.005484378036617407
334.87   17   -0.6428390070673227   0.005156219649426353
354.35   18   -0.6436737610697433   0.004067659086226033
363.14   19   -0.6449058478178511   0.0025739378093554387
376.11   20   -0.6452064978028655   0.0012649087926913148
389.91   21   -0.645338348858046   0.0016644636684611611
404.22   22   -0.6454499287449021   0.0009138730389294584
417.63   23   -0.6455121568843216   0.0010360767348791759
431.99   24   -0.6456088992402186   0.0009310172766338912
447.3   25   -0.6456681917716892   0.0005548503614268482
461.34   26   -0.6456951493222726   0.0005933394409293945
475.44   27   -0.6457347639117771   0.0007417668057560631
489.87   28   -0.6458140714510737   0.0010099119418080938
499.33   29   -0.6458464499960797   0.0004986432975816253
518.56   30   -0.6458617363423744   0.0004044406429542036
532.23   31   -0.645874105094378   0.0003467890306785362
551.33   32   -0.6458802772371277   0.00033725900171442067
565.34   33   -0.6458892010641459   0.00029003861610192756
619.53   34   -0.6458967119238472   0.0010659826688089334
634.24   35   -0.6459420382103885   0.0003583710421997313
644.93   36   -0.6459425353419912   0.26614301158196113
655.54   37   -0.6459604038820016   0.000361139038278453
666.58   38   -0.6459728539423883   0.0003714622659072155
690.73   39   -0.6460004548016418   0.0013625845694309607
713.03   40   -0.6461103086802643   0.000984825446528739
733.93   41   -0.6461273575026144   0.25493858171144584
749.8   42   -0.6461619961094196   0.17251867476109284
881.75   43   -0.6461618234997442   0.0009435467317053055
1083.07   44   -0.6461644876724127   0.24869150585424388
1129.0   45   -0.6461646593982853   0.0006331335379261959
1148.91   46   -0.6461646623293963   0.20523310792653676
1158.16   47   -0.6461648476709033   0.25781298708263983
1171.09   48   -0.6461643883728013   0.0006396085573847785
1185.44   49   -0.646164428754121   0.21275110793889673
1218.17   50   -0.6461643722227529   0.18508512540616007
1238.41   51   -0.6461643205535925   0.0006411887445001127
1247.98   52   -0.6461643307493854   0.24103551423792893
1308.22   53   -0.6461645111456368   0.0006200942642936208
1340.19   54   -0.6461762244582502   0.19619172201894292
1368.17   55   -0.6461756232180821   0.0005036688656629001
1406.09   56   -0.6461761300759299   0.0006651500752364259
1429.42   57   -0.6461976586790669   0.0005805403125011112
1444.4   58   -0.6462162387463393   0.27951454951520815
1459.41   59   -0.6462168398017194   0.0007333237284466702
1468.34   60   -0.6462168604221811   0.0007148100596848713
1478.2   61   -0.6462199550415684   0.2253797132592362
1512.53   62   -0.6462193530885034   0.0006704640655252018
1784.61   63   -0.6462194950915698   0.0005731065499365402
1805.76   64   -0.6462285701127881   0.0003740599695598524
1823.08   65   -0.646233842669854   0.24512011959944421
1839.9   66   -0.6462395087054451   0.27671329955871615
1856.7   67   -0.6462398817135399   0.2491316254794221
1878.69   68   -0.6462400662404244   0.2193482319831471
1910.38   69   -0.646240366826936   0.0006398203737487022
2001.4   70   -0.6462407240564315   0.26394396468385234
2037.4   71   -0.6462404821115239   0.259537854238804
2056.3   72   -0.6462398791683587   0.2433171984900157
2080.73   73   -0.6462397398123306   0.20876429365080287
2226.53   74   -0.6462396757667405   0.2776144067874785
2328.1   75   -0.6462395993945768   0.2605429028728115
2588.74   76   -0.6462395978213444   0.0006764174407705292
2597.97   77   -0.6462396286499605   0.0006631927017612181
2725.74   78   -0.6462392312549873   0.2279922036302202
2780.3   79   -0.646240072136052   0.0004966423123495672
2808.0   80   -0.6462448914851014   0.0003181265362965443
2827.3   81   -0.646245825105585   0.2502362994283167
2836.74   82   -0.646246295398485   0.00037502647652877747
2845.55   83   -0.6462464962900234   0.00027905722881777184
2854.98   84   -0.6462523172794151   0.19455546202107354
2902.53   85   -0.6462519183823789   0.0005115875372785502
3069.39   86   -0.6462516337010571   0.000290683822114
3079.21   87   -0.6462523080783863   0.2615900523143293
3089.12   88   -0.6462549836056752   0.25538056026784284
3102.45   89   -0.6462546918659656   0.00026904001184237985
3112.49   90   -0.6462555854999665   0.20923172766228484
3141.4   91   -0.6462559611412206   0.1900540184534272
3151.04   92   -0.6462561120355494   0.24890107186194
3173.97   93   -0.6462559992034138   0.0003097340292834048
3183.64   94   -0.6462562175960185   0.0003441678096406546
3193.7   95   -0.6462591352675898   0.0003328701977306326
3212.57   96   -0.6462696139235908   0.000627568738697057
3223.03   97   -0.646290682152532   0.0007119293213824223
3401.96   98   -0.6463051618153622   0.0019973705287170836
3444.5   99   -0.6464473248761093   0.22805035459487494
3483.75   100   -0.6464532285171546   0.0008928926115682523
0.0   0   -0.6464532285172973   0.0044638117111001855
11.71   1   -0.6464782093399593   0.0037322318375509274
33.55   2   -0.6464853259429122   0.0031094538592230533
71.35   3   -0.6465167424245268   0.006519143183283448
86.23   4   -0.646558224879339   0.004101837429430057
100.28   5   -0.6465884302144549   0.0037479473034456473
116.67   6   -0.646614150185151   0.0032755155646065144
138.93   7   -0.6466953754459209   0.006660669360057793
154.52   8   -0.6468104596965154   0.005592098689427867
175.28   9   -0.6468788208668073   0.2795497031611551
190.84   10   -0.6468969893809547   0.2727411877154894
226.87   11   -0.6468986854295118   0.003397588553556689
241.93   12   -0.6469021346299924   0.0039397407533967345
252.68   13   -0.6469099219695092   0.28211249234985536
262.83   14   -0.6469104404850441   0.2494798896089838
324.75   15   -0.6469100199642993   0.25374880146123624
388.93   16   -0.646909421671283   0.22427081050438166
476.09   17   -0.6469090783155573   0.004932079896299227
485.89   18   -0.6469130128274937   0.0036372592221583584
496.73   19   -0.646931297022658   0.004342935320874592
507.04   20   -0.6469598427984546   0.004024840802480741
538.09   21   -0.6469680600806748   0.2744435617248386
603.26   22   -0.6469677320269693   0.29963016755097027
678.55   23   -0.6469672326358624   0.1948843791637172
720.09   24   -0.6469670173991986   0.2962079439244573
761.34   25   -0.6469667646548133   0.22730623687714416
818.79   26   -0.6469665319971244   0.25075865926343516
850.81   27   -0.6469661721165665   0.26732030608381313
907.71   28   -0.6469661156476474   0.23935626507013547
1044.27   29   -0.6469659155701009   0.26021194177067725
1096.68   30   -0.6469652783310182   0.2566841502698821
1186.34   31   -0.6469651449972381   0.24856487040898073
1298.29   32   -0.6469650509789818   0.009059525441576248
1321.07   33   -0.6469652809980688   0.009203916161958252
1338.05   34   -0.6469654929352504   0.009127917335995914
1354.44   35   -0.6469668312553342   0.009035339096226976
1366.95   36   -0.6469706620040615   0.22822406614095853
1377.24   37   -0.6469743052810805   0.0064461954951883366
1388.29   38   -0.6469771620412648   0.007185143415536925
1400.21   39   -0.6469773264260243   0.007282380566198637
1416.86   40   -0.6469775473761158   0.2702440952417641
1428.18   41   -0.6469774530104031   0.00757313061695726
1444.81   42   -0.6469792657185162   0.0071414879208800885
1456.1   43   -0.6469848200255468   0.006032753175551761
1466.87   44   -0.6469873985664503   0.21730305761500224
1501.9   45   -0.6469917926871407   0.2503428424105642
1563.26   46   -0.6469912370508122   0.21086150451759852
1591.08   47   -0.646991358726844   0.28273571094109917
1638.71   48   -0.6469907270591954   0.27352896418139405
1650.24   49   -0.6469906511106773   0.26536940665261116
1674.54   50   -0.6469904507032052   0.2272154845285406
1715.0   51   -0.6469898113427782   0.2057041256120586
1831.78   52   -0.646989164619534   0.2608877010684164
1862.39   53   -0.6469890587243626   0.2789414122803346
1886.63   54   -0.6469889729889027   0.2746253929176815
1914.3   55   -0.6469889727882622   0.22568834231889662
2001.97   56   -0.6469889450837942   0.24720833768858838
2134.29   57   -0.6469883245820404   0.2542390816039244
2157.65   58   -0.6469883455282204   0.2663991664729826
2181.81   59   -0.6469881210655272   0.26469989417666895
2265.11   60   -0.6469874749243679   0.22917820606224193
2299.9   61   -0.6469872743427668   0.21521237461616724
2323.46   62   -0.6469869965488199   0.27335489622048975
2347.03   63   -0.6469869540765479   0.24756047229698552
2364.32   64   -0.6469870081266405   0.2668406292411216
2375.43   65   -0.6469871003191459   0.2430993299249299
2451.93   66   -0.6469892103164168   0.2629161443353467
2507.19   67   -0.646989095390845   0.24601854459186034
2609.7   68   -0.6469884485467878   0.006912726212835016
2626.49   69   -0.6469887099139683   0.21243423775678213
2665.01   70   -0.6469884553864086   0.22258191242305472
2692.28   71   -0.646987890608819   0.2189634140006552
2707.37   72   -0.6469879786556599   0.2771282711176143
2723.81   73   -0.6469879622839382   0.23382992302957065
2804.25   74   -0.6469873192377642   0.007002057815302601
2981.67   75   -0.6469996216698725   0.253560073480218
3098.57   76   -0.646998975012854   0.29195444575054735
3109.01   77   -0.6469988880484179   0.2114734972346161
3130.95   78   -0.6469986096785143   0.23688858615239913
3151.54   79   -0.6469986783692723   0.007193674188963051
3196.16   80   -0.6470265837563698   0.27949032802643603
3218.05   81   -0.6470264369315776   0.2705345050563834
3236.48   82   -0.647026436931719   0.30939351985175045
0.0   0   -0.647026436931426   0.0053277551883031534
124.59   1   -0.6470311083306427   0.2704316884553488
345.87   2   -0.6470306325805226   0.004930609474672353
500.49   3   -0.6470311879278653   0.25583803505089425
933.92   4   -0.6470416452175315   0.0026025421695011048
1024.4   5   -0.6470426508084208   0.24597539919280634
1509.86   6   -0.6470434770697635   0.2700522274968379
1594.02   7   -0.647044348919429   0.19116899504887813
1672.3   8   -0.6470447427673574   0.0019525896104096723
1966.47   9   -0.6470449575538508   0.222137193772724
2029.71   10   -0.6470450968681696   0.25314262054519465
2145.46   11   -0.647059075196314   0.24573617643991819
2309.56   12   -0.6470596584325539   0.003224378259567328
2402.68   13   -0.6470596821367135   0.20137501865014593
2515.18   14   -0.6470602349294985   0.23989156030864603
2651.65   15   -0.6470633054857372   0.003906652395829423
2703.95   16   -0.647063381911477   0.27377167815908726
3092.86   17   -0.6470660936374782   0.004254182910061313
3228.21   18   -0.6470831768502054   0.004000882137206538
3314.11   19   -0.6470919433092447   0.0022928495928774303
3427.37   20   -0.6471147580371904   0.003232144200523657
4463.1   21   -0.6471343923847785   0.2610157960190793
5305.02   22   -0.6471338029943011   0.2062613595632799
5451.59   23   -0.6471333506526531   0.23290797990952877
5544.09   24   -0.647133350657276   0.22995247921499
