0.0   0   -0.1835894465649811   0.07765325572868027
13.06   1   -0.20120273981205136   0.09505893936140017
28.33   2   -0.2607212538388662   0.0891666772740146
39.26   3   -0.27683546570267875   0.09458760093084416
57.11   4   -0.28397707290028634   0.11105602273041605
67.82   5   -0.29867447171842115   0.05041747305938212
83.52   6   -0.3097765103996457   0.03248837306948057
94.09   7   -0.3139398989737967   0.01786466848108358
111.52   8   -0.3152687290458537   0.018109126013892144
123.0   9   -0.31628949033542036   0.015479009887366014
140.5   10   -0.3177290943895263   0.009622136808990742
161.92   11   -0.3191167991487699   0.019774540667969628
178.75   12   -0.32066074643551373   0.018059050666698783
190.0   13   -0.32231180056953246   0.015498232238788842
206.91   14   -0.3244432868573405   0.15886498087964393
223.23   15   -0.3248292986727646   0.02329850020797192
547.1   16   -0.3248560251007677   0.01624181848554477
564.1   17   -0.32821097347850847   0.017501357847819872
581.24   18   -0.33013814584207274   0.014553022667242631
591.39   19   -0.3309214679324723   0.01100366482428181
606.74   20   -0.3317016507157962   0.005268559622413731
623.89   21   -0.3319301826643922   0.006893989523193552
639.91   22   -0.33220268648395335   0.00688575731583163
655.96   23   -0.3324364318140627   0.00519396575806141
672.35   24   -0.3339658660533557   0.013865328982509318
683.89   25   -0.3345768666160471   0.020100284843251597
699.81   26   -0.3365015062457865   0.0304979986192036
714.4   27   -0.34157637063472385   0.02328214076816322
740.62   28   -0.342396991927058   0.020591930268287293
755.87   29   -0.34512163365027665   0.012554514142667495
770.15   30   -0.3459011408044599   0.007403356567143188
784.72   31   -0.3471392860865749   0.008164962053072034
798.48   32   -0.347710582542729   0.0054506423209908115
812.19   33   -0.3479832154864015   0.0026120995757047127
825.76   34   -0.3482475158925673   0.005836149505770929
840.73   35   -0.348705332466228   0.0037151580193815295
855.23   36   -0.34897644719758114   0.003111409046749014
868.36   37   -0.3496989416560672   0.00543269929388165
887.87   38   -0.35020230259082874   0.00419622197051779
947.0   39   -0.350351760355197   0.009046895789682327
972.97   40   -0.3507443265461907   0.0038739402618245115
986.64   41   -0.35094267875939456   0.002596939575131936
1000.17   42   -0.3510648751088866   0.0024387070229823127
1014.08   43   -0.3511399237571563   0.289167307362171
1041.85   44   -0.3511397724957453   0.0016141599599125746
1050.28   45   -0.3511442438916733   0.0012211275712026854
1058.68   46   -0.3511632781687229   0.0020454514174457505
1067.16   47   -0.3511983348723201   0.0010751434463007895
1076.79   48   -0.3511998104275215   0.33993464142053054
1097.49   49   -0.35121504501257694   0.002473115389676241
1115.42   50   -0.3512265869570482   0.0019681036699762634
1123.94   51   -0.35123452185926973   0.0014115631861079444
1154.43   52   -0.35125384886957856   0.23355247617390126
1204.82   53   -0.35125355622952575   0.0011156690947178346
1317.88   54   -0.3512538098350078   0.0007495290452212515
1326.47   55   -0.35125471967927757   0.30275197419022093
1335.95   56   -0.3512662473046572   0.3046083649237179
1377.05   57   -0.3512662001630853   0.001269994795364377
1395.84   58   -0.3512692650640169   0.319234374394995
1404.68   59   -0.3512689233809727   0.001195931800444401
1413.5   60   -0.35127268468084416   0.0006158952670789197
1431.83   61   -0.3512814745659965   0.0008886669621944497
1442.27   62   -0.35128514418960677   0.2978864926734444
1465.4   63   -0.3512851309701722   0.0007781730483986507
1484.69   64   -0.3512853617263669   0.0007327290733054393
1495.43   65   -0.35128543322343597   0.0007218495078533661
1528.13   66   -0.3512929062142272   0.0007095191881108934
1542.08   67   -0.3513093968093746   0.00104073588390535
1551.45   68   -0.35132077141843693   0.29348429414703764
1590.32   69   -0.3513206850117129   0.0007389127065017825
1609.66   70   -0.35132183543079676   0.0005997296898986549
0.0   0   -0.3513218354307764   0.0010966240741130597
23.7   1   -0.3513236516160864   0.0024445987823226577
34.03   2   -0.351326768480131   0.4049322228915619
71.34   3   -0.35132660309646324   0.0017100388935229463
85.44   4   -0.3513287400521558   0.0017052063236933186
96.49   5   -0.3513315829493887   0.0010378600831394075
114.99   6   -0.351333681239141   0.0007702243069257345
150.68   7   -0.35133562923485273   0.001993253976292565
165.24   8   -0.3513413799747115   0.31803678278544095
187.93   9   -0.3513414168813155   0.0006631474460247604
197.76   10   -0.35134141869633884   0.3708937803744406
261.23   11   -0.35134158667047294   0.0006633188379808579
270.07   12   -0.35134159787138514   0.0006909589175380612
279.87   13   -0.35134218411119233   0.0008200927977388436
289.02   14   -0.35134321867526563   0.3110786583960916
322.07   15   -0.3513429716438495   0.0010294473454711373
331.48   16   -0.3513432245035666   0.0006993633060321318
345.36   17   -0.35134554688478276   0.0010089519590287587
359.84   18   -0.35134832059713567   0.0006423264079260614
374.65   19   -0.35135033875531624   0.0006693524616339546
398.9   20   -0.3513561230739896   0.001239475242236544
437.92   21   -0.3513573369487383   0.0017629851994326623
451.35   22   -0.3513597988427769   0.00046851294794309997
475.97   23   -0.35136390308386745   0.0015407844923648988
500.32   24   -0.3513639134604891   0.001500301946067869
520.9   25   -0.3513674813754835   0.3035640477287591
553.58   26   -0.3513673038812982   0.001127579169688391
562.48   27   -0.35136758591416756   0.0006684870031265621
582.05   28   -0.35136926982924377   0.0013974989120299874
591.85   29   -0.35136975217622557   0.31813537607779147
606.83   30   -0.35136975561496814   0.3447511495783706
635.96   31   -0.3513699194682699   0.0009420774984258919
649.65   32   -0.3513705359294718   0.0006867928475875889
707.24   33   -0.3513705866141457   0.0005665970291069777
721.52   34   -0.3513716327845543   0.3429661865534971
766.54   35   -0.35137134225198224   0.0005568815133126266
780.83   36   -0.35137181156767805   0.0006543221490576018
797.55   37   -0.35137182419126817   0.30529277945023725
837.67   38   -0.35137186198801074   0.0006957477896788443
851.77   39   -0.35137191999099177   0.0006244755913419466
862.15   40   -0.3513721513222066   0.3442699789645941
880.71   41   -0.35137232704673216   0.0003424154829814243
894.2   42   -0.3513724556649963   0.00034577976108324135
908.09   43   -0.3513728117302083   0.0004240847897948862
921.82   44   -0.35137360531626294   0.0003394096657553283
930.66   45   -0.3513738592136998   0.0003952689155480773
944.57   46   -0.3513746539801362   0.00037997015534974396
953.21   47   -0.35137534781093155   0.0004167035754156856
0.0   0   -0.35137534781096935   0.32573670356455625
77.52   1   -0.3513754576313899   0.00047513665270105366
127.88   2   -0.3513757957360141   0.000831889520563014
146.19   3   -0.3513767954954202   0.0003142390032369006
170.68   4   -0.35137739671158463   0.0002012337919585236
190.66   5   -0.3513778469173077   0.0002098853855062378
210.48   6   -0.3513782059051302   0.0002312325745556715
219.35   7   -0.35137895723124246   0.0005612464128978235
247.24   8   -0.3513796148660392   0.000760851886691617
265.61   9   -0.3513817566055616   0.2989805581403897
279.53   10   -0.3513818081141239   0.0005191985892501291
294.06   11   -0.351382555407872   0.383025003036765
339.66   12   -0.3513824102740847   0.0004591943201304742
354.5   13   -0.3513826173855866   0.28543830936197645
374.46   14   -0.35138247363219177   0.00043335822562482753
400.96   15   -0.3513826548479746   0.00026907889851186047
