0.0   0   -0.18142827661698535   0.011336127412091775
503.51   1   -0.20700999758666255   0.039013403136250645
776.9   2   -0.21697141915610102   0.04717503246738867
1590.79   3   -0.24385903630671119   0.07566517015589248
1915.57   4   -0.2739427829056559   0.03562797883277994
2410.1   5   -0.28647351213910244   0.02705251041422525
2908.17   6   -0.30613477195945415   0.028701078284581582
3395.73   7   -0.3122508327173443   0.014608491552085424
3868.54   8   -0.31429843043399697   0.008288727589286764
4358.04   9   -0.31561859794028946   0.007696743289164671
4847.09   10   -0.3170617975219739   0.0066897504645558594
5151.71   11   -0.3176752047961549   0.004996062362097278
5760.89   12   -0.3187327454121588   0.010904810888820775
6163.59   13   -0.32174054247844186   0.014145909633011168
6465.86   14   -0.3229584033397697   0.014524479417577058
6781.94   15   -0.3266047758560496   0.012845368615577906
7193.84   16   -0.3300714192468047   0.01602072234768298
7596.84   17   -0.3320813446290347   0.01025829651406731
8027.41   18   -0.33427980220541975   0.019385919749866334
8354.74   19   -0.33772087842209647   0.026055019332725318
8843.12   20   -0.34092438480068493   0.013311847260307505
9303.33   21   -0.34365873751947085   0.008411402886772711
9684.01   22   -0.34559731961486223   0.006939778723237102
9980.36   23   -0.3468891997688378   0.004727668538646031
10278.19   24   -0.3475850612223382   0.0025295453991018807
10553.4   25   -0.34789628106106707   0.0025418058187874296
10835.91   26   -0.3481442121263215   0.00222747889447882
11113.79   27   -0.348595916724714   0.003540396900372908
11388.01   28   -0.3490424351766105   0.002381305998830778
11687.65   29   -0.3495622261320689   0.003145964912070599
11984.38   30   -0.35034728131125464   0.00376781717643397
12261.86   31   -0.3508912974682964   0.0025201145717374655
12709.97   32   -0.3510258777287551   0.0013624239781796802
12988.72   33   -0.35112047560607434   0.0012157649647185711
13261.25   34   -0.3512242185952372   0.0012333060182501535
13538.92   35   -0.35129635543253157   0.000942395855883584
13815.04   36   -0.3513727787649428   0.0010018345207601382
14077.88   37   -0.3514103824643631   0.0009185839671181433
14361.11   38   -0.35143770868805013   0.0008900150975415821
14650.12   39   -0.35149157136559184   0.0009170440700411622
14922.91   40   -0.35153234299880803   0.0007451996427232402
15186.55   41   -0.35156742363388377   0.0005529375861252803
15446.34   42   -0.35159716257259477   0.0003433135484736817
15705.33   43   -0.35162644803737475   0.0006609193991432248
15870.76   44   -0.3516463209160461   0.0006230194043365775
16137.78   45   -0.3516677541371563   0.0005615055239976483
16399.95   46   -0.3517221794715185   0.0006846726187729047
16578.37   47   -0.35174735834188986   0.0006771143046383595
16841.77   48   -0.35176818388201975   0.0003658628489347681
17111.43   49   -0.35177637404064616   0.00033573545819257355
17375.52   50   -0.35179131259841806   0.00047203581070347114
17625.49   51   -0.3518023560898034   0.0004524968257534475
17816.29   52   -0.35182279117875614   0.0004296590821661055
17987.04   53   -0.3518480901334051   0.00038230786815781606
18164.05   54   -0.3518629103472307   0.0007240286491732643
18350.38   55   -0.3518893480823951   0.0006893940662345527
18537.18   56   -0.35191214483218247   0.0005397052141622513
18725.63   57   -0.35193779646193574   0.00046392560587357073
18917.01   58   -0.3519650129366289   0.00045551911005092994
19034.37   59   -0.3519783160634914   0.0006465936106124481
19211.46   60   -0.35199104661428227   0.0004882847807931039
19379.46   61   -0.35201536808431566   0.0004432216087584268
19553.41   62   -0.35204725391028274   0.0009140999141332046
19664.09   63   -0.35206724665519945   0.000679949236914031
19830.65   64   -0.3520905370035752   0.0005704811732714345
20012.0   65   -0.35210886863087554   0.0003824245300160668
20187.8   66   -0.35214095837837445   0.0006439201026762911
20359.13   67   -0.3521594131222179   0.0006967050894480524
20529.71   68   -0.3521814187725815   0.0005364527818335988
20694.64   69   -0.3522063648028648   0.0004736527554654177
20808.5   70   -0.3522260058218056   0.0006010719891769846
20977.05   71   -0.35224724598489177   0.0006863410401683075
21148.01   72   -0.3522618206902308   0.0007553427840474694
21317.99   73   -0.3522873790238029   0.0005108573465282455
21489.59   74   -0.35231580712062227   0.0005221623337035476
21664.54   75   -0.3523332160342788   0.0005393179380838136
21840.39   76   -0.35235404238542634   0.0005034024461773933
22018.07   77   -0.35237133607970694   0.0006085648273409404
22190.9   78   -0.3523864565078033   0.0004329463046275923
22368.2   79   -0.352401171334519   0.0005794474892303684
22542.85   80   -0.35241671995398016   0.0005186538025939544
22720.94   81   -0.3524286598757105   0.0004468054972989806
22892.2   82   -0.35244295492830324   0.0005116153217649957
23068.17   83   -0.35245566080440593   0.0003163336413672131
23243.57   84   -0.35246784419654886   0.0005373755488609057
23416.18   85   -0.3524787382635072   0.000508693581651
23592.14   86   -0.3524886409321711   0.0003468596976896386
23763.51   87   -0.3524999452612111   0.00029733921708095096
23939.07   88   -0.3525097090833993   0.0006628154767889515
24115.28   89   -0.3525201974334942   0.000380285179034508
24290.78   90   -0.35252775322591595   0.00030265050188783285
24465.32   91   -0.35253910033672825   0.0005892237822549255
24579.46   92   -0.3525446691875295   0.00043270159899828935
24754.05   93   -0.3525508340537816   0.0002915266174963776
24920.43   94   -0.3525577303424706   0.00041295342062496083
25096.34   95   -0.3525647117396738   0.00027312001750723504
25271.39   96   -0.35256975509639443   0.000236105699052345
25444.35   97   -0.35257830364128817   0.0002768013532811183
25618.8   98   -0.3525867758426571   0.0002903677558117226
25729.26   99   -0.3525893976960542   0.00024882298660761245
25900.09   100   -0.3525927049171761   0.00014933183477762964
