0.0   0   -0.26551258286947166   0.009320954309453943
70.42   1   -0.26710738343234347   0.004659118794540282
193.44   2   -0.26996400909328677   0.016952862430516764
275.88   3   -0.27528081123209247   0.01896606091251002
333.38   4   -0.27784259634777025   0.01624019740100872
387.85   5   -0.28241414914082297   0.010622946260866007
474.4   6   -0.2841930033879858   0.007450935766662816
528.79   7   -0.28524997942826197   0.005216532244011737
609.09   8   -0.2858728695441385   0.0075337647119451895
715.33   9   -0.2890612765404502   0.007063569132486612
772.2   10   -0.28966960052062923   0.0055753717883169455
834.36   11   -0.2910263721198768   0.0028802807312182494
925.91   12   -0.2911772670115542   0.0019965720640905855
1005.69   13   -0.2914397279911741   0.005284543241956388
1086.3   14   -0.29233794060089324   0.008188352584799847
1140.62   15   -0.2926446656410018   0.00811419411017413
1195.52   16   -0.2933872956367533   0.005047334770116804
1280.12   17   -0.2940172497441644   0.0032823678871265645
1366.71   18   -0.29424713191529617   0.002908737991437301
1446.39   19   -0.2946010516920857   0.003157933312792868
1542.28   20   -0.2948261084132936   0.0023990514134480797
1647.81   21   -0.2951535198845985   0.002405069281164664
1715.55   22   -0.2953491378213703   0.002258145664559863
1783.3   23   -0.2954720190773252   0.0013822083473542762
1889.9   24   -0.29563180263762573   0.0021341228519417155
1996.16   25   -0.29576789525147557   0.0015587732540731701
2095.71   26   -0.2958491509299927   0.0014933141732302677
2191.08   27   -0.2959072575942569   0.0011227783149222483
2286.88   28   -0.29594297359056276   0.0011529804796644428
2386.78   29   -0.2960284991662764   0.0012326391982167698
2484.43   30   -0.2961120652378519   0.0009672602501296697
2582.65   31   -0.2961634150120851   0.0010840165969540115
2679.34   32   -0.2962165181865776   0.0010090104541521604
2772.61   33   -0.29627580192737335   0.0008494720100982767
2831.25   34   -0.2963032690433136   0.0011633937621849221
2918.68   35   -0.29634610528662503   0.0007956944411927278
3018.61   36   -0.29638159402907205   0.0007275206909434438
3110.21   37   -0.2964362383931761   0.0011110865756574085
3210.86   38   -0.296513756376216   0.0008674592516672409
3312.48   39   -0.2965702427303451   0.0010614330166892215
3373.3   40   -0.29659781112639416   0.000871771171814349
3469.88   41   -0.29662411515522313   0.0007344879774052002
3532.09   42   -0.29665099809900064   0.0005775713178946424
3631.53   43   -0.2966757801012303   0.0008888089737358624
3734.77   44   -0.2967000118364203   0.0008295861858999149
3843.9   45   -0.2967531740830607   0.0007119680890134207
3943.42   46   -0.29681093222671995   0.0009874254958974506
4007.32   47   -0.29685922958935845   0.0010040776829313633
4103.39   48   -0.29691237859514763   0.0013700953418207145
4196.62   49   -0.29698256745077745   0.0007997833193750909
4295.4   50   -0.2970204101667998   0.0008192364606907308
4398.8   51   -0.29707120769041867   0.0007807511762547086
4461.33   52   -0.2971024895991025   0.0007722591654526642
4554.64   53   -0.29711885406045374   0.0006163353336368267
4663.08   54   -0.2971497267212683   0.0009509854153051096
4763.27   55   -0.29719027598736025   0.0008100808211997478
4876.98   56   -0.2972118190185963   0.0007439351984791258
4983.66   57   -0.2972369479442417   0.0006727553779226662
5100.84   58   -0.2972677167798567   0.0007936782303621741
5191.05   59   -0.2973046787111109   0.0006276418021296751
5276.78   60   -0.2973428123928685   0.0006912574961321356
5341.91   61   -0.2973670607919322   0.0007841973689137741
5436.64   62   -0.2973888516243205   0.0006023326330282879
5535.47   63   -0.2974108707054771   0.0005259679431225404
5628.21   64   -0.2974297371643823   0.00042497947597498276
5744.62   65   -0.29744511332611884   0.0004891044496550594
5876.1   66   -0.2974630042835733   0.0007630969914700081
6025.51   67   -0.29748123529419357   0.000540176497308785
6138.07   68   -0.2974925370791888   0.0004800944561524324
6232.21   69   -0.2975046461536166   0.0004604016235513481
6290.69   70   -0.2975109296734016   0.00039926433405022
6389.34   71   -0.2975173374753171   0.0003306570044332893
6478.15   72   -0.2975284530495256   0.0003632408735283541
6569.06   73   -0.2975437152123237   0.00046494196437432055
6665.54   74   -0.29755657451437073   0.00047129221373267864
6766.4   75   -0.29756993099592827   0.0004771814955113634
6862.14   76   -0.2975827603729041   0.0006417342624154772
6956.76   77   -0.29759693934731524   0.00042180796417169697
7047.96   78   -0.2976071433473274   0.0005396076590304633
7137.58   79   -0.29761806506846455   0.0005247409341675381
7229.58   80   -0.2976287683226112   0.00042317099824361315
7321.38   81   -0.29764398010902815   0.00042234737560836743
7416.52   82   -0.29766527342769383   0.0004123989072212706
7507.51   83   -0.29768608664925794   0.0004117549873894561
7567.09   84   -0.29769552298891655   0.0004950889980512443
7657.22   85   -0.2977063792306876   0.0003738017801365012
7754.53   86   -0.2977191050343001   0.0004072692354211563
7849.47   87   -0.2977384883636388   0.0003477445418208149
7909.66   88   -0.2977453574086391   0.0005952762419281784
8000.02   89   -0.2977601517456978   0.00048288758070072594
8094.28   90   -0.29777394820690306   0.0004210916655867144
8185.12   91   -0.2977899132035294   0.0005786554331997376
8247.69   92   -0.29780008341159125   0.0005749744881657322
8340.83   93   -0.29781169783928163   0.0005409403392133899
8439.49   94   -0.29783748465435944   0.0004230112265666062
8498.15   95   -0.2978526810892989   0.0004802731735817778
8605.54   96   -0.297868577986791   0.00048211650965581906
8698.68   97   -0.2978847389738908   0.0007163024211536299
8756.62   98   -0.29789374322630163   0.0005247248666612818
8849.6   99   -0.29790389653968397   0.0005952895785817432
8943.42   100   -0.29791998088546434   0.0004767128139204134
