0.0   0   -0.25666084434280795   0.061164702445213576
11.5   1   -0.26029009797437724   0.052271470805228745
24.89   2   -0.265499056992513   0.013252659755295593
42.99   3   -0.2725376350763492   0.029413915727483513
58.21   4   -0.27679575668796985   0.026200207394733017
72.22   5   -0.2801660180254238   0.026910370753582245
90.93   6   -0.2844701424513352   0.02303316550011419
105.32   7   -0.2875972207148326   0.013117110446757283
114.34   8   -0.2883354691513752   0.010219197400771386
127.94   9   -0.2900110757710572   0.005569501861308987
136.37   10   -0.29034235238979594   0.005211737562642578
151.79   11   -0.29078524881155543   0.006462040932213699
166.63   12   -0.2912505519322577   0.007422037534814012
180.75   13   -0.291495827725502   0.004755497557156932
195.61   14   -0.29174301838248123   0.005940236749155258
210.42   15   -0.2919640699318503   0.24314964630751867
251.64   16   -0.29196409244121274   0.00549579786525904
264.55   17   -0.29199645947360775   0.0033630903453285535
273.71   18   -0.2920303916785484   0.004212014206884396
283.66   19   -0.29232633137335984   0.005703625225467529
299.72   20   -0.2927606929106321   0.0026055597886842203
315.04   21   -0.2929030626617912   0.0031594560103491904
329.72   22   -0.29316836124853124   0.0040974162703044745
345.21   23   -0.29331625599786293   0.0028335658171515167
359.08   24   -0.2933806892743228   0.0016122145886129067
373.22   25   -0.2934608942610448   0.0025835031381483222
388.35   26   -0.29359162067078287   0.003931005919342966
398.06   27   -0.29366520937824775   0.001268538596157846
411.94   28   -0.293694460966547   0.0016975409439883703
426.22   29   -0.2937920915631873   0.0023249660490032827
441.15   30   -0.29383755333253636   0.0025467571149463976
455.29   31   -0.29385781701429764   0.0012569441763062071
468.66   32   -0.29389348221594724   0.0011598086576994377
482.35   33   -0.29393963419893804   0.0016337967446519747
492.85   34   -0.29397110413572836   0.0013034598551356063
507.41   35   -0.29400825253626134   0.0009226636195631441
521.79   36   -0.29403424358087904   0.0014742821772890746
535.04   37   -0.29407571452796766   0.0013137014248602807
544.92   38   -0.29410026452584265   0.0017968562140293271
559.75   39   -0.2941344853995633   0.0011571546744085562
574.08   40   -0.29417554115994476   0.0019128899573779392
588.37   41   -0.2942339040204578   0.001335447196497492
604.11   42   -0.2942822907889896   0.001989973640556225
620.19   43   -0.29434086299438555   0.0014024189812615496
635.07   44   -0.29440242298008634   0.002090783848646035
650.98   45   -0.29445882830329384   0.0012498248081066882
666.14   46   -0.2945146172627009   0.0011459939453172935
681.11   47   -0.29456742569980277   0.0010163165676602276
690.79   48   -0.2945953407343788   0.0010244933794847223
706.34   49   -0.2946153090192122   0.001006653445111386
721.05   50   -0.2946331763633034   0.0009139613020101269
734.86   51   -0.2946528698812463   0.0009478213337122876
750.11   52   -0.2946695887975656   0.0015778559649941904
765.23   53   -0.2946916850324869   0.0008994858852101801
779.36   54   -0.29472684120622705   0.0012118397655008337
794.58   55   -0.29476166289233413   0.001029068053782113
805.0   56   -0.29478154749757857   0.0008354253515922307
819.72   57   -0.29479693499050363   0.0008358754485505678
829.51   58   -0.2948131764941161   0.0005635103122467803
844.15   59   -0.2948273342759415   0.0009459936536527036
854.6   60   -0.2948330780315735   0.0008304538101916354
869.63   61   -0.2948413200257877   0.0007185785690911034
884.92   62   -0.29485048209665876   0.0005030731228219281
899.16   63   -0.29485791468410366   0.00042501571269154705
913.81   64   -0.29486985273553545   0.0005357639254403323
923.64   65   -0.2948760505784538   0.000515246776261308
938.02   66   -0.29488758666740345   0.0006535311300691695
953.2   67   -0.29489586826516206   0.00040245937930311564
969.5   68   -0.2949041237704887   0.00061282066820522
985.06   69   -0.29491672323191853   0.0008127287262862208
1000.35   70   -0.2949240403777853   0.0004698383478933561
1010.03   71   -0.29492777426383743   0.000560650415730545
1025.14   72   -0.2949331380405252   0.0004821188768271688
1041.43   73   -0.2949419189641647   0.000501812988231992
1051.99   74   -0.2949450728561959   0.0004941572042921753
1067.08   75   -0.29495027613014335   0.00037169906802444374
1082.29   76   -0.2949550632456681   0.00030057081060046994
1097.06   77   -0.29495985829918697   0.00029173788423624843
1111.83   78   -0.2949642059211364   0.0002608433894086392
1128.07   79   -0.2949687786437381   0.00037297171509518927
1143.91   80   -0.2949722161337036   0.00041176335717391544
1159.34   81   -0.2949741342431075   0.00044322035631806433
1174.15   82   -0.29497537928694617   0.00026856535681861455
1190.76   83   -0.2949768974960388   0.0002298789757169618
1216.02   84   -0.2949806426280485   0.00025346244486182157
1232.2   85   -0.2949829513102732   0.00019750038737008824
1247.75   86   -0.2949843456118995   0.00018895712187355328
1262.32   87   -0.29498572687877694   0.00030074772453027966
1277.14   88   -0.2949868747851384   0.00020429545521698255
1293.02   89   -0.29498796753907325   0.0001945786031586934
1307.95   90   -0.29498893173064056   0.00017235160284498354
1322.77   91   -0.29499002949157777   0.0002302018565889729
1339.49   92   -0.2949910290735427   0.00021836215088086915
1350.28   93   -0.29499128960468995   0.00010295440077229203
1365.21   94   -0.29499152423534925   9.597781117678513e-5
1379.43   95   -0.2949924762044005   0.00010880564458492469
1395.46   96   -0.2949930147350566   0.16294231488134528
1447.6   97   -0.2949927951849175   0.00016916296898781318
1458.97   98   -0.29499303071732286   0.00010954493270073668
1474.65   99   -0.29499343352153395   0.00015555869269068915
1490.8   100   -0.2949936538906327   0.0001221501476853489
0.0   0   -0.29499365386882453   0.1674151103792898
105.86   1   -0.29499339403915287   0.1972267885892147
137.38   2   -0.2949931210478614   0.17904913313457968
156.45   3   -0.2949930195467987   0.2308021167557296
178.87   4   -0.2949927508553285   0.0004919822367257288
193.14   5   -0.2949927556559241   0.21420994642384197
206.74   6   -0.2949927492853414   0.1957099060367801
269.25   7   -0.2949925609333682   0.0005431153200224424
282.5   8   -0.2949925624295124   0.19003772380280343
295.9   9   -0.294992562969378   0.18198875489505537
308.71   10   -0.29499326736751763   0.0006173153343298672
317.64   11   -0.2949932679191637   0.1332057696119109
332.28   12   -0.2949935103718291   0.0003004337094517446
361.4   13   -0.2949935330144406   0.0002174386293710023
378.83   14   -0.2949936162093024   0.00019270003936445735
392.6   15   -0.2949938238427998   0.00023634408650823077
410.83   16   -0.2949939102197565   0.0002042172717076642
424.44   17   -0.2949941790773616   0.00020234951590583658
435.0   18   -0.2949941854409299   0.17433702968329365
445.46   19   -0.2949943966011912   0.0001850071392710995
460.26   20   -0.2949944485092791   0.0001395408319593585
474.22   21   -0.2949946235534615   0.0001325445830841387
488.66   22   -0.2949947581511463   0.00012552563708905835
502.92   23   -0.29499490026008246   0.00011945914840503455
521.73   24   -0.29499496981654805   0.1454585604125694
531.08   25   -0.2949946913606326   0.00028664572484321467
541.69   26   -0.2949950956218686   0.00012550121229732024
552.98   27   -0.2949951611450531   0.00015435162429230616
566.77   28   -0.2949953128833917   0.00016596795231744012
575.92   29   -0.2949955035476356   0.20327617797933645
602.12   30   -0.29499530410860697   0.0002807761649508679
612.23   31   -0.29499549634086536   0.00012926538513471732
630.62   32   -0.2949955191878775   0.00011595936938898383
641.51   33   -0.29499553607102713   0.00010467600330034882
653.35   34   -0.29499556845312924   0.00012114148316864124
670.05   35   -0.2949959913303668   0.0001248784308468634
680.43   36   -0.29499604351524567   0.00022677310211023858
695.8   37   -0.29499616538584417   0.00016077665388790783
718.24   38   -0.294996240924764   0.15146495508039903
729.11   39   -0.2949961315967049   0.00023559669823672907
738.93   40   -0.2949962845121896   7.551849550225151e-5
749.52   41   -0.2949962927237154   7.896690411691995e-5
760.9   42   -0.29499644448414925   0.00015734515500116344
776.53   43   -0.29499658866808826   0.00018314847876622851
786.5   44   -0.2949965902320364   0.19764639155097513
840.44   45   -0.2949967202094693   0.00010828689619126523
854.77   46   -0.29499677061750956   0.00013590709423951671
864.65   47   -0.2949967852848979   0.0001606893272704699
875.28   48   -0.2949970012420552   0.00016160187632402573
895.61   49   -0.2949970791793546   0.1725785592763003
963.59   50   -0.2949970695954277   0.00014975906751118288
1000.74   51   -0.2949971126939482   0.000128331493845212
1010.61   52   -0.2949971129153984   0.1755730004180994
1072.99   53   -0.2949968998774307   0.0005294032721294361
1211.43   54   -0.29499690602273243   0.00037810925295369744
1230.82   55   -0.2949971036470904   0.19128478699273627
1244.9   56   -0.2949970210852115   0.00027118334862441616
1273.85   57   -0.29499699796003787   0.17725809773643575
1417.2   58   -0.2949969854540881   0.1930361260928001
1425.98   59   -0.29499680980887805   0.0005748665920429521
1454.82   60   -0.29499697241269474   0.17296055793855916
1468.96   61   -0.2949970837388201   0.19915377564080797
1632.78   62   -0.29499691330243516   0.18563511585131373
1717.58   63   -0.29499690177091437   0.00041293521737572204
1736.59   64   -0.2949969158100988   0.17005728902899803
1751.61   65   -0.29499691580753146   0.19658995887248523
0.0   0   -0.29499691580751   0.00039914774389942175
49.35   1   -0.2949971346136587   0.0001164006108896747
263.82   2   -0.2949971698412442   0.23031651249132615
307.17   3   -0.29499718069886693   0.19915126050967627
454.3   4   -0.29499688723645745   0.1929007163516898
660.47   5   -0.2949968296393696   0.0005792357493211114
699.29   6   -0.29499716851674784   0.00019523285435859628
835.22   7   -0.29499714724862686   0.1423612573847572
974.83   8   -0.2949971213512691   0.0003148311459468039
999.87   9   -0.2949971221524319   0.19442233887536434
1064.01   10   -0.29499710804449725   0.0004093501965478336
1114.13   11   -0.29499718967361976   0.00017313584297007042
1133.57   12   -0.2949972337382214   8.119649593902024e-5
1158.94   13   -0.2949972759874852   0.19358816058617273
1183.06   14   -0.29499711933878425   0.18871301040735286
1200.4   15   -0.29499712031159175   0.0001536243516705816
1232.13   16   -0.2949971218374535   0.00016204246854172543
1245.05   17   -0.29499728032478845   8.423490190789077e-5
1264.2   18   -0.29499730692116133   0.00010824516219214823
1289.91   19   -0.29499741081494235   0.00011836368959287257
1302.48   20   -0.29499741103435906   0.18334097582079964
1315.23   21   -0.2949974860987664   8.284990742945155e-5
1335.18   22   -0.2949974861477653   0.21220347214874308
1551.21   23   -0.2949974827975822   7.538853947144956e-5
1564.28   24   -0.2949974832587053   0.18506772134739521
1587.67   25   -0.29499747106960444   0.20390947342799728
1601.04   26   -0.294997445672331   0.0002114409494168886
1632.36   27   -0.2949974674549017   0.00011865062608193865
1645.76   28   -0.2949974730248161   0.00010703734689256023
1680.37   29   -0.2949974827334629   0.0001240064663486512
1694.74   30   -0.29499748277568094   0.0001244194790553391
1946.02   31   -0.2949973546808909   0.14405530071694658
2060.89   32   -0.29499716806245213   0.00031894867369389174
2073.41   33   -0.2949971680860711   0.17486153527411574
2092.65   34   -0.29499719795188634   0.14826669596853706
2105.11   35   -0.2949971684150387   0.2002998428089672
2141.92   36   -0.2949972996795198   0.18034303052132478
2285.08   37   -0.29499718056043317   0.1729299758140285
2333.14   38   -0.2949968909905337   0.18862438752582725
2346.0   39   -0.29499685544490295   0.20369743968505863
2371.94   40   -0.29499658638488857   0.17829674140469548
2406.02   41   -0.29499646794929474   0.18343401314994923
2447.61   42   -0.29499640061008264   0.20976874324819972
2538.72   43   -0.29499610589910574   0.1711474880725191
2549.91   44   -0.2949959989588053   0.18531127764342956
2606.06   45   -0.29499596935917693   0.18457021696986123
2662.96   46   -0.2949962297994468   0.00063424186744873
2688.78   47   -0.29499623890005555   0.199611428062746
2708.71   48   -0.2949962389064637   0.17949738493770942
