0.0   0   0.22429293633596048   0.05588260093326483
22.45   1   0.19572201944931328   0.2854310988219273
180.77   2   0.19572216570247136   0.03945560938446439
226.04   3   0.19361758163007034   0.013775285412775042
239.4   4   0.09111453345806168   0.0062471783350349554
275.07   5   -0.09075150216043319   0.00806590351824494
300.58   6   -0.1155285892031729   0.007065196399754046
313.47   7   -0.12960659426455104   0.009054666869860787
323.5   8   -0.18722613484220907   0.005040979996754729
336.81   9   -0.20970497611638017   0.0033297714599266905
349.5   10   -0.24054598926979   0.0020967353714765632
362.6   11   -0.25203343175278314   0.0014265402384934895
377.01   12   -0.269812541568518   0.0008406953486439977
390.1   13   -0.28516627831496844   0.0013016100809724574
402.9   14   -0.291321756317902   0.0009334318753095336
416.62   15   -0.30141225289128676   0.0007403489710635259
425.34   16   -0.30683556008889   0.00038963008061468834
438.42   17   -0.31718038071781596   0.0007494864124001659
448.01   18   -0.32117286462895933   0.0007062328984304576
457.57   19   -0.3243930056216961   0.0003338092089059454
472.63   20   -0.3253559234707751   0.0001386759085204485
486.6   21   -0.32572889039197694   0.0001663972131790771
501.11   22   -0.3261819305723267   0.0001680238890055641
514.46   23   -0.3267492013509346   0.00014502682481201183
530.14   24   -0.3274165090309536   0.0002808778991214989
545.52   25   -0.32861898931192435   0.0003145595906442202
555.2   26   -0.3295987933491439   0.00038499139485990785
565.8   27   -0.33088783521066906   0.3076607213487063
581.18   28   -0.3317894669620689   0.0005302274409293955
596.39   29   -0.3331862856448968   0.00022686778886324554
606.37   30   -0.333933514525434   0.0002505327783085051
616.28   31   -0.3347839040592532   0.00022818220483631965
631.55   32   -0.33569365517004335   0.00023230383087384653
641.29   33   -0.3362777525207007   0.0001571962246207644
656.68   34   -0.3367042499104931   0.00019706483252665598
671.51   35   -0.3369588476650197   0.00015142372593306047
686.99   36   -0.33717619714171576   8.525768728859854e-5
702.16   37   -0.3373112293896054   8.355571287276567e-5
716.39   38   -0.3374295390486168   5.4224289185334846e-5
729.19   39   -0.33753463495318214   4.1420843893745424e-5
744.3   40   -0.33761383335369755   4.507024663431621e-5
759.03   41   -0.3376868341627578   4.2498006788736164e-5
769.0   42   -0.33772794482154256   4.293657670453681e-5
782.31   43   -0.3378279322448239   4.5106108126596935e-5
798.95   44   -0.33793874382023303   4.123777181927859e-5
813.59   45   -0.3380164466342685   5.003346976562363e-5
841.66   46   -0.33808376366401033   6.416985217114229e-5
851.68   47   -0.33815644887249907   0.352423705707185
889.08   48   -0.3381564675904849   3.918281135938965e-5
898.56   49   -0.3381594568746341   3.513378708971898e-5
909.04   50   -0.33817106839961786   2.4297193467804058e-5
923.54   51   -0.3381931977830934   0.3482893496442323
938.21   52   -0.3381950894752384   6.755047613981597e-5
948.45   53   -0.33820536538228785   3.8219535610720274e-5
976.92   54   -0.3382347843252579   2.6373306865598185e-5
1005.13   55   -0.3382489599659696   3.66295052452271e-5
1022.62   56   -0.33827113381844864   2.4386117963105365e-5
1036.21   57   -0.3382963260168497   0.35486580880804225
1060.97   58   -0.3382960941914151   4.3109676757189964e-5
1074.7   59   -0.33829677528772156   0.3564556810131101
1113.52   60   -0.33829659032692727   1.71909083032746e-5
1130.7   61   -0.33830068402153923   3.3790301788387134e-5
1148.49   62   -0.33831059445088263   1.7482082685879194e-5
1161.67   63   -0.3383186136460078   2.438018884573263e-5
1318.73   64   -0.3383203023959253   0.32881255077770566
1343.79   65   -0.3383212117690773   5.236688534084734e-5
1363.54   66   -0.3383212131134001   5.236567172489172e-5
1406.43   67   -0.33833734256045706   6.085302239989598e-5
1428.35   68   -0.33835436669236296   2.773018865668782e-5
1490.81   69   -0.3383604115306462   5.603291485174846e-5
1516.91   70   -0.3383803528587738   1.3797716352463044e-5
1580.72   71   -0.33838593665882133   6.506988435640456e-5
1588.83   72   -0.3383988928430496   2.4910296758607027e-5
1626.04   73   -0.33840184951076224   2.094916901003625e-5
1648.99   74   -0.3384061481538739   3.894348236642353e-5
1667.18   75   -0.3384062331406143   0.3195600305245027
1675.85   76   -0.3384067194027847   3.829835478958505e-5
1685.99   77   -0.3384264091423318   2.1264192968661888e-5
1704.13   78   -0.3384335375140429   0.4178740768014015
1725.37   79   -0.33843451030351   2.793250158040635e-5
1899.91   80   -0.338435196819141   0.3922334908582825
1926.71   81   -0.33843604578473374   0.32103201285020394
1935.28   82   -0.3384364314287078   0.43100921775138284
1951.92   83   -0.3384362266622192   3.5446052115184156e-5
1964.21   84   -0.33843622679153895   0.44247571393002705
1992.89   85   -0.33843659413285576   0.3586575765151059
2018.65   86   -0.33843798069407854   0.4099951516433797
2055.99   87   -0.33843766269326825   3.305467129201768e-5
2064.2   88   -0.33843766269334535   0.38807307071525
2093.34   89   -0.33843825272451644   0.4446875504741842
2109.01   90   -0.3384379638028386   3.2699259243009655e-5
2149.75   91   -0.3384387606147281   3.1870584881196255e-5
2158.51   92   -0.3384387780107889   0.33964134023425957
2225.01   93   -0.3384385879669104   4.8793057950616215e-5
2250.52   94   -0.33844331549813006   4.012092085558923e-5
2491.29   95   -0.33844394199418437   7.590637310983062e-5
2511.98   96   -0.3384606284131188   0.40049865665577505
2554.11   97   -0.3384604638350398   3.863430946739532e-5
2580.28   98   -0.3384610300537444   0.4301533745609726
2600.44   99   -0.3384607403017169   3.7749268357098344e-5
2646.84   100   -0.33846340663334534   3.7446426377025714e-5
0.0   0   -0.3384634066331914   0.002477023617726364
42.6   1   -0.3384658080721755   0.43303133795115195
56.87   2   -0.33846715358786406   0.0011286384195028014
94.03   3   -0.33846812024216066   0.0014795218640139838
109.72   4   -0.33847039702835574   0.3826891184594971
130.06   5   -0.3384705607773453   0.0007221757995789722
138.94   6   -0.3384707771413339   0.0010346370823498066
163.65   7   -0.33847116464800736   0.001661920488986097
186.91   8   -0.3384788426503225   0.0014554427576597064
209.89   9   -0.33850040420581023   0.003138418378489132
220.81   10   -0.3385084491842303   0.38072005237960754
304.83   11   -0.33851258857834415   0.004418452342990313
315.8   12   -0.3385155996198464   0.31952534982824965
326.87   13   -0.3385259978486761   0.0014491667303487901
342.53   14   -0.3385265222843589   0.3322012691849428
352.48   15   -0.33852619069760564   0.0014618777444826865
373.09   16   -0.33852692199277507   0.2611718914451261
418.91   17   -0.33852666516346264   0.0015323079832967803
438.87   18   -0.33852697893093314   0.0013828983560742452
481.54   19   -0.33852744136558954   0.4135175998951374
491.28   20   -0.33852776890857494   0.0015038050695886963
500.32   21   -0.3385280313091601   0.0014737185511729295
511.35   22   -0.33852888219858307   0.38676460405052265
520.25   23   -0.3385286483601824   0.0018168383106060206
529.63   24   -0.33852895322504234   0.0016781053176474316
574.72   25   -0.3385321196389279   0.3622757738301583
624.44   26   -0.3385318008719066   0.004044705944687565
634.4   27   -0.33853484036748793   0.008175135046628758
645.67   28   -0.3385415935008767   0.002239575123636044
657.02   29   -0.3385426139247814   0.023401458928355188
793.83   30   -0.33854436903724067   0.005176718784631538
814.85   31   -0.3385496114707987   0.004074565533311936
826.4   32   -0.3385523169831391   0.0032021344600685242
837.51   33   -0.33856168662321395   0.3974185743533659
848.85   34   -0.33856136013180055   0.0037871138788736908
864.32   35   -0.3385622684980366   0.0032583266109973623
875.97   36   -0.33856583298318627   0.004149642915094597
887.82   37   -0.3385663723064888   0.004502436384528918
898.81   38   -0.3385698970025487   0.003082663132916373
910.26   39   -0.3386167533552664   0.004101288743462982
926.99   40   -0.3386728839111501   0.0027732806925348822
948.81   41   -0.33867570831365174   0.0028049938500286408
966.27   42   -0.33876065488977225   0.0029884846218235592
983.51   43   -0.3388331994187021   0.002690890136876173
994.36   44   -0.33886715276546736   0.33703795045733675
1086.17   45   -0.3388668256231327   0.34127238293066736
1135.01   46   -0.3388667971964133   0.003355906393932035
1150.06   47   -0.33887864234204307   0.0025963297465380394
1159.94   48   -0.33888989381917395   0.002254024543975339
1174.85   49   -0.33891714441905696   0.0021101029450974816
1190.72   50   -0.3389447149353631   0.0021253930924433717
1205.87   51   -0.33897999120338596   0.002341498638560764
1221.71   52   -0.3390158006188463   0.0026558069427347953
1236.01   53   -0.3390495565569394   0.0021231188188261855
1251.78   54   -0.3390840018247685   0.0016536080843578419
1267.27   55   -0.3391092727435939   0.0026622679361773707
1282.16   56   -0.33914104925793015   0.0025864365432189053
1298.25   57   -0.33916940672772394   0.003134190559991826
1313.65   58   -0.33920148674680095   0.002473994484593262
1329.67   59   -0.3392499470948681   0.002020694877238413
1346.17   60   -0.33930168921546605   0.003441364283345271
1362.46   61   -0.33935412555573174   0.004646936301027201
1379.43   62   -0.3394156005061623   0.003984913563635299
1389.47   63   -0.3394739918078412   0.003347900361526575
1399.69   64   -0.339547487145256   0.002553297076201857
1416.97   65   -0.33962516273714716   0.002055486144203263
1427.59   66   -0.3396301812014225   0.0019047974388167735
1437.63   67   -0.33966112384562863   0.0015977010706075096
1453.6   68   -0.33969937059793504   0.0015301075012816834
1464.93   69   -0.33972434745819263   0.0023273500853148556
1475.43   70   -0.3397424802637219   0.5034506601007552
1503.1   71   -0.3397424800567297   0.0011450755540448783
1519.02   72   -0.3397457510297337   0.0008079646222001272
1530.08   73   -0.3397469500098008   0.0010005465966889926
1546.11   74   -0.33975694345858387   0.00125896675890007
1561.61   75   -0.3397711757974603   0.001448856305864624
1578.39   76   -0.3397813029002801   0.0010577801305766013
1595.07   77   -0.33978832072022386   0.0019447693574445204
1611.12   78   -0.33979413024979804   0.0008504577946659434
1627.39   79   -0.33979694309746433   0.0005786977088481503
1643.17   80   -0.33979947856627074   0.000694918154260233
1658.04   81   -0.3398013468776384   0.0004394386168872515
1673.22   82   -0.33980382215047655   0.00039198558244382236
1683.56   83   -0.33980500446154654   0.0005712113829148708
1699.74   84   -0.33980580442074193   0.0004367361125514867
1721.49   85   -0.33980768472858325   0.0002787881637408187
1737.23   86   -0.3398089223394284   0.0004200840684787163
1752.76   87   -0.3398096487590905   0.0002534830220621626
1767.44   88   -0.3398106910353381   0.0003284090613921409
1783.25   89   -0.3398115725636633   0.0002613007005700714
1798.4   90   -0.3398121340567018   0.00032970491922044076
1809.16   91   -0.3398121897147099   0.0003606808706708032
1823.92   92   -0.33981292553980624   0.00033495848971726246
1839.17   93   -0.33981341786997155   0.00015788047641673438
1853.87   94   -0.33981372308077923   0.00025364747806573985
1868.2   95   -0.3398143166333903   0.0002624321781727659
1882.91   96   -0.33981469617786686   0.0001953022239218166
1899.07   97   -0.33981513081777054   0.00034872152074182046
1914.59   98   -0.33981581261662996   0.0003296528178292095
1929.8   99   -0.33981618177226564   0.0001854641872580647
1944.6   100   -0.33981648258907954   0.0002847668646199785
0.0   0   -0.3398164825855438   0.34134884169795976
486.11   1   -0.33981629009508424   0.35906276452352276
521.43   2   -0.3398162891215359   0.43220108465399387
555.86   3   -0.3398164403842791   0.0004149354632659207
1064.82   4   -0.3398162051933732   0.602279152824369
1534.12   5   -0.3398158987242589   0.0011777939188836256
1589.65   6   -0.33981590410731016   0.5905831078968565
1625.84   7   -0.3398159035713777   0.49038195840158033
1694.44   8   -0.3398158204931371   0.5789374667462072
1939.38   9   -0.3398154810805238   0.5192345429771894
2062.32   10   -0.33981518064945093   0.5732910872601131
2469.54   11   -0.33981511765543226   0.4285896890178481
2509.21   12   -0.33981520951373634   0.4779766978884745
2578.03   13   -0.3398152086924792   0.4499160149819467
2695.58   14   -0.33981658150446004   0.3934704159559149
2777.13   15   -0.33981645629876833   0.37544913143295555
2926.16   16   -0.33981614360218254   0.44672888968497493
3007.98   17   -0.3398160565647559   0.5519902541238948
3115.26   18   -0.33981601680173656   0.44497408475257094
3422.68   19   -0.3398160104303395   0.4526883983835145
3535.73   20   -0.3398160058091291   0.5798652106714833
3749.98   21   -0.3398156673955465   0.001625220568561722
3777.16   22   -0.3398156676646529   0.5681517718678453
3801.41   23   -0.33981566743871816   0.4131187618804899
3850.03   24   -0.33981563934816367   0.3774290093850586
3892.46   25   -0.33981566436118144   0.5265626037050245
3933.43   26   -0.33981564951559123   0.4282115780545981
3999.8   27   -0.33981564831529   0.40773742584850636
4023.89   28   -0.3398156492455767   0.46252741276492887
4078.64   29   -0.3398165786722761   0.0003348375337147892
4123.83   30   -0.33981657980801366   0.4931413978424946
4305.44   31   -0.3398166863073271   0.0002953491493635727
4349.23   32   -0.33981668650380653   0.45845882401074883
4373.23   33   -0.33981668778750207   0.547070141029285
4431.4   34   -0.3398166872757049   0.6294319379098868
4475.46   35   -0.3398166865967986   0.5143925897584354
4521.25   36   -0.33981669081605625   0.5708858879855593
4598.66   37   -0.3398166742326904   0.428686570922008
4666.35   38   -0.33981663709644855   0.4999126108731697
4755.63   39   -0.3398165508749518   0.4433158591775415
4777.49   40   -0.3398164880621833   0.42856440952489305
4895.98   41   -0.3398164123590669   0.4490876055971392
4917.5   42   -0.33981638456928204   0.5599812837320727
4951.21   43   -0.3398161245976558   0.5117353462107541
4973.68   44   -0.3398161665501192   0.6544206965156933
5028.4   45   -0.3398165597537231   0.4317750552158216
5149.79   46   -0.3398165148649588   0.4415150258935089
5249.27   47   -0.33981628031533573   0.4398757894631676
5469.54   48   -0.33981627358144256   0.3810955307433539
5599.3   49   -0.33981627357224137   0.4640065338817269
5643.1   50   -0.3398162713098827   0.454667093563226
5699.86   51   -0.33981627005318393   0.4626336318303242
5764.72   52   -0.33981627005260195   0.43936757819001065
6126.26   53   -0.33981626099690787   0.5051607830552546
6148.4   54   -0.33981626446361907   0.3966170712249468
6278.44   55   -0.33981599332059315   0.42614367727234476
6324.29   56   -0.33981593566036294   0.0012213652798845102
6366.5   57   -0.3398159372226627   0.4273665632241454
6398.27   58   -0.3398159350726674   0.40028095182987067
6475.39   59   -0.3398159339865059   0.4784150549067674
6542.42   60   -0.339815746982979   0.4334368897668246
6577.75   61   -0.3398157469821186   0.56462945955249
