0.0   0   0.23288307474199435   0.009716501774039729
604.81   1   0.06497314976276951   0.0452482084410914
1039.69   2   -0.08705638851904653   0.018952461339414355
1530.1   3   -0.18432084814504326   0.010181938828744895
1965.42   4   -0.2354900667526805   0.003171531078128341
2373.32   5   -0.259751546206689   0.004298538073136083
2662.99   6   -0.2711209393002167   0.004507456557477847
2948.49   7   -0.28211276165970706   0.003626939971467918
3334.82   8   -0.2962518554431621   0.0037268628107495843
3564.43   9   -0.3057044914162145   0.002309478797312967
4004.44   10   -0.31577242260839633   0.0023705812036755526
4435.09   11   -0.32391383322444844   0.0014451248166006461
4790.21   12   -0.3265349726170976   0.0015248128836165562
5157.73   13   -0.3333551535942377   0.0015361147313650676
5401.06   14   -0.33492729842224483   0.0014997677465371547
5772.46   15   -0.33662105885992816   0.00045294997737697993
6151.89   16   -0.3369010456382154   0.00026123950452453074
6520.73   17   -0.33705186612614524   0.00021035381328517072
6869.8   18   -0.3371424212933208   0.0001538823574001448
7119.78   19   -0.33718147586280367   0.00015054065615995849
7238.67   20   -0.3372119293030589   0.00011296390489410628
7299.66   21   -0.33723311922173654   0.00011265403685925824
7361.77   22   -0.33727011152305486   0.00015107138874704206
7426.98   23   -0.337386441594   0.000221078411107657
7497.22   24   -0.3375534757607049   0.0002766307127018507
7541.25   25   -0.3378462124377314   0.00037691678449415587
7589.44   26   -0.3381347954748002   0.00046663251289493846
7636.64   27   -0.3384317052833842   0.0002985220597611666
7680.64   28   -0.3388142594955045   0.0002768195182113807
7748.22   29   -0.33904838810096194   0.0002333609547832733
7817.71   30   -0.33932546311502676   0.00025332187600503114
7886.06   31   -0.33974354722546884   0.0002561265061183246
7953.69   32   -0.34007126743546195   0.00027490902390641466
8023.79   33   -0.3403973654992605   0.00019005118197801892
8069.56   34   -0.3405267603078652   0.00014810272476102908
8114.88   35   -0.34061517172954986   0.00012393140122647097
8162.7   36   -0.3406965918362076   0.0001422342563735022
8225.38   37   -0.34074804876233095   0.00015810622950123278
8290.48   38   -0.3407919688279236   0.0001613409965333464
8358.48   39   -0.34085298375584516   0.00010249375307054896
8440.47   40   -0.34090668283665787   0.00013754092346594403
8509.84   41   -0.3409623777947365   0.00019026686723101145
8580.3   42   -0.3410098088063367   0.0001157101543991633
8649.68   43   -0.34106726654508657   0.00010845017600788849
8721.39   44   -0.3411303571396558   0.00019873756441006018
8790.1   45   -0.34118179564826573   0.00011909601453241854
8857.48   46   -0.34123151558391096   9.614812287748892e-5
8918.94   47   -0.34132980728312995   0.00012466430246501427
8979.99   48   -0.3414412794215993   0.0001356591700511022
9041.71   49   -0.3415577359516896   0.00012382150002028053
9082.22   50   -0.34162345004343125   0.00012294667324013345
9144.83   51   -0.34168675035944335   0.00010413720273499868
9208.54   52   -0.34172131282740015   0.00010637411784338714
9272.79   53   -0.3417573023924083   7.91121687563746e-5
9334.97   54   -0.34178812424376814   0.0001050315336888289
9400.56   55   -0.34182347039776717   7.590230937219467e-5
9463.68   56   -0.3418437792256952   0.00012444039753755604
9527.33   57   -0.341871569390017   0.0001055627953110828
9594.0   58   -0.34190030388285736   0.00012208919086127367
9658.38   59   -0.341926806088683   0.00011514972248303106
9721.02   60   -0.3419692164781918   0.00010215001810240163
9784.04   61   -0.3419923215567953   8.050720204968408e-5
9846.69   62   -0.34201724830805824   7.614249011078985e-5
9908.12   63   -0.3420475355225545   8.293713398722204e-5
9970.82   64   -0.342066347576692   9.184434039339324e-5
10033.82   65   -0.34208700325167246   6.0793496526614e-5
10095.8   66   -0.3421005405277656   7.186620636491696e-5
10159.74   67   -0.34210936424381866   7.458397631566017e-5
10225.55   68   -0.34212135921922443   5.168842705057494e-5
10287.58   69   -0.342130247739833   4.3001879990120246e-5
10348.21   70   -0.34214737232428494   4.923625222653872e-5
10408.38   71   -0.34215982810121953   6.256478124301408e-5
10471.63   72   -0.3421697232706244   4.7816484510238426e-5
10534.28   73   -0.3421813860145029   4.17511473831647e-5
10594.95   74   -0.34219141839705225   4.2126261875684714e-5
10654.85   75   -0.3422011647100847   4.2007792782786304e-5
10716.28   76   -0.3422085950825389   3.681561967814163e-5
10776.15   77   -0.3422159440293499   3.0077373005564207e-5
10836.36   78   -0.3422223696300166   3.992179535454467e-5
10899.03   79   -0.3422283285440121   4.556024360379277e-5
10958.82   80   -0.3422332520789496   5.327313139472587e-5
11019.39   81   -0.3422370390525377   5.399897255590352e-5
11079.26   82   -0.3422413380555441   3.1894804023024445e-5
11135.53   83   -0.34224676847018964   3.740413744665967e-5
11191.56   84   -0.3422500396263473   3.9357418676597795e-5
11248.21   85   -0.34225453902232755   3.26588052073469e-5
11305.85   86   -0.34225856083927003   4.520480859598017e-5
11362.83   87   -0.34226410830275167   4.178234714427612e-5
11421.09   88   -0.34226828850403523   4.2555477529171026e-5
11458.43   89   -0.3422706976845835   5.396064152823887e-5
11520.42   90   -0.3422744635666496   3.940939034322236e-5
11577.36   91   -0.3422783731350627   1.8969090845232955e-5
11632.53   92   -0.3422842906637657   3.121922251211188e-5
11665.24   93   -0.3422878804411486   3.7765793166626164e-5
11722.87   94   -0.3422918044715384   3.394686536734972e-5
11780.6   95   -0.3422955879523975   2.981452771827114e-5
11814.86   96   -0.34229841250483223   2.5909579167858406e-5
11868.08   97   -0.34230048826330484   2.3464809564835712e-5
11921.32   98   -0.34230390621525686   2.1902184176114184e-5
11974.71   99   -0.3423075181654027   2.210639519561301e-5
12027.42   100   -0.3423098218894907   4.0093376057421304e-5
