0.0   0   -0.47914729289546265   0.07325872630243525
7.52   1   -0.4938267950142804   0.04197154053027692
15.0   2   -0.49664397643006597   0.024161481311997024
22.52   3   -0.500195044387543   0.007444169172910822
48.15   4   -0.6217478571713454   0.07790928043953281
76.63   5   -0.6222453609782526   0.07661424958354877
91.45   6   -0.657279565344268   0.013366780696546312
110.56   7   -0.658260216509823   0.016442511795477302
122.53   8   -0.6590182439575948   0.01296026668856171
140.65   9   -0.6596366732915137   0.009792350374928024
165.36   10   -0.6597788465178903   0.0041500311543159665
198.3   11   -0.6599481027849028   0.0037853730641840434
214.46   12   -0.6600644987780262   0.0012636697359815236
236.51   13   -0.6600927952183138   0.0018413194163321334
253.06   14   -0.6601170407175068   0.001071021214160498
276.04   15   -0.66015654371685   0.0012869427729653693
298.11   16   -0.6601817758097528   0.0007811017999098878
319.3   17   -0.6601966652173619   0.0008976137534329212
336.83   18   -0.6602110276578733   0.000767557514918469
352.01   19   -0.6602186823525503   0.0002374217482432765
368.46   20   -0.6602200432932221   0.00022980485110101493
390.17   21   -0.6602230047561651   0.00019633185477731355
404.95   22   -0.6602252758319129   0.00020572772228667074
420.92   23   -0.6602260834274349   0.00010387857329645744
436.27   24   -0.6602262789534155   0.00012288721286518898
451.19   25   -0.6602265003927176   6.681470684774109e-5
