0.0   0   -0.41433012219166965   0.10932793250330133
22.78   1   -0.42830025585166615   0.048309607402362176
37.14   2   -0.4345839417375325   0.05832760474971045
52.1   3   -0.4544701649725282   0.055846368095009286
62.15   4   -0.460044257421958   0.0617582803534247
82.61   5   -0.46352650903492315   0.21802283803656414
97.39   6   -0.46382505584666717   0.07431464045109545
107.01   7   -0.46661970472119696   0.20034700820193838
141.17   8   -0.46663071461977945   0.029124433543859934
151.31   9   -0.4669950326646912   0.029641214245916078
160.72   10   -0.4707221831894907   0.030576868064533205
175.71   11   -0.4734070772353929   0.0331600559438317
189.62   12   -0.4749957114432392   0.18939007295761795
265.2   13   -0.4749952657681843   0.02161357226933086
278.65   14   -0.4763914329363445   0.023479070387851395
287.15   15   -0.477216535564045   0.017433113808702886
307.09   16   -0.4775147753623059   0.18913155887866084
376.84   17   -0.47751454272926147   0.01043836784936727
396.46   18   -0.4775442259002056   0.009942838824836741
406.01   19   -0.47767542636357274   0.006605092242723459
437.6   20   -0.4777672727916109   0.016637217449643874
457.64   21   -0.4780576743612408   0.005433039172273532
481.01   22   -0.47838421445245827   0.005400417319144935
500.19   23   -0.4785223128200471   0.002988881266351854
514.55   24   -0.478637176722653   0.004825376400062461
537.05   25   -0.4787171855699959   0.00481910073577121
551.22   26   -0.4787770578829703   0.004220012056963457
570.46   27   -0.47890296974976665   0.005114460816577707
580.04   28   -0.4789471875470875   0.0043492894920344055
594.67   29   -0.47899949983942003   0.0018931020685756025
610.09   30   -0.4790805953812665   0.004126594509665744
624.21   31   -0.4791898742551484   0.003497101308749967
637.79   32   -0.4792488705886222   0.0023040645799440158
646.72   33   -0.47925208932615926   0.0028117396820753313
660.82   34   -0.4793381300519325   0.0027017303308900197
675.51   35   -0.47939152844807026   0.0017595314647625565
684.66   36   -0.4793929426751108   0.22440924565013667
694.91   37   -0.47940813378940483   0.18792673433733267
710.33   38   -0.4794087007866682   0.0018556619671384438
724.08   39   -0.479413534838918   0.003429148145528762
752.96   40   -0.4794570164247514   0.0026864472572204054
763.22   41   -0.4794624474987268   0.0016700358845015883
778.16   42   -0.4794874141555854   0.0010532162320339533
796.35   43   -0.47950145450670256   0.001250787935429302
810.39   44   -0.4795256012032371   0.0015338079294715105
824.98   45   -0.47954866818616865   0.0013560782145778931
838.83   46   -0.4795605206885867   0.001102216265741847
857.57   47   -0.47957771449515857   0.0023939433415171157
872.69   48   -0.4796061085748498   0.001373093937744321
892.07   49   -0.4796173352789304   0.001452235472756166
906.18   50   -0.47962923093425064   0.18366187087130678
941.02   51   -0.47962875313988457   0.0017689406439857702
950.25   52   -0.4796295007129302   0.21425780188413315
964.62   53   -0.47963084699989306   0.000994829751997756
984.14   54   -0.47963422115714177   0.25915087929873903
1013.07   55   -0.47963387935145346   0.001819213077911199
1039.7   56   -0.4796373478156036   0.0013128930131519102
1049.34   57   -0.4796380558038405   0.0013760198404744195
1058.45   58   -0.4796471558281223   0.21723255543762332
1069.1   59   -0.47965641667034936   0.18250567870550805
1082.8   60   -0.4796616238483662   0.0016443461106627568
1101.7   61   -0.4796636709936907   0.24766134687359273
1111.87   62   -0.4796663439503613   0.0014085232800920757
1149.0   63   -0.4796674102503663   0.0017260391733332852
1158.25   64   -0.4796708465115724   0.0018968549506616
1167.77   65   -0.47967863829288326   0.001148645798963326
1176.96   66   -0.47968854766253194   0.21446241478935252
1205.54   67   -0.47968824455218273   0.0011713337681262819
1219.93   68   -0.47969110774186297   0.1935534403576087
1264.69   69   -0.47969067848978053   0.0009618965359486202
1650.47   70   -0.4796902625177158   0.0013798430286804282
1681.07   71   -0.47969072565126114   0.0013365770726131484
1703.07   72   -0.47969809675928515   0.002178673915441739
1713.94   73   -0.47969822952941343   0.002379028950687664
1726.09   74   -0.47970225787420545   0.0014912310235378006
1745.9   75   -0.4797037072115356   0.21416448610256672
1789.75   76   -0.47970327149078495   0.0016571057976504599
1817.9   77   -0.47970581701407   0.18059690456915597
1838.57   78   -0.4797057632397834   0.0019352825359374073
1865.96   79   -0.4797094020577205   0.20097243404653486
1896.66   80   -0.47970920754281793   0.0012648703474101707
1906.19   81   -0.4797108732246621   0.2079512508238478
1930.6   82   -0.4797106017694104   0.1889105053591616
1959.29   83   -0.479710223610041   0.254882591588336
1996.73   84   -0.4797098390741128   0.001451078589584858
2011.17   85   -0.47971028547776073   0.15316116253508275
2046.05   86   -0.4797102390409594   0.1911286499150628
2062.94   87   -0.479710209142354   0.20153491184994615
2137.39   88   -0.4797101903154981   0.19910942484409053
2320.88   89   -0.47971018200772764   0.18501677146224596
2377.16   90   -0.47971034407150237   0.0013219951189913197
2398.64   91   -0.4797108522041494   0.20512132761741678
2431.26   92   -0.47971293991901504   0.0014633199129558219
2448.64   93   -0.47971371045592576   0.001259294554042496
2467.23   94   -0.4797165208209182   0.0007701444709719102
2480.9   95   -0.47972063453230934   0.0010956341974884026
2494.63   96   -0.4797297867647677   0.0014445633371521925
2508.35   97   -0.4797456812585208   0.0017831710704064698
2518.77   98   -0.47974636911159946   0.17766556248436963
2555.77   99   -0.4797484019973339   0.0014685092986059304
2565.48   100   -0.4797484196347848   0.19627675832704425
0.0   0   -0.47974841963561227   0.001761976839314668
10.79   1   -0.4797568167196271   0.0012333374214910145
352.47   2   -0.47975683022273535   0.003365011266286341
372.22   3   -0.47976119454511207   0.0026902538258029847
391.28   4   -0.4797652120681161   0.13563257532632136
400.62   5   -0.4797692750399407   0.13323124453101573
437.39   6   -0.479770243368936   0.0011992983142829223
450.02   7   -0.47977240297731927   0.0026670113913029175
464.98   8   -0.4797736611902225   0.002939920249655938
478.38   9   -0.47978545709004056   0.0019711262175260563
491.38   10   -0.4797929759178527   0.000760714140893263
505.6   11   -0.4797951543809697   0.22806888415809257
515.21   12   -0.4797949740728803   0.0020811409858427594
524.15   13   -0.4797966788678038   0.0011261734135910827
538.41   14   -0.47980530659447335   0.2261333588028712
562.03   15   -0.4798052859225236   0.0018431434755064706
590.25   16   -0.4798056042929462   0.0020618453962300853
599.5   17   -0.47980822085205566   0.20840426178425397
608.97   18   -0.4798112323502985   0.0014235634549032037
635.65   19   -0.47981239331615866   0.0007178008445744715
655.35   20   -0.4798141411983682   0.19880494781455013
687.98   21   -0.4798143537193077   0.0020180425782662004
696.6   22   -0.47981536366924166   0.19302846635822207
719.57   23   -0.47981523466920833   0.000839727061414931
733.23   24   -0.4798190289649418   0.0014023930727717418
755.36   25   -0.4798217278710504   0.2377591803650292
777.09   26   -0.4798216772920757   0.0030695800980852688
787.15   27   -0.4798254269403774   0.18030587327807926
796.8   28   -0.4798278143996637   0.2019043640332389
830.33   29   -0.4798273602621648   0.0020588811990758546
872.42   30   -0.4798286375485056   0.003893785764918771
881.74   31   -0.47983600264674425   0.0036800606591336116
891.43   32   -0.4798468468086338   0.0035894831856392233
902.01   33   -0.47985249549602477   0.003624104744815744
912.12   34   -0.4798815040669542   0.002804939223897913
928.07   35   -0.4798983648699059   0.1349081226426755
977.39   36   -0.47989831354643   0.003763088085673044
1010.9   37   -0.47990434622540007   0.19012507646277574
1025.41   38   -0.4799057530504145   0.003165339393082786
1035.05   39   -0.4799066903847569   0.0026776973899586996
1046.18   40   -0.479906756805389   0.002816801898046003
1057.21   41   -0.47991110289677513   0.0024986431611346465
1073.29   42   -0.4799149353459996   0.0025089359256202657
1089.26   43   -0.4799310109674101   0.0021507517295717552
1103.71   44   -0.4799476050251209   0.19610400824282095
1153.08   45   -0.4799473581770255   0.0013323671145774245
1162.61   46   -0.4799522548389833   0.20635628639312256
1192.32   47   -0.47995217029066967   0.0014648287503947525
1201.38   48   -0.4799531077257501   0.0012524406936638458
1218.3   49   -0.47995932715233686   0.0011729599058865222
1229.41   50   -0.47996706847132425   0.0009405951368398528
1239.67   51   -0.47997683148213044   0.0013427750083485144
1264.5   52   -0.4799822847203924   0.001098815200820188
1289.41   53   -0.47999370888454385   0.002106206368663925
1304.47   54   -0.4800073034187742   0.0012094699204788276
1445.22   55   -0.48000790379674   0.003366469409637592
1463.95   56   -0.4800082164684554   0.0034632609321500365
1478.58   57   -0.48001981074477573   0.19691367439583052
1495.21   58   -0.4800203603562476   0.21262745158700916
1519.13   59   -0.4800200853856092   0.001289510459949218
1544.24   60   -0.480021779915198   0.001001316780821356
1555.06   61   -0.48002285342329176   0.17334439417711492
1584.22   62   -0.4800226278087491   0.0010650320211553932
1594.18   63   -0.4800236339077718   0.1892250441973825
1627.78   64   -0.4800232598250953   0.0006734538232749837
1643.01   65   -0.4800236214704472   0.20345855049433859
1652.89   66   -0.48002342549281474   0.000771250486461619
1667.44   67   -0.48002361442216757   0.2013348080384482
1681.76   68   -0.48002351626814593   0.0006585241432147991
1691.1   69   -0.48002364107846734   0.0006781796555695105
1717.5   70   -0.480023833696382   0.0007032807169861629
1919.47   71   -0.4800238905890887   0.0008108111524562004
2090.85   72   -0.4800240613453204   0.20960383787967798
2174.87   73   -0.4800239115883727   0.23011200237355983
2184.05   74   -0.4800237913363282   0.2013924574648578
2233.62   75   -0.48002341642324864   0.20625068735969063
2251.81   76   -0.48002528470453515   0.0010320725897846057
2269.18   77   -0.48002621384445454   0.0009340157349565589
2308.8   78   -0.48002858677708843   0.15501443488525923
2338.84   79   -0.480028328084344   0.0009823199879756966
2389.79   80   -0.4800286649402742   0.0006297987388408601
2407.16   81   -0.48003120692913587   0.0010779377834177917
2416.07   82   -0.48003128414880064   0.18843234949824322
2424.99   83   -0.4800325690546713   0.20456192606798718
2446.88   84   -0.4800325480324934   0.0015204894693644014
2464.24   85   -0.4800326431376848   0.0009830735566381272
2486.84   86   -0.48003393705288766   0.1987361850699987
2495.38   87   -0.4800350034049834   0.22109319964251056
2512.76   88   -0.4800347315638843   0.1511560087287212
2526.35   89   -0.4800347185556043   0.002239100676711521
2544.22   90   -0.4800361152071109   0.001492885231761243
2552.21   91   -0.4800378767715827   0.0006468352116323633
2582.95   92   -0.48003897912546595   0.0014503709948607204
2595.14   93   -0.4800424962909312   0.0007453248215769166
2608.45   94   -0.4800459061277626   0.20160031133589013
2635.68   95   -0.480045750041743   0.18412719751045845
2666.55   96   -0.480045743929296   0.0008074694596943625
2679.93   97   -0.4800473191240199   0.0013183002370146925
2690.02   98   -0.4800473591968507   0.0013938964203147124
2699.42   99   -0.48004759203254926   0.0015501410404062785
2721.17   100   -0.48005198346351924   0.0013773512544770648
0.0   0   -0.4800519834640035   0.0013913214383137298
43.3   1   -0.48005346732922133   0.0007614813292316274
97.85   2   -0.4800552462468673   0.0006708773345074427
203.87   3   -0.4800570924607255   0.19422070606699043
250.77   4   -0.48005711397129447   0.0007275622693209156
278.99   5   -0.48005716953469285   0.0006160205491249283
307.75   6   -0.4800571842272535   0.000698724204881797
337.98   7   -0.4800595221024275   0.0009571877401542061
381.66   8   -0.48006165065816453   0.0005973986879085679
449.13   9   -0.4800653375604853   0.0013405013229273058
501.76   10   -0.4800696050632014   0.2003048746512171
582.49   11   -0.4800696055072532   0.00100135348277064
610.05   12   -0.4800707250643228   0.001188590419263056
669.65   13   -0.4800763108846391   0.0028000254475139233
715.02   14   -0.4800932939546699   0.0009099554019371166
756.31   15   -0.48010205623668445   0.0015906703507780151
906.89   16   -0.48010704424233996   0.0019327018567961783
1693.16   17   -0.4801085023550483   0.0010684430478645115
1724.72   18   -0.480117388376048   0.15723388786975206
1764.4   19   -0.48011770698040734   0.0011858420530794
1780.42   20   -0.48012062625651775   0.0004864179649695309
1801.24   21   -0.4801219874220758   0.0003787531572474831
1814.89   22   -0.4801246334864989   0.0007746776341837323
1849.8   23   -0.4801290522191423   0.0005578167587115043
1864.78   24   -0.48013184381757856   0.1807354892700735
1886.84   25   -0.48013173985048935   0.0004305042704478535
1907.31   26   -0.48013284969219966   0.16417435322266685
1927.87   27   -0.4801326304510689   0.00034526747066490615
1954.44   28   -0.4801329424077551   0.0002834589145093492
1965.71   29   -0.4801332671360575   0.00036006578494296047
1980.13   30   -0.48013467603990334   0.00041527161883159636
1991.4   31   -0.48013558856621236   0.1653414059435852
2006.59   32   -0.4801355957192573   0.0006775664666047833
2019.61   33   -0.48013589848671534   0.0005201901223315321
2038.85   34   -0.48013753475482546   0.0011350348556838333
2049.05   35   -0.48014016659243475   0.22841687746706119
2063.92   36   -0.48014015041173497   0.0005316821033331575
2378.31   37   -0.4801401512432242   0.0004678274258286716
2398.45   38   -0.48014062570198357   0.000706007395529114
2413.55   39   -0.4801416280390507   0.0004634657736079167
2431.12   40   -0.4801416701183091   0.17025680295839485
2473.47   41   -0.4801416772313958   0.00047410946954219995
2484.45   42   -0.4801417845928492   0.1862029605191057
2501.9   43   -0.4801417990120332   0.00044390422429376803
2511.93   44   -0.4801418312998551   0.0004117581152350051
2531.12   45   -0.48014238453214636   0.00036134858684156877
2542.62   46   -0.48014248544205046   0.0004290111099325601
2553.66   47   -0.4801425769344966   0.0003255669718432207
2569.06   48   -0.48014327956033326   0.0002910287117430104
2621.89   49   -0.4801438939485613   0.19194750185298637
2678.82   50   -0.4801436376421158   0.00031949219460310435
2692.96   51   -0.4801442572899289   0.0004031610592248579
2705.62   52   -0.4801451674336106   0.0005444486093870219
2717.22   53   -0.48014607687305033   0.00045551656830793765
2733.02   54   -0.48014725592294305   0.0003486931711917407
2749.2   55   -0.48014861366650285   0.1905655716400159
2765.04   56   -0.48014864465564133   0.0006501807870944192
2780.81   57   -0.4801488633032723   0.0006613083779385438
2790.28   58   -0.48014929443368076   0.0003012788120990671
2799.21   59   -0.48014952929715426   0.0004140777711018813
2808.32   60   -0.4801498090318663   0.0004694220089251256
2819.22   61   -0.48015002202097656   0.00043241231320113654
2829.74   62   -0.4801502459886906   0.0004026340486803995
2840.63   63   -0.4801503491590606   0.0003534499566611558
2894.17   64   -0.4801506748243146   0.00037687674701374524
2904.76   65   -0.4801519465966555   0.0002803970325797614
2925.26   66   -0.48015306299451305   0.00047234438292273733
2945.96   67   -0.48015307029397164   0.17009879675920145
3229.99   68   -0.4801530517710938   0.0006600143814338611
3244.64   69   -0.48015371831500375   0.22233537187084543
3286.35   70   -0.48015371831622033   0.0002453238718213603
3498.38   71   -0.4801533442287512   0.20601313202260876
3602.64   72   -0.480153226890525   0.2155897678751074
3611.91   73   -0.4801532104012964   0.000743562226442556
3652.51   74   -0.48015331531859157   0.19436629033197494
3670.66   75   -0.48015336915454937   0.0006090385195270779
3767.14   76   -0.4801534264148252   0.19343135496168856
3786.07   77   -0.4801534024242057   0.19037298837401814
3811.17   78   -0.4801535631990753   0.000393650603811707
3839.88   79   -0.4801536094347957   0.19317549644443716
3849.13   80   -0.48015359312611106   0.00035938689236851123
3872.07   81   -0.48015362356224356   0.0003751876401303913
3882.48   82   -0.4801536548739088   0.17556284605788341
3899.07   83   -0.48015357295383554   0.19059512030067882
3908.77   84   -0.4801535433721948   0.00041771757898773185
4054.73   85   -0.48015319293656533   0.187389283539023
4139.79   86   -0.4801532677726266   0.0007963606854609253
4170.37   87   -0.4801535996559137   0.22369648161563788
4201.38   88   -0.48015353703133257   0.0007034718887281333
4227.9   89   -0.48015369797829144   0.20802620636901153
4246.02   90   -0.4801537346279652   0.17493660746386627
4281.17   91   -0.48015355908735213   0.0005556957173332486
4304.64   92   -0.48015374000058825   0.00032440092740098746
4514.63   93   -0.4801537863914943   0.18999538034607996
4604.86   94   -0.48015335542655435   0.16825379979752644
4638.26   95   -0.4801532342219007   0.19310582137831767
4655.49   96   -0.4801532069877497   0.0009185542964878712
4677.27   97   -0.48015347371186223   0.0007609322097077506
4686.23   98   -0.480153496103529   0.20269865261621284
4699.66   99   -0.48015386243356106   0.00036786202737714905
4828.12   100   -0.48015376642652935   0.0005518804685260262
