0.0   0   -0.4191470645717612   0.013531204061476431
366.9   1   -0.42355535085511875   0.018008833123860986
883.07   2   -0.43163883205964515   0.03096147027533725
1191.01   3   -0.4400365464138209   0.04490690220784289
1512.53   4   -0.4515229675504926   0.04123704179059216
1845.86   5   -0.46185130349899606   0.02530022964669544
2336.73   6   -0.4679760745075269   0.017776611430539435
2801.81   7   -0.47225719800587773   0.020753199756927358
3104.98   8   -0.47616280609899797   0.01606143149396201
3404.21   9   -0.4776608200868907   0.00793703042830884
3703.69   10   -0.4779508374113568   0.0030640365889174513
4096.09   11   -0.47806106815606625   0.003649435942493927
4489.23   12   -0.4783166638358649   0.003486505823478229
4955.34   13   -0.47846681331716745   0.001373030642791871
5338.49   14   -0.47849229942819715   0.001300678590953688
5914.7   15   -0.47856528248785213   0.001856550182765814
6343.5   16   -0.4786850598942779   0.0013585370709060934
6787.75   17   -0.4787920943359461   0.0027941013336729784
7247.04   18   -0.47897996511819374   0.0012422988782031276
7734.82   19   -0.4791172648422909   0.001712548511497634
8209.24   20   -0.4793262548846271   0.0021020238496943194
8684.95   21   -0.4794880823442732   0.001468269870187493
9154.52   22   -0.47963018429813886   0.0016022561851482076
9622.16   23   -0.47981942812234113   0.0031896327597998203
9941.3   24   -0.47994076441542116   0.0035198912433054676
10420.53   25   -0.48009196488483863   0.001531808230264462
10883.13   26   -0.4801416354709919   0.0014325969244778302
11208.2   27   -0.4802121917554487   0.0012336576820445395
11314.55   28   -0.4803038961887276   0.00146930720773425
11370.77   29   -0.48034594161421973   0.0014438411517089962
11462.53   30   -0.48043287407691665   0.0019305466987604447
11553.63   31   -0.4805186292244096   0.001191366223781519
11645.06   32   -0.4805891324977053   0.0015670438082703176
11736.36   33   -0.48066101366029523   0.0010760411057183165
11801.26   34   -0.4806914259260207   0.0009170244362477516
11900.69   35   -0.48070887228235826   0.0008531202161099898
11993.02   36   -0.48073817245308736   0.00104446891196811
12084.47   37   -0.4807668984532058   0.0007685152427085975
12186.5   38   -0.48077725907067115   0.0005601194987972566
12272.07   39   -0.4807863801587019   0.0005370752882063305
12354.45   40   -0.48079716549933627   0.0003596649022173443
12443.63   41   -0.480803285004493   0.0004860593320822898
12535.37   42   -0.4808101720455531   0.0005245884655249981
12617.12   43   -0.48081580190592443   0.00039784243943258535
12710.19   44   -0.48082109039571835   0.0004459064308734288
12803.52   45   -0.4808273364999046   0.00031965697394463
12901.8   46   -0.4808320835188532   0.0003751278902742228
12998.33   47   -0.4808372058828976   0.0004143278726339839
13096.4   48   -0.4808417157426406   0.00033203631727844014
13207.33   49   -0.48084591309947616   0.0003152995250887201
13316.97   50   -0.48085458060194675   0.0003907625386113316
13386.46   51   -0.4808569946078306   0.00028302139130576264
13482.0   52   -0.48086055966092184   0.00029028201750789
13574.86   53   -0.4808649000038065   0.0002335413854469706
13665.59   54   -0.48086951319213644   0.00025307748003708494
13762.96   55   -0.4808741434810563   0.000479225558638495
13856.48   56   -0.4808784531705208   0.0003317661625701287
13916.35   57   -0.480880458374975   0.0002329551936224171
14008.03   58   -0.48088462811626864   0.00030413627018421717
14097.65   59   -0.4808876847993677   0.0002379641708615065
14154.27   60   -0.48088848841496806   0.000165736052307638
14231.18   61   -0.4808895358486402   0.0002105820227386181
14335.73   62   -0.4808955199253804   0.0002763888685628556
14386.18   63   -0.4808974210583148   0.000274916809744702
14466.97   64   -0.48089976041701565   0.00027463821681415626
14546.46   65   -0.48090265947156663   0.00025687211667082795
14623.57   66   -0.48090567305166665   0.00021238593464011389
14708.92   67   -0.4809091028934765   0.00025688103278138235
14760.57   68   -0.4809106271837966   0.0003414038786376822
14840.95   69   -0.4809123340844497   0.0001691102205493779
14931.99   70   -0.4809169515531486   0.00031374216148584704
14988.82   71   -0.4809197690914705   0.0002354206537624213
15074.13   72   -0.48092263891346493   0.00028856204006199866
15156.42   73   -0.4809266836631588   0.0004366504661328311
15244.35   74   -0.48093052640413336   0.0002443634729614721
15337.76   75   -0.48093554357028256   0.0003443275891303745
15435.9   76   -0.48093954452638144   0.0002438405939866026
15520.71   77   -0.4809425753418712   0.00026139059093451016
15597.09   78   -0.4809474182840884   0.00042667626910501574
15685.04   79   -0.4809503249885556   0.0003749268266242444
15774.32   80   -0.4809523372988824   0.00019276019454664978
15861.83   81   -0.4809546245701638   0.0003252581336426047
15957.2   82   -0.4809575614429121   0.0003984122736340887
16055.76   83   -0.48095941302833456   0.00017090583538055702
16151.99   84   -0.480961423299331   0.00022752378064159028
16250.1   85   -0.4809646568900925   0.0002789700961061811
16314.99   86   -0.4809663590321315   0.00029760197478250253
16411.23   87   -0.48096872481181874   0.0003168637482571563
16507.51   88   -0.48097139541835165   0.0001751825394822128
16596.89   89   -0.480974048745288   0.0003217360062806773
16686.32   90   -0.4809765507430068   0.00024355596021192552
16782.46   91   -0.4809777489621673   0.00016337082750996046
16874.39   92   -0.4809798798478014   0.00023432964933917496
16935.66   93   -0.4809814526018539   0.00020078875688165325
17023.17   94   -0.48098257697186464   0.0002039027968385593
17118.58   95   -0.4809847960456753   0.0002515021713029747
17218.99   96   -0.4809878817033122   0.00020055637307765003
17315.0   97   -0.4809921796882895   0.00019593843129450198
17404.37   98   -0.4809952203824007   0.00029081473320674995
17459.33   99   -0.4809970334456802   0.0002859284056099652
17545.58   100   -0.48099902171340714   0.00015452961549716047
