0.0   0   -0.3411352393448507   0.07657460593125959
16.5   1   -0.35069749949633444   0.007914124160489436
29.6   2   -0.35094293845980923   0.008252732289227835
43.46   3   -0.35147848976477775   0.00783583565379713
56.38   4   -0.35223551675098436   0.0027528036822207567
65.01   5   -0.35228325543254674   0.003353010570156824
77.82   6   -0.3523492378612555   0.0029067709382248888
95.62   7   -0.3525955044359726   0.00146554357062235
104.46   8   -0.3527167152024718   0.0015941237417922013
117.27   9   -0.3527942458785769   0.0012386778898095157
130.12   10   -0.3528102875149164   0.0004849218166179324
144.15   11   -0.3528134916725279   0.00046936317485984973
157.29   12   -0.3528143706414504   0.0003038759947603269
169.58   13   -0.35281785321332504   0.0006419888877506312
182.53   14   -0.35282227023593166   0.0004652845619820528
200.36   15   -0.3528341368463614   0.0005136848066561057
213.79   16   -0.3528362880153261   0.00039208515951592377
231.92   17   -0.3528389045592914   0.000341066002361635
245.3   18   -0.35284417119850026   0.0004010587709657511
258.26   19   -0.3528472067248389   0.0003293916560226109
271.15   20   -0.3528498820540698   0.00029910725297458904
285.11   21   -0.35285584657691915   0.00045073014240577325
297.96   22   -0.3528575559055519   0.00021452704513624262
311.22   23   -0.3528580455734536   0.0002782356276760741
324.26   24   -0.3528593401553629   0.0007189931027069182
337.93   25   -0.3528653066437365   0.0005519692000379414
351.83   26   -0.3528700466744733   0.00048594842165063535
364.84   27   -0.3528730434832467   0.0002349410988656539
378.91   28   -0.3528734361233762   0.00015210062670199456
396.98   29   -0.35287414187972094   0.0003723011531039432
410.21   30   -0.3528758773482439   0.0003538238713634588
423.93   31   -0.35288078255789973   0.00035148546251411
433.19   32   -0.3528833973766674   0.0002816669639278067
441.55   33   -0.35288430266481857   0.00015378993178433737
454.4   34   -0.352884765132124   0.00017448578592099286
462.66   35   -0.3528852944018761   0.0003228459123375901
475.47   36   -0.3528872235575324   0.0003459590300914857
489.3   37   -0.35288991749077536   0.00028335518796970653
503.14   38   -0.35289108595741686   0.00012901581046877313
516.3   39   -0.3528914025997117   8.669163631379758e-5
529.54   40   -0.35289163353493297   0.00016035795954277978
542.11   41   -0.35289207059027783   0.00010742216966309286
560.46   42   -0.35289480928455685   0.00020512678735699647
574.43   43   -0.3528976322473375   0.0003874850734368322
588.2   44   -0.3528987484203193   0.0002991882113825464
601.15   45   -0.3529006483599987   0.0005919382549981456
615.71   46   -0.352903869840115   0.000379020128238715
624.53   47   -0.3529055791857243   0.000150512614495407
637.72   48   -0.3529067108706232   0.00013741547411838062
646.44   49   -0.3529068826873544   0.00017992653358394828
659.07   50   -0.3529074815279036   9.612436920345289e-5
672.69   51   -0.3529078218859417   0.00014556937306053533
684.94   52   -0.3529086825577076   0.0002791154617653772
697.84   53   -0.35290986964974524   0.00033847385258891646
705.76   54   -0.35291073009079543   0.0003664762476089836
714.59   55   -0.3529113162291924   0.00015183254639683397
727.13   56   -0.3529115163233841   0.00012781250291943438
739.65   57   -0.3529117475074687   0.0001927386171101547
757.19   58   -0.35291256079993555   0.00012838314190760408
770.41   59   -0.3529139251636154   0.0001140094217372207
778.82   60   -0.3529143982434971   6.514347709725895e-5
790.83   61   -0.35291464624971736   7.813979957471243e-5
803.26   62   -0.35291520232807166   0.00011015865355608995
815.71   63   -0.3529160933899012   0.0003054923154223868
828.27   64   -0.3529168871842914   0.00012127456630813967
839.74   65   -0.35291711023428995   6.29987236680033e-5
852.01   66   -0.3529172517598566   0.0001184388687002767
863.27   67   -0.35291735503779165   9.08577497753373e-5
874.89   68   -0.35291768393247236   0.000218672424935845
885.98   69   -0.35291862330104123   0.0001140727045106202
898.46   70   -0.35291897383632875   9.230316615437883e-5
906.53   71   -0.3529190998165489   9.445684653665327e-5
918.37   72   -0.3529191647561062   6.98914621823082e-5
929.92   73   -0.3529192190150443   6.303746600449823e-5
942.25   74   -0.3529193779529452   9.870619033049999e-5
954.26   75   -0.35291963376627133   8.324527220312741e-5
966.26   76   -0.35291998961754745   0.00010731348274343703
973.9   77   -0.3529202096555279   0.00014262707727552795
986.37   78   -0.3529203144034557   6.909050035460854e-5
998.22   79   -0.3529203880050814   8.842128619897982e-5
1009.77   80   -0.35292050252931617   0.0001065789667081802
1021.95   81   -0.35292057576538144   7.739093861006593e-5
1034.34   82   -0.35292075117508426   0.00011859685922079891
1047.32   83   -0.3529219115144292   0.0002236295273251886
1060.02   84   -0.3529225465985834   0.00013231910560745596
1073.03   85   -0.3529229057497293   9.946279053333313e-5
1081.37   86   -0.35292301981843716   6.406036727489571e-5
1093.35   87   -0.3529231153126168   7.266499385774803e-5
1101.68   88   -0.35292316222959846   3.880841088421642e-5
1114.25   89   -0.3529232668892232   5.8374735516342283e-5
1127.7   90   -0.35292353754165906   0.00017877684206624349
1140.91   91   -0.3529239144953374   6.695932358538152e-5
1153.97   92   -0.3529241084210461   6.412313825479426e-5
1167.72   93   -0.35292430908854827   6.760594896907338e-5
1180.96   94   -0.35292445466852895   8.698885812484155e-5
1194.21   95   -0.3529245556251257   5.471751462578007e-5
1208.29   96   -0.35292460131131537   3.6403339192928916e-5
1222.43   97   -0.35292465683993385   3.599810101353655e-5
1235.48   98   -0.3529247581117172   8.852872198592522e-5
1248.18   99   -0.35292485511986593   6.811193680113814e-5
1261.92   100   -0.3529249464250466   7.180553548684929e-5
0.0   0   -0.3529249464250466   8.218909818310494e-5
11.43   1   -0.3529249679205682   6.87119577875452e-5
24.46   2   -0.35292499772385966   9.071256949554693e-5
38.63   3   -0.3529250334271846   7.304544364874021e-5
51.8   4   -0.35292506070516294   6.75713288582202e-5
69.8   5   -0.3529251429295632   5.3670124040217265e-5
84.27   6   -0.35292521372994956   3.890389551319522e-5
98.4   7   -0.3529253537840456   3.573555986325973e-5
111.84   8   -0.3529255016221169   5.620206124080171e-5
126.58   9   -0.3529259027715563   3.791114303060271e-5
141.68   10   -0.3529262369956932   6.744966873255568e-5
155.54   11   -0.35292647270934857   4.2549086160819516e-5
169.44   12   -0.35292674855777495   7.565525382490827e-5
184.19   13   -0.35292701046531694   3.569303809753837e-5
198.86   14   -0.35292725270255376   5.752922499292993e-5
213.34   15   -0.3529273545059532   4.042280105596594e-5
226.65   16   -0.3529274180753078   6.51588240882448e-5
246.74   17   -0.35292773664464827   8.422326726578476e-5
261.28   18   -0.3529279388792792   5.843341174023376e-5
275.18   19   -0.3529281073903595   0.00012628172846630486
291.57   20   -0.3529285154622002   5.0437562343831926e-5
306.55   21   -0.35292862120707363   2.7855227527296547e-5
315.69   22   -0.35292863076385184   4.881976537349173e-5
329.74   23   -0.35292865913001004   6.137960099732359e-5
343.89   24   -0.3529286835271431   6.463552521632599e-5
363.13   25   -0.3529288566772052   9.762751613177586e-5
379.18   26   -0.3529290095078127   3.331310390656573e-5
395.0   27   -0.3529290450932906   2.6157054000464728e-5
404.15   28   -0.35292905720275675   4.020209860148436e-5
423.49   29   -0.3529291284833944   7.804787514252733e-5
437.97   30   -0.35292936628589633   5.1994750778632105e-5
448.08   31   -0.35292941391522775   3.517788574042246e-5
462.59   32   -0.3529294619799621   3.760104211193022e-5
476.67   33   -0.3529295467536797   3.676503954601714e-5
491.92   34   -0.35292967387714547   3.2537081954509826e-5
500.75   35   -0.3529297267628421   4.481907611624574e-5
514.67   36   -0.3529297800133883   3.3267977195346205e-5
528.9   37   -0.35292988233240197   0.0001016546162202043
545.01   38   -0.35292995828362234   8.40539578734504e-5
559.57   39   -0.3529300060037384   5.771660894462376e-5
573.57   40   -0.3529300998166909   2.9849555700197414e-5
587.39   41   -0.3529301462104717   3.120129802253587e-5
601.88   42   -0.35293016959199597   3.4837110016925236e-5
615.6   43   -0.3529301947282134   6.0649523127547826e-5
629.56   44   -0.3529302304860483   8.07405785062778e-5
644.38   45   -0.3529303241372262   5.406048245382562e-5
654.45   46   -0.35293035684186924   4.814267261801879e-5
668.38   47   -0.352930427602569   5.029954730160283e-5
682.73   48   -0.35293052065607355   6.010194747789209e-5
698.05   49   -0.35293057608683936   3.338921216762788e-5
712.83   50   -0.35293061327481134   5.2182098937687696e-5
727.0   51   -0.3529306905333003   8.501765641729293e-5
742.16   52   -0.35293078684012236   4.774802636370058e-5
757.75   53   -0.3529309136581188   4.241042153472483e-5
768.76   54   -0.35293105101386213   0.0001161979560269031
784.25   55   -0.35293122671341326   0.00010246848443109373
799.48   56   -0.3529313160502837   6.399941171633763e-5
815.44   57   -0.3529313503259073   4.492939306433984e-5
830.37   58   -0.352931434015791   6.834902941104716e-5
840.03   59   -0.35293150475741647   8.671538984177622e-5
856.19   60   -0.35293164630514884   9.981986878199336e-5
871.59   61   -0.3529317196215606   5.039413216498694e-5
886.23   62   -0.3529317582996334   3.231441683368343e-5
901.66   63   -0.3529317885964031   2.719220791108734e-5
911.82   64   -0.35293180459940937   5.586844057346174e-5
926.65   65   -0.3529318275649655   4.051093390677663e-5
941.03   66   -0.35293186295990997   6.74696662351542e-5
957.0   67   -0.35293191944099656   3.4463147829602284e-5
972.02   68   -0.3529319468831413   5.297398070267632e-5
986.33   69   -0.35293199678304477   3.545817259368542e-5
996.08   70   -0.3529320152233415   3.45785665077977e-5
1012.33   71   -0.35293204305479986   2.409578818966169e-5
1027.07   72   -0.3529320909167612   2.4792763336537547e-5
1040.79   73   -0.35293219095402956   5.82875158368318e-5
1055.66   74   -0.35293234396119555   6.545295795601502e-5
1072.11   75   -0.3529324268678056   5.3017510636126594e-5
1087.87   76   -0.3529324676878891   3.647575295566491e-5
1102.48   77   -0.3529325057531699   3.706594711427926e-5
1117.68   78   -0.35293253739384284   5.865921380964702e-5
1132.5   79   -0.3529325546937901   2.7131372193559005e-5
1148.19   80   -0.3529325713664436   4.1659110658402616e-5
1161.99   81   -0.35293261351493777   5.4030758834774025e-5
1177.72   82   -0.3529327047143383   5.121518341071323e-5
1187.7   83   -0.35293273891720717   6.19374042598461e-5
1198.0   84   -0.3529327775611441   2.1291804644772544e-5
1212.41   85   -0.3529328245482886   4.141105308972119e-5
1228.75   86   -0.3529329081455894   0.00011328422406384833
1245.35   87   -0.3529329666862254   6.684092477245987e-5
1261.79   88   -0.3529329924373867   3.437051482629046e-5
1283.57   89   -0.3529330153541851   5.2483831698217605e-5
1305.04   90   -0.3529331153468852   7.347444102256403e-5
1316.84   91   -0.3529331693461867   3.271491063995399e-5
1333.42   92   -0.35293319772323856   2.3838539969596916e-5
1349.77   93   -0.3529332285319363   2.931220117041763e-5
1366.84   94   -0.3529332567513034   3.377433613886636e-5
1383.01   95   -0.35293330128551825   4.186393767584319e-5
1399.64   96   -0.35293339687694364   2.9846796443244223e-5
1415.78   97   -0.35293346698518013   5.2142685176767337e-5
1432.52   98   -0.35293353223216545   3.0212476671133508e-5
1450.88   99   -0.35293362962126856   4.509023839806096e-5
1462.99   100   -0.3529336450410415   0.00010845123695249853
0.0   0   -0.3529336450409615   0.00011544222851358502
46.83   1   -0.3529336572734434   4.121038755500928e-5
131.77   2   -0.3529336808103722   6.483041141954126e-5
196.64   3   -0.35293370014135467   4.50460395248749e-5
289.93   4   -0.35293372044437754   2.0883250259112752e-5
344.19   5   -0.35293374710647163   6.534071111678722e-5
375.81   6   -0.35293376979016067   2.0806435515388036e-5
451.11   7   -0.3529338140529833   2.861218493512974e-5
512.76   8   -0.3529338633474703   2.2604455295721093e-5
575.69   9   -0.35293389474539194   1.6457984506614285e-5
618.83   10   -0.3529339576593137   1.8721255221720395e-5
633.01   11   -0.35293398477652016   1.7166213690921682e-5
658.88   12   -0.35293403447637295   2.8641647111195835e-5
676.42   13   -0.3529340799483488   1.8573609667042494e-5
695.93   14   -0.3529341074529093   1.777558227679069e-5
714.51   15   -0.3529341274394835   2.1907160017360482e-5
740.29   16   -0.3529341753959252   4.398107161643319e-5
761.42   17   -0.35293418797221154   9.949236176121473e-6
787.66   18   -0.3529341943201214   1.747706115323813e-5
811.67   19   -0.35293424269420065   1.8517047665396514e-5
828.77   20   -0.35293425774536524   3.716062297058412e-5
850.67   21   -0.3529342990698704   1.1665575566404127e-5
860.44   22   -0.35293430034081347   3.155752578766951e-5
875.37   23   -0.35293430359974964   2.287215648805277e-5
893.09   24   -0.3529343240259507   5.3608398626694044e-5
903.9   25   -0.35293433681678055   1.0547762600241523e-5
919.89   26   -0.35293433780483524   7.926002846594234e-6
935.6   27   -0.35293434320139516   2.2621310950249828e-5
958.19   28   -0.3529343835669848   4.008670776858182e-5
973.9   29   -0.3529344249301442   2.5959370473641548e-5
983.5   30   -0.3529344344648707   1.5137635423301046e-5
999.93   31   -0.35293444626713943   2.1572329884729064e-5
1021.42   32   -0.3529344847681747   3.924307622163419e-5
1036.46   33   -0.35293452362806654   1.2251510990003998e-5
1051.01   34   -0.3529345341077492   1.9707523933360418e-5
1073.91   35   -0.3529345487888318   2.7864466892257454e-5
1089.47   36   -0.35293457328543454   2.1354518234940942e-5
1105.86   37   -0.3529346193665717   2.5719455581930463e-5
1117.44   38   -0.3529346394123829   3.1421445267085657e-5
1134.45   39   -0.35293466653588185   1.573965136891866e-5
1150.07   40   -0.35293468301612474   2.5519672845359402e-5
1159.69   41   -0.3529346856276193   2.03671075822509e-5
1175.05   42   -0.352934690266979   2.3367613696759184e-5
1190.54   43   -0.3529346960273898   3.459857176105884e-5
1205.88   44   -0.35293470349213196   1.4395354810859304e-5
1221.9   45   -0.35293471266889664   1.1598106022612142e-5
1238.16   46   -0.3529347211024229   2.55861468102484e-5
1253.82   47   -0.35293473017892774   1.872442260852721e-5
1270.2   48   -0.35293473811412945   1.986888543754947e-5
1286.5   49   -0.35293476634253096   1.5115307827543336e-5
1297.89   50   -0.3529347738577886   1.1023845370883377e-5
1315.08   51   -0.35293478606774603   1.7073896584763003e-5
1332.86   52   -0.3529348052610067   2.0961409103767157e-5
1350.0   53   -0.35293481544669697   1.5312382212055684e-5
1365.68   54   -0.3529348223781212   2.2493532973626912e-5
1380.36   55   -0.3529348365831628   1.925349182685716e-5
1397.1   56   -0.35293487741173624   3.204648510541345e-5
1414.65   57   -0.3529348923093728   3.0886245872145386e-5
1432.18   58   -0.35293489533566746   7.964718433074232e-6
1447.83   59   -0.35293489725610244   1.1851302374938912e-5
1470.09   60   -0.3529349101256965   2.8727661458581137e-5
1486.11   61   -0.3529349245033752   2.2880370794294077e-5
1507.25   62   -0.3529349485066181   2.5562171665477416e-5
1525.08   63   -0.35293496635762944   4.703145344380599e-5
1536.42   64   -0.3529349835563814   3.6875610893482496e-5
1547.45   65   -0.35293498950699104   2.5861561390214723e-5
1563.2   66   -0.35293499987312965   2.5746426461090593e-5
1581.01   67   -0.3529350091655277   1.4821364409790118e-5
1598.35   68   -0.3529350133899492   1.4663874033346048e-5
1615.18   69   -0.3529350352809801   3.33453628113044e-5
1633.31   70   -0.3529350572016047   3.007420325641259e-5
1643.94   71   -0.35293506678948866   2.070251003887817e-5
1660.2   72   -0.35293507509922784   1.88137167482361e-5
1675.86   73   -0.3529350885385172   2.3773518714001386e-5
1692.42   74   -0.35293510947114365   3.489607851116037e-5
1709.16   75   -0.3529351299986967   1.946267641502e-5
1724.99   76   -0.3529351524394453   2.541064771365567e-5
1741.03   77   -0.35293518700242776   2.991225063790058e-5
1758.59   78   -0.35293522089993634   6.190020708801166e-5
1775.25   79   -0.35293525398395936   3.1843384441433243e-5
1791.9   80   -0.3529352896080607   2.7040925444291026e-5
1802.77   81   -0.35293530855882893   1.7435440864384954e-5
1812.56   82   -0.35293531800159067   2.8527335367258398e-5
1827.05   83   -0.3529353520191303   6.943581478102916e-5
1842.06   84   -0.3529353788449828   2.2919075575142778e-5
1856.89   85   -0.3529353853499221   2.552566420517922e-5
1871.96   86   -0.3529353898818024   2.2276325553891477e-5
1886.2   87   -0.35293539872223906   2.0134268095790015e-5
1895.49   88   -0.3529354090993947   3.444492951572742e-5
1911.93   89   -0.3529354373117084   3.7063546177575695e-5
1927.35   90   -0.3529354761037382   5.277318379365425e-5
1942.84   91   -0.35293549439383287   2.3444042211816648e-5
1959.76   92   -0.3529355040763439   2.3677581723028984e-5
1970.13   93   -0.3529355076769357   2.029429093198514e-5
1992.47   94   -0.3529355183905798   2.075978594472522e-5
2010.07   95   -0.3529355356486746   4.535854813425019e-5
2028.39   96   -0.35293555097747237   2.0434738633784386e-5
2044.9   97   -0.35293555849265756   2.2689804686923278e-5
2061.12   98   -0.3529355693569554   1.519090123654522e-5
2076.68   99   -0.3529355928296692   2.4395242979835904e-5
2087.39   100   -0.3529356077855146   2.4378976777812665e-5
