0.0   0   -0.35036218681463505   0.007917635969421254
65.43   1   -0.3517160729751771   0.0019585751991401746
150.9   2   -0.3517564420877322   0.0014776135807680845
259.51   3   -0.35202760204641265   0.002958175034125822
344.63   4   -0.3523891565470852   0.0011614615353864194
430.56   5   -0.35244497909496203   0.000610691158386689
550.17   6   -0.35253057179565445   0.0013880601633545016
605.51   7   -0.35258586387894897   0.0006513226922675489
684.93   8   -0.3526024267379314   0.000756920561498221
789.43   9   -0.3526997457206711   0.0015268827962299212
899.97   10   -0.35273236079067727   0.0016873778680106554
986.77   11   -0.3527832747145399   0.0010855454797513843
1069.72   12   -0.3528362776961372   0.0005197619670266272
1157.21   13   -0.35284271967569225   0.0002620302728150785
1242.38   14   -0.352844648595229   0.00010587714911148128
1333.73   15   -0.352845174299316   9.993396730669822e-5
1454.99   16   -0.3528478088361463   0.00025140594104291624
1583.16   17   -0.35285957574641835   0.0003746927284332732
1681.63   18   -0.35287396875948435   0.0004846855097077073
1743.66   19   -0.3528916631020092   0.00023806188552819826
1804.92   20   -0.3528990806444787   0.00019155514913381976
1867.22   21   -0.35290275072941196   0.0001822436418645537
1959.45   22   -0.35290494485927637   0.00021171149758367742
2049.0   23   -0.35290958442954423   0.00021182588106620685
2104.74   24   -0.3529103699294867   0.000102502143735697
2190.0   25   -0.3529109515172198   0.00015892166503261285
2312.24   26   -0.3529166505092647   0.00024140977814597115
2419.07   27   -0.35292401996620926   0.00019768873334751323
2523.16   28   -0.35292849217337463   0.0001334912513919735
2622.93   29   -0.3529303467723773   0.00018627841581423768
2714.87   30   -0.3529341938026677   9.633053133911875e-5
2808.01   31   -0.3529382731469139   0.00016926464818345285
2903.78   32   -0.3529396973352243   8.483474559192226e-5
3009.37   33   -0.35294075849236584   0.00019271979207076666
3096.95   34   -0.3529430519163832   0.00013393179935936665
3151.95   35   -0.3529436668351804   0.00016505929557166155
3235.48   36   -0.3529440641676549   5.708723903519021e-5
3327.15   37   -0.35294434629237514   8.447993024765087e-5
3417.71   38   -0.3529456415858724   0.00012093668506433676
3513.21   39   -0.35294721038620896   8.321632645539825e-5
3620.71   40   -0.35294820089355156   3.6662306691054215e-5
3714.56   41   -0.3529488425189974   5.50719103755592e-5
3810.42   42   -0.3529495858188618   5.632899897866348e-5
3901.23   43   -0.3529499973277832   3.130578871467724e-5
3990.78   44   -0.3529502902099796   4.6640262009192175e-5
4048.89   45   -0.3529503984804551   0.00012016513202224044
4142.61   46   -0.3529512436332159   6.630536819761584e-5
4234.92   47   -0.35295165098466874   4.6722348956923e-5
4323.53   48   -0.35295183754491005   3.826803040742839e-5
4447.99   49   -0.35295247076260394   6.348937046396438e-5
4531.5   50   -0.352954056493732   9.126235131532864e-5
4589.85   51   -0.35295451142840234   5.694926902874405e-5
4673.4   52   -0.35295490533240165   5.6173991702078407e-5
4803.31   53   -0.352955690733019   8.724430628802937e-5
4911.09   54   -0.35295623358793715   5.073562816467725e-5
4973.09   55   -0.3529564310336275   6.332741197966602e-5
5074.52   56   -0.352956652936152   6.019185126519434e-5
5180.42   57   -0.35295686122562986   9.670919061254734e-5
5283.7   58   -0.3529576098955717   7.97337311626139e-5
5385.98   59   -0.3529580131095812   4.626644192664893e-5
5460.02   60   -0.3529581798867776   4.931007914569438e-5
5567.77   61   -0.3529587340080812   6.460248798807755e-5
5662.56   62   -0.35295950013643085   6.438333874733525e-5
5756.29   63   -0.3529598115812095   4.6570480659658156e-5
5846.45   64   -0.3529603002897553   5.7507445766260266e-5
5934.07   65   -0.35296089776605755   8.502169755520594e-5
6033.14   66   -0.3529613773858381   5.724748072272367e-5
6090.96   67   -0.35296186965821086   6.053319568359061e-5
6148.46   68   -0.3529621404678121   9.549646579159291e-5
6236.15   69   -0.3529624935851375   3.522504695688594e-5
6314.54   70   -0.352962635498713   2.3119442011822102e-5
6395.98   71   -0.35296284008225776   3.490772550956753e-5
6483.58   72   -0.35296312926387297   3.344121130365716e-5
6567.74   73   -0.35296337510782794   4.488624223455192e-5
6670.39   74   -0.35296358181884835   4.31294487315456e-5
6762.24   75   -0.35296394759345484   8.029676509692305e-5
6861.94   76   -0.35296446938238984   8.780036059603976e-5
6925.48   77   -0.3529647387701903   6.979779162610471e-5
6986.23   78   -0.35296490493176336   5.5704442039343626e-5
7085.96   79   -0.35296511858152924   2.5256355062196102e-5
7182.34   80   -0.3529653316599233   3.156236345060002e-5
7278.56   81   -0.3529654625029055   3.699522104211613e-5
7380.21   82   -0.35296571578994845   3.676039554774438e-5
7471.97   83   -0.35296585189443574   2.0605677349124906e-5
7556.1   84   -0.35296615147126525   5.521542025888417e-5
7644.74   85   -0.3529666055479167   3.0289959205272703e-5
7732.62   86   -0.3529667322069828   3.040639438990756e-5
7791.2   87   -0.35296678572661144   5.049394640664439e-5
7877.61   88   -0.35296699605414095   3.6711806159639276e-5
7964.08   89   -0.352967121171611   3.8590465634625395e-5
8066.33   90   -0.3529673355022619   4.717659726582228e-5
8126.28   91   -0.35296746904968423   2.7320184117683084e-5
8204.81   92   -0.35296751962162987   2.3600038452009756e-5
8308.11   93   -0.35296767860815603   3.303934025094571e-5
8358.42   94   -0.35296774410044945   2.558659805722604e-5
8443.97   95   -0.3529678047264054   2.3413809629528246e-5
8524.32   96   -0.35296790000354694   2.5307818168115306e-5
8609.96   97   -0.352967995261183   3.934430578454256e-5
8669.84   98   -0.35296804194848463   2.7615989640589813e-5
8760.34   99   -0.3529681105330215   5.3312528096121324e-5
8844.93   100   -0.3529681978977622   1.9765764080954162e-5
