0.0   0   -0.04218779117709072   0.040087888372623615
20.46   1   -0.05145081743225299   0.136857618167078
42.08   2   -0.12774346213572557   0.37043053253144415
222.44   3   -0.12774333505025143   0.28042824845485603
237.3   4   -0.14231205635818628   0.4062443489482483
267.99   5   -0.14584227388592244   0.35100463733168863
347.35   6   -0.1458421398539056   0.4149209235454758
454.88   7   -0.1458420580869353   0.22188644716928915
575.65   8   -0.14584202643423533   0.4379323129299857
663.98   9   -0.14584191870583738   0.29564522199437787
699.19   10   -0.14855438853528224   0.23481836041014767
785.28   11   -0.14855438686643313   0.35050412753748966
799.7   12   -0.14855438413082944   0.0964517174654916
831.44   13   -0.1487265766761854   0.300479877793127
903.7   14   -0.14873059554961782   0.08191180261147345
914.01   15   -0.17020751333995265   0.38591874062891157
924.13   16   -0.20336428066238219   0.38485608211395217
963.65   17   -0.20349660423055252   0.34723090021290254
993.8   18   -0.20351340152684244   0.0788633616259518
1010.32   19   -0.20929502509015882   0.337066558823339
1036.68   20   -0.26093988917158484   0.08460414792387537
1052.24   21   -0.2910002145624097   0.028112823770244898
1095.34   22   -0.29662117444451574   0.268546257604036
1211.29   23   -0.29662102531536133   0.06732536485763001
1257.04   24   -0.29839285822910927   0.025679315602933867
1267.52   25   -0.3079976783765652   0.40337933689873
1294.57   26   -0.3123685550287305   0.05123763933206895
1320.54   27   -0.31488758766411884   0.023838516639283346
1342.29   28   -0.33110660575332623   0.04920751754191556
1352.73   29   -0.34117336636616535   0.049914956996932325
1363.54   30   -0.3568891683274667   0.027559918243916404
1386.31   31   -0.3609903752674723   0.32202077543347446
1503.06   32   -0.36099019177783737   0.03276335836375378
1542.41   33   -0.3672634837635406   0.014841619951801046
1559.24   34   -0.37190576127434516   0.29742519110513155
1660.68   35   -0.3719053902567463   0.014425059072935715
1676.5   36   -0.3719081099085004   0.014545587978273567
1698.6   37   -0.37323247858327635   0.012637776553665932
1714.55   38   -0.37954360877690585   0.0211773038802967
1725.51   39   -0.3828133819410692   0.015480008371416911
1737.21   40   -0.3866688923017555   0.36343681877268025
1759.19   41   -0.38673689703063674   0.006546026005482499
1780.56   42   -0.3870693050341528   0.006487454267679453
1790.56   43   -0.3873798812524734   0.004055484021722146
1801.0   44   -0.3875695514777604   0.0031498147442159544
1822.66   45   -0.3876623751470593   0.0027407969550369924
1834.14   46   -0.387794840632266   0.002322475189288034
2043.29   47   -0.38787079811752756   0.29440585534937774
2205.82   48   -0.38787079811789216   0.3933761788298667
2220.0   49   -0.38788403583797604   0.005104501116048508
2230.38   50   -0.3880126716029546   0.2708296997316749
2287.57   51   -0.38801267204841466   0.0032424740850690963
2309.63   52   -0.3880256897981704   0.41912865107483416
2395.6   53   -0.3880253657222199   0.002499862562107535
2411.34   54   -0.3880325435790278   0.0024660928723934526
2423.49   55   -0.38807850144106293   0.0021829320969539894
2464.72   56   -0.38809767348235036   0.0028951483055148918
2493.87   57   -0.3882411711882185   0.0021029409289053417
2503.47   58   -0.3882756260291827   0.0011329363670108455
2518.46   59   -0.38832629915118355   0.001045784978109106
2534.17   60   -0.3883822197849704   0.0010319961197071306
2556.9   61   -0.38838595556824285   0.0009377430710785864
2571.79   62   -0.388414815488324   0.0007827485604927294
2635.57   63   -0.38841695063898835   0.0010152535993146602
2650.85   64   -0.38845603447845545   0.0012254731773739544
2739.04   65   -0.38849016798821623   0.0014787807500168096
2749.67   66   -0.38861142321640163   0.26346400497756256
2782.14   67   -0.3886113851591111   0.0006348514945141474
2792.14   68   -0.38861353386488817   0.0005208755821718346
2802.97   69   -0.3886139127575785   0.3994064915154572
2815.13   70   -0.38861441696670695   0.2522190318168812
2830.74   71   -0.38861615092225466   0.0005826074700454037
2958.77   72   -0.3886167666027772   0.25474451628932604
3024.04   73   -0.3886164029446307   0.4000144762671607
3039.31   74   -0.3886161765956839   0.0008316916914834097
3063.58   75   -0.38861617859047537   0.0008316718343933338
3084.76   76   -0.38863483421915634   0.0005911172159625492
3100.31   77   -0.38864111659604084   0.002688879939812588
3115.48   78   -0.3886537008304979   0.0005693229348386087
3150.48   79   -0.38866487366538266   0.0013368081279335224
3174.53   80   -0.38867888933587685   0.28863772215192546
3199.07   81   -0.38867888908879233   0.0005049422843020734
3208.77   82   -0.3886794671639623   0.0004168230388960154
3218.8   83   -0.38867949477295943   0.3534888234896325
3257.53   84   -0.3886806439754718   0.0007680170051597152
3272.09   85   -0.3886838664020578   0.00044401125417081397
3297.74   86   -0.3886905840304087   0.24919577401320694
3366.73   87   -0.38869053957442845   0.0006023707403902901
3391.99   88   -0.38869661469906036   0.4026222621197242
3411.74   89   -0.3886962556525812   0.0005003454452067084
3436.78   90   -0.3886971413651007   0.4051406511551235
3447.18   91   -0.3886971433990848   0.35783141951826053
3463.89   92   -0.3886968776472193   0.0005846690003949462
3473.31   93   -0.38869745445044623   0.00032463370285527486
3494.7   94   -0.38869897710940876   0.3543132567432124
3532.99   95   -0.38869978631427377   0.2604011814818221
3553.47   96   -0.3886996375375572   0.00047331188929977875
3568.03   97   -0.3886998053608832   0.00045161073444142133
3579.3   98   -0.38870422519948056   0.24769652802019965
3594.69   99   -0.3887041522733965   0.0005411559567494383
3610.13   100   -0.3887046680984668   0.000460665333083548
0.0   0   -0.38870466809879634   0.0014287824937923102
19.6   1   -0.3887053891198675   0.38371525209395785
39.11   2   -0.3887050821159206   0.001382766316290098
68.11   3   -0.38870796165977156   0.0010991603939233866
88.23   4   -0.38871338676421874   0.0014692976674468697
104.32   5   -0.38871792653198917   0.002331334355112069
114.9   6   -0.38871866924833653   0.26606921060164335
124.81   7   -0.3887210175158787   0.0035154099816411873
180.05   8   -0.3887223226426572   0.0008725478762497476
200.85   9   -0.38872408879901554   0.0010140766351140896
211.56   10   -0.38872859297988493   0.25967047905476176
235.6   11   -0.38872858299135693   0.005218491734939231
245.47   12   -0.38873221030749155   0.0016561231420683608
257.25   13   -0.3887328313978856   0.0022404817413315156
317.3   14   -0.3887393316287062   0.4132637540392609
327.97   15   -0.3887474131591207   0.0012443614717249029
347.79   16   -0.38874790361990663   0.0011824474669560265
364.61   17   -0.3887588529612366   0.0018959013031444917
496.82   18   -0.3887623823278261   0.3702782084901891
522.69   19   -0.3888017219865437   0.2543955949443563
562.74   20   -0.3888014844946724   0.0028485455924541422
601.49   21   -0.38881108518233254   0.0045358563059422615
617.03   22   -0.38891621361004136   0.004020901365012574
634.28   23   -0.3889841520715427   0.004925762465389847
654.86   24   -0.38902282556888806   0.0044388778415428536
665.46   25   -0.38912516523861945   0.2759387466136698
681.33   26   -0.38914224232825606   0.003995182366164353
691.94   27   -0.3891480636883233   0.004127420854333089
708.14   28   -0.3892254778754961   0.22605098015022618
727.31   29   -0.3892253892904483   0.005204580297216618
765.54   30   -0.38923663432293254   0.003777641600609222
775.08   31   -0.3892477182544829   0.0026675435629511055
784.61   32   -0.3892533777929207   0.002881752298909224
928.48   33   -0.38925500984129124   0.4127020360142536
1097.79   34   -0.38925500976619964   0.3087367727299865
1212.44   35   -0.3892550097433648   0.2768948592974805
1252.01   36   -0.38925500798033397   0.007137386527307279
1267.22   37   -0.38928287249771976   0.00642724726444207
1277.32   38   -0.3893056582985906   0.2600097070369852
1294.1   39   -0.38930705815573874   0.41049937915289125
1353.93   40   -0.38930685686055855   0.004870091315869772
1364.44   41   -0.38930882450807525   0.004179531552862795
1405.11   42   -0.389311120767981   0.0032686758241092817
1435.82   43   -0.3893202527138549   0.0041839614783198776
1445.83   44   -0.38932648587360985   0.3476472217121978
1472.69   45   -0.38932646419817607   0.0035233443158973294
1487.91   46   -0.3893341935662765   0.002578194563836099
1504.15   47   -0.3893428366330629   0.00394523799025557
1516.64   48   -0.3893541444354014   0.004652532342885455
1527.49   49   -0.38936084890318035   0.004308723549138294
1539.13   50   -0.38936560593299463   0.004295217605807341
1550.09   51   -0.3894228795476711   0.39926086660614163
1634.5   52   -0.38942250618311297   0.3790519226147191
1694.41   53   -0.38942249893299796   0.004626954757054368
1705.42   54   -0.389424585376816   0.0035376645190648265
1715.99   55   -0.38942857983405704   0.004695519163076845
1745.53   56   -0.38943035041456886   0.003231306937275126
1763.84   57   -0.3894362068580023   0.0028695630910003387
1794.53   58   -0.3894477949781082   0.0031211258525412535
1807.51   59   -0.3894478413827317   0.0029596279192475815
1818.2   60   -0.38945649177222524   0.0040630768436437864
1829.72   61   -0.3894626110549505   0.003299593344231673
1841.42   62   -0.38950251376548506   0.22828735690130464
1872.1   63   -0.3895024938368875   0.0025478283884977854
1904.49   64   -0.38950798444089924   0.0025178880344473736
1916.7   65   -0.38950803943294887   0.0026426280122796584
1929.55   66   -0.38951018138888616   0.0026811698435773917
1947.01   67   -0.3895658183039261   0.004075137490900704
1957.76   68   -0.3896073738817728   0.0038445008546054375
1974.77   69   -0.3897067760951268   0.003629346500432281
1987.12   70   -0.3897701692026986   0.3217815808518506
2005.39   71   -0.38977141438465024   0.003142871677217662
2022.17   72   -0.3897828178633462   0.002550177170675879
2033.86   73   -0.38978766780421736   0.003981406388691505
2046.57   74   -0.3898110321270828   0.002752542501391464
2058.06   75   -0.3898616964432922   0.003388709055824371
2075.57   76   -0.3899015942504399   0.002491150597157448
2091.95   77   -0.38992711029719596   0.0029659171852211242
2110.37   78   -0.3900197799213209   0.006109826181246401
2129.98   79   -0.3901461801671648   0.004563199574224215
2143.43   80   -0.3901957119972059   0.0039028917074008154
2162.42   81   -0.3902492880057958   0.00233854330821408
2182.72   82   -0.39026738588682985   0.0020966350699936453
2201.37   83   -0.3902734089829165   0.002103327975585411
2219.53   84   -0.39029993156430265   0.002407423359957308
2238.08   85   -0.3903160715076168   0.002042524498764615
2256.51   86   -0.3903278217593161   0.001614706266483244
2267.7   87   -0.39033973881081224   0.001168130354550027
2285.53   88   -0.3903471277413886   0.0016866067284353001
2304.39   89   -0.39035340837519916   0.0009667134622068487
2322.58   90   -0.39035973285772163   0.0007675907264152746
2339.84   91   -0.39036807962034414   0.0009128663438441632
2357.25   92   -0.390372385020219   0.0010620552415586074
2376.36   93   -0.390375768615756   0.000592669451289404
2393.99   94   -0.3903795151112691   0.001144079881729742
2411.34   95   -0.3903846574416517   0.0007772602407802914
2429.38   96   -0.3903898218550275   0.00055600748147636
2446.78   97   -0.39039252179828476   0.0010216066140479301
2482.81   98   -0.390395006430485   0.3166310506121697
2495.97   99   -0.3903957303489528   0.0007431440337624778
2507.5   100   -0.39039585660477305   0.0006302000784419596
0.0   0   -0.3903958561342463   0.0007059679771280579
17.28   1   -0.3903976125197529   0.0008997397593238396
38.5   2   -0.3903994919985644   0.0008306713951040442
56.49   3   -0.3904010396010451   0.0006184204308335944
81.83   4   -0.39040205034724595   0.33034618995630366
189.41   5   -0.39040167890169225   0.33167651252189223
291.97   6   -0.3904016627217166   0.29186749871274914
362.25   7   -0.3904016634653497   0.0016032699997111416
610.85   8   -0.3904014428765634   0.33642287895945944
731.35   9   -0.3904011075251692   0.3742801576900494
743.73   10   -0.3904012060356708   0.2923484216741442
756.06   11   -0.3904011703652544   0.4071792959997676
780.55   12   -0.3904009816312891   0.002272030028896869
804.04   13   -0.3904013147767968   0.3325981337337185
946.98   14   -0.39040097790998446   0.2912647550418197
989.05   15   -0.3904007921130112   0.4176512838793948
1052.79   16   -0.39040071146757843   0.2942759835991957
1065.93   17   -0.3904004243431712   0.34569457530372927
1077.85   18   -0.3904004075172396   0.44414512241894444
1103.5   19   -0.390400359638585   0.29645825926916153
1154.7   20   -0.39040030029729944   0.3243438572833207
1233.34   21   -0.39040026919266724   0.002386410027010583
1355.67   22   -0.3904000962832683   0.3141292171263723
1532.69   23   -0.3903997076552178   0.41360917626844707
1544.76   24   -0.39039951784158494   0.38491583519522954
1603.93   25   -0.3903991582405484   0.282436603212331
1620.3   26   -0.39039912307551977   0.28417529547373604
1636.79   27   -0.39039885868821017   0.00213246156561648
1750.04   28   -0.39040016048286236   0.002609540520008206
1767.45   29   -0.39040533290542795   0.0005679696883716815
1792.27   30   -0.39040574952736773   0.34308512396685864
1829.47   31   -0.3904058887370601   0.32391801466882697
1874.69   32   -0.39040560582928546   0.3522446218366307
1910.58   33   -0.3904055018173864   0.000495421118231605
1945.39   34   -0.3904055180212214   0.292929541709026
2064.85   35   -0.3904052481287845   0.31866474755321167
2155.88   36   -0.3904051327300899   0.3988848085448965
2276.33   37   -0.39040498821887787   0.33793537935307294
2286.86   38   -0.39040502283057943   0.33843099989268866
2301.7   39   -0.39040505637997686   0.37645782014334206
2358.18   40   -0.3904049021420432   0.30813372249003806
2367.88   41   -0.39040491778406516   0.29185939087292534
2390.14   42   -0.3904048317871717   0.3121181215886187
2406.53   43   -0.3904047645391934   0.34236589123530475
2455.04   44   -0.39040468118552557   0.3174545620692043
2465.04   45   -0.3904046894993096   0.3376975797167141
2474.91   46   -0.39040468033852294   0.24030965279226227
2491.95   47   -0.3904046689715332   0.3467779831759093
2503.36   48   -0.3904046671462903   0.2911801422973052
2525.81   49   -0.3904046158005017   0.3321931307780111
2536.34   50   -0.39040456116090555   0.3353625804926191
2554.91   51   -0.39040449761463697   0.2642278841256567
2577.65   52   -0.3904043276579963   0.37087902884786395
2588.3   53   -0.3904043653778108   0.3390360933564293
2711.99   54   -0.3904042376780584   0.2792693901408069
2728.32   55   -0.39040415677478346   0.33471510157348267
2744.86   56   -0.39040383365473225   0.002107439864779372
2772.35   57   -0.3904038483538138   0.43600900437012546
2782.22   58   -0.3904038439007212   0.002101509128685698
2817.15   59   -0.39040592122311196   0.31526068626607257
2839.19   60   -0.39040596541417083   0.0009597443715841179
2871.49   61   -0.3904059661062926   0.3156191913987281
2891.61   62   -0.3904059689030583   0.28163863106199777
2949.23   63   -0.39040562250956734   0.3726738096513832
2995.78   64   -0.39040559525516216   0.2981672974807534
3012.75   65   -0.3904055947055455   0.001554143309206589
3047.38   66   -0.390406303720553   0.22585876385303516
3068.44   67   -0.3904062597026441   0.3172482471736354
3079.76   68   -0.39040623488083515   0.3124296673214634
3102.55   69   -0.3904063336287421   0.36046209931362777
3120.09   70   -0.3904065233443471   0.00037565910505799716
3157.17   71   -0.390406510147309   0.2798843507888054
3271.6   72   -0.3904064220611384   0.32563751232853966
3283.29   73   -0.39040619155241985   0.30119890194665117
3314.68   74   -0.39040601846178835   0.0008411962780715625
3336.51   75   -0.39040602487101617   0.34611406521376104
3357.47   76   -0.3904060218112228   0.39385613753693643
3419.18   77   -0.3904057093938089   0.2814763610060475
3454.23   78   -0.39040570669600905   0.3904093675508259
3513.66   79   -0.3904055565929044   0.2673093872080885
3572.84   80   -0.39040552863763006   0.2916688286442088
3594.46   81   -0.39040527654544427   0.368975836844199
3605.28   82   -0.3904053473256333   0.3902877528473492
3717.92   83   -0.3904051331748674   0.3226131256612755
3764.26   84   -0.39040474818243165   0.332446225747591
3856.42   85   -0.3904043600945681   0.37306572523209935
3909.52   86   -0.39040398786512476   0.38701622906813715
3931.57   87   -0.3904041627558055   0.4109515971608534
3991.09   88   -0.39040587031401086   0.0009509581938105512
4007.48   89   -0.39040591364979826   0.3447740552644404
4017.3   90   -0.3904058805072837   0.35929517707791386
4027.05   91   -0.39040593443320437   0.38954631491851976
4139.43   92   -0.39040584293856495   0.3641294939705198
4150.45   93   -0.3904058226267734   0.3193980314988547
4171.23   94   -0.39040569467635133   0.0009029556742593919
4181.25   95   -0.39040569471318676   0.3451072103824794
4311.03   96   -0.39040541696116315   0.33531961947026107
4437.88   97   -0.3904052761140929   0.394148665774148
4458.42   98   -0.3904052196218735   0.40708153049767604
4482.15   99   -0.390405205185138   0.3832924817511758
4497.65   100   -0.39040498444935273   0.2913894901615211
