0.0   0   -0.048546096849496116   0.010544863136353798
55.38   1   -0.0535432017235564   0.017343354672971576
0.0   0   -0.053543201723780146   0.0174067930074975
347.73   1   -0.06490893334313061   0.046823663633116006
842.74   2   -0.18579107922246374   0.07530022255282671
1972.83   3   -0.19157152181069614   0.043444339661408524
2444.94   4   -0.26399484443746857   0.04804846641063433
2892.08   5   -0.28532000282686465   0.05671932305873559
3183.25   6   -0.3238359152151814   0.028586347697644954
3641.89   7   -0.33605934661500103   0.033958734331750715
4037.75   8   -0.3471395372383482   0.04118869781508671
4408.95   9   -0.3691966044954047   0.028703362613492166
4684.82   10   -0.38139567594693763   0.010868156290734484
5142.38   11   -0.3851737427480186   0.011988975770494873
5571.03   12   -0.3866980663791414   0.005980370148810536
5941.54   13   -0.3875023258573625   0.003377399400677764
6300.68   14   -0.3878776835705654   0.0034154533210281153
6669.99   15   -0.3882046851383001   0.002466728016864958
7076.69   16   -0.3883160572672227   0.0012421781471658928
7518.69   17   -0.38838762255734216   0.0015528308223967872
7912.94   18   -0.38852066832478405   0.0014926298496405232
8302.39   19   -0.3886272359842375   0.0014169085939671863
8750.56   20   -0.3887682492184648   0.0015234420053854164
9196.42   21   -0.38886764808000607   0.0009465092872794421
9634.89   22   -0.38894666661955   0.0015546520033441992
10122.4   23   -0.38910553644906043   0.0015060547337173256
10525.3   24   -0.3893735139205229   0.0032691951121092432
10963.1   25   -0.38980075863752595   0.004388605078895525
11271.92   26   -0.3901902432893019   0.0036734213209002817
11589.9   27   -0.3904958115443602   0.0031265057466280492
11881.74   28   -0.3906242569376194   0.0022548664807955474
12353.74   29   -0.3910289038281385   0.001838013297267822
12843.3   30   -0.39128263809381736   0.002073655174326867
13324.84   31   -0.391548119139875   0.0015636151895337817
13804.7   32   -0.3917006244749538   0.001308992379553147
14249.96   33   -0.39179701754102536   0.0015723582357998933
14714.35   34   -0.39192718564330137   0.0014067228396546496
15177.49   35   -0.39201735243313635   0.0013691528218583453
15634.25   36   -0.3920663659755066   0.0012861515022720871
16084.62   37   -0.3921425110053506   0.0010244745682239577
16543.33   38   -0.39222932130948485   0.0012218934739541762
16958.28   39   -0.39230921978619815   0.001463408375117807
17386.86   40   -0.39239162821137447   0.0013409462257808705
17856.58   41   -0.39246393728837564   0.0009662892136572006
18304.98   42   -0.39252052471967774   0.001216096570354088
18703.75   43   -0.39259366480213403   0.0011780968569026365
19098.52   44   -0.39269642363610974   0.0010085267157961524
19517.37   45   -0.39279169471340986   0.0009199731717992661
19991.56   46   -0.39287568064419714   0.001101859488171179
20460.75   47   -0.3929495414896571   0.0010357697662795819
20911.04   48   -0.393004521207804   0.001071665451260393
21387.99   49   -0.39307942210802704   0.0008770610262504461
21813.35   50   -0.39311252200675345   0.000835049833630291
22267.86   51   -0.39315513770832633   0.0006903775038151307
22835.82   52   -0.39319581047736685   0.0007922489341700066
23307.57   53   -0.3932328677262742   0.000806834519714312
23792.28   54   -0.39326501525680885   0.0006814970124383201
24242.49   55   -0.39329286329152946   0.0005568636593062285
24636.78   56   -0.3933109780659566   0.0005101897798655842
25068.21   57   -0.39333120995808524   0.0005716533406558096
25680.34   58   -0.3933426857207424   0.0005541712577563632
26191.27   59   -0.39335695653597524   0.0004610808638692889
26714.73   60   -0.3933745869676941   0.0005359983183157788
27191.02   61   -0.3933880537257947   0.0007019762534539302
27676.11   62   -0.39340000951221954   0.0004322803795508505
28139.49   63   -0.3934137690772431   0.0003979407283221663
28566.33   64   -0.3934306057799638   0.0005919070858601418
29019.2   65   -0.393446534176752   0.0003992884896679613
29475.51   66   -0.3934671915632805   0.0008195126958212678
29862.82   67   -0.3934879229982462   0.0004051518216269919
30259.78   68   -0.3935057627826001   0.00047554246016336626
30675.45   69   -0.39352512284541774   0.00041379212619305504
31075.02   70   -0.3935426468239292   0.0003635701871663688
31510.35   71   -0.393561570200918   0.0005645739615857655
31891.42   72   -0.3935777311347579   0.00047531296663618687
32231.59   73   -0.3935927455226399   0.0005511440312787607
32549.08   74   -0.39361337328626383   0.00036473861193520745
32826.0   75   -0.39363023741408265   0.0003756138614233323
33098.21   76   -0.3936440174289861   0.0005831388854829555
33385.61   77   -0.3936585502987955   0.0003301078526608329
33671.67   78   -0.3936687089628235   0.0005196755205109817
33959.09   79   -0.39367667470730344   0.000553238147612595
34183.17   80   -0.3936880568222757   0.00041531054899001936
34369.39   81   -0.39369962456754853   0.0004685820740832762
34563.0   82   -0.39370610888211044   0.0005755459601437096
34769.17   83   -0.39371634453922877   0.0002865506874719896
34900.24   84   -0.393719913395201   0.0003269891574646944
35097.44   85   -0.39372645848510396   0.0003517963700714608
35226.27   86   -0.3937334815372988   0.0004021686271767678
35356.43   87   -0.39374090350475927   0.000280480331811782
35551.72   88   -0.3937491777120905   0.0003875762389020878
35735.02   89   -0.39375646497190686   0.0003414744757585643
35912.75   90   -0.3937618876773793   0.00037951916190383716
36086.01   91   -0.3937694368301549   0.0003727072823591764
36267.05   92   -0.39377704606662545   0.00024611483400402103
36452.63   93   -0.393783462701014   0.00025939250461588933
36645.66   94   -0.39379037458950683   0.00029567196079673027
36909.54   95   -0.3937958745780701   0.0002634073268570901
37187.42   96   -0.3938016850158037   0.0002446966017176909
37433.56   97   -0.39380640133408457   0.00022307560587827159
37671.11   98   -0.39381080475307906   0.000266469279937096
37916.38   99   -0.3938151551165425   0.00023190505147838172
38152.65   100   -0.3938202171406062   0.0003067198443840712
