0.0   0   -0.35007570421097645   0.01428236940339969
61.08   1   -0.35169181777437464   0.04172580233767975
147.06   2   -0.3552350235594553   0.025475785334297014
202.28   3   -0.3573171638388569   0.028311607071332862
289.66   4   -0.36478540804261433   0.07986705763246144
395.91   5   -0.38256741867026245   0.11327568815969247
478.12   6   -0.40700759269601894   0.04475709095109908
558.3   7   -0.4273308605509107   0.08082717144761734
632.92   8   -0.44190357840322403   0.03285016877306365
701.95   9   -0.4484722845137687   0.011675787031836627
770.25   10   -0.4497694774184937   0.00665981767191128
831.74   11   -0.4510922890182483   0.015658257299152246
895.3   12   -0.4524519349519161   0.008707649262872538
964.77   13   -0.45311357919752704   0.007984345355713443
1027.89   14   -0.4540249603961522   0.005102612691845776
1092.83   15   -0.4543508951317744   0.004016756033749852
1158.57   16   -0.45481763857904156   0.006122705891436968
1223.86   17   -0.45535518924360574   0.004398154184202241
1290.35   18   -0.4558719758830665   0.005474060244701705
1356.43   19   -0.45680755813463975   0.0061533963767703105
1422.79   20   -0.45757449807982353   0.00511634626160154
1489.85   21   -0.45840959794976066   0.00639079387860236
1556.62   22   -0.4590633253430485   0.004186948359328001
1600.28   23   -0.45948454232300145   0.004276821280278975
1666.14   24   -0.4598225073853417   0.0037485453301690755
1732.36   25   -0.46023487806742863   0.0029192184054532386
1800.81   26   -0.4604001580942058   0.0018326171623216224
1862.67   27   -0.46052517101133905   0.001972114132445874
1924.7   28   -0.4606728812117028   0.000994322632142693
1988.66   29   -0.4607938181985419   0.0022288006080237706
2031.23   30   -0.46088194469340704   0.1374434459579768
2147.33   31   -0.4608819537921229   0.002597035975926892
2211.84   32   -0.460921794234074   0.0013244570566587654
2256.36   33   -0.4609377552336435   0.0016121989812910079
2317.8   34   -0.46108966886333747   0.0018865624489615696
2380.57   35   -0.4611879895104375   0.0013410940203026941
2437.85   36   -0.46125552032500944   0.0013334981750670902
2497.84   37   -0.46129574190472833   0.0011696974385199733
2559.07   38   -0.4613339692675898   0.0011433166170375475
2620.04   39   -0.4613825865956922   0.0017476834571050692
2682.79   40   -0.46142598624969816   0.0009921737851396404
2743.33   41   -0.4614674129539515   0.000847948265124456
2805.71   42   -0.46150507724546425   0.0008781097900046607
2868.0   43   -0.4615315897365636   0.0008718159863000459
2931.48   44   -0.4615707742288224   0.0009944672573069053
2980.64   45   -0.4615991181308867   0.0011101941756984392
3055.88   46   -0.4616274020334577   0.0008738825323619118
3121.86   47   -0.4616617354715459   0.000745125904255505
3192.77   48   -0.4617132919552732   0.0008864843141025583
3233.27   49   -0.4617441566411552   0.0007046035258803179
3297.76   50   -0.46175842215247187   0.0006585156293299353
3356.74   51   -0.4617843283819806   0.0007514424826676914
3416.0   52   -0.46181694276247026   0.00041176714658216286
3477.07   53   -0.46184437762389047   0.0006008778500928399
3536.63   54   -0.4618783820414072   0.0007837635738531289
3595.33   55   -0.4618941318092381   0.0008628629867360944
3656.07   56   -0.4619155229528696   0.0006539984746939165
3715.92   57   -0.4619340754039468   0.0006994434135178724
3775.44   58   -0.4619517434316115   0.0008342228209083213
3832.87   59   -0.46196525548646494   0.0005515071555802807
3905.02   60   -0.4619740344828871   0.000431605715561527
3966.0   61   -0.46198994717655306   0.0006647942157586353
4005.72   62   -0.462003945019281   0.1505297106235464
4226.04   63   -0.4620038905564282   0.0009119183807043195
4263.06   64   -0.46200425564810815   0.0007545329973244992
4303.05   65   -0.4620116776523021   0.0003174561697905005
4363.56   66   -0.4620205279089387   0.0005901630537880254
4423.78   67   -0.4620273616846316   0.0003846693936581656
4482.88   68   -0.4620355972221074   0.0004144559511823836
4541.05   69   -0.462045452329777   0.00043249327543186145
4603.95   70   -0.4620527785539368   0.0005066099130932502
4663.41   71   -0.4620637002639999   0.0005358507224230368
4702.24   72   -0.46206982643236016   0.19876127455325823
4802.84   73   -0.46206982764858745   0.000491242164168668
4863.09   74   -0.46207009217698547   0.0004243757005482803
4917.69   75   -0.4620771849425438   0.0005046343620081255
4953.78   76   -0.4620809327507333   0.0004081446039622452
5009.99   77   -0.46208754301315014   0.000708760876307606
5065.19   78   -0.46209383839351936   0.00046186759077002267
5122.62   79   -0.462101952496489   0.00046976457011055296
5179.31   80   -0.46210848096893575   0.0006189309519888434
5237.47   81   -0.46211223344135155   0.00032710188874283643
5293.18   82   -0.46211917357941734   0.189445957398918
5478.27   83   -0.4621190126034784   0.00047787916411770587
5513.0   84   -0.4621192938446474   0.0004017790668140146
5569.72   85   -0.46212767450981235   0.0005443234927014946
5607.57   86   -0.462132222798481   0.00032951177451544803
5664.5   87   -0.4621389049722239   0.00040313145298386855
5723.46   88   -0.4621444820250592   0.0005385309299026356
5778.63   89   -0.46214976658003537   0.0005034923941158938
5832.86   90   -0.4621566085115816   0.0004165230902197174
5889.72   91   -0.46216355159890193   0.0004649111809589134
5945.38   92   -0.46216931668037353   0.0003505925439157405
5983.76   93   -0.46217018821347977   0.00028306168177702587
6041.11   94   -0.4621795256724577   0.0002454579210367486
6101.11   95   -0.4621881069773852   0.0005512345254930055
6140.7   96   -0.46219344688359865   0.00023883483472511466
6197.73   97   -0.4621983318323246   0.00034081683933840723
6257.33   98   -0.4622036013812748   0.0004320382602926075
6319.6   99   -0.4622083682237562   0.0004445771760156501
6379.59   100   -0.462214374189599   0.0005027975358179679
0.0   0   -0.4622143768607568   0.17142813351791547
453.35   1   -0.4622142695619438   0.21897262070957316
712.56   2   -0.4622138410247048   0.247032024967545
782.83   3   -0.46221384102964946   0.1677212300916954
