0.0   0   0.3101334994827483   0.0915499594275381
42.37   1   0.27421353321439584   0.30060860992845395
170.0   2   0.2742137180396794   0.048048840990770246
179.71   3   0.2717387178256592   0.2764066282304418
215.02   4   0.2666007246811758   0.015683634801590334
224.37   5   0.2605145377905014   0.2638470293942991
266.33   6   -0.03387594965638378   0.30569873542077475
281.63   7   -0.25119194448380877   0.3118692902679668
291.4   8   -0.2618777264702702   0.34908917977192655
416.63   9   -0.2618776033780741   0.25063699123979644
446.91   10   -0.26423079936895155   0.0922595745954727
460.59   11   -0.27079178185338754   0.08376171998072254
470.6   12   -0.3002091369072233   0.3273566881156167
490.16   13   -0.3036357483504213   0.04377621680780517
500.27   14   -0.3050464720309032   0.22447981068434653
548.46   15   -0.3052963113482992   0.061323780924697216
557.8   16   -0.30697117198305807   0.04750597266780454
571.65   17   -0.32171461382686717   0.10440772513513273
581.09   18   -0.3440457349133008   0.09611233393698616
591.93   19   -0.39440941787900297   0.0468516618131691
606.92   20   -0.4096818502383919   0.03970694200992258
619.95   21   -0.4228389549589083   0.039624064891291624
633.35   22   -0.432902268301415   0.015747752168322148
646.71   23   -0.43781645219112353   0.014314697106463168
660.24   24   -0.44256904066721825   0.007760946810455428
673.49   25   -0.44421835595517967   0.008211110164769811
686.29   26   -0.4463996212741068   0.003549375021972041
701.24   27   -0.44731475128676107   0.003884051163753896
714.69   28   -0.4478226748300037   0.0029978764236032337
727.26   29   -0.4481808972143089   0.0017950650665211054
741.24   30   -0.448956211530939   0.0020714368822726784
755.21   31   -0.4494305345441377   0.003139919415309325
768.87   32   -0.45006846501372694   0.001812333700605967
804.31   33   -0.450922419973435   0.3267509886449102
823.69   34   -0.45098329614530486   0.33740421183194275
926.89   35   -0.45099509567290436   0.37235286064790457
941.12   36   -0.4510021870410054   0.0043791015078762565
950.88   37   -0.451066551658012   0.003932761524625942
961.44   38   -0.45144642523548045   0.3243978564796357
1050.75   39   -0.4514460740881403   0.0025121572601603252
1065.16   40   -0.4514819542491778   0.0038155011338168367
1084.92   41   -0.45171506784997284   0.2545874359916673
1117.79   42   -0.45171525107427346   0.003736842394993974
1127.24   43   -0.4518709747159335   0.0019406613441912079
1146.42   44   -0.45205701644163765   0.0018312990958185373
1181.92   45   -0.45222542939253774   0.003988582855182165
1192.04   46   -0.45252424803468627   0.3767470694962547
1246.13   47   -0.4525240636744981   0.0025483765620985107
1260.85   48   -0.45253976877678376   0.29171405354453805
1330.62   49   -0.4525393493790538   0.004423570343631976
1351.22   50   -0.45262104773263384   0.003268444523700372
1396.59   51   -0.452709394459678   0.006338197232374926
1406.72   52   -0.45272324757067145   0.3257594725485458
1421.55   53   -0.4528121356198453   0.2512271642642004
1439.88   54   -0.45281280393677154   0.005344296065605202
1455.56   55   -0.45283139774479014   0.3473906419780618
1475.45   56   -0.4529393576271301   0.326819569111915
1519.36   57   -0.4529389122135159   0.0029088893903735503
1552.73   58   -0.4529675599901663   0.00350622955794065
1562.56   59   -0.45304833744960205   0.003060945034945137
1586.75   60   -0.45314588803579836   0.004921180646199493
1597.4   61   -0.45327270436026973   0.3241316923474846
1607.67   62   -0.4535792077522654   0.3335325281905589
1714.08   63   -0.45357894872330295   0.0023265422784350923
1723.6   64   -0.45362517767318955   0.0014622285728349519
1733.41   65   -0.4537247648052586   0.0010230043482321077
1754.23   66   -0.45397314104058284   0.3435976735974342
1769.7   67   -0.453994761910295   0.3576713468145629
1790.0   68   -0.4539974625085741   0.3194880813800484
1799.48   69   -0.4540161834425831   0.0024100320402021657
1810.66   70   -0.4540496657873613   0.31835186690230166
1873.29   71   -0.4540591191157777   0.002575968322426229
1883.23   72   -0.45405987688144694   0.3138936414968175
1897.96   73   -0.454087148041495   0.003131097544215722
1907.69   74   -0.4541247442578653   0.2873184187479116
1937.42   75   -0.45412439563819135   0.0009517973282637744
2150.28   76   -0.454124673370549   0.0010653400342476819
2164.21   77   -0.454190334655026   0.0010951877053645216
2190.02   78   -0.4542598738072519   0.0016969281546164482
2216.96   79   -0.45440211863972246   0.3228283412375282
2306.14   80   -0.4544016748584046   0.3326658163027908
2389.92   81   -0.45440143780475106   0.23427921094933185
2465.68   82   -0.4544014378050871   0.3451373473109389
0.0   0   -0.4544014378052882   0.3158455785262676
104.17   1   -0.4544010402662272   0.28170367679323355
143.12   2   -0.4544006185053995   0.28740655869485143
167.18   3   -0.4544004704970354   0.01265054025152139
179.65   4   -0.4544005869356661   0.36813670474220006
213.5   5   -0.4544627183509594   0.31682347860800775
262.23   6   -0.45446235346897235   0.3068378492748826
315.48   7   -0.45446208518579656   0.007124362587504548
348.49   8   -0.45446724065483335   0.3164765326927936
432.13   9   -0.45446705713621377   0.006987844697962087
441.05   10   -0.45446705742453486   0.3089728531451776
449.04   11   -0.4544670648588181   0.2688819745454038
460.37   12   -0.45446952774527966   0.006608628179001568
477.84   13   -0.45449324674276304   0.33511455881227
518.14   14   -0.45449284454783634   0.27992513929061225
562.85   15   -0.45449586468698067   0.013592844041613223
582.82   16   -0.4545030091916035   0.2590093888668798
606.97   17   -0.45450274275848257   0.01041027174341103
630.11   18   -0.45450388839156014   0.009728593647892761
638.83   19   -0.45451167288115313   0.3037605989290365
647.07   20   -0.45453031813054534   0.30009493544589305
684.12   21   -0.4545300464966995   0.006961327933575542
700.09   22   -0.4545307397602364   0.006088704799262993
712.64   23   -0.4545707873244098   0.2853237783965602
744.74   24   -0.4545705496367163   0.004182778588644095
760.66   25   -0.4545721430751153   0.38663488640551613
768.69   26   -0.4545717552805704   0.0037767331879759213
854.78   27   -0.45457251979763064   0.2551266819508164
976.14   28   -0.45457250813534117   0.34375941301667606
1009.72   29   -0.4545733861326825   0.31154396597266465
1023.21   30   -0.4545735080615079   0.005661037454893355
1032.18   31   -0.45457362568804416   0.29926358080990556
1040.58   32   -0.4545742104586595   0.005598792678404066
1049.41   33   -0.45457532350533303   0.3259187572763434
1058.09   34   -0.4545753397658728   0.005485422907063761
1075.92   35   -0.45457574839362114   0.28688924916366926
1088.89   36   -0.45457547886496263   0.33958940455789605
1097.66   37   -0.454575506550279   0.3866280030874435
1128.54   38   -0.45457593526661827   0.2514918510944189
1136.6   39   -0.4545756474536094   0.32461826676098016
1175.54   40   -0.45457542571456   0.005472614092961572
1271.93   41   -0.45457606697977454   0.27068866754648996
1404.47   42   -0.45457605049669225   0.004324007136759242
1436.32   43   -0.45457648792330757   0.2865344597922177
1464.32   44   -0.45457627652135557   0.004363618593307605
1484.59   45   -0.4545764456159266   0.29869231863803863
1503.14   46   -0.45457638808890577   0.38401781750291464
1512.29   47   -0.45457635558692955   0.004378370937181556
1545.7   48   -0.45457731560983405   0.273239243291013
1615.21   49   -0.45457722664003086   0.00411931101620217
1644.91   50   -0.4546018239816324   0.2974391358828467
1679.35   51   -0.4546017546228276   0.004749793013529448
1702.11   52   -0.45460181589667026   0.004218490898664567
1720.34   53   -0.45462513369032553   0.005109836277320348
1730.17   54   -0.45462694033077516   0.28078021013656085
1750.06   55   -0.4546315011609804   0.31478430376532107
1792.24   56   -0.4546310851212879   0.007413653684208899
1805.77   57   -0.4546359548715708   0.003649817177695645
1825.83   58   -0.4547673186054803   0.30720926915531654
1880.4   59   -0.4547672156281813   0.297105682877708
1935.5   60   -0.45476704929265915   0.3406003677243922
2012.75   61   -0.45476662242962956   0.31390969704354416
2021.79   62   -0.45476656863999376   0.006907777402583886
2041.32   63   -0.45476785190859026   0.24017374959781593
2051.54   64   -0.45476760781540626   0.3091442378917217
2076.26   65   -0.4547672068473492   0.27459451574445526
2100.15   66   -0.45476685937117267   0.007410422045322142
2109.04   67   -0.45476707835984387   0.007427903851789739
2230.46   68   -0.4547671423999474   0.3137301897405475
2305.67   69   -0.45476680477006276   0.2973862189920976
2323.63   70   -0.45476728628198554   0.2248809194150872
2364.69   71   -0.4547669050966225   0.3645734893422369
2411.04   72   -0.4547665904999038   0.3618145127172022
2434.91   73   -0.4547666058729303   0.31112557956144254
2465.05   74   -0.4547665570396259   0.3195274350921946
2479.21   75   -0.4547668013996272   0.29332409072721183
2489.49   76   -0.4547666325809202   0.24732689185734585
2530.68   77   -0.4547662145976586   0.32420948263190863
2544.93   78   -0.4547661929885334   0.009390269235640198
2560.93   79   -0.45476621401921147   0.3891074621713104
2574.65   80   -0.4547661377619709   0.009409702418655956
2589.13   81   -0.45476621008556917   0.3842277220418957
2598.39   82   -0.4547683366271195   0.009241175913129403
2619.32   83   -0.4548014504434086   0.3225920743030214
2629.74   84   -0.4548265958956419   0.324771803638768
2669.68   85   -0.45482633297175656   0.00703508910227854
2799.22   86   -0.45482716604483975   0.3237935741314593
2829.3   87   -0.45482714437055694   0.3369084745868802
2886.12   88   -0.454827144371441   0.004094322030393447
2921.57   89   -0.4548288831592941   0.3170564288404402
2967.72   90   -0.454828883157264   0.005831833702423221
2983.07   91   -0.45482894810407665   0.2784858178685105
3002.5   92   -0.45482894568843457   0.3093860800742465
3012.0   93   -0.45482890810053   0.005810754727566569
3022.61   94   -0.4548289100031573   0.32405802888120333
3041.97   95   -0.45482901115403535   0.005721125940026271
3051.76   96   -0.4548290637001845   0.005663286642896641
3061.86   97   -0.4548355051241715   0.28181256112716985
3133.41   98   -0.4548372738347764   0.0036679060756772755
3158.93   99   -0.4548375976052166   0.0036360705248227555
3168.99   100   -0.4548477814911105   0.33068188453810654
0.0   0   -0.4548477814911012   0.32461883033896294
394.27   1   -0.45484738887979326   0.2775189979331067
539.3   2   -0.454847239185285   0.3128529344630548
754.11   3   -0.4548468757538792   0.2873892871739674
895.13   4   -0.4548466351210245   0.3366798680288865
945.1   5   -0.4548467000928401   0.0032424875944507712
1327.31   6   -0.45484808503783825   0.3821027161717619
1440.82   7   -0.4548490098700159   0.006482071137181922
2309.0   8   -0.4548486233150546   0.30203290928718024
2877.19   9   -0.45484840999102866   0.3112674168627919
2932.27   10   -0.45484832931048463   0.2964512855095978
3106.33   11   -0.45484802556441434   0.3252378089433392
3312.63   12   -0.45484779553094123   0.0038020610754679602
3457.79   13   -0.4548483759539288   0.3230388733216135
3574.68   14   -0.4548523779607831   0.23355828975077864
3632.02   15   -0.4548665961186943   0.3014342868060175
3689.21   16   -0.4548662888515127   0.002820145900717665
3769.83   17   -0.4548668564562489   0.26798083146425805
4482.75   18   -0.4548664746147392   0.27564457941615034
4799.01   19   -0.4548747111248435   0.3029549980350562
4874.74   20   -0.45487462458877725   0.30887039114998
5132.06   21   -0.45487417264045316   0.303469759706546
5265.62   22   -0.45487377197770723   0.31531800953562056
5376.74   23   -0.45487791446667925   0.32019806943804807
5560.53   24   -0.45487762383657954   0.2610105220661374
5699.32   25   -0.4548773946796979   0.2991147969077329
5778.26   26   -0.45487739468228794   0.39479504028407914
