0.0   0   -0.42558244836225867   0.011122565519419045
337.45   1   -0.42704508697152865   0.0039267675868413995
820.68   2   -0.4272802576218395   0.004998491219527775
1468.61   3   -0.43050120793538516   0.004033879187780809
1777.88   4   -0.4310548745298722   0.0040971757891488415
2049.18   5   -0.43192242095197025   0.005831342274181565
2472.43   6   -0.43247801567778793   0.004649947904971644
2982.99   7   -0.43298008534668014   0.004397440304790943
3491.74   8   -0.43342803671597396   0.004276814321893058
3789.15   9   -0.43361822628620894   0.0022504039540548605
4074.34   10   -0.4336861478521322   0.0010453304006069577
4356.11   11   -0.4337019216139891   0.0006342721964099589
4788.96   12   -0.43370954616510893   0.0006198817847519808
5386.34   13   -0.43373199318742683   0.001198796731761885
5856.23   14   -0.4337547898631553   0.0007429804941420746
6480.42   15   -0.43378552885436017   0.000519782904684319
6906.54   16   -0.43379961968083836   0.0003166612959770084
7510.91   17   -0.4338377475036476   0.0008930581533892655
7796.91   18   -0.433863420712938   0.0009426808519789121
8212.86   19   -0.43392040047853675   0.0006757095292845102
8665.06   20   -0.43393581432002837   0.0005994092713934427
9110.97   21   -0.4340069367096613   0.0008463456248490313
9580.17   22   -0.4340446654101561   0.0006730557193793051
10066.23   23   -0.43405679055996144   0.00043956121994476904
10511.83   24   -0.4340622241349946   0.0004626095826101056
10962.45   25   -0.4340672591966914   0.0003309812888198337
11404.42   26   -0.43407555850974244   0.0003778458880549485
11881.57   27   -0.4340849034865562   0.0005318354677036114
12368.4   28   -0.4340942087899033   0.00033690905617080025
12847.39   29   -0.43410256544089   0.00030614121993895844
13324.03   30   -0.43411025176764473   0.0002328157910286487
13791.07   31   -0.43411722812717257   0.0003064250706995179
14222.68   32   -0.43412749999815387   0.00023190505057335746
14658.47   33   -0.4341454790554392   0.00047109666777439855
15090.03   34   -0.43415039497265917   0.00035695772383532743
15466.42   35   -0.434153398705762   0.0002834255620360541
16005.59   36   -0.43415518506619194   0.00023569836734059352
16505.99   37   -0.434156327688874   0.00018203097105236012
16994.93   38   -0.4341638087593625   0.0004354363014733805
17455.94   39   -0.4341735956811848   0.000301938612195835
17718.41   40   -0.43417812170477793   0.0001647037766647879
18100.24   41   -0.43417949520373916   0.00012272085910177143
18510.23   42   -0.43418239367666017   0.00024642951268463655
18969.71   43   -0.43418605420231654   0.00011024199730528866
19439.87   44   -0.43418783713080017   0.00011547423964042069
19737.38   45   -0.43418902823945627   0.00020118081714986423
20190.22   46   -0.4341911893370365   0.00018223665545223923
20661.13   47   -0.4341951177024913   0.0002858145510258435
21056.54   48   -0.4342022678291009   0.00025671648424008216
21415.96   49   -0.4342044949249851   0.00021081851954059963
21772.12   50   -0.4342065471378638   0.00017818974965800493
22088.94   51   -0.43420865547559784   0.0001456616255292452
22365.32   52   -0.43420952224355724   0.000177160199527021
22621.2   53   -0.4342109887933766   0.0001494748873280686
22912.18   54   -0.4342130912614586   0.00010879662105994366
23237.91   55   -0.43421474402960425   0.00015130742383499712
23442.54   56   -0.4342153363582248   0.00013818462437570922
23653.01   57   -0.4342157543910067   6.362326618146886e-5
23977.68   58   -0.4342160829999329   9.68731590100924e-5
24347.0   59   -0.4342182866003817   0.0001595160007175806
24552.27   60   -0.43421987011124114   0.00014128909204728636
24893.74   61   -0.43422076137479015   7.842633010471225e-5
25161.44   62   -0.43422201988137477   7.2264482428329e-5
25325.93   63   -0.43422267105310347   7.651380537173704e-5
25500.21   64   -0.43422300575688993   9.979970757800465e-5
25767.01   65   -0.4342234471129656   6.642513539477263e-5
26028.63   66   -0.4342250554529949   0.0001682726550789705
26202.87   67   -0.434225782626734   0.00010876819410457036
26461.84   68   -0.43422645503016194   9.251558351201402e-5
26617.55   69   -0.43422691525616103   0.000111964613870422
26858.81   70   -0.43422730596160014   9.034767871076781e-5
27120.52   71   -0.4342277404929997   0.0001105148824338731
27429.43   72   -0.43423129144894   0.0001538901996699003
27620.56   73   -0.4342331261820646   0.0001393156970845713
27738.18   74   -0.43423383900267987   5.8997017158688266e-5
27906.64   75   -0.434234124315805   6.441836313808333e-5
28010.22   76   -0.4342344431153275   0.00010711223670390341
28168.08   77   -0.4342355142875245   8.757327798412778e-5
28329.68   78   -0.4342364048724934   9.357216211624766e-5
28431.7   79   -0.43423678973462637   8.416494018321637e-5
28596.11   80   -0.4342373571725078   7.773182683469787e-5
28763.85   81   -0.43423794106257924   8.102636849078212e-5
28870.52   82   -0.4342381447322292   5.402866015282285e-5
29021.76   83   -0.4342382873284136   4.617936740085683e-5
29178.12   84   -0.43423857045587666   6.715640884092053e-5
29342.69   85   -0.4342388976973977   7.771363627437739e-5
29509.77   86   -0.434239857079192   7.265625048129532e-5
29679.31   87   -0.4342402239384913   6.576758848968454e-5
29842.84   88   -0.4342404251986822   7.114574793249839e-5
30001.2   89   -0.43424065083566704   8.421973210961554e-5
30158.61   90   -0.43424089330544874   5.269279172465583e-5
30263.91   91   -0.4342410213259129   6.757053080048266e-5
30423.79   92   -0.4342412361721805   6.0565451511424806e-5
30575.98   93   -0.43424184330568805   4.986556519370892e-5
30739.88   94   -0.434242205178437   7.219060941494567e-5
30846.88   95   -0.43424234606441975   5.480966946749776e-5
31065.55   96   -0.43424262912980693   3.113468802035742e-5
31231.05   97   -0.4342429332169438   3.323250073933875e-5
31398.87   98   -0.4342432350543056   5.1894122545301456e-5
31506.32   99   -0.43424338668670304   6.620466083721236e-5
31669.33   100   -0.4342435178789211   4.526358533964804e-5
