0.0   0   -0.41683159786882124   0.10001272788901645
16.92   1   -0.42684859791881136   0.03929715634410809
31.28   2   -0.42906490224325866   0.010536694882455433
49.43   3   -0.42996210871931617   0.013806762057607978
63.85   4   -0.43143333967105335   0.011243619851292174
72.75   5   -0.43185087455450505   0.011105590198455159
85.86   6   -0.432234938801244   0.005197760562140153
99.71   7   -0.4325920496362494   0.008128018724273468
108.58   8   -0.4330474277740881   0.005554048488121052
116.85   9   -0.43335675896759773   0.0041341784279926375
125.37   10   -0.4335509353153778   0.001772984605135411
138.1   11   -0.4335907511240268   0.0023592915649228727
151.0   12   -0.43363194776650715   0.002897247242891471
163.83   13   -0.43367541769964346   0.0026585357587772364
176.06   14   -0.4337523040340692   0.001616463587583825
188.86   15   -0.43376209872361043   0.0010852341525052404
205.9   16   -0.43377660967233744   0.0015831432949993973
218.26   17   -0.4338262001303731   0.0006437918166709248
230.63   18   -0.43383177628030895   0.0006166190762522811
243.27   19   -0.4338365373233084   0.0009671981825670565
260.6   20   -0.4338603450476204   0.0010077681186125389
273.01   21   -0.4338958193542013   0.0011260712702923401
286.76   22   -0.43394080917254485   0.0014089716153630894
299.93   23   -0.4339560593053863   0.001505192686209732
308.07   24   -0.43396762170556324   0.0008250782199638189
320.31   25   -0.4339718658816528   0.0008325407411156236
333.22   26   -0.43397952315615784   0.0006940738931428171
345.93   27   -0.43398456340687763   0.0009541184191223157
358.25   28   -0.43398949469680415   0.0005792481876697956
370.76   29   -0.4339917578265773   0.0003980050198941134
384.33   30   -0.43399334256454764   0.0002757500413586945
401.0   31   -0.43400830654542116   0.0007941938239837691
413.87   32   -0.4340191503299692   0.0004903907056027552
422.59   33   -0.4340225018265451   0.0004101746596236278
435.3   34   -0.434029834230253   0.0012338200206380946
448.03   35   -0.43404734279685   0.001416148845394191
456.7   36   -0.4340566173693734   0.0008276691179446408
464.8   37   -0.4340637406904413   0.0005306567768623467
477.94   38   -0.4340654880207998   0.0005881354858558181
489.91   39   -0.4340680732907162   0.0006136667229864617
501.84   40   -0.43407456945953987   0.0006341447538630868
510.11   41   -0.4340782239074288   0.0004077036325527971
522.54   42   -0.4340796996868731   0.00027798865905459763
534.88   43   -0.4340814451582204   0.00034376121117078923
547.33   44   -0.4340842360131261   0.00041124073302650527
560.47   45   -0.4340857804542182   0.00027201900401972956
572.99   46   -0.4340866603714676   0.00017537096763174401
584.72   47   -0.43408708277847813   0.00018607551767184488
597.48   48   -0.4340883631500649   0.00029347923240254846
610.15   49   -0.4340893378062205   0.00032395769604578176
622.04   50   -0.43409119632389814   0.0002769983319425995
630.28   51   -0.43409274191521874   0.00031200429930281577
643.51   52   -0.4340935488323118   0.00016919235876028488
660.92   53   -0.434094670075184   0.0002671944791721571
673.54   54   -0.43409815898595017   0.0003354423410534742
681.66   55   -0.4340988468427688   0.0001624441998515385
695.06   56   -0.4340992217749175   0.00017367188718854623
712.2   57   -0.4341031117188431   0.00028593970095635495
720.54   58   -0.4341041253267462   0.00039297011207258377
728.66   59   -0.4341051494210903   0.0002223314418856773
742.17   60   -0.4341057723260484   0.00016821076077442907
754.75   61   -0.43410693861991767   0.00030478570619391483
767.17   62   -0.4341074787584397   0.00021454216040509805
779.81   63   -0.434108289909686   0.00019797381157911584
793.54   64   -0.4341087277416972   0.00011939604873550007
805.94   65   -0.43410895052087384   0.0001402986907459321
818.12   66   -0.4341091187329059   8.194573316219044e-5
831.35   67   -0.43410936210440426   0.00011159313644603822
843.74   68   -0.4341102225829256   0.0001476017849367439
851.95   69   -0.4341106512151154   0.00021471049913936494
860.1   70   -0.4341109723336951   0.00011579183362536904
872.68   71   -0.43411120143323556   9.362020350528283e-5
886.26   72   -0.43411137255457394   0.00010765408941079512
899.31   73   -0.43411156377710935   0.00012081459719783266
917.06   74   -0.4341123470405443   0.0001733847330731384
930.87   75   -0.4341128353204231   7.126473756073232e-5
943.61   76   -0.4341129285067381   0.00014339449277968035
959.91   77   -0.43411316205118067   0.00014860811949011143
973.14   78   -0.434113508566371   9.16668821545013e-5
985.99   79   -0.4341140994795122   0.0001468265527666884
994.52   80   -0.434114326373169   9.92611600044612e-5
1007.29   81   -0.434114526653123   9.96400205955537e-5
1020.62   82   -0.43411498164286455   0.00015854243252702547
1033.72   83   -0.4341153153445232   9.282106596458599e-5
1046.5   84   -0.43411559179302767   8.324215464222744e-5
1059.14   85   -0.4341158914373737   6.629087705047724e-5
1068.13   86   -0.4341160397322475   7.912302746446567e-5
1081.37   87   -0.4341161801159401   6.187722562517081e-5
1094.03   88   -0.4341163616262647   7.612782665171398e-5
1107.38   89   -0.43411658665753683   7.48509823683578e-5
1120.4   90   -0.43411688917540997   8.112650749719841e-5
1128.69   91   -0.4341170779548913   0.00016445400055339288
1141.29   92   -0.43411733406311753   7.249276410960417e-5
1153.98   93   -0.43411747212390517   6.52097364863318e-5
1167.47   94   -0.4341176407947646   7.683117503111812e-5
1176.2   95   -0.434117698815342   7.909980892730631e-5
1189.68   96   -0.4341177419621686   5.5498136284078033e-5
1203.67   97   -0.4341177974153123   8.585843596782623e-5
1216.75   98   -0.4341180548745529   9.747570212492196e-5
1229.64   99   -0.43411822125706245   8.333784878218151e-5
1241.61   100   -0.43411829179400513   4.986207998826892e-5
0.0   0   -0.43411829179400585   5.738199421448171e-5
12.35   1   -0.43411830715444566   0.00010057098359387767
32.69   2   -0.43411838241516537   0.00012656544421074
48.37   3   -0.4341184505798392   0.00012009574627157194
62.93   4   -0.4341185320490405   0.00012017100382446327
77.36   5   -0.4341187195217391   5.9139962190616236e-5
92.95   6   -0.434118788728364   8.949904635096418e-5
112.5   7   -0.43411902378999023   0.0001050756231400155
127.1   8   -0.43411923321401236   6.344448551765013e-5
142.0   9   -0.4341194579718559   4.570313066593733e-5
156.58   10   -0.4341196555825364   7.572658675222138e-5
170.21   11   -0.4341198823744638   6.451313347785141e-5
184.84   12   -0.4341202793549095   6.404438643315667e-5
198.93   13   -0.4341208605148813   5.9031329788348625e-5
213.58   14   -0.4341214854674279   9.395045176382098e-5
228.23   15   -0.4341222500759563   0.00011433095504974962
245.1   16   -0.4341230708603182   0.00012674401744968932
260.21   17   -0.43412387846060796   0.00013166584790784425
275.91   18   -0.43412477721857284   0.00014724344659930493
292.36   19   -0.43412602002961276   0.0001907534846699599
309.2   20   -0.4341275712487074   0.00023540978632678855
325.58   21   -0.434128738623252   0.0001426636130223906
334.96   22   -0.4341290181535049   0.00027563471779407746
350.73   23   -0.43412952951281536   0.0002607683220666903
365.33   24   -0.4341303259628872   0.0003348278017178986
374.99   25   -0.4341308197182595   0.0002563278123380275
390.39   26   -0.434131246333221   0.00010754819279744497
405.91   27   -0.434131372817012   0.00013511517334923224
418.94   28   -0.4341315690396813   0.00013993212296472795
432.58   29   -0.4341320280738821   0.00023111724945177472
446.37   30   -0.43413247539388333   0.00015947527243345572
462.27   31   -0.4341330471192474   0.0001601549765091781
476.45   32   -0.4341339208445615   0.0001467963270611894
490.12   33   -0.43413421953450326   7.66114907582069e-5
504.59   34   -0.4341344065820854   5.7814278282348776e-5
518.55   35   -0.43413458402246674   7.641323394241664e-5
532.71   36   -0.43413486002999296   0.00010244133114240312
546.8   37   -0.434135191986962   5.764535896037261e-5
561.25   38   -0.4341353153970898   7.893008431171533e-5
575.29   39   -0.43413557709190437   6.842893699081686e-5
590.4   40   -0.43413576543176535   6.0409750357518264e-5
605.31   41   -0.4341359362464553   9.813461941845113e-5
620.5   42   -0.4341361047220292   5.6484364189615785e-5
634.53   43   -0.4341362319499878   0.0001383333236206028
643.93   44   -0.43413626533222904   6.953069361547238e-5
657.64   45   -0.434136319530429   8.948806514422567e-5
677.48   46   -0.4341364526108366   0.00011509428708934983
691.67   47   -0.43413652420948895   6.842441435746648e-5
705.7   48   -0.4341365524104023   4.4060528639673074e-5
726.24   49   -0.4341366564771141   0.00011008036355605344
741.08   50   -0.43413690631532637   9.407274933227614e-5
756.5   51   -0.4341371912243518   0.0001218454740924226
766.89   52   -0.4341372764176767   7.953810065636059e-5
781.43   53   -0.4341373558240922   6.124183668853916e-5
796.44   54   -0.43413755785085606   9.516803886871408e-5
806.85   55   -0.43413764345964573   5.301637433281739e-5
822.93   56   -0.43413772602561906   5.827485640710685e-5
837.54   57   -0.4341378445293652   5.774485964150948e-5
851.25   58   -0.4341380036176966   8.601525512144235e-5
865.79   59   -0.4341381242180351   7.548511417943491e-5
879.76   60   -0.43413822295627946   6.192927977877093e-5
892.62   61   -0.43413832427451593   8.353869172446727e-5
905.45   62   -0.4341384859196203   8.68871002960522e-5
919.75   63   -0.4341386338454664   4.82476524661493e-5
928.83   64   -0.43413867711873183   4.8308705421394176e-5
937.83   65   -0.43413868936655414   5.990808852392212e-5
951.37   66   -0.4341387202319954   3.493439937600441e-5
965.69   67   -0.43413877387223127   5.368888665516341e-5
974.94   68   -0.43413880353512196   5.801981648626694e-5
988.1   69   -0.4341388523461903   5.533308021546483e-5
1001.2   70   -0.43413889424224256   4.5755299842588324e-5
1015.29   71   -0.4341389655065635   9.8987665344218e-5
1028.94   72   -0.4341390306255274   6.492309974796744e-5
1042.5   73   -0.434139080407287   8.191944980156904e-5
1056.9   74   -0.4341391658233714   5.723614832337493e-5
1071.21   75   -0.43413923888034034   5.862685505599337e-5
1085.44   76   -0.43413927338193553   3.982064139182235e-5
1099.02   77   -0.4341393079097717   3.622517270443963e-5
1112.9   78   -0.4341393891468625   4.786292642647323e-5
1126.46   79   -0.43413948095702487   4.9049365536775074e-5
1139.68   80   -0.4341396176535543   9.066611594900727e-5
1149.44   81   -0.4341396871792544   3.664699878113716e-5
1163.54   82   -0.43413973494595576   3.698361928097523e-5
1178.25   83   -0.4341397700961453   5.027778948659616e-5
1191.55   84   -0.434139843417224   5.579625208828845e-5
1201.18   85   -0.43413990849525375   5.658208291044409e-5
1214.88   86   -0.4341399609604576   8.3240279687743e-5
1228.55   87   -0.4341399936435929   5.037372233907444e-5
1242.6   88   -0.43414001408916214   2.9021733222768483e-5
1256.72   89   -0.43414006312213643   8.599949216445252e-5
1265.31   90   -0.4341400930210242   5.1216094753887264e-5
1279.04   91   -0.43414012310174555   4.433429229292592e-5
1298.5   92   -0.4341402586500476   4.622215330253901e-5
1307.72   93   -0.43414030879612153   7.349899245858026e-5
1316.86   94   -0.4341403491860726   6.0478927057677755e-5
1330.28   95   -0.4341403765921075   5.5597872772142274e-5
1344.21   96   -0.4341404114746287   5.172058537948766e-5
1358.58   97   -0.43414045734820333   3.449132621340666e-5
1372.0   98   -0.43414055755450953   7.260394695720125e-5
1381.06   99   -0.43414063682651216   7.917346057653124e-5
1397.06   100   -0.4341407452581722   6.10640582774596e-5
0.0   0   -0.4341407452582097   6.356937311476882e-5
71.89   1   -0.43414077155255676   8.035738392704358e-5
137.49   2   -0.4341407939140098   4.631086985865081e-5
207.43   3   -0.4341408101397579   0.00012034996365762254
312.46   4   -0.4341408802643474   9.115494688275034e-5
361.01   5   -0.43414089805252865   2.669271066559345e-5
459.37   6   -0.4341409315378444   3.405248923607933e-5
533.55   7   -0.43414095788187085   2.5991323881819112e-5
610.55   8   -0.4341409985392867   3.204827128235273e-5
656.97   9   -0.43414101440483543   2.2704037043790847e-5
757.93   10   -0.4341410399298772   4.6171909365635245e-5
828.48   11   -0.43414106660845214   1.8902903145813252e-5
929.67   12   -0.43414110569057707   3.2223321072796815e-5
976.99   13   -0.4341411131260401   1.8778061012168898e-5
1073.71   14   -0.43414112779698105   5.748520089475303e-5
1144.22   15   -0.43414115409532983   1.6964861262206148e-5
1276.93   16   -0.4341411948292571   2.1341206692884082e-5
1345.19   17   -0.43414125454710617   2.3954318512472725e-5
1438.28   18   -0.43414133881214684   3.497802018988361e-5
1500.58   19   -0.43414140222461645   3.283175477788582e-5
1568.47   20   -0.4341414167399882   6.088317979792521e-5
1655.6   21   -0.4341415181735496   2.0574544877136672e-5
1718.19   22   -0.4341415412567238   1.890008229022906e-5
1760.28   23   -0.43414155043695846   5.5048077939134475e-5
1824.08   24   -0.4341415903980964   3.786711608019492e-5
1864.79   25   -0.4341415959968974   1.84011122077552e-5
1948.48   26   -0.4341416064425777   1.8742924842970488e-5
2008.0   27   -0.4341416622164739   7.643714150060102e-5
2055.26   28   -0.43414168564404854   1.589642388470566e-5
2115.17   29   -0.43414168819597665   1.3850138480628597e-5
2206.51   30   -0.4341417115121997   3.6512460972471897e-5
2280.26   31   -0.4341417631030015   3.032143705037057e-5
2356.04   32   -0.4341417866804086   1.6732683945950302e-5
2427.67   33   -0.43414179696257404   2.0207771662254943e-5
2502.0   34   -0.4341418030575074   1.4892293062147042e-5
2547.33   35   -0.4341418054942673   2.6823693076596264e-5
2615.24   36   -0.43414180898498933   1.6698438721359716e-5
2707.93   37   -0.4341418182813345   2.041804427335331e-5
2787.84   38   -0.4341418422122275   2.076592958622187e-5
2866.84   39   -0.43414185045601916   1.2461079194828162e-5
2959.93   40   -0.43414186251321496   1.5163513987599361e-5
3034.22   41   -0.4341418718519937   5.123548389686028e-5
3107.54   42   -0.43414189064728836   2.884190334099633e-5
3176.43   43   -0.4341418975075217   1.491277344309738e-5
3247.71   44   -0.4341419005483115   2.1518892368139045e-5
3296.66   45   -0.4341419029794626   1.148000788298112e-5
3360.16   46   -0.434141903895549   9.553240098400657e-6
3434.59   47   -0.4341419126110686   2.2365776657640452e-5
3492.66   48   -0.4341419210852309   2.5202463756764714e-5
3531.23   49   -0.4341419244727855   2.3743911179662147e-5
3591.15   50   -0.4341419273916304   1.0394256762700618e-5
3671.67   51   -0.43414193330277306   3.109639385899688e-5
3733.33   52   -0.43414194296582287   1.7108759522555166e-5
3784.15   53   -0.4341419467602679   1.0524321550955937e-5
3855.53   54   -0.4341419570726913   2.0525436935453077e-5
3888.31   55   -0.43414196337874156   1.6369260656588926e-5
3920.03   56   -0.4341419658893903   2.4121116448532005e-5
3965.86   57   -0.43414196777557523   1.0642718977717368e-5
4011.01   58   -0.4341419706816254   2.039550862452419e-5
4056.98   59   -0.43414197892909034   9.072211748785256e-6
4102.04   60   -0.4341419823439935   8.253383498270299e-6
4151.09   61   -0.4341419899055049   1.3981943792393032e-5
4199.25   62   -0.43414199463106307   3.289123161734492e-5
4238.78   63   -0.4341419997517026   1.0112135535055673e-5
4277.28   64   -0.4341420114209564   1.0914402473355776e-5
4302.69   65   -0.4341420167020995   1.8069812160870212e-5
4326.94   66   -0.4341420194540401   1.955512618655633e-5
4364.61   67   -0.43414202146246916   1.223379373434114e-5
4414.4   68   -0.43414202404296076   1.6227436964773354e-5
4451.13   69   -0.4341420279976701   1.043861555396039e-5
4486.97   70   -0.4341420304661408   2.1514381521852682e-5
4524.85   71   -0.4341420368916949   9.367416728513607e-6
4559.72   72   -0.4341420411711462   1.2147819871506234e-5
4595.84   73   -0.4341420472890529   2.1814394294446914e-5
4620.0   74   -0.4341420517298663   1.7046501935248037e-5
4657.0   75   -0.4341420554527766   1.4866373958341111e-5
4692.75   76   -0.4341420586458199   1.534772791706321e-5
4726.5   77   -0.4341420618454801   1.3075791992691304e-5
4750.27   78   -0.43414206320059345   1.7480990524668898e-5
4787.73   79   -0.4341420647165144   6.186874662995877e-6
4822.02   80   -0.4341420658219247   6.815144103228018e-6
4857.66   81   -0.43414206854222637   1.2702478119360136e-5
4894.43   82   -0.43414207290665796   1.1121163169422212e-5
4932.24   83   -0.43414207459977844   8.839852722403688e-6
4955.62   84   -0.43414207510097275   5.20097070248841e-6
4988.03   85   -0.43414207563386525   6.479044567456415e-6
5023.56   86   -0.4341420776331508   1.02548218096052e-5
5049.67   87   -0.43414207835218555   9.844831826721093e-6
5086.61   88   -0.43414207897323553   6.587836444239138e-6
5121.71   89   -0.4341420794061722   7.256016229254474e-6
5174.22   90   -0.43414208280453775   8.10844744240835e-6
5200.62   91   -0.434142083589974   1.2770069523340027e-5
5240.35   92   -0.43414208494330536   8.298349420057381e-6
5278.13   93   -0.4341420861417083   7.392745641532262e-6
5318.78   94   -0.43414208666924253   3.5901972740184586e-6
5370.19   95   -0.43414208795559495   6.530708532227021e-6
5407.8   96   -0.4341420893055711   5.3715017845731015e-6
5433.6   97   -0.43414209002449133   5.451875555193315e-6
5457.44   98   -0.43414209062135456   4.672019829463645e-6
5497.67   99   -0.4341420909493659   7.635101361137398e-6
5553.75   100   -0.4341420932190314   1.5299796854537792e-5
