0.0   0   0.2961213799204317   0.008854468754814318
109.5   1   0.12209423042625653   0.03845906475211732
182.38   2   -0.040563892035574554   0.015138250580048656
253.1   3   -0.13724620577039148   0.008761170342739008
320.3   4   -0.1893116826531008   0.00929051131473136
387.46   5   -0.28109380639725884   0.013173247741205242
461.09   6   -0.3008324107156094   0.009644870347012011
536.01   7   -0.3478338637499283   0.005165131836892846
586.12   8   -0.37945862846112227   0.0028490760705254395
658.49   9   -0.39233621954628345   0.0024083961642394607
731.44   10   -0.40095805738653284   0.002016603800520229
807.4   11   -0.4072821832642687   0.0007408898136217014
878.36   12   -0.40828695492613576   0.0005746723995053287
977.09   13   -0.41573026320902395   0.0021956925261083448
1052.43   14   -0.41865316866559454   0.001706166518291045
1097.08   15   -0.423049294767024   0.0011932401839303592
1165.64   16   -0.42441127360162295   0.0005865501284596285
1239.43   17   -0.4250376819486059   0.0005428433981152281
1282.72   18   -0.42537957193473896   0.00021884272554739665
1449.14   19   -0.4255209421371598   0.00026283714691075833
1524.23   20   -0.4255905691632183   8.129853729298583e-5
1624.18   21   -0.4256686835533408   0.00011373293983601381
1700.29   22   -0.4257125882568352   0.00014304549616839569
1781.17   23   -0.4258035328532179   0.00011438682379260962
1860.49   24   -0.42585645844271547   8.641296634054224e-5
1934.85   25   -0.42587793474973934   5.997286822286837e-5
2004.03   26   -0.42589733689841164   6.53443852050278e-5
2073.06   27   -0.4259081050464006   3.227106152523732e-5
2141.64   28   -0.42591166516275036   3.289562962326592e-5
2212.48   29   -0.4259200841117845   3.181709655863485e-5
2285.04   30   -0.42592946496236994   6.062978430876666e-5
2385.53   31   -0.4260355271383235   0.0002478523249882064
2490.78   32   -0.42607736816398645   0.0003486082803473879
2625.3   33   -0.42616641213261514   0.0005623897562213524
2676.23   34   -0.42627896657137765   0.0007642438412090169
2751.14   35   -0.4270749064216401   0.0007502319990841014
2792.63   36   -0.4277183816142012   0.00037153750183137145
2859.33   37   -0.4281262715652812   0.000293061592215534
2931.21   38   -0.4283277574012645   0.00026079518822096504
2980.75   39   -0.42852769237692134   0.0002730541144978852
3058.59   40   -0.42894544801959283   0.00027342661755475826
3136.06   41   -0.4293558357019256   0.00031732033590743203
3188.46   42   -0.4295453262305387   0.00013160100819289514
3266.58   43   -0.4296815939669062   0.00015348588145817744
3345.5   44   -0.4298164461112838   0.00013894674175665475
3423.88   45   -0.42994827618234793   0.00016540034051839035
3500.74   46   -0.43005661842685244   0.0001426564660964223
3581.06   47   -0.4301843927479895   0.00012983591872312223
3632.04   48   -0.4302613960367671   0.0001248226369582509
3712.09   49   -0.4303268579616507   0.0002508556317302163
3792.04   50   -0.43040342400998816   0.0001125143103476444
3875.38   51   -0.4304627504083626   0.00010950239740683193
3957.44   52   -0.43052147783348965   0.00019162187507043224
4031.55   53   -0.4305892498187251   0.00013009199926142178
4100.95   54   -0.43067268194182795   0.00013006742732994624
4170.37   55   -0.4307525039879124   0.00021638374939175804
4214.6   56   -0.4308079165087463   7.838387804983748e-5
4282.72   57   -0.4308435508508763   0.00012529288749455714
4370.51   58   -0.4308869283001889   9.317393920306898e-5
4442.89   59   -0.430924507601313   8.426545192567626e-5
4511.11   60   -0.43095980571763   8.489170695530742e-5
4585.53   61   -0.4309997932009266   9.120671858710872e-5
4656.32   62   -0.4310317910657051   8.191499729771258e-5
4701.57   63   -0.43105590339829064   6.012841111443295e-5
4767.77   64   -0.4310837198708543   6.580733053523764e-5
4865.57   65   -0.43111650665497614   7.743888715391172e-5
4947.26   66   -0.4311348471898857   5.505139039998198e-5
5023.17   67   -0.4311511325330403   5.135583409261965e-5
5098.4   68   -0.4311670545161044   9.31674438527473e-5
5178.4   69   -0.43118177336476926   5.899839319510074e-5
5265.17   70   -0.4311940981005503   4.652865763642909e-5
5360.08   71   -0.43122738257123433   5.243609639650928e-5
5425.69   72   -0.43124228607080756   6.948502254368314e-5
5535.14   73   -0.43125712161370877   7.391664664139305e-5
5630.51   74   -0.43127044932928954   6.962049519108071e-5
5732.04   75   -0.4312841025256621   5.123088244107278e-5
5831.34   76   -0.43129472621653664   5.776071404803046e-5
5931.52   77   -0.43130491915807717   4.579744110914959e-5
6031.12   78   -0.4313170440484849   4.95291483943242e-5
6127.73   79   -0.43132856939670355   6.515248947117562e-5
6179.8   80   -0.4313360007016587   5.0566907918232556e-5
6261.88   81   -0.43134344940003616   3.9051550946809336e-5
6356.31   82   -0.43135055704400693   3.599764054683253e-5
6432.11   83   -0.43135989220884063   4.167958956331889e-5
6488.64   84   -0.4313658599638104   3.9105585928669786e-5
6560.08   85   -0.4313724407679648   2.840554623710101e-5
6630.05   86   -0.4313823549563236   3.989626643579754e-5
6701.24   87   -0.4313929469188156   5.473718901671641e-5
6747.71   88   -0.43139998539136504   4.442278610093191e-5
6815.79   89   -0.4314102873011719   3.290593680969609e-5
6892.14   90   -0.43141774233794083   6.11897558434808e-5
6960.75   91   -0.43142533786662424   3.2080667604668675e-5
7024.9   92   -0.43143514566654056   4.6328466766324384e-5
7094.75   93   -0.4314597558537467   5.1830012993777587e-5
7142.42   94   -0.4314741094812017   7.284675663226175e-5
7216.74   95   -0.43148816162821446   5.471943838968391e-5
7293.95   96   -0.43150011481746897   4.477333499058432e-5
7368.75   97   -0.43151176380529294   6.125842478443818e-5
7433.54   98   -0.4315372193361157   6.913401452805175e-5
7504.55   99   -0.43155253249754466   4.7728028519973046e-5
7546.42   100   -0.43156306614833384   7.035017574018593e-5
