0.0   0   0.28707540834815193   0.06598130363861687
15.76   1   -0.1471194771889924   0.07714001099384335
28.5   2   -0.22265953589665707   0.1436355376246363
40.77   3   -0.2557607419084693   0.08887266251658404
53.23   4   -0.3334695922388913   0.051258095355990525
74.45   5   -0.36138138464416336   0.03132254693741945
98.94   6   -0.3925878577842104   0.02077368086423543
136.28   7   -0.3964689319202429   0.021881029272864803
148.28   8   -0.40710006504472007   0.006782855072119264
160.91   9   -0.4086385816200825   0.0030939356216768735
173.01   10   -0.4095456545228122   0.003952582209585731
192.25   11   -0.41308197866339835   0.010328055892450727
201.85   12   -0.4141956860535915   0.011686235710546701
257.44   13   -0.4152097747926782   0.009416773895750939
266.4   14   -0.4184699287323946   0.21449014079375928
279.54   15   -0.41914785677774774   0.008860632192536742
293.02   16   -0.42123046475958187   0.006066061879216938
314.85   17   -0.4227482526245431   0.25796537290403754
362.95   18   -0.4227483772581184   0.003839746109862801
382.19   19   -0.4230450386932929   0.00437924138217462
390.91   20   -0.4234843857970559   0.0036322825751893095
432.27   21   -0.4240039455708334   0.006277633797230441
463.99   22   -0.4246775734427694   0.004502035278812199
493.1   23   -0.4254771393688416   0.0009414242473944504
506.3   24   -0.4255319978604615   0.0005924004186120753
537.29   25   -0.42557689208476024   0.0007735973686018596
550.53   26   -0.4256224713797137   0.0003543708027921916
563.52   27   -0.4256348586459271   0.0004536598491801203
576.44   28   -0.4256489410729225   0.00038859244887802264
602.33   29   -0.4256585671010958   0.0003743723500591599
615.1   30   -0.42567334025503245   0.0002565871973447472
628.79   31   -0.42568577649846806   0.00045925000849859286
662.43   32   -0.4257126317365441   0.000734145900672518
676.16   33   -0.42574515806208824   0.0004285732875975213
914.93   34   -0.4257613992124784   0.20721007833031418
933.42   35   -0.42576877801343294   0.0003860124600234379
969.21   36   -0.42581518188479794   0.00047134628113508676
1116.06   37   -0.4258150048952749   0.22107599195573857
0.0   0   -0.42581500489560065   0.2313132161755633
155.44   1   -0.4258148950448364   0.20550041058205404
174.84   2   -0.425814690545926   0.19955222479075374
189.18   3   -0.4258142960930118   0.002532799865280076
198.87   4   -0.42581430335166226   0.24539756569808271
208.62   5   -0.42581430183064206   0.0025324512384156703
218.67   6   -0.4258143019676647   0.2725698753207627
233.12   7   -0.425814307816034   0.23169435934923271
256.52   8   -0.4258172832032918   0.20219002771714825
303.11   9   -0.4258171536779405   0.1894531190720031
312.67   10   -0.4258170625576996   0.2656924567378913
330.64   11   -0.42581683392819536   0.20715117329911922
391.42   12   -0.425816802856861   0.002422028116524382
420.31   13   -0.42581681481499684   0.2696118407856284
429.42   14   -0.4258168048690287   0.0024219992768631728
444.2   15   -0.42581680782311415   0.20323861725280298
521.77   16   -0.4258210541339128   0.0027217348609198323
542.35   17   -0.4258233211555881   0.21544521420625581
577.14   18   -0.4258230955014456   0.0026248514442013837
613.48   19   -0.4258241659681913   0.21208401493030854
730.73   20   -0.42582404999492046   0.002538618102648978
769.69   21   -0.42584905732514083   0.0030589275467731805
783.46   22   -0.4258692456799022   0.0024644386055649977
796.74   23   -0.4258878802213404   0.0027891945205886556
810.74   24   -0.4259196233434064   0.003497224387710675
826.8   25   -0.4259495801665636   0.002407802839581479
846.42   26   -0.42597231537454217   0.21490987013274984
861.07   27   -0.4259719897708186   0.0024323323765073107
870.12   28   -0.42597462874627623   0.0019621036748794156
884.51   29   -0.4259869752503844   0.00281225288605714
919.96   30   -0.42605614017638016   0.23514781945370825
939.63   31   -0.4260612001082147   0.002412996006175444
959.02   32   -0.42606293095876063   0.24023675744582607
968.91   33   -0.4260629904189014   0.2463063839980848
1011.66   34   -0.42606262465445954   0.0023661389832580625
1043.55   35   -0.42606282998003425   0.002337631749094133
1052.54   36   -0.42606802147886946   0.2176107966584882
1081.61   37   -0.4260676807524896   0.0023745119463989633
1095.66   38   -0.4260686153218443   0.0019207742694630468
1104.72   39   -0.42608139496542585   0.0015505939810786342
1113.58   40   -0.4260873744568574   0.0020976979076661895
1143.17   41   -0.4261074223045213   0.0030909728694710277
1157.21   42   -0.42612698891600664   0.001259918761789526
1197.72   43   -0.42613797590853275   0.006296472170939987
1216.74   44   -0.42617500387959384   0.0027287643361216156
1235.49   45   -0.4261850282838229   0.002443647026000411
1288.53   46   -0.42619083309526895   0.0037947504419633495
1327.92   47   -0.4261993927707556   0.0034092579757341985
1357.91   48   -0.42622266763210326   0.006339833142223592
1371.74   49   -0.426300743975807   0.004189885758147941
1386.07   50   -0.42637389904063816   0.004073051165714467
1402.21   51   -0.426451042848629   0.004442568002837553
1412.73   52   -0.42649904840888836   0.22836063579817273
1437.55   53   -0.42649918030897405   0.0031526699670759795
1467.25   54   -0.42650698462952374   0.003360987435628239
1477.45   55   -0.4265388527915071   0.0024193727182120445
1497.02   56   -0.4265676414264937   0.0023902021003376745
1514.24   57   -0.4265711159582857   0.0025088364828503612
1533.5   58   -0.426579244051939   0.002181406107048987
1548.53   59   -0.4266144264348824   0.0018367041578429015
1564.3   60   -0.426682049580156   0.002709755252060378
1579.91   61   -0.4267235507418374   0.0033533972186225243
1595.4   62   -0.42678108719184593   0.0016766193798636022
1611.36   63   -0.4268052991601348   0.18406039724832995
1696.48   64   -0.4268049560056639   0.002846024252512728
1800.48   65   -0.4268046671753233   0.18478304507389223
1851.88   66   -0.42680469659297937   0.0014763411502331065
1885.45   67   -0.4268115263148306   0.004700405016835812
1898.97   68   -0.4268376512675398   0.0021174360412998514
1915.84   69   -0.42687943723973437   0.002455640930111826
1924.23   70   -0.42689682904749315   0.00266401310482361
1937.59   71   -0.42692662172841545   0.16261453877700993
1949.73   72   -0.4269273084642879   0.003683661888517853
1961.58   73   -0.426930417589757   0.0026546566831926444
2000.38   74   -0.4269503894431569   0.24756124101771668
2008.82   75   -0.4269564672544479   0.002990214300562893
2020.59   76   -0.42696867558355117   0.0010974455609240332
2029.07   77   -0.42698240825322853   0.001973766139539272
2038.1   78   -0.42700553885046166   0.0018152458907315983
2051.34   79   -0.42703468644694226   0.0030466982310941473
2068.93   80   -0.427052259453645   0.002578439429626057
2081.92   81   -0.4271040634249165   0.0016065524115918878
2095.12   82   -0.4271314397753989   0.002804866560090778
2111.89   83   -0.4271510480486839   0.002093791859020459
2125.53   84   -0.4271835530311187   0.0018479235780184888
2137.63   85   -0.42722255043562085   0.004011051080078642
2150.41   86   -0.4272866164172676   0.0025747830176609493
2158.67   87   -0.42728963545802323   0.16289069604282508
2168.1   88   -0.42729629781345885   0.003747748289505081
2176.48   89   -0.4273089194591613   0.0026042316888051273
2185.17   90   -0.4273546817942225   0.003192998795313063
2197.8   91   -0.42741309480561396   0.002788507965276445
2206.85   92   -0.42741399311294076   0.0024810887249212435
2216.25   93   -0.4275152287724068   0.003026701716428631
2226.39   94   -0.4275885445650649   0.0026706362717627756
2237.37   95   -0.42765450339387506   0.0028213517499585876
2259.08   96   -0.4278402710228589   0.004897999221551197
2268.64   97   -0.4279569083312547   0.005730229922445799
2277.86   98   -0.4281447263876887   0.007537517220074252
2293.09   99   -0.4283994527242848   0.004737564273755745
2302.62   100   -0.428557050480301   0.003706250589666579
0.0   0   -0.42855705037039254   0.2431141426757762
324.62   1   -0.4285574040703728   0.004346664249209118
408.85   2   -0.4285574490648898   0.20987579363066924
445.59   3   -0.4285596266014171   0.2203768311957395
689.49   4   -0.4285698515636751   0.004253022480359875
785.11   5   -0.42860006152730246   0.0037311133236845226
821.42   6   -0.42861085696371554   0.0031422932939611137
899.36   7   -0.4286596345186715   0.001963248424883646
955.08   8   -0.42869975573528496   0.0031651575165663253
1029.87   9   -0.42875471052793634   0.0038545299822979233
1088.6   10   -0.42881619940342536   0.0028960188899781044
1220.47   11   -0.4288284858242886   0.19343485839377877
1734.52   12   -0.42882815745503394   0.21607534942287104
1890.32   13   -0.42882787509113396   0.00456980437071973
1925.32   14   -0.42883368794820637   0.003532828026151742
1981.05   15   -0.4288513441959424   0.002295041990736554
2015.69   16   -0.42887382767819693   0.0027729049320926974
2061.86   17   -0.4288937252555645   0.0024320064103410845
2118.27   18   -0.4289011459740844   0.001986001913886496
2166.95   19   -0.4289316422237774   0.001611229278428266
2213.59   20   -0.4289518819156213   0.002097204885412687
2260.29   21   -0.42897029799840697   0.0013008499720718561
2308.09   22   -0.428986509678792   0.0009775562125739635
2355.08   23   -0.42899463343633676   0.000819286557493518
2400.58   24   -0.42899681918360094   0.0006106188477092208
2446.95   25   -0.4289988015546386   0.0007268970525910304
2478.84   26   -0.4290008318416171   0.0006853881635666559
2529.95   27   -0.42900263881781775   0.000616887193143972
2589.19   28   -0.4290039642186799   0.000886830874323566
2634.86   29   -0.4290052514123927   0.00039451418061152725
2680.05   30   -0.4290062076501409   0.00034792686744982023
2725.01   31   -0.4290074757092961   0.00035104368954237355
2816.53   32   -0.4290080699741619   0.00030934808651982037
2846.02   33   -0.42900859766291743   0.00025520412773731154
2889.83   34   -0.4290091545533908   0.0003300181231028196
2939.55   35   -0.42900987162629384   0.000372007292693759
2973.29   36   -0.4290101596880994   0.0002520363963279435
3032.9   37   -0.42901065341467987   0.000263732352688888
3093.35   38   -0.4290111137979251   0.0003046434757931333
3131.44   39   -0.42901140809578453   0.00036514490000337714
3187.48   40   -0.42901175315471424   0.00023347482746453697
3232.25   41   -0.4290120075357266   0.2133588016449859
3331.97   42   -0.4290120610314884   0.00016926103660567642
3363.41   43   -0.4290122483676291   0.00024125733712434608
3417.09   44   -0.42901260884422093   0.00023364282090636022
3441.17   45   -0.4290127712681254   0.0001909950613401111
3465.81   46   -0.4290127965771788   0.2189474396375702
3543.74   47   -0.42901305997241634   0.00016964464337773484
3598.67   48   -0.4290130851253892   0.21035701921372918
3641.68   49   -0.42901280610317044   0.000454546142876045
3776.18   50   -0.42901300104287043   0.00020762600833780149
3803.24   51   -0.4290131439312784   0.00019478984640956086
3832.2   52   -0.429013218717455   0.0001500391146253357
3893.47   53   -0.42901333739984837   0.24940956236434303
3926.83   54   -0.42901328705621256   0.0002766058018799781
3950.48   55   -0.4290133417495935   0.00015389414654175636
3975.06   56   -0.42901337192858335   0.00012313562860701255
3998.71   57   -0.42901342743209514   0.00017510874299281042
4021.87   58   -0.4290134826153804   0.0001685372208105971
4055.86   59   -0.4290135883640518   0.00014007328373189323
4083.26   60   -0.4290136238408228   0.2206061144651915
4130.33   61   -0.42901338568945824   0.19828144061905195
4212.5   62   -0.4290129783343568   0.2106492028036581
4291.0   63   -0.429012574702357   0.0010028813985637893
4319.16   64   -0.42901346375433214   0.000401816396147628
4344.82   65   -0.4290135536821608   0.0002085823560651637
4369.24   66   -0.429013625733925   0.00011975865796910201
4416.48   67   -0.42901362681981403   0.0001154225657235582
4439.99   68   -0.4290136620522395   0.00011051514922452989
4463.47   69   -0.4290136661064521   0.21437217860203786
4487.93   70   -0.429013664917615   0.00012108369454307601
4511.2   71   -0.42901366913155925   0.00011753845267152786
4870.29   72   -0.4290136672652254   0.17031985946748363
5058.75   73   -0.42901331885253785   0.0005349298114907414
5129.93   74   -0.42901332118168056   0.23068028555225037
5154.18   75   -0.4290133204393064   0.24111082786834703
5188.84   76   -0.4290135637327107   0.0003718266922928281
5221.77   77   -0.4290135685900011   0.0003789661552400021
5268.2   78   -0.42901357069004814   0.20085918535572053
5290.02   79   -0.4290135702798583   0.18864050941029237
5323.46   80   -0.42901336083147124   0.0007767758657374168
5357.34   81   -0.4290135327935568   0.1952788909153793
5400.8   82   -0.4290133621358004   0.0004442049482135453
5422.27   83   -0.4290135347097342   0.00040915937827394356
5666.32   84   -0.4290134248081991   0.24439999939534834
5957.32   85   -0.42901321858359776   0.26891715138563643
6025.59   86   -0.42901288291880774   0.19027455226586462
6089.84   87   -0.42901265860953264   0.2187038918363263
6159.2   88   -0.4290126775304825   0.21853207559393673
6191.51   89   -0.42901257613794097   0.0013632525206581107
6238.03   90   -0.42901257988597247   0.24174692120907385
6272.43   91   -0.42901274081431773   0.22702472318892966
6306.73   92   -0.4290136183382964   0.0005473017984430101
6328.89   93   -0.4290136185230404   0.1846679470940888
6372.38   94   -0.42901362043434554   0.22449815863954758
6406.09   95   -0.42901362031664586   0.2516008378491254
6439.59   96   -0.42901357638076665   0.17955681563640533
6491.12   97   -0.42901327985541055   0.18687833125033393
6559.21   98   -0.42901333542034115   0.19849577571036275
6594.0   99   -0.4290132824149836   0.211813079825323
6641.06   100   -0.42901299389939385   0.22367373713598093
