0.0   0   -0.44100904345255865   0.013530153868776451
66.0   1   -0.44395368757436876   0.01283551153719586
163.6   2   -0.44827991393212807   0.02586314012720748
258.68   3   -0.45768451263888416   0.03575813623366444
322.55   4   -0.4624306648056814   0.03455130111156188
384.35   5   -0.4703461730896211   0.021187167444835505
477.46   6   -0.4750215345114336   0.015393394100259477
572.16   7   -0.4785859274532901   0.013656689089322575
665.9   8   -0.4813670403120844   0.01590755058340588
724.85   9   -0.4839340626412838   0.009306533388567212
814.57   10   -0.4848818605240445   0.003035775200797324
900.2   11   -0.4849765594288265   0.002948282523630587
983.18   12   -0.4850345986552131   0.002244369398153516
1068.71   13   -0.4852266177401998   0.0025766520390117084
1125.54   14   -0.485275908204756   0.001342278451005985
1211.47   15   -0.4852920968092132   0.0010005484981698517
1314.67   16   -0.4853276270613074   0.0017332881468783035
1417.29   17   -0.4854569929399243   0.0012682682460940457
1490.42   18   -0.4855482138468462   0.0020656271673012943
1577.73   19   -0.48575452089784826   0.001755119420384437
1655.46   20   -0.48591734679904247   0.0014114571031819375
1731.74   21   -0.48602038450528606   0.0016801907114479045
1801.58   22   -0.4860983720669176   0.00162587611572746
1875.67   23   -0.48614919630965525   0.0008542066961914914
1941.71   24   -0.4862379782940386   0.0019050347355344382
2020.37   25   -0.48633490585086714   0.0007730022040611905
2097.27   26   -0.4864002800420008   0.0011721515285463059
2175.9   27   -0.48648190643055117   0.0007821127011030933
2256.53   28   -0.48653472638732204   0.0010216548727218122
2331.79   29   -0.48658754972679463   0.0010230664346263594
2407.93   30   -0.48662952804161685   0.0007697072907821363
2484.81   31   -0.4866495122292255   0.0005816485822590034
2557.57   32   -0.4866822417682494   0.0008598523211211598
2606.75   33   -0.48670881767509666   0.0008688177783964526
2653.73   34   -0.4867221278501857   0.0008236958006861291
2702.83   35   -0.4867299265281404   0.001052707464812264
2806.06   36   -0.48676837710920184   0.0012704390727609806
2881.0   37   -0.48682660750687246   0.0009041769739795765
2958.72   38   -0.4868638948806442   0.0009840894684958908
3009.41   39   -0.48688515802143184   0.0009641668559423597
3089.51   40   -0.4869247362735551   0.000770706766605108
3173.95   41   -0.48694051376747455   0.0005258201530395666
3231.19   42   -0.48694751747659987   0.0005215746348153805
3315.44   43   -0.486954246509283   0.0004579872516957569
3389.78   44   -0.48695944803624924   0.00041801224984385247
3465.65   45   -0.4869710767657524   0.0006344430147228467
3534.52   46   -0.4869824319849061   0.0004089524331583766
3601.67   47   -0.4869878081931095   0.00026141729649346726
3672.12   48   -0.48699981089658834   0.0005679900886771159
3746.52   49   -0.48700553066641844   0.00018822400309746423
3820.23   50   -0.48700774374306904   0.0001978595248959322
3898.76   51   -0.48700978131475464   0.0002094149492190122
3976.62   52   -0.4870115531450337   0.00021341377159427515
4056.67   53   -0.4870146749486413   0.00024226392208434206
4133.98   54   -0.48701797906014155   0.00026957725588042504
4216.69   55   -0.4870198091574265   0.00020400716173508046
4272.31   56   -0.48702062609347463   0.00022284926498809896
4368.34   57   -0.4870221100001685   0.0002256749952670911
4464.59   58   -0.4870254181876916   0.0001798635362940675
4564.43   59   -0.4870275614653217   0.00017751028654419476
4627.0   60   -0.48702849251137464   0.00013859698634506492
4725.62   61   -0.48702932402906574   0.00015343774054112094
4844.16   62   -0.4870334860039741   0.0002552986082332844
4901.13   63   -0.4870351166526025   0.00020717419157985747
4992.77   64   -0.4870366180217046   0.00021516435333662374
5082.92   65   -0.48703900714901566   0.00018176330685679647
5169.21   66   -0.48704108504695753   0.00016194791315704728
5258.8   67   -0.4870429652375857   0.00019918663447998145
5350.39   68   -0.48704455460143936   0.00018034982894252205
5441.3   69   -0.4870454615635115   0.0001290825690434902
5523.77   70   -0.48704782541189234   0.0002804295421397082
5601.11   71   -0.4870496845308656   0.00021202950202597252
5679.54   72   -0.4870507662003042   0.00013908934234064475
5754.35   73   -0.48705242630517226   0.0002512228076079477
5835.61   74   -0.4870544372801725   0.00016692917425170255
5908.88   75   -0.48705603492759714   0.0001308828267003906
5978.75   76   -0.48705728369907275   0.00013790269002772883
6048.49   77   -0.48705858589178513   0.0002637261649063523
6113.21   78   -0.4870595858810053   0.00020545378067988578
6182.73   79   -0.48706023354735556   0.0001573394378361142
6256.09   80   -0.4870610396481954   0.00015110044633747792
6332.15   81   -0.4870642748399752   0.00025234850020680187
6407.79   82   -0.4870678830243397   0.0002505294791739143
6483.33   83   -0.4870697812322944   0.0003045031018739768
6556.09   84   -0.48707186076662784   0.0002924325359162419
6633.92   85   -0.4870728781156766   0.00020371921870692715
6707.65   86   -0.4870743867178671   0.00018612582962987262
6783.63   87   -0.48707816634726386   0.00024285089396375555
6859.86   88   -0.48708059220857025   0.00017883030337336318
6941.32   89   -0.4870835674481846   0.0002925513533472116
6994.86   90   -0.48708560646839305   0.00019336252289290788
7076.91   91   -0.4870878180935652   0.0001786062385955164
7153.63   92   -0.48709056486361935   0.00029351741276312265
7246.35   93   -0.48709293632648465   0.0002065959520655136
7337.32   94   -0.487094743615044   0.0002840964541546968
7428.34   95   -0.48709796318095483   0.00016280521093229965
7518.99   96   -0.4871002407852687   0.00032076890004892913
7609.33   97   -0.487102285347636   0.0002315819156402995
7692.4   98   -0.4871046375475152   0.00022232337144587394
7779.43   99   -0.4871082068134504   0.00019905948826882548
7866.86   100   -0.4871114175576503   0.00020230636189124676
