0.0   0   -0.4348980973607656   0.11206033393858622
16.69   1   -0.4441203032018244   0.07439195390916617
39.43   2   -0.45127057202456533   0.03141833714031714
58.66   3   -0.46746952397834507   0.036367638681149186
68.49   4   -0.4719160199372021   0.029295498904160267
81.97   5   -0.47576322399306964   0.020116688428561517
96.14   6   -0.4805242007787475   0.037438025400526195
105.54   7   -0.4822529278553071   0.024516980402282812
114.1   8   -0.4837378097111095   0.01190314136210888
127.69   9   -0.4844070372206958   0.010251276856900941
150.9   10   -0.4846674211927861   0.18897862358460865
208.04   11   -0.4846671510474594   0.0053590409868039665
221.16   12   -0.48470877477019814   0.006467755408883158
234.68   13   -0.4847819703987918   0.006689349292510065
244.4   14   -0.48503986402979304   0.0049587918112993295
274.99   15   -0.48510138548384457   0.007008767997856175
285.7   16   -0.48512801231320907   0.2136935902684942
295.53   17   -0.48522143472613427   0.004747677925827171
314.32   18   -0.48525109208301803   0.1377255039594327
328.09   19   -0.48525453592683854   0.0030491828571122853
348.46   20   -0.48528512644021043   0.003436270881784819
357.93   21   -0.48532534505456293   0.004102812000011452
371.75   22   -0.48539502634574366   0.17037353936081615
418.61   23   -0.4853947508777394   0.002499335703884936
426.91   24   -0.4854008916769149   0.0023686546657837987
440.85   25   -0.48542103494498534   0.17645048834607605
449.67   26   -0.48542521479297573   0.0036043749440761285
462.38   27   -0.48544569134469306   0.0025339822169128997
484.24   28   -0.4854717800586313   0.00380202818925295
497.02   29   -0.4855572888886207   0.18324050552815224
543.99   30   -0.485556932331093   0.003144339554090036
556.9   31   -0.4855692735713397   0.0027896964041518283
565.55   32   -0.48558278417045236   0.0019685308260270823
574.94   33   -0.485599392448567   0.0011360867206780844
587.82   34   -0.485625040802608   0.24035021868998827
635.51   35   -0.4856247348994343   0.0017991248623714727
665.27   36   -0.48562606536003117   0.0011158925429798053
674.53   37   -0.4856386122729979   0.0022465805248824545
683.54   38   -0.48572144508490794   0.0034243252657529875
705.04   39   -0.4857295651930216   0.18050327879133035
718.57   40   -0.48573409991513083   0.0023479225814419485
727.31   41   -0.48573729590652953   0.0023095427546667878
737.5   42   -0.4857430705096323   0.19765681569396365
750.67   43   -0.4857446078082757   0.13229671560571546
819.69   44   -0.48574435643874925   0.0018929258253900713
832.53   45   -0.48575085262158696   0.0013745762455540707
846.9   46   -0.4857522195173542   0.001080458468873157
856.03   47   -0.48575421645404987   0.1706741805020825
869.71   48   -0.4857542314601527   0.0013822646483518189
882.9   49   -0.4857593592132975   0.0017820606688866687
892.15   50   -0.48577536072221894   0.0020691030704633015
923.23   51   -0.48583156712120035   0.004164660129988018
932.49   52   -0.48586202543377754   0.003177140868071437
941.64   53   -0.4858938130704126   0.0013562465480612131
950.27   54   -0.48589621016915113   0.0012757291860774071
974.96   55   -0.4859175665010864   0.20725205258463938
987.94   56   -0.4859181753987772   0.001630154991306112
1004.94   57   -0.4859461153632747   0.0025055485828137263
1335.74   58   -0.48595058766220345   0.0034972299372049275
1355.29   59   -0.4859929716640667   0.001713773775424758
1364.4   60   -0.4859948721287906   0.0019850876814167303
1383.08   61   -0.4859969615231024   0.0017434980411856768
1392.39   62   -0.4859981781405946   0.22400220831203377
1402.76   63   -0.4860025156976959   0.001270371059893098
1418.17   64   -0.4860121318692443   0.18844041008391108
1458.73   65   -0.4860117909801304   0.0013460763395332657
1513.59   66   -0.4860128305433964   0.0008853541427095484
1523.55   67   -0.48601567282859753   0.0006644281114027932
1534.05   68   -0.48601567994340067   0.0006574752584807439
1562.93   69   -0.4860243341428358   0.00138092386711375
1572.02   70   -0.4860285913425656   0.001765559882654771
1606.85   71   -0.48603163601227417   0.17560703758289647
1639.53   72   -0.4860311512932607   0.0015602522247548812
1662.39   73   -0.4860342258767092   0.0013495314651211442
1675.38   74   -0.4860390723554298   0.0006316752614190773
1695.76   75   -0.48605727789503683   0.0015651205503720753
1705.84   76   -0.4860696155951659   0.17242204166211297
1719.77   77   -0.4860700345609028   0.0011632824508481321
1733.2   78   -0.4860716133483386   0.0009753574848354114
1742.77   79   -0.4860945919657956   0.0012909434521536113
1802.5   80   -0.48610398072601063   0.0037412332346207972
1830.39   81   -0.486137808878753   0.0012338229874436471
1843.74   82   -0.48614171924167227   0.0007567640222824463
0.0   0   -0.4861417192416714   0.2627390983474046
70.59   1   -0.4861416513601259   0.13941960636648634
88.25   2   -0.48614141983397635   0.0009515873044004355
115.66   3   -0.4861428241179619   0.0011852263392787617
134.03   4   -0.48614894626785976   0.0014232809811350947
148.72   5   -0.48615993347508557   0.002227639050371716
173.26   6   -0.48617347424297563   0.0016810982848061169
183.17   7   -0.4861774101521526   0.1750674842006722
199.44   8   -0.486178208209072   0.21156386118860573
236.86   9   -0.4861777821205503   0.001634332585624592
260.79   10   -0.4861783602612369   0.001166141186391822
269.47   11   -0.48617986284285464   0.18893793899223274
317.14   12   -0.4861794488105767   0.001076273534716621
0.0   0   -0.48617944881043895   0.2197044334420284
376.69   1   -0.48617984413308973   0.0008899677138899415
473.32   2   -0.48617985545109826   0.0008893674206968038
513.91   3   -0.48618919705446795   0.0018890952831935118
553.27   4   -0.48619235972122393   0.0012661224424548897
620.41   5   -0.48620192798069606   0.0011815869464023069
634.66   6   -0.4862046424406606   0.0011344170087019038
653.25   7   -0.48621060758412693   0.001400593468039879
675.54   8   -0.4862383299341708   0.0020399881973375807
686.47   9   -0.4862524929038607   0.0009970152618657025
705.04   10   -0.4862602819097093   0.0015259529413726423
721.64   11   -0.4862813242354038   0.0010702397026210286
731.6   12   -0.486294303602554   0.00083993718597351
747.29   13   -0.48630416209915717   0.001304347861704443
764.52   14   -0.48631701293070617   0.0009165361160043736
774.54   15   -0.4863209380815189   0.000810790102828752
788.6   16   -0.4863238458343142   0.0005426573233027639
808.67   17   -0.4863324149263964   0.0009191739473772266
825.11   18   -0.48633935219138286   0.00043823996394980864
840.82   19   -0.4863464948024758   0.0006754030198738842
856.64   20   -0.48635581906271397   0.0007696844973737769
872.93   21   -0.4863673671219956   0.0014059231643828137
889.92   22   -0.48637473506056894   0.0006202546060967939
906.72   23   -0.48638267980093636   0.0006891463987608361
922.16   24   -0.48638929957325683   0.0010691432150138898
939.33   25   -0.4863907677684105   0.0009550152186288189
955.07   26   -0.4863964164664766   0.0006598790395816378
973.5   27   -0.48640963521876535   0.0009316450226068147
991.3   28   -0.4864118814898596   0.0012024178944287818
1007.39   29   -0.4864155148534015   0.0005860731005336776
1023.61   30   -0.4864174071736048   0.0012879823828189426
1041.61   31   -0.4864295602179981   0.0008953580403102826
1059.51   32   -0.48643474949893883   0.0006120740079172969
1077.03   33   -0.4864378352411082   0.0008063780991531486
1099.52   34   -0.4864511674022337   0.001149676530959679
1120.37   35   -0.4864628639795027   0.0010494742095970716
1137.36   36   -0.48646687239537756   0.0008983089841507374
1159.32   37   -0.4864792994175441   0.0012509535314575047
1175.9   38   -0.48648715105086165   0.0009211009704657758
1186.32   39   -0.4864939813381618   0.0010968861105510362
1202.28   40   -0.48650822014869194   0.001990636912179188
1218.9   41   -0.48651595411463966   0.0008732400244513476
1236.65   42   -0.4865183729695655   0.0006129802632260762
1252.55   43   -0.48652094542432683   0.000721975615733041
1278.18   44   -0.4865283867626516   0.0015790648672386895
1289.6   45   -0.4865349979972625   0.0006651990234430662
1306.17   46   -0.48653720042490994   0.0005315776817014467
1321.76   47   -0.48653902785909275   0.0007178423672206304
1338.46   48   -0.48654361381307853   0.0005012171599635458
1356.02   49   -0.4865459808231448   0.00040557437333287613
1372.86   50   -0.4865498754673281   0.0008383489470403843
1383.63   51   -0.48655169650139585   0.0006108443367218582
1400.91   52   -0.48655439978897325   0.19701461352047991
1429.27   53   -0.4865544019991035   0.00033937424227245815
1445.15   54   -0.4865545378055409   0.0003348515847156737
1457.05   55   -0.4865547139123655   0.00034133195678217535
1486.12   56   -0.4865579167822394   0.0005097374591819165
1497.25   57   -0.48656033524833375   0.0006360976375622335
1508.5   58   -0.48656038704867255   0.21923170878950465
1521.55   59   -0.48656267629410127   0.00033706558182518693
1551.42   60   -0.4865631033902491   0.0002617530746514088
1561.72   61   -0.48656365020386   0.00044478663128280144
1582.99   62   -0.48656430379862114   0.00043014643402621824
1593.56   63   -0.4865643243101444   0.1963694456085584
1604.64   64   -0.48656509718101354   0.00037345472138372343
1621.1   65   -0.48656538351442913   0.19639334252239793
1680.82   66   -0.4865652539931686   0.0004148680449526232
1691.72   67   -0.4865654438062692   0.00029098947862539725
1707.2   68   -0.48656594337912673   0.00033699683346190875
1723.4   69   -0.4865662553611424   0.00017589527505097223
1745.02   70   -0.48656680065105573   0.20537312012148312
1768.14   71   -0.4865663643880209   0.00037460813845391203
1778.94   72   -0.48656685200095084   0.00026508917365635496
1789.45   73   -0.4865670227512824   0.00022584763291105413
1801.66   74   -0.4865670394592432   0.0002455319953096038
1814.0   75   -0.4865674888042519   0.0001917794177910698
1836.61   76   -0.48656819749764246   0.1789569223250695
1853.32   77   -0.4865681399675663   0.0005250728672098209
1868.26   78   -0.48656821644098613   0.00038384686420289156
1888.57   79   -0.4865682260268722   0.00037189014657951024
1915.48   80   -0.4865682786335066   0.0003459474724840017
1927.9   81   -0.4865687408720707   0.00028187166200708814
1943.69   82   -0.48656929036588026   0.0002195290249762904
1959.92   83   -0.48656963404816755   0.0005676164036425629
1986.29   84   -0.4865696527647136   0.0005288801495000171
2020.43   85   -0.48656978267024675   0.0005511304450975794
2049.1   86   -0.4865697852475722   0.000541142015164672
2072.58   87   -0.4865704271777871   0.00027674854960719027
2128.59   88   -0.4865706565730974   0.00045239223368492577
2163.9   89   -0.48657162462884074   0.00027260656405359815
2175.81   90   -0.48657169237454023   0.2161319547373775
2213.5   91   -0.48657182893392026   0.23272950878637494
2350.63   92   -0.48657135197017864   0.0010205447747199134
2361.69   93   -0.48657212579559334   0.0003798212984837967
2374.83   94   -0.4865724474713977   0.17410907119058466
2412.83   95   -0.4865725629380816   0.20028270513793303
2442.62   96   -0.4865725527407728   0.00024623128221540786
2460.9   97   -0.4865728625745813   0.00025035221388989616
2477.72   98   -0.4865729489782269   0.00019375298218957164
2488.46   99   -0.4865731062202756   0.0002984311823531794
2500.95   100   -0.48657359219488   0.20730135190253157
