0.0   0   0.009407901721697441   0.010611149268151116
130.7   1   -0.11323810292833372   0.23033598282756704
435.91   2   -0.11327046587698286   0.25161580161871916
858.3   3   -0.11868693832258327   0.14996250939490646
1019.61   4   -0.12815047373922864   0.027376709379537508
1150.8   5   -0.26818795575632703   0.018080050912448922
1264.25   6   -0.2724368782098521   0.006932729992657441
1341.67   7   -0.27483560913603783   0.004101444488788886
1421.1   8   -0.27625344444403405   0.005215779706991508
1503.5   9   -0.27739688881615154   0.0029135585336751368
1582.94   10   -0.2782234358345422   0.0030331819277734312
1708.29   11   -0.27927072002723063   0.0029911823278641067
1766.76   12   -0.2803391976264339   0.00219802501870285
1820.24   13   -0.28128684766419554   0.002444573578937614
1891.29   14   -0.2821000707475284   0.002378575505845578
1936.95   15   -0.2827451573497462   0.0026661099254068196
1980.4   16   -0.2833388930097389   0.0015283866546887612
2050.75   17   -0.28374984903760164   0.0019361193480648485
2126.1   18   -0.2845354125490117   0.002794238427621629
2185.34   19   -0.2846869425382184   0.0027739819692090277
2236.83   20   -0.2851764497191485   0.0019058618969362304
2283.72   21   -0.28549118205197344   0.0009169490614656539
2352.62   22   -0.2856130137265055   0.0004763839007176214
2421.56   23   -0.2856499721334423   0.0004147181220684711
2487.54   24   -0.2856560397387433   0.00018327506431903715
2546.94   25   -0.2856592406352535   0.00017832844027088605
2636.38   26   -0.28570052210134916   0.00037534752001273437
2685.34   27   -0.2857176257162653   0.00014875742096253286
2749.96   28   -0.28572613005595615   0.0004715266397993619
2844.13   29   -0.2857826353577896   0.0005503118738120813
2917.37   30   -0.28584063271611954   0.0004036110864170219
2960.91   31   -0.2858806985393174   0.00019172775423557055
3029.74   32   -0.2859064636673894   0.00047857232701268166
3099.96   33   -0.28594252017922356   0.0003276985461054474
3166.62   34   -0.28596523903182397   0.0001267633462741247
3237.25   35   -0.2859693076768239   0.00012980315440287826
3308.32   36   -0.28598294296523247   0.00017486672136696343
3389.76   37   -0.2860075056157908   0.00016599879110143454
3433.91   38   -0.28603004638682905   0.0001449686718205295
3506.25   39   -0.28604489552720846   0.0002205877704648184
3579.9   40   -0.286055939590045   0.0001441185271182732
3650.17   41   -0.2860653213519692   0.0001521977597816529
3722.05   42   -0.28606779826546436   5.343135278862772e-5
3794.89   43   -0.2860685538934826   5.044363456842679e-5
3869.13   44   -0.2860701352381738   0.00014237637607202893
3945.06   45   -0.28607244888273564   4.444559991879635e-5
4024.76   46   -0.28607363084119003   0.00010793179279415875
4076.64   47   -0.28607469685869386   8.39479284279414e-5
4157.74   48   -0.28607561558666267   3.914507878376688e-5
4237.65   49   -0.2860773279833795   6.289993658660886e-5
4314.86   50   -0.28607876757255013   7.110123166588023e-5
4388.88   51   -0.2860808716950274   7.38898367086385e-5
4459.9   52   -0.28608228192938895   6.111698591652576e-5
4551.09   53   -0.2860847581646634   0.00011407674296241321
4621.54   54   -0.2860906461853399   0.00012500623616993494
4690.59   55   -0.28609513202653075   0.00011316117703400524
4760.86   56   -0.2860967089944343   7.818150335835888e-5
4831.69   57   -0.2860977598513867   5.920609455385962e-5
4902.53   58   -0.28610004547071   6.559939613716938e-5
4976.39   59   -0.2861035569027083   5.231961679168733e-5
5048.31   60   -0.286106497851893   5.2197869425053485e-5
5096.9   61   -0.2861079288791366   4.349012573049017e-5
5168.67   62   -0.2861125252341951   7.169705831384288e-5
5242.95   63   -0.28611579088405714   4.14371925661067e-5
5314.89   64   -0.2861181269118866   7.950529221240827e-5
5389.9   65   -0.28612097086839067   6.624938304258754e-5
5438.31   66   -0.28612201365786816   7.450031917195633e-5
5511.54   67   -0.2861228534828995   4.3003562824511675e-5
5561.83   68   -0.2861237342178761   6.092129923013103e-5
5642.22   69   -0.2861258618135675   0.00010116566417236705
5728.74   70   -0.2861283991467928   6.045684064849259e-5
5786.25   71   -0.2861307650209842   6.820245352436694e-5
5841.96   72   -0.28613229597147094   8.268731876951038e-5
5926.96   73   -0.286133731178435   5.066563315454963e-5
6007.91   74   -0.28613475883336803   4.167642040395895e-5
6089.95   75   -0.2861359005041722   6.495986571707303e-5
6168.37   76   -0.2861375685950961   7.25359524810819e-5
6219.52   77   -0.2861384642689957   9.050103454470941e-5
6299.12   78   -0.28613951877046795   3.4466942598149685e-5
6372.21   79   -0.2861401042955445   3.936144420299815e-5
6438.08   80   -0.28614153101561424   3.38880619472248e-5
6507.97   81   -0.2861421574879869   3.460241746031859e-5
6567.86   82   -0.28614304797458817   4.5199593527408914e-5
6635.34   83   -0.2861437208346669   2.9727950775901035e-5
6699.93   84   -0.28614461007591296   4.083429276828058e-5
6766.08   85   -0.2861457115092458   4.163315540885773e-5
6809.99   86   -0.28614611716024707   3.7465349865266784e-5
6884.44   87   -0.28614639038517686   3.9843298664070686e-5
6954.58   88   -0.28614683458248147   3.544421351603998e-5
7023.88   89   -0.2861471603887075   2.3316607152657684e-5
7086.8   90   -0.2861474059222622   3.539628583949654e-5
7129.92   91   -0.2861475921689117   2.8294113274267645e-5
7199.97   92   -0.28614776726740626   1.750679089696081e-5
7268.52   93   -0.2861481351415827   2.448965068270772e-5
7318.77   94   -0.2861482857177614   3.2661234850873243e-5
7394.48   95   -0.2861484664126356   2.015566282363772e-5
7471.83   96   -0.2861486844547008   2.9519620149515223e-5
7551.13   97   -0.28614893442273326   4.231191721938552e-5
7600.14   98   -0.28614906568047666   3.6055934148408454e-5
7682.03   99   -0.2861491555877208   1.8999282512980666e-5
7768.4   100   -0.28614939336197714   1.939671554282569e-5
