0.0   0   0.003656912795878549   0.047419601761810745
18.26   1   -0.1747645086128645   0.1597475147144832
45.59   2   -0.18581800810371693   0.24438860626274003
163.87   3   -0.18581791000390924   0.39471366798334573
292.15   4   -0.18581790984469554   0.4134683622189174
302.84   5   -0.18622504367631543   0.41928514672293515
408.08   6   -0.18622487365472362   0.35148896173467314
431.97   7   -0.18622470492775112   0.11532852053842749
456.03   8   -0.18660559668407645   0.11521300227819731
465.82   9   -0.26476905154217834   0.07217494041234065
476.16   10   -0.27869548607881695   0.28844574326046735
509.87   11   -0.2786957222194701   0.01886261940218669
530.43   12   -0.2790578206654871   0.2162101685708674
544.74   13   -0.2790864041934261   0.0206817627219573
554.27   14   -0.2792111248804333   0.01956615165149585
563.66   15   -0.28040663261003435   0.006213297063852813
572.88   16   -0.28058322568920635   0.0054885014613851165
588.11   17   -0.2808962799393594   0.25693498535547143
635.08   18   -0.28089613598678576   0.006527416026220113
652.18   19   -0.28093253563032344   0.004813056372150346
661.23   20   -0.2810465780172072   0.003953708051506586
721.74   21   -0.2812200006297652   0.023687866865840818
736.16   22   -0.28227611048265444   0.007519907766453879
763.75   23   -0.2837741693876138   0.010902360113239392
778.84   24   -0.28430133513950295   0.010992886263012806
788.39   25   -0.2850886966774296   0.006122720554505742
797.72   26   -0.2854721958220891   0.0046298216645298575
811.11   27   -0.28560036332966654   0.0019609038576145865
823.73   28   -0.2856720428154337   0.0027094246130531614
847.8   29   -0.28574175437494065   0.0017741509260482623
860.88   30   -0.285800956657557   0.0018419473667812174
873.81   31   -0.2858271630970746   0.0010000183763752394
892.69   32   -0.28582839122789966   0.0011226796528751107
901.15   33   -0.2858459622991109   0.001112437454626328
913.79   34   -0.28588942562150443   0.0021949549808498634
932.34   35   -0.2859186861186325   0.0015470973474316072
945.25   36   -0.285931617103686   0.0008273572440451114
958.4   37   -0.28593799540097786   0.000553486368778657
968.01   38   -0.2859385415857003   0.0005384272034190964
986.99   39   -0.2859602155386924   0.0011267181125793808
1009.37   40   -0.2859710713571673   0.0011672983581969417
1023.05   41   -0.2859856608134603   0.24713766275806404
1047.77   42   -0.285985662714969   0.0004343099488413496
1065.67   43   -0.28599244398805923   0.0009570215967759849
1075.11   44   -0.2859934740457591   0.24323628662581553
1089.61   45   -0.285994284029368   0.0009729044662690429
1103.08   46   -0.2859986837765245   0.00055535606191055
1117.34   47   -0.28600191045832013   0.00046315387648272223
1131.26   48   -0.2860157861589439   0.0005769956178998466
1140.88   49   -0.28602150649789304   0.0005729397497288565
1150.29   50   -0.28602631075189994   0.30731390997856317
1169.33   51   -0.2860262508446902   0.0005740900670733258
1178.48   52   -0.2860263249209637   0.0005031184058900533
1187.59   53   -0.28602786632039146   0.00021014731060414792
1200.8   54   -0.28602951262270926   0.0005253470755150999
1214.01   55   -0.2860362589071811   0.0003867853009801097
1223.41   56   -0.28603865942330353   0.0004955484117017588
1236.86   57   -0.2860418963936231   0.00041165049296020863
1245.79   58   -0.2860442051202638   0.00046734881686311873
1258.64   59   -0.286046952685699   0.0002776250613840844
1272.02   60   -0.28605069700674235   0.0005704130903278055
1285.61   61   -0.2860551515238616   0.00021101070617961183
1294.45   62   -0.2860556183473204   0.00019827897866025651
1304.11   63   -0.2860560650917199   0.00021762146874681711
1313.49   64   -0.2860602132566935   0.00020604181470727862
1351.9   65   -0.2860614671815701   0.00042480185315268656
1366.03   66   -0.2860643219544827   0.00016600319932769448
0.0   0   -0.2860643219534827   0.00032813690679508285
10.88   1   -0.28606483999035803   0.0005862143591425866
23.99   2   -0.2860656125992448   0.0005477246022129596
36.63   3   -0.28606739677685694   0.0007319287559826649
50.18   4   -0.2860694313450053   0.0006838534830827501
63.82   5   -0.28607046396091274   0.000532429433240846
72.17   6   -0.28607099575257433   0.0003267473620573173
84.99   7   -0.28607159215131966   0.0002968794790114856
103.54   8   -0.28607462541056383   0.0002713034281987359
116.64   9   -0.28607623322264647   0.0003075110220273257
129.68   10   -0.286079930528477   0.0005933742363936174
144.03   11   -0.2860833960047508   0.0003664622448301433
156.87   12   -0.28608558028665954   0.00048274780988910685
174.52   13   -0.28608999413043096   0.00029649218765427583
187.83   14   -0.28609450094232336   0.0006689753643954892
223.77   15   -0.28609778178121614   0.0008715510081611354
237.4   16   -0.28610233627712944   0.00039163023613719
255.95   17   -0.2861076627247239   0.000627752055583669
291.01   18   -0.286110338161166   0.00031074202933557013
303.43   19   -0.2861112686970763   0.0004147483395144763
321.18   20   -0.28611433565118216   0.29517856039087287
334.42   21   -0.2861140707895219   0.0005024812101322318
343.1   22   -0.28611480962632946   0.00018659659906102342
360.7   23   -0.28611582901680105   0.0006455440287926708
370.45   24   -0.2861162328615846   0.00022381841904424915
383.98   25   -0.28611662378808245   0.0001317899993752159
397.45   26   -0.2861169460249997   0.0005018497084377842
409.94   27   -0.28611776754422563   0.0007455219343419799
423.77   28   -0.28611778443668195   0.0007342598360180918
437.24   29   -0.28611851228967516   0.00029898331398629373
449.79   30   -0.28611870797618677   0.00017709815115223495
462.37   31   -0.2861189683028397   0.00028322489914983727
475.58   32   -0.2861198632087706   0.00025405482029320714
488.82   33   -0.2861212527632301   0.00040105018005418176
502.6   34   -0.28612446656417545   0.0006176311261677033
521.84   35   -0.2861265100751963   0.0004788678219322923
757.86   36   -0.28612687958959687   0.0006120200643004431
789.51   37   -0.28612807022262043   0.000383296546358588
802.44   38   -0.28612899589460783   0.00019115704240282305
820.35   39   -0.2861309556775017   0.0002754406690334957
829.04   40   -0.286131732399379   0.00027581457685182454
842.52   41   -0.2861324533409554   0.24716888069293336
875.48   42   -0.286132598438213   0.00032425130605188003
884.43   43   -0.2861326124816252   0.000256148371667276
893.4   44   -0.2861327077382435   0.00026625033794498953
911.79   45   -0.28613322690949106   0.00047358331962740497
921.01   46   -0.28613345627453646   0.00018052118220826194
934.85   47   -0.28613369364870767   0.00018810582550473945
948.05   48   -0.28613457545111387   0.0004691925586361991
957.54   49   -0.2861350084822935   0.00013059708123291122
975.7   50   -0.28613528524614884   0.00019822729047141597
984.48   51   -0.2861354363399695   0.00035032655459158206
997.1   52   -0.2861359233290369   0.00016898392401960892
1010.77   53   -0.2861361875630136   0.00013111457897727375
1024.23   54   -0.28613716704109804   0.00021105325660690684
1032.86   55   -0.28613750553120587   0.0002377272190747977
1046.06   56   -0.2861377785878506   0.00017858181178849553
1060.14   57   -0.28613824401570237   0.00012872995934715692
1068.52   58   -0.2861385069237059   0.00020928749647619805
1081.08   59   -0.28613914181795214   0.00010551344695823577
1093.78   60   -0.28613990040811677   0.00020312269736565066
1103.22   61   -0.2861401329543122   0.0001266183419456218
1116.04   62   -0.286140352890713   0.00013385807586326653
1128.35   63   -0.28614059917718315   0.00013319996415491755
1140.56   64   -0.28614094924454825   0.00013355931350697496
1148.96   65   -0.2861411195068329   0.00019126023064112304
1161.5   66   -0.2861413670396334   0.0001298952413616686
1174.37   67   -0.2861415946430871   0.0001348853103420661
1182.68   68   -0.28614173415726885   0.0002715617411883299
1195.81   69   -0.28614202022060947   0.00017351437691060008
1208.86   70   -0.2861422166394852   0.00010513587722485905
1222.31   71   -0.28614227924203267   0.00016197110563333556
1234.95   72   -0.2861423754066041   0.00014735393836669722
1243.95   73   -0.28614271284566284   0.0004482365855596108
1252.55   74   -0.28614293274262914   9.899324744895533e-5
1270.06   75   -0.2861431034932245   0.00018395649695960472
1282.69   76   -0.2861432863230303   9.813555978593826e-5
1313.78   77   -0.28614346529115564   0.00029419597035404584
0.0   0   -0.28614346529065326   0.39718986328771916
251.15   1   -0.2861431959930599   0.0003745773236143691
331.33   2   -0.2861434765563694   0.0005202568768927352
369.67   3   -0.2861437428349908   8.627300501560737e-5
425.08   4   -0.2861437742534467   0.00023361678741030985
510.11   5   -0.28614390874045414   0.00017491631777176954
572.36   6   -0.28614397820595694   8.693963978445759e-5
620.59   7   -0.286144004202747   9.494122897524593e-5
671.52   8   -0.2861440429014801   6.976664219659637e-5
734.98   9   -0.2861441537375651   0.0001267557101879284
775.19   10   -0.28614426432618006   6.162049137156987e-5
841.17   11   -0.28614430439799   0.00010221004134593395
906.99   12   -0.2861444663589767   5.8772912389533485e-5
938.51   13   -0.2861445355652036   6.815762151304308e-5
983.99   14   -0.28614468962414324   7.793762006059886e-5
1016.9   15   -0.28614474740524826   3.1074594916459555e-5
1084.41   16   -0.2861448850910223   9.653364276815173e-5
1132.91   17   -0.28614496264282785   0.00011713625752776963
1197.91   18   -0.2861450582778037   4.085472986027965e-5
1261.64   19   -0.28614513003757386   0.00010454965743713959
1309.28   20   -0.28614518350552415   2.6358330698571572e-5
1373.16   21   -0.2861452616986275   5.447440730989333e-5
1421.17   22   -0.2861453526688633   6.220340679796894e-5
1468.51   23   -0.28614537381845917   0.00013411288439753175
1499.87   24   -0.28614538716588056   4.3880608411501125e-5
1549.03   25   -0.2861453975364188   3.207192884965526e-5
1580.07   26   -0.28614540145849204   7.192262411945712e-5
1642.41   27   -0.28614544378293855   8.815125524415699e-5
1692.43   28   -0.2861454847562312   7.627168721908555e-5
1740.83   29   -0.28614550794584703   3.327568560866512e-5
1791.85   30   -0.2861455271480938   8.773408939484326e-5
1839.67   31   -0.28614557670106044   3.8465793055148934e-5
1889.31   32   -0.2861455907301875   2.0605014074762145e-5
1937.84   33   -0.28614560975038683   2.741727249161302e-5
1987.16   34   -0.2861456397168386   4.565169691319232e-5
2037.36   35   -0.2861456500870166   2.1246074166098362e-5
2101.98   36   -0.28614566354504783   4.042645029638897e-5
2148.96   37   -0.28614567809589725   2.1127398320143487e-5
2196.39   38   -0.2861456854131009   2.0622815271334363e-5
2246.32   39   -0.28614569006523694   3.585908272116783e-5
2308.9   40   -0.2861457091436599   4.849117565259848e-5
2356.67   41   -0.2861457229163361   3.332901514505855e-5
2410.98   42   -0.2861457340497612   2.472273888313288e-5
2453.62   43   -0.2861457526203391   4.1573588355575004e-5
2515.23   44   -0.28614576149162363   4.7840926433002256e-5
2554.29   45   -0.28614576498468414   3.435826534080481e-5
2613.01   46   -0.28614577076850317   2.892491671562995e-5
2668.32   47   -0.28614577715979944   8.205005137683042e-5
2722.47   48   -0.2861457861491338   4.3650675202116485e-5
2773.79   49   -0.2861457951313851   3.041691985311758e-5
2833.53   50   -0.2861458168648057   3.426603356136411e-5
2868.27   51   -0.2861458237140429   3.6099424915453024e-5
2918.35   52   -0.28614583773858937   2.0911607873418617e-5
2961.09   53   -0.28614584516275093   5.5899830979151e-5
2999.94   54   -0.2861458573054655   2.0841336404442937e-5
3018.99   55   -0.28614586422540655   1.1435912191793558e-5
3033.76   56   -0.28614587523560364   2.5351771621951947e-5
3043.85   57   -0.2861458786790023   1.9843380469064843e-5
3060.21   58   -0.28614588231505955   2.1524437884489803e-5
3073.35   59   -0.28614588656998197   1.945774168719211e-5
3090.59   60   -0.28614589662616574   4.639911867835461e-5
3104.65   61   -0.2861459049535141   2.4198330811011506e-5
3117.98   62   -0.2861459109781369   2.669620638938359e-5
3130.87   63   -0.286145915309861   2.2349668969021168e-5
3143.35   64   -0.2861459196788576   2.1326678139271746e-5
3157.62   65   -0.28614592528837834   3.0056047301402366e-5
3166.37   66   -0.2861459272098618   2.3743834785327543e-5
3179.12   67   -0.2861459291725742   1.3903803611863481e-5
3191.78   68   -0.2861459313681617   3.5805973834561256e-5
3206.32   69   -0.28614593404099187   2.5917824051342126e-5
3219.2   70   -0.28614593777398634   1.6969702882812456e-5
3231.96   71   -0.28614594012017297   1.3158258004983111e-5
3249.37   72   -0.28614594562591533   2.4301671924958964e-5
3258.05   73   -0.2861459483249237   3.302718132276147e-5
3271.09   74   -0.2861459525810546   1.4000713449805424e-5
3283.51   75   -0.2861459569144524   2.0590393452866158e-5
3292.35   76   -0.2861459582228531   1.1360217951211345e-5
3305.72   77   -0.28614595915061386   1.3218722877385818e-5
3318.03   78   -0.28614596213758575   1.008625524969006e-5
3326.46   79   -0.2861459630736213   1.5391115735897227e-5
3339.7   80   -0.2861459650450151   1.5211213133538034e-5
3352.8   81   -0.28614596610178666   8.812469370807434e-6
3365.44   82   -0.28614596718833524   1.3036018149955446e-5
3378.77   83   -0.28614596893010363   1.8701056560621295e-5
3391.55   84   -0.28614597044985784   1.626735184222375e-5
3404.11   85   -0.28614597309667117   1.68328305221745e-5
3415.54   86   -0.286145975774902   1.681738579455794e-5
3424.04   87   -0.2861459769344736   2.8215149798204308e-5
3440.23   88   -0.28614598008421815   3.183381521521135e-5
3451.56   89   -0.28614598669860897   2.2194128202764517e-5
3459.66   90   -0.28614598864129936   2.5332005849414354e-5
3471.67   91   -0.286145990553697   1.0751369196541165e-5
3483.0   92   -0.28614599324114837   1.8033370554619346e-5
3494.03   93   -0.28614599798392   1.1647746833348293e-5
3506.16   94   -0.2861460012168753   1.4570117661607302e-5
3514.12   95   -0.28614600240790955   1.1727306081855082e-5
3525.99   96   -0.2861460032649571   0.33975220647118864
3541.33   97   -0.28614598807340985   4.2857259822616065e-5
3549.59   98   -0.2861460041936653   1.2661820913446276e-5
3557.17   99   -0.28614600474935087   1.0784471823614323e-5
3571.9   100   -0.2861460061932457   1.9613183482615068e-5
