0.0   0   0.0298018932188496   0.010925309708561473
76.83   1   0.01964451897634322   0.051192226980171694
185.49   2   0.011151167102077378   0.1288452548059413
1163.26   3   0.0111511782510261   0.17867597936577165
1780.77   4   0.011151183927285847   0.13998409390017885
0.0   0   0.011151183868184068   0.14687137312332557
4789.91   1   0.011151191476003866   0.1496583104310888
5421.35   2   0.011151197036171491   0.12586397346652559
6064.16   3   0.011151180717605902   0.12456427773844021
6653.64   4   0.011150409965056354   0.14423254154179674
6964.57   5   0.011149709115485691   0.18332740787113547
7252.29   6   0.011149601063170332   0.13895531452695628
7565.07   7   -0.015579703095851553   0.07858102991397027
7874.31   8   -0.08230559988633449   0.15281017302939243
8297.89   9   -0.25899504172576976   0.0269410108333551
8876.41   10   -0.2768042819613865   0.05021128374780307
9282.31   11   -0.3310416942212298   0.026455842758378634
9668.69   12   -0.3538596425462538   0.02083973539828476
10111.89   13   -0.366008472945238   0.01600887315036733
10530.19   14   -0.37091240260006436   0.1738610910176818
11848.99   15   -0.37091394366118857   0.2059942166537659
14580.61   16   -0.3709141342332959   0.010843548743492377
15007.2   17   -0.37199693007435797   0.008201616022194538
15305.52   18   -0.3734180048901235   0.010976878238987978
15765.84   19   -0.38077102848730193   0.019621830516859576
16254.07   20   -0.3909810276992026   0.013696694393181778
16562.54   21   -0.39702305786776615   0.005291881249186821
16856.03   22   -0.3983729602070929   0.0031337670178008016
17248.78   23   -0.3989951310139632   0.0015994440746764733
17681.59   24   -0.3995471030669489   0.0026432659838045583
18201.2   25   -0.3998853630481706   0.0015306376905201077
18420.02   26   -0.40009175727961566   0.001285282933006586
18527.21   27   -0.40033723454359504   0.0011902660075149025
18627.41   28   -0.40060531285684936   0.0011226541476239624
18726.28   29   -0.4009061903058255   0.0009438035260869086
18825.16   30   -0.4010977203736856   0.0006938956648256392
18930.16   31   -0.40122436444579057   0.000623445309104301
19028.0   32   -0.4013392852472909   0.0009832043099010275
19119.78   33   -0.40158228003510216   0.0011203228583803375
19207.48   34   -0.4018717818017956   0.0010705497989649088
19269.03   35   -0.40189321831280717   0.0010550423239514763
19354.32   36   -0.4021638857027898   0.0011360005476808907
19443.79   37   -0.4024579625108251   0.000863978786379521
19501.68   38   -0.40264310821742627   0.0010313815404114197
19592.38   39   -0.40282045415055306   0.0007373604369604553
19687.25   40   -0.40300548938340497   0.0010261741254209414
19787.98   41   -0.40312361454133505   0.0005439336278784806
19887.69   42   -0.40322577665246895   0.0006237059730474527
19987.85   43   -0.4034338527671362   0.0011581870197144525
20085.99   44   -0.4036113011146355   0.0009926680272562014
20183.53   45   -0.4037343437471851   0.0006239678939941545
20272.21   46   -0.40382936524653584   0.0008989664911125749
20365.33   47   -0.4038915298765538   0.0005280998565751942
20452.72   48   -0.40399639142377997   0.0004665239351740866
20547.88   49   -0.40405275257364043   0.0005586251281832032
20647.95   50   -0.40410799322356306   0.0004893083745531434
20731.69   51   -0.4041927742486036   0.00045509330820823845
20817.98   52   -0.4042732432499588   0.00032241125212301435
20875.19   53   -0.40433275728454865   0.000367085130800108
20968.71   54   -0.40440547586525805   0.0005239863702461455
21052.03   55   -0.4044835708276542   0.00037064906378044964
21144.42   56   -0.40453038800694285   0.00034308857461446535
21208.95   57   -0.4045629588156473   0.0004379973381143061
21306.1   58   -0.4046012947374249   0.0003757927875762338
21405.44   59   -0.4046459596184263   0.0005403223174032755
21506.25   60   -0.4046962885458179   0.00045798920382238677
21610.57   61   -0.4047311462947299   0.00032571391114804735
21711.02   62   -0.40476474270415136   0.00027642245634744255
21815.09   63   -0.4047975835677968   0.0003176777766818703
21922.75   64   -0.4048247489010375   0.00029093045615283426
22029.28   65   -0.4048554606377489   0.0003210555465067814
22130.24   66   -0.4048822772156657   0.0003249749997287916
22224.48   67   -0.4049061810104184   0.00028549639170327674
22321.91   68   -0.40492411729677097   0.00035682798119817224
22426.05   69   -0.40495141200545615   0.0002782591095529848
22527.01   70   -0.40497265362994533   0.00021234403122733468
22652.34   71   -0.40499162923577453   0.00019706824602019362
22758.58   72   -0.4050224945118883   0.00021647804920474212
22864.01   73   -0.40504495991694434   0.00020972751553104615
22954.52   74   -0.4050697823276213   0.00021555495388103746
23046.08   75   -0.4050926765879079   0.0002028774505861177
23133.54   76   -0.4051106058385173   0.00020504404769314136
23226.33   77   -0.40512540108391476   0.00018400361001511136
23329.86   78   -0.4051398678984294   0.00016889064862107877
23398.23   79   -0.4051489002567251   0.0002946052220915324
23505.16   80   -0.40516807980579306   0.00022001723858382124
23610.62   81   -0.4051833475152116   0.000195299434551082
23679.92   82   -0.40519244909952523   0.00018274645024666665
23782.95   83   -0.4052064236641642   0.0002365111203755691
23885.82   84   -0.4052229835685474   0.00017527999173402314
23955.8   85   -0.40523111467576745   0.00017457339096494488
24064.33   86   -0.40523915815669137   0.00014189149766555143
24173.46   87   -0.40524813121093023   0.00016543387608057453
24278.5   88   -0.4052560538182455   0.0002556200659540909
24374.21   89   -0.4052645995473861   0.00022229770462434077
24459.2   90   -0.40527138681456215   0.00013771021292145896
24541.31   91   -0.40527767974694595   0.00011954973514036365
24634.51   92   -0.4052890768208297   0.00010739639338028047
24729.12   93   -0.4052991584278232   0.00013087282916541553
24793.41   94   -0.4053057149970957   0.0001267491031053963
24885.97   95   -0.4053140624957787   0.00012180395385281768
24978.88   96   -0.40532247799317855   0.000161559194254306
25076.19   97   -0.40533016548500733   0.0001911987987174065
25174.34   98   -0.40533954529829863   0.00015929181855195106
25276.93   99   -0.4053463671454556   0.00011908168787964751
25374.8   100   -0.40535444916524865   0.00013661714594498717
