0.0   0   0.03490179689981466   0.054390423348245356
19.01   1   -0.02291130754965347   0.19071875210433997
84.61   2   -0.023128614180213957   0.3217095648956874
245.09   3   -0.023128598141753193   0.33420068043697077
360.15   4   -0.023128632696530135   0.29580357179875116
371.29   5   -0.02541927262969778   0.35032555501052715
440.98   6   -0.02789526019087768   0.4286316238906387
690.47   7   -0.02789523774984721   0.42757560676754597
732.38   8   -0.22736962417830256   0.0787023335659041
769.84   9   -0.24403017132120375   0.08812056912022921
785.56   10   -0.2745376923168198   0.0910551824746364
826.73   11   -0.27461752328227124   0.13643911860142088
847.08   12   -0.28656983335579717   0.22987570792106282
994.04   13   -0.2865695532471098   0.09598557734791861
1009.48   14   -0.3136457323984201   0.06105092414193222
1019.65   15   -0.3250044328690379   0.06362953987663227
1031.27   16   -0.34266777369864576   0.06592452194301461
1046.95   17   -0.3601347066908936   0.05130152605552743
1062.21   18   -0.3738952829612094   0.024193935000818408
1078.28   19   -0.3799616981769584   0.021353269273178144
1096.67   20   -0.39160808570725897   0.03567378639624131
1107.11   21   -0.3963614000995011   0.012188062174682787
1116.25   22   -0.3974371642378652   0.004271246742510432
1131.59   23   -0.397939239666374   0.005893092689863822
1147.68   24   -0.3985375576511281   0.004039271995889311
1164.66   25   -0.3991376782197889   0.2874834907103796
1180.44   26   -0.3991500704335952   0.003955635892394422
1195.48   27   -0.39920637182656793   0.00437821856310542
1212.28   28   -0.3993822337725156   0.0025796530882262352
1222.75   29   -0.399463788132622   0.0019777480442799136
1238.11   30   -0.3995562477601248   0.001334829154733686
1269.7   31   -0.3996134805583731   0.0011653156752553966
1285.31   32   -0.3996422553656473   0.001117207324696776
1300.6   33   -0.3996707543624589   0.0010288143378445055
1316.03   34   -0.39971279258901476   0.0012511073356133555
1331.05   35   -0.3997640878966462   0.0015912928908801771
1378.22   36   -0.39980363109378525   0.002348988803969049
1415.1   37   -0.39982773806041405   0.3501865035087946
1453.25   38   -0.399827356907019   0.0018141235037335856
1473.55   39   -0.39985309142119935   0.0013577181885284992
1484.36   40   -0.3998818708862075   0.001401651412742138
1495.57   41   -0.39989345853507974   0.0008531828473204522
1511.42   42   -0.39991736595281063   0.1923868551887134
1553.85   43   -0.39991703369564063   0.0018142518066177056
1564.54   44   -0.39991854783478314   0.0013327833246656723
1574.1   45   -0.39993600594706474   0.0006552876319236173
1590.78   46   -0.3999497030493741   0.0006467578800673135
1612.6   47   -0.39995354572740427   0.24620892029286673
1645.21   48   -0.3999535244403222   0.0014462852552545417
1656.33   49   -0.39995626618401536   0.0008622427892996958
1672.0   50   -0.39997236931126284   0.0006974011863353464
1692.32   51   -0.3999874794957106   0.2876061396850546
1718.92   52   -0.39998750256680726   0.0008951168830874529
1729.4   53   -0.39998781030146874   0.0006947517343586943
1739.32   54   -0.3999917758241488   0.2596827046339725
1761.0   55   -0.3999917834094062   0.000729268289510144
1788.2   56   -0.3999923343378533   0.0005166191666985862
1799.53   57   -0.3999945718805896   0.00048470318463032086
1825.69   58   -0.3999953020025455   0.0008749680031467919
1842.3   59   -0.4000097968276576   0.0008172773317962158
1853.09   60   -0.40001786332631206   0.0009911043638838315
1864.52   61   -0.400046370265715   0.0010073549431225519
1899.31   62   -0.40006895683899923   0.0030122589681444104
1910.77   63   -0.4001126466192154   0.003191211361676894
1922.7   64   -0.4001590145560815   0.0010817799349310485
1938.38   65   -0.4002005365970689   0.0008487438375987544
2122.23   66   -0.40020018280026526   0.22927287296156232
2174.55   67   -0.4002019621498276   0.28719873511676614
2214.86   68   -0.4002016777813439   0.3113002922400474
2225.88   69   -0.4002018523899188   0.372447496613318
2247.43   70   -0.4002064761929672   0.003142445327544728
2262.95   71   -0.4002079363027571   0.003112063396144205
2279.66   72   -0.40027838369346086   0.2598623383006248
2314.18   73   -0.4002782145387228   0.3482377297993269
2348.92   74   -0.4002782743512485   0.0007446468962767093
2368.09   75   -0.40028194384115534   0.0009684102543778669
2384.95   76   -0.4002819931517192   0.0009448718898038267
2412.36   77   -0.40030944094773047   0.001629226249162747
2428.83   78   -0.4003714910866124   0.0012640482480244534
2444.23   79   -0.40041635358161065   0.0009098299733607325
2465.26   80   -0.40043033393371397   0.2883260307147106
2480.9   81   -0.4004411154512747   0.0014032699509158011
2496.27   82   -0.4004418435030658   0.0013751352493218618
2511.75   83   -0.40046433890669364   0.0008937217246767363
2533.51   84   -0.4004871039047651   0.0013268684418283787
2550.12   85   -0.400509781736343   0.2915025005708583
2565.11   86   -0.4005099436464292   0.0010787628487654362
2575.35   87   -0.4005109742171347   0.0009572923102644129
2668.94   88   -0.4005173493766553   0.31921185273325303
2740.05   89   -0.40051710345450087   0.0017231857795481417
2750.34   90   -0.40053076284279265   0.0007609691211858891
2767.76   91   -0.40053209362421205   0.28681404805788097
2810.76   92   -0.400532320642388   0.2756510006262876
2832.2   93   -0.4005325194164142   0.0006301124194245896
2846.27   94   -0.40053270738324825   0.0006091567833559688
2859.38   95   -0.4005330146679119   0.0006421939821683654
2870.85   96   -0.40053305413711604   0.0006482491019479973
2898.8   97   -0.40055495520915346   0.0009202431309860209
3137.66   98   -0.4005591185729017   0.2613325954468861
3191.23   99   -0.4005660722964999   0.3089369858061765
3276.18   100   -0.40056570969134814   0.0020297176300875406
0.0   0   -0.4005657096913481   0.005121040268573847
18.78   1   -0.400639311101712   0.004749543849283791
38.63   2   -0.40068595616941804   0.004346499342596206
57.81   3   -0.4007357949967512   0.003026173356653474
132.3   4   -0.4007541921990453   0.007651227672961489
142.64   5   -0.4008081400778818   0.0014846385802720883
157.07   6   -0.400824034610087   0.0019181307256212123
177.47   7   -0.40084789423136385   0.22299252629214433
192.1   8   -0.4008499595155649   0.004804889298282654
213.26   9   -0.40085863148935197   0.004143177633410826
418.64   10   -0.40085845115330115   0.002594843590801361
434.12   11   -0.4008914743006684   0.0024880979496419296
455.47   12   -0.4009285061118104   0.0026677706993473403
471.63   13   -0.4009803842384939   0.003594701957368579
487.08   14   -0.40105813573305993   0.002126646232802943
497.15   15   -0.401086235826403   0.0025200162190933658
513.56   16   -0.4011216416890285   0.002931161923790629
529.2   17   -0.40115412200120293   0.0021215383413811803
544.89   18   -0.401185542854455   0.0014476574325336937
560.87   19   -0.40120695655316896   0.0016015524285783692
576.89   20   -0.4012335940128162   0.002342383888350954
592.96   21   -0.4012550085814945   0.0016954498237794406
608.2   22   -0.40127753827379126   0.00276854554397724
618.79   23   -0.4012901444416013   0.002106389992278829
634.47   24   -0.4013034599131997   0.0021847991881063923
650.27   25   -0.4013519303766798   0.0033608791896263795
660.49   26   -0.40138175201620174   0.2530093647545962
703.88   27   -0.40138179979055144   0.2350475233994106
725.11   28   -0.4013820188214587   0.0033884903889607816
741.65   29   -0.4013871020707986   0.002340164205564696
752.93   30   -0.40138817069381594   0.002460899643852537
763.6   31   -0.4014063472706079   0.246821602462887
828.02   32   -0.40140627592349865   0.0030986039644030523
838.35   33   -0.4014281882723572   0.004593623951321693
853.91   34   -0.4014687146086898   0.0025310060563809283
870.67   35   -0.4015151166352254   0.003465632028501924
881.3   36   -0.4015658183169192   0.28633924952019213
897.61   37   -0.4015657652929079   0.0034151192320388607
914.76   38   -0.4015706578289588   0.002928395383982037
930.15   39   -0.4016152824241738   0.002393434987513438
945.2   40   -0.40165536582900224   0.0037584618432662496
954.92   41   -0.4016826971841533   0.002716875334235558
970.5   42   -0.40170391578588494   0.0022932205285433717
985.13   43   -0.40172255852080674   0.0030500886033518527
1000.32   44   -0.4017612873953246   0.003785984060767709
1016.06   45   -0.4017936897774478   0.0037459009996068816
1031.37   46   -0.40184526340960414   0.31588171257349423
1068.18   47   -0.4018459684054828   0.2297536501053706
1110.3   48   -0.40184569836436   0.004521873401226529
1126.25   49   -0.4018606997109057   0.0027871036951292428
1182.11   50   -0.4018661306772593   0.29932102249163733
1198.25   51   -0.4018666441945253   0.0025634373995230063
1208.28   52   -0.4018792554795413   0.00369359263566971
1219.46   53   -0.4018873219625166   0.003908048589491866
1231.38   54   -0.40194462783194984   0.0032252815736613615
1242.12   55   -0.40196980142203786   0.0024227983877699003
1252.73   56   -0.40198121025434264   0.002027190656610608
1268.77   57   -0.4020153653911899   0.002428990848128565
1279.46   58   -0.40202594333804553   0.0031422880867019716
1290.79   59   -0.4020554016095446   0.002586240510267464
1307.41   60   -0.40207714830397184   0.0016491760189474925
1323.25   61   -0.4020933702345644   0.001638324877957315
1333.73   62   -0.4021020998773948   0.0015466163393834634
1351.16   63   -0.40211492642439783   0.31161637453122676
1368.3   64   -0.40211692461284615   0.001728511542697303
1378.67   65   -0.40211894477684046   0.0021345443559260624
1390.12   66   -0.40212639904310804   0.2749380289486977
1440.64   67   -0.40212632875767534   0.3047026543645305
1607.14   68   -0.40212631778820573   0.30250654641848107
1677.57   69   -0.40212594220514136   0.3442561025988201
1780.11   70   -0.4021255482088834   0.0023440169354650747
1790.55   71   -0.40212657859104894   0.001323871097017308
1801.57   72   -0.402126926616402   0.0012767110551779432
1813.82   73   -0.40213036223782633   0.000985290268308821
1825.38   74   -0.40213131911388167   0.00104686443805249
1836.79   75   -0.4021343756796593   0.0018705349116872258
1852.91   76   -0.40214252976422793   0.001711033203043941
1870.08   77   -0.40214920154608375   0.0013396449977962496
1886.96   78   -0.4021554534929781   0.001442494443322403
1903.86   79   -0.4021659406914543   0.0016753636260648378
1919.6   80   -0.40217266788366357   0.0013536436937233254
1937.64   81   -0.40218029575647896   0.0010507684132487895
1954.68   82   -0.40218620376900466   0.001294958556716322
1971.06   83   -0.40219338130233057   0.0012881211971499237
1982.18   84   -0.40219362769244893   0.001262683593551773
2004.48   85   -0.40219687241350066   0.06777629599827578
2020.61   86   -0.40219665855138476   0.0010981592585753
2030.78   87   -0.402197203562913   0.0010479191574387337
2044.84   88   -0.4021978156455184   0.0010331313106815678
2055.44   89   -0.4022026829447438   0.000699383188255287
2071.23   90   -0.40220872611494685   0.0011022258115103284
2081.72   91   -0.40221396694544825   0.22532000700923724
2129.64   92   -0.4022139541908622   0.001066347976963532
2139.67   93   -0.40221410593124585   0.0009866654837841367
2182.57   94   -0.4022176275523201   0.25665701207892316
2262.86   95   -0.4022172281986214   0.2827445877091401
2323.42   96   -0.4022171760327174   0.3041335069966828
2347.98   97   -0.40221693764310995   0.0019035549060936708
2357.52   98   -0.40221750912089627   0.0017379273864805487
2367.29   99   -0.4022201660651621   0.0008626876756136707
2377.18   100   -0.40222098324369215   0.3211210452954141
0.0   0   -0.40222098324251315   0.34132323528901
608.26   1   -0.40222068458136084   0.28700560259954294
961.22   2   -0.40222028536818305   0.29389640280768836
1009.29   3   -0.40222045038678267   0.2416234379706893
1102.65   4   -0.4022205294302687   0.27784893723646964
1263.54   5   -0.40222018088841455   0.33680882786504
1277.53   6   -0.40222039542562704   0.0016120002626281865
1307.3   7   -0.4022204063924021   0.2826361417303201
1319.99   8   -0.4022204073730846   0.0016077801982163208
1341.07   9   -0.4022204491393136   0.23816413115596355
1375.64   10   -0.4022204491362605   0.26296272106802326
