0.0   0   -0.6530402614376617   0.14808424850870822
2141.2   1   -0.6530397057285238   0.19774975973059056
2735.08   2   -0.6530392665095537   0.10899839402734689
3103.42   3   -0.6530389661411196   0.17120113286021815
3555.38   4   -0.6530385073737688   0.12644077369448214
3714.41   5   -0.653038339954667   0.1359311445286305
3867.74   6   -0.653038346450644   0.10768752211384447
4920.52   7   -0.6530377149754286   0.15671353619153738
5134.22   8   -0.6530379698891631   0.13054818449063846
5254.73   9   -0.6530381490725278   0.17692957638433138
6945.22   10   -0.6530380990023911   0.1603540534860414
7173.47   11   -0.6530380620267887   0.11687385274972054
7526.45   12   -0.6530379884867488   0.1358282161404043
8037.16   13   -0.653037479657542   0.11558459905332279
8592.67   14   -0.6530368674731776   0.11977792029666622
8959.38   15   -0.6530368042998121   0.18319931926085434
9211.93   16   -0.653036817289948   0.12526570678244883
9522.33   17   -0.6530366189823213   0.12495099625686197
9877.13   18   -0.6530366627830788   0.17946868447904257
10497.84   19   -0.6530369049844662   0.16350634782545198
10758.65   20   -0.6530368619637498   0.17466036223135037
11421.1   21   -0.6530362821440057   0.15939055828733
11973.51   22   -0.6530356700933855   0.15035126938096913
12194.08   23   -0.6530356239199062   0.194724225331209
12824.79   24   -0.6530355372908393   0.17193726493224185
13006.8   25   -0.6530355372620611   0.12307811127970264
0.0   0   -0.6530355372818339   0.1453033907404627
2835.22   1   -0.6530349038863891   0.12336522483324744
3710.84   2   -0.6530343396916891   0.16410981925988882
4555.18   3   -0.6530341521077728   0.15078866377667838
4840.99   4   -0.6530341750911711   0.13449600176995066
6279.47   5   -0.6530377230949849   0.0022266375414579584
6572.33   6   -0.6530378092284775   0.10491149133697698
6844.6   7   -0.6530394632806366   0.17491996807836754
7157.06   8   -0.6530595003341533   0.002511569210101205
9811.06   9   -0.6530594554985953   0.1309299387586356
10610.3   10   -0.6530588581439353   0.19513086047050632
10902.73   11   -0.6530582453517033   0.15547412995122814
11243.62   12   -0.6530575950551176   0.1225935683903319
11525.56   13   -0.6530571530007356   0.12112600051401268
11673.35   14   -0.653057129991147   0.13648395734046048
11781.83   15   -0.653057079242275   0.167698312144333
11835.88   16   -0.653057024927899   0.12434831089663761
11910.87   17   -0.65305699589467   0.12157485306680554
12093.78   18   -0.6530569934118797   0.11550606922158999
12159.42   19   -0.6530569599072447   0.11044521167002869
12593.64   20   -0.653056959790562   0.23497638143849195
12690.03   21   -0.6530569553677075   0.14923777505601307
12736.73   22   -0.6530569572081198   0.11719140223586906
12805.68   23   -0.6530570005768631   0.16008961768439123
13214.21   24   -0.6530569292608766   0.1526475508780949
13752.97   25   -0.6530563169222885   0.10920139155678181
13879.29   26   -0.6530559695085281   0.12832339227482234
13918.43   27   -0.6530557414394652   0.18313327936836163
13980.05   28   -0.6530562991471642   0.12223530933550937
14020.95   29   -0.6530564279890577   0.16162988467988765
14104.7   30   -0.6530558707514821   0.1735143756813883
14148.81   31   -0.6530557686115526   0.15318407691738126
14189.3   32   -0.6530559260526949   0.1477973856568428
14370.18   33   -0.6530575131915594   0.17188535943581182
14803.5   34   -0.6530577438102626   0.15837813310938043
15090.52   35   -0.653057220469978   0.0018884913189995208
15224.36   36   -0.65305725663832   0.12013036997388585
15283.51   37   -0.6530647790201694   0.001586045660313561
15383.82   38   -0.6530647775907976   0.1349604760127545
15422.02   39   -0.6530647789736262   0.1977805760472745
15461.22   40   -0.6530647893542443   0.14767587734191767
15535.98   41   -0.6530643323053592   0.0017797537843336811
15626.75   42   -0.6530648524039232   0.16175879000915297
15680.06   43   -0.6530645848128995   0.12644195264489683
15785.34   44   -0.653064845294541   0.13418377583208657
15844.07   45   -0.6530648101247948   0.15934738161575787
15880.42   46   -0.6530642115125858   0.16425220268368979
16211.11   47   -0.6530636451580233   0.15317903639621241
16254.84   48   -0.653063829141433   0.12562199551097267
16296.74   49   -0.6530644648263693   0.1931604941538049
16398.5   50   -0.6530642624642752   0.13013822642738523
16484.05   51   -0.6530642959398258   0.16749235256003445
16978.43   52   -0.6530640025095927   0.001935773619044274
17065.04   53   -0.6530640461347968   0.14592908588004191
17308.33   54   -0.6530641436816441   0.14293095257705093
17677.71   55   -0.6530634936192588   0.15528447467132137
18228.86   56   -0.6530633539898891   0.14703296111722042
18351.37   57   -0.6530628950624727   0.17754870637045433
18575.89   58   -0.6530628402532627   0.1367685528890314
18911.24   59   -0.6530621872073321   0.19066465522348905
19242.2   60   -0.6530615537610562   0.1306196065437636
19443.0   61   -0.6530611662593842   0.12274805830773215
19569.76   62   -0.653060798154601   0.1321816876928901
19627.82   63   -0.653060953934841   0.19966184286167585
19685.94   64   -0.6530634582094796   0.0032528328881764397
19803.04   65   -0.6530723925294648   0.1488910721218322
19894.9   66   -0.6530720927150644   0.18644101496245283
20070.89   67   -0.653072079916528   0.13893215050249594
20114.55   68   -0.6530722071231352   0.10967938428802541
20166.2   69   -0.6530727950358804   0.11455617535689767
20492.39   70   -0.6530726565441991   0.13477544225080273
20654.86   71   -0.6530720710040453   0.13498554472460364
20704.05   72   -0.6530723366316817   0.12175725290724311
21076.92   73   -0.6530722039960905   0.17542923379297257
21160.68   74   -0.6530718717069511   0.17987560847379774
21225.04   75   -0.6530714696148116   0.17787010458153313
21302.26   76   -0.6530711658840311   0.17558433504997908
21378.57   77   -0.6530708242245564   0.15729911737141825
21409.53   78   -0.653070790383472   0.14756639064994517
21485.3   79   -0.6530706734995478   0.16629007525777106
21546.93   80   -0.6530713543744143   0.1459192611463886
21723.67   81   -0.6530716703036888   0.006428203561548252
21790.11   82   -0.6530716759574411   0.15103771872231792
21846.5   83   -0.6530716759795877   0.16458007427144447
