0.0   0   0.44088773280956534   0.10977709470840799
15.41   1   -0.071379101425988   0.15215753710438298
24.04   2   -0.306214243304598   0.10612655664670712
36.28   3   -0.403562543160352   0.07063111083210945
49.45   4   -0.46171296103586856   0.05847349820589944
67.69   5   -0.52232142533327   0.036810305445674193
81.3   6   -0.5480458284991674   0.05942710297149247
100.37   7   -0.5732765978172687   0.03956118938143707
110.38   8   -0.5998279160276805   0.030514772128190416
119.68   9   -0.6182467428979563   0.024341431266221247
145.82   10   -0.6344265935283245   0.1984363411582972
243.32   11   -0.6344262704710887   0.017966110277212746
257.58   12   -0.6375152655711599   0.012473029315577366
266.84   13   -0.6402857527915516   0.007336006468230455
275.85   14   -0.6422740420470485   0.004024684797707084
290.2   15   -0.6428979431596764   0.002681354511682033
304.08   16   -0.6433236905199009   0.002203573327478836
317.81   17   -0.6436311663928515   0.0016428857353316517
336.13   18   -0.643682847877806   0.000959269348760448
356.78   19   -0.643737301602637   0.0009441593492093948
380.63   20   -0.6438485966110868   0.001194939491900403
395.76   21   -0.6439715663590382   0.0010868211750501692
414.85   22   -0.6440240776222353   0.0007810342416709044
428.73   23   -0.6441269111464273   0.0008989492939316204
441.92   24   -0.6441732713426187   0.00040024072478282507
451.76   25   -0.6441829976243354   0.00026325546334626847
465.69   26   -0.6441898567416895   0.00047752145833435263
479.14   27   -0.6442055518364231   0.0005507146063066723
493.4   28   -0.6442190604842445   0.00035113874247798504
508.41   29   -0.6442295164273926   0.0002984852123035455
523.76   30   -0.6442613684795937   0.0003826915250563592
539.5   31   -0.6442994609829693   0.000426651149704492
548.77   32   -0.6443285317878892   0.0009837533347673492
565.44   33   -0.6443938928941315   0.0007472335387926496
581.46   34   -0.6445401592873957   0.001616592444455465
610.17   35   -0.6445997360401334   0.002957775349491526
625.17   36   -0.6447741277074508   0.23958814035120868
692.17   37   -0.6447745246862051   0.0009876619345177773
701.24   38   -0.6448283053836771   0.000775834509481063
740.71   39   -0.6448906477821338   0.23321158363048086
787.79   40   -0.6448908373167253   0.26067820751117526
856.35   41   -0.6448907189112991   0.0010695149849209175
892.7   42   -0.6448927369284201   0.0008643479795497188
908.32   43   -0.6449264527089753   0.0011295230796644884
923.95   44   -0.6449364149164625   0.0010438123601816901
949.82   45   -0.644963740542175   0.0011411898490777759
960.46   46   -0.6449907147772237   0.0006582097903967909
976.75   47   -0.6450195723349487   0.0007098670930798897
1091.59   48   -0.6450301553606644   0.28796480754820697
1195.49   49   -0.6450298588572657   0.001942383019502602
1209.87   50   -0.6450344471495971   0.23732892151933724
1255.92   51   -0.645066204182248   0.002772011651210058
1440.97   52   -0.6450679105700681   0.2201655170583801
1490.93   53   -0.6451002756416224   0.22199353912911785
1555.59   54   -0.645099843715796   0.2865915972785389
1633.75   55   -0.6450992973974363   0.0011019356413145864
1682.39   56   -0.6450995271042701   0.23355518452046137
1693.13   57   -0.645099312905349   0.2708163095055885
1767.09   58   -0.6450988722863935   0.0011116596024061407
1803.84   59   -0.6451105939168559   0.0008767939978161095
1826.45   60   -0.6451231524956367   0.20493189328250713
1873.23   61   -0.645122510432067   0.0007616393102384619
1893.09   62   -0.6451227770639405   0.0007769419194856758
1926.63   63   -0.6451489310457965   0.0013506467972605064
1937.05   64   -0.6451913459554173   0.0007488835142201644
1952.41   65   -0.6452033260521903   0.0004343246431425795
1972.34   66   -0.6452074023680621   0.00038571713342060886
1993.42   67   -0.6452258502102285   0.0005040407258794116
2024.5   68   -0.6452487838015263   0.2442934244024985
2080.3   69   -0.6452486370267051   0.0016028289401088744
2105.96   70   -0.6452581412528919   0.0009672166792487162
2116.65   71   -0.6452586042525628   0.20887930026899074
2156.58   72   -0.6452700501478579   0.21551859976322005
2183.65   73   -0.6452715169564849   0.0007692682430448527
2205.14   74   -0.6452811480947132   0.0007031412785028447
2222.05   75   -0.6453008784209014   0.23890387341107241
2231.67   76   -0.6453041129770087   0.0010957327692628857
2251.5   77   -0.645309608171644   0.0008282548957391716
2266.59   78   -0.6453106504634314   0.0007747962216720608
2307.28   79   -0.6453289639853537   0.0012596927509409088
2343.14   80   -0.6453566851165704   0.001634895355023267
2353.27   81   -0.6454119570888869   0.0012307517818682702
2363.82   82   -0.6454321159176043   0.0009622348236930774
2385.65   83   -0.6454651472125894   0.23145187568461298
2414.82   84   -0.6454671259874802   0.0014677902345961733
2424.68   85   -0.645472070352679   0.0009040307508568736
2444.61   86   -0.645482521809522   0.29286556550041043
2459.77   87   -0.6454894836775675   0.27444845865378925
2550.19   88   -0.6454901267407883   0.24169926961780797
2598.56   89   -0.6454898681867215   0.0007944848570919586
2618.14   90   -0.645494432765585   0.0007417635662321589
2628.05   91   -0.6454947730619524   0.0007135610678901479
2643.84   92   -0.6454956909817795   0.0006447005158955466
2658.9   93   -0.6454971262733515   0.0006149914758105627
2669.47   94   -0.6454985530175738   0.0006106437349796679
2679.9   95   -0.6455209309918785   0.2390612272112044
2738.88   96   -0.6455214049229937   0.27288867932425237
2809.05   97   -0.6455211069516058   0.0010042448573915706
2841.6   98   -0.6455236623651848   0.0009401032954585276
2869.56   99   -0.6455476071066268   0.0005803981490875489
2884.1   100   -0.6455696163194525   0.001084607979942465
0.0   0   -0.6455696163190117   0.004719337357861582
12.98   1   -0.6455830091535056   0.26598873902092013
48.92   2   -0.6455826984454984   0.0025293666731764962
63.21   3   -0.6455827435634804   0.28799905699629486
77.23   4   -0.6455826919363854   0.27581314747991426
92.77   5   -0.6455827062587343   0.2535021793668362
102.78   6   -0.6455827266268103   0.28011390030159333
120.89   7   -0.6455834690522603   0.003762766410027612
139.9   8   -0.6455837251101346   0.003698657026072643
154.63   9   -0.6455858030263821   0.24878210031941433
165.19   10   -0.6455851962130433   0.3195334419717094
214.27   11   -0.6455849654731269   0.003393077132032613
224.36   12   -0.645585143563425   0.22831855487666697
259.19   13   -0.6455852204571487   0.30843491005704354
278.16   14   -0.6455885279352039   0.004433328199609036
296.95   15   -0.6455951497758383   0.0016023748666867843
316.24   16   -0.6456026065158751   0.2698711053854518
336.47   17   -0.6456020772706457   0.19528568759015344
367.62   18   -0.6456017153144528   0.004042293155002626
386.53   19   -0.6456022563653185   0.0033961667953091514
424.26   20   -0.6456032102396497   0.26951097640429594
456.9   21   -0.6456040098772291   0.00372680262448507
471.08   22   -0.6456043100582493   0.2394423844063843
504.32   23   -0.6456042399828117   0.0027312659916944116
513.53   24   -0.6456044506130044   0.18434630306442937
532.03   25   -0.6456044344822364   0.0052915674349967665
559.3   26   -0.6456045845997417   0.27797358295008917
578.19   27   -0.6456039968818166   0.005021247396839811
591.5   28   -0.6456068376853308   0.002714968080293071
607.04   29   -0.6456069469107775   0.002721986680819071
616.88   30   -0.6456269252133537   0.003039825242769277
627.29   31   -0.6456277237450919   0.2713274389944408
651.58   32   -0.6456303321660888   0.0024470882968136293
665.27   33   -0.6456303501568008   0.002482715297697885
763.69   34   -0.6456301656881418   0.24475750529356216
868.91   35   -0.6456295729445392   0.218901747039781
879.02   36   -0.6456302986439426   0.22143611818446887
913.15   37   -0.6456412879060552   0.22742341417476986
952.12   38   -0.6456455082040414   0.21018613178199735
1007.29   39   -0.6456451954710012   0.25624732358334573
1048.6   40   -0.6456445517125698   0.2962732595759887
1088.06   41   -0.6456439458880862   0.005649959502935695
1106.9   42   -0.6456439652496752   0.22571989050862085
1115.77   43   -0.6456439699540396   0.2613370619280746
1125.53   44   -0.6456437632598259   0.24045155811718885
1144.64   45   -0.6456437726404778   0.20926902175045187
1178.19   46   -0.6456437336439608   0.27587230266537766
1217.09   47   -0.6456437336444985   0.20568065269156197
0.0   0   -0.6456437336411133   0.2581433983316489
160.7   1   -0.6456433191175361   0.2489779358164437
173.31   2   -0.6456431683956859   0.24181076784158131
193.69   3   -0.645643168395467   0.20334484552719626
