0.0   0   -0.34289845469425206   0.2558610638914463
33.77   1   -0.3442044796124041   0.33582395377154495
123.17   2   -0.3442041967644376   0.02950367766749274
132.17   3   -0.3442150301020771   0.38820214704844963
181.0   4   -0.3442147526262239   0.42316060046110604
220.11   5   -0.34421473508637984   0.43951784635210495
266.5   6   -0.3442144065067588   0.3276972127805364
288.15   7   -0.34421427587944325   0.31798999751624735
296.43   8   -0.34421415997375304   0.0293765695433771
312.54   9   -0.34421822689594844   0.029317489085859204
322.3   10   -0.3453764520185298   0.3578179582916503
358.4   11   -0.3453761432865552   0.3881809200129666
409.03   12   -0.34537582254010873   0.007015920644210433
422.57   13   -0.3453767960390773   0.006964026876799005
473.53   14   -0.34538351156610714   0.35930955057357644
545.62   15   -0.34538323133509047   0.4367650482374326
568.0   16   -0.3454610738234364   0.007412423722160649
576.82   17   -0.34546406665849483   0.007177019509520387
591.08   18   -0.3454862310700937   0.004732268592594771
610.05   19   -0.3455579999215188   0.3679647069143928
655.68   20   -0.345557694591724   0.3596085698593514
716.12   21   -0.3455573655165423   0.45481556551685254
724.86   22   -0.3455574794750126   0.005439495142213118
733.78   23   -0.34555755717758396   0.42638574681598423
747.53   24   -0.3455578209083748   0.4105346934264627
761.69   25   -0.3455603941238783   0.4144989225443345
788.79   26   -0.34556028949075657   0.3380032223632879
829.01   27   -0.34556028296436875   0.36261007314392135
846.27   28   -0.3455601350863863   0.4113319603521376
854.85   29   -0.3455601463223468   0.4090489500401995
863.39   30   -0.3455601330225302   0.2981460755460431
871.99   31   -0.34555984975899184   0.35928891813904856
884.99   32   -0.34555954834411867   0.29398599977105855
914.79   33   -0.3455595376056327   0.37254920262912716
962.02   34   -0.34555940913734695   0.005125851609884595
978.92   35   -0.345560852025775   0.35909505664463054
1015.7   36   -0.34557067202222186   0.004399657452107319
1024.08   37   -0.345570801652273   0.3766030000825973
1036.78   38   -0.3456140914763892   0.003887300436176106
1061.34   39   -0.3456142266266056   0.0036769264495003064
1074.0   40   -0.34565189214555236   0.003436027418384226
1104.12   41   -0.34567135467314025   0.2817352587277379
1112.79   42   -0.3456931776870824   0.3292620364940678
1157.17   43   -0.3456934843553976   0.005579650767109962
1175.09   44   -0.3456950025230345   0.4038521798684197
1187.99   45   -0.34569484302621994   0.28136031046613064
1247.38   46   -0.34569481943263336   0.4510023054906927
1292.46   47   -0.3456946394702799   0.418109586596783
1321.94   48   -0.3456943716906946   0.005437413792572907
1345.86   49   -0.3456945665316216   0.005387387043056608
1354.26   50   -0.3457006318876149   0.006041378767726501
1371.15   51   -0.3457395248279255   0.0037809798781814467
1379.15   52   -0.3457902969522031   0.32161761029887415
1416.47   53   -0.3457906599270993   0.0076094821885850416
1427.91   54   -0.3457968762012229   0.008130817025159151
1444.99   55   -0.3458104981482382   0.26515518922411585
1487.59   56   -0.3458102639215595   0.4088516441603023
1518.66   57   -0.34581018014939136   0.007108135269417693
1530.95   58   -0.34581213500380364   0.0072543743445833584
1582.31   59   -0.34582010637156396   0.3283616071598568
1594.33   60   -0.3458207782154666   0.3015536769977065
1644.98   61   -0.3458207267827328   0.40985454440428004
1652.91   62   -0.34582102945858084   0.3104375198020622
1673.06   63   -0.34582692753648714   0.3566506850232074
1684.89   64   -0.3458359207832118   0.42796131960351674
1753.42   65   -0.3458356243835662   0.005295503218613747
1765.03   66   -0.3458359492605311   0.43265883272728206
1805.42   67   -0.3458356710974553   0.3888450567014601
1812.95   68   -0.3458354759075037   0.0053599065763547706
1841.33   69   -0.34586501752000826   0.0028338440342642146
1857.75   70   -0.34587242212546576   0.30634258288235544
1870.72   71   -0.34587267130757277   0.005471712487695748
2024.4   72   -0.34587258144029354   0.0020055722855324668
2032.68   73   -0.34587973615367484   0.377012225930504
2040.33   74   -0.34587956759803085   0.002463596543526891
2217.1   75   -0.34587936548400566   0.37758781031895117
2273.63   76   -0.3458800789045882   0.26954770541940487
2281.18   77   -0.34588005875290495   0.37358706156214655
2288.4   78   -0.3458798545619283   0.005489699603722715
2303.65   79   -0.3458799575343115   0.28428649764449754
2315.94   80   -0.34588813498917986   0.36394974134462843
2386.58   81   -0.34588833480893244   0.3605113261804788
2445.53   82   -0.3458879940103659   0.39104907447407145
2466.89   83   -0.3458879807190177   0.004788997441606942
2488.72   84   -0.345887994890461   0.367608299854967
2513.86   85   -0.3459042565803565   0.006084203194153323
2615.51   86   -0.3459046016482166   0.0021712961142552403
2640.88   87   -0.3459141791454828   0.002119854038317944
2655.65   88   -0.3459204401030608   0.3819149750096782
2666.47   89   -0.3459410264623998   0.0035351212812329844
2677.45   90   -0.34594112517297426   0.3990064159843851
2688.27   91   -0.3459408216478802   0.35671330419059805
2699.63   92   -0.345941040966395   0.3792852983106654
2717.88   93   -0.3459412163285737   0.3014507220915396
2739.22   94   -0.3459411878603999   0.37629290527064674
2774.77   95   -0.34594085112577116   0.0034031492844514223
2782.51   96   -0.3459409018559666   0.363532574942891
2790.08   97   -0.3459408220921146   0.3314004784966459
2804.95   98   -0.3459408010239359   0.3126640698388219
2875.18   99   -0.34594067988527766   0.37879076107514215
2892.86   100   -0.3459406640028608   0.4046764848639442
