0.0   0   -0.6436878344626549   0.25021181782499
912.89   1   -0.6436875930276643   0.16013020411839748
1150.7   2   -0.6436876307229286   0.14630066822481635
1233.18   3   -0.6436874828086423   0.1964547121839854
1342.9   4   -0.6436874827865476   0.15672586458969381
0.0   0   -0.6436874828280155   0.15352778185502913
1244.84   1   -0.6436872404986322   0.002149549356840824
1406.37   2   -0.6436873629530202   0.21945549779386278
1554.24   3   -0.6437096164957155   0.0023255542362789015
2802.96   4   -0.6437090770655879   0.24001526818070448
3870.86   5   -0.6112053660125846   0.18614427125259847
3980.94   6   -0.6306274431965238   0.1024311777540453
4046.35   7   -0.6404103750268972   0.02806403311779978
4145.03   8   -0.6423398846163337   0.017801011040399394
4243.55   9   -0.6430004628539137   0.006705574789852929
4343.22   10   -0.6432275773736751   0.00865971586450672
4444.42   11   -0.6434471833189955   0.009075473629141736
4540.07   12   -0.6435618550309827   0.003609903216901694
4637.94   13   -0.6436336891565568   0.0024493463280046133
4731.9   14   -0.6436588245019159   0.001678622715902662
4851.77   15   -0.6436772865367149   0.0015719684100341436
4956.28   16   -0.643697875097455   0.001473641606890928
5051.25   17   -0.643711007328535   0.0012534265171194737
5142.09   18   -0.6437209855739774   0.001045687026281347
5229.98   19   -0.6437287461365262   0.0006668934538847123
5326.92   20   -0.6437334949233565   0.0007381679723397608
5432.75   21   -0.6437376780404004   0.0011811058657268045
5533.45   22   -0.6437436228053823   0.0009967485157719124
5629.87   23   -0.6437499654379001   0.23069650910151018
6350.63   24   -0.6437493230071669   0.19286513394133925
6691.39   25   -0.6437493124925543   0.00157744078118327
6756.53   26   -0.6437515301902172   0.0009388911288551278
6873.07   27   -0.6437579115502302   0.001061403158268679
6928.91   28   -0.6437607590998726   0.0012298095673387247
7006.37   29   -0.6437709241855507   0.0008668800449508294
7058.19   30   -0.6437752449952114   0.001134781469704604
7133.64   31   -0.6437823285677292   0.001068312200993946
7214.63   32   -0.6437916688458758   0.0009140137682962282
7267.59   33   -0.6437953133368649   0.0011607467164953362
7350.28   34   -0.6438037363728059   0.0012711066175412698
7438.08   35   -0.6438094966419629   0.0007927335189986149
7516.78   36   -0.6438153355137793   0.0008395463531485377
7594.56   37   -0.6438207973329007   0.000764281756530489
7677.16   38   -0.6438248909670355   0.0012108098596528985
7756.53   39   -0.6438325787670387   0.0009966050532352268
7844.7   40   -0.6438387595443206   0.0008011190335441867
7930.74   41   -0.6438456487337786   0.0007686117595559952
8013.24   42   -0.6438528939048743   0.0008614318651525208
8069.8   43   -0.6438571300699358   0.0008024841566138844
8156.3   44   -0.6438611250369815   0.00046161137263291087
8245.67   45   -0.6438652069506751   0.0005677850328946961
8334.1   46   -0.643870133629785   0.0005399795739824937
8426.69   47   -0.6438748321139034   0.0006953532432946837
8519.27   48   -0.6438786560050878   0.0008583216413657153
8624.51   49   -0.6438820697349844   0.0005880233312225329
8719.55   50   -0.6438851412070905   0.0006771921948577348
8810.22   51   -0.6438896218953956   0.0006670547437579344
8864.52   52   -0.6438916016762156   0.0008814679414579361
8954.98   53   -0.6438942215787596   0.0004725456372090021
9052.84   54   -0.6438977448123737   0.0006786924056205883
9115.9   55   -0.6438997079813307   0.0006111807847839086
9217.81   56   -0.6439014671332357   0.0005773317835868623
9311.45   57   -0.6439037066566187   0.0005684272340032384
9398.38   58   -0.6439062927217202   0.0005842312308104773
9491.22   59   -0.6439092495073383   0.0004249719093077071
9584.29   60   -0.6439109543755009   0.0007756309710917586
9673.32   61   -0.6439133710464595   0.0005891343929444773
9760.27   62   -0.6439154838357576   0.0006084794689098836
9852.3   63   -0.6439172302798316   0.00040856485472238346
9949.32   64   -0.6439184198511032   0.0004887346033805337
10052.87   65   -0.6439198011126712   0.0005009136794924592
10155.73   66   -0.6439213981634637   0.00040577568520126507
10272.82   67   -0.6439236010252793   0.0004446972753619223
10371.68   68   -0.6439255314484218   0.00032163181639393684
10469.7   69   -0.6439282220495534   0.0003742359729574271
10574.82   70   -0.6439304363196883   0.00039064494038006803
10680.08   71   -0.6439318078966114   0.0007869571261901985
10784.13   72   -0.6439335116575322   0.00037240203932707906
10886.43   73   -0.6439352228659533   0.00043950127632633325
10952.56   74   -0.6439357991576921   0.19461688167491406
11052.08   75   -0.6439358040985639   0.0006777113605255621
11116.33   76   -0.6439358075866131   0.0006010509669670854
11205.77   77   -0.6439363334229161   0.0004833951936367293
11274.0   78   -0.6439373606162933   0.0005914143225272015
11364.43   79   -0.64393828670107   0.0003246778107249587
11450.68   80   -0.6439392680192284   0.0005697867664242499
11544.23   81   -0.6439404805103773   0.00044736772371953406
11628.51   82   -0.6439418638068631   0.000355148886263633
11713.1   83   -0.6439430657551788   0.0005675046445460421
11802.49   84   -0.6439440126198318   0.00043951424260349644
11933.43   85   -0.6439459082981462   0.0003736929263194268
11987.06   86   -0.6439470977479239   0.2739922173767422
12078.14   87   -0.6439471008922856   0.0006309219657077153
12905.98   88   -0.6439471849500178   0.15369892389247916
12956.07   89   -0.643947074615132   0.19081847280036135
13267.54   90   -0.6439465524923449   0.1977901143505689
13662.58   91   -0.6439461940490048   0.2091453383053153
13961.92   92   -0.6439459869179234   0.1685291822499411
14118.12   93   -0.6439454361549896   0.0004687249574189
14164.37   94   -0.6439464847264686   0.0005991516122837311
14210.85   95   -0.6439469886893313   0.0006875627068645109
14255.75   96   -0.64394716299331   0.0006150359335022601
14299.07   97   -0.6439484575601666   0.0003272041266525208
14342.11   98   -0.6439487171645265   0.0002953876522884026
14407.7   99   -0.6439495366574909   0.00026334712961316177
14456.5   100   -0.6439499354725731   0.00042141015019724797
