0.0   0   0.4348980973607655   0.11206033393852098
14.66   1   -0.07161536137462814   0.18063917589829498
25.99   2   -0.27926380275314694   0.10228714219540458
37.74   3   -0.3776048673005988   0.0747184734251393
49.34   4   -0.46088979404595837   0.04961281383303715
60.77   5   -0.5172533971226264   0.04176849139353528
72.87   6   -0.5507470028512793   0.03367819323413187
85.0   7   -0.5829577302942762   0.03955356015283458
97.32   8   -0.6082424456370927   0.021141199510747322
109.81   9   -0.6188380585817667   0.008911157534503097
122.34   10   -0.6226324617210761   0.010330382230531303
140.58   11   -0.6322594864652061   0.17351951339982655
153.49   12   -0.6322937547456935   0.007356346454599812
161.57   13   -0.6327189368875364   0.0033379781415607025
171.1   14   -0.632870337270229   0.0021029267534702347
187.65   15   -0.6332694147163584   0.0021790259583645403
200.66   16   -0.6335728785546341   0.001345368453133852
214.25   17   -0.6340276640841576   0.0010804847191139566
222.97   18   -0.6340705657651651   0.000893598646124994
235.67   19   -0.6341297488907706   0.0009704338711898496
248.48   20   -0.6341829662093684   0.0007839647345185324
275.88   21   -0.6342834847806025   0.19654524860510783
347.96   22   -0.6342834843870061   0.0008771336957853203
365.33   23   -0.6343143005278988   0.0006419856146575655
373.84   24   -0.6343533085933757   0.0008216922076565271
395.62   25   -0.6343933480565531   0.0004239126690195373
403.58   26   -0.6344053081823541   0.0003717897415368323
416.69   27   -0.6344143448041126   0.0003183357519307335
429.07   28   -0.6344325017042164   0.0003095184939245516
442.42   29   -0.6344462673924584   0.177143284525287
451.21   30   -0.6344472067144357   0.00023780660207441674
464.49   31   -0.6344501652388915   0.0004097272317506615
476.78   32   -0.634483329134928   0.0005171412967077279
498.6   33   -0.6344980414829806   0.001408517283286047
516.75   34   -0.6345740226710187   0.0009532783007352922
792.92   35   -0.6345975990127789   0.2147283473562132
0.0   0   -0.6345975990127909   0.007680094297614586
12.22   1   -0.6346813963570069   0.005519686343161837
31.12   2   -0.6347190335670817   0.26794372031286107
39.8   3   -0.6347267292003917   0.004564006129210265
49.55   4   -0.6347502306312838   0.0028815155938921107
67.35   5   -0.6348018643730771   0.003964308581872587
80.32   6   -0.6348988441488589   0.0035134959510925083
89.11   7   -0.6349188565294791   0.00274087868227006
99.6   8   -0.6349295861689914   0.22183211266195055
154.08   9   -0.63494681136762   0.006846171214684446
174.19   10   -0.6349757383610156   0.0037027206589554306
183.2   11   -0.6349870371118757   0.0033338289077159276
192.58   12   -0.635027658263528   0.2587190474482867
238.21   13   -0.6350272992972985   0.004374487128785544
256.69   14   -0.6350280139562692   0.00396518632249765
280.34   15   -0.6350430711758055   0.00628159821094895
289.79   16   -0.6350525550958479   0.006281386559543432
299.47   17   -0.6351183316359297   0.23802933106415752
322.7   18   -0.6351183475722041   0.001977682117034825
351.73   19   -0.6351265188209623   0.2494372285234806
371.75   20   -0.6351437431938424   0.26908343177837457
391.23   21   -0.6351437431937292   0.2587587872649551
0.0   0   -0.6351437431935311   0.2618085865261588
681.71   1   -0.6351432134921161   0.004748277511528819
790.76   2   -0.6351435480481826   0.24657862696954497
962.98   3   -0.6351439194535946   0.24643687779512496
1137.74   4   -0.6351460642730197   0.23455303132963742
1200.28   5   -0.6351472335277824   0.004507130385389522
1318.36   6   -0.6351500517663327   0.2629529606900932
1435.76   7   -0.6351496637223661   0.004329849606593585
1495.98   8   -0.635149791854957   0.24086959719031933
1638.7   9   -0.6351682520782405   0.0030839042612866904
1750.44   10   -0.6351685513336699   0.26628250453205976
1810.26   11   -0.6351691076682932   0.002942146939673642
1896.73   12   -0.6351702617075793   0.28927474771609113
2063.73   13   -0.6351714054500183   0.002318856488657502
2178.95   14   -0.635171990568154   0.0024543367616687945
2246.26   15   -0.6351923171337559   0.003557590879478768
2305.56   16   -0.6352001592899834   0.0027943329389641283
2357.38   17   -0.6352064312014234   0.28205514629696155
2401.61   18   -0.6352120721227638   0.0027638058937782674
2490.67   19   -0.6352189533985045   0.0033362449168778015
2532.29   20   -0.6352374440822671   0.0032833976975779923
4228.41   21   -0.6352393393597883   0.007883310018627682
4303.16   22   -0.6353075644129851   0.002269766649412907
4373.52   23   -0.6353282715815626   0.0026191460584419246
4443.82   24   -0.6353519484513083   0.004026317768046441
4658.05   25   -0.6353894316071619   0.27529288401280033
4724.4   26   -0.6354021551796569   0.0036962194041712626
4771.48   27   -0.6354029690668314   0.21947223995733336
4823.21   28   -0.6354037586176144   0.24759357086365785
5207.89   29   -0.6354032041486581   0.002790230814904319
5260.3   30   -0.635403247286263   0.2624130663987505
5313.71   31   -0.6354029649439048   0.27366814589438854
5389.55   32   -0.6354030023019042   0.002875243558938798
5441.13   33   -0.6354284167602262   0.003376493664666569
5516.9   34   -0.6354456100486684   0.0025992626015438522
5598.03   35   -0.6354663466803679   0.0022114116879613
5681.61   36   -0.6355540186578504   0.003116151279556268
6595.39   37   -0.6355536193822192   0.007064894792183939
6808.79   38   -0.6355810744118149   0.22895844883102062
7109.64   39   -0.6355804771962205   0.2298524217590784
7411.25   40   -0.6355801853898245   0.006000339667777197
7456.42   41   -0.635624846653476   0.0021654055785681157
7506.55   42   -0.6356285968644438   0.0034859998085520092
7609.96   43   -0.6356933106481633   0.0029347230015713344
7639.3   44   -0.6357429134197371   0.2902707451605806
7817.33   45   -0.635742297371191   0.0029357527074215534
7857.81   46   -0.6357456435814   0.004101830967065641
7871.84   47   -0.6357517599178482   0.29236491539263115
7894.19   48   -0.6357652808784982   0.2533173915694412
7946.87   49   -0.6357647507757251   0.24138119133299643
8006.39   50   -0.6357642192759146   0.003533827594132039
8025.17   51   -0.6357663369409181   0.003072841212552246
8038.87   52   -0.6357701885387409   0.0030232150330229
8052.89   53   -0.6357765205003673   0.2639121458514512
8079.9   54   -0.6357859025861619   0.2521266835013474
8103.72   55   -0.6357860560823722   0.0023381012018322818
8125.54   56   -0.6357898356532878   0.002360651566647147
8138.46   57   -0.6357940230845605   0.00198939874371787
8156.82   58   -0.6357990891942139   0.00198564100703302
8176.22   59   -0.6358048768621397   0.0018707996266803314
8190.89   60   -0.6358360408268625   0.003035838516397647
8211.92   61   -0.6358367459750681   0.27736720427474415
8224.47   62   -0.6358382512065864   0.2663800532744147
8290.46   63   -0.6358376175893745   0.004271222796320673
8655.68   64   -0.6358371822749866   0.0033860309835390947
8674.32   65   -0.6358518492924784   0.00566776749721392
9010.36   66   -0.635853393260456   0.2515583271753985
9076.92   67   -0.6358529649044012   0.00563309680204578
9096.66   68   -0.6358599819410184   0.00498659667651865
9117.3   69   -0.6358611065574316   0.004639222852001324
9132.12   70   -0.6358612163903709   0.004630845619855034
9190.73   71   -0.6358626670613389   0.0052791859884243515
9205.23   72   -0.6358665730178341   0.004756164555901007
9226.95   73   -0.6358745920926906   0.23089324644725961
9247.31   74   -0.6358746055253084   0.17964219517901134
9338.05   75   -0.6358744057563084   0.20005039970570299
9415.21   76   -0.6358743719229113   0.2786522419190561
9492.67   77   -0.6358737783729327   0.26169339408013076
9568.93   78   -0.6358732815287514   0.004106406416441159
9591.72   79   -0.635884630839743   0.22289749855433463
9619.64   80   -0.6358841607277445   0.2719993766723334
9690.25   81   -0.6358836445777982   0.2748763683330922
9709.24   82   -0.6358854493258831   0.004017764763252558
9751.15   83   -0.6358970565840709   0.0034604695564785363
9778.3   84   -0.6358979972615877   0.003700784781234553
9792.95   85   -0.6359030659211083   0.004354023155688567
9816.99   86   -0.6359043415481656   0.0043550700796957525
9831.61   87   -0.6359083881795364   0.004743735794349387
9854.28   88   -0.6359101738558649   0.004554789990209189
9882.85   89   -0.635923836231503   0.005505505489948953
9924.74   90   -0.6359464286837607   0.004384923879003977
9947.62   91   -0.6359677086190836   0.00629624264172392
9968.97   92   -0.6360392538496682   0.23496069740805425
10102.62   93   -0.6360386239867143   0.005008849570767872
10123.92   94   -0.636048872822346   0.1776024135813646
10142.04   95   -0.6360489032100941   0.005378390140667457
10169.89   96   -0.6360517201662967   0.004519622046402178
10195.91   97   -0.6360523552767189   0.0046377463361247625
10434.46   98   -0.6360520344073048   0.2737639632514992
10522.81   99   -0.6360712109621205   0.28970035441199654
10606.66   100   -0.6360705853265218   0.23318140908336044
