0.0   0   -0.4049923356561618   0.1655911158348205
1719.9   1   -0.40499216073171695   0.1742762429358875
1832.96   2   -0.40499203603876854   0.23354777769621896
1954.32   3   -0.4049921503578274   0.2207474208788639
4361.23   4   -0.404991941782142   0.14983218745158955
5037.87   5   -0.40499182659282473   0.27470676552552126
5229.29   6   -0.40499175931889636   0.1806740334668652
5790.28   7   -0.4050075079630331   0.005150365051032681
5966.08   8   -0.40500828673116723   0.1940093542278668
6722.58   9   -0.4051183579124084   0.00294514004238363
7157.3   10   -0.40511914882690725   0.002657889699487428
7516.19   11   -0.40517003578987915   0.0027238026359804757
7750.16   12   -0.40520327558911895   0.0031254153476805574
7936.84   13   -0.4052523750569697   0.002717527033563232
8119.23   14   -0.4052985817095274   0.0016876857847470024
8302.39   15   -0.4053201269743353   0.0017999726666210177
8427.41   16   -0.40532826394531996   0.22722098920451667
8548.52   17   -0.4053386067974237   0.00194312903770274
8668.15   18   -0.4053399218957608   0.0013863547597956303
8854.95   19   -0.4053803977402176   0.0012218175877764176
8983.73   20   -0.4054000482187226   0.001571373691020786
9240.95   21   -0.4054181318419937   0.0012788679263260273
9439.17   22   -0.4054996124871603   0.001594786136756489
9664.78   23   -0.40554502943136195   0.0023629841519197635
9961.46   24   -0.40559198410832836   0.0014248607719073011
10264.81   25   -0.4056215024394888   0.0019603802951585923
10534.57   26   -0.4056636554540878   0.001654176275769029
10795.48   27   -0.40570294031596066   0.0019262917215778336
11057.47   28   -0.40573893864280863   0.0016139736747067942
11329.61   29   -0.405773425327622   0.0016310416174160215
11593.22   30   -0.40581301761413624   0.0011404911349553646
11861.77   31   -0.40584842108800334   0.0017389820857266337
12126.12   32   -0.4058765180329242   0.0010066600272765577
12388.99   33   -0.40590587196410166   0.001422067769444032
12650.26   34   -0.40593875960178594   0.0012646638470884218
12830.04   35   -0.40595726623705336   0.0011268092274585406
13091.7   36   -0.40597152453625573   0.0013038774604154073
13253.15   37   -0.4059730984697788   0.0009538245743929346
13440.39   38   -0.40598725511831013   0.0013438983114215522
13625.01   39   -0.4060036293917062   0.0014731730980034191
13814.29   40   -0.4060218884547018   0.0011171776629959598
13932.14   41   -0.40603274336928485   0.001461970348073246
14111.85   42   -0.4060438593753237   0.0011772721135665967
14285.2   43   -0.40605234469524615   0.001560679580812323
14465.77   44   -0.4060708013591847   0.0010360549064577225
14639.49   45   -0.4060893677164955   0.0015793868971101964
14848.1   46   -0.4061053253741878   0.0011717702409485354
15018.67   47   -0.4061184668090385   0.0009244586463375374
15237.52   48   -0.4061295082585654   0.0008120407281867075
15492.34   49   -0.40614333543409176   0.0006841945688931304
15733.04   50   -0.40615731266286087   0.0008611653546382276
15850.44   51   -0.40616675470863844   0.0009001482869623566
16022.07   52   -0.40617741179249284   0.0008773952091841496
16191.84   53   -0.40618842506164077   0.0007878698889305063
16362.15   54   -0.40620019028402865   0.0008262304328823982
16532.55   55   -0.4062121034045072   0.0006974513806567019
16740.51   56   -0.40622146530559045   0.0006895826654420099
16918.43   57   -0.40622975713578613   0.0013364491447185338
17100.03   58   -0.40623628852422894   0.0007150570793635939
17298.4   59   -0.40624218801788553   0.0007448346143447711
17473.86   60   -0.40624718260286574   0.0011495451720346256
17647.62   61   -0.4062527623945942   0.0005833299838788876
17818.35   62   -0.4062588726764214   0.0007587287530262254
17933.05   63   -0.40626368479788705   0.15218485040341811
18122.49   64   -0.40626365689673394   0.0008380921317834767
18246.92   65   -0.4062637967597488   0.0006447141489865128
18356.14   66   -0.40626563854951553   0.0004705909229800071
18565.65   67   -0.4062688658158419   0.0006204194975561495
18762.41   68   -0.4062733031150009   0.0008632706611849168
18941.72   69   -0.4062762740503863   0.0007537990130175142
19130.17   70   -0.4062794511744089   0.0005859809207918422
19325.38   71   -0.40628557690767014   0.0008949211830846884
19507.26   72   -0.40628939754907334   0.0007511948289504545
19681.7   73   -0.40629346978140146   0.0005554024012261625
19856.34   74   -0.4062986543425794   0.0007101078815240504
20039.85   75   -0.4063041293037197   0.0006582222501687563
20221.59   76   -0.40630811805555406   0.0006225178627880294
20397.42   77   -0.4063125446710544   0.0008590368572076669
20573.89   78   -0.4063151542206346   0.00046448251731920814
20874.74   79   -0.4063173937021677   0.1876557571166606
21905.13   80   -0.40631700630810336   0.20577956629939184
22890.91   81   -0.4063167455557618   0.0009716666610020301
22951.7   82   -0.40631759465958467   0.0005347855504581195
23039.32   83   -0.4063195817210736   0.0006420636031849373
23134.93   84   -0.4063218487414748   0.0004383039878018758
23195.02   85   -0.4063229686422498   0.00048489069411875393
23371.43   86   -0.40632607207170734   0.1634669429189649
23570.96   87   -0.40632625159442687   0.0008446094427912937
23664.46   88   -0.4063261201276305   0.0003608045385447183
23753.85   89   -0.4063282771006308   0.000706879124225131
23839.4   90   -0.406330533295851   0.00040163587347839575
23923.19   91   -0.4063331582507509   0.0005775687186443749
24018.67   92   -0.4063358714717405   0.0006414220156285822
24180.15   93   -0.40633728848058004   0.0006495864469538058
24270.31   94   -0.4063387648368034   0.0005584747499558898
24358.67   95   -0.4063411362521312   0.0006083221420398459
24442.49   96   -0.4063437881123404   0.0004852536384808526
24528.54   97   -0.40634657464428   0.000410905968085716
24629.04   98   -0.40634914735445465   0.00046413865417992167
24720.92   99   -0.40635136861337023   0.0003322714622602858
24808.97   100   -0.40635342667613644   0.0005019605011940615
