0.0   0   -0.4006616993538755   0.4182891464705001
63.81   1   -0.4006617489011307   0.003929705070286415
104.0   2   -0.40071040756700876   0.3125563643291607
115.26   3   -0.40072153590107795   0.0039044284747234695
129.44   4   -0.40072379339118636   0.0043462514006921025
136.49   5   -0.40075356338208284   0.0019288711506106047
147.73   6   -0.4007682433015918   0.0020974962874062936
154.91   7   -0.4007722637115041   0.0019444120470126826
165.53   8   -0.40077787537532517   0.0015340056986426125
175.76   9   -0.40078691144046014   0.0013026563428841832
187.21   10   -0.40079047548764485   0.0007942556287878815
194.71   11   -0.4007912161254583   0.000797511487192774
209.51   12   -0.4007992457923241   0.0014004484149124086
220.39   13   -0.4008053807931363   0.001213464232590606
232.35   14   -0.40081096501138885   0.25077637817529896
252.68   15   -0.4008109650663898   0.2611561393045789
306.01   16   -0.4008109544097226   0.001307938423116021
323.1   17   -0.40081131975423984   0.40707302211961977
334.71   18   -0.40081154450094936   0.0008235389546883312
342.6   19   -0.40081326627065783   0.2618243939068942
371.67   20   -0.4008132560923878   0.4130606378539097
388.95   21   -0.40081292443703526   0.40108898580164415
422.47   22   -0.4008127521864193   0.0010185953083722658
429.61   23   -0.4008134093586375   0.0008460325267012262
436.83   24   -0.40081436930146686   0.000809355569835251
452.67   25   -0.4008149112286561   0.0009818956395387867
463.53   26   -0.40081554414000437   0.342865728426882
502.28   27   -0.4008152276813536   0.0009280552936958837
512.92   28   -0.4008155790944381   0.000714013505571867
524.0   29   -0.40081762324067916   0.25747500228286374
534.81   30   -0.4008176274281241   0.3102255377842315
545.7   31   -0.40081763330042686   0.0011670623064390167
553.35   32   -0.4008176618889834   0.3646437521278402
561.07   33   -0.40081780089717284   0.0011061401127286498
663.3   34   -0.4008178304862412   0.332471276490939
702.08   35   -0.40081783048232267   0.41772789610780664
769.55   36   -0.4008175581838773   0.39845413808806823
817.86   37   -0.40081717263068617   0.4041762445139143
890.14   38   -0.4008168022321845   0.39561543137188215
901.41   39   -0.4008167017814528   0.3081306328241093
928.12   40   -0.40081640006144936   0.41307144734468787
942.8   41   -0.4008168091044165   0.001757950885267218
950.45   42   -0.4008168256158095   0.40692308150136264
958.56   43   -0.4008182935906204   0.001697036911637357
975.83   44   -0.4008192197945506   0.3178510432393123
1024.67   45   -0.4008189121019716   0.0016067976915542868
1039.82   46   -0.4008189205393822   0.40303309964712586
1062.97   47   -0.40081983444664643   0.0012580857776031834
1070.45   48   -0.40081983516809105   0.3886922646839514
1090.03   49   -0.4008199558941888   0.33158519979873663
1155.36   50   -0.4008196963784305   0.3898190908859115
1163.06   51   -0.4008197049487147   0.3489804408344968
1174.62   52   -0.40081931227453205   0.001278248120124765
1190.92   53   -0.40081931480747984   0.32659570449633796
1207.61   54   -0.4008194452503603   0.40770522828024436
1235.51   55   -0.4008190843890833   0.0014787216672926889
1262.18   56   -0.4008199346856435   0.00076759651866219
1288.55   57   -0.40082026532249637   0.0006352460654414898
1303.96   58   -0.40082042080274594   0.21248267640635868
1315.93   59   -0.4008204405441185   0.31746733222002954
1373.32   60   -0.4008201446030534   0.27107217434570285
1396.53   61   -0.40081980123468125   0.0016174528697496108
1403.81   62   -0.40081986491338417   0.43492894022872447
1411.7   63   -0.4008199553691853   0.38287875086728546
1431.28   64   -0.4008200348841004   0.001530303511550209
1443.44   65   -0.4008202014973078   0.4001397922867921
1450.77   66   -0.4008201409947821   0.4356454078240169
1458.27   67   -0.40082012987701665   0.40244637823588775
1466.92   68   -0.4008201638664565   0.362612426149321
1536.65   69   -0.4008200993900889   0.42685924389860186
1557.47   70   -0.4008201657585711   0.3416796865449422
1599.16   71   -0.400819951891747   0.0010636912742037238
1638.5   72   -0.4008199642349094   0.4210044934404445
1649.22   73   -0.4008199609144803   0.30696726602853913
1694.29   74   -0.40081978264311274   0.0010255496345536474
1716.84   75   -0.40082061318803586   0.0008637951621683471
1735.59   76   -0.40082107790413146   0.0014768652428147908
1770.52   77   -0.40082194714428404   0.3002871547290179
1840.08   78   -0.40082155310173717   0.0015367602544647753
1847.48   79   -0.40082210432045196   0.0005128086521681809
1861.78   80   -0.4008227450979292   0.0009612915562114238
1895.57   81   -0.40082554081165733   0.001460314432181876
1903.32   82   -0.4008284798538514   0.24853864979385792
1915.51   83   -0.40082888067703076   0.0012637903737703785
1926.65   84   -0.4008316003054896   0.0009328781146873323
1934.19   85   -0.40083161199777606   0.3568970324236167
2024.59   86   -0.40083160024744646   0.001643813722450629
2047.46   87   -0.4008324718764255   0.40489875273554987
2058.83   88   -0.4008326966268264   0.30862472219412834
2077.16   89   -0.4008330257042642   0.0004956576700395855
2091.74   90   -0.4008330257999612   0.4201064461810288
2133.54   91   -0.4008330596538059   0.2871989925980312
2174.21   92   -0.4008327516336233   0.0010674888178540517
2197.3   93   -0.4008328191841715   0.32854066286117684
2204.19   94   -0.40083275423169035   0.0010657346050057935
2222.68   95   -0.4008328052202467   0.4079588877749899
2283.11   96   -0.40083267002288064   0.2441405748818007
2306.5   97   -0.4008323606603821   0.4225043807186978
2332.3   98   -0.40083200947546793   0.3411455664581313
2373.3   99   -0.40083192497991194   0.00221632551530844
2388.77   100   -0.40083192627793207   0.40585156021359814
0.0   0   -0.40083192628555797   0.36593665831314076
580.91   1   -0.40083349122086376   0.3469085768363952
673.92   2   -0.40083339315848715   0.0013711216351687799
797.28   3   -0.400833402744622   0.3953562568006149
1305.4   4   -0.40083307370349536   0.34281590360730274
1768.21   5   -0.40083271335175474   0.421853429914879
1836.81   6   -0.40083248032246976   0.405477630619835
1855.58   7   -0.4008325471852492   0.0016646778279693051
1882.69   8   -0.4008328191298167   0.23508561249599658
1954.07   9   -0.4008331148651893   0.3351976862911463
2059.28   10   -0.4008327255979467   0.22988691788308502
2097.0   11   -0.40083246389234617   0.321104969885051
2118.27   12   -0.4008324526545573   0.4133039183531257
2178.23   13   -0.400832076425007   0.3917132231517599
2224.73   14   -0.40083184408479144   0.42896480273271015
2236.68   15   -0.4008319026892535   0.0014553036039012864
2263.82   16   -0.40083192045211147   0.3570469239101147
2338.93   17   -0.40083210861401675   0.2501689061008
2352.39   18   -0.40083199767477873   0.40490665685867755
2365.57   19   -0.40083196823245304   0.24766033543041285
2385.43   20   -0.40083200914267625   0.31753586371271486
2412.07   21   -0.4008320771277746   0.2343039816701631
2472.15   22   -0.4008317584501888   0.36487193344278523
2505.49   23   -0.4008318095244962   0.0014574147557113737
2525.16   24   -0.4008318122228383   0.3850964785616706
2664.87   25   -0.4008317083991543   0.36925938272645786
2718.05   26   -0.400831659276337   0.0014845439401466253
2751.63   27   -0.40083172251472055   0.3506325823789441
2776.33   28   -0.4008316974811862   0.32083549186611005
2796.51   29   -0.4008316647394362   0.3719818017633978
2810.66   30   -0.40083128543800006   0.39544470100574264
2844.49   31   -0.4008319304200965   0.30082731575530114
2856.61   32   -0.40083235811780266   0.4299477699115776
2951.84   33   -0.4008330670998845   0.3496267820773177
2990.42   34   -0.4008329705077797   0.3471165576097763
3112.7   35   -0.40083256973906517   0.0017021198535472786
3132.08   36   -0.40083276477731167   0.3379615294861758
3184.89   37   -0.40083363656780097   0.0024059086540769293
3197.9   38   -0.400833658326487   0.34327630685003324
3219.82   39   -0.4008337457592406   0.31785000116776296
3252.55   40   -0.40083439001277166   0.001182566762155776
3320.09   41   -0.4008344946514255   0.0017530075217060377
3525.09   42   -0.4008345946673419   0.34321765666802334
3593.24   43   -0.4008343240146348   0.001472986853641868
3604.29   44   -0.4008346058576268   0.3459430238290006
3621.69   45   -0.4008352366725574   0.0008542617010577132
3659.73   46   -0.40083528103492067   0.0006651806375812378
3670.68   47   -0.4008356049390942   0.3096583751327666
3696.19   48   -0.4008356959080082   0.24370321137162654
3713.83   49   -0.40083565421399225   0.24817797481172899
3778.21   50   -0.40083561386871813   0.4110494844877131
3868.33   51   -0.4008353226751205   0.40092958649857213
3881.11   52   -0.40083507526009404   0.41530138510529147
3932.78   53   -0.40083473525490293   0.23777693521766055
3953.95   54   -0.40083446694190766   0.0007708645098364778
3998.85   55   -0.4008347068877737   0.3584878617814229
4066.8   56   -0.40083433108007627   0.000789406107559627
4088.18   57   -0.4008348415530864   0.3768840149038292
4225.17   58   -0.4008344863635429   0.4094941869185725
4267.43   59   -0.4008343919304771   0.3499649340776638
4320.74   60   -0.40083414364706244   0.30306677938483845
4350.73   61   -0.40083377038185486   0.4444715592297747
4396.65   62   -0.4008337256736537   0.35169473989702027
4445.07   63   -0.4008333452881531   0.42028857861737123
4462.52   64   -0.4008333452907034   0.4452743976361073
