0.0   0   -0.3520059332733859   0.3726799377979932
147.72   1   -0.3520057711946325   0.3483071632623655
176.48   2   -0.3520115315592307   0.055170812891452516
193.65   3   -0.35206869578761296   0.42572698597290165
247.48   4   -0.3520683711934364   0.47003991969658077
293.79   5   -0.35206818357028735   0.055020685482527046
310.93   6   -0.352096735265073   0.054940995583556425
319.96   7   -0.3593055453068296   0.012652574701288024
345.85   8   -0.35943797799927435   0.31119575828561136
420.01   9   -0.35943778346788124   0.014950614387213469
429.05   10   -0.3595394309181738   0.0071332123898142025
442.15   11   -0.3597126502867456   0.007551331080308079
475.77   12   -0.36009455674140145   0.023010940538098885
521.37   13   -0.360136502774405   0.2750414834676552
590.57   14   -0.36013643326757894   0.39401533501310476
645.37   15   -0.360136106042529   0.4153376564513695
653.18   16   -0.36034367158966896   0.03753997936950107
661.6   17   -0.3606231879378179   0.030742431781988506
674.65   18   -0.36084964409105547   0.2759561757168797
735.09   19   -0.36084940127921517   0.39509962435543927
798.36   20   -0.36084905661429834   0.3448463765441613
807.03   21   -0.36087936635352436   0.008547332411793325
815.02   22   -0.36089578655174553   0.005082392946711824
823.67   23   -0.3609655334239123   0.357530361436006
839.08   24   -0.3609653694481212   0.005794691835037166
852.25   25   -0.36096550671457006   0.33961658976891757
860.41   26   -0.36096550965830915   0.00515546705552088
872.02   27   -0.3609655282628391   0.005400240786932972
879.88   28   -0.36096760072554   0.005981337779340411
888.95   29   -0.3610781595766712   0.2377922343943626
924.87   30   -0.3610779810297246   0.004961128199546521
945.73   31   -0.36107799972105675   0.005011753600452887
953.79   32   -0.36109155549785055   0.0036521629198026945
970.6   33   -0.36113498065038047   0.0032798161064249544
988.5   34   -0.3611995720043415   0.26643942293586004
1034.52   35   -0.3611992455124819   0.00645054621139592
1058.38   36   -0.3612116212658304   0.002547124238792142
1070.81   37   -0.3612580945947583   0.003453495012424471
1082.31   38   -0.3613188302864122   0.0050306279340614525
1090.15   39   -0.3613390644670419   0.2525899743798712
1126.1   40   -0.361338767630249   0.002629943004318495
1134.48   41   -0.36133884052724674   0.3523682513541123
1156.14   42   -0.36133954340523583   0.35507619528921075
1164.38   43   -0.361339483757361   0.0018755922536395303
1199.99   44   -0.3613395569346537   0.0016477972056275646
1208.96   45   -0.36133967136449385   0.001452237959987552
1217.64   46   -0.3613399569247233   0.0015531914052314573
1235.25   47   -0.3613476095359647   0.0027471140250654525
1260.85   48   -0.36135186791394147   0.002239501092772783
1301.13   49   -0.36135618576957146   0.0015332558638356877
1313.47   50   -0.36136552942851   0.38047998904920655
1325.73   51   -0.3613653243003531   0.2628854404905572
1338.41   52   -0.36136553149963924   0.0009500356746536816
1346.45   53   -0.36136644417489205   0.000865318411565227
1355.07   54   -0.36137158338389647   0.0011401466705936033
1627.15   55   -0.36137209647340485   0.004132505533749023
1658.78   56   -0.3613754862978714   0.003977462780091431
1670.95   57   -0.3613862377989444   0.0008240151914148838
1682.46   58   -0.3613927040959684   0.0008248837103108542
1708.45   59   -0.3613961698287187   0.0014426407368934582
1717.87   60   -0.3613965526920921   0.2698350886499315
1748.49   61   -0.36139648097837396   0.0012336509743839361
1756.47   62   -0.3613974945130829   0.0012867084646728832
1774.59   63   -0.3613976527205111   0.0013423922205805432
1950.09   64   -0.36139803385742336   0.33763877813761545
2021.96   65   -0.36139803395049697   0.001351601379998223
2034.1   66   -0.36139803402193565   0.3071777648584977
2051.35   67   -0.3613980387195686   0.39601800800789977
2121.92   68   -0.36139808833107046   0.0014450900498585565
2150.25   69   -0.3614028538090994   0.0007361541145769902
2158.34   70   -0.36140288591240466   0.3132885477275787
2166.0   71   -0.3614028676928948   0.0007761671055011289
2190.97   72   -0.36140295883702495   0.000841195781383077
2203.5   73   -0.36140529581903413   0.0006699676683581497
2232.07   74   -0.3614063152339051   0.0011618703226537947
2252.71   75   -0.3614066789197829   0.0009141805095638144
2264.3   76   -0.3614082631588771   0.0007157969653154552
2280.52   77   -0.3614083433634525   0.4177861113356595
2288.15   78   -0.36140986863819097   0.0010314567070472793
2296.33   79   -0.3614100087274833   0.26910686259020955
2309.38   80   -0.3614104788348285   0.0004456125226100326
2317.35   81   -0.36141053955617186   0.0004366981274979892
2334.45   82   -0.3614112443446175   0.31866005115268214
2375.11   83   -0.36141088530974746   0.0008373875054394756
2390.71   84   -0.36141101025000455   0.000687719328257368
2404.87   85   -0.3614119603983288   0.32224864563708144
2425.11   86   -0.3614118124526288   0.0010203010139967351
2436.81   87   -0.361412804960896   0.0006876954058738289
2450.05   88   -0.36141329499851205   0.0006510748085638385
2458.34   89   -0.3614135242249759   0.2748686734737105
2466.61   90   -0.36141466388831356   0.0007722355676648886
2482.41   91   -0.36141476284982543   0.0006985647382563479
2499.84   92   -0.3614148164198737   0.0008318772735814967
2512.22   93   -0.36141663738789453   0.2783934603350662
2533.01   94   -0.36141673428566945   0.0013412135815022695
2549.77   95   -0.3614168750789742   0.0008217026752409543
2582.81   96   -0.36141713589182667   0.0004938429095561619
2595.43   97   -0.36141726051205897   0.2942606592407139
2628.06   98   -0.36141727158890036   0.0005173293533858713
2640.3   99   -0.36141776983668145   0.000381451214041104
2657.22   100   -0.36141777012601534   0.38505511739780907
