0.0   0   0.43659077058950135   0.011759659831573793
93.29   1   0.21671500362082974   0.06218122979009826
158.91   2   0.005466443158695336   0.0264227384356122
200.77   3   -0.03547684766165582   0.03415707025916883
262.36   4   -0.1612400236570552   0.01597789312874022
323.56   5   -0.5009075694519021   0.0035460448743522403
384.3   6   -0.5266068807722746   0.0024531972288374853
466.54   7   -0.5514262277038701   0.10506039473884969
528.05   8   -0.5532882346444079   0.00515070108055634
611.21   9   -0.5607389643207876   0.0033689235792257717
739.09   10   -0.573116903332502   0.2624057849133743
800.94   11   -0.5735563302651208   0.00688074338688006
860.05   12   -0.5778689297448436   0.23092804436638778
1042.68   13   -0.57787006915732   0.0026912340888055855
1123.08   14   -0.5821862301097087   0.0034194579504843387
1960.6   15   -0.5830863886926005   0.1964939934854576
2023.48   16   -0.5865607886776686   0.10965375487438556
2451.98   17   -0.586560329017541   0.1277363618724315
2530.09   18   -0.5865598037689419   0.0025220026424433812
2626.28   19   -0.5865625382362453   0.1533125130223989
2910.02   20   -0.5865624986053231   0.12560304754335133
3083.42   21   -0.5865624631008246   0.002521656525820234
3140.39   22   -0.5865624672655225   0.13139752411215994
3176.33   23   -0.5865624675856669   0.0025216561217994956
3281.76   24   -0.5865624818144208   0.0025216549816088037
3322.41   25   -0.5929159221513973   0.19444102411067246
3381.78   26   -0.595679817281492   0.16123385030741127
3483.45   27   -0.5957589099864521   0.0025081542914854997
3560.76   28   -0.5985193604412784   0.002820725070399794
3663.23   29   -0.6058707486809056   0.0014672797699820282
3722.88   30   -0.6128866230292804   0.0012474277128385468
3827.44   31   -0.6199221689060519   0.12249520664493242
4075.23   32   -0.6199221669343666   0.001504351470179865
4190.04   33   -0.6203221002335447   0.10486132320434802
4230.95   34   -0.6206907250105541   0.10372316717858443
4707.82   35   -0.6206901923689295   0.0011956411936888116
4746.61   36   -0.6206912071629982   0.11852055158186077
4841.05   37   -0.6207572467911722   0.0011563620878996606
5028.37   38   -0.6207588923506963   0.0011447894173490381
5067.21   39   -0.6215201012656023   0.12116678774208244
5379.24   40   -0.621519883968389   0.12280837783288716
5625.95   41   -0.6215196278380357   0.0009529655003171345
5722.93   42   -0.6217426994178072   0.0010100127280662679
5872.56   43   -0.6224647210051001   0.15037290441042034
6202.0   44   -0.6224643690680417   0.16460299510002813
6528.87   45   -0.622464081037499   0.0008458357141186467
6566.69   46   -0.6224654895621489   0.13110540471421356
6657.55   47   -0.6224871576525213   0.0008772478975765579
6745.14   48   -0.6225787168614736   0.0007593672386121933
6779.14   49   -0.6233939366200151   0.2108543076448954
6811.04   50   -0.6235201378550598   0.000668466481116569
6866.28   51   -0.623757386832721   0.001408721231862843
6927.06   52   -0.6244682853826071   0.0009380477384731167
7023.02   53   -0.6245126343596471   0.09678105894013848
7232.92   54   -0.6245123042828706   0.0010182875739470655
7310.66   55   -0.6245440925755215   0.13484561215960325
7448.44   56   -0.6245485981985626   0.00046588321404338577
7531.08   57   -0.6246145386604165   0.11604866833871642
7572.1   58   -0.6246398813414653   0.13128516031280837
7884.16   59   -0.6246419269911124   0.0006080327629216674
7982.36   60   -0.6246479614875917   0.16625070271999137
8019.61   61   -0.6246559355495405   0.12040447402239726
8123.18   62   -0.6246554467527257   0.0006739408137808528
8163.61   63   -0.6246556682998964   0.11998833698420369
8201.05   64   -0.6246670289935025   0.0007406797256065596
8282.71   65   -0.6246804935759803   0.1319377454622212
8657.66   66   -0.6246799619453252   0.18941427582359152
8824.53   67   -0.6248326197867877   0.0005392072973505266
8917.96   68   -0.6248593994322562   0.18994065729746365
9135.91   69   -0.624858812827447   0.0005264523788076256
9253.37   70   -0.6251811209455048   0.10316805828272746
9355.63   71   -0.6251928496182788   0.00033030691565826036
9610.06   72   -0.6252726796729549   0.0002415628958407488
9689.83   73   -0.6255336888493672   0.0001902270204139449
9750.11   74   -0.6256690225980415   0.10314518985888207
9960.8   75   -0.6256691448286421   0.0003389141266541602
10018.02   76   -0.6256856011737005   0.15261915884787586
10057.9   77   -0.625707452042646   0.1874636647120473
10266.86   78   -0.6257069911752118   0.0002564072397960265
10314.78   79   -0.625710988448976   0.0002618201692450279
10388.48   80   -0.6257225878262778   0.18862148274172666
10495.34   81   -0.625722397271785   0.00019723500011678153
10529.75   82   -0.6257230937151761   0.00020395556415354581
10665.12   83   -0.6257340377465679   0.1903226454972262
10802.61   84   -0.6257336946616608   0.00027675564290446567
10842.05   85   -0.6257344981527081   0.0002646482780085984
10942.69   86   -0.6257448124230379   0.10220339240749426
11017.99   87   -0.6257449078954946   0.0002686103547880709
11056.32   88   -0.6257462929692474   0.0002574042050069815
11095.69   89   -0.6257628791902654   0.18748975588987193
11153.3   90   -0.6257625233619419   0.0003419685175204454
11189.28   91   -0.6257629613132902   0.00032678140274232706
11408.37   92   -0.6257767943865185   0.0003097659266059827
11448.13   93   -0.6258495898499281   0.13896201733767577
11673.71   94   -0.6258491728589175   0.00018561910979648341
12071.3   95   -0.6258491763673251   0.19341231186580105
12182.22   96   -0.6258554766380205   0.1299338854733554
12401.29   97   -0.6258553229858261   0.00017716696034643297
12438.07   98   -0.6258553232017956   0.14472065480150934
12508.21   99   -0.6258553251507204   0.15449043607700036
12545.75   100   -0.6258553273427045   0.00017716069219100153
0.0   0   -0.6258553273423176   0.1854670171875562
427.09   1   -0.625855772084089   0.12594327646485076
542.16   2   -0.6258560056143653   0.005046611568562397
655.43   3   -0.6259139366945915   0.10321315743231478
889.75   4   -0.6259133586440261   0.18615473496689872
1088.19   5   -0.6259128719780017   0.1473164681835219
1161.68   6   -0.6259124783683382   0.004265311422391008
1273.2   7   -0.6259173628450622   0.19242994691657742
1327.32   8   -0.6259168525009592   0.004875483541638174
1426.87   9   -0.6259176475761223   0.005255964792902331
2204.79   10   -0.6259223959909838   0.13322083748207486
2303.2   11   -0.6259230754819635   0.13398199025089777
2402.66   12   -0.6259235300757313   0.1839946680467407
2611.48   13   -0.6259251021876112   0.00757167265409287
2740.81   14   -0.6259538661931483   0.0058538076168750865
2793.12   15   -0.6259584257413899   0.11527378517333481
2864.54   16   -0.6259728823023718   0.005970811438823561
2934.11   17   -0.6259915707151824   0.1917371595272356
2981.25   18   -0.6259911123852847   0.0040122437710693355
3030.88   19   -0.626021387570298   0.14792670971310642
3079.39   20   -0.6260217635262795   0.00387519818460935
3226.03   21   -0.6260257833142312   0.0031534692761860388
3645.69   22   -0.6260700721447648   0.1655837248021704
3747.9   23   -0.6260869818888123   0.01936579793578061
3871.34   24   -0.6260952204782   0.17783288814564466
3940.76   25   -0.6260953966684543   0.17549222133055817
4396.97   26   -0.6260953966688737   0.1387488224086772
5396.98   27   -0.626095384873569   0.010852987200607813
5482.48   28   -0.6261075618284787   0.12182249724755823
5650.44   29   -0.6261121736141584   0.009375334885326603
5761.42   30   -0.6261661705219467   0.18402219126459896
5975.35   31   -0.626167463474308   0.004383215907526271
6226.19   32   -0.6261715627382931   0.005028282470339592
6328.42   33   -0.6261893681736768   0.006127584040753986
6448.94   34   -0.6261924966683569   0.005485869116481601
6974.93   35   -0.6262366019667639   0.12052880004607086
7611.21   36   -0.6262366019262413   0.11900443446020004
7742.59   37   -0.6262360902769436   0.009906620598406274
7870.46   38   -0.6263290751947029   0.006506821881410626
7926.77   39   -0.6264307966322307   0.18360638368697493
8297.33   40   -0.6264302053488859   0.007793021549824262
8381.23   41   -0.6264356084768008   0.005583446885596604
8500.56   42   -0.6264682044391285   0.005611356413269696
8561.37   43   -0.6264773341611914   0.006219635865196982
8619.49   44   -0.6265136059931871   0.18881975829605568
8765.63   45   -0.6265363029797663   0.004380488347868113
9426.93   46   -0.6265373689610008   0.18791944697918173
9910.86   47   -0.6265373681707085   0.1563640410988843
10597.67   48   -0.6265373679901395   0.19081851903715807
11582.0   49   -0.6265372100872841   0.19160742235047915
11881.86   50   -0.6265372100879864   0.19112548370074262
12521.8   51   -0.6265372100813855   0.15554557689964243
0.0   0   -0.6265372100817179   0.19556345612134432
2241.85   1   -0.6265366307537465   0.17745980094014427
2818.85   2   -0.6265374153624348   0.16081571986198648
3156.99   3   -0.6265442816067056   0.09933119789115621
3493.94   4   -0.6265568965815977   0.18468099998658438
4784.66   5   -0.626556297379747   0.11879774471626878
5597.74   6   -0.6265558261940327   0.17438024281101488
7321.31   7   -0.6265552949298572   0.0048013561744900185
7701.55   8   -0.626564972476915   0.10766004821246651
7941.37   9   -0.6265647577424261   0.10930350279518668
7992.36   10   -0.6265641989407658   0.19443361651415556
8041.0   11   -0.6265636663259836   0.1230325979573701
8266.52   12   -0.6265630703461276   0.004709651481288049
8484.62   13   -0.6266020400015773   0.004010887466797421
8593.27   14   -0.6266346599481151   0.0025123650049448253
8708.63   15   -0.6266692614375181   0.003360303495993897
8925.83   16   -0.6267631950708923   0.176706797649566
9297.96   17   -0.6267631069452999   0.005172779372565923
9404.8   18   -0.6267908417266157   0.004082028178024063
9500.99   19   -0.6268529756845057   0.10710459029137093
9588.81   20   -0.6268548996898994   0.004342176593650441
9646.71   21   -0.6269421086259173   0.19311843541049928
9842.72   22   -0.6269623099559788   0.010598312727382654
9899.13   23   -0.6270176755424647   0.13136090369187264
10473.03   24   -0.6270460924107687   0.1872332869627653
10807.58   25   -0.6270456184802112   0.012989678747738894
10949.87   26   -0.6270483812022388   0.14275952326334285
11294.1   27   -0.6270483766201006   0.16214658300049486
11344.04   28   -0.6270481112219419   0.17438259403510403
11473.77   29   -0.6270480680720981   0.012929356979160643
11580.97   30   -0.6270481322639683   0.16198802642951496
11844.24   31   -0.6271316205504612   0.18951123857157995
11973.02   32   -0.6271323864383492   0.008580669237988907
12113.55   33   -0.6271467533771273   0.006032259466500498
12335.0   34   -0.6271825090962774   0.008224126426758103
12392.09   35   -0.6272598509793211   0.17390614530630297
12765.52   36   -0.627261696557909   0.005939390979175097
12863.36   37   -0.6272835581560191   0.18225068011044743
13227.81   38   -0.6272829645027819   0.1969679197601665
13276.23   39   -0.6273172728838846   0.10770716074466001
13526.45   40   -0.6273167316040014   0.006672513963250284
13589.08   41   -0.6273327232500276   0.20009520959203153
13662.49   42   -0.6273333575110916   0.18226866111111092
13735.99   43   -0.6273389886972239   0.11916674055558958
13874.37   44   -0.6273388977471633   0.15294757602138145
13945.17   45   -0.6273387961983798   0.12179985660188107
14194.89   46   -0.6273386645760244   0.005507163969309429
14327.24   47   -0.6273392238556882   0.19803206672371965
14367.99   48   -0.6273390241496727   0.18555722253099632
14432.42   49   -0.6273387895342029   0.1205953311541951
14475.43   50   -0.6273386990862188   0.12887838714006025
14564.89   51   -0.6273383412899758   0.1285965687741178
14654.64   52   -0.6273384178699124   0.17002959279254304
14695.27   53   -0.6273383516002786   0.16737057124599133
14898.98   54   -0.6273379691734796   0.19719023508937433
14948.22   55   -0.6273380410882619   0.16845091364547934
14991.56   56   -0.6273380795650098   0.005673357766213721
15112.94   57   -0.6273388717410016   0.16756190444352934
15384.56   58   -0.6273635967089484   0.10125904086156211
15494.69   59   -0.6273654639687151   0.008864289295876335
15569.63   60   -0.6274005850547529   0.004359451171271022
15641.51   61   -0.627431919224039   0.15256861935082494
15699.77   62   -0.6274371009515365   0.008265285249390077
15775.43   63   -0.6274513238471231   0.1699536364706001
16209.57   64   -0.6274523304004485   0.17622516940223523
16582.3   65   -0.6274519527195213   0.12247256632962299
16618.67   66   -0.6274518114453502   0.17068643357160465
16727.98   67   -0.6274515651716103   0.1908853618373315
16763.66   68   -0.6274515899500717   0.143113829303393
16798.72   69   -0.627451524535612   0.12650891867361008
16834.03   70   -0.6274515352536539   0.16647656277834927
16869.77   71   -0.6274515169070585   0.16555627119921962
16941.06   72   -0.627451483283747   0.1319878357702868
17018.93   73   -0.6274514216372158   0.11017718871693438
17060.03   74   -0.6274509658189392   0.17805527372263624
17198.63   75   -0.6274504105620855   0.00368248405925622
17252.32   76   -0.6274506830510505   0.16743630290127676
17873.64   77   -0.6274525501874018   0.10986590467074898
18095.05   78   -0.627453077697848   0.19076346447572615
18268.38   79   -0.627452754717281   0.008474993642540469
18339.23   80   -0.627453672289568   0.13240024447316684
18390.15   81   -0.627491766852887   0.18917341585197775
18453.43   82   -0.6274914400549336   0.004560461978821054
18486.31   83   -0.6275019825033001   0.1826289181101076
18522.32   84   -0.6275016680707359   0.16469093284421366
18558.15   85   -0.6275020450668898   0.00280700806875037
18655.4   86   -0.6275020940106012   0.15592087314140288
18756.28   87   -0.6275021511393013   0.10928861395742363
18806.3   88   -0.6275020837820199   0.1963463761395191
18838.66   89   -0.6275021633655795   0.002828219674955415
19415.47   90   -0.6275015669960083   0.10816555973790014
19750.27   91   -0.627500974136258   0.15152838809636318
19781.23   92   -0.6275014546427132   0.004073390845230891
20010.42   93   -0.6275037277934811   0.1693142380271666
20191.72   94   -0.627503129755074   0.18246111364946416
20398.39   95   -0.627503118016373   0.1801830239755611
20439.69   96   -0.6275040853400752   0.008230092756602298
20549.0   97   -0.6275436900785639   0.12578689408982935
20738.28   98   -0.6275461373309625   0.005210619246284094
20804.16   99   -0.627573095535541   0.0026871927193267936
20912.14   100   -0.6276225691930402   0.0027916284987692225
