0.0   0   0.42812902404988074   0.1040678136989458
15.53   1   -0.08464180943772134   0.13288848258840352
23.73   2   -0.2876893998222913   0.11318183146358425
35.92   3   -0.39735349693411026   0.06955080252112393
48.01   4   -0.4556099885847678   0.05460803387796615
63.21   5   -0.5017200668631838   0.03685830536420411
76.23   6   -0.526615861101063   0.038693196504079715
194.18   7   -0.5363229947013171   0.29277304160603795
322.07   8   -0.5363225781985547   0.22661008393104742
336.77   9   -0.5415602165466974   0.21959221202980364
465.55   10   -0.5415596903812251   0.05449965928762764
480.44   11   -0.5530587731303217   0.2313648337202281
573.72   12   -0.5530583316067036   0.2108038223461714
695.96   13   -0.5530580117066106   0.04266239423918126
718.88   14   -0.5534925165704724   0.04936907762364802
729.58   15   -0.5704651777012922   0.030840525774775362
739.92   16   -0.5793627240356023   0.26873438494017376
857.64   17   -0.5793626993395056   0.02851670373982611
866.68   18   -0.5825141555592028   0.27586334151874475
876.35   19   -0.582787377934022   0.26949949982659754
942.9   20   -0.582787250925634   0.021555069240816547
961.62   21   -0.5829069110047658   0.26460717234072306
1000.33   22   -0.5829067973904954   0.28774699942596754
1073.93   23   -0.5829063450266562   0.021688462199929558
1093.46   24   -0.5829988967322591   0.021705198461394393
1123.26   25   -0.5833203881724691   0.02479216268368266
1132.98   26   -0.5852167490363702   0.22825948126417872
1148.16   27   -0.5852167490358731   0.025702256749405128
0.0   0   -0.5852167490350428   0.11095987458182881
34.14   1   -0.5975082348500654   0.14768971108959714
50.09   2   -0.6155707479216752   0.230289846739776
156.64   3   -0.6155703515560772   0.053399288592600645
165.86   4   -0.6158664528672231   0.0518020495894649
180.38   5   -0.6226033987267393   0.0312949076624434
195.43   6   -0.6244673803244454   0.01835566649726274
218.96   7   -0.6251301194558188   0.01017461312590312
232.85   8   -0.6255310959287788   0.01299472919221215
252.51   9   -0.6259453501067825   0.008301905754713611
266.04   10   -0.626025582684448   0.003488503920292115
279.11   11   -0.6260756688402719   0.004203028059853934
294.36   12   -0.6261783888806977   0.00465435080889051
314.84   13   -0.6262724945530886   0.003383313403693026
329.38   14   -0.6263737929895258   0.005110598137162001
338.66   15   -0.6264192168320977   0.0046915663731581046
353.74   16   -0.626448482101974   0.001785784485325297
372.32   17   -0.6264557713796925   0.001816916576339526
381.54   18   -0.6264876104550507   0.0007415909780416739
396.28   19   -0.6264956905020702   0.0015882641441770447
421.27   20   -0.6265014714881648   0.002774814327304502
435.41   21   -0.6265176775365406   0.0013012657030739754
450.38   22   -0.6265289480656058   0.0009545327833464503
483.62   23   -0.6265721592942001   0.003886548429615172
494.29   24   -0.6265798528284487   0.0035307532619850805
515.51   25   -0.6266266257814954   0.0016887919074663215
530.66   26   -0.6266913695100557   0.004524362067808612
546.2   27   -0.6267537195120618   0.004434818818565161
556.95   28   -0.6268203835720585   0.00549042637255939
567.95   29   -0.6269182103009444   0.005575228781162348
579.08   30   -0.6269653900794737   0.27012297051545375
591.32   31   -0.6269796448544055   0.008131065179561163
606.64   32   -0.6270141584117874   0.003672000779475156
616.75   33   -0.627047158339486   0.003243535869017341
643.53   34   -0.6271019057361329   0.004714827785853796
664.0   35   -0.6271395351462525   0.21432615475767414
684.21   36   -0.6271480916843221   0.0032711377478246333
698.8   37   -0.6271519080416649   0.0031347828100391595
1095.59   38   -0.6271519704073474   0.004605410398520202
1110.45   39   -0.6271884189802298   0.2561818657420826
1164.29   40   -0.6271884040082712   0.23919391844427346
1248.84   41   -0.6271883808087931   0.27824799728860955
1278.03   42   -0.6271884422894116   0.00264431775927196
1289.11   43   -0.6271930173324541   0.0022529465325595113
1299.58   44   -0.6271987478237135   0.0023019642603222612
1317.5   45   -0.6272038944819075   0.22039855051743878
1329.15   46   -0.6272136753844972   0.0019895404971526083
1351.37   47   -0.6272180557171696   0.002871308201561715
1362.19   48   -0.6272416084220003   0.002468398667319982
1377.39   49   -0.6272666442292328   0.0022614969941437348
1388.47   50   -0.6272739048630445   0.2371268440720393
1416.11   51   -0.6272777372024894   0.24303991425673263
1438.51   52   -0.627277791131494   0.2464101877181351
1471.62   53   -0.6272776354650103   0.2814576739489768
1516.08   54   -0.6272772563818467   0.0023919600905500044
1526.91   55   -0.6272783178915874   0.0019997423764570787
1538.71   56   -0.6272785911219875   0.0020483550841291598
1550.39   57   -0.6272786709991187   0.00198930022246633
1566.16   58   -0.6272867663798146   0.0015516594870116985
1582.04   59   -0.627301065319722   0.002032566293110321
1593.61   60   -0.6273040853594679   0.0020966826159710887
1612.37   61   -0.6273050974168018   0.20008158563022763
1631.85   62   -0.6273055123079662   0.0021801781321655225
1648.85   63   -0.6273100373090585   0.004086948170879441
1677.07   64   -0.6273154309822793   0.004147944085437857
1733.75   65   -0.6273163521310823   0.26202391177204454
1751.39   66   -0.6273164602134932   0.0036886065717564418
1763.13   67   -0.627324074465213   0.002950516216548242
1775.02   68   -0.6273405897643235   0.002994672607273251
1786.49   69   -0.627354840256276   0.0023869264920941043
1803.55   70   -0.6273737215657232   0.0028965753027758103
1815.71   71   -0.6273784400319651   0.002648347993953184
1837.11   72   -0.6273793742046208   0.0025390734569637427
1849.68   73   -0.6273879322368145   0.003187023212300433
1862.19   74   -0.6274217344473296   0.2816055659738334
1887.29   75   -0.6274211452416185   0.003323087441950458
1899.65   76   -0.6274248954541025   0.003092448451280209
1911.3   77   -0.6274424365997492   0.003151778657568288
1922.69   78   -0.6274740995427827   0.25922079249609065
1967.53   79   -0.6274746145846755   0.004164286023519583
1979.54   80   -0.6274837342215047   0.26370140373899437
2052.94   81   -0.6274879019428383   0.0034011994521465473
2092.74   82   -0.6275145835954695   0.004047742168015571
2110.32   83   -0.627536512574709   0.0033755130847317382
2132.21   84   -0.6275485719870308   0.0026616296584030495
2167.17   85   -0.6275955822405435   0.259892250265062
2211.84   86   -0.6275953019865737   0.0024603647643079538
2244.67   87   -0.6275983764782297   0.004682925420605247
2267.7   88   -0.627621669813192   0.00329889729047127
2285.95   89   -0.627646957239824   0.2167688044162444
2337.86   90   -0.6276463532424587   0.0028798259164415714
2360.6   91   -0.6276492210587017   0.22407950453218725
2438.61   92   -0.627648631290383   0.0031941664097094534
2450.2   93   -0.6276499003958691   0.19792874796621154
2461.42   94   -0.627651953169069   0.0023785235957130887
2476.94   95   -0.6276521748512125   0.002559587482551059
2487.92   96   -0.6276533921100828   0.258958047707932
2499.26   97   -0.6276560700906039   0.2911732481274558
2539.79   98   -0.6276557285420182   0.0028779223686273597
2550.27   99   -0.6276558830220241   0.0027949915249716514
2567.26   100   -0.6276659544824696   0.002784817455639216
0.0   0   -0.6276659544802151   0.27735838363745485
414.69   1   -0.6276706840779058   0.2400098676357119
477.4   2   -0.6276705044732077   0.0039531248002533685
541.58   3   -0.6276708745796262   0.003926708500659569
977.12   4   -0.6276801718005527   0.0050469823391903835
1102.58   5   -0.6277029559869781   0.0016775297357842632
1221.61   6   -0.6277328618478115   0.0020552914225619614
1486.81   7   -0.6277653371871252   0.2251751534850636
1618.76   8   -0.6278121650452841   0.2686389485428792
1995.07   9   -0.6278125120964017   0.00528958084434268
2113.9   10   -0.6278166219696598   0.2553109357148794
2343.84   11   -0.6278160819437884   0.17558203448764545
2647.1   12   -0.6278158925716096   0.0071446050903656265
2797.58   13   -0.6278171787675169   0.2207666358331585
2854.75   14   -0.6278175633190846   0.2403490564599512
3095.11   15   -0.6278180020637514   0.0066627468862631885
3211.29   16   -0.6278373233424794   0.24066581391060707
3622.83   17   -0.6278366987646491   0.004072243432560686
3774.71   18   -0.6278380563398875   0.19059854413622343
3859.81   19   -0.6278452698124013   0.00402702878448631
3974.63   20   -0.6278457958310051   0.0041702924943103105
4034.16   21   -0.6278614662203958   0.004801413143872791
4098.19   22   -0.6278959673863207   0.00693650923457612
4347.21   23   -0.6279083991312446   0.25094255155561196
4522.63   24   -0.6279079411503206   0.19340625347232776
4708.61   25   -0.6279074471138469   0.3533843531838021
4930.71   26   -0.6279072211824341   0.2598402423169586
5078.33   27   -0.6279070048307106   0.20824757082521364
5516.58   28   -0.62790679230691   0.27185218857315757
5572.36   29   -0.6279066530558881   0.00759097336296661
5676.66   30   -0.6279072348231451   0.007388934028404368
5738.09   31   -0.6279096272634356   0.28581407984514495
5874.04   32   -0.6279093134737397   0.006598126563849025
6022.67   33   -0.6279160655451755   0.006276937116129053
6116.92   34   -0.627916552105511   0.006041652668559395
6181.24   35   -0.6279215822342263   0.005881868872962103
6243.77   36   -0.627922631533898   0.005691732185658788
6523.82   37   -0.6279235436275833   0.268826498654783
6683.66   38   -0.6279233665889399   0.2574603353625269
7353.73   39   -0.6279231964884997   0.24760374380138192
7478.2   40   -0.6279351201004678   0.008132232815745898
7539.77   41   -0.6279459676015123   0.005417750189395658
7609.33   42   -0.6279478272945093   0.004348440249598282
7671.87   43   -0.6279526251696798   0.00430074814923622
7887.66   44   -0.6279559778531186   0.004486507741271002
7976.86   45   -0.6279654420140575   0.003122703527891398
8034.88   46   -0.6279655506619204   0.0030508489183599056
8183.06   47   -0.62797806392375   0.005696437299057554
8242.59   48   -0.627979185177027   0.26584919166884796
8466.12   49   -0.6279870058213974   0.3086407757050998
8785.18   50   -0.6279868086036597   0.006847590353560675
8860.58   51   -0.6279961669683538   0.2585640585899397
8938.64   52   -0.6279960996509697   0.0062178001943915
8990.41   53   -0.6279964564918344   0.006191563770904341
9047.93   54   -0.6280022191282725   0.0071109799240575994
9102.62   55   -0.6280354209837302   0.004802328149381899
9152.66   56   -0.6280588425489637   0.2473658454106398
9351.58   57   -0.6280582222569017   0.005611417114950911
9401.83   58   -0.6280604894585533   0.004456999129967791
9487.93   59   -0.6280612992772929   0.004370657754781144
9540.11   60   -0.6280624726011003   0.003979816874645669
9597.28   61   -0.6280665792109912   0.0038038874444944392
9655.08   62   -0.6281340243270099   0.007154634370585906
9739.52   63   -0.6282311073245566   0.007150072339492689
9791.21   64   -0.6282910254765616   0.007211737486987568
9869.8   65   -0.6283559116162157   0.004219375450299152
9951.25   66   -0.6283754442264389   0.004430352121712798
10000.95   67   -0.6284016613189852   0.003796668814837465
10084.37   68   -0.6284404413442757   0.0035932183482031543
10411.16   69   -0.6284423435558851   0.003921217285286439
10456.77   70   -0.6284706367861065   0.003053237021272942
10521.54   71   -0.6284971692248622   0.004004465190485838
10564.26   72   -0.6285009603124785   0.00400184354032104
10612.32   73   -0.6285773675709172   0.19751979984445506
10827.1   74   -0.6285771097467543   0.23766994852248666
11423.28   75   -0.62857683365591   0.2896505706966695
11837.4   76   -0.6285766293958043   0.2362803977865662
11960.35   77   -0.6285761030798558   0.24538819168278964
12007.53   78   -0.6285757373831574   0.0046213887867512975
12045.01   79   -0.6285832476562079   0.24350047495190857
12141.47   80   -0.6285826214954625   0.2293737947172602
12160.26   81   -0.6285830216597673   0.0053509647669866866
12171.25   82   -0.6285853105277841   0.24750533127538077
12187.72   83   -0.628585311103968   0.004297214398438818
12287.73   84   -0.628585501979422   0.29108158481626284
12340.54   85   -0.6285854691230285   0.19571304632777195
12447.02   86   -0.6285854680281505   0.3244281590789979
12511.71   87   -0.6285854650692111   0.20738750896605296
12541.96   88   -0.6285853010353994   0.27826854563421344
12614.67   89   -0.6285848037563537   0.003969247381972241
12626.07   90   -0.6285848367580513   0.2282559508528878
12639.85   91   -0.6285855749211002   0.23240908231744362
12663.55   92   -0.628585156251052   0.002968147499481189
12681.28   93   -0.6285855130822963   0.2673698018624268
12693.36   94   -0.628585691062269   0.23757188115457148
12710.97   95   -0.6285857086840384   0.0033809215295940733
12727.6   96   -0.6285857763996238   0.0032536581093146623
12739.41   97   -0.6285860036181984   0.0033431341808489268
12753.53   98   -0.6285871226483208   0.0033664566561580895
12782.19   99   -0.6285902011081577   0.0038791971202861613
12794.02   100   -0.6285995893659175   0.004321777573319525
