0.0   0   -0.3462458336722153   0.2521700387154527
121.93   1   -0.3462457240847165   0.029295399815501662
131.5   2   -0.3462457350927582   0.23280970182799232
173.27   3   -0.3476257361242344   0.1984661346068424
264.92   4   -0.3476256393327144   0.19352270270392927
344.58   5   -0.3476256364612512   0.21504174200208725
472.95   6   -0.34762529460213976   0.22394236675409182
556.06   7   -0.34762503643189213   0.25214561211244046
564.39   8   -0.3476249376337711   0.17947452014549162
576.48   9   -0.3476248199495773   0.2989117975399918
590.15   10   -0.3476249864137579   0.17176533937438695
614.83   11   -0.34762597767045456   0.20206511740913333
631.82   12   -0.34762652520047904   0.2887625126747111
644.93   13   -0.3476281010042159   0.18584576936653227
653.17   14   -0.34762799497857866   0.17773550633317622
678.99   15   -0.34762783506551365   0.1880175121575369
687.42   16   -0.3476278014374907   0.21557675211712982
707.48   17   -0.34762778313725745   0.02672185710261829
741.2   18   -0.3476277961028486   0.19543810543060267
757.8   19   -0.34762835333364106   0.21556159526552682
816.94   20   -0.34762801280669886   0.025332071819482636
833.93   21   -0.34763095882522244   0.2045690289954171
939.14   22   -0.3476306379085988   0.1991086431344971
948.73   23   -0.3476307554414573   0.267196054963554
966.01   24   -0.3476308245299151   0.21579329435439742
986.73   25   -0.34763077301599693   0.27176767750283803
1000.15   26   -0.3476304292034768   0.19587532704617305
1068.3   27   -0.34763008224448444   0.1687143544478601
1080.98   28   -0.34763008224624425   0.2748989776820751
