0.0   0   -0.14782268901261383   0.07262314728209611
13.81   1   -0.1687784796391057   0.10378981509911925
30.9   2   -0.21658175116908515   0.16487950174897073
47.1   3   -0.2523109235103321   0.11262854889003
64.68   4   -0.2694023911406328   0.06384910481879681
81.08   5   -0.282626993023517   0.08915384686083028
97.08   6   -0.3014048247727155   0.03864606886552816
114.81   7   -0.30502169636807897   0.339035115252242
212.68   8   -0.305021537257283   0.017534721899851134
222.92   9   -0.30528789981404314   0.01671887402913502
237.68   10   -0.30700613746052496   0.02691898458006666
251.99   11   -0.3120463539962573   0.04128779296990618
272.68   12   -0.3212930360487463   0.04320327019068268
282.66   13   -0.3272438396344066   0.04173762925744576
292.15   14   -0.3323252734607235   0.020265855699956307
301.95   15   -0.3342053208155299   0.009894218854386749
315.87   16   -0.334609923943018   0.009024087069710442
331.12   17   -0.3352012409670917   0.006197678930499371
345.35   18   -0.3354919686152874   0.007625540679806864
359.28   19   -0.33588964693911166   0.004260430823000529
373.25   20   -0.3360457441817973   0.003039100297249569
387.75   21   -0.33623111277788986   0.0023062120578583017
401.86   22   -0.33633546252053925   0.00274812637614117
415.09   23   -0.3364827384840251   0.002656389301615513
429.2   24   -0.33670346602525414   0.003830862744349273
443.3   25   -0.336984313270526   0.003862313463863722
452.07   26   -0.3372316135526849   0.004397678323811919
466.32   27   -0.3373653302165192   0.002714126041379536
484.61   28   -0.33741749951434047   0.00214736966571749
499.69   29   -0.3376090831870754   0.002300994603701079
518.42   30   -0.33766671400443   0.0019493709995556058
527.9   31   -0.3378899121206216   0.002104737148640082
537.08   32   -0.33798441284699565   0.0023517217415115897
551.38   33   -0.3380771202932939   0.0016186028786741755
571.86   34   -0.33812110695236847   0.2887960115518047
601.13   35   -0.338122610560052   0.001412130816522036
614.5   36   -0.3381324592568305   0.0007677995760372562
629.21   37   -0.3381447016515686   0.0012084502429143475
649.39   38   -0.3381723560548694   0.0019940848076357197
692.05   39   -0.3381804344899091   0.0024328371853012433
705.88   40   -0.33819539485436345   0.0016846957874020307
718.77   41   -0.33820984194595105   0.0004968835260984395
737.57   42   -0.3382286869952156   0.0017781590947074388
746.3   43   -0.33823930073137637   0.2871307503729625
768.66   44   -0.3382393007011976   0.0008231539651721264
814.51   45   -0.3382399376859198   0.0006653801317182575
827.86   46   -0.3382421071916068   0.0005921294735085573
861.62   47   -0.33824468164858207   0.00105184638954334
870.51   48   -0.3382458346960709   0.3891757183045839
879.26   49   -0.3382537139827932   0.0010303952275514518
891.69   50   -0.3382556675370315   0.0004905777783620064
904.09   51   -0.338263339202872   0.0007213169530167571
913.9   52   -0.33826621673371093   0.000745454149533766
927.38   53   -0.3382710058021649   0.0006525995303482665
939.91   54   -0.33827616829732376   0.0006515867537807739
952.62   55   -0.3382795878219993   0.3121479705842779
966.52   56   -0.33827953386031884   0.0007953617255323823
974.7   57   -0.3382797763389774   0.000687475657773842
987.19   58   -0.3382874986193265   0.0007314867580869422
995.73   59   -0.3382890042218917   0.0006118754678161813
1009.1   60   -0.33829629300091135   0.0004036413377644353
1021.88   61   -0.33830027937266693   0.0005083663945001222
1038.33   62   -0.33830186603460066   0.0005189322469084579
1051.76   63   -0.338310125234693   0.00040677952750996633
1072.86   64   -0.33831190525827076   0.0006116909700439715
1085.81   65   -0.33831436722908914   0.000500228425860142
1103.69   66   -0.3383199609704183   0.00042533274850959925
1129.95   67   -0.3383271885799455   0.000944128597188838
1138.03   68   -0.3383320246239375   0.001038760847714363
1153.25   69   -0.3383320621108836   0.4244207644604969
1327.31   70   -0.33833183878133133   0.26716552257393017
1409.98   71   -0.338331606335619   0.0008845412973975056
1446.45   72   -0.3383345546384834   0.000574715296867181
1460.49   73   -0.3383366870682888   0.00039774451801895873
1479.33   74   -0.3383410433820271   0.0008395533826297686
1548.53   75   -0.3383433909007423   0.0013989118001628566
1580.76   76   -0.3383490879710427   0.00042183254084600884
1595.78   77   -0.3383506065093109   0.0003510143982420394
1612.4   78   -0.3383573362616321   0.0004809316146709502
1639.52   79   -0.3383609767713446   0.0006638526141635921
1654.68   80   -0.3383693198614216   0.0006060010381983087
1670.81   81   -0.3383773591328114   0.3415416069108781
1718.16   82   -0.33837735912261024   0.0005149925910244854
1728.36   83   -0.3383774412708378   0.320254640370927
1746.08   84   -0.33837766537907477   0.31373918139267176
1761.01   85   -0.3383776482930907   0.00048526904653997335
1776.04   86   -0.3383777453535838   0.00040068949956204253
1786.19   87   -0.3383783063290199   0.0003735389014367285
1796.96   88   -0.3383803443067804   0.0005181373764513777
1807.04   89   -0.3383808798627385   0.0004694256405495394
1821.91   90   -0.33838545823635363   0.0005459126609771471
1835.51   91   -0.33838913737890974   0.0005583585223790895
1845.52   92   -0.3383894442120769   0.3241861299486334
1895.36   93   -0.33838944369581475   0.00039418261732125914
1945.24   94   -0.33838950392232886   0.33696790095727114
1965.4   95   -0.3383894672082971   0.0005137454288124301
1988.12   96   -0.3383895744671141   0.00042836065123944646
2003.82   97   -0.3383897612729015   0.0003646206509084845
2023.73   98   -0.33839124087338857   0.31771611245434966
2033.46   99   -0.33839228935650423   0.0002910850772046322
2042.19   100   -0.33839250769699614   0.0002855624477749901
0.0   0   -0.3383925076969964   0.00051128590044008
12.4   1   -0.3383930199431825   0.0004021948012035128
27.55   2   -0.33839346325221387   0.0004493165840525227
46.94   3   -0.33839483570008166   0.0009123313949657276
67.75   4   -0.3383965409239106   0.2919228562278826
96.85   5   -0.33839651258790926   0.0006577290451875194
111.67   6   -0.3383965409291877   0.0006093934177100506
125.5   7   -0.33839743268767725   0.0008518748413291004
139.0   8   -0.33839988236705787   0.0007778019876647668
148.89   9   -0.3384001292587268   0.3072840150451285
173.13   10   -0.3384017683089997   0.0006608044982140794
182.41   11   -0.33840176961414414   0.0006632396612881539
192.03   12   -0.3384024357597556   0.0007074618337830543
212.96   13   -0.3384036060057527   0.0014581513895546398
232.22   14   -0.3384059336123456   0.0007287883421300748
246.74   15   -0.33840799328201   0.000468563186701473
261.14   16   -0.3384101862121271   0.0007783782287928176
281.4   17   -0.3384118228118161   0.0006055186715322642
300.54   18   -0.3384126944311587   0.0002597429095204215
314.71   19   -0.33841328319478264   0.00018675854591527138
328.6   20   -0.33841459140500046   0.0003485023965821484
346.79   21   -0.3384153397100586   0.00041932716297513316
357.77   22   -0.338415357074465   0.3373223509119362
368.48   23   -0.33841645992895125   0.00030951166669934764
383.48   24   -0.33841651765962577   0.00018914895949107924
403.22   25   -0.3384166999411293   0.0005405198325092172
418.66   26   -0.3384176147537006   0.000310918173740792
439.02   27   -0.3384181369464643   0.3442191141524367
453.23   28   -0.3384181414051753   0.0002715815771790996
469.22   29   -0.338418162500308   0.3245056833215254
491.43   30   -0.33841816250031376   0.0002331520005430243
506.04   31   -0.3384181807467962   0.00027941129405574403
515.97   32   -0.3384181853664112   0.00030550678217801543
526.53   33   -0.33841821744925804   0.00027326311520101864
536.9   34   -0.33841835908576234   0.00024250344338548355
557.04   35   -0.3384189108275892   0.0004184147185657681
572.08   36   -0.33841931461849345   0.00029061710063039433
597.83   37   -0.33841966767846143   0.0002404505725098387
613.17   38   -0.3384204290088804   0.3625233199609994
628.29   39   -0.33842042892139795   0.0002608168353787592
643.77   40   -0.33842047689247023   0.0002579979682965537
658.63   41   -0.3384207631740881   0.00020782938968670633
1031.29   42   -0.33842059395237634   0.0005092685457376181
1110.13   43   -0.3384205914664104   0.31800101975340583
1131.09   44   -0.3384205914516494   0.0005199240824480598
1158.08   45   -0.33842059557162135   0.0005186926588909574
1174.55   46   -0.3384207926087364   0.0004120388575093754
1202.11   47   -0.33842106253542603   0.00026225840190688453
1216.65   48   -0.3384213259849741   0.0006058897237123679
1231.94   49   -0.3384215630795454   0.00017734419664593731
1247.89   50   -0.338421669999279   0.00018096022015341625
1262.57   51   -0.3384217499452905   0.00019407705890897795
1278.2   52   -0.33842191994143545   0.00020439179694047417
1293.15   53   -0.3384220710036019   0.00020774987763118465
1309.25   54   -0.3384223392078661   0.00028719521263307235
0.0   0   -0.3384223392078744   0.32892081875978557
155.4   1   -0.3384223391223518   0.30211548500820595
165.15   2   -0.33842233212878586   0.00031926964771847397
186.97   3   -0.3384223324736728   0.3948209584614195
198.19   4   -0.3384223329170127   0.29129210229526775
219.94   5   -0.3384224783208603   0.00017784171713174668
248.48   6   -0.33842253059240357   0.0001485582174045442
263.32   7   -0.33842261626600084   0.00015966868486974942
277.71   8   -0.33842268208970105   0.00012997231673619387
293.68   9   -0.3384227766416724   0.00013856577239081266
305.69   10   -0.33842285766360364   0.00029504849654650114
327.64   11   -0.3384229332047188   0.00012900548012050739
349.3   12   -0.33842308446089886   0.2913116290252231
359.62   13   -0.3384228548135384   0.0004884171800944406
371.47   14   -0.33842309644659996   0.00019314101638411702
402.52   15   -0.3384231052292387   0.0002879094975564739
413.38   16   -0.33842333948586123   0.0002639668581066757
495.79   17   -0.3384234283162173   0.0005609527876041271
511.52   18   -0.33842381167576696   0.00016576113841900944
527.46   19   -0.338423950360757   0.0001456455700478653
538.93   20   -0.33842397440695016   0.35405938649410784
550.39   21   -0.33842398090470327   0.00014708442991515034
561.14   22   -0.33842401081359696   0.00020641415260287216
570.85   23   -0.33842405331734776   0.0002095983438860362
580.36   24   -0.33842448725376517   0.00028922278857467415
595.96   25   -0.3384247938146756   0.0002000642252871492
606.75   26   -0.33842480009488035   0.3262251624958617
620.33   27   -0.33842519150730666   0.0005075018968525902
851.08   28   -0.33842485773863873   0.0005342009372442873
865.73   29   -0.3384257816838232   0.0003128748799652244
880.23   30   -0.3384263162183118   0.00026866017372656644
1249.54   31   -0.33842604427993833   0.0008875400914817905
1259.29   32   -0.3384272465522042   0.00021908695659775447
1268.46   33   -0.33842729850607906   0.0001981709241491592
1277.43   34   -0.3384273960490507   0.00014740015694243721
1297.54   35   -0.33842749710504305   9.973445562955765e-5
1317.37   36   -0.33842777664578017   0.000248076989533887
1337.38   37   -0.3384278878228377   0.000495936663415896
1346.82   38   -0.3384278917808833   0.3487268859696862
1359.07   39   -0.3384279919932468   0.34351118730912955
1395.3   40   -0.33842772474021654   0.0012327750762224994
1404.7   41   -0.3384282836823971   0.0003117410988111788
1422.66   42   -0.3384283203179602   0.0002436384952755242
1432.3   43   -0.33842840742112457   0.00010814101297768003
1476.86   44   -0.3384285700209824   0.0005084562700271136
1486.1   45   -0.3384289183455023   0.00021543108496542757
1500.71   46   -0.3384290482342489   0.00019890119859847173
1561.93   47   -0.3384290510214504   0.0001427434833457151
1876.52   48   -0.33842904400599283   0.0008456161303377404
1896.66   49   -0.3384296174336724   0.0004982021749280277
1910.13   50   -0.33843023902338676   0.0003345948088442202
1929.6   51   -0.3384308002337984   0.0001277686207038332
1939.32   52   -0.33843084688019054   0.35950074808063065
1978.58   53   -0.3384310019624726   0.00015438601048010838
2002.74   54   -0.33843124148191384   0.0003005845972924575
2011.6   55   -0.3384314655141775   0.0003577290150551854
2024.42   56   -0.33843165728303404   0.00022143830233887918
2038.28   57   -0.33843191545537593   0.00011961829869725758
2051.96   58   -0.3384321708443722   0.000270327650292241
2070.13   59   -0.33843244087147056   0.00024484492321272554
2078.99   60   -0.3384326019792878   0.00014502556873240626
2094.16   61   -0.338432714050611   0.00017929359629490505
2108.29   62   -0.33843289767150564   0.0003753960658468457
2122.18   63   -0.33843306647802485   0.00014641228969302885
2136.66   64   -0.33843323032218897   0.00013833277003818742
2151.55   65   -0.3384333982563187   0.00010285807862186043
2171.39   66   -0.33843357014465436   0.00025990128711608724
2184.68   67   -0.33843369907757076   0.0003113669498441498
2199.91   68   -0.33843388812198194   0.00015282321148429412
2214.26   69   -0.33843403949336726   0.00010431897823830431
2229.69   70   -0.33843425299705454   0.0001280473610395577
2250.9   71   -0.33843435137390865   0.3835489570568601
2283.55   72   -0.3384342810306726   0.0004453943151263361
2293.17   73   -0.3384343872258433   0.00022152992376562553
2308.89   74   -0.33843448710830015   0.00010923336543883966
2625.22   75   -0.3384344381677157   0.00035229792133804037
2638.89   76   -0.33843474622712505   7.251670895893918e-5
2653.34   77   -0.3384349302019063   0.0002475854289477708
2662.24   78   -0.33843504724404583   0.0001040280120277952
2675.18   79   -0.3384351597280806   0.00020853098680172246
2723.04   80   -0.33843523087995975   0.00039573797670391307
2740.63   81   -0.33843545543557646   7.446515430780799e-5
2753.57   82   -0.3384355364792303   8.977517263354963e-5
2808.0   83   -0.3384355634350497   0.0002432797152110941
2820.93   84   -0.3384356976546826   6.271138865427149e-5
2834.4   85   -0.33843589985062517   0.3782090305455458
2856.67   86   -0.33843581685338114   0.00015303447924386603
2873.97   87   -0.33843590358163866   7.945841522591177e-5
2882.7   88   -0.338435961636498   0.0001849831208114285
2896.05   89   -0.33843602112455873   0.00010683715047396381
2908.64   90   -0.33843608571904543   0.00010195542992174586
2920.64   91   -0.33843613585652516   4.72824577862424e-5
2934.01   92   -0.3384361821515623   0.00015903123410466793
2947.0   93   -0.3384362132067843   9.945764060196083e-5
3229.19   94   -0.33843618328180897   0.00023494985439141453
3242.7   95   -0.33843628716296237   3.742792043846982e-5
3258.96   96   -0.33843634055205174   5.5699001664378165e-5
3266.79   97   -0.3384363703387306   0.00013505728356083793
