0.0   0   -0.14488766353212715   0.011362515425444666
98.45   1   -0.17877067053831555   0.04398973379322333
161.03   2   -0.18186427357430368   0.08635533225086771
247.98   3   -0.23812401482072082   0.03687131673992968
335.4   4   -0.2786132458185335   0.026928556548560082
392.25   5   -0.2928904800780307   0.16100928155749294
1056.82   6   -0.29289027880610363   0.02279810377140478
1176.47   7   -0.29427448762745706   0.01761813465501905
1270.7   8   -0.3034259637250847   0.012107305005965536
1332.99   9   -0.3057990008629314   0.01041365089139424
1425.29   10   -0.30753048073463557   0.010587219850500765
1522.38   11   -0.3157638348458668   0.03544057157311245
1587.57   12   -0.3190606141226713   0.037418942968892345
1684.53   13   -0.3275561015690979   0.016811838473334128
1776.54   14   -0.33310687115226756   0.009259357218545684
1863.06   15   -0.33516411424431153   0.006768768010911527
1948.0   16   -0.3358369177012701   0.003432686925119563
2027.79   17   -0.3360641189899577   0.0016675899413522402
2106.68   18   -0.3362604669488522   0.0019984810924494234
2183.17   19   -0.33659123204858826   0.002228090029469173
2256.4   20   -0.336792209445302   0.001895959115909535
2335.39   21   -0.3368929680952505   0.0013487354521661138
2449.19   22   -0.33709087377253294   0.0022424127570826644
2522.94   23   -0.3373274756995933   0.0017360634663047486
2593.01   24   -0.3375991354468759   0.001633636056560903
2659.26   25   -0.33781542127788133   0.0018719880132671064
2729.67   26   -0.33804942617473366   0.002494111674686083
2799.21   27   -0.3381483355976073   0.0013701450483740885
2867.61   28   -0.33821714652128143   0.001710726548738023
2915.64   29   -0.3383027125493006   0.0019580971932257256
2993.98   30   -0.33837338022406827   0.0009038012610605939
3077.36   31   -0.33841197316504035   0.0007444006300601886
3163.33   32   -0.3384781366352495   0.0009529241732238232
3255.13   33   -0.33853259925958545   0.0008826675272675067
3343.76   34   -0.33856594950624214   0.0006014823481766283
3429.66   35   -0.33859525103195454   0.0004650324901436528
3523.29   36   -0.3386267649155018   0.0007677047023733413
3607.19   37   -0.33864820681890695   0.00042367486839299247
3683.99   38   -0.338672770255469   0.0007058228062501832
3737.67   39   -0.338685466679137   0.0005352321265752243
3816.02   40   -0.3386987968180385   0.0002448196474769551
3891.42   41   -0.33870892575107214   0.000361866810498109
3973.92   42   -0.33871768010238895   0.00039820398349175496
4048.43   43   -0.33872673164293754   0.00038071992196271853
4154.0   44   -0.33874788992747207   0.0005510458099668435
4237.22   45   -0.338769648541642   0.0003464357985375872
4316.33   46   -0.3387799681235516   0.00028215827141199283
4415.49   47   -0.33881077789323616   0.0006467788751484227
4465.29   48   -0.3388261420087625   0.0004961713293488648
4542.47   49   -0.3388383928582497   0.0002502012618348424
4634.42   50   -0.3388529496973991   0.0007588796932023281
4694.39   51   -0.3388719319606917   0.0007065675322897173
4777.55   52   -0.3388844848882034   0.00040602009584446907
4860.45   53   -0.33889964661363875   0.000631216679631116
4934.22   54   -0.3389340303021351   0.0006801824216467884
5010.69   55   -0.3389515753986737   0.0002509567496452211
5088.65   56   -0.338963749909925   0.0004535122421315912
5164.7   57   -0.33898751035138636   0.00045229750080656294
5245.62   58   -0.3390059259642419   0.0003547370613240709
5299.38   59   -0.3390183540446497   0.00030463276716203083
5375.67   60   -0.3390307651123015   0.000585859038185025
5458.28   61   -0.33904760917487875   0.00040854854056070547
5549.16   62   -0.33906295197343983   0.0004201555191186727
5639.69   63   -0.33907124227302227   0.00035122759054670324
5731.79   64   -0.3390816560342376   0.0003837745732111748
5819.17   65   -0.339094114909386   0.00025614342909660245
5878.87   66   -0.33910164166065093   0.0004657466705680725
5972.79   67   -0.33911545795186887   0.0003129807264067571
6071.19   68   -0.3391276489982569   0.0004529890590943731
6165.78   69   -0.3391402682990647   0.0003663861044228732
6256.27   70   -0.3391500781599342   0.0002803362228443721
6351.56   71   -0.3391577266527901   0.00023930302113966243
6447.92   72   -0.33916408480313504   0.00018662647955661717
6535.01   73   -0.33916923169035085   0.00026924433329160197
6596.05   74   -0.3391725507320606   0.00033710443797955265
6695.61   75   -0.3391773348018538   0.0001540165128630916
6788.64   76   -0.3391827261008076   0.00011858004044888577
6878.68   77   -0.339186523842245   0.00025767779882107737
6938.5   78   -0.33918845140461457   0.00018087129004469593
7021.76   79   -0.3391902929108051   0.00013957208157189632
7109.02   80   -0.3391935614223505   0.00021025443110971615
7196.37   81   -0.3391965995596097   0.00015276803680773618
7286.31   82   -0.33919875658373033   0.00027920666970298626
7377.4   83   -0.33920129474766014   0.00023798720307819401
7476.15   84   -0.33920318998001026   0.00016139479124249056
7573.75   85   -0.33920485232578584   0.0001984394200899793
7670.37   86   -0.33920643592995403   0.00013005888653325027
7765.71   87   -0.3392077278337797   0.00011507321952549975
7861.48   88   -0.3392103276552795   0.00016136499902451754
7915.6   89   -0.33921213579019394   0.00016803871061611122
7995.58   90   -0.339213930538792   0.00014147434900289987
8068.77   91   -0.33921773435926417   0.00015436169274538522
8148.85   92   -0.33922026512013104   0.00011812693185989079
8220.18   93   -0.33922349253112266   0.00019061490755206304
8292.98   94   -0.3392270389544376   0.00019716799588354703
8372.39   95   -0.3392294631943132   0.00014903757919984344
8420.73   96   -0.3392303439056005   0.0001363495114589387
8495.92   97   -0.33923133030220237   9.737000424772058e-5
8569.63   98   -0.33923440086233814   0.0001184793431094625
8643.73   99   -0.3392365894442184   0.00012539758859904891
8718.06   100   -0.33923817544577567   0.00017273250073635655
