0.0   0   -0.2870754083481518   0.06598130363861573
16.49   1   -0.29550280663798956   0.012163390800756993
34.61   2   -0.29859998744905636   0.02934236292701859
49.0   3   -0.30165012153431336   0.01193384749085682
62.74   4   -0.3027910724560346   0.012812889254294368
76.49   5   -0.3044990121915257   0.01438791571381313
97.66   6   -0.3058786127528769   0.01655848142821598
111.88   7   -0.307770713075894   0.00849609453112663
124.96   8   -0.3088587709701869   0.004804606104251915
133.84   9   -0.3090272435515095   0.003589511116506415
148.15   10   -0.30914454096858257   0.0033815676054982976
161.71   11   -0.3092681269390307   0.005754570971070506
174.43   12   -0.30942593665515805   0.002667023387837022
187.24   13   -0.30951739745686724   0.0019101848448308605
200.61   14   -0.309583306814042   0.002657298976535248
213.81   15   -0.30970301129106115   0.0014659756291811982
226.63   16   -0.3097921669049416   0.004045472467054422
240.71   17   -0.3099010464417087   0.002341966200882814
254.31   18   -0.309935634953781   0.001855958095524309
266.65   19   -0.3100188601619438   0.003264262052262198
280.57   20   -0.3101211365085551   0.0021989559616697268
294.49   21   -0.3102038303205282   0.0022632832798346195
307.98   22   -0.3102771377758713   0.0016046421636978637
321.91   23   -0.31031054906391164   0.0012039850118817043
331.33   24   -0.31032919542126275   0.0015218505386477884
345.51   25   -0.3103490570280018   0.0009013186317388921
358.71   26   -0.3103738363100233   0.0012440118407082035
371.66   27   -0.3104615553419588   0.0016817238952737217
381.34   28   -0.3104785680888953   0.0012764427775864681
395.63   29   -0.3105027640455512   0.0008332654582227685
409.16   30   -0.3105355427642611   0.0013097454319303194
424.54   31   -0.31058509752671576   0.0013100616002225654
434.18   32   -0.3106030728369993   0.0018246776637764704
448.68   33   -0.31062011690072977   0.0011315196952585837
462.32   34   -0.3106526318394709   0.0010740393313888059
476.9   35   -0.3106831685987122   0.0009893663884576076
486.07   36   -0.31069622991267276   0.0009730893247461749
499.74   37   -0.31071373506361644   0.0006788149174888816
514.32   38   -0.3107372057859605   0.0011688042306786815
524.46   39   -0.3107476972178505   0.001257757261939014
538.67   40   -0.3107624513846715   0.0007101127485448504
551.64   41   -0.3107743519897078   0.0006258912597710834
566.43   42   -0.3107958895258647   0.0007478703551615462
576.16   43   -0.3108018136167021   0.0008021401226977054
590.43   44   -0.3108068944954815   0.0005567463391695066
604.72   45   -0.31081354743872147   0.0005612018942901416
619.64   46   -0.31081989481579886   0.0004100425257562322
633.84   47   -0.310824393586138   0.0004907162354374304
647.74   48   -0.3108322002637359   0.0005840900501495537
661.53   49   -0.31083718106420055   0.0004531744007364873
676.04   50   -0.3108404794757883   0.0005098517386633726
690.06   51   -0.3108471063186046   0.000713551616247478
704.66   52   -0.3108553591994055   0.0004474777332021442
718.55   53   -0.3108580385072344   0.0008680995761811015
733.79   54   -0.3108612880604255   0.0004109904445903375
748.5   55   -0.31086622083748944   0.0006048686815838319
758.66   56   -0.3108706485962371   0.00033972828776307777
774.46   57   -0.3108749955214369   0.00018625697477194666
784.75   58   -0.3108771803059762   0.00041217427348191877
799.37   59   -0.3108804596848873   0.0002396063610993269
813.05   60   -0.31088295131106874   0.0002863626576173012
832.34   61   -0.3108842933452889   0.2816443603519084
862.23   62   -0.3108841062728859   0.00039069811362119934
873.4   63   -0.31088430090166624   0.0003278513484218457
888.53   64   -0.3108856599378981   0.00031739317670404356
901.89   65   -0.3108884037782878   0.0002929996453563238
915.43   66   -0.31089025064915354   0.00030972072934572854
930.46   67   -0.31089269652181106   0.0003531213131292703
944.94   68   -0.3108973703069646   0.00031422850790365474
954.39   69   -0.31089916941101525   0.00030690824654626913
968.93   70   -0.3109014767187883   0.0003342761881256452
983.16   71   -0.31090321875128935   0.00022496552887123154
997.62   72   -0.3109048233409749   0.0003026344880452345
1011.66   73   -0.31090731368436036   0.0002970637428825098
1026.7   74   -0.31090826453910764   0.2082955482820031
1057.22   75   -0.31090800844776756   0.0004806501001264191
1067.37   76   -0.31090856703045283   0.00026648036158187906
1077.58   77   -0.3109093662611869   0.1946718476281122
1092.94   78   -0.31090936501534444   0.000465982333158727
1106.26   79   -0.31090937371891975   0.00040733826852224966
1120.03   80   -0.3109098540485644   0.00026596813718792183
1140.72   81   -0.3109109486021834   0.0002916135770523591
1165.84   82   -0.310913422902782   0.00025833053021786286
1180.71   83   -0.3109150510867775   0.00025159481566604757
1199.84   84   -0.3109171782602137   0.00031853440380941514
1209.0   85   -0.3109185764906809   0.00034626008217634096
1223.46   86   -0.31092003143737823   0.00027006616342288824
1238.3   87   -0.31092250864467674   0.00018873904487097726
1252.49   88   -0.31092388468217735   0.0002860725894325653
1265.78   89   -0.31092577305726876   0.0002728281565731611
1280.12   90   -0.3109292127431008   0.00027220536864664134
1294.66   91   -0.31093258029699133   0.0003468002797689608
1309.25   92   -0.31093474412490973   0.00023591752382641832
1318.6   93   -0.3109353613362851   0.00026382287342759217
1333.35   94   -0.3109363002889731   0.00016041938113266416
1347.48   95   -0.31093768501216207   0.0002026264677671453
1356.72   96   -0.3109386932408724   0.00016272145832149277
1375.76   97   -0.31094003954439414   0.0004973468474546243
1389.59   98   -0.3109401152299981   0.00047670358013555335
1399.32   99   -0.3109419947350899   0.0002187647348723069
1412.91   100   -0.3109429838673788   0.0003888245378551419
0.0   0   -0.3109429838673912   0.0005471392098311554
11.14   1   -0.31094317358164514   0.00018711127896117117
34.48   2   -0.3109432916786463   0.00018472443694449552
48.9   3   -0.31094356557884517   0.00025902823674858966
62.01   4   -0.3109440134978451   0.0002908660794235186
74.68   5   -0.3109444372161817   0.00016375832766397225
87.71   6   -0.3109446272690656   0.00018677298729629347
107.4   7   -0.3109448629097351   0.00022115636409968895
125.38   8   -0.3109454976846269   0.0001951020694102561
139.26   9   -0.3109462428650535   0.00013761689519398317
153.48   10   -0.31094692058565626   0.0002171587820109668
167.89   11   -0.31094771186515646   0.00016801123652927425
182.55   12   -0.31094918519425063   0.00014966669212181644
191.87   13   -0.31094966987333006   0.00012525723962788685
206.38   14   -0.31095052844218407   0.00011493502026070389
221.83   15   -0.31095098056042053   0.0002191593016345631
236.35   16   -0.3109520101674097   0.0001988817714634689
251.47   17   -0.31095259609337195   0.00015319432413664355
275.17   18   -0.3109533571456855   0.0002857949761495247
289.69   19   -0.3109539490850044   0.00011246268539543058
304.99   20   -0.3109540813265958   9.751636398457048e-5
320.26   21   -0.31095427203649956   8.27519982620892e-5
330.76   22   -0.31095468846849134   0.00046063013587326177
341.01   23   -0.3109551779094433   0.00013464050556843962
362.12   24   -0.31095557499892096   0.00016692780856498337
371.62   25   -0.3109557413054846   0.0001885032918961548
385.8   26   -0.3109560156447866   0.0001322813112899896
405.27   27   -0.3109561394783842   0.00013954671445782216
414.77   28   -0.3109565039696406   0.0002028628867270945
423.69   29   -0.3109568464740554   0.00013604484560604668
437.28   30   -0.31095723204068865   0.00023739513078981238
453.0   31   -0.31095798778462636   0.00022740972604693563
477.09   32   -0.3109583453936713   0.00013981867449085428
492.69   33   -0.3109588266208803   0.00017309285601043107
507.42   34   -0.31095925314221173   0.00012691323568179142
829.92   35   -0.31095932590458136   0.0001684479645974594
844.89   36   -0.31095993860161   0.00012469354238957511
858.57   37   -0.3109601100373976   6.905160500819177e-5
881.49   38   -0.3109604265828692   7.706485598359717e-5
891.71   39   -0.31096067389414866   9.833131223958009e-5
900.95   40   -0.3109607483074008   0.0001034521368023283
914.95   41   -0.31096081902212325   6.894752115051736e-5
927.11   42   -0.3109609259823407   8.704241948861062e-5
936.63   43   -0.3109609783144352   0.00014949009821979174
951.27   44   -0.31096107848062604   9.596117801206608e-5
965.55   45   -0.31096118317729615   6.388080374463827e-5
979.67   46   -0.3109613353992167   8.218185689742492e-5
990.09   47   -0.31096137086700215   6.916237949250263e-5
1004.49   48   -0.3109614332231282   5.118874998090598e-5
1018.14   49   -0.3109614769051898   4.7054645100620614e-5
1031.95   50   -0.3109615040612491   6.359612738904638e-5
1045.83   51   -0.31096158430457527   6.041352954273225e-5
1059.57   52   -0.31096166489997273   8.130704234474391e-5
1072.76   53   -0.3109617034940383   5.770496714046271e-5
1086.53   54   -0.31096174038982444   4.935995829942904e-5
1101.03   55   -0.31096180436611337   4.392096159171286e-5
1114.36   56   -0.31096185205830196   4.021074981934912e-5
1127.57   57   -0.31096188628220733   3.9017663713193566e-5
1141.54   58   -0.3109619274773954   5.5406941430895234e-5
1154.74   59   -0.31096194828026585   2.9805419019577215e-5
1172.27   60   -0.3109619726594188   6.107415642837495e-5
1185.56   61   -0.310962011940761   4.293360393514264e-5
1199.62   62   -0.31096202870291784   4.744700110627082e-5
1213.97   63   -0.3109620573851856   4.23852900662774e-5
1227.18   64   -0.31096210052552015   4.296206517608835e-5
1236.48   65   -0.31096210725888934   2.9908826221116184e-5
1250.43   66   -0.3109621139138469   2.2628771374121795e-5
1268.06   67   -0.31096213831865405   3.5292777809663974e-5
1276.72   68   -0.3109621460011487   3.027283208497108e-5
1290.9   69   -0.31096215482314754   2.216284746725717e-5
1304.61   70   -0.3109621780125691   2.9238269788121094e-5
1313.67   71   -0.310962187493643   4.8918190905219836e-5
1326.54   72   -0.31096220016853154   2.5966513199459368e-5
1340.5   73   -0.3109622173255343   2.1796499536726328e-5
1354.3   74   -0.3109622304039528   3.217931097021493e-5
1367.38   75   -0.3109622449632185   3.0993791884083974e-5
1381.88   76   -0.3109622591867959   1.4871066064989553e-5
1395.02   77   -0.31096227257998854   2.832070060448825e-5
1407.45   78   -0.31096229391406416   3.656701798526287e-5
1420.45   79   -0.3109623243802069   2.2809275880256304e-5
1428.92   80   -0.31096233648829685   4.812084609989872e-5
1441.79   81   -0.310962349880504   4.2526218514789744e-5
1453.7   82   -0.31096236823610307   2.2257415907502883e-5
1465.59   83   -0.3109623811464036   2.5797076651585446e-5
1478.83   84   -0.31096239614841253   3.622553175492141e-5
1490.84   85   -0.3109624102180488   2.7796999982402174e-5
1502.71   86   -0.31096241872511254   4.1064622852456784e-5
1510.61   87   -0.31096242333001806   3.89391043848929e-5
1528.17   88   -0.310962437450052   2.411654953561551e-5
1536.47   89   -0.31096244373546517   2.294948568026433e-5
1548.66   90   -0.3109624543313038   2.7073790136448904e-5
1560.7   91   -0.3109624803957024   3.2643342930237584e-5
1574.3   92   -0.3109625000237117   3.2371699007253785e-5
1582.9   93   -0.31096250804579206   2.5768659279891247e-5
1594.86   94   -0.3109625168488026   2.4543742199320264e-5
1610.48   95   -0.3109625338876504   2.2772018296310354e-5
1622.53   96   -0.3109625455336493   2.5588791990040573e-5
1633.8   97   -0.31096254958719055   1.81558873981509e-5
1645.81   98   -0.310962555483649   1.7709276447825192e-5
1657.79   99   -0.31096256464262584   2.1122870419287924e-5
1669.75   100   -0.31096257250075476   1.2423051222596337e-5
0.0   0   -0.31096257250084275   1.2647641589982113e-5
16.11   1   -0.3109625735965279   2.9833178471346622e-5
34.46   2   -0.3109625772515174   2.8487724883606004e-5
46.03   3   -0.3109625791728242   2.10113556025385e-5
62.43   4   -0.31096258066154225   1.358970418374948e-5
84.79   5   -0.31096258293259016   1.476643470984126e-5
100.09   6   -0.3109625850142854   1.3825131784889498e-5
121.95   7   -0.3109625910462005   1.6786850111262064e-5
138.1   8   -0.3109625955301524   1.2081887634532977e-5
154.02   9   -0.31096259983724095   1.4795976276493666e-5
169.93   10   -0.31096260545211907   1.726836340598858e-5
187.3   11   -0.3109626164125575   2.307509976485996e-5
198.24   12   -0.31096262065275526   1.3204670154587648e-5
220.43   13   -0.31096263105125654   1.6079623542064312e-5
230.83   14   -0.3109626353449953   1.0606771955323147e-5
254.33   15   -0.3109626453269974   1.7722904365725523e-5
271.05   16   -0.3109626514658935   1.5682099155043205e-5
287.27   17   -0.31096266128394107   2.3005731705450706e-5
304.21   18   -0.310962666500561   2.892317277233283e-5
326.88   19   -0.3109626750686625   9.579932559519323e-6
350.19   20   -0.3109626858788031   1.7469353252605937e-5
367.5   21   -0.31096269317517033   1.6621870957705092e-5
385.28   22   -0.310962695718989   1.7444799218159123e-5
401.75   23   -0.3109626991854708   1.7367519340269237e-5
409.83   24   -0.31096270057296865   2.017290447519764e-5
425.48   25   -0.31096270514442537   2.307601131320967e-5
435.22   26   -0.3109627075395926   1.1909051160564743e-5
455.47   27   -0.310962709943294   1.831440923551162e-5
476.86   28   -0.3109627224258918   1.4418855463802254e-5
492.77   29   -0.31096272749402465   1.770880841556902e-5
509.24   30   -0.31096273613309844   0.1885435432498669
527.9   31   -0.31096273612803155   1.1290945182476827e-5
539.77   32   -0.3109627361450008   1.0478515084264314e-5
