0.0   0   -0.2961213799204315   0.008854468754813858
50.2   1   -0.29759629019046735   0.003633951249321222
147.36   2   -0.29828538120748144   0.007845892289131209
258.32   3   -0.3028602772732636   0.008021453043881277
314.05   4   -0.30380378646417916   0.006557064458308051
374.23   5   -0.30576063848598184   0.005584852564645188
466.57   6   -0.3063996482149728   0.003698847418071074
550.46   7   -0.3067023197689702   0.0030232472651853864
657.66   8   -0.3072172380689196   0.0051826950292887366
713.41   9   -0.3079816793051593   0.0067774595984540255
767.78   10   -0.30863111194024817   0.004882829261278954
824.36   11   -0.3093670388819589   0.0019270586954443054
908.0   12   -0.30943447268587604   0.0011267176287661216
994.52   13   -0.30946487168677805   0.0011904199824814155
1079.23   14   -0.3095304297791552   0.001501653333592004
1164.14   15   -0.3099157145090647   0.002091068001452601
1223.73   16   -0.31001862518863743   0.002116188588641755
1281.09   17   -0.31026383938376456   0.0023135313176083573
1336.64   18   -0.3105227813743351   0.0014585930520475657
1390.83   19   -0.31066526258013494   0.0012554277436931576
1473.75   20   -0.3107634649472417   0.0016083615586322117
1560.45   21   -0.3108698401666207   0.0011925165467912382
1647.88   22   -0.3109448306732693   0.0009585844656304968
1742.58   23   -0.31103012216762954   0.0013631914785861277
1839.72   24   -0.3111276328806939   0.000962136377044744
1905.31   25   -0.311156370581117   0.0006753095248505361
2002.02   26   -0.31119608016039524   0.0008407847529646426
2095.67   27   -0.3112295910253578   0.0008515469835427857
2189.88   28   -0.3112549510092818   0.0009925998662694512
2289.79   29   -0.3112731586869849   0.00046500331221206124
2383.57   30   -0.31128794199172993   0.0007971354554988594
2476.77   31   -0.3113165742387304   0.0006703552278245456
2570.01   32   -0.3113328235984183   0.0004064301120288133
2662.4   33   -0.3113398019663998   0.0004361805158113987
2747.56   34   -0.31135386408430743   0.0007912921529053404
2829.96   35   -0.3113761553952045   0.0003869037885921614
2913.58   36   -0.3113859139498122   0.0003683588542261393
3004.41   37   -0.3113958266643432   0.0004232650588054385
3090.11   38   -0.3114112820878405   0.0003831598122962574
3182.53   39   -0.31142615741956836   0.0003653956931431464
3275.91   40   -0.31143412044952723   0.0002885437772429935
3371.08   41   -0.31144554407088615   0.00038777683018703446
3462.53   42   -0.31145124533100965   0.0002399717826805666
3559.53   43   -0.31145638473160925   0.00036191119118917834
3650.9   44   -0.311463594650767   0.00030350871992479737
3746.56   45   -0.3114697396135437   0.0003202559885729558
3838.24   46   -0.3114740290173773   0.00026724196489071234
3930.4   47   -0.3114817594889515   0.00023749444959717163
3989.43   48   -0.3114845750945213   0.0002938012577405428
4048.05   49   -0.3114868824388782   0.00019909187278520946
4137.05   50   -0.3114910423365157   0.00026536620779266725
4227.74   51   -0.31149747208921713   0.00034088912041904684
4290.24   52   -0.3114995149058889   0.0003007175389944124
4381.74   53   -0.31150418975084176   0.0002334227876932659
4439.65   54   -0.3115072229743948   0.00023357444682160018
4496.75   55   -0.3115095431360846   0.00026263129487667986
4591.74   56   -0.3115164477530754   0.0003603116933476947
4688.19   57   -0.31152561674853235   0.00023678528026607672
4792.7   58   -0.3115293974200345   0.00022515733240179934
4886.59   59   -0.311535360328956   0.0002590980873155181
4986.65   60   -0.3115461605798483   0.00028412334750399694
5053.45   61   -0.31155068662816393   0.0003459708030299269
5112.78   62   -0.3115528511772404   0.0002107394773823847
5192.54   63   -0.31155473042457277   0.00020237902908214555
5286.18   64   -0.311558833918746   0.00019569881963987616
5375.67   65   -0.3115611104118474   0.00016285211066320552
5463.97   66   -0.31156362128969767   0.00023388194520828045
5524.63   67   -0.31156518090542684   0.00017348599277596172
5642.45   68   -0.3115672080929176   0.00015298273280467444
5754.52   69   -0.31156912731378505   0.00017054231693118045
5880.41   70   -0.3115707439569317   0.00016096047399658545
6100.58   71   -0.3115732054347623   0.000148782831502177
6633.33   72   -0.31157611240918953   0.0001394937392809388
6989.78   73   -0.31157678065137706   0.00020526394248846077
7595.8   74   -0.3115799800603081   0.0001313364210540989
8092.14   75   -0.3115822788749242   0.00013575470341676332
8433.53   76   -0.31158498053419476   0.00019257774744593236
8786.97   77   -0.3115869312336355   0.0001840372678636548
9189.28   78   -0.31158915440520674   0.00014570198598419924
9585.01   79   -0.3115917561209136   0.0002163653512565776
9681.03   80   -0.3115948841968801   0.00014464937903183245
9766.14   81   -0.3115969467700869   0.00016067714262163227
9843.75   82   -0.31159976970004605   0.000123761074614727
9922.47   83   -0.31160380338412547   0.000250933410529662
10005.61   84   -0.31160826888111726   0.00022646395714474174
10094.33   85   -0.3116119113372388   0.0001576678780784164
10186.36   86   -0.31161436648196655   0.00022933331947519938
10244.01   87   -0.3116167751154561   0.0003031174311767
10330.75   88   -0.3116205688207195   0.00024054167646011043
10414.83   89   -0.3116235813393481   0.0001373735937580115
10473.24   90   -0.3116256683411881   0.00023318391180954655
10530.44   91   -0.3116272597764057   0.00016096406881267256
10615.02   92   -0.31162850307010204   0.0001602831597731099
10699.0   93   -0.311630913036359   0.00011383500121257665
10785.27   94   -0.31163227018200146   0.00017684213435612326
10836.38   95   -0.3116333035302534   0.00018418984166601962
10918.68   96   -0.311634522389112   0.00014531312226151143
10997.83   97   -0.3116361979109639   0.00010205963441065099
11081.68   98   -0.311638302349416   9.947812313671916e-5
11139.18   99   -0.31163955713547276   0.00012042424360378158
11224.04   100   -0.31164144448486847   0.0001179304636448809
