0.0   0   -0.37358139136591906   0.00872595999730138
68.83   1   -0.3749212966072151   0.001484458555985514
127.92   2   -0.37494530477860466   0.00047740858889086497
209.78   3   -0.3749476469694875   0.00040103359709844504
312.76   4   -0.37497603646238276   0.0005367190886602127
363.41   5   -0.37499465548454675   0.00015777026786709317
439.17   6   -0.37499732143153863   0.0001122603820791778
513.97   7   -0.3749978305234499   4.324397678776906e-5
583.36   8   -0.3749979816133133   5.230633229747126e-5
681.45   9   -0.37499904243403204   0.0001152962785735168
756.66   10   -0.3749994283367128   1.9842224761423243e-5
827.09   11   -0.3749994852595915   2.5852796002428325e-5
905.28   12   -0.3749995487976669   1.8048602870679858e-5
958.12   13   -0.3749995596842289   1.8841360699149824e-5
1040.56   14   -0.3749997382218425   1.206824563069818e-5
1090.17   15   -0.3749997974088897   7.074230508571958e-6
1160.92   16   -0.3749998397745887   1.3449909501196372e-5
1227.64   17   -0.37499986622493753   6.938125615810909e-6
1291.97   18   -0.3749998696582168   3.384371064211578e-6
1365.07   19   -0.37499987098403986   3.8108483223988443e-6
1439.38   20   -0.3749998868180874   6.52850052870799e-6
1514.93   21   -0.3749998887161848   5.407887366645551e-6
1642.97   22   -0.37499990109881837   1.3239274587560668e-5
1724.03   23   -0.37499990939878197   6.123518056824521e-6
1773.11   24   -0.3749999102578072   2.193425238409302e-6
1847.75   25   -0.3749999105109884   2.300429307789248e-6
1965.88   26   -0.3749999262010291   9.334756671986977e-6
2039.62   27   -0.3749999663474579   8.7070749988734e-6
2120.4   28   -0.37499997712576694   4.092085849412184e-6
2188.24   29   -0.3749999804982507   2.403957487068674e-6
2278.44   30   -0.37499998258233386   2.522429384238889e-6
2357.09   31   -0.3749999837439185   2.0757821283941914e-6
2427.57   32   -0.3749999844000136   1.9381846865924153e-6
2469.67   33   -0.3749999847681583   1.7196174976043644e-6
2534.93   34   -0.3749999850552075   2.0034774761157928e-6
2614.09   35   -0.3749999854140672   1.2519818170620787e-6
2663.68   36   -0.37499998558650294   1.1910077063632748e-6
2741.03   37   -0.3749999865855168   2.5723375491914054e-6
2818.41   38   -0.3749999873148618   2.1092747398337924e-6
2889.71   39   -0.3749999881063988   1.8754694308643308e-6
2965.86   40   -0.3749999892246943   1.3308196740086787e-6
3042.12   41   -0.37499998995238953   1.543491049582785e-6
3091.25   42   -0.37499999019969227   3.3186715976505652e-6
3162.27   43   -0.37499999057380207   1.1395784970990614e-6
3217.75   44   -0.3749999906338192   3.9642370709654884e-7
3289.78   45   -0.3749999906851523   5.266395710691725e-7
3363.64   46   -0.3749999906968749   4.98427503770426e-7
3435.76   47   -0.37499999071276   4.719849247515266e-7
