0.0   0   -0.36436907838010224   0.08343265894239373
15.0   1   -0.3745053906019275   0.009236867706953773
27.14   2   -0.374671280673027   0.004351059390982648
39.9   3   -0.3747676279835614   0.0032968626273482764
56.37   4   -0.3749186434046134   0.002924670433134529
64.33   5   -0.37494710431951256   0.00083007689627477
75.56   6   -0.3749517646170218   0.000749080312855978
92.83   7   -0.37498209430248014   0.0009440406689188183
104.77   8   -0.3749933414265319   0.00019469304339911084
115.99   9   -0.37499509325148433   0.00016709755294264816
127.65   10   -0.3749955773563277   0.00016376466822979062
143.52   11   -0.37499746207978235   0.00025968064948203075
155.07   12   -0.3749980492675595   0.00018606901219262703
166.47   13   -0.37499820032508707   4.0403137609127895e-5
178.75   14   -0.37499824654654035   7.291181733127777e-5
193.74   15   -0.37499873540793205   0.00029381154515999055
205.18   16   -0.37499918568898377   8.138579863285933e-5
217.77   17   -0.3749994059080216   5.9956009732262895e-5
229.46   18   -0.37499941999769115   2.6796315039431085e-5
240.82   19   -0.3749994227808378   2.1518164554338874e-5
253.83   20   -0.37499942653124757   1.0221974704153192e-5
270.99   21   -0.3749994488355909   4.247029621911453e-5
287.65   22   -0.37499965112654693   6.741506580268592e-5
295.67   23   -0.3749996925793116   2.9398176136862388e-5
304.06   24   -0.374999705649341   1.1694817344340953e-5
316.07   25   -0.3749997081349854   1.214104697376362e-5
331.98   26   -0.374999713231066   1.729041584078014e-5
343.63   27   -0.3749997229485339   3.579726388132056e-5
360.48   28   -0.37499982258852516   9.506880710769516e-5
372.69   29   -0.3749999047808115   1.2024143976656928e-5
384.74   30   -0.37499991334259986   1.9668354632357038e-5
396.83   31   -0.37499991484321554   6.1638103950529504e-6
408.12   32   -0.3749999150093895   5.742533127890491e-6
423.08   33   -0.3749999160342361   5.825524795212692e-6
440.08   34   -0.3749999229711921   2.0972658441389897e-5
452.0   35   -0.374999940108878   2.624750787734294e-5
463.07   36   -0.37499995875024733   2.478147379690815e-5
473.94   37   -0.37499996153010173   6.04874116342884e-6
481.96   38   -0.3749999624726218   6.225547314551685e-6
493.67   39   -0.37499996392268226   4.571397656939544e-6
504.96   40   -0.3749999651514744   1.0175601065342048e-5
516.21   41   -0.37499996726877316   1.517888192835768e-5
528.44   42   -0.3749999683453433   2.544220379607417e-6
540.6   43   -0.3749999684494718   3.8126992463053977e-6
555.36   44   -0.3749999688366138   7.635204791772169e-6
571.12   45   -0.37499997057605394   1.5007774831359554e-5
587.74   46   -0.3749999783030137   6.540655617940231e-6
599.32   47   -0.37499998087113384   3.045770664074344e-6
611.95   48   -0.3749999823118524   7.256749556928291e-6
619.87   49   -0.3749999837007219   1.0774215773454331e-5
627.99   50   -0.37499998457592054   6.601415488427383e-6
635.57   51   -0.3749999849760232   3.1809100097624636e-6
642.8   52   -0.37499998506014737   1.2123950997458254e-6
650.7   53   -0.37499998507058496   6.478631259656846e-7
662.43   54   -0.3749999850761062   7.758307749274771e-7
0.0   0   -0.3749999850761062   7.858772362667299e-7
11.75   1   -0.37499998507749477   5.302813286478709e-7
24.53   2   -0.3749999850795508   1.0533671411904957e-6
0.0   0   -0.3749999850795509   1.0533671422219643e-6
13.56   1   -0.37499998508160765   5.496786387121153e-7
28.61   2   -0.3749999850830018   7.857530424910079e-7
