0.0   0   0.0036569127958785627   0.047419601480368376
15.9   1   -0.17476451329787987   0.15974765936027074
25.56   2   -0.18581960575540424   0.11536832746252772
35.12   3   -0.2238317110020686   0.30684195335178654
71.59   4   -0.22505435244650498   0.271998419943177
236.32   5   -0.22505412790810697   0.2401852803179613
247.47   6   -0.24821427978402125   0.22338644615202907
281.3   7   -0.2498945699584386   0.21397588337246598
327.53   8   -0.2499009062246907   0.2830661128302672
397.84   9   -0.2499006862969273   0.4063489882276408
440.99   10   -0.2501961336257258   0.40641202340077676
482.79   11   -0.25021796237100496   0.20652292758738053
493.93   12   -0.2573660544065827   0.2919346506865365
505.64   13   -0.26791025951635294   0.29386620540075586
540.92   14   -0.2689193404835567   0.10283235708438992
569.92   15   -0.27103434712772545   0.22278540910118885
675.57   16   -0.2710341546902471   0.0911117923454248
747.59   17   -0.2710431507668468   0.08575115867452576
765.29   18   -0.2762416644334723   0.2184226313828253
798.33   19   -0.27624590044201014   0.42292981370222965
0.0   0   -0.2762459004419102   0.2605120548982812
106.7   1   -0.2762457271662544   0.03610617700384314
0.0   0   -0.2762457271661346   0.03610617708286561
13.19   1   -0.2797456746792556   0.2576942705068268
79.53   2   -0.2797455030586723   0.05410261380594032
101.69   3   -0.27974762255412944   0.049179781651410716
113.15   4   -0.28057431113145526   0.024174886811307278
127.4   5   -0.2807653116460366   0.018098057818763433
134.55   6   -0.2810794376085618   0.24994321543062
141.46   7   -0.28115102913135326   0.020927004529228844
155.92   8   -0.28122187757183936   0.2782738680727017
234.4   9   -0.2812218768434636   0.2756116382577585
265.58   10   -0.28122171350405617   0.4587464609765692
304.33   11   -0.2812216558042485   0.43983422422829116
362.06   12   -0.28122160731694823   0.028936614625050434
387.22   13   -0.2812834987105768   0.023983563081792808
394.76   14   -0.28132018195145103   0.2524369406026301
401.77   15   -0.2814034011291626   0.03822083322656989
420.21   16   -0.2817904466801383   0.20691802728767944
484.36   17   -0.2817901835322267   0.028722600127971402
491.91   18   -0.2818855221048697   0.25401246631868124
531.13   19   -0.28188524775869045   0.30129493233869703
541.42   20   -0.2818850320035169   0.029219503135544063
559.04   21   -0.2819430577444382   0.025559229353429434
566.34   22   -0.2820510528331459   0.041229577579369375
577.53   23   -0.28230815486255206   0.2905460773508965
636.01   24   -0.2823081546481214   0.4074103222584759
732.39   25   -0.28230803542966726   0.030132736343361985
742.79   26   -0.282308570261582   0.02886046148103599
760.88   27   -0.2824111120295908   0.02731656039624537
767.93   28   -0.28245675033841866   0.02648786236201398
775.9   29   -0.2825711519455904   0.24983635651559025
783.23   30   -0.28258551158682466   0.019587299163774264
793.93   31   -0.2826000859355616   0.024253365038439587
807.82   32   -0.28261586151545354   0.020634682853341
830.96   33   -0.2826215645067475   0.24316346609658882
903.69   34   -0.28262156450731585   0.01921552449299796
914.15   35   -0.28268937729227206   0.018579040946109664
946.67   36   -0.2827219058518423   0.018639559042621937
961.6   37   -0.28290624363933736   0.015339151332046224
969.41   38   -0.28304668616131895   0.20534181574973756
985.4   39   -0.2831949527724845   0.010403173071962675
996.26   40   -0.2832381258470549   0.27066882416501614
1025.19   41   -0.2832492148870159   0.008346711077779536
1031.79   42   -0.2832882315170924   0.005946914617958882
1042.13   43   -0.28337338250406696   0.24365455488919893
1098.87   44   -0.2833731499480189   0.4326634714172067
1158.19   45   -0.2833730745369243   0.0037090657302071826
1194.07   46   -0.28338064220574244   0.010101346022018813
1206.03   47   -0.2833937805262544   0.24825723050711976
1212.86   48   -0.2834056725393566   0.007132996149600811
1230.43   49   -0.2834167715862848   0.007147329802856978
1242.15   50   -0.2834205973972008   0.2741671383696055
1252.56   51   -0.28342131844004087   0.004310043880155387
1266.25   52   -0.2834269696158565   0.005575822663967886
1277.11   53   -0.2834295278018791   0.004335281286518399
1285.9   54   -0.28344416311553156   0.007939643977691918
1297.36   55   -0.28346385824852416   0.009014017083013725
1308.5   56   -0.28350091812825284   0.008630822215798788
1316.28   57   -0.28369547440336684   0.00729301000987395
1355.06   58   -0.2837884849003317   0.2734858616687407
1384.97   59   -0.28386728186488464   0.02834365861799896
1431.11   60   -0.28389648796305855   0.43752776943408933
1494.66   61   -0.2838964694920795   0.4354617839247487
1543.29   62   -0.2838964514378031   0.4183161276960686
1652.82   63   -0.28389628023002583   0.3580655917613558
1823.89   64   -0.2838962802301289   0.0322686214158842
1835.45   65   -0.2839238549061105   0.03047335866811922
1862.98   66   -0.2839278535523684   0.028454360477641997
1874.66   67   -0.2839519250441933   0.02264758357165013
1882.29   68   -0.2839688864061648   0.024297258024997753
1889.91   69   -0.2840742671720527   0.009908828213053902
1901.8   70   -0.2841923610078461   0.22642934556513356
1955.72   71   -0.28419216372890954   0.36191774175678976
2030.66   72   -0.28419215677915177   0.28921836992469724
2088.42   73   -0.2841920701522833   0.00800447517988475
2096.06   74   -0.2842149097127512   0.24516060746066268
2148.03   75   -0.2842152693139093   0.007742885455214389
2161.8   76   -0.2842417256884119   0.0074887964485320846
2188.18   77   -0.2844202129430782   0.2711180208755624
2204.2   78   -0.2844773068633083   0.23986987077017535
2254.03   79   -0.2844770483465699   0.012051764680604465
2268.35   80   -0.28448549004106527   0.00846418227891348
2304.22   81   -0.2845234911040221   0.30435412005194273
2311.88   82   -0.284583340626702   0.25770196391260847
2336.97   83   -0.28459239681329557   0.012340318595417437
2352.39   84   -0.28460795610542056   0.2723787404732301
2359.39   85   -0.2846100636022114   0.008557666815673331
2370.12   86   -0.28462974627472537   0.25861230433421156
2387.76   87   -0.2846295679058226   0.007018740686016819
2412.25   88   -0.28463279124032803   0.014515419814861825
2427.23   89   -0.2846388904927565   0.22696214600212722
2501.82   90   -0.2846388904920755   0.26566198695539317
2614.62   91   -0.2846388065804199   0.24006490401324482
2627.96   92   -0.2846478627720288   0.013366355395105091
2638.99   93   -0.28465388724678886   0.01372071268384924
2655.22   94   -0.2846781224350011   0.21018534019647822
2749.07   95   -0.28467812239068135   0.250266861888839
2756.77   96   -0.2846781682040274   0.008455913075344058
2767.43   97   -0.2846841122400315   0.009440364908670848
2774.93   98   -0.2847198349491768   0.006713130205887451
2782.06   99   -0.2847873451833871   0.007923642776867953
2794.1   100   -0.28507640607644436   0.2780279767590245
2828.62   101   -0.2850771570217884   0.019055320110773117
2839.76   102   -0.28516863591399105   0.0284758237660422
2855.67   103   -0.28528760758254623   0.26286688768881616
2867.69   104   -0.285287333643903   0.2737352753947456
2949.07   105   -0.28528706271763643   0.25172847985491087
2984.86   106   -0.2852868251434862   0.02034111915389385
3003.37   107   -0.2852894697687475   0.012636794943438962
3021.79   108   -0.285303717548195   0.016050081878865394
3140.2   109   -0.285303448117111   0.22038213093800546
3147.23   110   -0.2853209440965725   0.35609328053617156
3166.17   111   -0.28538633106317035   0.022715648392206144
3199.8   112   -0.285402628189405   0.020589048417902628
3222.15   113   -0.28540494776153247   0.3427267302940002
3233.13   114   -0.2854108924055825   0.011259683593438671
3251.96   115   -0.2854320935653106   0.3096961663306407
3312.06   116   -0.28543185532726933   0.008503904385231848
3319.88   117   -0.2854475985828933   0.015140117792916963
3328.16   118   -0.28547631678152907   0.2824175440715523
3395.3   119   -0.2854763167739112   0.2622280405665793
3427.18   120   -0.2854763167730343   0.26567559733836127
