0.0   0   0.39395741595429673   0.009599921481746855
95.73   1   0.19597193181503803   0.0418982958068636
158.52   2   0.013621851414355401   0.017055819371977646
199.89   3   0.003927913314727423   0.017467701744979743
281.82   4   -0.20966291848444496   0.013120410601581032
340.46   5   -0.2958331822273217   0.009418428090700086
398.13   6   -0.33819094889293655   0.007252171680103535
456.82   7   -0.40663361976249746   0.00499087764788159
516.42   8   -0.44912616232482827   0.005825095606992187
577.13   9   -0.49708483953235855   0.0027886053286217427
666.16   10   -0.5387434193222286   0.002905488085015701
707.1   11   -0.5521388815704869   0.0021458100415918738
746.98   12   -0.5582643442679407   0.0009340140981048861
813.76   13   -0.5609634884313901   0.0006275705193393591
879.46   14   -0.5620273621645614   0.0010943728053130325
1006.82   15   -0.5636891405490522   0.15064593099681203
1189.64   16   -0.5636891394475648   0.0002550979343536257
1249.71   17   -0.563805808784101   0.00023651539412576102
1312.14   18   -0.5638161146837892   0.14531044806603088
1391.87   19   -0.5638290348410487   0.0002289953678138205
1430.42   20   -0.5638543019153388   0.00028316332532258876
1509.5   21   -0.5640783632429117   0.0002126837056873594
1575.36   22   -0.5644015521126121   0.00016626362545293414
1636.79   23   -0.5645569852051683   0.15413541737353825
1945.41   24   -0.5645566290661033   0.00021907956513130857
1983.98   25   -0.5645847641724004   0.00012286149833480028
2022.33   26   -0.5646301918407217   0.00012480342035136625
2080.87   27   -0.5646995209899299   0.10456107352095272
2165.93   28   -0.5646995458282531   0.00011980825063541001
2223.68   29   -0.56470681085162   0.00010944394757378456
2261.1   30   -0.5647177107491295   8.861505635341663e-5
2300.81   31   -0.564748886161071   9.363560054123948e-5
2357.83   32   -0.5647750114926103   8.610882215564207e-5
2452.81   33   -0.5648200759298261   8.481173948340693e-5
2528.94   34   -0.5648461548763   0.00011328293158533194
2597.03   35   -0.5649381443745275   0.00016096571928786218
2642.06   36   -0.564957622124034   0.00019021245503590516
2714.53   37   -0.5649636541443267   0.0002031733133454643
2782.08   38   -0.5650974182616452   0.1168353456771028
2856.67   39   -0.5650978716381927   0.0001302224728741708
2903.35   40   -0.5651141383597457   7.947661990531741e-5
2947.36   41   -0.5651234778918016   7.292212561202191e-5
2989.67   42   -0.5651664274777626   5.978778234866986e-5
3028.79   43   -0.5651850343657563   5.309830336069463e-5
3089.81   44   -0.5652035609117888   7.216794966740347e-5
3132.33   45   -0.5652086508972074   7.745092948808585e-5
3194.38   46   -0.5652798960867101   0.0001426608886080491
3259.45   47   -0.5654103952348372   0.00017972856579389672
3339.41   48   -0.5654350015362738   0.000233438597696271
3383.83   49   -0.5655774767113503   0.00023530158718996258
3427.83   50   -0.5656883108073755   0.00026836194597970337
3472.14   51   -0.5658829935538894   0.00024227670785984602
3517.6   52   -0.5662088104921058   0.0001954880593308086
3561.27   53   -0.5665841863328688   0.00024248123781945834
3624.9   54   -0.5667802344358689   0.0002451811435241688
3668.16   55   -0.5669608412251447   0.10968864110196519
3775.02   56   -0.5669651680167542   0.000190723866198364
3817.21   57   -0.5670362353096282   0.00018081350699757946
3880.8   58   -0.567205264410539   0.00018217188441032792
4023.31   59   -0.5672230795572325   0.00017068362774354611
4067.67   60   -0.5673193138459021   0.00017435635123285193
4133.02   61   -0.5676194023484025   0.0002772824405416262
4175.09   62   -0.5678546402886496   0.0003270343157239894
4241.63   63   -0.5682521784460475   0.00019420219322185988
4309.37   64   -0.5686997801884496   0.00027366752047006614
4354.9   65   -0.5689907987174335   0.00024048838026825804
4419.1   66   -0.5692623236543458   0.00019311426820928083
4490.45   67   -0.5694889640553408   0.0002102905665864095
4556.06   68   -0.5696571537025655   0.0001468840489914337
4599.87   69   -0.5697414913219626   0.00011216479375691559
4667.57   70   -0.5698539384893647   0.0001294688877508613
4733.95   71   -0.5699711585793938   0.00013257781060020175
4801.97   72   -0.5700487485341059   0.0001303804662840822
4867.24   73   -0.5701616416382558   0.00017080621230787795
4933.5   74   -0.5703233482476573   0.00014854018637928178
4998.16   75   -0.5704662138098968   0.00016300573803233777
5041.01   76   -0.5705377357948872   0.00011580719885086276
5104.09   77   -0.5706693832284889   9.620011785285854e-5
5168.36   78   -0.5708198578633061   0.00012184881028381592
5232.83   79   -0.570971064217923   0.000164272379774173
5275.19   80   -0.571060574899518   0.0001373621463321525
5340.57   81   -0.5711379709474653   8.80824169726384e-5
5404.59   82   -0.5712003960243394   0.00010126355327261937
5474.4   83   -0.571274906823449   9.039539571890024e-5
5543.14   84   -0.5713460406423136   9.18541423520454e-5
5612.4   85   -0.5714155168407632   6.929875982163278e-5
5683.43   86   -0.5714729401758848   6.924662936271825e-5
5749.49   87   -0.571543629537925   7.55300046498487e-5
5818.79   88   -0.5716182990272921   0.00011083878188953303
5883.3   89   -0.571672651915795   0.00010071012473504734
5950.04   90   -0.5717240905374756   0.00011398591292052815
6015.04   91   -0.5717715440931471   0.00010269451274709766
6081.16   92   -0.57181426790243   8.80624631730291e-5
6145.3   93   -0.5718555987155494   6.14956098502289e-5
6210.43   94   -0.5719007555361841   8.227307734896904e-5
6275.21   95   -0.5719474134884888   0.00011637047116591928
6346.01   96   -0.5719833513374072   6.073032470766959e-5
6411.2   97   -0.5720038162323282   5.927185512232048e-5
6477.64   98   -0.5720260430993358   5.006403065818043e-5
6542.71   99   -0.5720477810531336   5.9630506599007464e-5
6610.98   100   -0.5720720909257991   6.20165441131705e-5
0.0   0   -0.5720721711481237   0.0016395488594051254
351.97   1   -0.5720812564011243   0.00129588778715131
891.17   2   -0.572089796305877   0.0015703998799223363
1411.26   3   -0.5721019568642184   0.001342229867487002
1684.78   4   -0.5721119642640033   0.0015376698179613683
1796.16   5   -0.5721207558488264   0.0011997915350231239
1912.53   6   -0.572129664527637   0.0019403583966813114
2028.96   7   -0.5721432694702046   0.001539124264620552
2148.52   8   -0.5721570959067869   0.0012425205919858208
2263.89   9   -0.5721730618364607   0.001397564301876359
2381.79   10   -0.5721862696131697   0.00132567129569007
2513.63   11   -0.5721981237206335   0.0015503894825458502
2632.66   12   -0.5722209320549644   0.0012708098253104876
2744.2   13   -0.5722415902216548   0.0016976231380198363
2876.96   14   -0.5722695944455574   0.0015131631606156055
2981.14   15   -0.5722986832671328   0.0016074333390307543
3087.51   16   -0.5723295103368838   0.001509678526453642
3196.84   17   -0.5723459048918048   0.0011594216170023408
3307.44   18   -0.5723640473009649   0.0010552097697177514
3419.04   19   -0.5723828920035772   0.001069074395953002
3536.72   20   -0.572403245962139   0.0007238365994933133
3654.66   21   -0.5724196648198796   0.0009042864891577823
3764.1   22   -0.5724357811616936   0.0013731748473607835
3838.43   23   -0.5724422335518712   0.0016325862717450237
3949.33   24   -0.5724509748467292   0.0013387754216521639
4059.04   25   -0.5724613255917251   0.001764939923891026
4171.27   26   -0.5724684507848933   0.0011594577918591698
4291.16   27   -0.5724723858401892   0.00109428509134068
4410.66   28   -0.5724808524718528   0.0017416714743318852
4523.39   29   -0.5724887866290567   0.0009450786163517253
4641.68   30   -0.5724970310524674   0.0008372447402606178
4751.38   31   -0.5725061186047642   0.00118797011554488
4826.8   32   -0.572510483670909   0.0008064051206204657
4941.43   33   -0.5725183988162975   0.0011578900248481673
5047.81   34   -0.5725257758191235   0.0006240281470922368
5156.14   35   -0.5725317238447228   0.0006467435938949256
5266.29   36   -0.5725386407414543   0.0005919989082184913
5383.19   37   -0.5725461094682015   0.0006417816672909531
5494.26   38   -0.5725526575105221   0.0007177873424017704
5646.98   39   -0.5725582252531286   0.0007579846991859646
5798.73   40   -0.5725640736280141   0.0006154967877728513
5925.87   41   -0.572570256046329   0.0006771922334083962
6039.68   42   -0.5725759305794478   0.0005597003716644962
6161.77   43   -0.5725812287522218   0.0005860127560775787
6267.24   44   -0.5725849983249763   0.0009882541135010346
6383.48   45   -0.5725888370901343   0.0006310434881493471
6501.29   46   -0.57259233167305   0.0005165836098954303
6624.37   47   -0.5725990751216219   0.0008102137206257243
6703.22   48   -0.5726016360718696   0.0007071602856837427
6814.34   49   -0.5726043598868018   0.000849852895111666
6922.16   50   -0.5726082209596837   0.001294154203850708
7041.27   51   -0.5726116320238747   0.0005929059378601514
7149.32   52   -0.5726152386984756   0.0006596803533874535
7268.3   53   -0.5726189293344541   0.0008639802039927533
7381.11   54   -0.5726220402879503   0.0005310768466181185
7486.29   55   -0.5726264609665629   0.0007203773812694456
7591.62   56   -0.5726310874481209   0.0005293026104527546
7700.81   57   -0.5726348991498764   0.0004803534196648468
7807.86   58   -0.5726378289070869   0.0006825135991377223
7915.56   59   -0.5726413272940595   0.0005639705316931124
8025.67   60   -0.57264451416015   0.0004565943584651778
8135.9   61   -0.5726475457367597   0.00042153146405535924
8245.46   62   -0.5726506245862251   0.0005030859308252706
8351.06   63   -0.5726541654509947   0.00048296145822367354
8454.87   64   -0.5726574825671976   0.00037641191664369237
8551.18   65   -0.5726597093381947   0.0004760368499066285
8617.4   66   -0.5726608094601916   0.00045894534321132377
8712.73   67   -0.5726625098189212   0.0003356624175443253
8810.84   68   -0.5726657554165744   0.0004363098959428433
8903.96   69   -0.5726683980389271   0.0006933250218627283
8970.59   70   -0.5726698925734258   0.0005327413946512462
9091.03   71   -0.5726723083029355   0.0004570016602980236
9196.62   72   -0.5726743416961982   0.0008090068590093247
9301.6   73   -0.5726765027990468   0.00045574762360770215
9398.32   74   -0.5726789864023077   0.0005357100824429318
9457.65   75   -0.5726803892539261   0.0006003494797490148
9555.46   76   -0.5726818489559338   0.00032607094145860387
9641.02   77   -0.5726837251237403   0.0004526096295605637
9729.81   78   -0.5726850967153659   0.00041597817851926134
9814.29   79   -0.5726866543687453   0.00032401178195819397
9900.97   80   -0.5726888547124365   0.0003729287218537078
9978.81   81   -0.5726904016328979   0.00038295492423934095
10066.05   82   -0.5726921763435692   0.000452493320927454
10144.1   83   -0.5726937837801477   0.00033276404260019116
10235.04   84   -0.5726958910445595   0.00032280105594440926
10331.85   85   -0.5726975530652703   0.00030609394350026003
10422.49   86   -0.5726995721228627   0.00033763251504433935
10519.03   87   -0.5727007211566245   0.00046086163983851644
10623.91   88   -0.5727014426587805   0.0003926500935075473
10733.26   89   -0.572703235850809   0.12108279606111569
10832.67   90   -0.5727032539300055   0.0003797475595306703
10898.13   91   -0.5727033964315505   0.00037741369294312123
10966.55   92   -0.5727039021847207   0.00028622545098903006
11073.5   93   -0.572704862584708   0.00034560990338037564
11180.88   94   -0.5727057969389898   0.0005251525493056294
11320.05   95   -0.5727063660271716   0.2027166752428674
11890.46   96   -0.5727062230489592   0.0007424475324691493
11973.7   97   -0.5727063798704953   0.0004179238649477741
12126.9   98   -0.5727073567595947   0.0005561678447016421
12210.33   99   -0.5727083108003954   0.0004062175585225574
12269.99   100   -0.572708791016888   0.00024987332793254593
0.0   0   -0.5727087905668643   0.14182991157731445
1446.28   1   -0.5727087278904752   0.14178568280312245
1588.57   2   -0.5727086838950799   0.21541163272173505
1629.31   3   -0.5727084031930405   0.1628146860989286
1712.52   4   -0.5727084214810494   0.14576111694303856
1920.77   5   -0.5727084106434289   0.19599438218684365
2048.12   6   -0.5727084459404268   0.14383458708387908
2150.29   7   -0.5727084423730157   0.1795896767469242
2407.01   8   -0.5727084189779206   0.18809926370236718
2460.11   9   -0.5727084220737126   0.1467565324952429
2540.52   10   -0.5727084371467737   0.123677047188425
2595.93   11   -0.5727084435676716   0.15305576555391023
3035.27   12   -0.5727083753160491   0.1382487928951844
3490.41   13   -0.572707896841273   0.20459667092184153
3779.44   14   -0.5727077796658718   0.22222966283316775
3888.79   15   -0.5727087415490141   0.00035024855457683774
4008.24   16   -0.5727087703142022   0.1507458359171885
4102.61   17   -0.5727088551878474   0.1696568672242897
4230.22   18   -0.5727092789214052   0.0004127939660570543
4342.05   19   -0.5727092316617196   0.14657546896574744
4435.11   20   -0.5727092344202396   0.14270238434899032
4540.54   21   -0.5727091912703416   0.16692750256971853
4635.23   22   -0.5727091785518617   0.1579986907598414
4716.58   23   -0.5727087822983831   0.0007588139871968094
4824.58   24   -0.5727092341896368   0.18566243157617343
5243.94   25   -0.5727091314475808   0.20248675282653683
5448.84   26   -0.5727091465753578   0.0005594154567165494
5547.84   27   -0.5727091397023135   0.15352583389485064
5595.29   28   -0.5727091407431852   0.13267886718010055
5727.58   29   -0.5727091407436088   0.14037188226758585
6224.77   30   -0.5727089798314531   0.15793809290181088
6471.16   31   -0.5727089379792288   0.1932925065087052
6507.93   32   -0.5727088937261546   0.15737896853293834
6561.16   33   -0.5727087448595911   0.16020384704473603
6898.26   34   -0.5727081767573909   0.1511655796221426
6952.17   35   -0.5727087577315849   0.17033006191522687
7021.52   36   -0.572708972880132   0.19281647460120974
7125.2   37   -0.5727086754704083   0.1530160528775552
7158.68   38   -0.5727088664591766   0.18348090036747763
7281.74   39   -0.5727090994477162   0.17003402693591438
7381.67   40   -0.5727085540071829   0.13376954388782555
7568.86   41   -0.5727091970227615   0.1295795239904234
7872.39   42   -0.5727092620806205   0.0004162566848104515
7955.62   43   -0.5727091826570267   0.14938062414933606
8209.5   44   -0.5727091938281932   0.0005540754951173328
8326.28   45   -0.5727091035762237   0.15103590970700445
8712.52   46   -0.572708966657949   0.127558502063602
9168.03   47   -0.5727085260014558   0.19820408252397034
9217.71   48   -0.5727086627891065   0.15090622763427286
9299.37   49   -0.5727081438218754   0.15370832635046425
9463.59   50   -0.5727079182005872   0.2192409812036165
9497.92   51   -0.572707572985854   0.14023479458252375
9631.31   52   -0.5727070652152759   0.1726220847461387
9682.22   53   -0.5727067702283744   0.1778201991023321
9731.81   54   -0.5727071912342387   0.0014800734945105373
9781.9   55   -0.5727072372633335   0.18447688610353416
9815.04   56   -0.5727073834213257   0.20189451666941818
9882.48   57   -0.5727094971925688   0.12170918735724645
9930.09   58   -0.5727091829528052   0.21517909982913752
10257.99   59   -0.5727086102607215   0.1734892134458957
10395.06   60   -0.5727080743303418   0.17713238529363715
10428.78   61   -0.5727083825915363   0.1560115310532919
10479.36   62   -0.5727095067961616   0.00044878866125770326
10631.67   63   -0.5727095021605545   0.13378900339969477
11032.96   64   -0.5727091838162673   0.21455632419763812
11129.42   65   -0.5727087147261003   0.19990376105754548
11194.3   66   -0.5727086389036881   0.17703659545537037
11354.72   67   -0.5727085247407234   0.18483112955610678
11387.2   68   -0.5727085388644244   0.2142560435468848
11484.52   69   -0.572708678763413   0.14035953025675502
11565.34   70   -0.5727085591467093   0.17560466601949037
11614.67   71   -0.5727085356933523   0.14734474353876653
11646.72   72   -0.5727082780281599   0.11396941371799788
11775.35   73   -0.5727077760005367   0.20784453847624057
11839.44   74   -0.5727086843772367   0.0006587093096841369
11887.09   75   -0.5727087021340516   0.14919526451905882
11919.96   76   -0.5727098127773538   0.0002600777746543248
12271.83   77   -0.5727094867712127   0.20236699667223368
12625.7   78   -0.572709313884538   0.1455455852746962
12824.16   79   -0.5727087414614529   0.15080480733932275
12856.39   80   -0.5727088999423988   0.18566331695185712
12950.61   81   -0.5727088501035427   0.17786079498776533
13151.49   82   -0.5727084571102432   0.16308856682726178
13400.17   83   -0.5727078857467476   0.20759628407103053
13676.57   84   -0.5727077252023695   0.20979199329628836
13753.26   85   -0.5727080627058126   0.15916629789773268
14058.39   86   -0.5727088768371243   0.0007522925154188835
14300.24   87   -0.5727088560155794   0.12031125962453017
14344.54   88   -0.5727098246014101   0.00023566498209838345
14404.21   89   -0.5727098246134218   0.17713801956504155
14642.44   90   -0.5727095630815393   0.0005616521016664293
14913.27   91   -0.5727094498327283   0.20020031226593307
14944.22   92   -0.5727099411335255   0.00024528150999025757
14989.37   93   -0.5727099811266538   0.00015068938957352838
15021.3   94   -0.5727099909355723   0.00017816330617632876
15067.26   95   -0.5727103990413311   0.00037664710511830856
15111.86   96   -0.57271086808323   0.00030502805024291025
15156.7   97   -0.5727112423191454   0.0003953549359153569
15201.21   98   -0.5727117014831742   0.0002776510074426076
15247.01   99   -0.5727120635826122   0.0003575925647242442
15297.15   100   -0.5727125299046391   0.0004248100878425241
0.0   0   -0.572712530414816   0.17496103770768826
606.84   1   -0.5727120993338082   0.19646091661899906
691.75   2   -0.5727118378993235   0.18270728932669655
1143.7   3   -0.5727114237254365   0.17346052581332852
1268.37   4   -0.5727123416411268   0.00042553153079771366
1368.38   5   -0.5727123607787497   0.16806668299587318
1465.26   6   -0.572712360304943   0.15811584922351002
