0.0   0   0.3848298487168164   0.08965573904149579
17.23   1   -0.11587364517353332   0.10236455957198828
26.07   2   -0.26634258393470084   0.11933169622123967
39.1   3   -0.36967431093810676   0.06577306342160001
53.52   4   -0.4222078262128974   0.0533028847943385
66.86   5   -0.4528569963089029   0.03250751402604716
80.84   6   -0.4701409160672535   0.03331770904629767
95.09   7   -0.4989647053605014   0.03798769281549625
108.42   8   -0.5247253688580195   0.019790848734494083
122.17   9   -0.5321483807468896   0.018058015887916574
136.11   10   -0.5445607820173279   0.012539456567155166
146.43   11   -0.5499109833707263   0.013527701356868172
161.5   12   -0.5583087732401406   0.010656710782525475
171.2   13   -0.5623203573546439   0.008016384374249737
180.42   14   -0.5639222954382719   0.0037114706968016677
189.19   15   -0.564348977553322   0.001990409699621232
204.52   16   -0.5645002453630755   0.0017062906785977462
218.38   17   -0.5646127191251678   0.0014861467634445947
231.45   18   -0.5646896295787283   0.0008397615231902811
245.45   19   -0.5647605516367159   0.0014650692463270016
260.25   20   -0.5649203046085309   0.0014162077401844025
276.5   21   -0.5650273944200745   0.22135020156748883
296.88   22   -0.5650272391980677   0.0007319860576304858
307.18   23   -0.5650388460830235   0.0007669751351235835
316.51   24   -0.5650810298922799   0.0008478743682202192
326.19   25   -0.5650978201015154   0.0007925199299105097
335.09   26   -0.5651324800757687   0.0005699339231472016
348.26   27   -0.5651603342293049   0.0005428094678603373
362.99   28   -0.565186921829631   0.0007546475488313857
377.55   29   -0.5652376056611365   0.0008040000901976476
392.0   30   -0.5653194586143853   0.001846892504998882
408.44   31   -0.5654389343197705   0.0014087203481510774
419.09   32   -0.5655581658975545   0.0009411840186809613
435.0   33   -0.565643262601768   0.0009539520274750378
476.73   34   -0.5656912430246992   0.0012055670996234313
518.28   35   -0.5657301021913484   0.001182541354178191
534.34   36   -0.5657981531145986   0.00037057026544165376
548.74   37   -0.5658118103456141   0.0004162228782018891
563.26   38   -0.5658306387550531   0.0005511885817203704
593.33   39   -0.5658491860127864   0.00036084932664699244
608.41   40   -0.565856943854597   0.0002669325216088939
623.28   41   -0.5658655651066237   0.0005385770112036561
633.36   42   -0.5658673960192039   0.0005017045369798554
648.01   43   -0.5658821237969082   0.0003517985501664776
662.08   44   -0.5658973135662719   0.00043171192927965576
678.01   45   -0.5659079124934813   0.19779122755100204
698.54   46   -0.5659096076455411   0.0003678852113729188
708.33   47   -0.5659097794662244   0.2313276106259624
723.22   48   -0.565910387730949   0.0005307715399932954
732.8   49   -0.565911448664104   0.0004574795192416729
742.88   50   -0.5659121221142605   0.23606173011120105
752.85   51   -0.5659153568417815   0.00046536898799735615
766.32   52   -0.5659157273949621   0.0004994459707116943
776.65   53   -0.5659251702934198   0.0002571179838441022
0.0   0   -0.5659251702932128   0.18230618120623238
57.94   1   -0.5659252981765566   0.0010340470331971472
83.11   2   -0.5659253021614973   0.0010335284140845793
98.95   3   -0.5659309575233336   0.0008985147033762081
114.33   4   -0.5659336593948235   0.0016303025665409178
129.14   5   -0.5659424272893557   0.0015584171040324225
143.65   6   -0.5659516989661023   0.002045599659078591
159.02   7   -0.565968766316166   0.002589318783085614
174.11   8   -0.5659874395470252   0.0022599132551188706
190.63   9   -0.5660622935268078   0.005412308407997783
218.01   10   -0.5660973392478843   0.006875327633580689
248.06   11   -0.5662210485796069   0.26288332180849655
268.3   12   -0.5662223462104133   0.0033761323920363817
277.92   13   -0.5662246535406302   0.003710356939593909
287.58   14   -0.5662410045959431   0.0023425710939476187
297.68   15   -0.5662420794316549   0.22942997670869875
330.5   16   -0.5662484971397349   0.002703292451579072
349.36   17   -0.5662575948804446   0.003728331734517763
370.7   18   -0.5662696181318608   0.005174393583641342
392.0   19   -0.5663165757521944   0.0038723328475658743
408.36   20   -0.5663702799740439   0.0025634479184665723
424.32   21   -0.5663957433643124   0.0029793977592107424
434.5   22   -0.5664154886606376   0.00252118672989312
472.8   23   -0.5664468978785403   0.003780595559325061
483.79   24   -0.5664633953905844   0.0029654295845487244
500.56   25   -0.566544416425533   0.0032589197086854006
516.78   26   -0.5666111328679558   0.005337834210456626
528.83   27   -0.566652445180131   0.0022603387914934985
545.22   28   -0.5666835645188398   0.0023207841197447707
561.71   29   -0.5667153675045423   0.00396483253334609
578.48   30   -0.5667524026061346   0.0028066467321601354
595.81   31   -0.5667910647624135   0.0032566981518924597
612.33   32   -0.5668252358932174   0.004342371918132256
629.26   33   -0.5669454031589118   0.005223981483356087
641.55   34   -0.567073891322984   0.005475944214517278
659.41   35   -0.5672822950892633   0.007008587634100956
679.66   36   -0.567294619404077   0.00680229314938313
696.2   37   -0.5675294529256879   0.00485745186961044
708.07   38   -0.5675989099076907   0.004692700088062381
719.71   39   -0.567704993438446   0.003424066455748894
731.16   40   -0.567740240982897   0.0029179552202729083
748.46   41   -0.5677677584471451   0.001796780042492082
759.17   42   -0.5677932821223907   0.0027498470933866904
775.76   43   -0.5678218532003805   0.0018454744554947718
791.04   44   -0.5678374816089844   0.0013519677891561384
923.4   45   -0.5678425573187766   0.21657359257230827
1003.83   46   -0.5678420263304553   0.3538339644287428
1021.42   47   -0.5678419027175404   0.24808580995102755
1048.38   48   -0.5678421909666957   0.29076682765530876
1098.41   49   -0.5678428571414009   0.002487697103092522
1135.21   50   -0.56785691245414   0.289514002395695
1161.5   51   -0.5678568985027965   0.23986983597940106
1203.41   52   -0.5678564182999163   0.33436313528252815
1219.43   53   -0.5678560440292242   0.0021777303597216363
1235.36   54   -0.5678562592515857   0.26380266510247596
1268.11   55   -0.5678569726216628   0.0030710812809008198
1292.54   56   -0.5678569735674122   0.2927069361782078
1320.98   57   -0.5678569448883982   0.24594286125398557
1343.11   58   -0.5678570042953545   0.2877414245293153
1359.69   59   -0.5678570256670278   0.18349141827452717
1400.11   60   -0.5678566326528528   0.3494904062837089
1432.91   61   -0.5678567431066781   0.2469796035638817
1584.45   62   -0.5678565250924164   0.003686079906229114
1607.06   63   -0.5678565305342335   0.22319063683664864
1625.41   64   -0.5678575525436262   0.22229672263619296
1649.25   65   -0.5678640617912497   0.0023888208721710444
1678.45   66   -0.5678645978520276   0.35539094935137494
1760.95   67   -0.5678641770902346   0.2504084327246179
1790.94   68   -0.567864976105608   0.35137037939221416
1827.55   69   -0.5678653100982628   0.0014373740841513742
1846.0   70   -0.5678653167432408   0.2600320984083022
1857.93   71   -0.5678654030919105   0.24111551488963281
1879.52   72   -0.5678654009369642   0.0017234507733812554
1902.84   73   -0.5678654048890182   0.2973749280042288
2064.51   74   -0.5678648437613636   0.20563058068734774
2095.2   75   -0.5678643438866794   0.27179415546962443
2128.06   76   -0.5678641506379135   0.25741164965788943
2225.04   77   -0.567864110791052   0.21864484120278077
2268.91   78   -0.5678640142596003   0.2510494313496389
2298.33   79   -0.5678637648108323   0.2381993350364229
2342.89   80   -0.5678637383988883   0.22309318436530967
2359.85   81   -0.5678637383985828   0.35456592420472904
0.0   0   -0.5678637384004619   0.18217607199612476
639.03   1   -0.5678635472735498   0.36224218575137873
824.62   2   -0.5678630337446784   0.3306108819072789
884.77   3   -0.5678631314116311   0.29873946126013634
947.62   4   -0.567863448864708   0.28174927642616804
1208.15   5   -0.5678634614742144   0.23401954610917303
1268.7   6   -0.5678634715465656   0.2706098271423154
1330.63   7   -0.5678634830035775   0.0022957479274755828
1473.39   8   -0.5678634831527652   0.34117392914463
1918.88   9   -0.5678637247535827   0.002217977233067447
2133.77   10   -0.5678687703824458   0.0019744048981358924
2475.58   11   -0.5678705217143212   0.0046874350065985275
2567.06   12   -0.5678807727501514   0.0012040040466126884
2635.11   13   -0.567880952815388   0.22108635304481755
2697.5   14   -0.5678843480554326   0.2724798457994402
2841.8   15   -0.567884306720621   0.33655290278805816
3546.29   16   -0.567884306164445   0.0014180690065971411
3639.53   17   -0.5678843576303976   0.24030584609553315
3703.14   18   -0.5678845532414667   0.0021635411087886475
3794.38   19   -0.5678846261170285   0.002018406590000921
3854.68   20   -0.5678902128707124   0.0012286858891041273
3922.78   21   -0.5678920496908916   0.0011580174545284113
4259.97   22   -0.567894377800208   0.22774407427889065
4320.7   23   -0.5678944876780926   0.26282967315829253
4469.03   24   -0.567894051346086   0.227652224240661
4621.02   25   -0.567893483496255   0.0015545475451303335
4709.81   26   -0.5678938505686466   0.21118623961787034
4768.73   27   -0.5678937865657766   0.26180610050901715
4853.84   28   -0.5678939551866652   0.001026129441549001
4917.08   29   -0.5678943403663774   0.0013145947437471193
4981.58   30   -0.5678962300411745   0.0014765164388502324
5055.41   31   -0.5679006495327674   0.001468829530575825
5079.65   32   -0.5679028899395016   0.0012846715975940847
5105.16   33   -0.5679060575704032   0.0011901610580847897
5120.72   34   -0.56790719879415   0.0013314478566020214
5145.7   35   -0.5679122697573438   0.0017285188365795579
5176.21   36   -0.5679166751018556   0.0012022681508511923
5194.76   37   -0.5679184685285703   0.0009368445996590337
5210.34   38   -0.5679197674215849   0.0011467674995504608
5226.02   39   -0.5679214492471533   0.0009982404761018078
5247.11   40   -0.5679243331066534   0.001117600991350365
5267.97   41   -0.5679275835194614   0.0012766708978805034
5289.0   42   -0.5679326309415673   0.0013834856379824555
5308.33   43   -0.567939631233483   0.00105102057570937
5328.39   44   -0.5679483566430641   0.0015048898029911418
5350.89   45   -0.5679556240627497   0.0012489463800171086
5370.7   46   -0.5679652539889464   0.0012745608075284765
5390.43   47   -0.5679754964638245   0.0012657785962688283
5403.93   48   -0.5679847453098026   0.0014938789448255838
5425.49   49   -0.5680055716854578   0.0014956184231165628
5440.27   50   -0.5680137018187984   0.0024338982635714545
5460.86   51   -0.5680200827771424   0.0015229355026692589
5474.12   52   -0.5680239162349676   0.0017645493919399922
5496.56   53   -0.5680355174136089   0.0017930175178706793
5517.63   54   -0.5680470762083352   0.0023949345696179167
5538.67   55   -0.5680556678112945   0.002265735196545837
5560.47   56   -0.5680657324845367   0.0013281739770935007
5583.55   57   -0.5680800081683594   0.0017721055922123505
5597.77   58   -0.5680930541312763   0.002667420238153265
5620.0   59   -0.5681097479741162   0.002271103876828385
5644.91   60   -0.5681215020808484   0.002026741241254438
5661.53   61   -0.568126126350936   0.002516350094860961
5676.42   62   -0.5681390430788257   0.0023262823962778615
5700.55   63   -0.5681486081811108   0.0029141227842605553
5724.86   64   -0.5681568454792426   0.0016795004593965254
5749.99   65   -0.5681668276883278   0.0016017702963470938
5773.82   66   -0.5681749233856094   0.0016713929571417398
5797.49   67   -0.5681822923304142   0.2571572236979972
5934.05   68   -0.568182292258391   0.23419361764633576
6031.05   69   -0.5681819433303255   0.3126447268430578
6128.89   70   -0.5681817786684055   0.2734751647369232
6300.54   71   -0.5681812146788017   0.29736447930082277
6426.52   72   -0.5681806541886817   0.22304718780061422
6495.37   73   -0.568180640581106   0.24526620854462106
6573.96   74   -0.568180468603851   0.282546685784111
6670.87   75   -0.5681803943462507   0.3566226003261453
6784.26   76   -0.5681801202406667   0.28296115770718977
6832.7   77   -0.568180012170606   0.29312039457214534
6887.77   78   -0.5681799687316607   0.23262250684163086
6934.97   79   -0.568179968679374   0.3115031505185534
6964.51   80   -0.5681797396277778   0.2981482030870082
7087.7   81   -0.5681796053066349   0.21742446544675548
7132.13   82   -0.5681792865590467   0.20743158581835164
7252.38   83   -0.5681787188775732   0.26297777982886417
7394.22   84   -0.5681781507835526   0.22794806411206042
7518.88   85   -0.5681775974851033   0.22705459207489673
7547.99   86   -0.5681775093941697   0.29109275704789583
7604.88   87   -0.5681770708227529   0.22137455521299831
7770.91   88   -0.5681770516339241   0.24323292219920808
7858.08   89   -0.5681765676889244   0.2660368231791479
7904.29   90   -0.5681765237496036   0.21216285086559689
7936.81   91   -0.5681765327464906   0.24723186442812722
7957.32   92   -0.5681765326237523   0.28339392723161366
