0.0   0   -0.31925605048573324   0.226740034590319
2.84   1   -0.9925966425559274   0.11617828139315359
5.74   2   -1.0017396778976428   0.03064851209140697
9.76   3   -1.0026771657307834   0.0318580069615281
15.33   4   -1.0133738938677432   0.06708138314372306
18.19   5   -1.0151012828054804   0.03550014844583259
26.7   6   -1.0192279353100846   0.02791709007438717
29.64   7   -1.0201653642623443   0.008094595848326249
32.55   8   -1.0202240468996358   0.003749135890212611
38.41   9   -1.020332885595925   0.009098227273118178
42.79   10   -1.0206946547396119   0.00401059762494139
47.16   11   -1.0207202534997917   0.0008769056264986848
51.53   12   -1.0207255323790119   0.001774181484752446
56.92   13   -1.0207543002556096   0.002451284647736047
61.29   14   -1.0207694035937935   0.00016579299917419
64.98   15   -1.0207694337988062   0.00010323035207422822
72.08   16   -1.0207714311252014   0.0010092684689020212
77.47   17   -1.020781875888924   0.00015367516007220759
81.44   18   -1.0207823291586462   0.0002925844106893297
86.38   19   -1.020783789489433   0.0001274554891680913
90.05   20   -1.0207839145424942   7.422401716743604e-6
94.58   21   -1.0207839160822247   2.8503270295232775e-5
