0.0   0   -0.11093091153908027   0.06704033283310248
11.9   1   -0.13849817781363283   0.12451728166511487
28.72   2   -0.1451651045436612   0.3571285883377469
55.92   3   -0.16280400080471988   0.24470307303797806
66.37   4   -0.1633412384131933   0.2911472126889953
126.14   5   -0.16351801132158664   0.35859815088415353
207.65   6   -0.1635178836869397   0.33971850697983036
322.21   7   -0.16351784265521932   0.3264370850492666
402.18   8   -0.16351778421451327   0.24327708252492813
511.8   9   -0.16351770983536118   0.34173773203170044
612.49   10   -0.16351756891424973   0.2252512026025683
687.62   11   -0.16351744672382199   0.20549771733587952
735.54   12   -0.16351734936148601   0.33928087334491625
864.25   13   -0.16351731271862166   0.21800686697688207
872.56   14   -0.1635173129119895   0.27472358383393125
882.71   15   -0.16351773153115234   0.2676811778752059
927.71   16   -0.1638996650717905   0.2758087072364936
967.6   17   -0.169365126936819   0.3278135201046645
1128.43   18   -0.16936495783802852   0.4001780741178675
1172.98   19   -0.16936485967674128   0.3469036062837552
1267.86   20   -0.16936470272890455   0.4396631736090553
1322.65   21   -0.1693645351778952   0.3640644993843985
1332.7   22   -0.16936440277656065   0.4190824279163044
1342.45   23   -0.16936430039323805   0.40520698662512755
1366.83   24   -0.1693641311500296   0.41735284466047384
1405.24   25   -0.16936400539368437   0.29607676363908353
1415.33   26   -0.16936400666378776   0.3767079101289392
1450.08   27   -0.16936384126718243   0.3042487345746942
1460.42   28   -0.16936386939679476   0.3724254830397947
1583.36   29   -0.16936371295177047   0.38766840559347987
1608.28   30   -0.16936365514713814   0.3594370936610527
1629.31   31   -0.1693635226771013   0.4078236613568733
1668.5   32   -0.1693887915515665   0.31460124354481045
1696.44   33   -0.170101459293937   0.27993526561261295
1706.14   34   -0.17027828167054587   0.22652534875233843
1719.23   35   -0.17156296213145172   0.04030443884820196
1730.03   36   -0.18194935909285667   0.4002419571433031
1808.81   37   -0.19095199518316716   0.3082134608892995
1945.94   38   -0.1909518352751918   0.26710017091256805
2092.71   39   -0.19095166150343834   0.4252846966782552
2198.08   40   -0.19095154195145467   0.3127923217034613
2340.59   41   -0.1909513610993337   0.3479435948560224
2349.29   42   -0.19095135721426051   0.08227867475434429
2364.34   43   -0.1909525133432734   0.3318211328931083
2373.57   44   -0.19095835971872988   0.39137159198347443
2391.83   45   -0.19106575913277649   0.42261304094168844
2474.65   46   -0.1910655790592727   0.3274176036053187
2532.01   47   -0.1910655179216843   0.3330694964587047
2565.21   48   -0.19106545184194007   0.2929412652358203
2598.5   49   -0.19106541274837804   0.4433198266146441
2632.1   50   -0.19106535812794717   0.3209695939030466
2660.0   51   -0.191065246966366   0.26273017777660174
2696.1   52   -0.19106523716610285   0.31436228668907734
2788.76   53   -0.19106512882798052   0.4282511328803142
2894.02   54   -0.19106499059445062   0.3131601048649793
2903.18   55   -0.19106498279487164   0.39437649243467227
2949.79   56   -0.19106479519910943   0.28646789321286764
3013.01   57   -0.19106468691482384   0.39297503503918896
3088.55   58   -0.19106450068470685   0.30853912988412213
3123.44   59   -0.1910644349255502   0.3857178721533453
3153.35   60   -0.19106442355011238   0.30572603368945755
3210.94   61   -0.1910643777802695   0.2897522633549437
3283.92   62   -0.1910643612072591   0.3630838484107086
3354.45   63   -0.19106424258166485   0.30044118301027484
3407.67   64   -0.19106406333739293   0.29425501110370966
3480.91   65   -0.1910640523006467   0.08129115158466137
3489.34   66   -0.1910640537516971   0.31023886839906456
3502.09   67   -0.1910643942828185   0.30947069814439654
3511.12   68   -0.1910645583775182   0.39374856864780994
3524.48   69   -0.19107612324289214   0.33066269827848477
3533.22   70   -0.1910780451560496   0.30966184325401
3554.8   71   -0.19107798084219468   0.2512045787339547
3635.37   72   -0.1910777941928389   0.2869827275479508
3657.51   73   -0.19107772280645222   0.31052677683748225
3666.02   74   -0.1910777678894397   0.35631940456343564
3674.75   75   -0.1910777873134001   0.3650767370746448
3683.59   76   -0.19107804044906304   0.3393857217028306
3696.54   77   -0.19390666704215986   0.23289470710403445
3820.4   78   -0.19390653189101903   0.04794025809952339
3850.44   79   -0.19464334914971784   0.056196453248078766
4030.77   80   -0.19465600911107644   0.3207742369062332
4105.93   81   -0.19465590316526793   0.2851504118772725
4113.71   82   -0.19465597459707923   0.3314141458910486
4121.34   83   -0.19466095236527298   0.3020649277517539
4128.77   84   -0.19466282555387288   0.3191909469348968
4136.07   85   -0.19470360961575509   0.310120004459815
4148.06   86   -0.1950399287741412   0.2975672343756448
4159.5   87   -0.19547306641444592   0.291328121844625
4216.18   88   -0.1954728783896926   0.26401331535979194
4324.11   89   -0.19547268313269955   0.3438901590770966
4376.32   90   -0.19547251402733554   0.07400669989736286
4392.18   91   -0.19547665540206455   0.2805915133237819
4431.2   92   -0.19547803187761426   0.33685815178778117
4442.79   93   -0.1955915425273153   0.31342810841544055
4484.11   94   -0.19559138314474672   0.07368234348415041
4514.15   95   -0.19806476142444912   0.03980631077917043
4525.99   96   -0.24974955612597632   0.361240985006024
4532.92   97   -0.25997694319277115   0.08415999085380106
4539.68   98   -0.2914547513005365   0.02254215553033601
4550.63   99   -0.29657785780618895   0.01726028372690326
4561.07   100   -0.2999806235709048   0.01323383244004248
0.0   0   -0.2999806235709478   0.04014576981618549
12.06   1   -0.30060201090808625   0.03454505351934986
26.35   2   -0.3014388687575161   0.02759742406597687
41.89   3   -0.3030516318680465   0.030220723004671626
56.98   4   -0.308337140442538   0.05676231738820633
80.38   5   -0.3106091420499949   0.05875035258675535
94.57   6   -0.3147610225862794   0.04893875017294476
108.55   7   -0.3215640494449381   0.02310168842737135
117.42   8   -0.3234597761656991   0.013900955241152452
126.22   9   -0.3236555509037494   0.3407264225929406
145.09   10   -0.3236568883667788   0.004539159500811729
158.48   11   -0.3236958241458496   0.004508737128310424
168.02   12   -0.32371171018434697   0.003038821431273715
181.46   13   -0.32379611150363263   0.005052714693966969
195.95   14   -0.32397014232194266   0.005996967793551594
210.76   15   -0.3240971681099515   0.0019520119088694084
224.82   16   -0.3241434929738305   0.0019698247840004668
239.1   17   -0.3241990568949905   0.0023633229317955233
253.42   18   -0.3242637773163616   0.0013706338526046145
267.47   19   -0.3242984542905318   0.002370750841752977
282.02   20   -0.32437371860975256   0.0023829748888096413
296.92   21   -0.3244201399129624   0.0018960524393909141
317.25   22   -0.32455856618937906   0.0033951804456640415
326.52   23   -0.324605219614679   0.003902359851387661
336.46   24   -0.32464849064634327   0.0020932871834286027
350.43   25   -0.3246732833434001   0.0033028753675076873
365.27   26   -0.32473930086443553   0.0032257021102845024
396.55   27   -0.3248216181079559   0.0013866301548497658
412.24   28   -0.3248570201045664   0.002708862647041341
427.54   29   -0.32492359480436805   0.0025508275780043534
448.05   30   -0.3249516704249869   0.002312048683480998
832.6   31   -0.32496162037606674   0.00351384438293418
842.49   32   -0.3250446223512897   0.0018916568164838647
856.44   33   -0.325056928599878   0.0012677881504845694
869.74   34   -0.32508209309254377   0.001766535828388083
884.44   35   -0.3250973246347574   0.0011280340288725044
894.42   36   -0.32510224697423296   0.0006043146288591817
907.84   37   -0.3251088338993023   0.0009962502340133711
921.52   38   -0.3251168870695817   0.001165460060416504
935.08   39   -0.3251213605473875   0.000687700270046425
948.76   40   -0.32512481424522605   0.000636183204580781
963.04   41   -0.3251303794439781   0.0008744140637865045
976.88   42   -0.3251369695160161   0.0006284180041290983
986.47   43   -0.325140746443046   0.0006591261654596401
1001.2   44   -0.3251430774912325   0.000407805247842781
1019.79   45   -0.3251485723744987   0.0004633902222661318
1029.68   46   -0.32514890538438246   0.00043082991516387494
1049.25   47   -0.3251525728725451   0.0007511494836407655
1064.42   48   -0.3251556061112756   0.0008144754094505476
1083.13   49   -0.3251603455668022   0.00041742482437733143
1111.75   50   -0.3251624266537531   0.0004410173204666386
1125.7   51   -0.3251652345987287   0.2940690140984942
1171.12   52   -0.3251652415545127   0.00039634137002564
1179.73   53   -0.32516592016545753   0.00023848901132570092
1188.34   54   -0.32516668843675806   0.0003196763099786403
1196.62   55   -0.32516746744582953   0.0003156287709064248
1210.33   56   -0.3251683851561894   0.0005457772395940961
1223.11   57   -0.3251691836432483   0.0004724262325178467
1235.61   58   -0.3251699223347129   0.00019205831570109994
1248.97   59   -0.3251703308565115   0.32694171529626964
1262.02   60   -0.32517048306086793   0.0001709716820596625
1274.85   61   -0.3251705422295482   0.00028888919948742063
1287.33   62   -0.32517085609146884   0.00024000380171890315
1296.47   63   -0.325171079308218   0.0002458401078835283
1309.06   64   -0.3251717661201844   0.00037850712487234075
1326.08   65   -0.3251721252739602   0.0003111430060333652
1338.79   66   -0.32517288428848135   0.00029118404277653865
1352.66   67   -0.32517352052578646   0.00021771615508381836
1365.15   68   -0.32517393563754565   0.00015989719820214279
1377.16   69   -0.32517457093286495   0.00018984230899722157
1385.32   70   -0.32517483897358007   0.00026774842619587265
0.0   0   -0.32517483897369254   0.00032819183627655823
31.51   1   -0.3251749520178209   0.00026191088901091476
69.22   2   -0.3251750875549695   0.0002151517737688995
119.92   3   -0.3251754241228096   0.00030086865100469425
157.99   4   -0.3251756571322165   0.00022736197190425026
195.8   5   -0.32517585822471323   0.00022461753166795045
236.02   6   -0.3251760823233254   0.000296503919271911
278.64   7   -0.3251764043714369   0.0001819386842396474
317.22   8   -0.32517655401189177   0.00022050117286422246
367.72   9   -0.3251770269893062   0.00022527726304696604
395.87   10   -0.3251772316301735   0.00011769651482514438
469.24   11   -0.3251774256824106   0.00017654503766870684
513.25   12   -0.32517790512420996   0.00010641461496071451
561.81   13   -0.32517860774240814   0.00030615109144307414
596.97   14   -0.32517895592172086   0.00017594202369954764
640.62   15   -0.3251793286808081   9.666836141968639e-5
676.41   16   -0.3251797616834271   0.000121647156130197
719.05   17   -0.3251800773070078   0.33220151085462823
755.63   18   -0.3251800426382899   0.0001232153233132613
784.43   19   -0.32518007776758073   0.4212230446089844
2048.31   20   -0.3251799392302202   0.28889183289264236
2202.18   21   -0.3251799357694978   0.000234939373548406
2363.27   22   -0.32517985741881594   0.0002172421150723064
2805.43   23   -0.3251797691831108   0.4278997424792906
