0.0   0   -0.10724436784222592   0.011302427835552038
502.34   1   -0.1611439488818566   0.06630138092051277
1011.1   2   -0.1701392644272767   0.1039611992868168
1501.92   3   -0.25910116637484   0.03716168250549567
2003.85   4   -0.28198116769936044   0.03203829051135974
2493.25   5   -0.2909164568125284   0.0225988943224526
2984.26   6   -0.29971631068414695   0.008462624256318423
3295.2   7   -0.30227744855264843   0.007645194897580187
3794.12   8   -0.30593447901251664   0.013448867351855753
4106.53   9   -0.30786483575491064   0.016967388317401556
4394.93   10   -0.310703053567705   0.012182201326643625
4814.93   11   -0.3131384746192777   0.006708971440054868
5266.47   12   -0.3147884018403199   0.0114513158253193
5590.27   13   -0.3174106497818331   0.016566203858269124
5886.83   14   -0.3196445322106826   0.015314309958597155
6206.79   15   -0.32318449700739493   0.00483691292579802
6501.67   16   -0.3236788191194495   0.002463027830706261
6940.58   17   -0.3237921366361037   0.0022720312737219955
7377.68   18   -0.324006993195327   0.002182892122378556
7849.62   19   -0.3242194642433287   0.001890557002538154
8131.07   20   -0.3243095260724856   0.0011059277483549516
8323.9   21   -0.3243724890308923   0.0007621188995229064
8419.95   22   -0.32439891715427893   0.0008106515673677496
8560.36   23   -0.3244659423633591   0.0009117845680273155
8664.64   24   -0.3245773807461524   0.0010219904658891627
8765.2   25   -0.32466767984727674   0.0014610827181813868
8871.7   26   -0.3247480623981006   0.0012955482249161062
8977.5   27   -0.324843797876877   0.0010147006958380858
9080.72   28   -0.32490111578285885   0.0009957856977885536
9138.09   29   -0.32495920566434455   0.0007230453391154595
9235.7   30   -0.32507098986501687   0.0009057278270528206
9331.99   31   -0.3251586954516077   0.0006146374423187329
9421.33   32   -0.3252313610132107   0.0007546690579359576
9479.11   33   -0.3252641028532439   0.0007865418046918232
9567.26   34   -0.32532187434470944   0.0011213734926766978
9657.0   35   -0.325370828962083   0.0008320902745878166
9748.87   36   -0.3254178894273231   0.000503262751861495
9842.76   37   -0.3254529866242757   0.0005491138915282181
9899.4   38   -0.32546678910823235   0.00043757844367268544
9988.32   39   -0.32548634694486017   0.00048431368932834375
10068.54   40   -0.325508701882293   0.0005882094805947868
10146.09   41   -0.3255291814891577   0.0004458101055452416
10195.38   42   -0.32553496049677105   0.0002761279460408589
10270.42   43   -0.3255406002785044   0.00023742031545208325
10344.17   44   -0.3255495610688595   0.000511174862966302
10422.52   45   -0.325564123264348   0.00043441789047232287
10494.8   46   -0.3255742867243363   0.0003314813662741327
10572.32   47   -0.32558257946529623   0.0005853978416603689
10656.28   48   -0.3256140704538097   0.0005749904373199138
10731.45   49   -0.32562301337769045   0.0003077768615203207
10799.58   50   -0.3256281135410506   0.000277908599319002
10901.16   51   -0.32564387512315296   0.0003932372054038467
10951.97   52   -0.3256501912780919   0.0002598240419310469
11023.68   53   -0.32565667850154145   0.00021149016632685203
11087.44   54   -0.3256686592562038   0.00029808239470327535
11133.16   55   -0.3256747310487682   0.0002224886668392374
11201.58   56   -0.3256791559852842   0.0002584863442405823
11267.84   57   -0.3256832968933827   0.00018830794648245616
11313.9   58   -0.3256908566914313   0.00018616473391374851
11380.69   59   -0.3256974853248221   0.00028859873548375625
11456.77   60   -0.32570459963876774   0.0002537384027211007
11530.81   61   -0.3257099252811139   0.00018196934798584918
11597.62   62   -0.32571394564701983   0.00033010141349905896
11665.68   63   -0.3257206045268308   0.00031221741859264893
11726.93   64   -0.3257251692937198   0.00024568206900149283
11791.41   65   -0.32573078470651723   0.00020757054070671117
11857.01   66   -0.3257358673990892   0.000292252896168708
11929.88   67   -0.32574112754242807   0.000274109437437622
11972.56   68   -0.32574392008167186   0.0002506722169836877
12037.54   69   -0.32574683664851134   0.00018034857855704455
12092.49   70   -0.32574984124105666   0.00020017978154941406
12147.22   71   -0.3257595608631287   0.00026698925476033726
12184.99   72   -0.3257648566557815   0.0003101758287239458
12241.56   73   -0.3257682035352644   0.00018207242676793184
12298.71   74   -0.32577172907122026   0.00023411678793840076
12363.86   75   -0.3257764344309749   0.00026571305940487744
12426.82   76   -0.32577988228924676   0.00021187665246975433
12489.7   77   -0.3257827603569443   0.00014927808284385648
12556.21   78   -0.32578586881328364   0.00020610273065873718
12625.52   79   -0.3257896843463943   0.0001412982609135467
12692.49   80   -0.3257924725665869   0.00021922433148912647
12752.68   81   -0.3257949176110603   0.0001987874959305312
12815.27   82   -0.32579740914477573   0.00016579946334325526
12880.29   83   -0.3258001905713988   0.00015015788207038615
12944.36   84   -0.3258021642273745   0.0002700008999465376
13005.56   85   -0.3258038703593129   0.00017654101554055618
13066.62   86   -0.3258055466270876   0.00012533572906513155
13126.36   87   -0.32580895404255095   0.0001488128865002725
13186.33   88   -0.3258114694885691   0.0002913165163364047
13244.32   89   -0.3258146157889117   0.00016123347687646436
13302.91   90   -0.3258172521309499   0.00012592490113535378
13341.15   91   -0.32581864594286547   0.00027206495120763287
13400.17   92   -0.3258211938381457   0.0001448507024178487
13457.73   93   -0.32582413758705564   0.00018440985520944538
13523.61   94   -0.3258261818537499   0.0001538593728719949
13584.33   95   -0.32582778082201796   8.780838462112337e-5
13660.11   96   -0.32582922181933993   0.0002824003914425244
13722.62   97   -0.3258314715874919   0.00011908873393371442
13792.87   98   -0.3258331493601888   0.0001238819810820253
13852.13   99   -0.325834828231224   0.00012806095358618922
13903.06   100   -0.32583700339750404   0.00015267377003715937
